10	37.5539
10.1	37.5539
10.199999999999999	37.5539
10.299999999999999	37.5539
10.399999999999999	37.6337
10.499999999999998	38.5269
10.599999999999998	38.5269
10.699999999999998	38.5269
10.799999999999997	38.5269
10.899999999999997	38.5269
10.999999999999996	39.5012
11.099999999999996	39.5012
11.199999999999996	39.5012
11.299999999999995	39.5012
11.399999999999995	39.5012
11.499999999999995	40.4768
11.599999999999994	40.4768
11.699999999999994	40.4768
11.799999999999994	40.4768
11.899999999999993	40.4768
11.999999999999993	41.4294
12.099999999999993	41.4535
12.199999999999992	41.4535
12.299999999999992	41.4535
12.399999999999991	41.4535
12.499999999999991	41.4535
12.599999999999991	42.4313
12.69999999999999	42.4313
12.79999999999999	42.4313
12.89999999999999	42.4313
12.999999999999989	42.4313
13.099999999999989	43.2485
13.199999999999989	43.4101
13.299999999999988	43.4101
13.399999999999988	43.4101
13.499999999999988	43.4101
13.599999999999987	43.4101
13.699999999999987	44.3899
13.799999999999986	44.3899
13.899999999999986	44.3899
13.999999999999986	44.3899
14.099999999999985	44.3899
14.199999999999985	44.3899
14.299999999999985	45.3705
14.399999999999984	45.3705
14.499999999999984	45.3705
14.599999999999984	45.3705
14.699999999999983	45.3705
14.799999999999983	45.3705
14.899999999999983	46.352
14.999999999999982	46.352
15.099999999999982	46.352
15.199999999999982	46.352
15.299999999999981	46.352
15.399999999999981	46.352
15.49999999999998	47.3342
15.59999999999998	47.3342
15.69999999999998	47.3342
15.799999999999979	47.3342
15.899999999999979	47.3342
15.999999999999979	47.3342
16.09999999999998	48.2343
16.199999999999982	48.3171
16.299999999999983	48.3171
16.399999999999984	48.3171
16.499999999999986	48.3171
16.599999999999987	48.3171
16.699999999999989	48.3171
16.79999999999999	49.3008
16.899999999999991	49.3008
16.999999999999993	49.3008
17.099999999999994	49.3008
17.199999999999996	49.3008
17.299999999999997	49.3008
17.399999999999999	50.2652
17.5	50.285
17.600000000000001	50.285
17.700000000000003	50.285
17.800000000000004	50.285
17.900000000000006	50.285
18.000000000000007	50.285
18.100000000000009	51.2699
18.20000000000001	51.2699
18.300000000000011	51.2699
18.400000000000013	51.2699
18.500000000000014	51.2699
18.600000000000016	51.2699
18.700000000000017	51.2699
18.800000000000018	52.2554
18.90000000000002	52.2554
19.000000000000021	52.2554
19.100000000000023	52.2554
19.200000000000024	52.2554
19.300000000000026	52.2554
19.400000000000027	52.7127
19.500000000000028	53.2414
19.60000000000003	53.2414
19.700000000000031	53.2414
19.800000000000033	53.2414
19.900000000000034	53.2414
20.000000000000036	53.2414
20.100000000000037	54.191
20.200000000000038	54.191
20.30000000000004	54.191
20.400000000000041	54.191
20.500000000000043	54.191
20.600000000000044	54.191
20.700000000000045	54.191
20.800000000000047	27.0955
20.900000000000048	27.0955
21.00000000000005	27.0955
21.100000000000051	27.0955
21.200000000000053	27.0955
21.300000000000054	27.0955
21.400000000000055	27.0955
21.500000000000057	27.0955
21.600000000000058	28.0392
21.70000000000006	28.0392
21.800000000000061	28.0392
21.900000000000063	28.3939
22.000000000000064	29.0213
22.100000000000065	29.0213
22.200000000000067	29.0213
22.300000000000068	29.0901
22.40000000000007	30.0045
22.500000000000071	30.0045
22.600000000000072	30.0045
22.700000000000074	30.0045
22.800000000000075	30.9887
22.900000000000077	30.9887
23.000000000000078	30.9887
23.10000000000008	30.9887
23.200000000000081	31.9426
23.300000000000082	31.9426
23.400000000000084	31.9426
23.500000000000085	31.9426
23.600000000000087	32.8992
23.700000000000088	32.8992
23.80000000000009	32.8992
23.900000000000091	32.8992
24.000000000000092	33.3523
24.100000000000094	33.8584
24.200000000000095	33.8584
24.300000000000097	33.8584
24.400000000000098	33.8584
24.500000000000099	34.8198
24.600000000000101	34.8198
24.700000000000102	34.8198
24.800000000000104	34.8198
24.900000000000105	34.8198
25.000000000000107	35.7833
25.100000000000108	35.7833
25.200000000000109	35.7833
25.300000000000111	35.7833
25.400000000000112	36.6943
25.500000000000114	36.7487
25.600000000000115	36.7487
25.700000000000117	36.7487
25.800000000000118	36.7487
25.900000000000119	37.6895
26.000000000000121	37.716
26.100000000000122	37.716
26.200000000000124	37.716
26.300000000000125	37.716
26.400000000000126	38.659
26.500000000000128	38.6849
26.600000000000129	38.6849
26.700000000000131	38.6849
26.800000000000132	38.6849
26.900000000000134	39.4784
27.000000000000135	39.6553
27.100000000000136	39.6553
27.200000000000138	39.6553
27.300000000000139	39.6553
27.400000000000141	39.6553
27.500000000000142	40.6272
27.600000000000144	40.6272
27.700000000000145	40.6272
27.800000000000146	40.6272
27.900000000000148	40.6272
28.000000000000149	41.6004
28.100000000000151	41.6004
28.200000000000152	41.6004
28.300000000000153	41.6004
28.400000000000155	41.6004
28.500000000000156	41.6004
28.600000000000158	42.5748
28.700000000000159	42.5748
28.800000000000161	42.5748
28.900000000000162	42.5748
29.000000000000163	42.5748
29.100000000000165	43.5504
29.200000000000166	43.5504
29.300000000000168	43.5504
29.400000000000169	43.5504
29.500000000000171	43.5504
29.600000000000172	43.5504
29.700000000000173	44.5271
29.800000000000175	44.5271
29.900000000000176	44.5271
30.000000000000178	44.5271
30.100000000000179	44.5271
30.20000000000018	44.5271
30.300000000000182	45.5048
30.400000000000183	45.5048
30.500000000000185	45.5048
30.600000000000186	45.5048
30.700000000000188	45.5048
30.800000000000189	45.5048
30.90000000000019	46.4834
31.000000000000192	46.4834
31.100000000000193	46.4834
31.200000000000195	46.4834
31.300000000000196	46.4834
31.400000000000198	46.4834
31.500000000000199	47.4629
31.6000000000002	47.4629
31.700000000000202	47.4629
31.800000000000203	47.4629
31.900000000000205	47.4629
32.000000000000206	47.4629
32.100000000000207	48.4432
32.200000000000209	48.4432
32.30000000000021	48.4432
32.400000000000212	48.4432
32.500000000000213	48.4432
32.600000000000215	48.4432
32.700000000000216	48.4432
32.800000000000217	49.4244
32.900000000000219	49.4244
33.00000000000022	49.4244
33.100000000000222	49.4244
33.200000000000223	49.4244
33.300000000000225	49.4244
33.400000000000226	50.4062
33.500000000000227	50.4062
33.600000000000229	50.4062
33.70000000000023	50.4062
33.800000000000232	50.4062
33.900000000000233	50.4062
34.000000000000234	50.4062
34.100000000000236	51.3888
34.200000000000237	51.3888
34.300000000000239	51.3888
34.40000000000024	51.3888
34.500000000000242	51.3888
34.600000000000243	51.3888
34.700000000000244	52.3338
34.800000000000246	52.372
34.900000000000247	52.372
35.000000000000249	52.372
35.10000000000025	52.372
35.200000000000252	52.372
35.300000000000253	52.372
35.400000000000254	53.3558
35.500000000000256	53.3558
35.600000000000257	53.3558
35.700000000000259	53.3558
35.80000000000026	53.3558
35.900000000000261	53.3558
36.000000000000263	53.3558
36.100000000000264	54.3034
36.200000000000266	54.3034
36.300000000000267	54.3034
36.400000000000269	54.3034
36.50000000000027	54.3034
36.600000000000271	54.3034
36.700000000000273	54.3034
36.800000000000274	27.1517
36.900000000000276	27.1517
37.000000000000277	27.1517
37.100000000000279	27.1517
37.20000000000028	27.1517
37.300000000000281	27.1517
37.400000000000283	27.1517
37.500000000000284	28.0223
37.600000000000286	28.0936
37.700000000000287	28.0936
37.800000000000288	28.0936
37.90000000000029	29.0393
38.000000000000291	29.0738
38.100000000000293	29.0738
38.200000000000294	29.0738
38.300000000000296	30.0219
38.400000000000297	30.0552
38.500000000000298	30.0552
38.6000000000003	30.0552
38.700000000000301	30.941
38.800000000000303	31.0379
38.900000000000304	31.0379
39.000000000000306	31.0379
39.100000000000307	31.0379
39.200000000000308	32.0216
39.30000000000031	32.0216
39.400000000000311	32.0216
39.500000000000313	32.0216
39.600000000000314	33.0062
39.700000000000315	33.0062
39.800000000000317	33.0062
39.900000000000318	33.0062
40.00000000000032	33.0062
40.100000000000321	33.9918
40.200000000000323	33.9918
40.300000000000324	33.9918
40.400000000000325	33.9918
40.500000000000327	34.9495
40.600000000000328	34.9495
40.70000000000033	34.9495
40.800000000000331	34.9495
40.900000000000333	34.9495
41.000000000000334	35.9095
41.100000000000335	35.9095
41.200000000000337	35.9095
41.300000000000338	35.9095
41.40000000000034	35.9095
41.500000000000341	36.8717
41.600000000000342	36.8717
41.700000000000344	36.8717
41.800000000000345	36.8717
41.900000000000347	37.6768
42.000000000000348	37.8358
42.10000000000035	37.8358
42.200000000000351	37.8358
42.300000000000352	37.8358
42.400000000000354	38.569
42.500000000000355	38.8017
42.600000000000357	38.8017
42.700000000000358	38.8017
42.80000000000036	38.8017
42.900000000000361	38.8017
43.000000000000362	39.7693
43.100000000000364	39.7693
43.200000000000365	39.7693
43.300000000000367	39.7693
43.400000000000368	39.7693
43.500000000000369	40.7384
43.600000000000371	40.7384
43.700000000000372	40.7384
43.800000000000374	40.7384
43.900000000000375	40.7384
44.000000000000377	41.709
44.100000000000378	41.709
44.200000000000379	41.709
44.300000000000381	41.709
44.400000000000382	41.709
44.500000000000384	41.709
44.600000000000385	42.681
44.700000000000387	42.681
44.800000000000388	42.681
44.900000000000389	42.681
45.000000000000391	42.681
45.100000000000392	43.6313
45.200000000000394	43.6542
45.300000000000395	43.6542
45.400000000000396	43.6542
45.500000000000398	43.6542
45.600000000000399	43.6542
45.700000000000401	44.6286
45.800000000000402	44.6286
45.900000000000404	44.6286
46.000000000000405	44.6286
46.100000000000406	44.6286
46.200000000000408	44.6286
46.300000000000409	45.6041
46.400000000000411	45.6041
46.500000000000412	45.6041
46.600000000000414	45.6041
46.700000000000415	45.6041
46.800000000000416	45.6041
46.900000000000418	46.5806
47.000000000000419	46.5806
47.100000000000421	46.5806
47.200000000000422	46.5806
47.300000000000423	46.5806
47.400000000000425	46.5806
47.500000000000426	47.5581
47.600000000000428	47.5581
47.700000000000429	47.5581
47.800000000000431	47.5581
47.900000000000432	47.5581
48.000000000000433	47.5581
48.100000000000435	48.5159
48.200000000000436	48.5365
48.300000000000438	48.5365
48.400000000000439	48.5365
48.500000000000441	48.5365
48.600000000000442	48.5365
48.700000000000443	48.5365
48.800000000000445	49.5158
48.900000000000446	49.5158
49.000000000000448	49.5158
49.100000000000449	49.5158
49.20000000000045	49.5158
49.300000000000452	49.5158
49.400000000000453	50.4959
49.500000000000455	50.4959
49.600000000000456	50.4959
49.700000000000458	50.4959
49.800000000000459	50.4959
49.90000000000046	50.4959
50.000000000000462	50.4959
50.100000000000463	51.4767
50.200000000000465	51.4767
50.300000000000466	51.4767
50.400000000000468	51.4767
50.500000000000469	51.4767
50.60000000000047	51.4767
50.700000000000472	51.5932
50.800000000000473	52.4583
50.900000000000475	52.4583
51.000000000000476	52.4583
51.100000000000477	52.4583
51.200000000000479	52.4583
51.30000000000048	52.4583
51.400000000000482	53.3844
51.500000000000483	53.4406
51.600000000000485	53.4406
51.700000000000486	53.4406
51.800000000000487	53.4406
51.900000000000489	53.4406
52.00000000000049	53.4406
52.100000000000492	54.3867
52.200000000000493	54.3867
52.300000000000495	54.3867
52.400000000000496	54.3867
52.500000000000497	54.3867
52.600000000000499	54.3867
52.7000000000005	54.3867
52.800000000000502	27.1933
52.900000000000503	27.1933
53.000000000000504	27.1933
53.100000000000506	27.1933
53.200000000000507	27.1933
53.300000000000509	27.1933
53.40000000000051	27.1933
53.500000000000512	27.1933
53.600000000000513	28.1338
53.700000000000514	28.1338
53.800000000000516	28.1338
53.900000000000517	29.0438
54.000000000000519	29.1126
54.10000000000052	29.1126
54.200000000000522	29.1126
54.300000000000523	29.9595
54.400000000000524	30.0928
54.500000000000526	30.0928
54.600000000000527	30.0928
54.700000000000529	30.0928
54.80000000000053	31.0743
54.900000000000531	31.0743
55.000000000000533	31.0743
55.100000000000534	31.0743
55.200000000000536	32.0569
55.300000000000537	32.0569
55.400000000000539	32.0569
55.50000000000054	32.0569
55.600000000000541	33.0102
55.700000000000543	33.0405
55.800000000000544	33.0405
55.900000000000546	33.0405
56.000000000000547	33.0405
56.100000000000549	34.025
56.20000000000055	34.025
56.300000000000551	34.025
56.400000000000553	34.025
56.500000000000554	34.9532
56.600000000000556	35.0104
56.700000000000557	35.0104
56.800000000000558	35.0104
56.90000000000056	35.0104
57.000000000000561	35.9966
57.100000000000563	35.9966
57.200000000000564	35.9966
57.300000000000566	35.9966
57.400000000000567	35.9966
57.500000000000568	36.9565
57.60000000000057	36.9565
57.700000000000571	36.9565
57.800000000000573	36.9565
57.900000000000574	36.9565
58.000000000000576	37.9185
58.100000000000577	37.9185
58.200000000000578	37.9185
58.30000000000058	37.9185
58.400000000000581	37.9185
58.500000000000583	38.8823
58.600000000000584	38.8823
58.700000000000585	38.8823
58.800000000000587	38.8823
58.900000000000588	38.8823
59.00000000000059	39.848
59.100000000000591	39.848
59.200000000000593	39.848
59.300000000000594	39.848
59.400000000000595	39.848
59.500000000000597	40.7907
59.600000000000598	40.8152
59.7000000000006	40.8152
59.800000000000601	40.8152
59.900000000000603	40.8152
60.000000000000604	40.8152
60.100000000000605	41.7841
60.200000000000607	41.7841
60.300000000000608	41.7841
60.40000000000061	41.7841
60.500000000000611	41.7841
60.600000000000612	42.7543
60.700000000000614	42.7543
60.800000000000615	42.7543
60.900000000000617	42.7543
61.000000000000618	42.7543
61.10000000000062	42.7543
61.200000000000621	43.7259
61.300000000000622	43.7259
61.400000000000624	43.7259
61.500000000000625	43.7259
61.600000000000627	43.7259
61.700000000000628	44.1131
61.80000000000063	44.6987
61.900000000000631	44.6987
62.000000000000632	44.6987
62.100000000000634	44.6987
62.200000000000635	44.6987
62.300000000000637	45.6289
62.400000000000638	45.6727
62.500000000000639	45.6727
62.600000000000641	45.6727
62.700000000000642	45.6727
62.800000000000644	45.6727
62.900000000000645	46.6049
63.000000000000647	46.6478
63.100000000000648	46.6478
63.200000000000649	46.6478
63.300000000000651	46.6478
63.400000000000652	46.6478
63.500000000000654	46.819
63.600000000000655	47.6239
63.700000000000657	47.6239
63.800000000000658	47.6239
63.900000000000659	47.6239
64.000000000000654	47.6239
64.100000000000648	47.6239
64.200000000000642	48.601
64.300000000000637	48.601
64.400000000000631	48.601
64.500000000000625	48.601
64.60000000000062	48.601
64.700000000000614	48.601
64.800000000000608	49.579
64.900000000000603	49.579
65.000000000000597	49.579
65.100000000000591	49.579
65.200000000000585	49.579
65.30000000000058	49.579
65.400000000000574	49.579
65.500000000000568	50.5579
65.600000000000563	50.5579
65.700000000000557	50.5579
65.800000000000551	50.5579
65.900000000000546	50.5579
66.00000000000054	50.5579
66.100000000000534	51.5375
66.200000000000529	51.5375
66.300000000000523	51.5375
66.400000000000517	51.5375
66.500000000000512	51.5375
66.600000000000506	51.5375
66.7000000000005	51.5375
66.800000000000495	52.518
66.900000000000489	52.518
67.000000000000483	52.518
67.100000000000477	52.518
67.200000000000472	52.518
67.300000000000466	52.518
67.40000000000046	52.518
67.500000000000455	53.4991
67.600000000000449	53.4991
67.700000000000443	53.4991
67.800000000000438	53.4991
67.900000000000432	53.4991
68.000000000000426	53.4991
68.100000000000421	53.4991
68.200000000000415	54.4442
68.300000000000409	54.4442
68.400000000000404	54.4442
68.500000000000398	54.4442
68.600000000000392	54.4442
68.700000000000387	54.4442
68.800000000000381	54.4442
68.900000000000375	27.2221
69.000000000000369	27.2221
69.100000000000364	27.2221
69.200000000000358	27.2221
69.300000000000352	27.2221
69.400000000000347	27.2221
69.500000000000341	27.2221
69.600000000000335	28.1261
69.70000000000033	28.1261
69.800000000000324	28.1261
69.900000000000318	28.1261
70.000000000000313	29.1052
70.100000000000307	29.1052
70.200000000000301	29.1052
70.300000000000296	29.1052
70.40000000000029	30.0856
70.500000000000284	30.0856
70.600000000000279	30.0856
70.700000000000273	30.0856
70.800000000000267	31.0673
70.900000000000261	31.0673
71.000000000000256	31.0673
71.10000000000025	31.0673
71.200000000000244	32.0501
71.300000000000239	32.0501
71.400000000000233	32.0501
71.500000000000227	32.0501
71.600000000000222	32.0501
71.700000000000216	33.0339
71.80000000000021	33.0339
71.900000000000205	33.0339
72.000000000000199	33.0339
72.100000000000193	34.0186
72.200000000000188	34.0186
72.300000000000182	34.0186
72.400000000000176	34.0186
72.500000000000171	34.0186
72.600000000000165	35.0042
72.700000000000159	35.0042
72.800000000000153	35.0042
72.900000000000148	35.0042
73.000000000000142	35.0042
73.100000000000136	35.9906
73.200000000000131	35.9906
73.300000000000125	35.9906
73.400000000000119	35.9906
73.500000000000114	36.9235
73.600000000000108	36.9506
73.700000000000102	36.9506
73.800000000000097	36.9506
73.900000000000091	36.9506
74.000000000000085	37.8863
74.10000000000008	37.9127
74.200000000000074	37.9127
74.300000000000068	37.9127
74.400000000000063	37.9127
74.500000000000057	38.851
74.600000000000051	38.8767
74.700000000000045	38.8767
74.80000000000004	38.8767
74.900000000000034	38.8767
75.000000000000028	39.2353
75.100000000000023	39.8425
75.200000000000017	39.8425
75.300000000000011	39.8425
75.400000000000006	39.8425
75.5	39.8425
75.599999999999994	40.8099
75.699999999999989	40.8099
75.799999999999983	40.8099
75.899999999999977	40.8099
75.999999999999972	40.8099
76.099999999999966	41.7788
76.19999999999996	41.7788
76.299999999999955	41.7788
76.399999999999949	41.7788
76.499999999999943	41.7788
76.599999999999937	41.7788
76.699999999999932	42.7492
76.799999999999926	42.7492
76.89999999999992	42.7492
76.999999999999915	42.7492
77.099999999999909	42.7492
77.199999999999903	43.698
77.299999999999898	43.7209
77.399999999999892	43.7209
77.499999999999886	43.7209
77.599999999999881	43.7209
77.699999999999875	43.7209
77.799999999999869	44.6938
77.899999999999864	44.6938
77.999999999999858	44.6938
78.099999999999852	44.6938
78.199999999999847	44.6938
78.299999999999841	44.6938
78.399999999999835	45.6679
78.499999999999829	45.6679
78.599999999999824	45.6679
78.699999999999818	45.6679
78.799999999999812	45.6679
78.899999999999807	45.6679
78.999999999999801	46.6431
79.099999999999795	46.6431
79.19999999999979	46.6431
79.299999999999784	46.6431
79.399999999999778	46.6431
79.499999999999773	46.6431
79.599999999999767	47.6193
79.699999999999761	47.6193
79.799999999999756	47.6193
79.89999999999975	47.6193
79.999999999999744	47.6193
80.099999999999739	47.6193
80.199999999999733	48.5553
80.299999999999727	48.5965
80.399999999999721	48.5965
80.499999999999716	48.5965
80.59999999999971	48.5965
80.699999999999704	48.5965
80.799999999999699	48.5965
80.899999999999693	49.5746
80.999999999999687	49.5746
81.099999999999682	49.5746
81.199999999999676	49.5746
81.29999999999967	49.5746
81.399999999999665	49.5746
81.499999999999659	50.5338
81.599999999999653	50.5536
81.699999999999648	50.5536
81.799999999999642	50.5536
81.899999999999636	50.5536
81.999999999999631	50.5536
82.099999999999625	50.5536
82.199999999999619	51.5333
82.299999999999613	51.5333
82.399999999999608	51.5333
82.499999999999602	51.5333
82.599999999999596	51.5333
82.699999999999591	51.5333
82.799999999999585	51.669
82.899999999999579	52.5138
82.999999999999574	52.5138
83.099999999999568	52.5138
83.199999999999562	52.5138
83.299999999999557	52.5138
83.399999999999551	52.5138
83.499999999999545	53.4202
83.59999999999954	53.495
83.699999999999534	53.495
83.799999999999528	53.495
83.899999999999523	53.495
83.999999999999517	53.495
84.099999999999511	53.495
84.199999999999505	54.4402
84.2999999999995	54.4402
84.399999999999494	54.4402
84.499999999999488	54.4402
84.599999999999483	27.2201
84.699999999999477	27.2201
84.799999999999471	27.2201
84.899999999999466	27.2201
84.99999999999946	27.2201
85.099999999999454	27.2201
85.199999999999449	27.2201
85.299999999999443	27.2201
85.399999999999437	27.2201
85.499999999999432	1
85.599999999999426	1
85.69999999999942	1
85.799999999999415	1
85.899999999999409	2
85.999999999999403	2
86.099999999999397	2
86.199999999999392	2
86.299999999999386	3
86.39999999999938	3
86.499999999999375	3
86.599999999999369	3
86.699999999999363	7
86.799999999999358	8
86.899999999999352	8
86.999999999999346	8
87.099999999999341	13.0769
87.199999999999335	13.2294
87.299999999999329	13.2294
87.399999999999324	13.2294
87.499999999999318	14.0384
87.599999999999312	14.1805
87.699999999999307	14.1805
87.799999999999301	14.1805
87.899999999999295	15.0048
87.999999999999289	15.1378
88.099999999999284	15.1378
88.199999999999278	15.1378
88.299999999999272	15.2038
88.399999999999267	15.9752
88.499999999999261	16.1001
88.599999999999255	16.1001
88.69999999999925	16.1001
88.799999999999244	16.8897
88.899999999999238	17.0667
88.999999999999233	17.0667
89.099999999999227	17.0667
89.199999999999221	17.0667
89.299999999999216	17.8134
89.39999999999921	18.0369
89.499999999999204	18.0369
89.599999999999199	18.0369
89.699999999999193	18.7448
89.799999999999187	19.01
89.899999999999181	19.01
89.999999999999176	19.01
90.09999999999917	19.01
90.199999999999164	19.6829
90.299999999999159	19.9858
90.399999999999153	19.9858
90.499999999999147	19.9858
90.599999999999142	19.9858
90.699999999999136	20.6267
90.79999999999913	20.9159
90.899999999999125	21.5756
90.999999999999119	21.8522
91.099999999999113	21.8522
91.199999999999108	22.5289
91.299999999999102	22.7939
91.399999999999096	22.7939
91.499999999999091	23.486
91.599999999999085	23.7403
91.699999999999079	24.3645
91.799999999999073	24.4465
91.899999999999068	24.6909
91.999999999999062	25.3312
92.099999999999056	25.4101
92.199999999999051	25.6453
92.299999999999045	25.6453
92.399999999999039	26.3763
92.499999999999034	26.603
92.599999999999028	26.603
92.699999999999022	27.3449
92.799999999999017	27.5636
92.899999999999011	27.5636
92.999999999999005	28.3157
93.099999999999	28.3157
93.199999999998994	28.527
93.299999999998988	28.527
93.399999999998983	29.2885
93.499999999998977	29.4927
93.599999999998971	29.4927
93.699999999998965	30.1968
93.79999999999896	30.263
93.899999999998954	30.4607
93.999999999998948	30.4607
94.099999999998943	31.239
94.199999999998937	31.4306
94.299999999998931	31.4306
94.399999999998926	31.4306
94.49999999999892	32.2166
94.599999999998914	32.4024
94.699999999998909	32.4024
94.799999999998903	32.4024
94.899999999998897	33.1955
94.999999999998892	33.3758
95.099999999998886	33.3758
95.19999999999888	33.3758
95.299999999998875	34.1463
95.399999999998869	34.1755
95.499999999998863	34.3507
95.599999999998857	34.3507
95.699999999998852	34.3507
95.799999999998846	35.0713
95.89999999999884	17.5356
95.999999999998835	17.5356
96.099999999998829	17.5356
96.199999999998823	17.5356
96.299999999998818	17.5356
96.399999999998812	17.5356
96.499999999998806	17.5356
96.599999999998801	17.5356
96.699999999998795	17.5356
96.799999999998789	1
96.899999999998784	1
96.999999999998778	1
97.099999999998772	4
97.199999999998766	4
97.299999999998761	4
97.399999999998755	4
97.499999999998749	8
97.599999999998744	8
97.699999999998738	8.125
97.799999999998732	8.125
97.899999999998727	8.24808
97.999999999998721	8.95059
98.099999999998715	9.06232
98.19999999999871	9.06232
98.299999999998704	9.06232
98.399999999998698	9.17266
98.499999999998693	9.80842
98.599999999998687	10.0113
98.699999999998681	10.0113
98.799999999998676	10.1112
98.89999999999867	10.6907
98.999999999998664	10.6907
99.099999999998658	10.9689
99.199999999998653	10.9689
99.299999999998647	11.0601
99.399999999998641	11.5919
99.499999999998636	11.8488
99.59999999999863	11.8488
99.699999999998624	11.8488
99.799999999998619	12.017
99.899999999998613	12.508
99.999999999998607	12.7463
