10	1
10.1	1
10.199999999999999	1
10.299999999999999	1
10.399999999999999	1
10.499999999999998	1
10.599999999999998	1
10.699999999999998	1
10.799999999999997	1
10.899999999999997	1
10.999999999999996	1
11.099999999999996	1
11.199999999999996	1
11.299999999999995	1
11.399999999999995	1
11.499999999999995	1
11.599999999999994	1
11.699999999999994	1
11.799999999999994	1
11.899999999999993	1
11.999999999999993	1
12.099999999999993	1
12.199999999999992	1
12.299999999999992	1
12.399999999999991	1
12.499999999999991	1
12.599999999999991	1
12.69999999999999	1
12.79999999999999	1
12.89999999999999	1
12.999999999999989	1
13.099999999999989	1
13.199999999999989	1
13.299999999999988	1
13.399999999999988	1
13.499999999999988	1
13.599999999999987	1
13.699999999999987	1
13.799999999999986	1
13.899999999999986	1
13.999999999999986	1
14.099999999999985	1
14.199999999999985	1
14.299999999999985	1
14.399999999999984	1
14.499999999999984	1
14.599999999999984	1
14.699999999999983	1
14.799999999999983	1
14.899999999999983	1
14.999999999999982	1
15.099999999999982	1
15.199999999999982	1
15.299999999999981	1
15.399999999999981	1
15.49999999999998	1
15.59999999999998	1
15.69999999999998	1
15.799999999999979	1
15.899999999999979	1
15.999999999999979	1
16.09999999999998	1
16.199999999999982	1
16.299999999999983	1
16.399999999999984	1
16.499999999999986	64
16.599999999999987	32
16.699999999999989	32
16.79999999999999	16
16.899999999999991	21.6403
16.999999999999993	12.6172
17.099999999999994	9.81038
17.199999999999996	15.3196
17.299999999999997	20.8566
17.399999999999999	26.5564
17.5	15.0789
17.600000000000001	20.7773
17.700000000000003	26.1137
17.800000000000004	16.3916
17.900000000000006	22.1582
18.000000000000007	12.8566
18.100000000000009	17.4814
18.20000000000001	23.2354
18.300000000000011	13.8426
18.400000000000013	19.4412
18.500000000000014	24.2524
18.600000000000016	30.1064
18.700000000000017	16.4524
18.800000000000018	10.0147
18.90000000000002	15.5156
19.000000000000021	21.2379
19.100000000000023	27.0794
19.200000000000024	31.9915
19.300000000000026	37.7574
19.400000000000027	22.5956
19.500000000000028	12.4565
19.60000000000003	15.601
19.700000000000031	9.45493
19.800000000000033	13.407
19.900000000000034	19.1338
20.000000000000036	11.4275
20.100000000000037	16.9406
20.200000000000038	11.1365
20.30000000000004	16.8058
20.400000000000041	22.4661
20.500000000000043	27.2932
20.600000000000044	16.1794
20.700000000000045	8.59991
20.800000000000047	12.9758
20.900000000000048	18.0195
21.00000000000005	23.6426
21.100000000000051	29.4141
21.200000000000053	34.2833
21.300000000000054	17.8843
21.400000000000055	17.8843
21.500000000000057	7
21.600000000000058	6.05012
21.70000000000006	9.43677
21.800000000000061	14.8832
21.900000000000063	20.4898
22.000000000000064	26.2694
22.100000000000065	31.1488
22.200000000000067	37.0462
22.300000000000068	42.9252
22.40000000000007	22.8617
22.500000000000071	11.8395
22.600000000000072	8.82845
22.700000000000074	5.61658
22.800000000000075	9.7004
22.900000000000077	15.2496
23.000000000000078	21.0446
23.10000000000008	13.5255
23.200000000000081	19.2169
23.300000000000082	11.7206
23.400000000000084	14.6833
23.500000000000085	20.3451
23.600000000000087	26.1568
23.700000000000088	32.0059
23.80000000000009	19.6545
23.900000000000091	25.3881
24.000000000000092	31.2212
24.100000000000094	18.3523
24.200000000000095	24.0224
24.300000000000097	15.7015
24.400000000000098	20.4157
24.500000000000099	12.9522
24.600000000000101	14.2779
24.700000000000102	20.0549
24.800000000000104	13.4664
24.900000000000105	19.1754
25.000000000000107	10.8607
25.100000000000108	15.0427
25.200000000000109	20.7027
25.300000000000111	12.4578
25.400000000000112	8.06053
25.500000000000114	12.6263
25.600000000000115	18.27
25.700000000000117	10.7466
25.800000000000118	6.71008
25.900000000000119	12.15
26.000000000000121	17.8328
26.100000000000122	22.5442
26.200000000000124	13.4761
26.300000000000125	13.6241
26.400000000000126	9.45972
26.500000000000128	12.8762
26.600000000000129	3.65987
26.700000000000131	7.07589
26.800000000000132	11.0688
26.900000000000134	16.2142
27.000000000000135	10.7635
27.100000000000136	15.3691
27.200000000000138	21.1312
27.300000000000139	14.471
27.400000000000141	20.1927
27.500000000000142	25.0591
27.600000000000144	30.8896
27.700000000000145	36.6653
27.800000000000146	20.6565
27.900000000000148	26.3996
28.000000000000149	16.0244
28.100000000000151	8.04342
28.200000000000152	12.3746
28.300000000000153	18.0973
28.400000000000155	23.8702
28.500000000000156	28.6351
28.600000000000158	17.6819
28.700000000000159	11.4555
28.800000000000161	14.4034
28.900000000000162	8.50918
29.000000000000163	5.93566
29.100000000000165	11.2194
29.200000000000166	16.0072
29.300000000000168	10.1118
29.400000000000169	15.7064
29.500000000000171	8.43745
29.600000000000172	12.6331
29.700000000000173	18.2747
29.800000000000175	9.95052
29.900000000000176	12.2974
30.000000000000178	10.4085
30.100000000000179	16.0864
30.20000000000018	20.8575
30.300000000000182	12.6047
30.400000000000183	18.2551
30.500000000000185	23.0973
30.600000000000186	14.2451
30.700000000000188	19.1107
30.800000000000189	12.6682
30.90000000000019	17.3435
31.000000000000192	11.4354
31.100000000000193	7.09587
31.200000000000195	11.6124
31.300000000000196	17.2407
31.400000000000198	23.055
31.500000000000199	27.8877
31.6000000000002	15.8576
31.700000000000202	9.69103
31.800000000000203	15.1778
31.900000000000205	8.64037
32.000000000000206	14.1829
32.100000000000207	19.9874
32.200000000000209	11.7439
32.30000000000021	17.3295
32.400000000000212	10.7765
32.500000000000213	7.21848
32.600000000000215	10.2204
32.700000000000216	15.9028
32.800000000000217	21.5222
32.900000000000219	12.5237
33.00000000000022	18.1994
33.100000000000222	24.0312
33.200000000000223	13.3941
33.300000000000225	17.7675
33.400000000000226	23.4513
33.500000000000227	7.81487
33.600000000000229	12.3097
33.70000000000023	18.0531
33.800000000000232	23.7947
33.900000000000233	28.5722
34.000000000000234	17.3121
34.100000000000236	23.1084
34.200000000000237	14.3388
34.300000000000239	19.1282
34.40000000000024	24.9831
34.500000000000242	30.6979
34.600000000000243	16.2667
34.700000000000244	20.7086
34.800000000000246	10.6874
34.900000000000247	10.6874
35.000000000000249	6.26331
35.10000000000025	10.8528
35.200000000000252	16.3767
35.300000000000253	22.1472
35.400000000000254	12.8125
35.500000000000256	15.1105
35.600000000000257	20.8482
35.700000000000259	26.5498
35.80000000000026	15.3381
35.900000000000261	20.3849
36.000000000000263	26.1877
36.100000000000264	15.8113
36.200000000000266	15.8113
36.300000000000267	10.8311
36.400000000000269	16.3623
36.50000000000027	10.8467
36.600000000000271	6.51603
36.700000000000273	6.51603
36.800000000000274	3.33333
36.900000000000276	8.48916
37.000000000000277	13.1341
37.100000000000279	8.87194
37.20000000000028	6.69186
37.300000000000281	8.30658
37.400000000000283	12.8623
37.500000000000284	9.68361
37.600000000000286	15.239
37.700000000000287	20.0625
37.800000000000288	12.7997
37.90000000000029	10.5576
38.000000000000291	15.226
38.100000000000293	21.0274
38.200000000000294	13.2701
38.300000000000296	16.3188
38.400000000000297	21.132
38.500000000000298	13.2173
38.6000000000003	18.0834
38.700000000000301	22.9183
38.800000000000303	15.3484
38.900000000000304	9.89731
39.000000000000306	13.124
39.100000000000307	8.10017
39.200000000000308	5.42926
39.30000000000031	10.0047
39.400000000000311	14.5764
39.500000000000313	11.2715
39.600000000000314	8.6422
39.700000000000315	13.2331
39.800000000000317	19.0126
39.900000000000318	24.6929
40.00000000000032	14.6128
40.100000000000321	9.05297
40.200000000000323	14.5751
40.300000000000324	9.80729
40.400000000000325	13.5094
40.500000000000327	19.2056
40.600000000000328	25.0424
40.70000000000033	15.328
40.800000000000331	20.1301
40.900000000000333	14.1639
41.000000000000334	19.9238
41.100000000000335	24.6408
41.200000000000337	14.6061
41.300000000000338	9.5866
41.40000000000034	4.84545
41.500000000000341	9.7047
41.600000000000342	15.2524
41.700000000000344	21.0466
41.800000000000345	11.7183
41.900000000000347	17.3122
42.000000000000348	12.5412
42.10000000000035	17.2511
42.200000000000351	9.40328
42.300000000000352	14.1007
42.400000000000354	18.8977
42.500000000000355	24.5639
42.600000000000357	13.4301
42.700000000000358	18.4034
42.80000000000036	11.0098
42.900000000000361	14.6801
43.000000000000362	20.3428
43.100000000000364	25.0607
43.200000000000365	8.68797
43.300000000000367	14.2118
43.400000000000368	20.0079
43.500000000000369	11.4505
43.600000000000371	13.0861
43.700000000000372	18.7512
43.800000000000374	11.1782
43.900000000000375	16.8928
44.000000000000377	9.56072
44.100000000000378	14.064
44.200000000000379	19.7011
44.300000000000381	13.0663
44.400000000000382	7.26007
44.500000000000384	7.26007
44.600000000000385	3
44.700000000000387	8.24844
44.800000000000388	12.9805
44.900000000000389	9.24321
45.000000000000391	14.8968
45.100000000000392	8.21979
45.200000000000394	12.8847
45.300000000000395	8.37428
45.400000000000396	14.0231
45.500000000000398	18.6798
45.600000000000399	24.3967
45.700000000000401	14.8473
45.800000000000402	19.5119
45.900000000000404	25.278
46.000000000000405	16.3693
46.100000000000406	22.1417
46.200000000000408	11.7932
46.300000000000409	16.0433
46.400000000000411	11.0928
46.500000000000412	7.37214
46.600000000000414	12.9969
46.700000000000415	18.3648
46.800000000000416	23.184
46.900000000000418	14.7998
47.000000000000419	20.4293
47.100000000000421	12.5657
47.200000000000422	17.2689
47.300000000000423	23.0761
47.400000000000425	13.8084
47.500000000000426	13.8084
47.600000000000428	16.1502
47.700000000000429	21.9804
47.800000000000431	27.6653
47.900000000000432	16.1704
48.000000000000433	21.9952
48.100000000000435	27.6771
48.200000000000436	14.3885
48.300000000000438	20.1337
48.400000000000439	25.9927
48.500000000000441	15.2329
48.600000000000442	21.0325
48.700000000000443	26.7321
48.800000000000445	32.5085
48.900000000000446	19.0741
49.000000000000448	24.7807
49.100000000000449	30.5335
49.20000000000045	15.4297
49.300000000000452	17.7261
49.400000000000453	11.1408
49.500000000000455	6.67643
49.600000000000456	11.0035
49.700000000000458	6.95552
49.800000000000459	12.2862
49.90000000000046	7.57087
50.000000000000462	13.1099
50.100000000000463	18.8211
50.200000000000465	23.5469
50.300000000000466	13.5702
50.400000000000468	8.64743
50.500000000000469	14.1871
50.60000000000047	9.02699
50.700000000000472	14.4901
50.800000000000473	8.74858
50.900000000000475	11.1706
51.000000000000476	16.8878
51.100000000000477	22.5275
51.200000000000479	13.3797
51.30000000000048	10.1031
51.400000000000482	15.7008
51.500000000000483	21.3734
51.600000000000485	12.5624
51.700000000000486	18.226
51.800000000000487	24.0513
51.900000000000489	13.9339
52.00000000000049	9.96822
52.100000000000492	15.4209
52.200000000000493	21.1689
52.300000000000495	26.0447
52.400000000000496	31.8517
52.500000000000497	37.639
52.600000000000499	20.0797
52.7000000000005	12.7635
52.800000000000502	8.53228
52.900000000000503	4.66484
53.000000000000504	10.0267
53.100000000000506	15.5233
53.200000000000507	21.2435
53.300000000000509	13.0194
53.40000000000051	4.0948
53.500000000000512	9.25175
53.600000000000513	14.0004
53.700000000000514	19.6048
53.800000000000516	25.3497
53.900000000000517	14.601
54.000000000000519	11.2123
54.10000000000052	8.52569
54.200000000000522	14.1136
54.300000000000523	18.9073
54.400000000000524	11.1765
54.500000000000526	11.1765
54.600000000000527	14.8728
54.700000000000529	9.58455
54.80000000000053	13.4984
54.900000000000531	19.1979
55.000000000000533	11.0759
55.100000000000534	16.4033
55.200000000000536	9.73706
55.300000000000537	10.4346
55.400000000000539	8.18555
55.50000000000054	13.7668
55.600000000000541	8.65672
55.700000000000543	11.9693
55.800000000000544	9.0614
55.900000000000546	14.5803
56.000000000000547	19.3098
56.100000000000549	25.1223
56.20000000000055	6.74215
56.300000000000551	10.2899
56.400000000000553	16.0102
56.500000000000554	21.6478
56.600000000000556	13.5356
56.700000000000557	15.5998
56.800000000000558	21.2995
56.90000000000056	10.9738
57.000000000000561	10.9738
57.100000000000563	7.16696
57.200000000000564	11.5692
57.300000000000566	17.2118
57.400000000000567	5.72359
57.50