10	1
10.1	1
10.199999999999999	1
10.299999999999999	1
10.399999999999999	1
10.499999999999998	1
10.599999999999998	1
10.699999999999998	1
10.799999999999997	1
10.899999999999997	1
10.999999999999996	1
11.099999999999996	1
11.199999999999996	1
11.299999999999995	1
11.399999999999995	1
11.499999999999995	1
11.599999999999994	1
11.699999999999994	1
11.799999999999994	1
11.899999999999993	1
11.999999999999993	1
12.099999999999993	1
12.199999999999992	1
12.299999999999992	1
12.399999999999991	1
12.499999999999991	1
12.599999999999991	1
12.69999999999999	1
12.79999999999999	1
12.89999999999999	1
12.999999999999989	1
13.099999999999989	1
13.199999999999989	1
13.299999999999988	1
13.399999999999988	1
13.499999999999988	1
13.599999999999987	1
13.699999999999987	1
13.799999999999986	1
13.899999999999986	1
13.999999999999986	7.6207
14.099999999999985	25.7576
14.199999999999985	7.11636
14.299999999999985	22.6755
14.399999999999984	43.1065
14.499999999999984	24.1385
14.599999999999984	28.7821
14.699999999999983	28.833
14.799999999999983	17.1211
14.899999999999983	21.5179
14.999999999999982	36.7556
15.099999999999982	11.4596
15.199999999999982	37.2089
15.299999999999981	21.9956
15.399999999999981	19.9886
15.49999999999998	7.85003
15.59999999999998	43.1431
15.69999999999998	16.1401
15.799999999999979	19.6084
15.899999999999979	37.9545
15.999999999999979	17.4971
16.09999999999998	23.3001
16.199999999999982	31.7621
16.299999999999983	20.284
16.399999999999984	41.9588
16.499999999999986	6.9615
16.599999999999987	12.257
16.699999999999989	24.4623
16.79999999999999	20.4096
16.899999999999991	13.0873
16.999999999999993	16.0243
17.099999999999994	52.9148
17.199999999999996	16.4446
17.299999999999997	16.7227
17.399999999999999	12.9829
17.5	16.0404
17.600000000000001	18.7231
17.700000000000003	17.8066
17.800000000000004	14.0702
17.900000000000006	6.47331
18.000000000000007	15.0224
18.100000000000009	20.1232
18.20000000000001	14.8485
18.300000000000011	29.1952
18.400000000000013	22.9603
18.500000000000014	12.1252
18.600000000000016	8.26126
18.700000000000017	31.6676
18.800000000000018	36.6694
18.90000000000002	19.5109
19.000000000000021	19.5109
19.100000000000023	10.8214
19.200000000000024	10.1854
19.300000000000026	7.47841
19.400000000000027	30.8008
19.500000000000028	23.4893
19.60000000000003	12.361
19.700000000000031	25.1627
19.800000000000033	15.4752
19.900000000000034	8.80005
20.000000000000036	25.4094
20.100000000000037	4.27093
20.200000000000038	21.0195
20.30000000000004	27.4089
20.400000000000041	11.417
20.500000000000043	32.5369
20.600000000000044	15.7156
20.700000000000045	8.2872
20.800000000000047	16.0706
20.900000000000048	13.1378
21.00000000000005	9.11717
21.100000000000051	23.0512
21.200000000000053	11.6833
21.300000000000054	8.7179
21.400000000000055	14.0687
21.500000000000057	10.1406
21.600000000000058	18.0003
21.70000000000006	6.04949
21.800000000000061	6.04949
21.900000000000063	16.022
22.000000000000064	21.3676
22.100000000000065	11.3231
22.200000000000067	22.5181
22.300000000000068	40.015
22.40000000000007	15.0464
22.500000000000071	12.4629
22.600000000000072	17.4343
22.700000000000074	41.177
22.800000000000075	14.5812
22.900000000000077	27.3701
23.000000000000078	27.1378
23.10000000000008	12.8629
23.200000000000081	10.5378
23.300000000000082	11.5538
23.400000000000084	15.9894
23.500000000000085	18.4438
23.600000000000087	22.2032
23.700000000000088	17.2434
23.80000000000009	12.3011
23.900000000000091	6.40707
24.000000000000092	6.56781
24.100000000000094	6.56781
24.200000000000095	11.8491
24.300000000000097	35.9496
24.400000000000098	33.8684
24.500000000000099	26.4388
24.600000000000101	21.453
24.700000000000102	26.1377
24.800000000000104	11.1226
24.900000000000105	4.69909
25.000000000000107	19.774
25.100000000000108	26.3226
25.200000000000109	13.8123
25.300000000000111	15.7964
25.400000000000112	11.728
25.500000000000114	21.6541
25.600000000000115	14.1541
25.700000000000117	38.1115
25.800000000000118	10.9897
25.900000000000119	32.5853
26.000000000000121	9.52124
26.100000000000122	10.0013
26.200000000000124	8.13193
26.300000000000125	8.13193
26.400000000000126	14.0311
26.500000000000128	10.2412
26.600000000000129	32.9009
26.700000000000131	16.8988
26.800000000000132	25.2225
26.900000000000134	9.59195
27.000000000000135	7.09581
27.100000000000136	24.1475
27.200000000000138	6.58146
27.300000000000139	15.0696
27.400000000000141	17.1841
27.500000000000142	7.06594
27.600000000000144	20.0756
27.700000000000145	4.45325
27.800000000000146	10.2512
27.900000000000148	19.6062
28.000000000000149	15.0164
28.100000000000151	20.8377
28.200000000000152	8.85961
28.300000000000153	16.4569
28.400000000000155	9.35422
28.500000000000156	5.79188
28.600000000000158	24.2035
28.700000000000159	21.2998
28.800000000000161	18.2232
28.900000000000162	28.7858
29.000000000000163	8.80507
29.100000000000165	17.1135
29.200000000000166	17.271
29.300000000000168	24.0236
29.400000000000169	8.98087
29.500000000000171	8.98087
29.600000000000172	11.1822
29.700000000000173	10.6462
29.800000000000175	34.7803
29.900000000000176	13.9378
30.000000000000178	6.89221
30.100000000000179	7.95248
30.20000000000018	12.634
30.300000000000182	19.3108
30.400000000000183	16.9728
30.500000000000185	15.696
30.600000000000186	6.67157
30.700000000000188	13.7786
30.800000000000189	13.4631
30.90000000000019	36.4698
31.000000000000192	12.4704
31.100000000000193	15.3361
31.200000000000195	24.1703
31.300000000000196	5.92752
31.400000000000198	14.0774
31.500000000000199	11.6587
31.6000000000002	12.4827
31.700000000000202	13.3615
31.800000000000203	26.4319
31.900000000000205	26.1894
32.000000000000206	12.1093
32.100000000000207	20.844
32.200000000000209	15.1094
32.30000000000021	5.71543
32.400000000000212	8.00393
32.500000000000213	4.12969
32.600000000000215	4.12969
32.700000000000216	12.9727
32.800000000000217	6.47877
32.900000000000219	6.63959
33.00000000000022	7.81257
33.100000000000222	3.62938
33.200000000000223	3.62938
33.300000000000225	12.009
33.400000000000226	7.64095
33.500000000000227	3.49735
33.600000000000229	3.49735
33.70000000000023	18.3705
33.800000000000232	5.74957
33.900000000000233	8.4436
34.000000000000234	13.0787
34.100000000000236	9.96904
34.200000000000237	17.997
34.300000000000239	13.6992
34.40000000000024	7.78738
34.500000000000242	19.4554
34.600000000000243	14.6213
34.700000000000244	12.1213
34.800000000000246	8.70938
34.900000000000247	9.66398
35.000000000000249	13.4631
35.10000000000025	14.2502
35.200000000000252	6.4626
35.300000000000253	12.3386
35.400000000000254	13.0848
35.500000000000256	16.4663
35.600000000000257	7.437
35.700000000000259	7.09976
35.80000000000026	10.4452
35.900000000000261	8.99334
36.000000000000263	17.4002
36.100000000000264	27.3479
36.200000000000266	13.4876
36.300000000000267	17.2854
36.400000000000269	14.0529
36.50000000000027	17.0612
36.600000000000271	32.6733
36.700000000000273	14.7103
36.800000000000274	17.1146
36.900000000000276	12.2024
37.000000000000277	9.13311
37.100000000000279	6.54662
37.20000000000028	6.96876
37.300000000000281	8.82564
37.400000000000283	13.7495
37.500000000000284	8.6592
37.600000000000286	3.92798
37.700000000000287	6.46609
37.800000000000288	4.25239
37.90000000000029	9.46169
38.000000000000291	15.9029
38.100000000000293	18.6642
38.200000000000294	27.0006
38.300000000000296	17.0261
38.400000000000297	8.42727
38.500000000000298	8.42727
38.6000000000003	9.13119
38.700000000000301	19.186
38.800000000000303	10.4425
38.900000000000304	10.4425
39.000000000000306	7.84463
39.100000000000307	7.84463
39.200000000000308	5.33539
39.30000000000031	18.1455
39.400000000000311	11.1338
39.500000000000313	6.62806
39.600000000000314	6.62806
39.700000000000315	3
39.800000000000317	12.3258
39.900000000000318	17.5366
40.00000000000032	9.49078
40.100000000000321	20.5522
40.200000000000323	20.7853
40.300000000000324	23.0564
40.400000000000325	8.56559
40.500000000000327	29.0977
40.600000000000328	46.6176
40.70000000000033	29.4921
40.800000000000331	15.7115
40.900000000000333	38.2237
41.000000000000334	14.3462
41.100000000000335	26.9924
41.200000000000337	14.2157
41.300000000000338	7.2947
41.40000000000034	12.0083
41.500000000000341	1.75511
41.600000000000342	4.00037
41.700000000000344	6.8449
41.800000000000345	3.53525
41.900000000000347	13.4485
42.000000000000348	22.3474
42.10000000000035	14.5062
42.200000000000351	15.1388
42.300000000000352	7.82969
42.400000000000354	7.82969
42.500000000000355	6.4931
42.600000000000357	9.09489
42.700000000000358	4.54745
42.80000000000036	4.54745
42.900000000000361	16.8908
43.000000000000362	16.5998
43.100000000000364	10.0768
43.200000000000365	10.1627
43.300000000000367	21.1763
43.400000000000368	12.3968
43.500000000000369	7.12889
43.600000000000371	6.0048
43.700000000000372	13.5728
43.800000000000374	19.6507
43.900000000000375	16.7361
44.000000000000377	19.0268
44.100000000000378	9.55901
44.200000000000379	19.1641
44.300000000000381	9.39405
44.400000000000382	17.3537
44.500000000000384	19.1865
44.600000000000385	13.0489
44.700000000000387	35.7325
44.800000000000388	17.333
44.900000000000389	8.31404
45.000000000000391	9.88654
45.100000000000392	15.1159
45.200000000000394	11.4731
45.300000000000395	10.5231
45.400000000000396	10.5231
45.500000000000398	7.95246
45.600000000000399	30.0908
45.700000000000401	14.7007
45.800000000000402	13.9993
45.900000000000404	14.3373
46.000000000000405	15.5295
46.100000000000406	12.5266
46.200000000000408	14.2228
46.300000000000409	10.1041
46.400000000000411	11.0279
46.500000000000412	15.8892
46.600000000000414	24.5791
46.700000000000415	18.178
46.800000000000416	6.58518
46.900000000000418	12.8668
47.000000000000419	15.487
47.100000000000421	10.383
47.200000000000422	11.7371
47.300000000000423	5.03163
47.400000000000425	5.03163
47.500000000000426	10.1831
47.600000000000428	11.5653
47.700000000000429	11.9957
47.800000000000431	6.05935
47.900000000000432	15.1479
48.000000000000433	11.5912
48.100000000000435	5.02082
48.200000000000436	13.6259
48.300000000000438	7.10115
48.400000000000439	7.10115
48.500000000000441	16.5474
48.600000000000442	10.9787
48.700000000000443	14.6871
48.800000000000445	13.0154
48.900000000000446	12.215
49.000000000000448	9.97904
49.100000000000449	32.537
49.20000000000045	15.4534
49.300000000000452	17.9101
49.400000000000453	9.51611
49.500000000000455	7.00146
49.600000000000456	20.9928
49.700000000000458	13.7635
49.800000000000459	20.7761
49.90000000000046	18.7624
50.000000000000462	9.24822
50.100000000000463	19.4578
50.200000000000465	12.8009
50.300000000000466	12.9991
50.400000000000468	8.00034
50.500000000000469	8.00034
50.60000000000047	12.1253
50.700000000000472	29.9312
50.800000000000473	8.48856
50.900000000000475	12.2686
51.000000000000476	25.0611
51.100000000000477	19.315
51.200000000000479	14.0508
51.30000000000048	10.1527
51.400000000000482	8.36037
51.500000000000483	16.1358
51.600000000000485	4.39434
51.700000000000486	3.57994
51.800000000000487	4.14704
51.900000000000489	13.2736
52.00000000000049	34.1852
52.100000000000492	18.0038
52.200000000000493	11.2794
52.300000000000495	9.41981
52.400000000000496	11.0788
52.500000000000497	9.74982
52.600000000000499	18.8279
52.7000000000005	13.3448
52.800000000000502	18.2835
52.900000000000503	14.4976
53.000000000000504	6.89479
53.100000000000506	13.8309
53.200000000000507	9.07341
53.300000000000509	6.9999
53.40000000000051	24.0189
53.500000000000512	9.09229
53.600000000000513	8.92029
53.700000000000514	10.3491
53.800000000000516	10.3491
53.900000000000517	7.14615
54.000000000000519	16.8017
54.10000000000052	17.4326
54.200000000000522	28.1177
54.300000000000523	22.3794
54.400000000000524	24.0203
54.500000000000526	15.1522
54.600000000000527	37.7175
54.700000000000529	6.37016
54.80000000000053	19.6839
54.900000000000531	25.4719
55.000000000000533	34.3891
55.100000000000534	28.4681
55.200000000000536	13.4021
55.300000000000537	9.2479
55.400000000000539	16.5864
55.50000000000054	28.3176
55.600000000000541	12.0978
55.700000000000543	19.8476
55.800000000000544	22.2413
55.900000000000546	19.1701
56.000000000000547	14.5937
56.100000000000549	35.6204
56.20000000000055	19.6089
56.300000000000551	36.7897
56.400000000000553	12.1596
56.500000000000554	9.61847
56.600000000000556	17.5385
56.700000000000557	12.4601
56.800000000000558	26.3596
56.90