10	1
10.1	1
10.199999999999999	1
10.299999999999999	1
10.399999999999999	1
10.499999999999998	1
10.599999999999998	1
10.699999999999998	1
10.799999999999997	1
10.899999999999997	1
10.999999999999996	1
11.099999999999996	1
11.199999999999996	1
11.299999999999995	1
11.399999999999995	1
11.499999999999995	1
11.599999999999994	1
11.699999999999994	1
11.799999999999994	1
11.899999999999993	1
11.999999999999993	1
12.099999999999993	1
12.199999999999992	1
12.299999999999992	1
12.399999999999991	1
12.499999999999991	1
12.599999999999991	1
12.69999999999999	1
12.79999999999999	1
12.89999999999999	1
12.999999999999989	1
13.099999999999989	1
13.199999999999989	1
13.299999999999988	1
13.399999999999988	1
13.499999999999988	1
13.599999999999987	1
13.699999999999987	1
13.799999999999986	1
13.899999999999986	1
13.999999999999986	1
14.099999999999985	1
14.199999999999985	1
14.299999999999985	1
14.399999999999984	1
14.499999999999984	1
14.599999999999984	1
14.699999999999983	1
14.799999999999983	1
14.899999999999983	1
14.999999999999982	1
15.099999999999982	1
15.199999999999982	1
15.299999999999981	1
15.399999999999981	1
15.49999999999998	1
15.59999999999998	1
15.69999999999998	1
15.799999999999979	1
15.899999999999979	1
15.999999999999979	1
16.09999999999998	1
16.199999999999982	1
16.299999999999983	1
16.399999999999984	1
16.499999999999986	1
16.599999999999987	1
16.699999999999989	1
16.79999999999999	1
16.899999999999991	1
16.999999999999993	1
17.099999999999994	1
17.199999999999996	1
17.299999999999997	1
17.399999999999999	1
17.5	1
17.600000000000001	1
17.700000000000003	1
17.800000000000004	1
17.900000000000006	1
18.000000000000007	1
18.100000000000009	1
18.20000000000001	1
18.300000000000011	1
18.400000000000013	1
18.500000000000014	1
18.600000000000016	1
18.700000000000017	1
18.800000000000018	1
18.90000000000002	1
19.000000000000021	1
19.100000000000023	1
19.200000000000024	1
19.300000000000026	1
19.400000000000027	1
19.500000000000028	1
19.60000000000003	1
19.700000000000031	1
19.800000000000033	1
19.900000000000034	1
20.000000000000036	1
20.100000000000037	1
20.200000000000038	1
20.30000000000004	1
20.400000000000041	1
20.500000000000043	1
20.600000000000044	1
20.700000000000045	1
20.800000000000047	1
20.900000000000048	1
21.00000000000005	1
21.100000000000051	1
21.200000000000053	1
21.300000000000054	1
21.400000000000055	1
21.500000000000057	1
21.600000000000058	1
21.70000000000006	1
21.800000000000061	1
21.900000000000063	1
22.000000000000064	1
22.100000000000065	1
22.200000000000067	1
22.300000000000068	1
22.40000000000007	2
22.500000000000071	4
22.600000000000072	16
22.700000000000074	9.5
22.800000000000075	9.5
22.900000000000077	9.5
23.000000000000078	2
23.10000000000008	4.92064
23.200000000000081	5.68862
23.300000000000082	3.18095
23.400000000000084	3.49532
23.500000000000085	4.04587
23.600000000000087	2.51727
23.700000000000088	3.25763
23.80000000000009	4.10521
23.900000000000091	4.10521
24.000000000000092	1
24.100000000000094	2.9
24.200000000000095	3.55301
24.300000000000097	5.19763
24.400000000000098	6.09735
24.500000000000099	7.02286
24.600000000000101	8.57449
24.700000000000102	9.46687
24.800000000000104	10.665
24.900000000000105	5.60785
25.000000000000107	6.12681
25.100000000000108	7.86064
25.200000000000109	8.71167
25.300000000000111	4.52581
25.400000000000112	5.53979
25.500000000000114	5.53979
25.600000000000115	2.7699
25.700000000000117	2.7699
25.800000000000118	1
25.900000000000119	2
26.000000000000121	2.9
26.100000000000122	3.55301
26.200000000000124	2.04763
26.300000000000125	2.04763
26.400000000000126	1
26.500000000000128	2
26.600000000000129	3.55301
26.700000000000131	4.33944
26.800000000000132	4.99753
26.900000000000134	5.92867
27.000000000000135	2.96434
27.100000000000136	2.96434
27.200000000000138	1
27.300000000000139	2
27.400000000000141	3.24483
27.500000000000142	4.09525
27.600000000000144	5.75491
27.700000000000145	6.09735
27.800000000000146	6.26135
27.900000000000148	8.09095
28.000000000000149	8.91974
28.100000000000151	4.45987
28.200000000000152	4.45987
28.300000000000153	5.10176
28.400000000000155	6.95285
28.500000000000156	7.64446
28.600000000000158	3.82223
28.700000000000159	4.9883
28.800000000000161	5.74693
28.900000000000162	6.56985
29.000000000000163	3.64929
29.100000000000165	3.92331
29.200000000000166	5.45249
29.300000000000168	6.31496
29.400000000000169	7.21201
29.500000000000171	9.06884
29.600000000000172	10.0172
29.700000000000173	11.4226
29.800000000000175	12.5127
29.900000000000176	6.25634
30.000000000000178	6.25634
30.100000000000179	6.25634
30.20000000000018	2
30.300000000000182	3.33333
30.400000000000183	3.63333
30.500000000000185	3.90856
30.600000000000186	3.90856
30.700000000000188	3.90856
30.800000000000189	3.90856
30.90000000000019	2
31.000000000000192	2.5
31.100000000000193	4.09525
31.200000000000195	4.78871
31.300000000000196	5.57555
31.400000000000198	7.02286
31.500000000000199	7.96541
31.6000000000002	8.80618
31.700000000000202	10.5704
31.800000000000203	11.3049
31.900000000000205	12.8814
32.000000000000206	13.6377
32.100000000000207	14.5621
32.200000000000209	7.34954
32.30000000000021	7.34954
32.400000000000212	1
32.500000000000213	3.63333
32.600000000000215	4.63158
32.700000000000216	6.306
32.800000000000217	7.20419
32.900000000000219	8.00038
33.00000000000022	4.47546
33.100000000000222	4.47546
33.200000000000223	4.47546
33.300000000000225	2
33.400000000000226	2.5
33.500000000000227	4.56988
33.600000000000229	5.39003
33.70000000000023	6.26135
33.800000000000232	8.09095
33.900000000000233	8.33628
34.000000000000234	8.33628
34.100000000000236	1
34.200000000000237	4
34.300000000000239	4.92064
34.40000000000024	6.03493
34.500000000000242	3.33624
34.600000000000243	3.91101
34.700000000000244	4.63362
34.800000000000246	6.14475
34.900000000000247	7.20548
35.000000000000249	3.93728
35.10000000000025	4.42985
35.200000000000252	5.27273
35.300000000000253	6.78658
35.400000000000254	7.7584
35.500000000000256	3.94365
35.600000000000257	3.94365
35.700000000000259	2
35.80000000000026	3.24483
35.900000000000261	4.09525
36.000000000000263	5.19763
36.100000000000264	6.5768
36.200000000000266	7.30482
36.300000000000267	4.16814
36.400000000000269	4.16814
36.50000000000027	4.85067
36.600000000000271	2.62729
36.700000000000273	3.00791
36.800000000000274	3.91448
36.900000000000276	5.44625
37.000000000000277	6.30959
37.100000000000279	3.38684
37.20000000000028	3.38684
37.300000000000281	3.38684
37.400000000000283	4.8835
37.500000000000284	5.08827
37.600000000000286	2.54414
37.700000000000287	2.54414
37.800000000000288	1
37.90000000000029	2.9
38.000000000000291	3.55301
38.100000000000293	5.19763
38.200000000000294	6.09735
38.300000000000296	6.87746
38.400000000000297	3.43873
38.500000000000298	3.43873
38.6000000000003	4.24781
38.700000000000301	6.03341
38.800000000000303	6.96762
38.900000000000304	3.95843
39.000000000000306	3.95843
39.100000000000307	4.44853
39.200000000000308	6.17442
39.30000000000031	6.94569
39.400000000000311	3.47284
39.500000000000313	4.50895
39.600000000000314	5.33884
39.700000000000315	7.12714
39.800000000000317	8.05729
39.900000000000318	9.00175
40.00000000000032	4.87627
40.100000000000321	5.27814
40.200000000000323	5.4676
40.300000000000324	3.42222
40.400000000000325	4.23467
40.500000000000327	6.0243
40.600000000000328	6.95977
40.70000000000033	7.24423
40.800000000000331	3.62211
40.900000000000333	3.62211
41.000000000000334	1
41.100000000000335	2.9
41.200000000000337	2.9
41.300000000000338	1
41.40000000000034	1
41.500000000000341	1
41.600000000000342	1
41.700000000000344	1
41.800000000000345	2
41.900000000000347	3.55301
42.000000000000348	3.83446
42.10000000000035	3.83446
42.200000000000351	1
42.300000000000352	2.5
42.400000000000354	4.09525
42.500000000000355	4.78871
42.600000000000357	2.39435
42.700000000000358	3.48332
42.80000000000036	4.28342
42.900000000000361	5.15136
43.000000000000362	2.76628
43.100000000000364	1.76628
43.200000000000365	3.12778
43.300000000000367	4.00511
43.400000000000368	4.25479
43.500000000000369	4.25479
43.600000000000371	1
43.700000000000372	2.9
43.800000000000374	3.24483
43.900000000000375	1.62241
44.000000000000377	3.00374
44.100000000000378	3.00374
44.2000000