10	1
10.1	1
10.199999999999999	1
10.299999999999999	1
10.399999999999999	1
10.499999999999998	1
10.599999999999998	1
10.699999999999998	1
10.799999999999997	1
10.899999999999997	1
10.999999999999996	1
11.099999999999996	1
11.199999999999996	1
11.299999999999995	1
11.399999999999995	1
11.499999999999995	1
11.599999999999994	1
11.699999999999994	1
11.799999999999994	1
11.899999999999993	1
11.999999999999993	1
12.099999999999993	1
12.199999999999992	1
12.299999999999992	1
12.399999999999991	26.5
12.499999999999991	13.5118
12.599999999999991	8.20564
12.69999999999999	11.0037
12.79999999999999	7.73664
12.89999999999999	7.73664
12.999999999999989	5.50185
13.099999999999989	10.2907
13.199999999999989	15.4328
13.299999999999988	13.0902
13.399999999999988	6.36953
13.499999999999988	6.48173
13.599999999999987	8.27746
13.699999999999987	7.19139
13.799999999999986	7.97669
13.899999999999986	6.07428
13.999999999999986	6.14388
14.099999999999985	9.1056
14.199999999999985	7.10466
14.299999999999985	6.56812
14.399999999999984	7.84192
14.499999999999984	9.58971
14.599999999999984	6.343
14.699999999999983	8.24413
14.799999999999983	15.4397
14.899999999999983	6.7203
14.999999999999982	6.79417
15.099999999999982	15.0042
15.199999999999982	7.01664
15.299999999999981	9.07224
15.399999999999981	7.02261
15.49999999999998	7.02261
15.59999999999998	1
15.69999999999998	9.67687
15.799999999999979	3.75291
15.899999999999979	3.75291
15.999999999999979	1
16.09999999999998	15.8157
16.199999999999982	12.9778
16.299999999999983	7.88383
16.399999999999984	7.88383
16.499999999999986	8.01211
16.599999999999987	4.54546
16.699999999999989	6.46788
16.79999999999999	5.21224
16.899999999999991	4.15091
16.999999999999993	5.31372
17.099999999999994	2.92981
17.199999999999996	2.92981
17.299999999999997	7.37858
17.399999999999999	10.6764
17.5	5.36447
17.600000000000001	5.36447
17.700000000000003	4.33944
17.800000000000004	5.50269
17.900000000000006	6.31987
18.000000000000007	6.21645
18.100000000000009	10.7191
18.20000000000001	5.31985
18.300000000000011	11.12
18.400000000000013	7.60744
18.500000000000014	17.3205
18.600000000000016	5.87784
18.700000000000017	2.9
18.800000000000018	1.45
18.90000000000002	1.45
19.000000000000021	9.96007
19.100000000000023	6.35739
19.200000000000024	8.36513
19.300000000000026	3.19805
19.400000000000027	10.7068
19.500000000000028	3.31611
19.60000000000003	5.73934
19.700000000000031	9.06907
19.800000000000033	5.0054
19.900000000000034	5.46231
20.000000000000036	8.38377
20.100000000000037	6.11396
20.200000000000038	5.61183
20.30000000000004	4.0571
20.400000000000041	12.0562
20.500000000000043	7.95074
20.600000000000044	7.54781
20.700000000000045	8.00984
20.800000000000047	6.57132
20.900000000000048	5.7327
21.00000000000005	9.24589
21.100000000000051	5.6522
21.200000000000053	5.6522
21.300000000000054	2.87745
21.400000000000055	6.42523
21.500000000000057	8.28498
21.600000000000058	9.82755
21.70000000000006	7.63016
21.800000000000061	6.48365
21.900000000000063	3.39427
22.000000000000064	3.39427
22.100000000000065	5.44938
22.200000000000067	6.04935
22.300000000000068	7.56289
22.40000000000007	3.72502
22.500000000000071	3.72502
22.600000000000072	2.16972
22.700000000000074	2.63061
22.800000000000075	2.63061
22.900000000000077	3.5341
23.000000000000078	1.93198
23.10000000000008	1.93198
23.200000000000081	2.9
23.300000000000082	8.49477
23.400000000000084	4.206
23.500000000000085	6.94439
23.600000000000087	6.94439
23.700000000000088	3.90856
23.80000000000009	6.34194
23.900000000000091	5.93974
24.000000000000092	4.37876
24.100000000000094	4.37876
24.200000000000095	1
24.300000000000097	3.00499
24.400000000000098	7.61833
24.500000000000099	5.69048
24.600000000000101	4.70596
24.700000000000102	5.89628
24.800000000000104	3.20966
24.900000000000105	9.9817
25.000000000000107	4.65278
25.100000000000108	5.69153
25.200000000000109	3.35009
25.300000000000111	3.35009
25.400000000000112	13.784
25.500000000000114	5.40167
25.600000000000115	2.70084
25.700000000000117	2.70084
25.800000000000118	14.9694
25.900000000000119	4.59799
26.000000000000121	10.2087
26.100000000000122	5.29753
26.200000000000124	5.29753
26.300000000000125	6.12681
26.400000000000126	11.7534
26.500000000000128	4.38495
26.600000000000129	4.38495
26.700000000000131	4.38495
26.800000000000132	10.5923
26.900000000000134	7.81089
27.000000000000135	2.34539
27.100000000000136	2.3578
27.200000000000138	2.3578
27.300000000000139	4.4761
27.400000000000141	4.76448
27.500000000000142	4.76448
27.600000000000144	5.4901
27.700000000000145	5.95384
27.800000000000146	6.53021
27.900000000000148	3.36969
28.000000000000149	3.36969
28.100000000000151	3.55301
28.200000000000152	4.46197
28.300000000000153	6.24667
28.400000000000155	5.17725
28.500000000000156	5.23406
28.600000000000158	2.54719
28.700000000000159	2.30771
28.800000000000161	6.06641
28.900000000000162	2.27409
29.000000000000163	2.27409
29.100000000000165	3.55557
29.200000000000166	9.68218
29.300000000000168	3.93408
29.400000000000169	3.93408
29.500000000000171	3.55301
29.600000000000172	2.66152
29.700000000000173	6.12788
29.800000000000175	3.00112
29.900000000000176	3.00112
30.000000000000178	2.9
30.100000000000179	3.2954
30.20000000000018	3.94455
30.300000000000182	4.53059
30.400000000000183	4.04122
30.500000000000185	4.04122
30.600000000000186	8.69112
30.700000000000188	8.69112
30.800000000000189	3
30.90000000000019	3.92919
31.000000000000192	3.92919
31.100000000000193	3.55301
31.200000000000195	6.0625
31.300000000000196	4.68844
31.400000000000198	4.68844
31.500000000000199	5.40913
31.6000000000002	3.27343
31.700000000000202	3.27343
31.800000000000203	2.69501
31.900000000000205	2.95621
32.000000000000206	2.95621
32.100000000000207	2.9
32.200000000000209	2.77651
32.30000000000021	2.77651
32.400000000000212	11.0352
32.500000000000213	3.30324
32.600000000000215	3.30324
32.700000000000216	4.33944
32.800000000000217	9.05041
32.900000000000219	4.52521
33.00000000000022	4.52521
33.100000000000222	2.93872
33.200000000000223	7.01286
33.300000000000225	6.9864
33.400000000000226	9.68848
33.500000000000227	6.52653
33.600000000000229	5.2099
33.70000000000023	4.336
33.800000000000232	3.91926
33.900000000000233	6.09886
34.000000000000234	2.56697
34.100000000000236	5.12953
34.200000000000237	5.12953
34.300000000000239	7.02286
34.40000000000024	3.71703
34.500000000000242	3.71703
34.600000000000243	6.09735
34.700000000000244	2.51283
34.800000000000246	5.10429
34.900000000000247	3.32879
35.000000000000249	3.32879
35.10000000000025	3.04844
35.200000000000252	3.66231
35.300000000000253	7.19493
35.400000000000254	4.36904
35.500000000000256	4.06633
35.600000000000257	4.06633
35.700000000000259	6.5768
35.80000000000026	9.79252
35.900000000000261	8.54266
36.000000000000263	9.31757
36.100000000000264	1.81661
36.200000000000266	1.81661
36.300000000000267	7.96541
36.400000000000269	5.69619
36.50000000000027	3.77469
36.600000000000271	6.59329
36.700000000000273	4.70121
36.800000000000274	6.84191
36.900000000000276	6.84191
37.000000000000277	5.05378
37.100000000000279	6.77034
37.20000000000028	6.77034
37.300000000000281	2.14464
37.400000000000283	5.23079
37.500000000000284	3.98557
37.600000000000286	3.34842
37.700000000000287	3.34842
37.800000000000288	1
37.90000000000029	1
38.000000000000291	1
38.100000000000293	1
38.200000000000294	1
38.300000000000296	2.9
38.400000000000297	2.9
38.500000000000298	3.43873
38.6000000000003	3.43873
38.700000000000301	3.2884
38.800000000000303	7.15933
38.900000000000304	4.1003
39.000000000000306	4.1003
39.100000000000307	1
39.200000000000308	1
39.30000000000031	1
39.400000000000311	1
39.500000000000313	4.99753
39.600000000000314	4.23379
39.700000000000315	4.23379
39.800000000000317	6.53078
39.900000000000318	3.94388
40.00000000000032	3.40656
40.100000000000321	4.30098
40.200000000000323	5.02574
40.300000000000324	5.02574
40.400000000000325	4.33877
40.500000000000327	5.7409
40.600000000000328	3.5295
40.70000000000033	3.5295
40.800000000000331	6.7726
40.900000000000333	3.61397
41.000000000000334	3.61397
41.100000000000335	3.72086
41.200000000000337	5.68885
41.300000000000338	5.18483
41.40000000000034	10.9742
41.500000000000341	2.77227
41.600000000000342	2.77227
41.700000000000344	4.33944
41.800000000000345	4.33944
41.900000000000347	1
42.000000000000348	1
42.10000000000035	1
42.200000000000351	1
42.300000000000352	3.55301
42.400000000000354	7.2049
42.500000000000355	16.8044
42.600000000000357	6.11779
42.700000000000358	5.1746
42.80000000000036	4.16659
42.900000000000361	3.79313
43.000000000000362	3.83404
43.100000000000364	3.68927
43.200000000000365	3.68927
43.300000000000367	5.39003
43.400000000000368	3.9262
43.500000000000369	3.9262
43.600000000000371	3.96781
43.700000000000372	3.86152
43.800000000000374	3.86152
43.900000000000375	4.33944
44.000000000000377	5.73644
44.100000000000378	5.96986
44.200000000000379	5.96986
44.300000000000381	4.78871
44.400000000000382	8.27055
44.500000000000384	4.22176
44.600000000000385	4.22176
44.700000000000387	1
44.800000000000388	1
44.900000000000389	1
45.000000000000391	1
45.100000000000392	2.69501
45.200000000000394	3.26093
45.300000000000395	3.26093
45.400000000000396	9.67696
45.500000000000398	4.02869
45.600000000000399	7.13784
45.700000000000401	8.00766
45.800000000000402	7.66598
45.900000000000404	4.38471
46.000000000000405	4.38471
46.100000000000406	1
46.200000000000408	1
46.300000000000409	1
46.400000000000411	1
46.500000000000412	4.85573
46.600000000000414	4.85573
46.700000000000415	3.55301
46.800000000000416	7.06272
46.900000000000418	5.12259
47.000000000000419	3.38575
47.100000000000421	5.22255
47.200000000000422	6.73341
47.300000000000423	3.13701
47.400000000000425	5.22465
47.500000000000426	5.22465
47.600000000000428	4.33944
47.700000000000429	4.14444
47.800000000000431	3.80918
47.900000000000432	3.80918
48.000000000000433	1.50187
48.100000000000435	6.09875
48.200000000000436	6.87422
48.300000000000438	2.48783
48.400000000000439	5.08876
48.500000000000441	7.48177
48.600000000000442	12.1095
48.700000000000443	8.64576
48.800000000000445	8.64576
48.900000000000446	3.69545
49.000000000000448	3.69545
49.100000000000449	3.55301
49.20000000000045	2.36992
49.300000000000452	3.56954
49.400000000000453	10.1082
49.500000000000455	6.45154
49.600000000000456	6.02391
49.700000000000458	4.68156
49.800000000000459	3.80846
49.90000000000046	4.34995
50.000000000000462	3.14914
50.100000000000463	8.00578
50.200000000000465	4.25271
50.300000000000466	4.25271
50.400000000000468	5.75601
50.500000000000469	5.18661
50.60000000000047	9.28856
50.700000000000472	6.64525
50.800000000000473	6.64525
50.900000000000475	4.12422
51.000000000000476	12.0608
51.100000000000477	12.5274
51.200000000000479	2.95962
51.30000000000048	2.95962
51.400000000000482	2
51.500000000000483	2.9936
51.600000000000485	1.9936
51.700000000000486	1
51.800000000000487	2
51.900000000000489	2
52.00000000000049	2
52.100000000000492	2
52.200000000000493	1.46516
52.300000000000495	1.46516
52.400000000000496	6.09735
52.500000000000497	7.60582
52.600000000000499	9.6995
52.7000000000005	7.72121
52.800000000000502	2.58855
52.900000000000503	1.94491
53.000000000000504	1.94491
53.100000000000506	2.9
53.200000000000507	2.9
53.300000000000509	3.99767
53.40000000000051	6.30006
53.500000000000512	8.65629
53.600000000000513	2.69051
53.700000000000514	2.69051
53.800000000000516	1
53.900000000000517	1
54.000000000000519	1
54.10000000000052	1
54.200000000000522	10.5704
54.300000000000523	6.05815
54.400000000000524	8.21001
54.500000000000526	3.04044
54.600000000000527	3.04044
54.700000000000529	6.09735
54.80000000000053	8.51106
54.900000000000531	4.93299
55.000000000000533	2.33671
55.100000000000534	10.1405
55.200000000000536	6.14111
55.300000000000537	5.66121
55.400000000000539	4.15048
55.50000000000054	9.5248
55.600000000000541	6.42454
55.700000000000543	6.42454
55.800000000000544	2
55.900000000000546	2
56.000000000000547	2
56.100000000000549	2
56.20000000000055	4.68001
56.300000000000551	6.96393
56.400000000000553	2.52218
56.500000000000554	3.20999
56.600000000000556	4.78064
56.700000000000557	4.78064
56.800000000000558	3.55301
56.90000000000056	3.55301
57.000000000000561	6.5768
57.100000000000563	4.17405
57.200000000000564	5.11263
57.300000000000566	3.503
57.400000000000567	5.2172
57.500000000000568	5.59