10	1
10.1	1
10.199999999999999	1
10.299999999999999	1
10.399999999999999	1
10.499999999999998	1
10.599999999999998	1
10.699999999999998	1
10.799999999999997	1
10.899999999999997	1
10.999999999999996	1
11.099999999999996	1
11.199999999999996	1
11.299999999999995	1
11.399999999999995	1
11.499999999999995	1
11.599999999999994	1
11.699999999999994	1
11.799999999999994	1
11.899999999999993	1
11.999999999999993	1
12.099999999999993	1
12.199999999999992	1
12.299999999999992	1
12.399999999999991	1
12.499999999999991	1
12.599999999999991	1
12.69999999999999	1
12.79999999999999	1
12.89999999999999	1
12.999999999999989	1
13.099999999999989	1
13.199999999999989	1
13.299999999999988	1
13.399999999999988	1
13.499999999999988	1
13.599999999999987	1
13.699999999999987	1
13.799999999999986	1
13.899999999999986	1
13.999999999999986	1
14.099999999999985	1
14.199999999999985	1
14.299999999999985	1
14.399999999999984	1
14.499999999999984	1
14.599999999999984	1
14.699999999999983	1
14.799999999999983	1
14.899999999999983	1
14.999999999999982	1
15.099999999999982	1
15.199999999999982	1
15.299999999999981	1
15.399999999999981	1
15.49999999999998	1
15.59999999999998	1
15.69999999999998	1
15.799999999999979	1
15.899999999999979	1
15.999999999999979	1
16.09999999999998	1
16.199999999999982	1
16.299999999999983	1
16.399999999999984	1
16.499999999999986	1
16.599999999999987	1
16.699999999999989	1
16.79999999999999	1
16.899999999999991	1
16.999999999999993	1
17.099999999999994	1
17.199999999999996	1
17.299999999999997	1
17.399999999999999	1
17.5	1
17.600000000000001	1
17.700000000000003	1
17.800000000000004	1
17.900000000000006	1
18.000000000000007	1
18.100000000000009	1
18.20000000000001	1
18.300000000000011	1
18.400000000000013	1
18.500000000000014	1
18.600000000000016	1
18.700000000000017	1
18.800000000000018	1
18.90000000000002	1
19.000000000000021	1
19.100000000000023	1
19.200000000000024	1
19.300000000000026	1
19.400000000000027	1
19.500000000000028	1
19.60000000000003	1
19.700000000000031	1
19.800000000000033	1
19.900000000000034	1
20.000000000000036	1
20.100000000000037	1
20.200000000000038	1
20.30000000000004	1
20.400000000000041	1
20.500000000000043	4
20.600000000000044	3.5
20.700000000000045	3.78571
20.800000000000047	3.78571
20.900000000000048	2
21.00000000000005	3.55301
21.100000000000051	3.55301
21.200000000000053	1.77651
21.300000000000054	4.26116
21.400000000000055	5.87239
21.500000000000057	3.27677
21.600000000000058	5.01772
21.70000000000006	5.77236
21.800000000000061	3.23266
21.900000000000063	4.98988
22.000000000000064	6.09112
22.100000000000065	3.04556
22.200000000000067	3.37391
22.300000000000068	3.37391
22.40000000000007	2
22.500000000000071	3.55301
22.600000000000072	5.19763
22.700000000000074	7.02286
22.800000000000075	8.80618
22.900000000000077	10.3785
23.000000000000078	5.18927
23.10000000000008	5.38197
23.200000000000081	3.0626
23.300000000000082	3.68418
23.400000000000084	2.84209
23.500000000000085	4.30243
23.600000000000087	6.07143
23.700000000000088	7.9457
23.80000000000009	4.33654
23.900000000000091	5.57333
24.000000000000092	3.28746
24.100000000000094	3.87007
24.200000000000095	5.41497
24.300000000000097	7.04188
24.400000000000098	3.52094
24.500000000000099	4.97528
24.600000000000101	6.56005
24.700000000000102	3.5036
24.800000000000104	3.5036
24.900000000000105	2.02647
25.000000000000107	2.51994
25.100000000000108	2.51994
25.200000000000109	2
25.300000000000111	3.55301
25.400000000000112	2.04763
25.500000000000114	3.27158
25.600000000000115	5.01443
25.700000000000117	6.1111
25.800000000000118	3.05555
25.900000000000119	4.66649
26.000000000000121	6.00272
26.100000000000122	7.76485
26.200000000000124	4.0725
26.300000000000125	4.9791
26.400000000000126	6.08235
26.500000000000128	3.93946
26.600000000000129	4.65742
26.700000000000131	2.32871
26.800000000000132	3.99971
26.900000000000134	5.31881
27.000000000000135	3.03543
27.100000000000136	3.66206
27.200000000000138	3.66206
27.300000000000139	2
27.400000000000141	3.55301
27.500000000000142	5.19763
27.600000000000144	6.5768
27.700000000000145	3.5925
27.800000000000146	4.37138
27.900000000000148	2.18569
28.000000000000149	3.35249
28.100000000000151	3.35249
28.200000000000152	1.67625
28.300000000000153	3.0499
28.400000000000155	1.52495
28.500000000000156	3.26335
28.600000000000158	3.26335
28.700000000000159	1
28.800000000000161	2.5
28.900000000000162	4.33944
29.000000000000163	4.56988
29.100000000000165	2.28494
29.200000000000166	2.28494
29.300000000000168	2.28494
29.400000000000169	2
29.500000000000171	3.55301
29.600000000000172	3.55301
29.700000000000173	1
29.800000000000175	2.9
29.900000000000176	4.33944
30.000000000000178	6.09735
30.100000000000179	7.83782
30.20000000000018	3.91891
30.300000000000182	5.25924
30.400000000000183	7.06819
30.500000000000185	8.95533
30.600000000000186	10.3121
30.700000000000188	5.15606
30.800000000000189	6.99242
30.90000000000019	2.56772
31.000000000000192	4.58113
31.100000000000193	6.26947
31.200000000000195	7.71465
31.300000000000196	3.85733
31.400000000000198	3.85733
31.500000000000199	1
31.6000000000002	2.9
31.700000000000202	4.33944
31.800000000000203	5.57555
31.900000000000205	2.78778
32.000000000000206	4.26821
32.100000000000207	5.70206
32.200000000000209	2.85103
32.30000000000021	3.79867
32.400000000000212	2.89934
32.500000000000213	3.24424
32.600000000000215	2.62212
32.700000000000216	4.16685
32.800000000000217	5.97756
32.900000000000219	7.61419
33.00000000000022	4.12482
33.100000000000222	2.29812
33.200000000000223	3.09912
33.300000000000225	1.54956
33.400000000000226	2.94178
33.500000000000227	2.94178
33.600000000000229	2.47089
33.70000000000023	2.47089
33.800000000000232	1
33.900000000000233	2.9
34.000000000000234	4.33944
34.100000000000236	4.56988
34.200000000000237	2.28494
34.300000000000239	2.28494
34.40000000000024	3.08989
34.500000000000242	3.08989
34.600000000000243	2
34.700000000000244	3.24483
34.800000000000246	1.62241
34.900000000000247	3.33666
35.000000000000249	4.63392
35.10000000000025	2.31696
35.200000000000252	3.11239
35.300000000000253	4.70267
35.400000000000254	6.35783
35.500000000000256	8.16546
35.600000000000257	4.08273
35.700000000000259	5.38064
35.80000000000026	3.04454
35.900000000000261	3.373
36.000000000000263	3.373
36.100000000000264	2
36.200000000000266	3.55301
36.300000000000267	5.19763
36.400000000000269	6.72885
36.50000000000027	3.36442
36.600000000000271	4.65348
36.700000000000273	6.32192
36.800000000000274	3.39258
36.900000000000276	3.95854
37.000000000000277	5.47747
37.100000000000279	6.17449
37.20000000000028	3.08724
37.300000000000281	3.08724
37.400000000000283	4.68661
37.500000000000284	6.01823
37.600000000000286	3.00911
37.700000000000287	3.00911
37.800000000000288	2
37.90000000000029	3.83446
38.000000000000291	4.09525
38.100000000000293	4.09525
38.200000000000294	2
38.300000000000296	3.55301
38.400000000000297	2.16972
38.500000000000298	3.01075
38.6000000000003	4.41163
38.700000000000301	5.80889
38.800000000000303	2.90445
38.900000000000304	4.3423
39.000000000000306	6.09935
39.100000000000307	7.83938
39.200000000000308	4.17481
39.30000000000031	5.06227
39.400000000000311	2.53113
39.500000000000313	2.53113
39.600000000000314	3.26795
39.700000000000315	3.57395
39.800000000000317	1.78698
39.900000000000318	1.78698
40.00000000000032	1
40.100000000000321	2.5
40.200000000000323	4.33944
40.300000000000324	5.92867
40.400000000000325	7.57609
40.500000000000327	4.10727
40.600000000000328	4.58059
40.70000000000033	6.26908
40.800000000000331	8.0969
40.900000000000333	4.46256
41.000000000000334	4.46256
41.100000000000335	5.1041
41.200000000000337	6.95455
41.300000000000338	3.89588
41.40000000000034	4.8374
41.500000000000341	2.4187
41.600000000000342	4.04917
41.700000000000344	5.72273
41.800000000000345	7.41701
41.900000000000347	9.23215
42.000000000000348	10.6478
42.10000000000035	5.32391
42.200000000000351	5.32391
42.300000000000352	2.93441
42.400000000000354	2.93441
42.500000000000355	2.93441
42.600000000000357	2
42.700000000000358	3.55301
42.80000000000036	5.19763
42.900000000000361	2.87745
43.000000000000362	3.53506
43.100000000000364	5.18566
43.200000000000365	2.95912
43.300000000000367	4.13596
43.400000000000368	4.6061