10	1
10.1	1
10.199999999999999	1
10.299999999999999	1
10.399999999999999	1
10.499999999999998	1
10.599999999999998	1
10.699999999999998	1
10.799999999999997	1
10.899999999999997	1
10.999999999999996	1
11.099999999999996	1
11.199999999999996	1
11.299999999999995	1
11.399999999999995	1
11.499999999999995	1
11.599999999999994	1
11.699999999999994	1
11.799999999999994	1
11.899999999999993	1
11.999999999999993	1
12.099999999999993	1
12.199999999999992	1
12.299999999999992	1
12.399999999999991	1
12.499999999999991	1
12.599999999999991	1
12.69999999999999	1
12.79999999999999	1
12.89999999999999	1
12.999999999999989	1
13.099999999999989	1
13.199999999999989	1
13.299999999999988	1
13.399999999999988	1
13.499999999999988	1
13.599999999999987	1
13.699999999999987	1
13.799999999999986	1
13.899999999999986	1
13.999999999999986	1
14.099999999999985	1
14.199999999999985	1
14.299999999999985	1
14.399999999999984	1
14.499999999999984	1
14.599999999999984	1
14.699999999999983	1
14.799999999999983	1
14.899999999999983	1
14.999999999999982	1
15.099999999999982	1
15.199999999999982	1
15.299999999999981	1
15.399999999999981	1
15.49999999999998	1
15.59999999999998	1
15.69999999999998	1
15.799999999999979	1
15.899999999999979	4
15.999999999999979	32
16.09999999999998	32
16.199999999999982	16.1248
16.299999999999983	13.2358
16.399999999999984	23.7439
16.499999999999986	10.3337
16.599999999999987	19.6833
16.699999999999989	30.2632
16.79999999999999	41.063
16.899999999999991	23.8134
16.999999999999993	6.18029
17.099999999999994	15.5281
17.199999999999996	10.4093
17.299999999999997	19.3125
17.399999999999999	30.0236
17.5	20.1858
17.600000000000001	30.8527
17.700000000000003	41.4993
17.800000000000004	22.081
17.900000000000006	18.1898
18.000000000000007	17.9132
18.100000000000009	14.0518
18.20000000000001	24.4542
18.300000000000011	10.3866
18.400000000000013	20.0135
18.500000000000014	30.5117
18.600000000000016	21.6452
18.700000000000017	16.4872
18.800000000000018	27.0984
18.90000000000002	18.7402
19.000000000000021	15.0506
19.100000000000023	13.1136
19.200000000000024	22.5945
19.300000000000026	33.24
19.400000000000027	4.57806
19.500000000000028	9.98741
19.60000000000003	8.29136
19.700000000000031	18.5892
19.800000000000033	29.1892
19.900000000000034	17.5242
20.000000000000036	28.1349
20.100000000000037	19.6888
20.200000000000038	30.2668
20.30000000000004	20.3266
20.400000000000041	15.3263
20.500000000000043	10.0145
20.600000000000044	17.4024
20.700000000000045	28.0593
20.800000000000047	38.6994
20.900000000000048	11.3439
21.00000000000005	21.8481
21.100000000000051	7.77764
21.200000000000053	16.8899
21.300000000000054	13.3766
21.400000000000055	19.3728
21.500000000000057	30.0623
21.600000000000058	20.9444
21.70000000000006	20.0079
21.800000000000061	14.2908
21.900000000000063	13.2438
22.000000000000064	12.1291
22.100000000000065	22.533
22.200000000000067	17.3308
22.300000000000068	28.0149
22.40000000000007	38.5896
22.500000000000071	13.2997
22.600000000000072	13.3864
22.700000000000074	10.9965
22.800000000000075	20.1874
22.900000000000077	30.8538
23.000000000000078	19.7629
23.10000000000008	29.3422
23.200000000000081	18.3929
23.300000000000082	12.4433
23.400000000000084	13.763
23.500000000000085	24.2071
23.600000000000087	19.696
23.700000000000088	14.1271
23.80000000000009	15.0018
23.900000000000091	13.4603
24.000000000000092	24.0366
24.100000000000094	34.6139
24.200000000000095	21.9679
24.300000000000097	13.2024
24.400000000000098	22.7343
24.500000000000099	17.8328
24.600000000000101	12.5334
24.700000000000102	18.3158
24.800000000000104	13.4548
24.900000000000105	24.0336
25.000000000000107	18.1986
25.100000000000108	14.3515
25.200000000000109	24.9904
25.300000000000111	20.3247
25.400000000000112	31.0406
25.500000000000114	23.4365
25.600000000000115	34.1416
25.700000000000117	23.3265
25.800000000000118	7.81363
25.900000000000119	8.43197
26.000000000000121	18.759
26.100000000000122	13.9312
26.200000000000124	24.303
26.300000000000125	16.8902
26.400000000000126	15.0396
26.500000000000128	25.47
26.600000000000129	17.5431
26.700000000000131	17.5431
26.800000000000132	2
26.900000000000134	7.01006
27.000000000000135	3.97707
27.100000000000136	3.97707
27.200000000000138	8.80618
27.300000000000139	18.6629
27.400000000000141	13.778
27.500000000000142	24.2157
27.600000000000144	34.9967
27.700000000000145	24.4638
27.800000000000146	9.08277
27.900000000000148	18.9006
28.000000000000149	14.9
28.100000000000151	25.3089
28.200000000000152	20.0371
28.300000000000153	17.2728
28.400000000000155	16.1887
28.500000000000156	25.8174
28.600000000000158	18.2723
28.700000000000159	28.9886
28.800000000000161	10.4935
28.900000000000162	9.36342
29.000000000000163	19.089
29.100000000000165	17.2388
29.200000000000166	12.7237
29.300000000000168	11.1476
29.400000000000169	21.5158
29.500000000000171	17.0308
29.600000000000172	27.5051
29.700000000000173	19.3738
29.800000000000175	18.6007
29.900000000000176	29.1965
30.000000000000178	21.5499
30.100000000000179	16.337
30.20000000000018	27.0074
30.300000000000182	20.2401
30.400000000000183	14.2303
30.500000000000185	10.0733
30.600000000000186	20.3513
30.700000000000188	15.8824
30.800000000000189	12.6366
30.90000000000019	12.9645
31.000000000000192	10.6604
31.100000000000193	13.3511
31.200000000000195	23.934
31.300000000000196	34.4848
31.400000000000198	12.0969
31.500000000000199	22.4712
31.6000000000002	8.27766
31.700000000000202	17.5862
31.800000000000203	13.8017
31.900000000000205	24.2291
32.000000000000206	19.5354
32.100000000000207	15.4352
32.200000000000209	15.724
32.30000000000021	12.467
32.400000000000212	21.165
32.500000000000213	18.179
32.600000000000215	28.7217
32.700000000000216	22.8188
32.800000000000217	33.3928
32.900000000000219	43.1895
33.00000000000022	23.0944
33.100000000000222	11.8889
33.200000000000223	11.8889
33.300000000000225	8.09245
33.400000000000226	10.8424
33.500000000000227	9.51474
33.600000000000229	10.3239
33.70000000000023	11.3184
33.800000000000232	4.85592
33.900000000000233	4.85592
34.000000000000234	1
34.100000000000236	10.5704
34.200000000000237	21.0338
34.300000000000239	16.1359
34.40000000000024	26.6622
34.500000000000242	19.9027
34.600000000000243	16.3832
34.700000000000244	27.0354
34.800000000000246	37.6463
34.900000000000247	48.3683
35.000000000000249	14.0842
35.10000000000025	24.0188
35.200000000000252	19.0557
35.300000000000253	28.6274
35.400000000000254	17.3329
35.500000000000256	9.0065
35.600000000000257	10.2889
35.700000000000259	5.51426
35.80000000000026	15.344
35.900000000000261	12.2306
36.000000000000263	14.7899
36.100000000000264	25.1649
36.200000000000266	9.82749
36.300000000000267	20.132
36.400000000000269	30.7526
36.50000000000027	21.4506
36.600000000000271	9.98966
36.700000000000273	20.2114
36.800000000000274	14.3449
36.900000000000276	12.3118
37.000000000000277	10.9899
37.100000000000279	21.2471
37.20000000000028	13.9259
37.300000000000281	16.1036
37.400000000000283	15.3081
37.500000000000284	12.3395
37.600000000000286	22.8666
37.700000000000287	19.0312
37.800000000000288	12.5346
37.90000000000029	11.5606
38.000000000000291	12.1696
38.100000000000293	11.9775
38.200000000000294	4.88178
38.300000000000296	4.08842
38.400000000000297	13.562
38.500000000000298	11.4606
38.6000000000003	6.17655
38.700000000000301	9.82947
38.800000000000303	20.133
38.900000000000304	10.2491
39.000000000000306	8.65403
39.100000000000307	16.5996
39.200000000000308	10.9549
39.30000000000031	9.78729
39.400000000000311	5.13418
39.500000000000313	15.1476
39.600000000000314	25.612
39.700000000000315	19.4116
39.800000000000317	17.3256
39.900000000000318	3.96464
40.00000000000032	5.97958
40.100000000000321	9.36495
40.200000000000323	5.16384
40.300000000000324	5.95625
40.400000000000325	14.2954
40.500000000000327	24.878
40.600000000000328	35.458
40.70000000000033	18.0644
40.800000000000331	18.0644
40.900000000000333	13.7632
41.000000000000334	12.0207
41.100000000000335	8.08026
41.200000000000337	8.09303
41.300000000000338	8.66462
41.40000000000034	19.0227
41.500000000000341	7.07315
41.600000000000342	15.1259
41.700000000000344	14.0966
41.800000000000345	11.4221
41.900000000000347	10.2559
42.000000000000348	9.79624
42.10000000000035	10.0128
42.200000000000351	20.2722
42.300000000000352	16.0336
42.400000000000354	13.3294
42.500000000000355	13.1308
42.600000000000357	14.1008
42.700000000000358	12.0972
42.80000000000036	20.854
42.900000000000361	8.12503
43.000000000000362	18.353
43.100000000000364	15.2545
43.200000000000365	15.6161
43.300000000000367	15.1483
43.400000000000368	25.6515
43.500000000000369	20.6981
43.600000000000371	15.5219
43.700000000000372	12.7615
43.800000000000374	21.2454
43.900000000000375	11.3669
44.000000000000377	5.11421
44.100000000000378	14.8738
44.200000000000379	12.1423
44.300000000000381	22.5401
44.400000000000382	32.2244
44.500000000000384	11.6936
44.600000000000385	6.18672
44.700000000000387	8.28274
44.800000000000388	18.5853
44.900000000000389	14.9711
45.000000000000391	25.1526
45.100000000000392	35.1139
45.200000000000394	11.0583
45.300000000000395	21.3763
45.400000000000396	16.2645
45.500000000000398	11.5205
45.600000000000399	20.9122
45.700000000000401	14.9877
45.800000000000402	25.3605
45.900000000000404	19.0557
46.000000000000405	29.5899
46.100000000000406	40.2724
46.200000000000408	21.8629
46.300000000000409	11.6645
46.400000000000411	22.1066
46.500000000000412	19.3182
46.600000000000414	18.0243
46.700000000000415	17.9973
46.800000000000416	12.9672
46.900000000000418	23.2967
47.000000000000419	16.3954
47.100000000000421	14.3597
47.200000000000422	24.9951
47.300000000000423	20.9921
47.400000000000425	17.0601
47.500000000000426	17.145
47.600000000000428	15.3143
47.700000000000429	6.51002
47.800000000000431	8.40288
47.900000000000432	9.45973
48.000000000000433	10.4775
48.100000000000435	10.7006
48.200000000000436	4.75723
48.300000000000438	12.87
48.400000000000439	7.08196
48.500000000000441	14.9969
48.600000000000442	8.64291
48.700000000000443	19.0129
48.800000000000445	15.1689
48.900000000000446	24.6695
49.000000000000448	9.00729
49.100000000000449	9.88476
49.20000000000045	12.8605
49.300000000000452	9.01309
49.400000000000453	19.1309
49.500000000000455	11.6263
49.600000000000456	22.0865
49.700000000000458	19.0255
49.800000000000459	17.0277
49.90000000000046	27.4667
50.000000000000462	38.1936
50.100000000000463	22.0731
50.200000000000465	16.0212
50.300000000000466	15.9921
50.400000000000468	5.90081
50.500000000000469	7.32063
50.60000000000047	10.138
50.700000000000472	5.57722
50.800000000000473	14.6997
50.900000000000475	13.8715
51.000000000000476	6.91271
51.100000000000477	16.2062
51.200000000000479	26.7796
51.30000000000048	17.4887
51.400000000000482	22.3629
51.500000000000483	20.1021
51.600000000000485	12.0495
51.700000000000486	13.875
51.800000000000487	9.7578
51.900000000000489	9.24516
52.00000000000049	10.4071
52.100000000000492	11.9685
52.200000000000493	14.1997
52.300000000000495	24.7019
52.400000000000496	10.1027
52.500000000000497	20.415
52.600000000000499	31.0997
52.7000000000005	22.4635
52.800000000000502	19.689
52.900000000000503	30.2669
53.000000000000504	12.2693
53.100000000000506	22.741
53.200000000000507	16.8961
53.300000000000509	27.2756
53.40000000000051	17.0924
53.500000000000512	13.1794
53.600000000000513	23.6703
53.700000000000514	19.698
53.800000000000516	30.2728
53.900000000000517	41.0456
54.000000000000519	27.6038
54.10000000000052	38.2923
54.200000000000522	24.7526
54.300000000000523	17.5431
54.400000000000524	26.271
54.500000000000526	10.3982
54.600000000000527	20.8043
54.700000000000529	30.4171
54.80000000000053	16.5475
54.900000000000531	16.5475
55.000000000000533	12.265
55.100000000000534	22.7387
55.200000000000536	9.62114
55.300000000000537	19.8316
55.400000000000539	30.3598
55.50000000000054	18.0712
55.600000000000541	28.5837
55.700000000000543	21.2142
55.800000000000544	19.0551
55.900000000000546	14.8835
56.000000000000547	6.16857
56.100000000000549	15.0648
56.20000000000055	25.5241
56.300000000000551	14.3492
56.400000000000553	14.3492
56.500000000000554	9.45
56.600000000000556	11.6016
56.700000000000557	10.5498
56.800000000000558	9.47651
56.90000000000056	19.9135
57.000000000000561	14.5357
57.100000000000563	11.83
57.200000000000564	9.75383
57.300000000000566	9.77029
57.4000000000005