10	1
10.1	1
10.199999999999999	1
10.299999999999999	1
10.399999999999999	13.5
10.499999999999998	19.534
10.599999999999998	35.0737
10.699999999999998	23.9816
10.799999999999997	23.9816
10.899999999999997	14.5758
10.999999999999996	30.0862
11.099999999999996	22.4921
11.199999999999996	37.2881
11.299999999999995	11.5399
11.399999999999995	14.4968
11.499999999999995	14.7722
11.599999999999994	19.2357
11.699999999999994	16.8719
11.799999999999994	16.4463
11.899999999999993	18.5369
11.999999999999993	19.0342
12.099999999999993	34.3932
12.199999999999992	50.1126
12.299999999999992	14.1938
12.399999999999991	7.37399
12.499999999999991	16.6491
12.599999999999991	6.60095
12.69999999999999	21.5118
12.79999999999999	23.0726
12.89999999999999	18.4581
12.999999999999989	10.4055
13.099999999999989	25.5964
13.199999999999989	16.3663
13.299999999999988	8.48369
13.399999999999988	22.6043
13.499999999999988	20.0773
13.599999999999987	17.012
13.699999999999987	8.79546
13.799999999999986	23.9241
13.899999999999986	14.0225
13.999999999999986	13.5753
14.099999999999985	13.9015
14.199999999999985	15.2964
14.299999999999985	30.7031
14.399999999999984	11.1622
14.499999999999984	26.3335
14.599999999999984	26.0378
14.699999999999983	23.334
14.799999999999983	22.3971
14.899999999999983	9.14674
14.999999999999982	25.0334
15.099999999999982	12.5625
15.199999999999982	5.56225
15.299999999999981	15.8107
15.399999999999981	19.0832
15.49999999999998	18.5319
15.59999999999998	12.9399
15.69999999999998	15.5318
15.799999999999979	12.5324
15.899999999999979	7.57565
15.999999999999979	12.3282
16.09999999999998	13.0876
16.199999999999982	19.0468
16.299999999999983	17.9022
16.399999999999984	10.4806
16.499999999999986	25.7049
16.599999999999987	18.4466
16.699999999999989	11.3249
16.79999999999999	26.5539
16.899999999999991	16.4569
16.999999999999993	16.4569
17.099999999999994	11.2402
17.199999999999996	27.4087
17.299999999999997	17.4175
17.399999999999999	12.5373
17.5	16.3984
17.600000000000001	14.5429
17.700000000000003	17.1677
17.800000000000004	20.1103
17.900000000000006	35.5386
18.000000000000007	9.82722
18.100000000000009	9.64041
18.20000000000001	25.7667
18.300000000000011	8.86839
18.400000000000013	12.1425
18.500000000000014	14.1687
18.600000000000016	13.9949
18.700000000000017	17.6682
18.800000000000018	20.0667
18.90000000000002	19.4561
19.000000000000021	21.643
19.100000000000023	22.1395
19.200000000000024	38.6098
19.300000000000026	10.7613
19.400000000000027	20.0607
19.500000000000028	23.0964
19.60000000000003	18.1653
19.700000000000031	33.5946
19.800000000000033	8.86266
19.900000000000034	20.084
20.000000000000036	35.4956
20.100000000000037	14.8872
20.200000000000038	19.1489
20.30000000000004	12.1955
20.400000000000041	12.1955
20.500000000000043	11.342
20.600000000000044	13.4923
20.700000000000045	7.23548
20.800000000000047	22.2144
20.900000000000048	37.7625
21.00000000000005	10.7069
21.100000000000051	12.082
21.200000000000053	15.606
21.300000000000054	17.1868
21.400000000000055	33.5567
21.500000000000057	25.8794
21.600000000000058	7.61595
21.70000000000006	22.4742
21.800000000000061	10.2628
21.900000000000063	18.7598
22.000000000000064	15.2063
22.100000000000065	14.1764
22.200000000000067	29.4908
22.300000000000068	45.1457
22.40000000000007	12.6301
22.500000000000071	11.018
22.600000000000072	13.4048
22.700000000000074	9.42426
22.800000000000075	12.8741
22.900000000000077	28.1163
23.000000000000078	22.1431
23.10000000000008	14.0883
23.200000000000081	29.3464
23.300000000000082	11.5127
23.400000000000084	25.7556
23.500000000000085	19.0114
23.600000000000087	9.76552
23.700000000000088	24.9861
23.80000000000009	7.35109
23.900000000000091	17.4041
24.000000000000092	10.4669
24.100000000000094	16.9875
24.200000000000095	32.2679
24.300000000000097	12.8762
24.400000000000098	28.3653
24.500000000000099	21.1847
24.600000000000101	36.7062
24.700000000000102	20.454
24.800000000000104	13.2225
24.900000000000105	13.0338
25.000000000000107	27.6158
25.100000000000108	18.2136
25.200000000000109	15.9838
25.300000000000111	18.5191
25.400000000000112	10.1692
25.500000000000114	8.05327
25.600000000000115	12.0726
25.700000000000117	16.2376
25.800000000000118	15.6885
25.900000000000119	15.0565
26.000000000000121	30.3216
26.100000000000122	9.53193
26.200000000000124	19.0145
26.300000000000125	15.6225
26.400000000000126	21.8643
26.500000000000128	13.1552
26.600000000000129	13.1552
26.700000000000131	6.25981
26.800000000000132	19.9085
26.900000000000134	7.48133
27.000000000000135	12.0207
27.100000000000136	27.1904
27.200000000000138	19.0898
27.300000000000139	14.3352
27.400000000000141	12.6345
27.500000000000142	12.6364
27.600000000000144	28.0085
27.700000000000145	14.2254
27.800000000000146	16.0777
27.900000000000148	31.3873
28.000000000000149	8.29658
28.100000000000151	10.2596
28.200000000000152	14.1766
28.300000000000153	17.3297
28.400000000000155	17.5495
28.500000000000156	14.9375
28.600000000000158	7.7648
28.700000000000159	7.7648
28.800000000000161	11.0604
28.900000000000162	11.8447
29.000000000000163	17.2017
29.100000000000165	32.6273
29.200000000000166	10.9654
29.300000000000168	13.9812
29.400000000000169	15.432
29.500000000000171	20.0085
29.600000000000172	35.3682
29.700000000000173	11.3351
29.800000000000175	8.48467
29.900000000000176	24.5164
30.000000000000178	9.62267
30.100000000000179	13.2046
30.20000000000018	28.4804
30.300000000000182	8.51251
30.400000000000183	17.9781
30.500000000000185	16.5667
30.600000000000186	14.0869
30.700000000000188	29.3458
30.800000000000189	11.5688
30.90000000000019	13.348
31.000000000000192	27.9447
31.100000000000193	20.5627
31.200000000000195	10.522
31.300000000000196	11.0483
31.400000000000198	19.2294
31.500000000000199	8.79233
31.6000000000002	10.7727
31.700000000000202	21.0885
31.800000000000203	18.6041
31.900000000000205	19.6969
32.000000000000206	18.2998
32.100000000000207	19.1093
32.200000000000209	18.1272
32.30000000000021	10.3222
32.400000000000212	14.2006
32.500000000000213	15.3884
32.600000000000215	19.0887
32.700000000000216	17.083
32.800000000000217	22.5373
32.900000000000219	38.8133
33.00000000000022	11.199
33.100000000000222	16.5472
33.200000000000223	32.0386
33.300000000000225	13.6945
33.400000000000226	29.0567
33.500000000000227	13.4431
33.600000000000229	13.3548
33.70000000000023	25.1989
33.800000000000232	40.8102
33.900000000000233	12.318
34.000000000000234	9.01501
34.100000000000236	12.0263
34.200000000000237	13.3738
34.300000000000239	12.9375
34.40000000000024	27.1684
34.500000000000242	42.7852
34.600000000000243	10.9735
34.700000000000244	24.1497
34.800000000000246	8.29778
34.900000000000247	18.4297
35.000000000000249	10.2499
35.10000000000025	16.2712
35.200000000000252	15.1938
35.300000000000253	17.0358
35.400000000000254	16.0846
35.500000000000256	15.8847
35.600000000000257	31.1929
35.700000000000259	27.2062
35.80000000000026	17.9057
35.900000000000261	12.0594
36.000000000000263	20.125
36.100000000000264	17.5634
36.200000000000266	8.16445
36.300000000000267	23.1885
36.400000000000269	22.5933
36.50000000000027	23.7972
36.600000000000271	22.2961
36.700000000000273	11.049
36.800000000000274	26.0949
36.900000000000276	8.47501
37.000000000000277	12.0071
37.100000000000279	27.1843
37.20000000000028	13.0373
37.300000000000281	27.3992
37.400000000000283	9.94771
37.500000000000284	14.1432
37.600000000000286	29.4409
37.700000000000287	9.09357
37.800000000000288	23.1004
37.90000000000029	38.5764
38.000000000000291	10.6992
38.100000000000293	25.9877
38.200000000000294	23.2978
38.300000000000296	13.2563
38.400000000000297	14.2181
38.500000000000298	19.3123
38.6000000000003	9.92523
38.700000000000301	11.7211
38.800000000000303	16.1148
38.900000000000304	20.5606
39.000000000000306	37.0854
39.100000000000307	32.448
39.200000000000308	30.0885
39.30000000000031	9.95513
39.400000000000311	16.3586
39.500000000000313	14.1293
39.600000000000314	15.0235
39.700000000000315	30.2722
39.800000000000317	26.0871
39.900000000000318	13.4435
40.00000000000032	17.6453
40.100000000000321	18.9872
40.200000000000323	34.309
40.300000000000324	29.1934
40.400000000000325	26.0971
40.500000000000327	9.68674
40.600000000000328	24.8753
40.70000000000033	22.7411
40.800000000000331	38.1533
40.900000000000333	9.79727
41.000000000000334	12.874
41.100000000000335	10.0771
41.200000000000337	10.0771
41.300000000000338	2.5
41.40000000000034	14.9694
41.500000000000341	30.146
41.600000000000342	8.65449
41.700000000000344	23.7468
41.800000000000345	21.4083
41.900000000000347	10.7828
42.000000000000348	14.5844
42.10000000000035	14.9283
42.200000000000351	12.4033
42.300000000000352	12.7727
42.400000000000354	27.2378
42.500000000000355	16.7489
42.600000000000357	14.1643
42.700000000000358	29.451
42.80000000000036	9.5712
42.900000000000361	20.9856
43.000000000000362	23.7457
43.100000000000364	9.49388
43.200000000000365	6.45879
43.300000000000367	10.7605
43.400000000000368	26.0129
43.500000000000369	11.0631
43.600000000000371	26.2156
43.700000000000372	25.9996
43.800000000000374	7.92825
43.900000000000375	9.16424
44.000000000000377	24.2685
44.100000000000378	12.0926
44.200000000000379	13.4818
44.300000000000381	14.1543
44.400000000000382	19.608
44.500000000000384	20.5706
44.600000000000385	22.27
44.700000000000387	11.4527
44.800000000000388	16.9878
44.900000000000389	21.9217
45.000000000000391	12.4769
45.100000000000392	12.4769
45.200000000000394	14.5909
45.300000000000395	13.2674
45.400000000000396	16.6497
45.500000000000398	16.236
45.600000000000399	15.4778
45.700000000000401	29.1581
45.800000000000402	13.9922
45.900000000000404	14.2872
46.000000000000405	26.0907
46.100000000000406	8.72193
46.200000000000408	21.5169
46.300000000000409	10.0559
46.400000000000411	25.1802
46.500000000000412	20.2642
46.600000000000414	18.6394
46.700000000000415	18.3781
46.800000000000416	9.07602
46.900000000000418	15.4271
47.000000000000419	19.0746
47.100000000000421	16.2912
47.200000000000422	13.2277
47.300000000000423	13.2277
47.400000000000425	6
47.500000000000426	11.4786
47.600000000000428	14.3884
47.700000000000429	30.7536
47.800000000000431	21.2962
47.900000000000432	17.8998
48.000000000000433	17.2081
48.100000000000435	32.6306
48.200000000000436	18.1444
48.300000000000438	18.1444
48.400000000000439	4
48.500000000000441	23.2368
48.600000000000442	38.839
48.700000000000443	31.4089
48.800000000000445	9.0165
48.900000000000446	11.3258
49.000000000000448	12.1212
49.100000000000449	17.3243
49.20000000000045	32.8142
49.300000000000452	21.6394
49.400000000000453	11.0712
49.500000000000455	6.35324
49.600000000000456	13.8863
49.700000000000458	19.1727
49.800000000000459	8.97655
49.90000000000046	11.4402
50.000000000000462	15.5204
50.100000000000463	31.0093
50.200000000000465	22.594
50.300000000000466	23.1129
50.400000000000468	38.6098
50.500000000000469	10.3346
50.60000000000047	19.8358
50.700000000000472	8.57587
50.800000000000473	21.7826
50.900000000000475	15.4663
51.000000000000476	16.4476
51.100000000000477	7.39147
51.200000000000479	22.3997
51.30000000000048	38.0299
51.400000000000482	29.4426
51.500000000000483	25.1636
51.600000000000485	26.2109
51.700000000000486	41.8507
51.800000000000487	34.8191
51.900000000000489	10.074
52.00000000000049	12.9849
52.100000000000492	27.3011
52.200000000000493	13.9865
52.300000000000495	14.8387
52.400000000000496	30.1479
52.500000000000497	8.85002
52.600000000000499	10.005
52.7000000000005	25.1202
52.800000000000502	24.2865
52.900000000000503	11.4853
53.000000000000504	27.7272
53.100000000000506	13.7749
53.200000000000507	12.6526
53.300000000000509	27.5112
53.40000000000051	22.3928
53.500000000000512	12.9951
53.600000000000513	16.0428
53.700000000000514	20.103
53.800000000000516	15.8792
53.900000000000517	15.8792
54.000000000000519	12.0177
54.10000000000052	27.189
54.200000000000522	21.1642
54.300000000000523	10.6057
54.400000000000524	11.481
54.500000000000526	25.5855
54.600000000000527	9.75997
54.700000000000529	13.5636
54.80000000000053	28.9954
54.900000000000531	8.38522
55.000000000000533	9.2394
55.100000000000534	10.9571
55.200000000000536	23.8083
55.300000000000537	21.9795
55.400000000000539	24.1456
55.50000000000054	21.4399
55.600000000000541	22.3971
55.700000000000543	21.7822
55.800000000000544	23.1142
55.900000000000546	12.1907
56.000000000000547	17.1158
56.1000000000005