10	1
10.1	1
10.199999999999999	1
10.299999999999999	1
10.399999999999999	1
10.499999999999998	1
10.599999999999998	1
10.699999999999998	1
10.799999999999997	1
10.899999999999997	1
10.999999999999996	1
11.099999999999996	1
11.199999999999996	1
11.299999999999995	1
11.399999999999995	1
11.499999999999995	1
11.599999999999994	1
11.699999999999994	1
11.799999999999994	1
11.899999999999993	1
11.999999999999993	1
12.099999999999993	1
12.199999999999992	1
12.299999999999992	1
12.399999999999991	1
12.499999999999991	1
12.599999999999991	1
12.69999999999999	1
12.79999999999999	1
12.89999999999999	1
12.999999999999989	1
13.099999999999989	1
13.199999999999989	1
13.299999999999988	1
13.399999999999988	1
13.499999999999988	1
13.599999999999987	1
13.699999999999987	1
13.799999999999986	1
13.899999999999986	1
13.999999999999986	1
14.099999999999985	1
14.199999999999985	1
14.299999999999985	1
14.399999999999984	1
14.499999999999984	1
14.599999999999984	1
14.699999999999983	1
14.799999999999983	1
14.899999999999983	1
14.999999999999982	1
15.099999999999982	1
15.199999999999982	1
15.299999999999981	1
15.399999999999981	1
15.49999999999998	1
15.59999999999998	21.5
15.69999999999998	11.4952
15.799999999999979	11.6065
15.899999999999979	7.09178
15.999999999999979	14.2476
16.09999999999998	12.9904
16.199999999999982	5.99056
16.299999999999983	13.6644
16.399999999999984	11.4241
16.499999999999986	4.96505
16.599999999999987	7.61295
16.699999999999989	6.37329
16.79999999999999	6.14981
16.899999999999991	6.56857
16.999999999999993	7.17366
17.099999999999994	6.08261
17.199999999999996	6.08261
17.299999999999997	3
17.399999999999999	10.2104
17.5	11.0599
17.600000000000001	4.22481
17.700000000000003	4.48927
17.800000000000004	5.35391
17.900000000000006	6.45629
18.000000000000007	14.1589
18.100000000000009	7.43159
18.20000000000001	5.69337
18.300000000000011	5.69337
18.400000000000013	4.09525
18.500000000000014	8.4661
18.600000000000016	4.42916
18.700000000000017	10.9789
18.800000000000018	6.74705
18.90000000000002	6.34333
19.000000000000021	3.44979
19.100000000000023	3.70619
19.200000000000024	5.26299
19.300000000000026	12.7511
19.400000000000027	9.17819
19.500000000000028	9.17819
19.60000000000003	4
19.700000000000031	9.84449
19.800000000000033	9.53401
19.900000000000034	9.98627
20.000000000000036	7.53153
20.100000000000037	7.26634
20.200000000000038	2.57279
20.30000000000004	2.57279
20.400000000000041	3.55301
20.500000000000043	5.14365
20.600000000000044	13.2443
20.700000000000045	11.1496
20.800000000000047	5.02376
20.900000000000048	8.05172
21.00000000000005	4.82798
21.100000000000051	12.0096
21.200000000000053	9.96715
21.300000000000054	10.2946
21.400000000000055	5.83321
21.500000000000057	5.83321
21.600000000000058	3.83446
21.70000000000006	2.2902
21.800000000000061	3.62487
21.900000000000063	3.62487
22.000000000000064	1
22.100000000000065	3.85404
22.200000000000067	4.17845
22.300000000000068	4.42921
22.40000000000007	2.99788
22.500000000000071	4.81298
22.600000000000072	6.35992
22.700000000000074	2.78354
22.800000000000075	10.1525
22.900000000000077	4.46706
23.000000000000078	6.7749
23.10000000000008	9.09746
23.200000000000081	3.7949
23.300000000000082	8.67424
23.400000000000084	4.62544
23.500000000000085	6.30798
23.600000000000087	8.41525
23.700000000000088	9.37612
23.80000000000009	8.11226
23.900000000000091	5.74806
24.000000000000092	6.47802
24.100000000000094	7.95176
24.200000000000095	8.448
24.300000000000097	4.51207
24.400000000000098	4.51207
24.500000000000099	6.42106
24.600000000000101	9.24051
24.700000000000102	5.60544
24.800000000000104	5.60544
24.900000000000105	4.09525
25.000000000000107	10.9438
25.100000000000108	5.74178
25.200000000000109	7.90157
25.300000000000111	6.34253
25.400000000000112	7.04434
25.500000000000114	4.46829
25.600000000000115	4.46829
25.700000000000117	5.75491
25.800000000000118	4.00892
25.900000000000119	10.727
26.000000000000121	9.1481
26.100000000000122	4.57405
26.200000000000124	4.57405
26.300000000000125	1
26.400000000000126	1
26.500000000000128	1
26.600000000000129	1
26.700000000000131	7.16526
26.800000000000132	5.21151
26.900000000000134	5.43438
27.000000000000135	5.10289
27.100000000000136	6.44861
27.200000000000138	8.49886
27.300000000000139	10.1177
27.400000000000141	6.29658
27.500000000000142	6.29658
27.600000000000144	3.63333
27.700000000000145	2.9442
27.800000000000146	3.82575
27.900000000000148	1.5043
28.000000000000149	4.63879
28.100000000000151	7.12176
28.200000000000152	3.16559
28.300000000000153	2.87395
28.400000000000155	5.12773
28.500000000000156	3.55325
28.600000000000158	5.13311
28.700000000000159	2.79099
28.800000000000161	2.79099
28.900000000000162	3.55301
29.000000000000163	11.3049
29.100000000000165	6.14343
29.200000000000166	1.10743
29.300000000000168	4.294
29.400000000000169	6.00026
29.500000000000171	3.16454
29.600000000000172	3.16454
29.700000000000173	1.77651
29.800000000000175	4.32069
29.900000000000176	2.81405
30.000000000000178	2.81405
30.100000000000179	2
30.20000000000018	2.78778
30.300000000000182	2.78778
30.400000000000183	2
30.500000000000185	4.01191
30.600000000000186	5.75671
30.700000000000188	2.99915
30.800000000000189	5.18995
30.90000000000019	4.04304
31.000000000000192	10.9249
31.100000000000193	6.11283
31.200000000000195	6.11283
31.300000000000196	5.05378
31.400000000000198	5.30106
31.500000000000199	5.30106
31.6000000000002	1
31.700000000000202	4.33877
31.800000000000203	6.02806
31.900000000000205	13.9708
32.000000000000206	7.96343
32.100000000000207	4.15287
32.200000000000209	4.9601
32.30000000000021	4.44956
32.400000000000212	2.77629
32.500000000000213	2.77629
32.600000000000215	1
32.700000000000216	2
32.800000000000217	2
32.900000000000219	2
33.00000000000022	2
33.100000000000222	2
33.200000000000223	2
33.300000000000225	2
33.400000000000226	2
33.500000000000227	2
33.600000000000229	2
33.70000000000023	2
33.800000000000232	2
33.900000000000233	3.06558
34.000000000000234	5.0922
34.100000000000236	6.80767
34.200000000000237	6.95106
34.300000000000239	7.38378
34.40000000000024	3.95219
34.500000000000242	3.05701
34.600000000000243	2.33371
34.700000000000244	2.33371
34.800000000000246	1
34.900000000000247	1
35.000000000000249	1
35.10000000000025	1
35.200000000000252	4.33944
35.300000000000253	7.24027
35.400000000000254	9.02204
35.500000000000256	5.82353
35.600000000000257	6.293
35.700000000000259	4.63662
35.80000000000026	4.63662
35.900000000000261	4.33944
36.000000000000263	5.6725
36.100000000000264	2.98407
36.200000000000266	3.99736
36.300000000000267	4.38111
36.400000000000269	3.93026
36.50000000000027	4.64546
36.600000000000271	4.64441
36.700000000000273	3.31407
36.800000000000274	4.47204
36.900000000000276	4.47204
37.000000000000277	2
37.100000000000279	6.10515
37.20000000000028	3.99433
37.300000000000281	3.8934
37.400000000000283	3.8934
37.500000000000284	2.5
37.600000000000286	4.95261
37.700000000000287	2.85807
37.800000000000288	2.85807
37.90000000000029	2.87745
38.000000000000291	4.28003
38.100000000000293	2.55504
38.200000000000294	4.79444
38.300000000000296	7.93642
38.400000000000297	3.47557
38.500000000000298	5.02894
38.6000000000003	4.8586
38.700000000000301	2.61376
38.800000000000303	3.61107
38.900000000000304	2.895
39.000000000000306	2.895
39.100000000000307	5.19763
39.200000000000308	5.9128
39.30000000000031	2.77286
39.400000000000311	8.65204
39.500000000000313	5.15916
39.600000000000314	3.70758
39.700000000000315	3.70758
39.800000000000317	2.9
39.900000000000318	2.9
40.00000000000032	2.9
40.100000000000321	2.9
40.200000000000323	2.9
40.300000000000324	3.34289
40.400000000000325	8.38535
40.500000000000327	6.17867
40.600000000000328	7.93663
40.70000000000033	3.20148
40.800000000000331	3.64323
40.900000000000333	2.42739
41.000000000000334	2.42739
41.100000000000335	3.55301
41.200000000000337	3.55301
41.300000000000338	1
41.40000000000034	7.96541
41.500000000000341	16.0046
41.600000000000342	4.09926
41.700000000000344	12.1616
41.800000000000345	4.46326
41.900000000000347	6.64496
42.000000000000348	2.32248
42.10000000000035	2.32248
42.200000000000351	6.87746
42.300000000000352	5.12207
42.400000000000354	2.98128
42.500000000000355	4.58361
42.600000000000357	6.94768
42.700