10	1
10.1	1
10.199999999999999	1
10.299999999999999	1
10.399999999999999	1
10.499999999999998	1
10.599999999999998	1
10.699999999999998	1
10.799999999999997	1
10.899999999999997	1
10.999999999999996	1
11.099999999999996	1
11.199999999999996	1
11.299999999999995	1
11.399999999999995	1
11.499999999999995	1
11.599999999999994	1
11.699999999999994	1
11.799999999999994	1
11.899999999999993	1
11.999999999999993	1
12.099999999999993	1
12.199999999999992	1
12.299999999999992	1
12.399999999999991	1
12.499999999999991	1
12.599999999999991	1
12.69999999999999	1
12.79999999999999	1
12.89999999999999	1
12.999999999999989	1
13.099999999999989	1
13.199999999999989	1
13.299999999999988	1
13.399999999999988	1
13.499999999999988	1
13.599999999999987	1
13.699999999999987	1
13.799999999999986	1
13.899999999999986	1
13.999999999999986	1
14.099999999999985	1
14.199999999999985	1
14.299999999999985	1
14.399999999999984	1
14.499999999999984	1
14.599999999999984	4
14.699999999999983	3
14.799999999999983	5.25165
14.899999999999983	3.32262
14.999999999999982	5.97011
15.099999999999982	8.48513
15.199999999999982	11.2374
15.299999999999981	5.83777
15.399999999999981	6.64917
15.49999999999998	4.37287
15.59999999999998	6.28423
15.69999999999998	9.15814
15.799999999999979	5.43239
15.899999999999979	6.76261
15.999999999999979	3.38131
16.09999999999998	3.38131
16.199999999999982	3.38131
16.299999999999983	2.9
16.399999999999984	5.19763
16.499999999999986	3.36442
16.599999999999987	4.65348
16.699999999999989	6.78515
16.79999999999999	3.68734
16.899999999999991	3.68734
16.999999999999993	2
17.099999999999994	4.33944
17.199999999999996	2.812
17.299999999999997	5.15136
17.399999999999999	7.80755
17.5	10.4523
17.600000000000001	6.02899
17.700000000000003	7.65442
17.800000000000004	10.3389
17.900000000000006	13.1581
18.000000000000007	6.61703
18.100000000000009	7.4772
18.20000000000001	4.06178
18.300000000000011	5.17162
18.400000000000013	2.58581
18.500000000000014	4.38651
18.600000000000016	2.19326
18.700000000000017	3.02667
18.800000000000018	5.4562
18.90000000000002	3.53671
19.000000000000021	4.9862
19.100000000000023	2.4931
19.200000000000024	5.75214
19.300000000000026	7.96342
19.400000000000027	3.98171
19.500000000000028	5.49397
19.60000000000003	8.1599
19.700000000000031	4.43475
19.800000000000033	6.78973
19.900000000000034	3.74835
20.000000000000036	4.26419
20.100000000000037	6.83105
20.200000000000038	3.97797
20.30000000000004	6.34836
20.400000000000041	3.88931
20.500000000000043	5.42849
20.600000000000044	3.60674
20.700000000000045	6.12795
20.800000000000047	3.45227
20.900000000000048	5.69496
21.00000000000005	8.29535
21.100000000000051	4.38374
21.200000000000053	4.61185
21.300000000000054	4.61185
21.400000000000055	2
21.500000000000057	3.83446
21.600000000000058	1.91723
21.70000000000006	3.26002
21.800000000000061	2.63001
21.900000000000063	2.63001
22.000000000000064	1
22.100000000000065	2.5
22.200000000000067	2.5
22.300000000000068	2.5
22.40000000000007	2.5
22.500000000000071	2
22.600000000000072	4.33944
22.700000000000074	7.96541
22.800000000000075	4.40309
22.900000000000077	4.40309
23.000000000000078	5.25044
23.10000000000008	2.62522
23.200000000000081	2.62522
23.300000000000082	3.33879
23.400000000000084	3.33879
23.500000000000085	2.9
23.600000000000087	4.56988
23.700000000000088	2.72259
23.80000000000009	2.72259
23.900000000000091	1
24.000000000000092	3.55301
24.100000000000094	6.09735
24.200000000000095	8.69112
24.300000000000097	4.34556
24.400000000000098	4.34556
24.500000000000099	2.5
24.600000000000101	2.28494
24.700000000000102	3.97627
24.800000000000104	2.23215
24.900000000000105	4.20182
25.000000000000107	2.91504
25.100000000000108	2.91504
25.200000000000109	1
25.300000000000111	2.9
25.400000000000112	2.9
25.500000000000114	2.9
25.600000000000115	2.9
25.700000000000117	2
25.800000000000118	4.33944
25.900000000000119	7.02286
26.000000000000121	3.78805
26.100000000000122	6.06891
26.200000000000124	4.45023
26.300000000000125	2.33747
26.400000000000126	4.25417
26.500000000000128	6.82491
26.600000000000129	9.42895
26.700000000000131	5.31568
26.800000000000132	5.31568
26.900000000000134	1
27.000000000000135	3.55301
27.100000000000136	2.536
27.200000000000138	4.58843
27.300000000000139	2.29421
27.400000000000141	3.09638
27.500000000000142	3.09638
27.600000000000144	2.9
27.700000000000145	5.19763
27.800000000000146	7.96541
27.900000000000148	5.37936
28.000000000000149	5.56526
28.100000000000151	5.56526
28.200000000000152	2.5
28.300000000000153	5.19763
28.400000000000155	7.83782
28.500000000000156	4.41366
28.600000000000158	7.06819
28.700000000000159	3.80903
28.800000000000161	4.76864
28.900000000000162	2.38432
29.000000000000163	2.38432
29.100000000000165	2.9
29.200000000000166	5.19763
29.300000000000168	3.4501
29.400000000000169	6.0397
29.500000000000171	9.53619
29.600000000000172	4.87239
29.700000000000173	4.87239
29.800000000000175	2.53881
29.900000000000176	5.01576
30.000000000000178	3.37113
30.100000000000179	3.37113
30.20000000000018	1
30.300000000000182	2.9
30.400000000000183	5.75491
30.500000000000185	3.85404
30.600000000000186	5.21186
30.700000000000188	3.62498
30.800000000000189	6.13842
30.90000000000019	4.12244
31.000000000000192	4.36502
31.100000000000193	4.36502
31.200000000000195	2.5
31.300000000000196	6.09735
31.400000000000198	3.72954
31.500000000000199	2.59474
31.6000000000002	5.04249
31.700000000000202	3.26059
31.800000000000203	2.05375
31.900000000000205	2.05375
32.000000000000206	1
32.100000000000207	1
32.200000000000209	1
32.30000000000021	1
32.400000000000212	1
32.500000000000213	3.24483
32.600000000000215	1.91723
32.700000000000216	4.10707
32.800000000000217	3.27494
32.900000000000219	5.2159
33.00000000000022	5.40762
33.100000000000222	2.70381
33.200000000000223	3.96397
33.300000000000225	3.96397
33.400000000000226	2.9
33.500000000000227	4.33944
33.600000000000229	2.16972
33.70000000000023	2.16972
33.800000000000232	1
33.900000000000233	3.55301
34.000000000000234	6.09735
34.100000000000236	3.91891
34.200000000000237	5.25924
34.300000000000239	8.00531
34.40000000000024	8.13023
34.500000000000242	4.06511
34.600000000000243	4.06511
34.700000000000244	4.31111
34.800000000000246	4.31111
34.900000000000247	2
35.000000000000249	4.33944
35.10000000000025	3.36442
35.200000000000252	3.66165
35.300000000000253	3.66165
35.400000000000254	1
35.500000000000256	3.55301
35.600000000000257	6.09735
35.700000000000259	3.65241
35.80000000000026	3.65241
35.900000000000261	4.1809
36.000000000000263	4.1809
36.100000000000264	2.9
36.200000000000266	2.04763
36.300000000000267	4.11607
36.400000000000269	6.74129
36.50000000000027	8.92908
36.600000000000271	5.30167
36.700000000000273	2.74515
36.800000000000274	2.74515
36.900000000000276	2.74515
37.000000000000277	1
37.100000000000279	1
37.20000000000028	1
37.300000000000281	1
37.400000000000283	2.5
37.500000000000284	2.5
37.600000000000286	2.5
37.700000000000287	2.5
37.800000000000288	2.5
37.90000000000029	2.5
38.000000000000291	2.5
38.100000000000293	2.5
38.200000000000294	1
38.300000000000296	3.55301
38.400000000000297	5.57555
38.500000000000298	3.4643
38.6000000000003	6.04758
38.700000000000301	8.65652
38.800000000000303	5.45822
38.900000000000304	7.35488
39.000000000000306	4.19004
39.100000000000307	4.19004
39.200000000000308	5.64456
39.30000000000031	8.26113
39.400000000000311	5.30324
39.500000000000313	7.37965
39.600000000000314	3.75758
39.700000000000315	3.75758
39.800000000000317	1
39.900000000000318	1
40.00000000000032	1
40.100000000000321	1
40.200000000000323	1
40.300000000000324	3.55301
40.400000000000325	6.09735
40.500000000000327	6.26135
40.600000000000328	3.13068
40.70000000000033	3.13068
40.800000000000331	2
40.900000000000333	4.33944
41.000000000000334	6.87746
41.100000000000335	4.48323
41.200000000000337	6.51769
41.300000000000338	3.25884
41.40000000000034	4.10615
41.500000000000341	6.73535
41.600000000000342	4.68234
41.700000000000344	4.68234
41.800000000000345	2.44795
41.900000000000347	4.0656
42.000000000000348	6.55873
42.10000000000035	8.67753
42.200000000000351	4.33876
42.300000000000352	4.56924
42.400000000000354	4.56924
42.500000000000355	1
42.600000000000357	1
42.700000000000358	1
42.80000000