10	1
10.1	1
10.199999999999999	1
10.299999999999999	1
10.399999999999999	1
10.499999999999998	1
10.599999999999998	1
10.699999999999998	1
10.799999999999997	1
10.899999999999997	1
10.999999999999996	1
11.099999999999996	1
11.199999999999996	1
11.299999999999995	1
11.399999999999995	1
11.499999999999995	1
11.599999999999994	1
11.699999999999994	1
11.799999999999994	1
11.899999999999993	1
11.999999999999993	32
12.099999999999993	32
12.199999999999992	16.3097
12.299999999999992	14.1571
12.399999999999991	32.0506
12.499999999999991	15.9994
12.599999999999991	9.68225
12.69999999999999	13.4794
12.79999999999999	29.9415
12.89999999999999	30.3778
12.999999999999989	10.208
13.099999999999989	13.0113
13.199999999999989	19.1001
13.299999999999988	20.029
13.399999999999988	12.0501
13.499999999999988	14.8727
13.599999999999987	20.0505
13.699999999999987	10.7265
13.799999999999986	28.6713
13.899999999999986	13.3107
13.999999999999986	7.26291
14.099999999999985	24.2479
14.199999999999985	12.0813
14.299999999999985	18.4744
14.399999999999984	4.80396
14.499999999999984	13.2415
14.599999999999984	7.94032
14.699999999999983	9.03962
14.799999999999983	17.0434
14.899999999999983	11.7963
14.999999999999982	8.03183
15.099999999999982	25.013
15.199999999999982	23.0061
15.299999999999981	5.36978
15.399999999999981	8.60243
15.49999999999998	8.52479
15.59999999999998	10.9501
15.69999999999998	18.9062
15.799999999999979	9.51492
15.899999999999979	11.6343
15.999999999999979	8.45181
16.09999999999998	8.45181
16.199999999999982	4.33944
16.299999999999983	12.2482
16.399999999999984	18.0223
16.499999999999986	16.54
16.599999999999987	20.0017
16.699999999999989	23.3824
16.79999999999999	26.3523
16.899999999999991	25.7534
16.999999999999993	12.4681
17.099999999999994	29.8384
17.199999999999996	29.6599
17.299999999999997	28.3462
17.399999999999999	16.7382
17.5	16.9746
17.600000000000001	34.1882
17.700000000000003	7.88386
17.800000000000004	7.16336
17.900000000000006	14.0014
18.000000000000007	10.0738
18.100000000000009	14.208
18.20000000000001	8.08018
18.300000000000011	8.03835
18.400000000000013	11.1389
18.500000000000014	20.9846
18.600000000000016	8.20723
18.700000000000017	11.0634
18.800000000000018	7.98937
18.90000000000002	4.07654
19.000000000000021	5.39432
19.100000000000023	4.11206
19.200000000000024	4.71593
19.300000000000026	4.71593
19.400000000000027	5.75491
19.500000000000028	6.5201
19.60000000000003	6.98309
19.700000000000031	6.52852
19.800000000000033	11.6879
19.900000000000034	18.8435
20.000000000000036	10.682
20.100000000000037	13.2409
20.200000000000038	6.90804
20.30000000000004	17.231
20.400000000000041	8.42304
20.500000000000043	17.1599
20.600000000000044	4.4081
20.700000000000045	8.84354
20.800000000000047	6.3646
20.900000000000048	7.96417
21.00000000000005	17.5816
21.100000000000051	8.81923
21.200000000000053	8.81923
21.300000000000054	9.87813
21.400000000000055	3.83237
21.500000000000057	6.43093
21.600000000000058	6.59782
21.70000000000006	7.98235
21.800000000000061	8.09924
21.900000000000063	9.2162
22.000000000000064	11.3484
22.100000000000065	6.93499
22.200000000000067	7.77748
22.300000000000068	9.82687
22.40000000000007	26.7875
22.500000000000071	5.90043
22.600000000000072	11.414
22.700000000000074	5.49409
22.800000000000075	3.82492
22.900000000000077	3.82492
23.000000000000078	4.68001
23.10000000000008	8.58263
23.200000000000081	9.19248
23.300000000000082	11.6796
23.400000000000084	14.1602
23.500000000000085	6.36391
23.600000000000087	6.36391
23.700000000000088	5.05378
23.80000000000009	5.10518
23.900000000000091	5.10518
24.000000000000092	11.3933
24.100000000000094	7.60806
24.200000000000095	8.51148
24.300000000000097	8.95583
24.400000000000098	6.15996
24.500000000000099	6.13237
24.600000000000101	13.0091
24.700000000000102	10.7171
24.800000000000104	7.42212
24.900000000000105	4.70561
25.000000000000107	4.70561
25.100000000000108	3.55301
25.200000000000109	7.62879
25.300000000000111	8.8304
25.400000000000112	3.40787
25.500000000000114	11.1604
25.600000000000115	4.93911
25.700000000000117	4.21584
25.800000000000118	9.37593
25.900000000000119	10.1111
26.000000000000121	15.7695
26.100000000000122	9.4814
26.200000000000124	4.06912
26.300000000000125	7.76627
26.400000000000126	6.61929
26.500000000000128	6.97321
26.600000000000129	7.7847
26.700000000000131	12.3116
26.800000000000132	9.04689
26.900000000000134	3.7673
27.000000000000135	7.59087
27.100000000000136	5.81943
27.200000000000138	7.54287
27.300000000000139	13.0312
27.400000000000141	18.2267
27.500000000000142	19.8874
27.600000000000144	24.6533
27.700000000000145	11.6238
27.800000000000146	4.23588
27.900000000000148	11.4761
28.000000000000149	10.5709
28.100000000000151	11.5093
28.200000000000152	20.769
28.300000000000153	13.607
28.400000000000155	11.8417
28.500000000000156	8.3343
28.600000000000158	7.32523
28.700000000000159	5.33436
28.800000000000161	16.0562
28.900000000000162	17.1064
29.000000000000163	7.0294
29.100000000000165	18.7339
29.200000000000166	3.18095
29.300000000000168	6.88491
29.400000000000169	6.32791
29.500000000000171	3.51784
29.600000000000172	8.43301
29.700000000000173	12.289
29.800000000000175	6.15113
29.900000000000176	11.0657
30.000000000000178	6.80131
30.100000000000179	7.16136
30.20000000000018	6.31276
30.300000000000182	8.39743
30.400000000000183	5.94936
30.500000000000185	6.34615
30.600000000000186	6.16335
30.700000000000188	7.79655
30.800000000000189	11.6099
30.90000000000019	10.3897
31.000000000000192	9.29414
31.100000000000193	10.5297
31.200000000000195	9.00809
31.300000000000196	11.4268
31.400000000000198	13.1319
31.500000000000199	11.7445
31.6000000000002	14.9901
31.700000000000202	15.0784
31.800000000000203	9.75475
31.900000000000205	9.75475
32.000000000000206	2
32.100000000000207	7.18809
32.200000000000209	4.66272
32.30000000000021	7.13101
32.400000000000212	6.29724
32.500000000000213	9.21612
32.600000000000215	10.7033
32.700000000000216	6.73888
32.800000000000217	4.24041
32.900000000000219	4.24041
33.00000000000022	3.55301
33.100000000000222	6.31904
33.200000000000223	5.6994
33.300000000000225	7.56326
33.400000000000226	6.50795
33.500000000000227	6.25245
33.600000000000229	6.25245
33.70000000000023	3.90856
33.800000000000232	10.1744
33.900000000000233	12.2581
34.000000000000234	9.37302
34.100000000000236	15.6149
34.200000000000237	9.42823
34.300000000000239	8.51391
34.40000000000024	9.71229
34.500000000000242	12.5028
34.600000000000243	10.3282
34.700000000000244	6.02454
34.800000000000246	12.4447
34.900000000000247	11.1823
35.000000000000249	11.4991
35.10000000000025	9.17358
35.200000000000252	6.60963
35.300000000000253	5.94896
35.400000000000254	15.8067
35.500000000000256	14.2592
35.600000000000257	10.1051
35.700000000000259	19.3597
35.80000000000026	11.1236
35.900000000000261	11.1236
36.000000000000263	6.44266
36.100000000000264	9.42899
36.200000000000266	18.0838
36.300000000000267	7.79448
36.400000000000269	16.7299
36.50000000000027	19.8421
36.600000000000271	12.9994
36.700000000000273	8.33669
36.800000000000274	5.37952
36.900000000000276	5.37952
37.000000000000277	7.45112
37.100000000000279	15.7175
37.20000000000028	14.4711
37.300000000000281	8.83298
37.400000000000283	15.6187
37.500000000000284	11.1348
37.600000000000286	14.0867
37.700000000000287	5.28264
37.800000000000288	8.00065
37.90000000000029	6.01821
38.000000000000291	4.69135
38.100000000000293	4.69135
38.200000000000294	7.02286
38.300000000000296	5.99707
38.400000000000297	5.99707
38.500000000000298	2
38.6000000000003	2
38.700000000000301	2
38.800000000000303	2
38.900000000000304	4.8539
39.000000000000306	3.77073
39.100000000000307	5.0078
39.200000000000308	5.0078
39.30000000000031	5.19763
39.400000000000311	5.17457
39.500000000000313	7.39796
39.600000000000314	3.48944
39.700000000000315	7.83739
39.800000000000317	7.83739
39.900000000000318	3.63333
40.00000000000032	5.88557
40.100000000000321	11.1351
40.200000000000323	10.3585
40.300000000000324	13.2029
40.400000000000325	9.12717
40.500000000000327	17.0628
40.600000000000328	8.16495
40.70000000000033	10.4356
40.800000000000331	14.0766
40.900000000000333	9.54324
41.000000000000334	16.7011
41.100000000000335	8.67419
41.200000000000337	8.67419
41.300000000000338	4.49507
41.40000000000034	4.49507
41.500000000000341	7.02286
41.600000000000342	9.27193
41.700000000000344	15.8871
41.800000000000345	11.0256
41.900000000000347	8.47623
42.000000000000348	8.61094
42.10000000000035	8.1053
42.200000000000351	11.3933
42.300000000000352	3.90511
42.400000000000354	12.9619
42.500000000000355	16.5957
42.600000000000357	5.72717
42.700000000000358	11.7478
42.80000000000036	17.5999
42.900000000000361	5.95278
43.000000000000362	5.95278
43.100000000000364	7.02286
43.200000000000365	8.79453
43.300000000000367	14.2649
43.400000000000368	7.97942
43.500000000000369	3.23348
43.600000000000371	4.22604
43.700000000000372	4.22604
43.800000000000374	7.70809
43.900000000000375	17.2153
44.000000000000377	10.9831
44.100000000000378	6.87119
44.200000000000379	6.87119
44.300000000000381	6.76396
44.400000000000382	5.63813
44.500000000000384	5.3549
44.600000000000385	4.17088
44.700000000000387	13.4149
44.800000000000388	10.6844
44.900000000000389	10.9798
45.000000000000391	4.15648
45.100000000000392	20.5643
45.200000000000394	9.61527
45.300000000000395	6.60105
45.400000000000396	10.0194
45.500000000000398	8.04797
45.600000000000399	7.05822
45.700000000000401	14.3346
45.800000000000402	5.91721
45.900000000000404	5.37885
46.000000000000405	5.37885
46.100000000000406	6.55944
46.200000000000408	12.9062
46.300000000000409	6.38081
46.400000000000411	8.10441
46.500000000000412	12.1357
46.600000000000414	14.5066
46.700000000000415	11.8633
46.800000000000416	6.94948
46.900000000000418	13.0913
47.000000000000419	8.34364
47.100000000000421	7.27651
47.200000000000422	8.63782
47.300000000000423	5.04894
47.400000000000425	6.37233
47.500000000000426	8.29899
47.600000000000428	8.29899
47.700000000000429	2.9322
47.800000000000431	2.9322
47.900000000000432	2
48.000000000000433	2
48.100000000000435	2
48.200000000000436	2
48.300000000000438	8.33628
48.400000000000439	17.4186
48.500000000000441	6.19092
48.600000000000442	9.08274
48.700000000000443	17.7764
48.800000000000445	10.4662
48.900000000000446	10.4662
49.000000000000448	14.7679
49.100000000000449	3.16652
49.20000000000045	7.54728
49.300000000000452	6.89325
49.400000000000453	6.17309
49.500000000000455	4.13809
49.600000000000456	4.13809
49.700000000000458	2
49.800000000000459	2
49.90000000000046	2
50.000000000000462	2
50.100000000000463	4.33944
50.200000000000465	7.39959
50.300000000000466	16.6859
50.400000000000468	7.52012
50.500000000000469	9.98786
50.60000000000047	5.38347
50.700000000000472	12.6331
50.800000000000473	5.47515
50.900000000000475	11.5003
51.000000000000476	15.2434
51.100000000000477	7.78526
51.200000000000479	24.1608
51.30000000000048	13.2501
51.400000000000482	6.97234
51.500000000000483	17.8967
51.600000000000485	4.83916
51.700000000000486	13.426
51.800000000000487	5.31304
51.900000000000489	4.89353
52.00000000000049	10.2711
52.100000000000492	4.67283
52.200000000000493	8.64689
52.300000000000495	8.22628
52.400000000000496	6.54062
52.500000000000497	11.3573
52.600000000000499	11.2658
52.7000000000005	6.37891
52.800000000000502	4.72004
52.900000000000503	7.31619
53.000000000000504	6.00051
53.100000000000506	6.00051
53.200000000000507	3.63333
53.300000000000509	3.63333
53.40000000000051	3.63333
53.500000000000512	3.63333
53.600000000000513	1.45
53.700000000000514	3.01195
53.800000000000516	11.8588
53.900000000000517	18.2135
54.000000000000519	14.0216
54.10000000000052	10.06
54.200000000000522	8.25247
54.300000000000523	7.25514
54.400000000000524	6.02568
54.500000000000526	6.02568
54.600000000000527	9.38974
54.700000000000529	18.7538
54.80000000000053	9.10395
54.900000000000531	6.31883
55.000000000000533	6.11197
55.100000000000534	11.866
55.200000000000536	6.10064
55.300000000000537	6.10064
55.400000000000539	2.75093
55.50000000000054	7.7044
55.600000000000541	4.63237
55.700000000000543	2.74706
55.800000000000544	3.79122
55.900000000000546	6.52014
56.000000000000547	4.50089
56.100000000000549	4.50089
56.20000000000055	11.3933
56.300000000000551	6.26517
56.400000000000553	10.4797
56.500000000000554	7.14537
56.600000000000556	6.46381
56.700000000000557	