10	1
10.1	1
10.199999999999999	1
10.299999999999999	1
10.399999999999999	1
10.499999999999998	1
10.599999999999998	1
10.699999999999998	1
10.799999999999997	1
10.899999999999997	1
10.999999999999996	1
11.099999999999996	1
11.199999999999996	1
11.299999999999995	1
11.399999999999995	1
11.499999999999995	1
11.599999999999994	1
11.699999999999994	1
11.799999999999994	1
11.899999999999993	1
11.999999999999993	1
12.099999999999993	1
12.199999999999992	1
12.299999999999992	1
12.399999999999991	1
12.499999999999991	1
12.599999999999991	1
12.69999999999999	1
12.79999999999999	1
12.89999999999999	1
12.999999999999989	1
13.099999999999989	1
13.199999999999989	1
13.299999999999988	1
13.399999999999988	1
13.499999999999988	1
13.599999999999987	1
13.699999999999987	1
13.799999999999986	1
13.899999999999986	1
13.999999999999986	1
14.099999999999985	1
14.199999999999985	1
14.299999999999985	1
14.399999999999984	1
14.499999999999984	1
14.599999999999984	1
14.699999999999983	1
14.799999999999983	1
14.899999999999983	1
14.999999999999982	1
15.099999999999982	64
15.199999999999982	32
15.299999999999981	32
15.399999999999981	8.60462
15.49999999999998	15.8951
15.59999999999998	23.4317
15.69999999999998	30.4188
15.799999999999979	9.77828
15.899999999999979	8.06407
15.999999999999979	7.03593
16.09999999999998	14.2904
16.199999999999982	21.6479
16.299999999999983	29.3417
16.399999999999984	17.6998
16.499999999999986	25.2911
16.599999999999987	32.5867
16.699999999999989	40.0012
16.79999999999999	10.5006
16.899999999999991	10.5006
16.999999999999993	15.1866
17.099999999999994	21.9317
17.199999999999996	12.8378
17.299999999999997	20.329
17.399999999999999	27.1212
17.5	15.7298
17.600000000000001	8.17719
17.700000000000003	12.5418
17.800000000000004	8.56751
17.900000000000006	15.8119
18.000000000000007	23.3754
18.100000000000009	15.0055
18.20000000000001	20.9164
18.300000000000011	13.4884
18.400000000000013	18.3915
18.500000000000014	26.1266
18.600000000000016	16.8748
18.700000000000017	24.4362
18.800000000000018	16.824
18.90000000000002	24.4012
19.000000000000021	15.4892
19.100000000000023	9.7743
19.200000000000024	16.9732
19.300000000000026	13.3019
19.400000000000027	20.3314
19.500000000000028	27.6708
19.60000000000003	35.4108
19.700000000000031	43.2449
19.800000000000033	26.9951
19.900000000000034	18.5858
20.000000000000036	11.8498
20.100000000000037	15.1877
20.200000000000038	22.8709
20.30000000000004	7.75371
20.400000000000041	14.2384
20.500000000000043	12.1732
20.600000000000044	19.7654
20.700000000000045	15.1831
20.800000000000047	21.9293
20.900000000000048	15.4586
21.00000000000005	4.85827
21.100000000000051	4.5893
21.200000000000053	10.5786
21.300000000000054	9.85011
21.400000000000055	17.2507
21.500000000000057	11.2678
21.600000000000058	11.2678
21.70000000000006	8.26662
21.800000000000061	8.26662
21.900000000000063	12.0297
22.000000000000064	19.473
22.100000000000065	15.2704
22.200000000000067	9.63611
22.300000000000068	7.40824
22.40000000000007	7.45442
22.500000000000071	6.35491
22.600000000000072	13.6805
22.700000000000074	11.3636
22.800000000000075	18.0443
22.900000000000077	14.0467
23.000000000000078	10.4909
23.10000000000008	18.0722
23.200000000000081	12.5442
23.300000000000082	20.1453
23.400000000000084	27.9313
23.500000000000085	17.8243
23.600000000000087	25.4178
23.700000000000088	8.27218
23.80000000000009	7.19348
23.900000000000091	7.22035
24.000000000000092	6.75951
24.100000000000094	12.9749
24.200000000000095	19.4616
24.300000000000097	13.2261
24.400000000000098	10.9607
24.500000000000099	17.3954
24.600000000000101	13.0366
24.700000000000102	20.5526
24.800000000000104	13.3292
24.900000000000105	6.99492
25.000000000000107	12.2266
25.100000000000108	19.8488
25.200000000000109	9.92442
25.300000000000111	17.1769
25.400000000000112	24.9282
25.500000000000114	15.7135
25.600000000000115	10.4547
25.700000000000117	16.3017
25.800000000000118	8.15086
25.900000000000119	4.37851
26.000000000000121	4.37851
26.100000000000122	3.55301
26.200000000000124	10.5704
26.300000000000125	7.31537
26.400000000000126	12.4115
26.500000000000128	9.8588
26.600000000000129	7.96362
26.700000000000131	7.21838
26.800000000000132	13.592
26.900000000000134	12.9937
27.000000000000135	4.74548
27.100000000000136	9.55131
27.200000000000138	5.60914
27.300000000000139	12.9733
27.400000000000141	8.07042
27.500000000000142	14.2021
27.600000000000144	21.912
27.700000000000145	16.9836
27.800000000000146	23.5536
27.900000000000148	17.365
28.000000000000149	11.5377
28.100000000000151	6.69454
28.200000000000152	13.9842
28.300000000000153	11.2822
28.400000000000155	17.9932
28.500000000000156	6.07553
28.600000000000158	9.66335
28.700000000000159	17.1451
28.800000000000161	11.138
28.900000000000162	17.1022
29.000000000000163	12.3664
29.100000000000165	19.062
29.200000000000166	14.4474
29.300000000000168	10.4534
29.400000000000169	15.0213
29.500000000000171	11.3
29.600000000000172	18.9792
29.700000000000173	15.1817
29.800000000000175	11.3749
29.900000000000176	19.0238
30.000000000000178	15.212
30.100000000000179	9.40237
30.20000000000018	17
30.300000000000182	13.9713
30.400000000000183	10.5897
30.500000000000185	5.79291
30.600000000000186	13.0528
30.700000000000188	9.62764
30.800000000000189	13.6764
30.90000000000019	21.2482
31.000000000000192	7.41016
31.100000000000193	13.8397
31.200000000000195	5.59316
31.300000000000196	6.0584
31.400000000000198	5.46119
31.500000000000199	6.19772
31.6000000000002	13.4608
31.700000000000202	8.05252
31.800000000000203	14.4023
31.900000000000205	9.71889
32.000000000000206	9.28343
32.100000000000207	7.46181
32.200000000000209	7.12575
32.30000000000021	14.4737
32.400000000000212	21.1629
32.500000000000213	7.95886
32.600000000000215	15.0992
32.700000000000216	22.6361
32.800000000000217	15.1419
32.900000000000219	12.5227
33.00000000000022	20.1319
33.100000000000222	12.2422
33.200000000000223	10.3675
33.300000000000225	10.9825
33.400000000000226	8.7619
33.500000000000227	5.59053
33.600000000000229	8.22462
33.70000000000023	15.6937
33.800000000000232	10.641
33.900000000000233	10.4103
34.000000000000234	8.55677
34.100000000000236	8.55677
34.200000000000237	8.55677
34.300000000000239	7.25303
34.40000000000024	14.6736
34.500000000000242	10.792
34.600000000000243	18.2481
34.700000000000244	11.8665
34.800000000000246	17.0051
34.900000000000247	10.4089
35.000000000000249	10.5049
35.10000000000025	10.5049
35.200000000000252	3
35.300000000000253	11.7415
35.400000000000254	19.2447
35.500000000000256	9.75155
35.600000000000257	9.75155
35.700000000000259	2.65951
35.80000000000026	9.07385
35.900000000000261	7.82435
36.000000000000263	5.83183
36.100000000000264	12.1139
36.200000000000266	11.4776
36.300000000000267	19.0852
36.400000000000269	13.5205
36.50000000000027	9.65957
36.600000000000271	10.421
36.700000000000273	16.8249
36.800000000000274	4.87126
36.900000000000276	12.0267
37.000000000000277	9.9979
37.100000000000279	7.42217
37.20000000000028	5.91292
37.300000000000281	5.28984
37.400000000000283	11.6093
37.500000000000284	10.848
37.600000000000286	8.33834
37.700000000000287	6.24367
37.800000000000288	13.0278
37.90000000000029	11.0808
38.000000000000291	9.24929
38.100000000000293	8.23147
38.200000000000294	9.17393
38.300000000000296	8.13536
38.400000000000297	13.8824
38.500000000000298	11.2691
38.6000000000003	11.1521
38.700000000000301	8.78673
38.800000000000303	15.1576
38.900000000000304	13.7855
39.000000000000306	21.3185
39.100000000000307	13.2581
39.200000000000308	20.9818
39.30000000000031	15.4715
39.400000000000311	11.387
39.500000000000313	9.48029
39.600000000000314	9.25231
39.700000000000315	16.7989
39.800000000000317	11.2829
39.900000000000318	8.43665
40.00000000000032	3.39731
40.100000000000321	8.97399
40.200000000000323	16.2828
40.300000000000324	5.35586
40.400000000000325	6.266
40.500000000000327	13.5661
40.600000000000328	10.3012
40.70000000000033	17.0476
40.800000000000331	11.235
40.900000000000333	18.0749
41.000000000000334	12.3998
41.100000000000335	12.3998
41.200000000000337	3.64338
41.300000000000338	8.0048
41.40000000000034	14.3759
41.500000000000341	13.047
41.600000000000342	4.94528
41.700000000000344	10.0585
41.800000000000345	8.61076
41.900000000000347	4.37969
42.000000000000348	5.47974
42.10000000000035	11.0787
42.200000000000351	18.5271
42.300000000000352	12.037
42.400000000000354	18.5829
42.500000000000355	14.2916
42.600000000000357	21.6948
42.700000000000358	10.8474
42.80000000000036	7.49922
42.900000000000361	14.9978
43.000000000000362	13.0863
43.100000000000364	9.11117
43.200000000000365	6.35983
43.300000000000367	6.50322
43.400000000000368	5.21459
43.500000000000369	7.03532
43.600000000000371	6.28649
43.700000000000372	13.0482
43.800000000000374	19.6128
43.900000000000375	14.8824
44.000000000000377	8.68389
44.100000000000378	15.032
44.200000000000379	22.5913
44.300000000000381	11.3178
44.400000000000382	11.3178
44.500000000000384	7.70967
44.600000000000385	15.1035
44.700000000000387	10.1567
44.800000000000388	9.15116
44.900000000000389	7.11303
45.000000000000391	5.59876
45.100000000000392	5.47776
45.200000000000394	11.3464
45.300000000000395	8.01851
45.400000000000396	15.2625
45.500000000000398	6.69484
45.600000000000399	14.0559
45.700000000000401	9.94881
45.800000000000402	15.9829
45.900000000000404	23.4913
46.000000000000405	13.6773
46.100000000000406	21.2488
46.200000000000408	14.786
46.300000000000409	9.68243
46.400000000000411	6.28513
46.500000000000412	7.27672
46.600000000000414	14.6852
46.700000000000415	5.44848
46.800000000000416	12.186
46.900000000000418	19.7733
47.000000000000419	12.9543
47.100000000000421	7.07159
47.200000000000422	5.84193
47.300000000000423	9.30582
47.400000000000425	6.91005
47.500000000000426	6.60897
47.600000000000428	14.0155
47.700000000000429	11.0694
47.800000000000431	5.52545
47.900000000000432	6.14329
48.000000000000433	12.5082
48.100000000000435	9.68109
48.200000000000436	8.32909
48.300000000000438	15.0322
48.400000000000439	9.11262
48.500000000000441	9.11262
48.600000000000442	5.31903
48.700000000000443	5.93933
48.800000000000445	11.0409
48.900000000000446	10.1754
49.000000000000448	17.6662
49.100000000000449	25.3072
49.20000000000045	6.60752
49.300000000000452	6.95728
49.400000000000453	14.1817
49.500000000000455	21.4367
49.600000000000456	28.5275
49.700000000000458	14.7127
49.800000000000459	14.7127
49.90000000000046	8.55584
50.000000000000462	9.01976
50.100000000000463	8.29474
50.200000000000465	3.51903
50.300000000000466	4.35
50.400000000000468	10.5746
50.500000000000469	8.83653
50.60000000000047	13.8758
50.700000000000472	10.1401
50.800000000000473	6.73434
50.900000000000475	7.01419
51.000000000000476	6.55416
51.100000000000477	13.0249
51.200000000000479	20.4964
51.30000000000048	15.3105
51.400000000000482	10.6858
51.500000000000483	14.0164
51.600000000000485	10.7239
51.700000000000486	10.8585
51.800000000000487	10.0001
51.900000000000489	10.7124
52.00000000000049	18.2013
52.100000000000492	10.3612
52.200000000000493	10.3612
52.300000000000495	3
52.400000000000496	11.7415
52.500000000000497	4.68855
52.600000000000499	10.9929
52.7000000000005	8.70842
52.800000000000502	8.97787
52.900000000000503	7.36715
53.000000000000504	10.7075
53.100000000000506	8.41286
53.200000000000507	5.33158
53.300000000000509	11.6281
53.40000000000051	7.30482
53.500000000000512	13.564
53.600000000000513	20.2085
53.700000000000514	14.0285
53.800000000000516	10.5535
53.900000000000517	8.83521
54.000000000000519	5.9658
54.10000000000052	5.9658
54.200000000000522	4.09525
54.300000000000523	10.5704
54.400000000000524	3.18195
54.500000000000526	4.47261
54.600000000000527	4.71061
54.700000000000529	11.3613
54.80000000000053	7.57245
54.900000000000531	11.2133
55.000000000000533	17.8943
55.100000000000534	5.60739
55.200000000000536	9.16182
55.300000000000537	7.6301
55.400000000000539	15.0633
55.50000000000054	22.6564
55.600000000000541	13.1293
55.700000000000543	10.0599
55.800000000000544	6.91957
55.900000000000546	13.0583
56.000000000000547	8.04252
56.100000000000549	6.61783
56.20000000000055	13.3605
56.300000000000551	10.7226
56.400000000000553	7.76765
56.500000000000554	14.386
56.600000000000556	6.78334
56.700000000000557	7.25288
56.800000000000558	14.6735
56.90000000000056	22.265
57.000000000000561	16.1954
57.100000000000563	10.9384
57.200000000000564