10	1
10.1	1
10.199999999999999	1
10.299999999999999	1
10.399999999999999	1
10.499999999999998	1
10.599999999999998	1
10.699999999999998	1
10.799999999999997	1
10.899999999999997	1
10.999999999999996	1
11.099999999999996	1
11.199999999999996	1
11.299999999999995	1
11.399999999999995	1
11.499999999999995	1
11.599999999999994	1
11.699999999999994	1
11.799999999999994	1
11.899999999999993	1
11.999999999999993	1
12.099999999999993	1
12.199999999999992	1
12.299999999999992	1
12.399999999999991	1
12.499999999999991	1
12.599999999999991	1
12.69999999999999	1
12.79999999999999	1
12.89999999999999	1
12.999999999999989	1
13.099999999999989	1
13.199999999999989	1
13.299999999999988	1
13.399999999999988	1
13.499999999999988	1
13.599999999999987	1
13.699999999999987	1
13.799999999999986	1
13.899999999999986	1
13.999999999999986	1
14.099999999999985	1
14.199999999999985	1
14.299999999999985	1
14.399999999999984	1
14.499999999999984	1
14.599999999999984	1
14.699999999999983	1
14.799999999999983	1
14.899999999999983	1
14.999999999999982	1
15.099999999999982	1
15.199999999999982	1
15.299999999999981	1
15.399999999999981	1
15.49999999999998	1
15.59999999999998	1
15.69999999999998	1
15.799999999999979	1
15.899999999999979	1
15.999999999999979	1
16.09999999999998	1
16.199999999999982	1
16.299999999999983	1
16.399999999999984	1
16.499999999999986	1
16.599999999999987	2
16.699999999999989	5.5
16.79999999999999	5.5
16.899999999999991	9.09717
16.999999999999993	11.8755
17.099999999999994	15.5337
17.199999999999996	8.70934
17.299999999999997	12.1733
17.399999999999999	15.0466
17.5	18.8315
17.600000000000001	21.651
17.700000000000003	24.4722
17.800000000000004	12.6782
17.900000000000006	7.37133
18.000000000000007	11.0791
18.100000000000009	13.8915
18.20000000000001	8.26359
18.300000000000011	10.7961
18.400000000000013	14.4516
18.500000000000014	17.2924
18.600000000000016	21.1478
18.700000000000017	24.0283
18.800000000000018	27.8838
18.90000000000002	14.8961
19.000000000000021	17.4944
19.100000000000023	21.2662
19.200000000000024	11.6656
19.300000000000026	15.0446
19.400000000000027	17.9029
19.500000000000028	10.1572
19.60000000000003	12.861
19.700000000000031	16.5426
19.800000000000033	8.88438
19.900000000000034	8.88438
20.000000000000036	11.2771
20.100000000000037	14.8812
20.200000000000038	8.08673
20.30000000000004	8.08673
20.400000000000041	1
20.500000000000043	5.68862
20.600000000000044	8.29104
20.700000000000045	11.0921
20.800000000000047	6.50373
20.900000000000048	8.97908
21.00000000000005	12.5283
21.100000000000051	15.335
21.200000000000053	8.90662
21.300000000000054	4.98934
21.400000000000055	8.33144
21.500000000000057	11.1222
21.600000000000058	14.7644
21.70000000000006	8.27802
21.800000000000061	9.62691
21.900000000000063	12.0375
22.000000000000064	14.8023
22.100000000000065	18.5293
22.200000000000067	21.3887
22.300000000000068	13.2318
22.40000000000007	16.1021
22.500000000000071	19.9874
22.600000000000072	10.7424
22.700000000000074	14.4116
22.800000000000075	17.259
22.900000000000077	10.8473
23.000000000000078	13.5605
23.10000000000008	17.3244
23.200000000000081	20.2061
23.300000000000082	10.7976
23.400000000000084	6.77278
23.500000000000085	9.39149
23.600000000000087	12.9042
23.700000000000088	15.6433
23.80000000000009	19.4146
23.900000000000091	22.295
24.000000000000092	13.3009
24.100000000000094	16.1589
24.200000000000095	20.0331
24.300000000000097	22.9229
24.400000000000098	12.4252
24.500000000000099	12.4252
24.600000000000101	15.576
24.700000000000102	18.8362
24.800000000000104	21.6551
24.900000000000105	25.4382
25.000000000000107	28.341
25.100000000000108	7.30282
25.200000000000109	8.45451
25.300000000000111	12.1591
25.400000000000112	7.07099
25.500000000000114	10.314
25.600000000000115	13.1386
25.700000000000117	16.9965
25.800000000000118	19.7745
25.900000000000119	23.3495
26.000000000000121	11.6747
26.100000000000122	11.6747
26.200000000000124	15.1843
26.300000000000125	8.76022
26.400000000000126	5.90442
26.500000000000128	8.43938
26.600000000000129	5.47058
26.700000000000131	8.14431
26.800000000000132	11.862
26.900000000000134	14.5916
27.000000000000135	8.1398
27.100000000000136	10.0233
27.200000000000138	13.6666
27.300000000000139	7.69571
27.400000000000141	10.272
27.500000000000142	14.0652
27.600000000000144	16.912
27.700000000000145	20.5964
27.800000000000146	23.4167
27.900000000000148	14.0266
28.000000000000149	7.85669
28.100000000000151	11.4063
28.200000000000152	6.82427
28.300000000000153	8.99159
28.400000000000155	11.6235
28.500000000000156	4.98197
28.600000000000158	8.25282
28.700000000000159	11.0636
28.800000000000161	14.7883
28.900000000000162	17.5746
29.000000000000163	10.5762
29.100000000000165	13.345
29.200000000000166	17.1563
29.300000000000168	9.7271
29.400000000000169	12.5248
29.500000000000171	7.29767
29.600000000000172	9.35447
29.700000000000173	12.156
29.800000000000175	6.24091
29.900000000000176	6.24091
30.000000000000178	3.33333
30.100000000000179	6.306
30.20000000000018	10.0116
30.300000000000182	12.7465
30.400000000000183	7.29056
30.500000000000185	10.465
30.600000000000186	13.2572
30.700000000000188	8.18859
30.800000000000189	11.016
30.90000000000019	14.6847
31.000000000000192	7.70857
31.100000000000193	9.98411
31.200000000000195	12.6459
31.300000000000196	16.2533
31.400000000000198	19.1399
31.500000000000199	11.0057
31.6000000000002	13.7604
31.700000000000202	16.5388
31.800000000000203	10.4448
31.900000000000205	13.1654
32.000000000000206	17.0172
32.100000000000207	9.10565
32.200000000000209	11.2751
32.30000000000021	13.8323
32.400000000000212	17.5377
32.500000000000213	20.3892
32.600000000000215	11.0883
32.700000000000216	13.6807
32.800000000000217	17.4185
32.900000000000219	9.82139
33.00000000000022	12.1107
33.100000000000222	15.9042
33.200000000000223	18.6843
33.300000000000225	10.7383
33.400000000000226	13.2485
33.500000000000227	17.0815
33.600000000000229	9.61633
33.70000000000023	12.4391
33.800000000000232	15.2623
33.900000000000233	19.1092
34.000000000000234	22.0296
34.100000000000236	11.2174
34.200000000000237	11.2174
34.300000000000239	13.6392
34.40000000000024	8.78707
34.500000000000242	11.4665
34.600000000000243	15.2238
34.700000000000244	8.24754
34.800000000000246	12.0167
34.900000000000247	14.7175
35.000000000000249	18.4616
35.10000000000025	21.3301
35.200000000000252	25.202
35.300000000000253	28.1292
35.400000000000254	32.0528
35.500000000000256	34.8635
35.600000000000257	18.2175
35.700000000000259	9.1362
35.80000000000026	11.7355
35.900000000000261	15.4271
36.000000000000263	18.2253
36.100000000000264	22.0988
36.200000000000266	11.2736
36.300000000000267	5.85717
36.400000000000269	3.69259
36.50000000000027	5.29197
36.600000000000271	7.90004
36.700000000000273	11.436
36.800000000000274	14.2479
36.900000000000276	18.0898
37.000000000000277	20.9138
37.100000000000279	23.7385
37.20000000000028	27.4893
37.300000000000281	14.2805
37.400000000000283	17.893
37.500000000000284	9.24921
37.600000000000286	12.3222
37.700000000000287	15.0345
37.800000000000288	18.8218
37.90000000000029	21.5963
38.000000000000291	12.2326
38.100000000000293	15.028
38.200000000000294	18.7634
38.300000000000296	21.5918
38.400000000000297	11.6006
38.500000000000298	15.325
38.6000000000003	18.139
38.700000000000301	21.9822
38.800000000000303	24.806
38.900000000000304	14.0685
39.000000000000306	16.9738
39.100000000000307	20.6956
39.200000000000308	11.4936
39.30000000000031	13.5006
39.400000000000311	6.75028
39.500000000000313	9.15827
39.600000000000314	12.0061
39.700000000000315	14.7768
39.800000000000317	18.5089
39.900000000000318	9.60057
40.00000000000032	5.53751
40.100000000000321	8.189
40.200000000000323	11.9767
40.300000000000324	14.6849
40.400000000000325	18.4357
40.500000000000327	21.3077
40.600000000000328	25.1831
40.70000000000033	28.1122
40.800000000000331	32.0379
40.900000000000333	34.9645
41.000000000000334	19.2802
41.100000000000335	23.1497
41.200000000000337	12.9446
41.300000000000338	16.6076
41.40000000000034	9.10915
41.500000000000341	4.87455
41.600000000000342	4.87455
41.700000000000344	8.26415
41.800000000000345	11.072
41.900000000000347	14.7946
42.000000000000348	7.7286
42.10000000000035	11.0495
42.200000000000351	13.8679
42.300000000000352	16.6283
42.400000000000354	9.52195
42.500000000000355	5.63108
42.600000000000357	8.9542
42.700000000000358	11.5947
42.80000000000036	15.3205
42.900000000000361	8.64346
43.000000000000362	11.5325
43.100000000000364	14.1847
43.200000000000365	18.0402
43.300000000000367	20.9188
43.400000000000368	24.6934
43.500000000000369	27.5658
43.600000000000371	15.9878
43.700000000000372	18.7555
43.800000000000374	21.585
43.900000000000375	25.1806
44.000000000000377	28.11
44.100000000000378	32.0048
44.200000000000379	16.7068
44.300000000000381	20.4773
44.400000000000382	23.3549
44.500000000000384	27.2325
44.600000000000385	30.1282
44.700000000000387	16.8674
44.800000000000388	19.6637
44.900000000000389	23.47
45.000000000000391	26.362
45.100000000000392	29.2072
45.200000000000394	17.2171
45.300000000000395	20.0644
45.400000000000396	23.8905
45.500000000000398	26.737
45.600000000000399	30.5778
45.700000000000401	33.363
45.800000000000402	18.9969
45.900000000000404	21.7949
46.000000000000405	25.5965
46.100000000000406	28.3775
46.200000000000408	17.0148
46.300000000000409	8.90995
46.400000000000411	11.4735
46.500000000000412	15.1631
46.600000000000414	18.0581
46.700000000000415	21.9155
46.800000000000416	24.747
46.900000000000418	13.4396
47.000000000000419	15.5811
47.100000000000421	19.3646
47.200000000000422	10.381
47.300000000000423	13.0382
47.400000000000425	15.8805
47.500000000000426	19.4524
47.600000000000428	22.3278
47.700000000000429	12.3149
47.800000000000431	12.3149
47.900000000000432	1
48.000000000000433	7.22412
48.100000000000435	10.0259
48.200000000000436	13.6685
48.300000000000438	16.4625
48.400000000000439	9.63884
48.500000000000441	12.2125
48.600000000000442	3.65611
48.700000000000443	6.15637
48.800000000000445	9.8169
48.900000000000446	12.5146
49.000000000000448	16.2751
49.100000000000449	9.5329
49.20000000000045	12.2936
49.300000000000452	16.106
49.400000000000453	18.9622
49.500000000000455	10.4858
49.600000000000456	6.49399
49.700000000000458	10.1302
49.800000000000459	12.995
49.90000000000046	16.6469
50.000000000000462	19.475
50.100000000000463	10.5991
50.200000000000465	13.3631
50.300000000000466	17.112
50.400000000000468	20.0244
50.500000000000469	22.9153
50.60000000000047	12.7202
50.700000000000472	14.6952
50.800000000000473	18.4439
50.900000000000475	21.2678
51.000000000000476	6.27692
51.100000000000477	9.04257
51.200000000000479	12.6533
51.30000000000048	15.4371
51.400000000000482	19.2491
51.500000000000483	22.151
51.600000000000485	13.2792
51.700000000000486	16.1411
51.800000000000487	18.8863
51.900000000000489	22.5581
52.00000000000049	12.0307
52.100000000000492	7.69717
52.200000000000493	9.56374
52.300000000000495	13.2587
52.400000000000496	16.1242
52.500000000000497	9.82982
52.600000000000499	5.63169
52.7000000000005	9.17655
52.800000000000502	12.02
52.900000000000503	6.37455
53.000000000000504	8.42116
53.100000000000506	11.1894
53.200000000000507	15.0166
53.300000000000509	17.767
53.40000000000051	10.4175
53.500000000000512	13.2198
53.600000000000513	8.80059
53.700000000000514	11.4768
53.800000000000516	6.66836
53.900000000000517	3.40916
54.000000000000519	5.29874
54.10000000000052	8.03104
54.200000000000522	11.4391
54.300000000000523	6.87455
54.400000000000524	7.30208
54.500000000000526	11.0334
54.600000000000527	13.7826
54.700000000000529	17.4985
54.80000000000053	20.3556
54.900000000000531	10.9364
55.000000000000533	11.7335
55.100000000000534	3.60945
55.200000000000536	5.42652
55.300000000000537	8.82832
55.400000000000539	11.3221
55.50000000000054	7.044
55.600000000000541	9.69224
55.700000000000543	13.3514
55.800000000000544	16.1385
55.900000000000546	18.831
56.000000000000547	10.3317
56.100000000000549	13.1525
56.20000000000055	7.19509
56.300000000000551	7.19509
56.400000000000553	4.16441
56.500000000000554	6.77034
56.600000000000556	10.3083
56.700000000000557	12.9805
56.800000000000558	8.10424
56.90000000000056	10.0945
57.000000000000561	6.41849
57.100000000000563	9.14077
57.200000000000564	11.9928
57.300000000000566	15.6234
57.400000000000567	18.4461
57.500000000000568	22.1459
57.60000