10	1
10.1	1
10.199999999999999	1
10.299999999999999	1
10.399999999999999	1
10.499999999999998	1
10.599999999999998	1
10.699999999999998	1
10.799999999999997	1
10.899999999999997	1
10.999999999999996	1
11.099999999999996	1
11.199999999999996	1
11.299999999999995	1
11.399999999999995	1
11.499999999999995	1
11.599999999999994	1
11.699999999999994	1
11.799999999999994	1
11.899999999999993	1
11.999999999999993	1
12.099999999999993	1
12.199999999999992	1
12.299999999999992	1
12.399999999999991	1
12.499999999999991	1
12.599999999999991	1
12.69999999999999	1
12.79999999999999	1
12.89999999999999	1
12.999999999999989	1
13.099999999999989	1
13.199999999999989	1
13.299999999999988	1
13.399999999999988	1
13.499999999999988	1
13.599999999999987	1
13.699999999999987	1
13.799999999999986	1
13.899999999999986	1
13.999999999999986	1
14.099999999999985	1
14.199999999999985	1
14.299999999999985	1
14.399999999999984	1
14.499999999999984	1
14.599999999999984	1
14.699999999999983	1
14.799999999999983	1
14.899999999999983	1
14.999999999999982	1
15.099999999999982	1
15.199999999999982	1
15.299999999999981	1
15.399999999999981	1
15.49999999999998	1
15.59999999999998	1
15.69999999999998	2
15.799999999999979	16
15.899999999999979	13
15.999999999999979	13
16.09999999999998	2
16.199999999999982	3
16.299999999999983	3
16.399999999999984	3
16.499999999999986	3
16.599999999999987	2.9
16.699999999999989	6.09735
16.79999999999999	7.30482
16.899999999999991	3.65241
16.999999999999993	4.42008
17.099999999999994	5.26459
17.199999999999996	5.26459
17.299999999999997	2.9
17.399999999999999	5.19763
17.5	7.96541
17.600000000000001	10.5704
17.700000000000003	6.68116
17.800000000000004	9.326
17.900000000000006	12.1342
18.000000000000007	6.69585
18.100000000000009	8.06362
18.20000000000001	10.8314
18.300000000000011	13.5478
18.400000000000013	16.3625
18.500000000000014	9.59625
18.600000000000016	12.3426
18.700000000000017	15.1838
18.800000000000018	18.0755
18.90000000000002	10.2847
19.000000000000021	13.1156
19.100000000000023	7.72325
19.200000000000024	10.3898
19.300000000000026	5.74561
19.400000000000027	6.86972
19.500000000000028	3.43486
19.60000000000003	6.03127
19.700000000000031	8.64522
19.800000000000033	11.3584
19.900000000000034	6.22709
20.000000000000036	7.54792
20.100000000000037	4.8275
20.200000000000038	4.8275
20.30000000000004	2
20.400000000000041	4.33944
20.500000000000043	2.96434
20.600000000000044	5.03355
20.700000000000045	7.59962
20.800000000000047	10.2986
20.900000000000048	13.1264
21.00000000000005	6.78855
21.100000000000051	6.78855
21.200000000000053	4.16441
21.300000000000054	7.0626
21.400000000000055	9.80873
21.500000000000057	6.05025
21.600000000000058	8.05573
21.70000000000006	10.8255
21.800000000000061	6.31664
21.900000000000063	9.18026
22.000000000000064	12.0228
22.100000000000065	6.94068
22.200000000000067	8.38834
22.300000000000068	11.1648
22.40000000000007	5.71567
22.500000000000071	3.28483
22.600000000000072	5.94989
22.700000000000074	9.37336
22.800000000000075	4.94759
22.900000000000077	7.40865
23.000000000000078	10.159
23.10000000000008	5.90247
23.200000000000081	8.43803
23.300000000000082	4.21901
23.400000000000084	6.49927
23.500000000000085	4.37437
23.600000000000087	4.37437
23.700000000000088	4.60298
23.80000000000009	4.60298
23.900000000000091	2.9
24.000000000000092	5.19763
24.100000000000094	7.96541
24.200000000000095	10.5704
24.300000000000097	13.265
24.400000000000098	3.67745
24.500000000000099	5.83062
24.600000000000101	4.10575
24.700000000000102	6.73511
24.800000000000104	9.36451
24.900000000000105	12.081
25.000000000000107	7.53063
25.100000000000108	10.248
25.200000000000109	5.81264
25.300000000000111	6.62719
25.400000000000112	9.28763
25.500000000000114	5.39469
25.600000000000115	6.73256
25.700000000000117	3.36628
25.800000000000118	5.99371
25.900000000000119	8.50163
26.000000000000121	11.2499
26.100000000000122	14.7251
26.200000000000124	7.36256
26.300000000000125	2
26.400000000000126	5.05378
26.500000000000128	7.20419
26.600000000000129	5.23056
26.700000000000131	7.9867
26.800000000000132	10.2977
26.900000000000134	5.19741
27.000000000000135	2.96424
27.100000000000136	5.23216
27.200000000000138	7.98774
27.300000000000139	5.11452
27.400000000000141	3.2559
27.500000000000142	4.10386
27.600000000000144	6.73399
27.700000000000145	3.85628
27.800000000000146	5.40529
27.900000000000148	2.88459
28.000000000000149	5.18944
28.100000000000151	3.28519
28.200000000000152	5.95007
28.300000000000153	8.47114
28.400000000000155	11.2269
28.500000000000156	7.28534
28.600000000000158	7.28534
28.700000000000159	3.7113
28.800000000000161	5.30478
28.900000000000162	8.03499
29.000000000000163	4.26088
29.100000000000165	5.13281
29.200000000000166	7.79545
29.300000000000168	11.0961
29.400000000000169	5.72617
29.500000000000171	2.9504
29.600000000000172	4.37207
29.700000000000173	6.59804
29.800000000000175	4.82458
29.900000000000176	3.49499
30.000000000000178	6.06469
30.100000000000179	9.23062
30.20000000000018	12.0612
30.300000000000182	6.27521
30.400000000000183	6.27521
30.500000000000185	3.21728
30.600000000000186	3.81154
30.700000000000188	5.73997
30.800000000000189	4.07478
30.90000000000019	4.11155
31.000000000000192	6.73858
31.100000000000193	4.40679
31.200000000000195	5.62757
31.300000000000196	8.24962
31.400000000000198	4.41944
31.500000000000199	6.7799
31.6000000000002	9.3966
31.700000000000202	6.0547
31.800000000000203	8.66147
31.900000000000205	5.50596
32.000000000000206	7.39011
32.100000000000207	4.49475
32.200000000000209	6.67876
32.30000000000021	4.16101
32.400000000000212	6.76829
32.500000000000213	4.80005
32.600000000000215	5.40006
32.700000000000216	8.09757
32.800000000000217	4.94398
32.900000000000219	7.12841
33.00000000000022	9.95746
33.100000000000222	12.6249
33.200000000000223	15.4139
33.300000000000225	8.77096
33.400000000000226	8.77096
33.500000000000227	2
33.600000000000229	5.50703
33.70000000000023	7.78963
33.800000000000232	3.89482
33.900000000000233	6.29767
34.000000000000234	9.0569
34.100000000000236	11.674
34.200000000000237	6.00832
34.300000000000239	5.25393
34.40000000000024	3.45988
34.500000000000242	4.01565
34.600000000000243	6.52851
34.700000000000244	9.21788
34.800000000000246	12.0515
34.900000000000247	6.31041
35.000000000000249	6.31041
35.10000000000025	2
35.200000000000252	3.33333
35.300000000000253	3.37043
35.400000000000254	5.99597
35.500000000000256	3.24156
35.600000000000257	5.38812
35.700000000000259	3.36367
35.80000000000026	4.1883
35.900000000000261	6.78479
36.000000000000263	4.06869
36.100000000000264	6.40447
36.200000000000266	3.431
36.300000000000267	5.11701
36.400000000000269	7.78518
36.50000000000027	10.4357
36.600000000000271	6.26673
36.700000000000273	8.21862
36.800000000000274	11.0382
36.900000000000276	6.24432
37.000000000000277	8.07785
37.100000000000279	10.8419
37.20000000000028	6.47545
37.300000000000281	8.37804
37.400000000000283	11.157
37.500000000000284	6.6514
37.600000000000286	3.88582
37.700000000000287	7.05034
37.800000000000288	9.69682
37.90000000000029	5.00149
38.000000000000291	2.98523
38.100000000000293	4.62237
38.200000000000294	3.10831
38.300000000000296	4.91283
38.400000000000297	3.21273
38.500000000000298	2.58915
38.6000000000003	5.03979
38.700000000000301	7.19448
38.800000000000303	3.59724
38.900000000000304	6.12251
39.000000000000306	8.8235
39.100000000000307	4.68816
39.200000000000308	7.24018
39.30000000000031	10.901
39.400000000000311	6.47165
39.500000000000313	4.12698
39.600000000000314	4.12698
39.700000000000315	2.29908
39.800000000000317	3.71459
39.900000000000318	2.8573
40.00000000000032	5.17503
40.100000000000321	8.79302
40.200000000000323	11.2946
40.300000000000324	5.64732
40.400000000000325	2.9122
40.500000000000327	4.3473
40.600000000000328	7.02764
40.70000000000033	9.68041
40.800000000000331	5.69812
40.900000000000333	8.99611
41.000000000000334	5.22207
41.100000000000335	7.9812
41.200000000000337	10.5822
41.300000000000338	6.40655
41.40000000000034	6.86393
41.500000000000341	9.45709
41.600000000000342	11.8178
41.700000000000344	5.9089
41.800000000000345	7.56072
41.900000000000347	3.84649
42.000000000000348	4.57987
42.10000000000035	7.17154
42.200000000000351	9.98822
42.300000000000352	5.51963
42.400000000000354	7.53535
42.500000000000355	4.92573
42.600000000000357	3.92573
42.700000000000358	3.10232
42.80000000000036	5.11287
42.900000000000361	7.78249
43.000000000000362	10.1407
43.100000000000364	5.07034
43.200000000000365	5.07034
43.300000000000367	2
43.400000000000368	4.09525
43.500000000000369	7.44171
43.600000000000371	4.73343
43.700000000000372	4.9447
43.800000000000374	4.9447
43.900000000000375	2
44.000000000000377	4.33944
44.100000000000378	7.02286
44.200000000000379	4.45987
44.300000000000381	5.10176
44.400000000000382	2.74327
44.500000000000384	3.42957
44.600000000000385	6.02835
44.700000000000387	3.33328
44.800000000000388	5.05375
44.900000000000389	2.52687
45.000000000000391	4.11077
45.100000000000392	6.73812
45.200000000000394	9.36666
45.300000000000395	13.041
45.400000000000396	6.52048
45.500000000000398	6.52048
45.600000000000399	3.33333
45.700000000000401	5.44207
45.800000000000402	8.12537
45.900000000000404	4.85285
46.000000000000405	5.44682
46.100000000000406	3.32454
46.200000000000408	5.79869
46.300000000000409	4.99717
46.400000000000411	7.44147
46.500000000000412	4.45977
46.600000000000414	7.09661
46.700000000000415	3.83013
46.800000000000416	6.09468
46.900000000000418	4.19764
47.000000000000419	6.79045
47.100000000000421	10.3214
47.200000000000422	6.17885
47.300000000000423	8.27486
47.400000000000425	5.11583
47.500000000000426	5.68141
47.600000000000428	3.7016
47.700000000000429	6.1828
47.800000000000431	8.97795
47.900000000000432	12.3663
48.000000000000433	6.34488
48.100000000000435	4.28689
48.200000000000436	6.99108
48.300000000000438	4.03173
48.400000000000439	4.03173
48.500000000000441	4.03173
48.600000000000442	2.5
48.700000000000443	5.39003
48.800000000000445	3.36442
48.900000000000446	5.46059
49.000000000000448	8.13767
49.100000000000449	10.9783
49.20000000000045	6.21788
49.300000000000452	8.05753
49.400000000000453	10.8269
49.500000000000455	13.3202
49.600000000000456	6.66012
49.700000000000458	6.66012
49.800000000000459	2
49.90000000000046	4.84749
50.000000000000462	4.84749
50.100000000000463	2
50.200000000000465	4.33944
50.300000000000466	6.5768
50.400000000000468	3.87086
50.500000000000469	6.28321
50.60000000000047	9.04691
50.700000000000472	5.34441
50.800000000000473	7.67655
50.900000000000475	4.57305
51.000000000000476	2.8787
51.100000000000477	5.18632
51.200000000000479	7.95811
51.30000000000048	10.5649
51.400000000000482	6.20035
51.500000000000483	3.9589
51.600000000000485	5.28865
51.700000000000486	8.97242
51.800000000000487	11.6088
51.900000000000489	6.45892
52.00000000000049	8.48487
52.100000000000492	4.30136
52.200000000000493	6.07069
52.300000000000495	8.67257
52.400000000000496	5.13584
52.500000000000497	8.65477
52.600000000000499	5.12531
52.7000000000005	7.52717
52.800000000000502	4.6603
52.900000000000503	4.87488
53.000000000000504	7.36088
53.100000000000506	3.07076
53.200000000000507	2.62155
53.300000000000509	5.97732
53.40000000000051	8.24948
53.500000000000512	4.12474
53.600000000000513	6.43956
53.700000000000514	3.99013
53.800000000000516	6.19439
53.900000000000517	3.5535
54.000000000000519	5.19796
54.10000000000052	8.80637
54.200000000000522	5.28526
54.300000000000523	5.28526
54.400000000000524	3.54371
54.500000000000526	5.38405
54.600000000000527	2.69202
54.700000000000529	2.69202
54.80000000000053	2.9
54.900000000000531	5.75491
55.000000000000533	8.33628
55.100000000000534	11.4811
55.200000000000536	7.08046
55.300000000000537	9.82153
55.400000000000539	12.5182
55.50000000000054	15.2612
55.600000000000541	8.50019
55.700000000000543	11.3377
55.800000000000544	5.71294
55.900000000000546	7.40951
56.000000000000547	4.68696
56.100000000000549	2.34348
56.20000000000055	3.13118
56.300000000000551	5.69395
56.400000000000553	8.29467
56.500000000000554	5.22094
56.600000000000556	7.03999
56.700000000000557	5.36885
56.800000000000558	3.4305
56.90000000000056	4.7004
57.000000000000561	7.248
57.100000000000563	4.44701
57.200000000000564	3.16766
57.300000000000566	4.5169
57.400000000000567	7.13209
57.500000000000568	10.8299
57.60000000000057	13.3978
57.70000000