10	13.5326
10.1	13.5326
10.199999999999999	13.5326
10.299999999999999	13.5326
10.399999999999999	1
10.499999999999998	4
10.599999999999998	6.32883
10.699999999999998	6.48684
10.799999999999997	7.36254
10.899999999999997	7.36254
10.999999999999996	8.26582
11.099999999999996	9.07844
11.199999999999996	9.18859
11.299999999999995	10.1256
11.399999999999995	10.9822
11.499999999999995	11.0733
11.599999999999994	12.0292
11.699999999999994	12.0292
11.799999999999994	12.9915
11.899999999999993	13.6685
11.999999999999993	13.8869
12.099999999999993	14.7956
12.199999999999992	15.5228
12.299999999999992	15.7152
12.399999999999991	16.6441
12.499999999999991	16.6441
12.599999999999991	17.5807
12.69999999999999	18.361
12.79999999999999	18.5239
12.89999999999999	19.4726
12.999999999999989	20.2787
13.099999999999989	20.4262
13.199999999999989	21.384
13.299999999999988	21.384
13.399999999999988	22.3455
13.499999999999988	23.181
13.599999999999987	23.3102
13.699999999999987	24.2777
13.799999999999986	25.1284
13.899999999999986	25.2476
13.999999999999986	26.2199
14.099999999999985	26.2199
14.199999999999985	13.5232
14.299999999999985	13.5232
14.399999999999984	13.5972
14.499999999999984	14.5241
14.599999999999984	15.2643
14.699999999999983	15.46
14.799999999999983	16.4034
14.899999999999983	16.4034
14.999999999999982	17.353
15.099999999999982	18.1431
15.199999999999982	18.308
15.299999999999981	19.2674
15.399999999999981	20.0817
15.49999999999998	20.2307
15.59999999999998	21.1974
15.69999999999998	21.1974
15.799999999999979	22.1669
15.899999999999979	23.0089
15.999999999999979	23.1391
16.09999999999998	24.1134
16.199999999999982	24.9297
16.299999999999983	25.0898
16.399999999999984	26.0679
16.499999999999986	26.0679
16.599999999999987	27.0476
16.699999999999989	27.7777
16.79999999999999	28.0287
16.899999999999991	29.0111
16.999999999999993	29.6929
17.099999999999994	29.9946
17.199999999999996	30.9468
17.299999999999997	30.9468
17.399999999999999	31.8392
17.5	32.5232
17.600000000000001	32.7989
17.700000000000003	33.7608
17.800000000000004	34.4647
17.900000000000006	34.725
18.000000000000007	35.691
18.100000000000009	35.691
18.20000000000001	36.6589
18.300000000000011	37.3885
18.400000000000013	37.6019
18.500000000000014	38.5737
18.600000000000016	39.3185
18.700000000000017	39.5468
18.800000000000018	40.5213
18.90000000000002	40.5213
19.000000000000021	41.497
19.100000000000023	42.2613
19.200000000000024	42.4738
19.300000000000026	43.4517
19.400000000000027	44.2274
19.500000000000028	44.4305
19.60000000000003	45.4102
19.700000000000031	45.4102
19.800000000000033	46.3477
19.900000000000034	47.1395
20.000000000000036	47.33
20.100000000000037	48.3131
20.200000000000038	49.1138
20.30000000000004	49.2968
20.400000000000041	50.2612
20.500000000000043	50.2612
20.600000000000044	51.2466
20.700000000000045	52.0598
20.800000000000047	52.2325
20.900000000000048	53.2189
21.00000000000005	54.0395
21.100000000000051	54.2058
21.200000000000053	55.1932
21.300000000000054	55.1932
21.400000000000055	56.181
21.500000000000057	57.0116
21.600000000000058	57.1692
21.70000000000006	58.1579
21.800000000000061	58.9945
21.900000000000063	59.1469
22.000000000000064	60.0864
22.100000000000065	60.0864
22.200000000000067	61.0769
22.300000000000068	61.8741
22.40000000000007	62.0677
22.500000000000071	63.0589
22.600000000000072	63.4384
22.700000000000074	31.7192
22.800000000000075	31.7192
22.900000000000077	31.7192
23.000000000000078	1
23.10000000000008	2
23.200000000000081	2
23.300000000000082	5
23.400000000000084	5
23.500000000000085	11
23.600000000000087	15.4606
23.700000000000088	15.4606
23.80000000000009	7.76264
23.900000000000091	8.26571
24.000000000000092	8.26571
24.100000000000094	9.1885
24.200000000000095	9.1885
24.300000000000097	10.1255
24.400000000000098	11.0732
24.500000000000099	11.0732
24.600000000000101	12.0291
24.700000000000102	12.9914
24.800000000000104	12.9914
24.900000000000105	13.8868
25.000000000000107	13.8868
25.100000000000108	14.7955
25.200000000000109	15.7152
25.300000000000111	15.7152
25.400000000000112	16.6441
25.500000000000114	17.5807
25.600000000000115	17.5807
25.700000000000117	18.5238
25.800000000000118	18.5238
25.900000000000119	19.4726
26.000000000000121	20.4262
26.100000000000122	20.4262
26.200000000000124	21.384
26.300000000000125	22.3455
26.400000000000126	22.3455
26.500000000000128	23.3101
26.600000000000129	23.3101
26.700000000000131	24.2776
26.800000000000132	25.2476
26.900000000000134	25.2476
27.000000000000135	26.2198
27.100000000000136	27.1204
27.200000000000138	27.1204
27.300000000000139	27.8844
27.400000000000141	27.8844
27.500000000000142	28.6281
27.600000000000144	29.5905
27.700000000000145	29.5905
27.800000000000146	30.5554
27.900000000000148	31.5224
28.000000000000149	31.5224
28.100000000000151	32.4298
28.200000000000152	32.4298
28.300000000000153	33.4024
28.400000000000155	34.3766
28.500000000000156	34.3766
28.600000000000158	35.2388
28.700000000000159	36.2188
28.800000000000161	36.2188
28.900000000000162	18.3154
29.000000000000163	18.3154
29.100000000000165	18.37
29.200000000000166	18.37
29.300000000000168	1
29.400000000000169	2
29.500000000000171	4
29.600000000000172	4
29.700000000000173	6
29.800000000000175	6
29.900000000000176	9.22087
30.000000000000178	10.1549
30.100000000000179	10.1549
30.20000000000018	11.1
30.300000000000182	12.0538
30.400000000000183	12.0538
30.500000000000185	13.0142
30.600000000000186	13.0142
30.700000000000188	13.9801
30.800000000000189	14.883
30.90000000000019	14.883
31.000000000000192	15.7976
31.100000000000193	16.7219
31.200000000000195	16.7219
31.300000000000196	17.6543
31.400000000000198	17.6543
31.500000000000199	18.5938
31.6000000000002	19.5391
31.700000000000202	19.5391
31.800000000000203	20.4407
31.900000000000205	10.2204
32.000000000000206	10.2204
32.100000000000207	10.9785
32.200000000000209	10.9785
32.30000000000021	11.8577
32.400000000000212	12.7545
32.500000000000213	12.7545
32.600000000000215	13.6656
32.700000000000216	14.5881
32.800000000000217	14.5881
32.900000000000219	15.5201
33.00000000000022	15.5201
33.100000000000222	16.4601
33.200000000000223	17.4066
33.300000000000225	17.4066
33.400000000000226	18.3587
33.500000000000227	19.3156
33.600000000000229	19.3156
33.70000000000023	20.2767
33.800000000000232	20.2767
33.900000000000233	21.194
34.000000000000234	22.1637
34.100000000000236	22.1637
34.200000000000237	23.0927
34.300000000000239	24.0689
34.40000000000024	24.0689
34.500000000000242	25.047
34.600000000000243	25.047
34.700000000000244	26.0268
34.800000000000246	27.008
34.900000000000247	27.008
35.000000000000249	27.9904
35.10000000000025	28.9396
35.200000000000252	28.9396
35.300000000000253	14.7946
35.400000000000254	14.7946
35.500000000000256	14.7946
35.600000000000257	14.8622
35.700000000000259	14.8622
35.80000000000026	7.4311
35.900000000000261	7.9555
36.000000000000263	7.9555
36.100000000000264	8.79723
36.200000000000266	8.79723
36.300000000000267	9.66883
36.400000000000269	10.5629
36.50000000000027	10.5629
36.600000000000271	11.4742
36.700000000000273	11.7337
36.800000000000274	12.399
36.900000000000276	13.3345
37.000000000000277	13.3345
37.100000000000279	14.2786
37.20000000000028	15.2297
37.300000000000281	15.2297
37.400000000000283	16.1865
37.500000000000284	16.1865
37.600000000000286	17.1482
37.700000000000287	18.114
37.800000000000288	18.114
37.90000000000029	19.0832
38.000000000000291	20.0554
38.100000000000293	20.0554
38.200000000000294	20.9824
38.300000000000296	20.9824
38.400000000000297	21.9159
38.500000000000298	22.855
38.6000000000003	22.855
38.700000000000301	23.7989
38.800000000000303	24.7473
38.900000000000304	24.7473
39.000000000000306	25.6995
39.100000000000307	25.6995
39.200000000000308	26.6553
39.30000000000031	27.6141
39.400000000000311	27.6141
39.500000000000313	28.5757
39.600000000000314	29.5399
39.700000000000315	29.5399
39.800000000000317	30.4735
39.900000000000318	30.4735
40.00000000000032	15.2368
40.100000000000321	16.069
40.200000000000323	16.069
40.300000000000324	17.0373
40.400000000000325	18.0091
40.500000000000327	18.0091
40.600000000000328	18.9837
40.70000000000033	18.9837
40.800000000000331	19.9105
40.900000000000333	20.844
41.000000000000334	20.844
41.100000000000335	21.7834
41.200000000000337	22.7279
41.300000000000338	22.7279
41.40000000000034	23.677
41.500000000000341	23.677
41.600000000000342	24.6301
41.700000000000344	25.5867
41.800000000000345	25.5867
41.900000000000347	26.5465
42.000000000000348	27.5091
42.10000000000035	27.5091
42.200000000000351	28.4743
42.300000000000352	28.4743
42.400000000000354	29.3055
42.500000000000355	30.2795
42.600000000000357	30.2795
42.700000000000358	31.2551
42.80000000000036	32.2321
42.900000000000361	32.2321
43.000000000000362	33.2105
43.100000000000364	33.2105
43.200000000000365	34.1902
43.300000000000367	35.1425
43.400000000000368	35.1425
43.500000000000369	36.0974
43.600000000000371	37.0817
43.700000000000372	37.0817
43.800000000000374	38.0667
43.900000000000375	38.0667
44.000000000000377	39.0269
44.100000000000378	40.0141
44.200000000000379	40.0141
44.300000000000381	41.0018
44.400000000000382	41.9902
44.500000000000384	41.9902
44.600000000000385	21.2202
44.700000000000387	21.2202
44.800000000000388	21.2202
44.900000000000389	21.2202
45.000000000000391	1
45.100000000000392	3
45.200000000000394	6
45.300000000000395	7
45.400000000000396	10.3942
45.500000000000398	10.3942
45.600000000000399	11.3192
45.700000000000401	12.0909
45.800000000000402	12.2558
45.900000000000404	13.2015
46.000000000000405	14.0121
46.100000000000406	14.1545
46.200000000000408	15.1134
46.300000000000409	15.1134
46.400000000000411	7.62271
46.500000000000412	7.7539
46.600000000000414	8.00973
46.700000000000415	8.95927
46.800000000000416	9.5041
46.900000000000418	9.81633
47.000000000000419	10.698
47.100000000000421	10.698
47.200000000000422	11.5986
47.300000000000423	12.2713
47.400000000000425	12.5142
47.500000000000426	13.4416
47.600000000000428	14.1679
47.700000000000429	14.3786
47.800000000000431	15.3234
47.900000000000432	15.3234
48.000000000000433	16.2748
48.100000000000435	8.19871
48.200000000000436	8.19871
48.300000000000438	8.67616
48.400000000000439	9.23791
48.500000000000441	9.55894
48.600000000000442	10.4625
48.700000000000443	10.4625
48.800000000000445	11.3819
48.900000000000446	12.0668
49.000000000000448	12.3137
49.100000000000449	6.3966
49.20000000000045	6.3966
49.300000000000452	6.3966
49.400000000000453	6.3966
49.500000000000455	1
49.600000000000456	3.33333
49.700000000000458	3.33333
49.800000000000459	4.40454
49.90000000000046	5.05378
50.000000000000462	5.44207
50.100000000000463	6.14322
50.200000000000465	6.77034
50.300000000000466	7.0626
50.400000000000468	8.00038
50.500000000000469	8.12537
50.60000000000047	8.95093
50.700000000000472	9.38974
50.800000000000473	10.0116
50.900000000000475	10.691
51.000000000000476	10.9692
51.100000000000477	11.5922
51.200000000000479	12.1831
51.30000000000048	12.7465
51.400000000000482	13.436
51.500000000000483	14.0917
51.600000000000485	14.3734
51.700000000000486	15.3186
51.800000000000487	15.5136
51.900000000000489	16.2085
52.00000000000049	16.8747
52.100000000000492	17.3431
52.200000000000493	18.1336
52.300000000000495	18.7313
52.400000000000496	19.1018
52.500000000000497	20.0731
52.600000000000499	20.2222
52.7000000000005	21.047
52.800000000000502	21.5639
52.900000000000503	10.9203
53.000000000000504	10.9203
53.100000000000506	10.9203
53.200000000000507	10.9203
53.300000000000509	11.8039
53.40000000000051	12.0562
53.500000000000512	12.7045
53.600000000000513	13.0165
53.700000000000514	13.9822
53.800000000000516	14.5444
53.900000000000517	14.885
54.000000000000519	15.4791
54.10000000000052	16.4214
54.200000000000522	16.7237
54.300000000000523	17.3701
54.400000000000524	17.656
54.500000000000526	18.5954
54.600000000000527	19.2307
54.700000000000529	19.4893
54.80000000000053	20.1958
54.900000000000531	21.164
55.000000000000533	21.3992
55.100000000000534	22.1351
55.200000000000536	22.36
55.300000000000537	23.3241
55.400000000000539	24.0841
55.50000000000054	24.291
55.600000000000541	25.0616
55.700000000000543	26.0408
55.800000000000544	26.2323
55.900000000000546	27.0215
56.000000000000547	27.206
56.100000000000549	28.1816
56.20000000000055	28.9867
56.300000000000551	29.1588
56.400000000000553	14.699
56.500