10	1
10.1	1
10.199999999999999	1
10.299999999999999	1
10.399999999999999	1
10.499999999999998	1
10.599999999999998	1
10.699999999999998	1
10.799999999999997	1
10.899999999999997	1
10.999999999999996	1
11.099999999999996	1
11.199999999999996	1
11.299999999999995	1
11.399999999999995	1
11.499999999999995	1
11.599999999999994	1
11.699999999999994	1
11.799999999999994	1
11.899999999999993	1
11.999999999999993	1
12.099999999999993	1
12.199999999999992	1
12.299999999999992	1
12.399999999999991	1
12.499999999999991	1
12.599999999999991	1
12.69999999999999	1
12.79999999999999	1
12.89999999999999	1
12.999999999999989	1
13.099999999999989	1
13.199999999999989	1
13.299999999999988	1
13.399999999999988	1
13.499999999999988	1
13.599999999999987	1
13.699999999999987	1
13.799999999999986	1
13.899999999999986	1
13.999999999999986	1
14.099999999999985	1
14.199999999999985	1
14.299999999999985	1
14.399999999999984	1
14.499999999999984	1
14.599999999999984	1
14.699999999999983	1
14.799999999999983	1
14.899999999999983	1
14.999999999999982	1
15.099999999999982	1
15.199999999999982	1
15.299999999999981	1
15.399999999999981	1
15.49999999999998	1
15.59999999999998	1
15.69999999999998	1
15.799999999999979	1
15.899999999999979	1
15.999999999999979	1
16.09999999999998	1
16.199999999999982	1
16.299999999999983	1
16.399999999999984	1
16.499999999999986	1
16.599999999999987	1
16.699999999999989	1
16.79999999999999	1
16.899999999999991	1
16.999999999999993	1
17.099999999999994	1
17.199999999999996	1
17.299999999999997	1
17.399999999999999	1
17.5	1
17.600000000000001	1
17.700000000000003	1
17.800000000000004	1
17.900000000000006	1
18.000000000000007	1
18.100000000000009	1
18.20000000000001	1
18.300000000000011	1
18.400000000000013	1
18.500000000000014	1
18.600000000000016	1
18.700000000000017	1
18.800000000000018	1
18.90000000000002	1
19.000000000000021	1
19.100000000000023	1
19.200000000000024	1
19.300000000000026	1
19.400000000000027	1
19.500000000000028	1
19.60000000000003	1
19.700000000000031	1
19.800000000000033	1
19.900000000000034	1
20.000000000000036	1
20.100000000000037	1
20.200000000000038	1
20.30000000000004	1
20.400000000000041	1
20.500000000000043	1
20.600000000000044	1
20.700000000000045	1
20.800000000000047	1
20.900000000000048	1
21.00000000000005	1
21.100000000000051	1
21.200000000000053	1
21.300000000000054	1
21.400000000000055	1
21.500000000000057	1
21.600000000000058	1
21.70000000000006	1
21.800000000000061	1
21.900000000000063	1
22.000000000000064	1
22.100000000000065	1
22.200000000000067	1
22.300000000000068	1
22.40000000000007	1
22.500000000000071	1
22.600000000000072	1
22.700000000000074	1
22.800000000000075	1
22.900000000000077	1
23.000000000000078	1
23.10000000000008	1
23.200000000000081	1
23.300000000000082	1
23.400000000000084	1
23.500000000000085	1
23.600000000000087	1
23.700000000000088	1
23.80000000000009	1
23.900000000000091	1
24.000000000000092	1
24.100000000000094	1
24.200000000000095	1
24.300000000000097	1
24.400000000000098	1
24.500000000000099	1
24.600000000000101	1
24.700000000000102	1
24.800000000000104	1
24.900000000000105	1
25.000000000000107	1
25.100000000000108	1
25.200000000000109	1
25.300000000000111	1
25.400000000000112	1
25.500000000000114	1
25.600000000000115	1
25.700000000000117	1
25.800000000000118	1
25.900000000000119	1
26.000000000000121	1
26.100000000000122	1
26.200000000000124	1
26.300000000000125	1
26.400000000000126	1
26.500000000000128	1
26.600000000000129	1
26.700000000000131	1
26.800000000000132	1
26.900000000000134	1
27.000000000000135	1
27.100000000000136	1
27.200000000000138	1
27.300000000000139	1
27.400000000000141	1
27.500000000000142	1
27.600000000000144	1
27.700000000000145	1
27.800000000000146	1
27.900000000000148	1
28.000000000000149	1
28.100000000000151	1
28.200000000000152	1
28.300000000000153	1
28.400000000000155	1
28.500000000000156	1
28.600000000000158	1
28.700000000000159	1
28.800000000000161	1
28.900000000000162	1
29.000000000000163	1
29.100000000000165	1
29.200000000000166	1
29.300000000000168	1
29.400000000000169	1
29.500000000000171	1
29.600000000000172	1
29.700000000000173	1
29.800000000000175	1
29.900000000000176	1
30.000000000000178	1
30.100000000000179	1
30.20000000000018	1
30.300000000000182	2
30.400000000000183	4.33944
30.500000000000185	6.09735
30.600000000000186	7.96541
30.700000000000188	9.67696
30.800000000000189	12.4054
30.90000000000019	14.2841
31.000000000000192	7.58533
31.100000000000193	9.36749
31.200000000000195	12.0833
31.300000000000196	14.0055
31.400000000000198	15.8833
31.500000000000199	18.1773
31.6000000000002	20.5557
31.700000000000202	22.4639
31.800000000000203	24.3867
31.900000000000205	27.218
32.000000000000206	14.4817
32.100000000000207	15.4851
32.200000000000209	17.3754
32.30000000000021	20.2498
32.400000000000212	22.1844
32.500000000000213	23.9212
32.600000000000215	11.9606
32.700000000000216	13.7549
32.800000000000217	15.5988
32.900000000000219	17.4767
33.00000000000022	9.48047
33.100000000000222	11.3162
33.200000000000223	6.17273
33.300000000000225	8.02294
33.400000000000226	9.82709
33.500000000000227	12.5226
33.600000000000229	14.3859
33.70000000000023	16.2812
33.800000000000232	18.1986
33.900000000000233	21.103
34.000000000000234	11.016
34.100000000000236	12.865
34.200000000000237	14.6847
34.300000000000239	17.1988
34.40000000000024	9.38282
34.500000000000242	11.2347
34.600000000000243	5.88126
34.700000000000244	3.63329
34.800000000000246	4.16438
34.900000000000247	4.40451
35.000000000000249	2.20225
35.10000000000025	2.20225
35.200000000000252	1
35.300000000000253	3.55301
35.400000000000254	5.19763
35.500000000000256	7.02286
35.600000000000257	9.14257
35.700000000000259	4.57128
35.80000000000026	4.57128
35.900000000000261	1
36.000000000000263	2.9
36.100000000000264	4.56988
36.200000000000266	7.02286
36.300000000000267	8.80618
36.400000000000269	10.8517
36.50000000000027	12.5661
36.600000000000271	15.1027
36.700000000000273	7.97096
36.800000000000274	9.14739
36.900000000000276	11.0392
37.000000000000277	13.1925
37.100000000000279	15.1056
37.20000000000028	17.5022
37.300000000000281	9.06036
37.400000000000283	4.85178
37.500000000000284	5.2556
37.600000000000286	3.34076
37.700000000000287	5.05854
37.800000000000288	6.77387
37.90000000000029	8.49196
38.000000000000291	11.2426
38.100000000000293	13.1359
38.200000000000294	15.0562
38.300000000000296	7.78978
38.400000000000297	7.78978
38.500000000000298	8.53066
38.6000000000003	10.3424
38.700000000000301	12.212
38.800000000000303	6.26815
38.900000000000304	7.58169
39.000000000000306	9.36455
39.100000000000307	11.039
39.200000000000308	13.6408
39.30000000000031	15.4984
39.400000000000311	17.3872
39.500000000000313	19.2462
39.600000000000314	10.7765
39.700000000000315	10.9613
39.800000000000317	12.7397
39.900000000000318	6.82587
40.00000000000032	8.9928
40.100000000000321	10.726
40.200000000000323	12.5381
40.300000000000324	14.6752
40.400000000000325	17.2489
40.500000000000327	19.1737
40.600000000000328	21.1122
40.70000000000033	11.3996
40.800000000000331	11.3996
40.900000000000333	11.3996
41.000000000000334	2
41.100000000000335	6.26331
41.200000000000337	8.09245
41.300000000000338	4.46055
41.40000000000034	5.48708
41.500000000000341	8.1553
41.600000000000342	10.0358
41.700000000000344	11.6992
41.800000000000345	13.3793
41.900000000000347	16.2234
42.000000000000348	8.65212
42.10000000000035	10.4426
42.200000000000351	5.45648
42.300000000000352	7.48958
42.400000000000354	4.07391
42.500000000000355	5.73998
42.600000000000357	7.43025
42.700000000000358	10.1747
42.80000000000036	12.0705
42.900000000000361	13.8504
43.000000000000362	15.6831
43.100000000000364	18.388
43.200000000000365	20.3031
43.300000000000367	22.2331
43.400000000000368	24.1742
43.500000000000369	27.0648
43.600000000000371	29.0272
43.700000000000372	30.9942
43.800000000000374	32.9044
43.900000000000375	17.2246
44.000000000000377	17.2246
44.100000000000378	18.2961
44.200000000000379	20.22
44.300000000000381	23.1297
44.400000000000382	11.8639
44.500000000000384	12.994
44.600000000000385	15.33
44.700000000000387	17.5826
44.800000000000388	19.4743
44.900000000000389	21.3856
45.000000000000391	24.155
45.100000000000392	26.2211
45.200000000000394	13.5609
45.300