10	1
10.1	1
10.199999999999999	1
10.299999999999999	1
10.399999999999999	1
10.499999999999998	1
10.599999999999998	1
10.699999999999998	1
10.799999999999997	1
10.899999999999997	1
10.999999999999996	1
11.099999999999996	1
11.199999999999996	1
11.299999999999995	1
11.399999999999995	1
11.499999999999995	1
11.599999999999994	1
11.699999999999994	1
11.799999999999994	1
11.899999999999993	1
11.999999999999993	1
12.099999999999993	1
12.199999999999992	1
12.299999999999992	1
12.399999999999991	1
12.499999999999991	1
12.599999999999991	1
12.69999999999999	1
12.79999999999999	1
12.89999999999999	1
12.999999999999989	1
13.099999999999989	1
13.199999999999989	1
13.299999999999988	1
13.399999999999988	1
13.499999999999988	1
13.599999999999987	1
13.699999999999987	1
13.799999999999986	1
13.899999999999986	1
13.999999999999986	32
14.099999999999985	16.4473
14.199999999999985	19.5954
14.299999999999985	29.84
14.399999999999984	33.813
14.499999999999984	27.838
14.599999999999984	23.0592
14.699999999999983	26.2413
14.799999999999983	49.6915
14.899999999999983	16.5465
14.999999999999982	40.7761
15.099999999999982	36.4083
15.199999999999982	29.3003
15.299999999999981	13.6952
15.399999999999981	25.1874
15.49999999999998	19.7158
15.59999999999998	30.0376
15.69999999999998	54.3953
15.799999999999979	29.1826
15.899999999999979	30.4389
15.999999999999979	30.1417
16.09999999999998	54.5629
16.199999999999982	77.0679
16.299999999999983	16.3097
16.399999999999984	33.8635
16.499999999999986	12.9859
16.599999999999987	20.2422
16.699999999999989	13.839
16.79999999999999	13.839
16.899999999999991	8.96692
16.999999999999993	31.7754
17.099999999999994	14.2073
17.199999999999996	22.6639
17.299999999999997	46.0691
17.399999999999999	7.98671
17.5	13.7207
17.600000000000001	15.6469
17.700000000000003	25.9831
17.800000000000004	13.3497
17.900000000000006	17.401
18.000000000000007	36.0489
18.100000000000009	59.4981
18.20000000000001	17.0975
18.300000000000011	40.2639
18.400000000000013	11.8573
18.500000000000014	20.0341
18.600000000000016	21.9911
18.700000000000017	45.2143
18.800000000000018	18.9741
18.90000000000002	28.8891
19.000000000000021	31.5707
19.100000000000023	12.5032
19.200000000000024	23.3002
19.300000000000026	25.2199
19.400000000000027	48.484
19.500000000000028	16.0355
19.60000000000003	14.8845
19.700000000000031	21.1387
19.800000000000033	13.9783
19.900000000000034	23.6791
20.000000000000036	14.5262
20.100000000000037	9.91477
20.200000000000038	9.63027
20.30000000000004	9.63027
20.400000000000041	10.7238
20.500000000000043	20.701
20.600000000000044	10.6477
20.700000000000045	20.0659
20.800000000000047	43.2598
20.900000000000048	32.6109
21.00000000000005	27.0624
21.100000000000051	22.466
21.200000000000053	16.6414
21.300000000000054	11.2532
21.400000000000055	35.2105
21.500000000000057	13.7302
21.600000000000058	29.1423
21.70000000000006	31.0545
21.800000000000061	36.0609
21.900000000000063	59.4381
22.000000000000064	16.325
22.100000000000065	14.0456
22.200000000000067	20.7094
22.300000000000068	17.8145
22.40000000000007	37.1765
22.500000000000071	15.9868
22.600000000000072	24.097
22.700000000000074	12.6691
22.800000000000075	21.9217
22.900000000000077	20.5265
23.000000000000078	10.7225
23.10000000000008	33.6469
23.200000000000081	27.4527
23.300000000000082	29.1658
23.400000000000084	29.3787
23.500000000000085	17.5812
23.600000000000087	41.6889
23.700000000000088	24.5658
23.80000000000009	21.5812
23.900000000000091	25.0701
24.000000000000092	21.8579
24.100000000000094	27.2887
24.200000000000095	25.1601
24.300000000000097	48.5355
24.400000000000098	25.1388
24.500000000000099	48.3178
24.600000000000101	13.0762
24.700000000000102	19.3354
24.800000000000104	7.61154
24.900000000000105	15.094
25.000000000000107	37.2389
25.100000000000108	19.4743
25.200000000000109	15.0613
25.300000000000111	18.4915
25.400000000000112	27.5221
25.500000000000114	26.0955
25.600000000000115	32.1566
25.700000000000117	27.6974
25.800000000000118	19.1336
25.900000000000119	27.3024
26.000000000000121	27.4299
26.100000000000122	21.2299
26.200000000000124	13.3205
26.300000000000125	37.3694
26.400000000000126	14.1747
26.500000000000128	17.563
26.600000000000129	38.1213
26.700000000000131	19.2513
26.800000000000132	9.53616
26.900000000000134	20.9237
27.000000000000135	15.6783
27.100000000000136	20.4925
27.200000000000138	27.9346
27.300000000000139	32.2995
27.400000000000141	11.0888
27.500000000000142	14.4562
27.600000000000144	20.1849
27.700000000000145	43.4534
27.800000000000146	15.1973
27.900000000000148	19.9943
28.000000000000149	15.3016
28.100000000000151	38.3804
28.200000000000152	42.4389
28.300000000000153	18.499
28.400000000000155	25.183
28.500000000000156	48.5473
28.600000000000158	18.7259
28.700000000000159	9.9913
28.800000000000161	32.8179
28.900000000000162	33.7306
29.000000000000163	12.7825
29.100000000000165	31.1494
29.200000000000166	19.2515
29.300000000000168	18.9112
29.400000000000169	29.401
29.500000000000171	25.4095
29.600000000000172	13.4041
29.700000000000173	37.3188
29.800000000000175	17.3248
29.900000000000176	10.7527
30.000000000000178	8.95408
30.100000000000179	22.5367
30.20000000000018	17.9887
30.300000000000182	17.9887
30.400000000000183	12.1002
30.500000000000185	8.81466
30.600000000000186	8.81466
30.700000000000188	8.08485
30.800000000000189	15.3191
30.90000000000019	24.8806
31.000000000000192	27.7285
31.100000000000193	51.1614
31.200000000000195	25.067
31.300000000000196	32.1779
31.400000000000198	19.4748
31.500000000000199	16.3762
31.6000000000002	12.2166
31.700000000000202	35.1611
31.800000000000203	11.0018
31.900000000000205	9.18681
32.000000000000206	9.18681
32.100000000000207	12.0464
32.200000000000209	23.4593
32.30000000000021	15.0095
32.400000000000212	9.26811
32.500000000000213	30.8075
32.600000000000215	11.4803
32.700000000000216	34.4804
32.800000000000217	11.3779
32.900000000000219	24.0982
33.00000000000022	12.2781
33.100000000000222	23.8068
33.200000000000223	9.63519
33.300000000000225	17.3874
33.400000000000226	19.907
33.500000000000227	27.4691
33.600000000000229	9.20816
33.70000000000023	8.32734
33.800000000000232	29.54
33.900000000000233	7.77286
34.000000000000234	7.77286
34.100000000000236	17.9113
34.200000000000237	24.7464
34.300000000000239	17.2683
34.40000000000024	21.1726
34.500000000000242	9.65368
34.600000000000243	7.76982
34.700000000000244	15.213
34.800000000000246	16.2737
34.900000000000247	24.0309
35.000000000000249	30.7511
35.10000000000025	15.6954
35.200000000000252	15.0874
35.300000000000253	13.5667
35.400000000000254	20.0894
35.500000000000256	28.0488
35.600000000000257	12.2316
35.700000000000259	10.2367
35.80000000000026	33.4959
35.900000000000261	31.3502
36.000000000000263	19.3558
36.100000000000264	29.2437
36.200000000000266	11.656
36.300000000000267	33.5994
36.400000000000269	18.9674
36.50000000000027	18.9674
36.600000000000271	22.0431
36.700000000000273	24.8096
36.800000000000274	18.9865
36.900000000000276	18.9865
37.000000000000277	15.2817
37.100000000000279	15.7818
37.20000000000028	24.266
37.300000000000281	28.7802
37.400000000000283	31.9406
37.500000000000284	12.3994
37.600000000000286	33.4775
37.700000000000287	12.6966
37.800000000000288	16.9082
37.90000000000029	16.7673
38.000000000000291	37.1475
38.100000000000293	25.9392
38.200000000000294	11.2847
38.300000000000296	17.2164
38.400000000000297	20.5421
38.500000000000298	23.703
38.6000000000003	26.7964
38.700000000000301	21.4156
38.800000000000303	28.2152
38.900000000000304	52.4854
39.000000000000306	14.7455
39.100000000000307	20.1431
39.200000000000308	43.3418
39.30000000000031	42.4762
39.400000000000311	23.2029
39.500000000000313	46.5518
39.600000000000314	27.1074
39.700000000000315	10.4616
39.800000000000317	19.2096
39.900000000000318	21.3555
40.00000000000032	31.0658
40.100000000000321	31.374
40.200000000000323	24.8233
40.300000000000324	15.9934
40.400000000000325	23.0616
40.500000000000327	25.9883
40.600000000000328	33.9893
40.70000000000033	23.2464
40.800000000000331	29.0429
40.900000000000333	15.7402
41.000000000000334	20.7133
41.100000000000335	14.8978
41.200000000000337	23.2086
41.300000000000338	30.7086
41.40000000000034	15.1359
41.500000000000341	17.0595
41.600000000000342	16.8946
41.700000000000344	21.039
41.800000000000345	21.5833
41.900000000000347	21.8892
42.000000000000348	25.5852
42.10000000000035	11.1937
42.200000000000351	18.0517
42.300000000000352	27.9994
42.400000000000354	51.2305
42.500000000000355	17.6558
42.600000000000357	21.9204
42.700000000000358	13.4043
42.80000000000036	13.4043
42.900000000000361	6.93882
43.000000000000362	6.93882
43.100000000000364	6.93882
43.200000000000365	6.93882
43.300000000000367	14.0917
43.400000000000368	17.5204
43.500000000000369	14.4868
43.600000000000371	14.4868
43.700000000000372	14.8241
43.800000000000374	20.1466
43.900000000000375	18.2129
44.000000000000377	26.0137
44.100000000000378	30.005
44.200000000000379	22.3189
44.300000000000381	16.9008
44.400000000000382	16.9008
44.500000000000384	15.3184
44.600000000000385	38.4912
44.700000000000387	24.3643
44.800000000000388	27.1358
44.900000000000389	14.2445
45.000000000000391	11.0284
45.100000000000392	9.74793
45.200000000000394	16.2367
45.300000000000395	15.2824
45.400000000000396	25.9102
45.500000000000398	24.5722
45.600000000000399	49.0355
45.700000000000401	13.9437
45.800000000000402	13.103
45.900000000000404	6.95243
46.000000000000405	16.4976
46.100000000000406	27.3534
46.200000000000408	11.4751
46.300000000000409	8.84741
46.400000000000411	19.0757
46.500000000000412	27.5189
46.600000000000414	21.9952
46.700000000000415	22.5417
46.800000000000416	18.2959
46.900000000000418	23.5518
47.000000000000419	27.5726
47.100000000000421	13.7491
47.200000000000422	25.4163
47.300000000000423	27.0502
47.400000000000425	50.3422
47.500000000000426	15.4163
47.600000000000428	36.8312
47.700000000000429	11.7154
47.800000000000431	22.41
47.900000000000432	22.0844
48.000000000000433	22.0135
48.100000000000435	26.0756
48.200000000000436	16.0151
48.300000000000438	22.8664
48.400000000000439	21.0987
48.500000000000441	12.0595
48.600000000000442	33.8595
48.700000000000443	20.5599
48.800000000000445	24.8753
48.900000000000446	9.6317
49.000000000000448	9.6317
49.100000000000449	13.4621
49.20000000000045	24.5907
49.300000000000452	47.9518
49.400000000000453	13.1877
49.500000000000455	19.7664
49.600000000000456	24.6522
49.700000000000458	26.878
49.800000000000459	16.3774
49.90000000000046	32.9988
50.000000000000462	18.9806
50.100000000000463	17.5822
50.200000000000465	25.0456
50.300000000000466	25.2344
50.400000000000468	24.2045
50.500000000000469	12.5488
50.60000000000047	12.5488
50.700000000000472	11.5521
50.800000000000473	20.5606
50.900000000000475	12.4751
51.000000000000476	26.0113
51.100000000000477	49.2669
51.200000000000479	22.9254
51.30000000000048	29.1163
51.400000000000482	34.6515
51.500000000000483	16.2283
51.600000000000485	25.182
51.700000000000486	23.9565
51.800000000000487	21.4368
51.900000000000489	26.4848
52.00000000000049	23.3245
52.100000000000492	15.0592
52.200000000000493	38.075
52.300000000000495	15.6211
52.400000000000496	17.0003
52.500000000000497	19.2343
52.600000000000499	17.4407
52.7000000000005	40.7066
52.800000000000502	13.4847
52.900000000000503	18.4915
53.000000000000504	20.1081
53.100000000000506	21.454
53.200000000000507	14.2187
53.300000000000509	23.3091
53.40000000000051	11.8412
53.500000000000512	17.1337
53.600000000000513	15.3146
53.700000000000514	10.5169
53.800000000000516	32.5843
53.900000000000517	16.1832
54.000000000000519	17.9086
54.10000000000052	14.185
54.200000000000522	26.285
54.300000000000523	24.4925
54.400000000000524	20.5535
54.500000000000526	6.96267
54.600000000000527	27.2369
54.700000000000529	27.3195
54.80000000000053	33.3364
54.900000000000531	26.9292
55.000000000000533	20.6421
55.100000000000534	27.943
55.200000000000536	23.6714
55.300000000000537	27.3024
55.400000000000539	13.213
55.50000000000054	26.3817
55.600000000000541	33.0212
55.700000000000543	23.2542
55.800000000000544	31.0488
55.900000000000546	26.2515
56.000000000000547	13.4859
56.100000000000549	24.0227
56.20000000000055	11.36
56.300000000000551	24.7489
56.400000000000553	30.0633
56.500000000000554	13.7871
56.600000000000556	18.9093
56.700000000000557	13.0952
56.800000000000558	15.956
56.900000