10	4.64871
10.1	4.64871
10.199999999999999	5.06942
10.299999999999999	5.98904
10.399999999999999	6.78192
10.499999999999998	6.78192
10.599999999999998	7.62316
10.699999999999998	8.49836
10.799999999999997	9.39805
10.899999999999997	10.3159
10.999999999999996	11.2474
11.099999999999996	11.2474
11.199999999999996	12.1895
11.299999999999995	13.14
11.399999999999995	14.0972
11.499999999999995	15.0598
11.599999999999994	16.0268
11.699999999999994	16.0268
11.799999999999994	16.9976
11.899999999999993	17.9157
11.999999999999993	18.842
12.099999999999993	9.6572
12.199999999999992	9.6572
12.299999999999992	9.6572
12.399999999999991	1
12.499999999999991	4
12.599999999999991	4.92064
12.69999999999999	5.68862
12.79999999999999	6.36191
12.89999999999999	6.51909
12.999999999999989	6.82236
13.099999999999989	7.65907
13.199999999999989	8.53053
13.299999999999988	9.42712
13.399999999999988	10.3423
13.499999999999988	11.2716
13.599999999999987	11.2716
13.699999999999987	12.2119
13.799999999999986	13.0075
13.899999999999986	13.8295
13.999999999999986	14.7418
14.099999999999985	15.6646
14.199999999999985	15.6646
14.299999999999985	16.5963
14.399999999999984	8.29816
14.499999999999984	8.29816
14.599999999999984	8.29816
14.699999999999983	2
14.799999999999983	2
14.899999999999983	4
14.999999999999982	5.12386
15.099999999999982	6.03493
15.199999999999982	6.96893
15.299999999999981	7.78963
15.399999999999981	7.78963
15.49999999999998	8.64776
15.59999999999998	9.53319
15.69999999999998	10.439
15.799999999999979	11.3604
15.899999999999979	12.2938
15.999999999999979	12.2938
16.09999999999998	12.9301
16.199999999999982	6.46506
16.299999999999983	6.46506
16.399999999999984	6.46506
16.499999999999986	3.63333
16.599999999999987	3.63333
16.699999999999989	4.63158
16.79999999999999	5.25165
16.899999999999991	6.14322
16.999999999999993	3.23229
17.099999999999994	3.54167
17.199999999999996	3.54167
17.299999999999997	4.33029
17.399999999999999	5.19006
17.5	6.09093
17.600000000000001	7.01731
17.700000000000003	7.83286
17.800000000000004	8.56996
17.900000000000006	8.56996
18.000000000000007	4.34333
18.100000000000009	4.34333
18.20000000000001	4.34333
18.300000000000011	2.9
18.400000000000013	2.9
18.500000000000014	2.9
18.600000000000016	2.9
18.700000000000017	1
18.800000000000018	2
18.90000000000002	2
19.000000000000021	2.5
19.100000000000023	3.55301
19.200000000000024	4.33944
19.300000000000026	5.19763
19.400000000000027	5.57555
19.500000000000028	5.57555
19.60000000000003	2.78778
19.700000000000031	3.14649
19.800000000000033	4.01942
19.900000000000034	4.93626
20.000000000000036	5.70206
20.100000000000037	5.70206
20.200000000000038	6.04758
20.30000000000004	3.02379
20.400000000000041	3.02379
20.500000000000043	3.65261
20.600000000000044	4.42024
20.700000000000045	4.42024
20.800000000000047	5.26472
20.900000000000048	5.98732
21.00000000000005	6.62957
21.100000000000051	7.48828
21.200000000000053	8.13374
21.300000000000054	8.13374
21.400000000000055	9.07014
21.500000000000057	10.0184
21.600000000000058	10.8835
21.70000000000006	5.44175
21.800000000000061	5.97559
21.900000000000063	5.97559
22.000000000000064	6.77009
22.100000000000065	7.34276
22.200000000000067	8.24824
22.300000000000068	9.17281
22.40000000000007	4.80068
22.500000000000071	4.80068
22.600000000000072	5.00899
22.700000000000074	5.76481
22.800000000000075	6.58543
22.900000000000077	7.44933
23.000000000000078	8.34306
23.10000000000008	8.34306
23.200000000000081	9.25805
23.300000000000082	10.0895
23.400000000000084	5.04475
23.500000000000085	5.4337
23.600000000000087	6.29882
23.700000000000088	6.61243
23.80000000000009	7.0562
23.900000000000091	3.5281
24.000000000000092	3.81154
24.100000000000094	4.55088
24.200000000000095	5.37404
24.300000000000097	5.73997
24.400000000000098	5.73997
24.500000000000099	6.56378
24.600000000000101	7.43024
24.700000000000102	8.20417
24.800000000000104	9.13326
24.900000000000105	4.56663
25.000000000000107	4.56663
25.100000000000108	4.56663
25.200000000000109	4.56663
25.300000000000111	1
25.400000000000112	2
25.500000000000114	2.9
25.600000000000115	3.55301
25.700000000000117	4.33944
25.800000000000118	4.33944
25.900000000000119	5.19763
26.000000000000121	6.09735
26.100000000000122	7.02286
26.200000000000124	7.83782
26.300000000000125	8.69112
26.400000000000126	8.69112
26.500000000000128	9.5725
26.600000000000129	10.3785
26.700000000000131	11.2157
26.800000000000132	12.1603
26.900000000000134	12.8814
27.000000000000135	12.8814
27.100000000000136	6.6325
27.200000000000138	6.78327
27.300000000000139	7.62436
27.400000000000141	3.94223
27.500000000000142	4.19589
27.600000000000144	4.19589
27.700000000000145	4.87434
27.800000000000146	5.64885
27.900000000000148	6.48455
28.000000000000149	7.36053
28.100000000000151	8.1412
28.200000000000152	8.1412
28.300000000000153	9.07682
28.400000000000155	10.0244
28.500000000000156	10.9809
28.600000000000158	11.8599
28.700000000000159	12.6777
28.800000000000161	12.6777
28.900000000000162	6.33885
29.000000000000163	6.33885
29.100000000000165	6.33885
29.200000000000166	2
29.300000000000168	3.63333
29.400000000000169	3.63333
29.500000000000171	4.63158
29.600000000000172	5.25165
29.700000000000173	6.14322
29.800000000000175	7.0626
29.900000000000176	8.00038
30.000000000000178	8.12537
30.100000000000179	8.95093
30.20000000000018	9.38974
30.300000000000182	10.2104
30.400000000000183	11.0604
30.500000000000185	12.0173
30.600000000000186	12.2652
30.700000000000188	13.2102
30.800000000000189	13.5845
30.90000000000019	6.79224
31.000000000000192	6.79224
31.100000000000193	7.36315
31.200000000000195	8.01886
31.300000000000196	4.00943
31.400000000000198	4.25884
31.500000000000199	4.71618
31.6000000000002	5.51378
31.700000000000202	6.36772
31.800000000000203	6.67802
31.900000000000205	3.33901
32.000000000000206	3.33901
32.100000000000207	3.33901
32.200000000000209	1
32.30000000000021	2.5
32.400000000000212	3.24483
32.500000000000213	4.09525
32.600000000000215	4.99753
32.700000000000216	4.99753
32.800000000000217	5.75491
32.900000000000219	6.5768
33.00000000000022	7.44171
33.100000000000222	8.33628
33.200000000000223	8.45624
33.300000000000225	8.45624
33.400000000000226	4.22812
33.500000000000227	4.22812
33.600000000000229	4.22812
33.70000000000023	2
33.800000000000232	2.5
33.900000000000233	2.9
34.000000000000234	3.55301
34.100000000000236	4.09525
34.200000000000237	4.99753
34.300000000000239	5.75491
34.40000000000024	6.5768
34.500000000000242	7.02286
34.600000000000243	7.57609
34.700000000000244	3.78805
34.800000000000246	3.78805
34.900000000000247	4.29882
35.000000000000249	4.29882
35.10000000000025	1
35.200000000000252	2
35.300000000000253	2
35.400000000000254	2.5
35.500000000000256	3.83446
35.600000000000257	4.56988
35.700000000000259	5.19763
35.80000000000026	6.09735
35.900000000000261	6.26135
36.000000000000263	7.16526
36.100000000000264	8.09095
36.200000000000266	8.69112
36.300000000000267	4.34556
36.400000000000269	4.79423
36.50000000000027	5.2027
36.600000000000271	6.10164
36.700000000000273	6.88126
36.800000000000274	7.57953
36.900000000000276	8.09417
37.000000000000277	8.80913
37.100000000000279	4.40457
37.20000000000028	4.40457
37.300000000000281	4.40457
37.400000000000283	1
37.500000000000284	2
37.600000000000286	2.5
37.700000000000287	2.9
37.800000000000288	3.24483
37.90000000000029	3.83446
38.000000000000291	3.83446
38.100000000000293	1
38.200000000000294	2
38.300000000000296	2.9
38.400000000000297	3.55301
38.500000000000298	3.55301
38.6000000000003	4.33944
38.700000000000301	5.19763
38.800000000000303	5.92867
38.900000000000304	6.72885
39.000000000000306	7.57609
39.100000000000307	7.57609
39.200000000000308	3.91891
39.30000000000031	3.91891
39.400000000000311	4.41366
39.500000000000313	5.25924
39.600000000000314	6.14967
39.700000000000315	6.31228
39.800000000000317	7.06819
39.900000000000318	8.00531
40.00000000000032	8.95533
40.100000000000321	4.64312
40.200000000000323	4.64312
40.300000000000324	1
40.400000000000325	2
40.500000000000327	2.9
40.600000000000328	2.9
40.70000000000033	3.55301
40.800000000000331	3.83446
40.900000000000333	4.33944
41.000000000000334	5.19763
41.100000000000335	6.09735
41.200000000000337	6.09735
41.300000000000338	7.02286
41.40000000000034	7.83782
41.500000000000341	8.69112
41.600000000000342	9.5725
41.700000000000344	5.04195
41.800000000000345	5.04195
41.900000000000347	1
42.000000000000348	1
42.10000000000035	2
42.200000000000351	2.5
42.300000000000352	3.24483
42.400000000000354	3.83446
42.500000000000355	4.56988
42.600000000000357	4.99753
42.700000000000358	5.75491
42.80000000000036	6.42106
42.900000000000361	3.21053
43.000000000000362	3.52201
43.100000000000364	4.31446
43.200000000000365	4.31446
43.300000000000367	5.17698
43.400000000000368	6.07984
43.500000000000369	6.56061
43.600000000000371	6.71303
43.700000000000372	3.35652
43.800000000000374	3.35652
43.900000000000375	3.92808
44.000000000000377	4.6479
44.100000000000378	5.45587
44.200000000000379	5.98842
44.300000000000381	6.78137
44.400000000000382	6.78137
44.500000000000384	7.48915
44.600000000000385	8.37857
44.700000000000387	8.37857
44.800000000000388	1
44.900000000000389	3
45.000000000000391	3
45.100000000000392	3
45.200000000000394	3
45.300000000000395	1
45.400000000000396	1
45.500000000000398	2
45.600000000000399	2.9
45.700000000000401	3.55301
45.800000000000402	4.33944
45.900000000000404	5.19763
46.000000000000405	5.19763
46.100000000000406	6.09735
46.200000000000408	7.02286
46.300000000000409	7.96541
46.400000000000411	8.80618
46.500000000000412	9.67696
46.600000000000414	9.98374
46.700000000000415	10.5704
46.800000000000416	11.4811
46.900000000000418	12.4054
47.000000000000419	13.3404
47.100000000000421	14.2137
47.200000000000422	14.5621
47.300000000000423	15.1027
47.400000000000425	7.78011
47.500000000000426	7.78011
47.600000000000428	8.03508
47.700000000000429	8.75494
47.800000000000431	9.41927
47.900000000000432	9.41927
48.000000000000433	10.3352
48.100000000000435	11.2651
48.200000000000436	12.2059
48.300000000000438	13.1552
48.400000000000439	14.1113
48.500000000000441	14.1113
48.600000000000442	15.073
48.700000000000443	16.0392
48.800000000000445	16.9503
48.900000000000446	17.8147
49.000000000000448	18.6925
49.100000000000449	18.6925
49.20000000000045	9.6364
49.300000000000452	9.6364
49.400000000000453	9.84284
49.500000000000455	10.7223
49.600000000000456	11.621
49.700000000000458	11.621
49.800000000000459	5.81051
49.90000000000046	5.81051
50.000000000000462	5.81051
50.100000000000463	1
50.200000000000465	2
50.300000000000466	2.5
50.400000000000468	3.55301
50.500000000000469	4.09525
50.60000000000047	4.78871
50.700000000000472	2.39435
50.800000000000473	1.39435
50.900000000000475	1.39435
51.000000000000476	2.39435
51.100000000000477	2.39435
51.200000000000479	1
51.30000000000048	2
51.400000000000482	3.24483
51.500000000000483	3.55301
51.600000000000485	4.33944
51.700000000000486	4.99753
51.800000000000487	5.75491
51.900000000000489	6.5768
52.00000000000049	7.30482
52.100000000000492	7.83782
52.200000000000493	8.69112
52.300000000000495	9.03185
52.400000000000496	9.67696
52.500000000000497	4.83848
52.600000000000499	4.83848
52.7000000000005	4.83848
52.800000000000502	1
52.900000000000503	2
53.000000000000504	2.5
53.100000000000506	2.5
53.200000000000507	3.55301
53.300000000000509	4.33944
53.40000000000051	5.19763
53.500000000000512	6.09735
53.600000000000513	6.87746
53.700000000000514	6.87746
53.800000000000516	3.43873
53.900000000000517	3.72954
54.000000000000519	4.48323
54.10000000000052	4.91876
54.200000000000522	4.91876
54.300000000000523	1
54.400000000000524	2
54.500000000000526	2.5
54.600000000000527	3.55301
54.700000000000529	4.33944
54.80000000000053	5.19763
54.900000000000531	6.09735
55.000000000000533	6.09735
55.100000000000534	7.02286
55.200000000000536	7.70809
55.300000000000537	8.57449
55.400000000000539	9.46687
55.50000000000054	10.3785
55.600000000000541	10.3785
55.700000000000543	11.3049
55.800000000000544	12.1603
55.900000000000546	13.1129
56.000000000000547	13.7111
56.100000000000549	6.85553
56.20000000000055	6.85553
56.300000000000551	6.85553
56.400000000000553	6.85553
56.500000000000554	2
56.600000000000556	3.33333
56.700000000000557	4.16441
56.800000000000558	4.40454
56.90000000000056	4.63158
57.000000000000561	4.63158
57.100000000000563	1
57.2000