10	1
10.1	1
10.199999999999999	1
10.299999999999999	1
10.399999999999999	1
10.499999999999998	1
10.599999999999998	1
10.699999999999998	1
10.799999999999997	1
10.899999999999997	1
10.999999999999996	1
11.099999999999996	1
11.199999999999996	1
11.299999999999995	1
11.399999999999995	1
11.499999999999995	1
11.599999999999994	1
11.699999999999994	1
11.799999999999994	1
11.899999999999993	1
11.999999999999993	1
12.099999999999993	1
12.199999999999992	1
12.299999999999992	1
12.399999999999991	1
12.499999999999991	1
12.599999999999991	1
12.69999999999999	1
12.79999999999999	1
12.89999999999999	1
12.999999999999989	1
13.099999999999989	1
13.199999999999989	1
13.299999999999988	1
13.399999999999988	1
13.499999999999988	1
13.599999999999987	1
13.699999999999987	1
13.799999999999986	1
13.899999999999986	1
13.999999999999986	1
14.099999999999985	1
14.199999999999985	1
14.299999999999985	1
14.399999999999984	1
14.499999999999984	1
14.599999999999984	1
14.699999999999983	1
14.799999999999983	1
14.899999999999983	1
14.999999999999982	1
15.099999999999982	1
15.199999999999982	1
15.299999999999981	1
15.399999999999981	1
15.49999999999998	1
15.59999999999998	1
15.69999999999998	1
15.799999999999979	1
15.899999999999979	1
15.999999999999979	1
16.09999999999998	1
16.199999999999982	1
16.299999999999983	1
16.399999999999984	1
16.499999999999986	1
16.599999999999987	1
16.699999999999989	1
16.79999999999999	1
16.899999999999991	1
16.999999999999993	1
17.099999999999994	2
17.199999999999996	4
17.299999999999997	4
17.399999999999999	8
17.5	16
17.600000000000001	16
17.700000000000003	32
17.800000000000004	32
17.900000000000006	55
18.000000000000007	27.5
18.100000000000009	27.5
18.20000000000001	27.5
18.300000000000011	27.5
18.400000000000013	1
18.500000000000014	2
18.600000000000016	2
18.700000000000017	4
18.800000000000018	6
18.90000000000002	6
19.000000000000021	10
19.100000000000023	13.0769
19.200000000000024	13.0769
19.300000000000026	13.5292
19.400000000000027	13.5292
19.500000000000028	14.3212
19.60000000000003	7.1606
19.700000000000031	7.1606
19.800000000000033	7.1606
19.900000000000034	8.08684
20.000000000000036	8.08684
20.100000000000037	9.02817
20.200000000000038	9.02817
20.30000000000004	9.98042
20.400000000000041	10.8486
20.500000000000043	10.8486
20.600000000000044	11.7376
20.700000000000045	12.643
20.800000000000047	12.643
20.900000000000048	13.5616
21.00000000000005	13.5616
21.100000000000051	14.4908
21.200000000000053	7.34842
21.300000000000054	7.34842
21.400000000000055	7.34842
21.500000000000057	7.34842
21.600000000000058	1
21.70000000000006	2
21.800000000000061	2
21.900000000000063	3.33333
22.000000000000064	3.90856
22.100000000000065	3.90856
22.200000000000067	5.05378
22.300000000000068	5.97588
22.40000000000007	5.97588
22.500000000000071	6.77034
22.600000000000072	6.77034
22.700000000000074	7.61288
22.800000000000075	8.48916
22.900000000000077	8.48916
23.000000000000078	9.38974
23.10000000000008	10.3083
23.200000000000081	10.3083
23.300000000000082	11.2405
23.400000000000084	11.2405
23.500000000000085	12.1831
23.600000000000087	13.1341
23.700000000000088	13.1341
23.80000000000009	14.0917
23.900000000000091	14.8535
24.000000000000092	14.8535
24.100000000000094	7.42677
24.200000000000095	7.42677
24.300000000000097	7.42677
24.400000000000098	7.42677
24.500000000000099	1
24.600000000000101	3.90856
24.700000000000102	4.63158
24.800000000000104	4.84749
24.900000000000105	5.62582
25.000000000000107	5.62582
25.100000000000108	6.46458
25.200000000000109	7.20419
25.300000000000111	7.343
25.400000000000112	8.24844
25.500000000000114	9.06265
25.600000000000115	9.17299
25.700000000000117	10.1115
25.800000000000118	10.1115
25.900000000000119	10.8773
26.000000000000121	5.43864
26.100000000000122	5.43864
26.200000000000124	6.14019
26.300000000000125	6.7676
26.400000000000126	7.05997
26.500000000000128	7.74185
26.600000000000129	7.74185
26.700000000000131	3.87093
26.800000000000132	3.87093
26.900000000000134	3.87093
27.000000000000135	4.37144
27.100000000000136	5.22415
27.200000000000138	5.22415
27.300000000000139	6.11985
27.400000000000141	6.11985
27.500000000000142	6.74919
27.600000000000144	3.3746
27.700000000000145	3.3746
27.800000000000146	3.94334
27.900000000000148	4.66067
28.000000000000149	4.66067
28.100000000000151	5.46668
28.200000000000152	5.46668
28.300000000000153	6.32716
28.400000000000155	6.48521
28.500000000000156	6.48521
28.600000000000158	3.2426
28.700000000000159	3.2426
28.800000000000161	3.2426
28.900000000000162	1
29.000000000000163	1
29.100000000000165	2.9
29.200000000000166	3.55301
29.300000000000168	3.83446
29.400000000000169	4.56988
29.500000000000171	4.56988
29.600000000000172	5.39003
29.700000000000173	6.09735
29.800000000000175	6.26135
29.900000000000176	3.2884
30.000000000000178	3.2884
30.100000000000179	3.5925
30.20000000000018	4.37138
30.300000000000182	4.37138
30.400000000000183	5.2241
30.500000000000185	5.95179
30.600000000000186	6.1198
30.700000000000188	7.04231
30.800000000000189	7.59409
30.90000000000019	7.98251
31.000000000000192	8.82163
31.100000000000193	8.82163
31.200000000000195	9.69101
31.300000000000196	10.2945
31.400000000000198	10.5832
31.500000000000199	11.4929
31.6000000000002	12.1715
31.700000000000202	12.4163
31.800000000000203	6.40695
31.900000000000205	6.40695
32.000000000000206	6.40695
32.100000000000207	6.40695
32.200000000000209	6.7154
32.30000000000021	7.56418
32.400000000000212	7.95409
32.500000000000213	7.95409
32.600000000000215	3.97704
32.700000000000216	3.97704
32.800000000000217	3.97704
32.900000000000219	4.46498
33.00000000000022	4.68894
33.100000000000222	5.49065
33.200000000000223	6.18614
33.300000000000225	6.34779
33.400000000000226	7.24068
33.500000000000227	7.24068
33.600000000000229	8.15768
33.70000000000023	8.98023
33.800000000000232	9.09158
33.900000000000233	10.0378
34.000000000000234	10.7155
34.100000000000236	10.9931
34.200000000000237	11.8712
34.300000000000239	11.8712
34.40000000000024	6.2244
34.500000000000242	6.2244
34.600000000000243	6.38506
34.700000000000244	7.27328
34.800000000000246	7.67824
34.900000000000247	8.18657
35.000000000000249	9.11748
35.10000000000025	9.11748
35.200000000000252	10.0612
35.300000000000253	10.3565
35.400000000000254	11.0145
35.500000000000256	11.9751
35.600000000000257	12.2239
35.700000000000259	12.8637
35.80000000000026	13.7674
35.900000000000261	13.7674
36.000000000000263	14.6836
36.100000000000264	15.0875
36.200000000000266	15.6099
36.300000000000267	16.5447
36.400000000000269	17.0222
36.50000000000027	17.4866
36.600000000000271	8.85713
36.700000000000273	8.85713
36.800000000000274	8.85713
36.900000000000276	8.85713
37.000000000000277	1
37.100000000000279	4
37.20000000000028	4
37.300000000000281	5.12386
37.400000000000283	5.68862
37.500000000000284	6.03493
37.600000000000286	6.96893
37.700000000000287	7.11243
37.800000000000288	7.78963
37.90000000000029	8.29104
38.000000000000291	8.99015
38.100000000000293	9.53319
38.200000000000294	10.1462
38.300000000000296	10.439
38.400000000000297	11.3604
38.500000000000298	11.6224
38.6000000000003	12.2938
38.700000000000301	13.0075
38.800000000000303	13.4621
38.900000000000304	14.1873
39.000000000000306	14.8771
39.100000000000307	15.1442
39.200000000000308	16.1061
39.30000000000031	16.2917
39.400000000000311	17.0724
39.500000000000313	17.6494
39.600000000000314	18.208
39.700000000000315	19.0151
39.800000000000317	19.5346
39.900000000000318	19.9906
40.00000000000032	20.9206
40.100000000000321	21.1111
40.200000000000323	21.8567
40.300000000000324	22.3995
40.400000000000325	23.0601
40.500000000000327	23.7444
40.600000000000328	24.3274
40.70000000000033	24.6949
40.800000000000331	12.5683
40.900000000000333	12.5683
41.000000000000334	12.6479
41.100000000000335	13.5661
41.200000000000337	14.074
41.300000000000338	14.495
41.40000000000034	15.4327
41.500000000000341	15.4327
41.600000000000342	7.74877
41.700000000000344	7.87782
41.800000000000345	8.25269
41.900000000000347	9.1768
42.000000000000348	9.60519
42.10000000000035	10.1149
42.200000000000351	11.0635
42.300000000000352	11.0635
42.400000000000354	12.0202
42.500000000000355	12.3496
42.600000000000357	12.9832
42.700000000000358	13.8791
42.80000000000036	14.2357
42.