10	1
10.1	1
10.199999999999999	1
10.299999999999999	1
10.399999999999999	1
10.499999999999998	1
10.599999999999998	1
10.699999999999998	1
10.799999999999997	1
10.899999999999997	1
10.999999999999996	1
11.099999999999996	1
11.199999999999996	1
11.299999999999995	1
11.399999999999995	1
11.499999999999995	1
11.599999999999994	1
11.699999999999994	1
11.799999999999994	1
11.899999999999993	1
11.999999999999993	1
12.099999999999993	1
12.199999999999992	1
12.299999999999992	1
12.399999999999991	1
12.499999999999991	1
12.599999999999991	1
12.69999999999999	1
12.79999999999999	1
12.89999999999999	1
12.999999999999989	1
13.099999999999989	1
13.199999999999989	1
13.299999999999988	1
13.399999999999988	1
13.499999999999988	1
13.599999999999987	1
13.699999999999987	1
13.799999999999986	1
13.899999999999986	1
13.999999999999986	1
14.099999999999985	1
14.199999999999985	1
14.299999999999985	1
14.399999999999984	1
14.499999999999984	1
14.599999999999984	1
14.699999999999983	1
14.799999999999983	1
14.899999999999983	1
14.999999999999982	1
15.099999999999982	1
15.199999999999982	1
15.299999999999981	1
15.399999999999981	1
15.49999999999998	1
15.59999999999998	1
15.69999999999998	1
15.799999999999979	1
15.899999999999979	1
15.999999999999979	1
16.09999999999998	1
16.199999999999982	1
16.299999999999983	1
16.399999999999984	1
16.499999999999986	1
16.599999999999987	1
16.699999999999989	1
16.79999999999999	1
16.899999999999991	1
16.999999999999993	1
17.099999999999994	1
17.199999999999996	1
17.299999999999997	1
17.399999999999999	1
17.5	1
17.600000000000001	1
17.700000000000003	1
17.800000000000004	1
17.900000000000006	1
18.000000000000007	1
18.100000000000009	1
18.20000000000001	1
18.300000000000011	1
18.400000000000013	1
18.500000000000014	13
18.600000000000016	7.40152
18.700000000000017	13.4679
18.800000000000018	9.58869
18.90000000000002	15.1791
19.000000000000021	21.9265
19.100000000000023	15.0992
19.200000000000024	12.0782
19.300000000000026	8.16224
19.400000000000027	14.6016
19.500000000000028	21.2505
19.60000000000003	12.804
19.700000000000031	8.69324
19.800000000000033	6.67662
19.900000000000034	12.1317
20.000000000000036	18.7514
20.100000000000037	25.2569
20.200000000000038	31.9398
20.30000000000004	18.5088
20.400000000000041	23.2121
20.500000000000043	13.9195
20.600000000000044	19.4959
20.700000000000045	13.4432
20.800000000000047	20.1277
20.900000000000048	25.9881
21.00000000000005	17.1189
21.100000000000051	23.7778
21.200000000000053	16.4216
21.300000000000054	13.2045
21.400000000000055	19.717
21.500000000000057	12.8941
21.600000000000058	8.01748
21.70000000000006	7.47954
21.800000000000061	6.76582
21.900000000000063	12.1806
22.000000000000064	18.8363
22.100000000000065	25.4776
22.200000000000067	15.6332
22.300000000000068	10.9856
22.40000000000007	16.6463
22.500000000000071	10.7629
22.600000000000072	14.0751
22.700000000000074	20.7001
22.800000000000075	13.2546
22.900000000000077	18.4395
23.000000000000078	13.9781
23.10000000000008	8.82641
23.200000000000081	6.32985
23.300000000000082	12.1128
23.400000000000084	8.81954
23.500000000000085	14.2923
23.600000000000087	21.0394
23.700000000000088	15.1149
23.80000000000009	10.5028
23.900000000000091	17.1114
24.000000000000092	23.8565
24.100000000000094	16.0015
24.200000000000095	10.6576
24.300000000000097	15.4258
24.400000000000098	12.2834
24.500000000000099	9.46507
24.600000000000101	7.10626
24.700000000000102	12.1259
24.800000000000104	9.03425
24.900000000000105	15.4323
25.000000000000107	11.5907
25.100000000000108	8.04944
25.200000000000109	14.4006
25.300000000000111	21.1131
25.400000000000112	11.2007
25.500000000000114	16.3043
25.600000000000115	23.069
25.700000000000117	14.2688
25.800000000000118	19.1806
25.900000000000119	6.13745
26.000000000000121	12.1803
26.100000000000122	17.9094
26.200000000000124	12.9048
26.300000000000125	11.3226
26.400000000000126	8.35235
26.500000000000128	14.9783
26.600000000000129	21.4174
26.700000000000131	13.1046
26.800000000000132	8.83276
26.900000000000134	15.2501
27.000000000000135	10.2669
27.100000000000136	15.9954
27.200000000000138	22.5432
27.300000000000139	14.9762
27.400000000000141	20.5573
27.500000000000142	13.4262
27.600000000000144	9.00773
27.700000000000145	13.548
27.800000000000146	9.7754
27.900000000000148	8.10501
28.000000000000149	14.5009
28.100000000000151	9.65093
28.200000000000152	13.6193
28.300000000000153	11.1028
28.400000000000155	16.7238
28.500000000000156	23.367
28.600000000000158	14.8196
28.700000000000159	20.4436
28.800000000000161	27.2071
28.900000000000162	15.9404
29.000000000000163	20.985
29.100000000000165	13.1436
29.200000000000166	7.29485
29.300000000000168	7.29485
29.400000000000169	5.97588
29.500000000000171	12.1831
29.600000000000172	17.9113
29.700000000000173	24.3952
29.800000000000175	31.1989
29.900000000000176	19.6613
30.000000000000178	7.49846
30.100000000000179	14.0306
30.20000000000018	9.79323
30.300000000000182	7.59808
30.400000000000183	14.0837
30.500000000000185	9.76061
30.600000000000186	16.2413
30.700000000000188	9.22321
30.800000000000189	15.799
30.90000000000019	9.92265
31.000000000000192	15.6498
31.100000000000193	12.0017
31.200000000000195	17.5048
31.300000000000196	6.48508
31.400000000000198	7.22358
31.500000000000199	12.7574
31.6000000000002	4.78092
31.700000000000202	5.04273
31.800000000000203	10.303
31.900000000000205	16.9898
32.000000000000206	12.4279
32.100000000000207	8.84317
32.200000000000209	5.72349
32.30000000000021	12.0627
32.400000000000212	8.60037
32.500000000000213	13.357
32.600000000000215	9.86246
32.700000000000216	7.57974
32.800000000000217	13.115
32.900000000000219	10.8385
33.00000000000022	17.3189
33.100000000000222	9.8005
33.200000000000223	6.258
33.300000000000225	5.40278
33.400000000000226	11.7462
33.500000000000227	17.331
33.600000000000229	11.3871
33.70000000000023	18.059
33.800000000000232	10.4446
33.900000000000233	7.92951
34.000000000000234	7.43071
34.100000000000236	13.03
34.200000000000237	10.1157
34.300000000000239	16.6381
34.40000000000024	22.341
34.500000000000242	6.78397
34.600000000000243	13.1411
34.700000000000244	8.90324
34.800000000000246	14.2738
34.900000000000247	11.504
35.000000000000249	8.49607
35.10000000000025	7.13412
35.200000000000252	13.5477
35.300000000000253	11.0625
35.400000000000254	16.637
35.500000000000256	12.6506
35.600000000000257	19.2473
35.700000000000259	12.3157
35.80000000000026	14.5549
35.900000000000261	10.3786
36.000000000000263	8.1953
36.100000000000264	7.443
36.200000000000266	14.0012
36.300000000000267	9.00675
36.400000000000269	5.86059
36.50000000000027	11.8768
36.600000000000271	4.46138
36.700000000000273	8.15575
36.800000000000274	5.93493
36.900000000000276	11.1291
37.000000000000277	8.10072
37.100000000000279	7.22594
37.20000000000028	13.6695
37.300000000000281	20.2793
37.400000000000283	12.7474
37.500000000000284	19.0499
37.600000000000286	6.15124
37.700000000000287	11.5964
37.800000000000288	8.01251
37.90000000000029	4.92089
38.000000000000291	10.1463
38.100000000000293	6.98692
38.200000000000294	13.0938
38.300000000000296	8.91343
38.400000000000297	7.49145
38.500000000000298	14.0268
38.6000000000003	20.5703
38.700000000000301	26.2941
38.800000000000303	33.1
38.900000000000304	39.9725
39.000000000000306	24.5694
39.100000000000307	15.6213
39.200000000000308	10.8691
39.30000000000031	16.3874
39.400000000000311	11.0096
39.500000000000313	17.1947
39.600000000000314	9.6925
39.700000000000315	15.698
39.800000000000317	10.7557
39.900000000000318	7.9199
40.00000000000032	7.76965
40.100000000000321	14.0343
40.200000000000323	11.3013
40.300000000000324	16.7366
40.400000000000325	5.3669
40.500000000000327	11.4704
40.600000000000328	9.01097
40.70000000000033	7.26048
40.800000000000331	5.45722
40.900000000000333	5.45722
41.000000000000334	2.9
41.100000000000335	8.80618
41.200000000000337	8.33703
41.300000000000338	6.32307
41.40000000000034	8.96288
41.500000000000341	6.83295
41.600000000000342	10.1532
41.700000000000344	7.80337
41.800000000000345	14.1949
41.900000000000347	19.9959
42.000000000000348	14.081
42.10000000000035	20.7041
42.200000000000351	26.4368
42.300000000000352	17.3052
42.400000000000354	12.1265
42.500000000000355	18.748
42.600000000000357	10.4862
42.700000000000358	17.1012
42.80000000000036	23.511
42.900000000000361	14.7767
43.000000000000362	10.2352
43.100000000000364	16.8897
43.200000000000365	10.7662
43.300000000000367	9.98004
43.400000000000368	7.74665
43.500000000000369	11.0621
43.600000000000371	8.62564
43.700000000000372	5.93131
43.800000000000374	5.23818
43.900000000000375	9.27449
44.000000000000377	8.02257
44.100000000000378	14.3158
44.200000000000379	20.0819
44.300000000000381	12.326
44.400000000000382	8.78339
44.500000000000384	6.07193
44.600000000000385	7.78858
44.700000000000387	5.31448
44.800000000000388	9.84207
44.900000000000389	8.3095
45.000000000000391	6.88395
45.100000000000392	11.1298
45.200000000000394	16.8014
45.300000000000395	6.54818
45.400000000000396	11.9786
45.500000000000398	17.4317
45.600000000000399	24.17
45.700000000000401	31.0232
45.800000000000402	9.32483
45.900000000000404	8.28819
46.000000000000405	14.808
46.100000000000406	10.1771
46.200000000000408	16.6152
46.300000000000409	11.9894
46.400000000000411	18.4439
46.500000000000412	11.4501
46.600000000000414	18.0987
46.700000000000415	12.2071
46.800000000000416	17.6461
46.900000000000418	24.325
47.000000000000419	17.2706
47.100000000000421	11.8692
47.200000000000422	8.02245
47.300000000000423	7.21159
47.400000000000425	12.7507
47.500000000000426	19.3131
47.600000000000428	12.1163
47.700000000000429	9.03325
47.800000000000431	6.89762
47.900000000000432	13.1996
48.000000000000433	8.31356
48.100000000000435	12.4709
48.200000000000436	9.67606
48.300000000000438	8.07314
48.400000000000439	13.5535
48.500000000000441	20.2014
48.600000000000442	13.6484
48.700000000000443	8.10015
48.800000000000445	7.80487
48.900000000000446	7.07467
49.000000000000448	13.4423
49.100000000000449	19.1586
49.20000000000045	6.98458
49.300000000000452	7.2285
49.400000000000453	12.7602
49.500000000000455	19.3194
49.600000000000456	14.5327
49.700000000000458	20.2368
49.800000000000459	26.9038
49.90000000000046	15.7001
50.000000000000462	7.88188
50.100000000000463	6.33643
50.200000000000465	9.51633
50.300000000000466	16.0962
50.400000000000468	8.0481
50.500000000000469	8.0481
50.60000000000047	4.70824
50.700000000000472	10.2447
50.800000000000473	16.8954
50.900000000000475	9.86929
51.000000000000476	15.1603
51.100000000000477	10.7492
51.200000000000479	16.1851
51.30000000000048	4.25771
51.400000000000482	9.84775
51.500000000000483	7.78164
51.600000000000485	7.99195
51.700000000000486	6.06306
51.800000000000487	6.73225
51.900000000000489	13.038
52.00000000000049	18.6103
52.100000000000492	7.27167
52.200000000000493	5.817
52.300000000000495	10.1191
52.400000000000496	6.95808
52.500000000000497	5.367
52.600000000000499	10.8404
52.7000000000005	17.3201
52.800000000000502	13.9813
52.900000000000503	8.91236
53.000000000000504	5.95233
53.100000000000506	10.0977
53.200000000000507	9.2456
53.300000000000509	14.5581
53.40000000000051	11.9763
53.500000000000512	10.3838
53.600000000000513	7.68467
53.700000000000514	6.34057
53.800000000000516	12.7635
53.900000000000517	5.3283
54.000000000000519	11.6266
54.10000000000052	18.2107
54.200000000000522	6.7509
54.300000000000523	5.41046
54.400000000000524	11.7497
54.500000000000526	18.2893
54.600000000000527	10.4718
54.700000000000529	6.28175
54.80000000000053	6.56528
54.900000000000531	6.28031
55.000000000000533	5.62989
55.100000000000534	5.01379
55.200000000000536	10.2891
55.300000000000537	7.91038
55.400000000000539	13.2322
55.50000000000054	8.79455
55.600000000000541	13.0284
55.700000000000543	19.4973
55.800000000000544	11.3169
55.900000000000546	14.5714
56.000000000000547	21.1353
56.100000000000549	15.1483
56.20000000000055	11.4781
56.300000000000551	8.83431
56.400000000000553	13.6559
56.500000000000554	8.8452
56.600000000000556	15.2573
56.700000000000557	22.0262
56.800000000000558	13.6735
56.90000000000056	19.2173
57.000000000000561	13.3827
57.100000000000563	8.70863
57.200000000000564	6.4466
57.300000000000566	11.8394
57.400000000000567	18.3469
57.500000000000568	13.2665
57.60000000000057	20.0103
57.700000000000571	14.2798
57.800000000000573	20.0562
57.900000000000574	6.27