10	1
10.1	1
10.199999999999999	1
10.299999999999999	1
10.399999999999999	1
10.499999999999998	1
10.599999999999998	1
10.699999999999998	1
10.799999999999997	1
10.899999999999997	1
10.999999999999996	1
11.099999999999996	1
11.199999999999996	1
11.299999999999995	1
11.399999999999995	1
11.499999999999995	1
11.599999999999994	1
11.699999999999994	1
11.799999999999994	1
11.899999999999993	1
11.999999999999993	1
12.099999999999993	1
12.199999999999992	1
12.299999999999992	1
12.399999999999991	1
12.499999999999991	1
12.599999999999991	1
12.69999999999999	1
12.79999999999999	1
12.89999999999999	1
12.999999999999989	1
13.099999999999989	1
13.199999999999989	1
13.299999999999988	1
13.399999999999988	1
13.499999999999988	1
13.599999999999987	1
13.699999999999987	1
13.799999999999986	1
13.899999999999986	1
13.999999999999986	1
14.099999999999985	1
14.199999999999985	1
14.299999999999985	1
14.399999999999984	1
14.499999999999984	1
14.599999999999984	1
14.699999999999983	1
14.799999999999983	1
14.899999999999983	1
14.999999999999982	1
15.099999999999982	1
15.199999999999982	1
15.299999999999981	1
15.399999999999981	1
15.49999999999998	1
15.59999999999998	1
15.69999999999998	1
15.799999999999979	1
15.899999999999979	1
15.999999999999979	1
16.09999999999998	1
16.199999999999982	1
16.299999999999983	1
16.399999999999984	2
16.499999999999986	8
16.599999999999987	32
16.699999999999989	24.5
16.79999999999999	24.5
16.899999999999991	1
16.999999999999993	6
17.099999999999994	12.4916
17.199999999999996	14.359
17.299999999999997	17.2152
17.399999999999999	19.1434
17.5	21.0847
17.600000000000001	23.0359
17.700000000000003	24.9947
17.800000000000004	26.8851
17.900000000000006	28.7902
18.000000000000007	30.7073
18.100000000000009	32.6344
18.20000000000001	34.5696
18.300000000000011	36.5118
18.400000000000013	38.4599
18.500000000000014	19.6163
18.600000000000016	21.5149
18.700000000000017	23.4302
18.800000000000018	25.3585
18.90000000000002	13.4826
19.000000000000021	13.4826
19.100000000000023	13.5567
19.200000000000024	6.77836
19.300000000000026	6.92589
19.400000000000027	8.61324
19.500000000000028	10.4105
19.60000000000003	12.2696
19.700000000000031	13.8805
19.800000000000033	6.94023
19.900000000000034	6.94023
20.000000000000036	8.38796
20.100000000000037	10.2253
20.200000000000038	12.1131
20.30000000000004	13.9596
20.400000000000041	7.56555
20.500000000000043	8.5652
20.600000000000044	10.3709
20.700000000000045	12.2361
20.800000000000047	14.1374
20.900000000000048	16.0622
21.00000000000005	18.003
21.100000000000051	20.8388
21.200000000000053	22.6791
21.300000000000054	24.585
21.400000000000055	26.5046
21.500000000000057	28.2588
21.600000000000058	14.1294
21.70000000000006	14.1294
21.800000000000061	16.0552
21.900000000000063	8.88636
22.000000000000064	9.85247
22.100000000000065	11.5425
22.200000000000067	6.54516
22.300000000000068	7.54873
22.40000000000007	9.33796
22.500000000000071	11.1973
22.600000000000072	13.0204
22.700000000000074	14.8884
22.800000000000075	16.7267
22.900000000000077	18.6519
23.000000000000078	21.4483
23.10000000000008	23.3692
23.200000000000081	25.3021
23.300000000000082	12.8862
23.400000000000084	13.1176
23.500000000000085	15.0402
23.600000000000087	8.18985
23.700000000000088	8.18985
23.80000000000009	4.15597
23.900000000000091	5.4357
24.000000000000092	7.19941
24.100000000000094	9.05887
24.200000000000095	10.9661
24.300000000000097	5.75115
24.400000000000098	5.75115
24.500000000000099	7.30188
24.600000000000101	8.80375
24.700000000000102	10.5683
24.800000000000104	13.3388
24.900000000000105	15.2334
25.000000000000107	17.1515
25.100000000000108	18.981
25.200000000000109	20.8416
25.300000000000111	22.7257
25.400000000000112	24.628
25.500000000000114	26.5445
25.600000000000115	13.4036
25.700000000000117	13.4036
25.800000000000118	1
25.900000000000119	4
26.000000000000121	7.49836
26.100000000000122	9.18859
26.200000000000124	10.8904
26.300000000000125	5.44521
26.400000000000126	6.77285
26.500000000000128	8.49115
26.600000000000129	10.3099
26.700000000000131	13.1354
26.800000000000132	7.18729
26.900000000000134	7.46291
27.000000000000135	8.93738
27.100000000000136	4.46869
27.200000000000138	5.10943
27.300000000000139	6.95842
27.400000000000141	8.63932
27.500000000000142	10.432
27.600000000000144	12.2879
27.700000000000145	14.1822
27.800000000000146	16.1016
27.900000000000148	17.9826
28.000000000000149	19.8361
28.100000000000151	21.7155
28.200000000000152	23.5296
28.300000000000153	12.0175
28.400000000000155	13.8768
28.500000000000156	7.11672
28.600000000000158	9.10473
28.700000000000159	4.98158
28.800000000000161	6.5648
28.900000000000162	8.32686
29.000000000000163	10.1754
29.100000000000165	12.071
29.200000000000166	6.47651
29.300000000000168	3.67673
29.400000000000169	4.66517
29.500000000000171	6.33044
29.600000000000172	3.68196
29.700000000000173	3.68196
29.800000000000175	5.28471
29.900000000000176	7.08701
30.000000000000178	8.97013
30.100000000000179	10.7071
30.20000000000018	12.5219
30.300000000000182	14.3853
30.400000000000183	7.72997
30.500000000000185	8.8253
30.600000000000186	10.5863
30.700000000000188	12.4189
30.800000000000189	14.2255
30.90000000000019	16.0151
31.000000000000192	8.72972
31.100000000000193	10.5069
31.200000000000195	5.34818
31.300000000000196	5.89078
31.400000000000198	7.54665
31.500000000000199	9.33628
31.6000000000002	11.1959
31.700000000000202	13.096
31.800000000000203	15.0214
31.900000000000205	16.9045
32.000000000000206	18.651
32.100000000000207	10.1482
32.200000000000209	10.1482
32.30000000000021	11.3622
32.400000000000212	14.1888
32.500000000000213	16.1074
32.600000000000215	18.0434
32.700000000000216	19.9917
32.800000000000217	10.3162
32.900000000000219	10.3162
33.00000000000022	10.3162
33.100000000000222	5.75704
33.200000000000223	7.44335
33.300000000000225	9.25326
33.400000000000226	11.1269
33.500000000000227	13.0371
33.600000000000229	6.92871
33.70000000000023	6.92871
33.800000000000232	8.49782
33.900000000000233	10.3154
34.000000000000234	5.66795
34.100000000000236	6.01549
34.200000000000237	7.77467
34.300000000000239	10.4279
34.40000000000024	12.2844
34.500000000000242	14.1792
34.600000000000243	16.099
34.700000000000244	18.0358
34.800000000000246	9.2914
34.900000000000247	9.61062
35.000000000000249	11.4253
35.10000000000025	13.2925
35.200000000000252	15.1929
35.300000000000253	17.1156
35.400000000000254	18.5209
35.500000000000256	9.26043
35.600000000000257	9.26043
35.700000000000259	1
35.80000000000026	4.92064
35.900000000000261	4.92064
36.000000000000263	4.92064
36.100000000000264	4.92064
36.200000000000266	2
36.300000000000267	3.55301
36.400000000000269	5.19763
36.50000000000027	7.02286
36.600000000000271	9.67696
36.700000000000273	11.4811
36.800000000000274	13.3404
36.900000000000276	6.92828
37.000000000000277	6.92828
37.100000000000279	6.92828
37.20000000000028	8.49747
37.300000000000281	9.91778
37.400000000000283	4.95889
37.500000000000284	6.54775
37.600000000000286	8.31348
37.700000000000287	10.1645
37.800000000000288	5.8192
37.90000000000029	6.78369
38.000000000000291	8.49976
38.100000000000293	10.0206
38.200000000000294	5.93936
38.300000000000296	7.58441
38.400000000000297	10.1892
38.500000000000298	12.0827
38.6000000000003	13.8611
38.700000000000301	15.6925
38.800000000000303	17.4459
38.900000000000304	8.94966
39.000000000000306	9.28078
39.100000000000307	4.74752
39.200000000000308	4.74752
39.30000000000031	6.39072
39.400000000000311	8.19097
39.500000000000313	10.0648
39.600000000000314	11.8093
39.700000000000315	6.07223
39.800000000000317	6.55357
39.900000000000318	8.31805
40.00000000000032	10.1682
40.100000000000321	12.065
40.200000000000323	13.9897
40.300000000000324	7.57946
40.400000000000325	7.57946
40.500000000000327	7.84107
40.600000000000328	9.57515
40.70000000000033	11.3955
40.800000000000331	13.2669
40.900000000000333	15.1705
41.000000000000334	7.81305
41.100000000000335	7.81305
41.200000000000337	8.43331
41.300000000000338	10.2625
41.40000000000034	12.1444
41.500000000000341	6.47208
41.600000000000342	3.31329
41.700000000000344	4.38972
41.800000000000345	6.13275
41.900000000000347	7.99238
42.000000000000348	9.69912
42.10000000000035	11.4997
42.200000000000351	14.299
42.300000000000352	16.2046
42.400000000000354	18.1301
42.500000000000355	20.02
42.600000000000357	21.9292
42.700000000000358	11.39
42.80000000000036	12.0744
42.900000000000361	13.8538
43.000000000000362	15.6861
43.100000000000364	17.5547
43.200000000000365	19.4491
43.300000000000367	21.3157
43.400000000000368	11.2073
43.500000000000369	11.2073
43.600000000000371	11.7324
43.700000000000372	13.5571
43.800000000000374	15.4248
43.900000000000375	17.3216
44.000000000000377	19.187
44.100000000000378	22.0518
44.200000000000379	11.0486
44.300000000000381	12.6573
44.400000000000382	14.5032
44.500000000000384	7.68769
44.600000000000385	9.235
44.700000000000387	4.93679
44.800000000000388	6.53118
44.900000000000389	8.3005
45.000000000000391	10.1539
45.100000000000392	12.0529
45.200000000000394	6.65908
45.300000000000395	5.65908
45.400000000000396	8.15771
45.500000000000398	10.0378
45.600000000000399	11.8712
45.700000000000401	13.6038
45.800000000000402	15.4658
45.900000000000404	17.3582
46.000000000000405	20.2351
46.100000000000406	22.171
46.200000000000408	11.441
46.300000000000409	11.441
46.400000000000411	12.2869
46.500000000000412	14.1814
46.600000000000414	16.1009
46.700000000000415	8.35644
46.800000000000416	8.35644
46.900000000000418	1
47.000000000000419	3
47.100000000000421	5.31903
47.200000000000422	6.82236
47.300000000000423	3.41118
47.400000000000425	4.68663
47.500000000000426	6.3461
47.600000000000428	7.64599
47.700000000000429	9.41653
47.800000000000431	11.1733
47.900000000000432	6.34371
48.000000000000433	6.65516
48.100000000000435	9.30749
48.200000000000436	11.172
48.300000000000438	12.9986
48.400000000000439	14.8019
48.500000000000441	16.6497
48.600000000000442	8.76505
48.700000000000443	10.5362
48.800000000000445	12.3763
48.900000000000446	14.2589
49.000000000000448	16.1691
49.100000000000449	17.8196
49.20000000000045	8.9098
49.300000000000452	4.51102
49.400000000000453	5.52782
49.500000000000455	7.26871
49.600000000000456	9.11384
49.700000000000458	11.0115
49.800000000000459	12.8611
49.90000000000046	14.6813
50.000000000000462	8.15003
50.100000000000463	10.0316
50.200000000000465	11.8659
50.300000000000466	13.6727
50.400000000000468	15.5264
50.500000000000469	8.17193
50.60000000000047	9.84724
50.700000000000472	5.54725
50.800000000000473	6.55293
50.900000000000475	8.31755
51.000000000000476	10.1678
51.100000000000477	11.9812
51.200000000000479	6.47815
51.30000000000048	8.25903
51.400000000000482	10.1201
51.500000000000483	12.0245
51.600000000000485	13.8828
51.700000000000486	15.7117
51.800000000000487	17.5205
51.900000000000489	9.99297
52.00000000000049	11.7483
52.100000000000492	13.5708
52.200000000000493	7.18024
52.300000000000495	7.8515
52.400000000000496	9.58367
52.500000000000497	11.4027
52.600000000000499	13.273
52.7000000000005	15.1759
52.800000000000502	17.1005
52.900000000000503	18.9877
53.000000000000504	10.2299
53.100000000000506	11.2582
53.200000000000507	13.1493
53.300000000000509	15.0679
53.40000000000051	7.98591
53.500000000000512	9.48408
53.600000000000513	11.3193
53.700000000000514	13.2015
53.800000000000516	16.0772
53.900000000000517	18.0164
54.000000000000519	19.9171
54.10000000000052	21.7895
54.200000000000522	23.6403
54.300000000000523	25.5135
54.400000000000524	27.4046
54.500000000000526	29.31
54.600000000000527	15.0426
54.700000000000529	16.9824
54.80000000000053	8.69518
54.900000000000531	9.03576
55.000000000000533	10.8549
55.100000000000534	12.6484
55.200000000000536	6.67151
55.300000000000537	8.41088
55.400000000000539	10.2441
55.50000000000054	12.1289
55.600000000000541	14.3275
55.700000000000543	16.8357
55.800000000000544	9.10709
55.900000000000546	10.8219
56.000000000000547	12.6201
56.100000000000549	14.4708
56.20000000000055	16.3562
56.300000000000551	18.2108
56.400000000000553	20.1429
56.500000000000554	10.4854
56.600000000000556	12.3332
56.700000000000557	14.2215
56.800000000000558	16.1362
56.90000000000056	17.902
57.000000000000561	19.7631
57.100000000000563	21.6488
57.200000000000564	23.5532
57.300000000000566	25.4722
57.400000000000567	27.4027
57.500000000000568	29.9499
57.60000000000057	32.20