10	1
10.1	1
10.199999999999999	1
10.299999999999999	1
10.399999999999999	1
10.499999999999998	1
10.599999999999998	1
10.699999999999998	1
10.799999999999997	1
10.899999999999997	1
10.999999999999996	1
11.099999999999996	1
11.199999999999996	1
11.299999999999995	1
11.399999999999995	1
11.499999999999995	1
11.599999999999994	1
11.699999999999994	1
11.799999999999994	1
11.899999999999993	1
11.999999999999993	1
12.099999999999993	1
12.199999999999992	1
12.299999999999992	1
12.399999999999991	1
12.499999999999991	1
12.599999999999991	1
12.69999999999999	1
12.79999999999999	1
12.89999999999999	1
12.999999999999989	1
13.099999999999989	1
13.199999999999989	1
13.299999999999988	1
13.399999999999988	1
13.499999999999988	1
13.599999999999987	1
13.699999999999987	1
13.799999999999986	1
13.899999999999986	1
13.999999999999986	1
14.099999999999985	1
14.199999999999985	1
14.299999999999985	1
14.399999999999984	1
14.499999999999984	1
14.599999999999984	1
14.699999999999983	1
14.799999999999983	1
14.899999999999983	1
14.999999999999982	1
15.099999999999982	1
15.199999999999982	1
15.299999999999981	1
15.399999999999981	1
15.49999999999998	1
15.59999999999998	1
15.69999999999998	1
15.799999999999979	1
15.899999999999979	1
15.999999999999979	1
16.09999999999998	1
16.199999999999982	1
16.299999999999983	1
16.399999999999984	1
16.499999999999986	1
16.599999999999987	1
16.699999999999989	1
16.79999999999999	1
16.899999999999991	1
16.999999999999993	1
17.099999999999994	1
17.199999999999996	1
17.299999999999997	1
17.399999999999999	1
17.5	1
17.600000000000001	1
17.700000000000003	1
17.800000000000004	1
17.900000000000006	1
18.000000000000007	1
18.100000000000009	1
18.20000000000001	1
18.300000000000011	1
18.400000000000013	1
18.500000000000014	1
18.600000000000016	1
18.700000000000017	1
18.800000000000018	1
18.90000000000002	1
19.000000000000021	1
19.100000000000023	1
19.200000000000024	1
19.300000000000026	1
19.400000000000027	1
19.500000000000028	1
19.60000000000003	1
19.700000000000031	1
19.800000000000033	1
19.900000000000034	1
20.000000000000036	1
20.100000000000037	1
20.200000000000038	1
20.30000000000004	1
20.400000000000041	1
20.500000000000043	1
20.600000000000044	1
20.700000000000045	1
20.800000000000047	1
20.900000000000048	1
21.00000000000005	1
21.100000000000051	1
21.200000000000053	1
21.300000000000054	1
21.400000000000055	1
21.500000000000057	1
21.600000000000058	1
21.70000000000006	1
21.800000000000061	1
21.900000000000063	1
22.000000000000064	1
22.100000000000065	1
22.200000000000067	1
22.300000000000068	1
22.40000000000007	1
22.500000000000071	16
22.600000000000072	28.5
22.700000000000074	28.5
22.800000000000075	29.1937
22.900000000000077	14.5969
23.000000000000078	14.5969
23.10000000000008	7
23.200000000000081	10.3632
23.300000000000082	14.1318
23.400000000000084	17.1435
23.500000000000085	8.83077
23.600000000000087	11.4999
23.700000000000088	14.9838
23.80000000000009	18.6744
23.900000000000091	22.0204
24.000000000000092	25.8275
24.100000000000094	29.2435
24.200000000000095	33.1558
24.300000000000097	36.4335
24.400000000000098	40.0437
24.500000000000099	43.9954
24.600000000000101	47.2193
24.700000000000102	51.1639
24.800000000000104	54.6974
24.900000000000105	58.6164
25.000000000000107	62.0478
25.100000000000108	66
25.200000000000109	69.2679
25.300000000000111	72.8704
25.400000000000112	75.8956
25.500000000000114	78.7793
25.600000000000115	81.9647
25.700000000000117	84.6655
25.800000000000118	87.6372
25.900000000000119	90.146
26.000000000000121	92.8996
26.100000000000122	95.2909
26.200000000000124	97.9408
26.300000000000125	100.192
26.400000000000126	102.715
26.500000000000128	104.883
26.600000000000129	106.979
26.700000000000131	109.346
26.800000000000132	111.385
26.900000000000134	113.66
27.000000000000135	115.605
27.100000000000136	117.799
27.200000000000138	119.694
27.300000000000139	121.543
27.400000000000141	123.631
27.500000000000142	125.438
27.600000000000144	127.455
27.700000000000145	129.192
27.800000000000146	131.159
27.900000000000148	32.0625
28.000000000000149	16.3097
28.100000000000151	16.3097
28.200000000000152	2
28.300000000000153	9.60123
28.400000000000155	13.1339
28.500000000000156	16.9928
28.600000000000158	20.023
28.700000000000159	23.8137
28.800000000000161	27.4087
28.900000000000162	31.2949
29.000000000000163	34.4015
29.100000000000165	38.1257
29.200000000000166	42.0674
29.300000000000168	45.1634
29.400000000000169	49.1103
29.500000000000171	52.8573
29.600000000000172	56.7623
29.700000000000173	60.0002
29.800000000000175	63.9225
29.900000000000176	67.514
30.000000000000178	71.2053
30.100000000000179	74.1096
30.20000000000018	77.2416
30.300000000000182	80.488
30.400000000000183	83.0683
30.500000000000185	86.0952
30.600000000000186	88.8055
30.700000000000188	91.643
30.800000000000189	93.9173
30.90000000000019	96.6048
31.000000000000192	99.0279
31.100000000000193	101.58
31.200000000000195	103.637
31.300000000000196	105.899
31.400000000000198	108.28
31.500000000000199	32
31.6000000000002	16.3097
31.700000000000202	16.3097
31.800000000000203	16.3097
31.900000000000205	7
32.000000000000206	10.6907
32.100000000000207	14.3732
32.200000000000209	18.1886
32.30000000000021	22.0685
32.400000000000212	25.0029
32.500000000000213	28.832
32.600000000000215	32.6713
32.700000000000216	36.5448
32.800000000000217	39.4664
32.900000000000219	22.4506
33.00000000000022	26.3095
33.100000000000222	29.2283
33.200000000000223	33.1424
33.300000000000225	37.0747
33.400000000000226	41.0199
33.500000000000227	43.9625
33.600000000000229	47.8413
33.70000000000023	51.7384
33.800000000000232	55.3438
33.900000000000233	58.5917
34.000000000000234	62.5224
34.100000000000236	66.4463
34.200000000000237	69.2759
34.300000000000239	72.878
34.40000000000024	76.3102
34.500000000000242	79.582
34.600000000000243	81.9593
34.700000000000244	85.0256
34.800000000000246	87.9852
34.900000000000247	90.1411
35.000000000000249	32
35.10000000000025	16.325
35.200000000000252	16.325
35.300000000000253	1
35.400000000000254	9.38942
35.500000000000256	12.3465
35.600000000000257	16.1464
35.700000000000259	19.7714
35.80000000000026	23.5602
35.900000000000261	26.6685
36.000000000000263	30.3206
36.100000000000264	34.2266
36.200000000000266	37.3302
36.300000000000267	41.251
36.400000000000269	45.0525
36.50000000000027	49.0083
36.600000000000271	52.0949
36.700000000000273	55.8386
36.800000000000274	59.7496
36.900000000000276	62.9926
37.000000000000277	66.8889
37.100000000000279	70.3433
37.20000000000028	73.8933
37.300000000000281	76.6959
37.400000000000283	79.9644
37.500000000000284	82.8755
37.600000000000286	85.9091
37.700000000000287	88.3312
37.800000000000288	90.9749
37.90000000000029	93.7468
38.000000000000291	95.9609
38.100000000000293	98.5927
38.200000000000294	100.968
38.300000000000296	103.473
38.400000000000297	105.492
38.500000000000298	107.892
38.6000000000003	110.066
38.700000000000301	32
38.800000000000303	16.2943
38.900000000000304	16.2943
39.000000000000306	16.2943
39.100000000000307	7
39.200000000000308	11.5919
39.30000000000031	15.3184
39.400000000000311	19.154
39.500000000000313	22.0685
39.600000000000314	25.9843
39.700000000000315	29.7879
39.800000000000317	32.6406
39.900000000000318	36.5174
40.00000000000032	40.4181
40.100000000000321	44.3364
40.200000000000323	47.284
40.300000000000324	51.2236
40.400000000000325	55.1719
40.500000000000327	59.127
40.600000000000328	62.0971
40.70000000000033	66.0463
40.800000000000331	69.8153
40.900000000000333	72.5135
41.000000000000334	75.9622
41.100000000000335	79.2609
41.200000000000337	82.4278
41.300000000000338	84.7252
41.40000000000034	87.6949
41.500000000000341	32
41.600000000000342	32.187
41.700000000000344	16.3709
41.800000000000345	16.3709
41.900000000000347	8.4888
42.000000000000348	11.4174
42.10000000000035	15.187
42.200000000000351	18.8377
42.300000000000352	22.6062
42.400000000000354	25.7132
42.500000000000355	29.5518
42.600000000000357	33.2179
42.700000000000358	36.3252
42.80000000000036	40.2445
42.900000000000361	44.0421
43.000000000000362	47.9979
43.100000000000364	51.0868
43.200000000000365	55.0448
43.300000000000367	58.7196
43.400000000000368	62.6423
43.500000000000369	65.8795
43.600000000000371	69.6575
43.70000000