10	1
10.1	1
10.199999999999999	1
10.299999999999999	1
10.399999999999999	1
10.499999999999998	1
10.599999999999998	1
10.699999999999998	1
10.799999999999997	1
10.899999999999997	1
10.999999999999996	1
11.099999999999996	1
11.199999999999996	1
11.299999999999995	1
11.399999999999995	1
11.499999999999995	1
11.599999999999994	1
11.699999999999994	1
11.799999999999994	1
11.899999999999993	1
11.999999999999993	1
12.099999999999993	1
12.199999999999992	1
12.299999999999992	1
12.399999999999991	1
12.499999999999991	1
12.599999999999991	1
12.69999999999999	1
12.79999999999999	1
12.89999999999999	1
12.999999999999989	1
13.099999999999989	1
13.199999999999989	1
13.299999999999988	1
13.399999999999988	1
13.499999999999988	1
13.599999999999987	1
13.699999999999987	1
13.799999999999986	1
13.899999999999986	1
13.999999999999986	1
14.099999999999985	1
14.199999999999985	1
14.299999999999985	1
14.399999999999984	1
14.499999999999984	1
14.599999999999984	1
14.699999999999983	1
14.799999999999983	1
14.899999999999983	1
14.999999999999982	1
15.099999999999982	1
15.199999999999982	1
15.299999999999981	1
15.399999999999981	1
15.49999999999998	1
15.59999999999998	1
15.69999999999998	1
15.799999999999979	1
15.899999999999979	1
15.999999999999979	1
16.09999999999998	1
16.199999999999982	1
16.299999999999983	1
16.399999999999984	1
16.499999999999986	1
16.599999999999987	1
16.699999999999989	1
16.79999999999999	1
16.899999999999991	1
16.999999999999993	1
17.099999999999994	1
17.199999999999996	1
17.299999999999997	1
17.399999999999999	1
17.5	1
17.600000000000001	1
17.700000000000003	1
17.800000000000004	1
17.900000000000006	1
18.000000000000007	1
18.100000000000009	1
18.20000000000001	1
18.300000000000011	1
18.400000000000013	1
18.500000000000014	1
18.600000000000016	1
18.700000000000017	1
18.800000000000018	1
18.90000000000002	1
19.000000000000021	1
19.100000000000023	1
19.200000000000024	1
19.300000000000026	1
19.400000000000027	1
19.500000000000028	1
19.60000000000003	1
19.700000000000031	1
19.800000000000033	1
19.900000000000034	1
20.000000000000036	1
20.100000000000037	1
20.200000000000038	1
20.30000000000004	1
20.400000000000041	1
20.500000000000043	1
20.600000000000044	1
20.700000000000045	1
20.800000000000047	1
20.900000000000048	1
21.00000000000005	1
21.100000000000051	1
21.200000000000053	1
21.300000000000054	1
21.400000000000055	1
21.500000000000057	1
21.600000000000058	1
21.70000000000006	1
21.800000000000061	1
21.900000000000063	1
22.000000000000064	1
22.100000000000065	1
22.200000000000067	1
22.300000000000068	1
22.40000000000007	1
22.500000000000071	1
22.600000000000072	1
22.700000000000074	1
22.800000000000075	1
22.900000000000077	1
23.000000000000078	1
23.10000000000008	1
23.200000000000081	1
23.300000000000082	1
23.400000000000084	1
23.500000000000085	1
23.600000000000087	1
23.700000000000088	1
23.80000000000009	1
23.900000000000091	1
24.000000000000092	1
24.100000000000094	1
24.200000000000095	1
24.300000000000097	1
24.400000000000098	1
24.500000000000099	8
24.600000000000101	21
24.700000000000102	21
24.800000000000104	21
24.900000000000105	4
25.000000000000107	6.36191
25.100000000000108	9.10138
25.200000000000109	12.8523
25.300000000000111	15.6005
25.400000000000112	18.3723
25.500000000000114	10.1944
25.600000000000115	12.8123
25.700000000000117	7.15194
25.800000000000118	4.16243
25.900000000000119	6.46333
26.000000000000121	9.17212
26.100000000000122	12.9798
26.200000000000124	15.7057
26.300000000000125	19.4649
26.400000000000126	22.3388
26.500000000000128	12.0737
26.600000000000129	14.764
26.700000000000131	17.5542
26.800000000000132	20.4034
26.900000000000134	11.7945
27.000000000000135	12.8529
27.100000000000136	15.601
27.200000000000138	19.3806
27.300000000000139	22.2204
27.400000000000141	25.137
27.500000000000142	29.0519
27.600000000000144	32.0017
27.700000000000145	35.864
27.800000000000146	18.7236
27.900000000000148	9.95785
28.000000000000149	11.282
28.100000000000151	14.1248
28.200000000000152	17.0205
28.300000000000153	20.7821
28.400000000000155	23.6225
28.500000000000156	26.4979
28.600000000000158	30.369
28.700000000000159	33.2922
28.800000000000161	17.9069
28.900000000000162	10.3538
29.000000000000163	10.3538
29.100000000000165	12.6254
29.200000000000166	7.02687
29.300000000000168	9.14563
29.400000000000169	6.57608
29.500000000000171	9.25144
29.600000000000172	12.0771
29.700000000000173	15.8786
29.800000000000175	18.555
29.900000000000176	21.411
30.000000000000178	5.41103
30.100000000000179	7.3202
30.20000000000018	11.0453
30.300000000000182	13.8646
30.400000000000183	16.5652
30.500000000000185	20.3128
30.600000000000186	10.7082
30.700000000000188	13.0716
30.800000000000189	7.43295
30.90000000000019	7.43295
31.000000000000192	2
31.100000000000193	2
31.200000000000195	2
31.300000000000196	2
31.400000000000198	1
31.500000000000199	3.55301
31.6000000000002	2.91723
31.700000000000202	6.10515
31.800000000000203	8.81154
31.900000000000205	11.4852
32.000000000000206	7.56254
32.100000000000207	4.67864
32.200000000000209	8.15186
32.30000000000021	5.16456
32.400000000000212	7.14153
32.500000000000213	10.8361
32.600000000000215	13.5516
32.700000000000216	16.3657
32.800000000000217	9.32692
32.900000000000219	10.5411
33.00000000000022	13.3172
33.100000000000222	17.1348
33.200000000000223	20.0439
33.300000000000225	22.9324
33.400000000000226	26.7216
33.500000000000227	29.5998
33.600000000000229	33.4705
33.70000000000023	18.0024
33.800000000000232	20.0048
33.900000000000233	23.7984
34.000000000000234	26.6548
34.100000000000236	29.5056
34.200000000000237	33.3872
34.300000000000239	17.7254
34.40000000000024	9.49025
34.500000000000242	12.4232
34.600000000000243	15.2493
34.700000000000244	18.1305
34.800000000000246	9.7312
34.900000000000247	5.12036
35.000000000000249	3.76192
35.10000000000025	4.50988
35.200000000000252	7.12772
35.300000000000253	10.8271
35.400000000000254	13.5444
35.500000000000256	16.3597
35.600000000000257	9.71869
35.700000000000259	10.9807
35.80000000000026	13.5937
35.900000000000261	7.39721
36.000000000000263	8.7687
36.100000000000264	11.4524
36.200000000000266	15.2133
36.300000000000267	18.1002
36.400000000000269	10.7679
36.50000000000027	11.0442
36.600000000000271	13.8637
36.700000000000273	17.5624
36.800000000000274	9.54623
36.900000000000276	11.2827
37.000000000000277	15.0861
37.100000000000279	17.9935
37.20000000000028	9.87243
37.300000000000281	12.3973
37.400000000000283	7.31196
37.500000000000284	10.1882
37.600000000000286	13.0402
37.700000000000287	15.5635
37.800000000000288	19.3505
37.90000000000029	22.013
38.000000000000291	11.0065
38.100000000000293	5.54867
38.200000000000294	7.00167
38.300000000000296	4.53015
38.400000000000297	8.06896
38.500000000000298	4.27688
38.6000000000003	6.98506
38.700000000000301	10.4497
38.800000000000303	13.2452
38.900000000000304	17.0789
39.000000000000306	19.9962
39.100000000000307	22.803
39.200000000000308	13.5143
39.30000000000031	16.3348
39.400000000000311	19.2091
39.500000000000313	23.0905
39.600000000000314	12.1986
39.700000000000315	12.2806
39.800000000000317	8.12319
39.900000000000318	10.9676
40.00000000000032	13.6568
40.100000000000321	17.3997
40.200000000000323	20.2708
40.300000000000324	24.147
40.400000000000325	12.9533
40.500000000000327	7.20928
40.600000000000328	9.28594
40.70000000000033	12.1035
40.800000000000331	14.9903
40.900000000000333	18.6797
41.000000000000334	21.5191
41.100000000000335	11.1488
41.200000000000337	14.9864
41.300000000000338	17.7415
41.40000000000034	20.5648
41.500000000000341	24.3943
41.600000000000342	12.5613
41.700000000000344	16.311
41.800000000000345	19.1888
41.900000000000347	11.2344
42.000000000000348	15.0501
42.10000000000035	17.9075
42.200000000000351	20.7081
42.300000000000352	24.5152
42.400000000000354	12.2576
42.500000000000355	13.0503
42.600000000000357	16.8097
42.700000000000358	19.6143
42.80000000000036	22.469
42.900000000000361	26.3252
43.000000000000362	14.117
43.100000000000364	17.8192
43.200000000000365	20.6318
43.300000000000367	23.4904
43.400000000000368	13.5478
43.500000000000369	7.96407
43.600000000000371	8.33501
43.700000000000372	12.0766
43.800000000000374	14.9015
43.900000000000375	17.6699
44.000000000000377	9.72654
44.10000000