10	25.9937
10.1	13.1879
10.199999999999999	13.3392
10.299999999999999	12.209
10.399999999999999	21.7172
10.499999999999998	32.3115
10.599999999999998	22.9834
10.699999999999998	7.50216
10.799999999999997	16.0326
10.899999999999997	26.4868
10.999999999999996	15.8408
11.099999999999996	15.9668
11.199999999999996	10.8638
11.299999999999995	11.4035
11.399999999999995	21.9248
11.499999999999995	15.0915
11.599999999999994	7.87077
11.699999999999994	16.1453
11.799999999999994	25.7126
11.899999999999993	36.3522
11.999999999999993	47.1566
12.099999999999993	19.034
12.199999999999992	29.542
12.299999999999992	9.33154
12.399999999999991	19.1258
12.499999999999991	28.7786
12.599999999999991	18.1006
12.69999999999999	10.959
12.79999999999999	21.2312
12.89999999999999	15.7907
12.999999999999989	26.2651
13.099999999999989	19.3958
13.199999999999989	13.1986
13.299999999999988	23.681
13.399999999999988	8.43088
13.499999999999988	11.3443
13.599999999999987	21.8483
13.699999999999987	16.8994
13.799999999999986	13.5196
13.899999999999986	23.0936
13.999999999999986	19.3344
14.099999999999985	30.0376
14.199999999999985	22.5585
14.299999999999985	20.1811
14.399999999999984	15.6689
14.499999999999984	26.1922
14.599999999999984	36.0048
14.699999999999983	46.6756
14.799999999999983	26.176
14.899999999999983	13.2211
14.999999999999982	13.959
15.099999999999982	13.1663
15.199999999999982	23.6207
15.299999999999981	33.2908
15.399999999999981	20.2024
15.49999999999998	10.1012
15.59999999999998	9.57483
15.69999999999998	20.0104
15.799999999999979	7.99828
15.899999999999979	17.3998
15.999999999999979	12.8779
16.09999999999998	23.2472
16.199999999999982	19.6227
16.299999999999983	30.1576
16.399999999999984	11.149
16.499999999999986	13.9444
16.599999999999987	15.9827
16.699999999999989	12.4915
16.79999999999999	11.3933
16.899999999999991	21.9195
16.999999999999993	32.4477
17.099999999999994	10.3599
17.199999999999996	9.27242
17.299999999999997	18.8332
17.399999999999999	13.5561
17.5	24.0903
17.600000000000001	18.136
17.700000000000003	13.2031
17.800000000000004	23.0408
17.900000000000006	33.6044
18.000000000000007	23.1419
18.100000000000009	19.5419
18.20000000000001	30.1715
18.300000000000011	40.9955
18.400000000000013	28.4243
18.500000000000014	19.3536
18.600000000000016	13.6284
18.700000000000017	24.131
18.800000000000018	18.5444
18.90000000000002	13.8653
19.000000000000021	24.2653
19.100000000000023	35.031
19.200000000000024	24.6686
19.300000000000026	16.4836
19.400000000000027	8.54025
19.500000000000028	18.7543
19.60000000000003	14.1256
19.700000000000031	12.6429
19.800000000000033	23.1181
19.900000000000034	33.7761
20.000000000000036	24.4542
20.100000000000037	18.9972
20.200000000000038	15.269
20.30000000000004	25.878
20.400000000000041	36.4694
20.500000000000043	27.2285
20.600000000000044	22.5352
20.700000000000045	17.7269
20.800000000000047	27.2887
20.900000000000048	17.8402
21.00000000000005	16.2533
21.100000000000051	16.2689
21.200000000000053	26.9292
21.300000000000054	37.5168
21.400000000000055	19.5041
21.500000000000057	9.75203
21.600000000000058	9.51015
21.70000000000006	12.1676
21.800000000000061	11.0558
21.900000000000063	14.1953
22.000000000000064	24.6994
22.100000000000065	20.988
22.200000000000067	17.3504
22.300000000000068	28.0271
22.40000000000007	10.4787
22.500000000000071	20.9881
22.600000000000072	31.4786
22.700000000000074	9.30444
22.800000000000075	12.1177
22.900000000000077	13.0911
23.000000000000078	23.4939
23.10000000000008	16.3424
23.200000000000081	14.1165
23.300000000000082	24.5729
23.400000000000084	16.4326
23.500000000000085	8.54502
23.600000000000087	9.53271
23.700000000000088	19.9904
23.80000000000009	14.7309
23.900000000000091	7.69813
24.000000000000092	16.9131
24.100000000000094	15.2807
24.200000000000095	12.3083
24.300000000000097	12.3083
24.400000000000098	8.16419
24.500000000000099	9.05916
24.600000000000101	19.3087
24.700000000000102	12.2194
24.800000000000104	22.6701
24.900000000000105	18.2984
25.000000000000107	28.0225
25.100000000000108	18.2861
25.200000000000109	10.1078
25.300000000000111	9.36465
25.400000000000112	18.1207
25.500000000000114	5.41307
25.600000000000115	9.99604
25.700000000000117	20.2145
25.800000000000118	12.5981
25.900000000000119	7.23277
26.000000000000121	17.4125
26.100000000000122	28.0655
26.200000000000124	10.034
26.300000000000125	9.10843
26.400000000000126	9.37667
26.500000000000128	16.808
26.600000000000129	8.40398
26.700000000000131	8.40398
26.800000000000132	10.1462
26.900000000000134	11.0065
27.000000000000135	11.4316
27.100000000000136	14.0172
27.200000000000138	11.5894
27.300000000000139	10.8301
27.400000000000141	13.0787
27.500000000000142	14.8999
27.600000000000144	15.6097
27.700000000000145	26.1568
27.800000000000146	18.7422
27.900000000000148	28.314
28.000000000000149	20.9218
28.100000000000151	17.3723
28.200000000000152	28.0406
28.300000000000153	38.6859
28.400000000000155	23.0151
28.500000000000156	11.723
28.600000000000158	11.723
28.700000000000159	4
28.800000000000161	13.1901
28.900000000000162	23.6762
29.000000000000163	4.50799
29.100000000000165	13.0151
29.200000000000166	23.3662
29.300000000000168	13.2675
29.400000000000169	8.52778
29.500000000000171	17.8175
29.600000000000172	28.3183
29.700000000000173	18.7497
29.800000000000175	28.3896
29.900000000000176	22.2357
30.000000000000178	16.0841
30.100000000000179	8.28747
30.20000000000018	6.80405
30.300000000000182	16.0985
30.400000000000183	26.6019
30.500000000000185	19.2551
30.600000000000186	29.9867
30.700000000000188	21.2367
30.800000000000189	15.3082
30.90000000000019	25.0367
31.000000000000192	21.2888
31.100000000000193	18.3663
31.200000000000195	16.2095
31.300000000000196	6.96703
31.400000000000198	16.2909
31.500000000000199	25.9973
31.6000000000002	18.1419
31.700000000000202	13.8704
31.800000000000203	24.1856
31.900000000000205	34.9473
32.000000000000206	10.6935
32.100000000000207	15.1228
32.200000000000209	24.6412
32.30000000000021	20.9111
32.400000000000212	31.4274
32.500000000000213	22.6316
32.600000000000215	33.2652
32.700000000000216	20.9699
32.800000000000217	31.4665
32.900000000000219	41.2361
33.00000000000022	10.7777
33.100000000000222	8.53916
33.200000000000223	18.8603
33.300000000000225	18.5906
33.400000000000226	14.7691
33.500000000000227	11.9437
33.600000000000229	19.8283
33.70000000000023	16.1439
33.800000000000232	15.994
33.900000000000233	26.3877
34.000000000000234	37.1302
34.100000000000236	47.9469
34.200000000000237	13.1555
34.300000000000239	9.41205
34.40000000000024	10.8575
34.500000000000242	21.1791
34.600000000000243	13.5358
34.700000000000244	13.3588
34.800000000000246	23.8125
34.900000000000247	15.0438
35.000000000000249	7.84793
35.10000000000025	16.1342
35.200000000000252	26.6611
35.300000000000253	19.6861
35.400000000000254	30.265
35.500000000000256	20.0016
35.600000000000257	30.2403
35.700000000000259	40.2338
35.80000000000026	11.1997
35.900000000000261	11.9792
36.000000000000263	12.6447
36.100000000000264	13.0599
36.200000000000266	23.4339
36.300000000000267	33.1586
36.400000000000269	12.0229
36.50000000000027	22.2523
36.600000000000271	19.4755
36.700000000000273	30.1286
36.800000000000274	40.8905
36.900000000000276	51.5972
37.000000000000277	13.5287
37.100000000000279	8.65827
37.20000000000028	19.0199
37.300000000000281	14.1082
37.400000000000283	24.5682
37.500000000000284	19.0456
37.600000000000286	29.5495
37.700000000000287	21.3326
37.800000000000288	32.0544
37.90000000000029	42.7291
38.000000000000291	30.4679
38.100000000000293	12.495
38.200000000000294	23.0377
38.300000000000296	19.3553
38.400000000000297	28.9661
38.500000000000298	13.2418
38.6000000000003	13.7857
38.700000000000301	24.22
38.800000000000303	20.1407
38.900000000000304	30.6605
39.000000000000306	41.3324
39.100000000000307	28.2999
39.200000000000308	39.0795
39.30000000000031	26.4388
39.400000000000311	37.1665
39.500000000000313	11.1456
39.600000000000314	11.1456
39.700000000000315	21.1865
39.800000000000317	18.1025
39.900000000000318	28.6035
40.00000000000032	16.9583
40.100000000000321	8.76949
40.200000000000323	16.1715
40.300000000000324	13.134
40.400000000000325	9.86038
40.500000000000327	18.0509
40.600000000000328	15.1597
40.70000000000033	25.6972
40.800000000000331	16.3293
40.900000000000333	8.46585
41.000000000000334	18.8274
41.100000000000335	13.591
41.200000000000337	11.5563
41.300000000000338	11.2821
41.40000000000034	9.92365
41.500000000000341	9.47533
41.600000000000342	19.0915
41.700000000000344	29.6129
41.800000000000345	39.3346
41.900000000000347	13.0648
42.000000000000348	23.4366
42.10000000000035	15.5567
42.200000000000351	26.1253
42.300000000000352	36.8358
42.400000000000354	47.5092
42.500000000000355	24.2752
42.600000000000357	24.2752
42.700000000000358	12.6512
42.80000000000036	10.9804
42.900000000000361	21.2422
43.000000000000362	31.9944
43.100000000000364	20.9518
43.200000000000365	31.006
43.300000000000367	20.0226
43.400000000000368	10.2827
43.500000000000369	9.13826
43.600000000000371	19.3975
43.700000000000372	16.3236
43.800000000000374	16.5454
43.900000000000375	27.1338
44.000000000000377	20.5159
44.100000000000378	15.4411
44.200000000000379	10.7808
44.300000000000381	21.14
44.400000000000382	13.7583
44.500000000000384	11.0116
44.600000000000385	21.3053
44.700000000000387	14.5626
44.800000000000388	13.1492
44.900000000000389	23.6112
45.000000000000391	17.2813
45.100000000000392	7.16028
45.200000000000394	16.1272
45.300000000000395	26.6569
45.400000000000396	8.27296
45.500000000000398	8.18731
45.600000000000399	18.4349
45.700000000000401	15.3283
45.800000000000402	15.3244
45.900000000000404	15.1606
46.000000000000405	25.6977
46.100000000000406	17.5406
46.200000000000408	27.1682
46.300000000000409	18.0445
46.400000000000411	14.1249
46.500000000000412	11.0942
46.600000000000414	21.4416
46.700000000000415	15.4767
46.800000000000416	24.2069
46.900000000000418	11.9851
47.000000000000419	22.277
47.100000000000421	14.6509
47.200000000000422	6.26715
47.300000000000423	15.105
47.400000000000425	12.1926
47.500000000000426	10.6269
47.600000000000428	20.8712
47.700000000000429	19.686
47.800000000000431	30.265
47.900000000000432	23.6198
48.000000000000433	34.2676
48.100000000000435	22.7309
48.200000000000436	14.5339
48.300000000000438	14.1574
48.400000000000439	11.7817
48.500000000000441	13.5429
48.600000000000442	12.3979
48.700000000000443	22.9854
48.800000000000445	33.5068
48.900000000000446	22.414
49.000000000000448	18.4417
49.100000000000449	29.0956
49.20000000000045	39.7349
49.300000000000452	12.6051
49.400000000000453	23.0975
49.500000000000455	33.7324
49.600000000000456	9.29408
49.700000000000458	14.9953
49.800000000000459	25.3651
49.90000000000046	14.8117
50.000000000000462	14.8117
50.100000000000463	9.96775
50.200000000000465	9.78015
50.300000000000466	20.1091
50.400000000000468	15.3052
50.500000000000469	24.9948
50.60000000000047	35.54
50.700000000000472	46.2964
50.800000000000473	27.9891
50.900000000000475	14.1722
51.000000000000476	14.1722
51.100000000000477	8.20514
51.200000000000479	17.4953
51.30000000000048	13.3387
51.400000000000482	23.9271
51.500000000000483	34.48
51.600000000000485	9.93445
51.700000000000486	9.93445
51.800000000000487	1
51.900000000000489	7.10375
52.00000000000049	17.244
52.100000000000492	26.9407
52.200000000000493	17.9171
52.300000000000495	14.252
52.400000000000496	24.8128
52.500000000000497	35.4123
52.600000000000499	46.1985
52.7000000000005	56.8551
52.800000000000502	14.4104
52.900000000000503	14.4104
53.000000000000504	8.30804
53.100000000000506	10.215
53.200000000000507	12.1969
53.300000000000509	10.6956
53.40000000000051	21.0969
53.500000000000512	12.6616
53.600000000000513	22.603
53.700000000000514	33.2458
53.800000000000516	20.3929
53.900000000000517	12.1912
54.000000000000519	10.5997
54.10000000000052	9.5255
54.200000000000522	19.6841
54.300000000000523	15.4298
54.400000000000524	11.8586
54.500000000000526	20.7168
54.600000000000527	8.1262
54.700000000000529	9.07153
54.80000000000053	9.51066
54.900000000000531	19.9799
55.000000000000533	30.4568
55.100000000000534	23.1572
55.200000000000536	15.7366
55.300000000000537	25.3795
55.400000000000539	36.1175
55.50000000000054	10.1572
55.600000000000541	20.0462
55.700000000000543	18.8298
55.800000000000544	29.3429
55.900000000000546	20.7593
56.00000000000054