10	1
10.1	1
10.199999999999999	1
10.299999999999999	1
10.399999999999999	1
10.499999999999998	1
10.599999999999998	1
10.699999999999998	1
10.799999999999997	1
10.899999999999997	1
10.999999999999996	1
11.099999999999996	1
11.199999999999996	1
11.299999999999995	1
11.399999999999995	1
11.499999999999995	1
11.599999999999994	1
11.699999999999994	1
11.799999999999994	1
11.899999999999993	1
11.999999999999993	1
12.099999999999993	1
12.199999999999992	1
12.299999999999992	1
12.399999999999991	1
12.499999999999991	1
12.599999999999991	1
12.69999999999999	1
12.79999999999999	1
12.89999999999999	1
12.999999999999989	1
13.099999999999989	1
13.199999999999989	1
13.299999999999988	1
13.399999999999988	1
13.499999999999988	1
13.599999999999987	1
13.699999999999987	1
13.799999999999986	1
13.899999999999986	1
13.999999999999986	1
14.099999999999985	1
14.199999999999985	1
14.299999999999985	1
14.399999999999984	1
14.499999999999984	1
14.599999999999984	1
14.699999999999983	1
14.799999999999983	1
14.899999999999983	1
14.999999999999982	1
15.099999999999982	1
15.199999999999982	1
15.299999999999981	1
15.399999999999981	1
15.49999999999998	1
15.59999999999998	1
15.69999999999998	1
15.799999999999979	1
15.899999999999979	1
15.999999999999979	1
16.09999999999998	1
16.199999999999982	1
16.299999999999983	1
16.399999999999984	1
16.499999999999986	1
16.599999999999987	1
16.699999999999989	1
16.79999999999999	1
16.899999999999991	1
16.999999999999993	1
17.099999999999994	1
17.199999999999996	1
17.299999999999997	1
17.399999999999999	1
17.5	1
17.600000000000001	1
17.700000000000003	1
17.800000000000004	1
17.900000000000006	1
18.000000000000007	1
18.100000000000009	1
18.20000000000001	2
18.300000000000011	4
18.400000000000013	8
18.500000000000014	16
18.600000000000016	32
18.700000000000017	60
18.800000000000018	30
18.90000000000002	30
19.000000000000021	30
19.100000000000023	2
19.200000000000024	4
19.300000000000026	5
19.400000000000027	8
19.500000000000028	11
19.60000000000003	14
19.700000000000031	7.82692
19.800000000000033	7.82692
19.900000000000034	8.0804
20.000000000000036	9.02241
20.100000000000037	9.97521
20.200000000000038	10.8438
20.30000000000004	11.7332
20.400000000000041	13.5578
20.500000000000043	14.4179
20.600000000000044	7.20893
20.700000000000045	7.8777
20.800000000000047	8.72704
20.900000000000048	9.60509
21.00000000000005	10.5047
21.100000000000051	11.4207
21.200000000000053	12.3495
21.300000000000054	13.2885
21.400000000000055	14.2356
21.500000000000057	15.1894
21.600000000000058	16.1487
21.70000000000006	17.1125
21.800000000000061	19.0511
21.900000000000063	20.0248
22.000000000000064	21.001
22.100000000000065	21.9793
22.200000000000067	22.9157
22.300000000000068	23.8573
22.40000000000007	24.8034
22.500000000000071	25.7536
22.600000000000072	26.7074
22.700000000000074	27.6644
22.800000000000075	28.6243
22.900000000000077	29.5869
23.000000000000078	30.5519
23.10000000000008	32.4881
23.200000000000081	33.4591
23.300000000000082	34.4316
23.400000000000084	35.4057
23.500000000000085	36.3812
23.600000000000087	37.358
23.700000000000088	38.3359
23.80000000000009	39.315
23.900000000000091	40.2951
24.000000000000092	41.2761
24.100000000000094	42.258
24.200000000000095	43.2408
24.300000000000097	44.2243
24.400000000000098	45.2085
24.500000000000099	47.1789
24.600000000000101	48.1651
24.700000000000102	49.1517
24.800000000000104	50.1389
24.900000000000105	25.4063
25.000000000000107	25.4063
25.100000000000108	25.4063
25.200000000000109	25.5634
25.300000000000111	13.0529
25.400000000000112	13.0529
25.500000000000114	13.0529
25.600000000000115	1
25.700000000000117	2
25.800000000000118	5
25.900000000000119	7.49836
26.000000000000121	8.3868
26.100000000000122	9.29742
26.200000000000124	10.1256
26.300000000000125	11.0733
26.400000000000126	12.0292
26.500000000000128	12.9915
26.600000000000129	13.8145
26.700000000000131	6.90724
26.800000000000132	7.4692
26.900000000000134	8.36078
27.000000000000135	9.27399
27.100000000000136	10.2031
27.200000000000138	12.0944
27.300000000000139	13.0518
27.400000000000141	14.015
27.500000000000142	14.9829
27.600000000000144	15.8917
27.700000000000145	16.8108
27.800000000000146	17.7386
27.900000000000148	18.6738
28.000000000000149	19.6153
28.100000000000151	20.5622
28.200000000000152	21.514
28.300000000000153	22.4699
28.400000000000155	23.4294
28.500000000000156	24.3921
28.600000000000158	26.3259
28.700000000000159	27.2963
28.800000000000161	28.2688
28.900000000000162	29.2431
29.000000000000163	30.219
29.100000000000165	31.1965
29.200000000000166	32.1754
29.300000000000168	33.1554
29.400000000000169	34.1367
29.500000000000171	35.119
29.600000000000172	36.1022
29.700000000000173	37.0863
29.800000000000175	38.0713
29.900000000000176	19.8964
30.000000000000178	19.8964
30.100000000000179	19.8964
30.20000000000018	1
30.300000000000182	3
30.400000000000183	7
30.500000000000185	9.54248
30.600000000000186	10.4475
30.700000000000188	5.31902
30.800000000000189	5.31902
30.90000000000019	5.68862
31.000000000000192	6.51909
31.100000000000193	7.3909
31.200000000000195	7.78963
31.300000000000196	9.53319
31.400000000000198	10.439
31.500000000000199	11.3604
31.6000000000002	12.2938
31.700000000000202	13.2367
31.800000000000203	14.1873
31.900000000000205	15.1442
32.000000000000206	16.1061
32.100000000000207	17.0724
32.200000000000209	18.0422
32.30000000000021	19.0151
32.400000000000212	19.9906
32.500000000000213	20.9206
32.600000000000215	22.7982
32.700000000000216	23.7444
32.800000000000217	24.6949
32.900000000000219	25.6491
33.00000000000022	26.6066
33.100000000000222	27.5671
33.200000000000223	28.5303
33.300000000000225	29.496
33.400000000000226	30.4638
33.500000000000227	31.4337
33.600000000000229	32.4054
33.70000000000023	33.3787
33.800000000000232	34.3535
33.900000000000233	35.3298
34.000000000000234	18.4136
34.100000000000236	18.4136
34.200000000000237	18.4136
34.300000000000239	1
34.40000000000024	2
34.500000000000242	3
34.600000000000243	8
34.700000000000244	9.75093
34.800000000000246	10.638
34.900000000000247	11.5434
35.000000000000249	12.463
35.10000000000025	13.394
35.200000000000252	14.3341
35.300000000000253	16.2355
35.400000000000254	17.1945
35.500000000000256	18.1578
35.600000000000257	19.1248
35.700000000000259	9.56238
35.80000000000026	9.56238
35.900000000000261	9.56238
36.000000000000263	1
36.100000000000264	2
36.200000000000266	3
36.300000000000267	4.92064
36.400000000000269	5.68862
36.50000000000027	6.51909
36.600000000000271	7.3909
36.700000000000273	9.21125
36.800000000000274	10.1462
36.900000000000276	11.0921
37.000000000000277	12.0464
37.100000000000279	13.0075
37.20000000000028	13.9737
37.300000000000281	14.8771
37.400000000000283	7.67071
37.500000000000284	7.67071
37.600000000000286	7.92926
37.700000000000287	8.77355
37.800000000000288	9.64731
37.90000000000029	10.5432
38.000000000000291	12.3823
38.100000000000293	13.319
38.200000000000294	14.1936
38.300000000000296	15.15
38.400000000000297	16.1116
38.500000000000298	17.0776
38.6000000000003	18.0471
38.700000000000301	19.0198
38.800000000000303	19.995
38.900000000000304	20.9248
39.000000000000306	21.8607
39.100000000000307	22.802
39.200000000000308	23.7481
39.30000000000031	24.6984
39.400000000000311	26.6099
39.500000000000313	27.5703
39.600000000000314	28.5334
39.700000000000315	29.499
39.800000000000317	30.4668
39.900000000000318	31.4365
40.00000000000032	32.4081
40.100000000000321	33.3813
40.200000000000323	34.3561
40.300000000000324	35.3323
40.400000000000325	36.3098
40.500000000000327	37.2884
40.600000000000328	18.8576
40.70000000000033	18.8576
40.800000000000331	18.8576
40.900000000000333	2
41.000000000000334	5
41.100000000000335	7
41.200000000000337	9.64727
41.300000000000338	4.82364
41.40000000000034	5.22972
41.500000000000341	6.12458
41.600000000000342	7.04644
41.700000000000344	7.98615
41.800000000000345	8.82492
41.900000000000347	9.694
42.000000000000348	10.5859
42.10000000000035	12.4186
42.200000000000351	13.3527
42.300000000000352	14.2956
42.400000000000354	15.2456
42.500000000000355	16.2015
42.600000000000357	17.1624
42.700000000000358	18.1274
42.80000000000036	19.0959
42.900000000000361	20.0675
43.000000000000362	21.0416
43.100000000000364	22.0181
43.2000