10	1
10.1	1
10.199999999999999	1
10.299999999999999	1
10.399999999999999	1
10.499999999999998	1
10.599999999999998	1
10.699999999999998	1
10.799999999999997	1
10.899999999999997	1
10.999999999999996	1
11.099999999999996	1
11.199999999999996	1
11.299999999999995	1
11.399999999999995	1
11.499999999999995	1
11.599999999999994	1
11.699999999999994	1
11.799999999999994	1
11.899999999999993	1
11.999999999999993	1
12.099999999999993	1
12.199999999999992	1
12.299999999999992	1
12.399999999999991	1
12.499999999999991	1
12.599999999999991	1
12.69999999999999	1
12.79999999999999	1
12.89999999999999	1
12.999999999999989	1
13.099999999999989	1
13.199999999999989	1
13.299999999999988	1
13.399999999999988	1
13.499999999999988	1
13.599999999999987	1
13.699999999999987	1
13.799999999999986	1
13.899999999999986	1
13.999999999999986	1
14.099999999999985	1
14.199999999999985	1
14.299999999999985	1
14.399999999999984	1
14.499999999999984	1
14.599999999999984	1
14.699999999999983	1
14.799999999999983	1
14.899999999999983	1
14.999999999999982	1
15.099999999999982	1
15.199999999999982	1
15.299999999999981	1
15.399999999999981	1
15.49999999999998	1
15.59999999999998	1
15.69999999999998	1
15.799999999999979	1
15.899999999999979	1
15.999999999999979	1
16.09999999999998	1
16.199999999999982	1
16.299999999999983	1
16.399999999999984	1
16.499999999999986	1
16.599999999999987	1
16.699999999999989	1
16.79999999999999	1
16.899999999999991	1
16.999999999999993	1
17.099999999999994	1
17.199999999999996	1
17.299999999999997	1
17.399999999999999	1
17.5	1
17.600000000000001	1
17.700000000000003	1
17.800000000000004	1
17.900000000000006	1
18.000000000000007	1
18.100000000000009	1
18.20000000000001	1
18.300000000000011	1
18.400000000000013	1
18.500000000000014	1
18.600000000000016	1
18.700000000000017	1
18.800000000000018	1
18.90000000000002	1
19.000000000000021	1
19.100000000000023	1
19.200000000000024	1
19.300000000000026	1
19.400000000000027	1
19.500000000000028	1
19.60000000000003	1
19.700000000000031	1
19.800000000000033	1
19.900000000000034	1
20.000000000000036	1
20.100000000000037	1
20.200000000000038	1
20.30000000000004	1
20.400000000000041	1
20.500000000000043	1
20.600000000000044	1
20.700000000000045	1
20.800000000000047	1
20.900000000000048	1
21.00000000000005	1
21.100000000000051	1
21.200000000000053	1
21.300000000000054	1
21.400000000000055	1
21.500000000000057	1
21.600000000000058	1
21.70000000000006	1
21.800000000000061	1
21.900000000000063	1
22.000000000000064	1
22.100000000000065	1
22.200000000000067	1
22.300000000000068	1
22.40000000000007	1
22.500000000000071	1
22.600000000000072	1
22.700000000000074	1
22.800000000000075	1
22.900000000000077	1
23.000000000000078	1
23.10000000000008	1
23.200000000000081	1
23.300000000000082	1
23.400000000000084	1
23.500000000000085	1
23.600000000000087	1
23.700000000000088	1
23.80000000000009	1
23.900000000000091	1
24.000000000000092	1
24.100000000000094	1
24.200000000000095	1
24.300000000000097	1
24.400000000000098	1
24.500000000000099	1
24.600000000000101	1
24.700000000000102	1
24.800000000000104	4
24.900000000000105	6.5
25.000000000000107	6.5
25.100000000000108	6.5
25.200000000000109	5.97588
25.300000000000111	3.93668
25.400000000000112	5.99395
25.500000000000114	3.75525
25.600000000000115	2.3632
25.700000000000117	4.93549
25.800000000000118	3.5315
25.900000000000119	6.08519
26.000000000000121	8.79783
26.100000000000122	10.5634
26.200000000000124	5.78523
26.300000000000125	8.35707
26.400000000000126	11.1414
26.500000000000128	14.0128
26.600000000000129	16.809
26.700000000000131	9.1195
26.800000000000132	11.9766
26.900000000000134	14.1282
27.000000000000135	7.09947
27.100000000000136	7.09947
27.200000000000138	2
27.300000000000139	5.44207
27.400000000000141	2.72103
27.500000000000142	4.22681
27.600000000000144	6.80819
27.700000000000145	3.96829
27.800000000000146	5.29557
27.900000000000148	3.92764
28.000000000000149	6.31759
28.100000000000151	3.74446
28.200000000000152	3.74446
28.300000000000153	6.20793
28.400000000000155	7.92369
28.500000000000156	10.5391
28.600000000000158	13.3157
28.700000000000159	6.80678
28.800000000000161	9.08977
28.900000000000162	5.31262
29.000000000000163	3.48204
29.100000000000165	5.34468
29.200000000000166	8.06111
29.300000000000168	4.88141
29.400000000000169	3.24491
29.500000000000171	3.24491
29.600000000000172	5.75495
29.700000000000173	8.09098
29.800000000000175	5.53965
29.900000000000176	3.19502
30.000000000000178	5.3612
30.100000000000179	8.07197
30.20000000000018	4.33673
30.300000000000182	5.75289
30.400000000000183	3.65162
30.500000000000185	5.45402
30.600000000000186	3.67589
30.700000000000188	4.20123
30.800000000000189	2.10062
30.90000000000019	2.96477
31.000000000000192	5.23245
31.100000000000193	2.89313
31.200000000000195	4.33502
31.300000000000196	7.02018
31.400000000000198	9.67503
31.500000000000199	12.4039
31.6000000000002	7.34891
31.700000000000202	7.34891
31.800000000000203	4.00969
31.900000000000205	6.52492
32.000000000000206	3.55888
32.100000000000207	5.9321
32.200000000000209	7.96794
32.30000000000021	3.98397
32.400000000000212	3.98397
32.500000000000213	2
32.600000000000215	4.56988
32.700000000000216	7.16526
32.800000000000217	9.98374
32.900000000000219	12.3242
33.00000000000022	15.1689
33.100000000000222	17.2111
33.200000000000223	9.08675
33.300000000000225	9.08675
33.400000000000226	4.81586
33.500000000000227	7.32242
33.600000000000229	4.11509
33.70000000000023	4.11509
33.800000000000232	6.7407
33.900000000000233	9.36851
34.000000000000234	5.66312
34.100000000000236	3.48509
34.200000000000237	6.05916
34.300000000000239	8.18642
34.40000000000024	4.09321
34.500000000000242	6.26004
34.600000000000243	4.2564
34.700000000000244	2.84667
34.800000000000246	3.51066
34.900000000000247	6.07347
35.000000000000249	3.85243
35.10000000000025	6.27212
35.200000000000252	9.03927
35.300000000000253	5.56591
35.400000000000254	6.7209
35.500000000000256	9.35435
35.600000000000257	4.73063
35.700000000000259	4.73063
35.80000000000026	6.37831
35.900000000000261	3.90149
36.000000000000263	5.24647
36.100000000000264	7.33933
36.200000000000266	3.66966
36.300000000000267	4.43417
36.400000000000269	7.08081
36.50000000000027	8.96525
36.600000000000271	11.3407
36.700000000000273	5.84672
36.800000000000274	5.84672
36.900000000000276	2
37.000000000000277	4.09525
37.100000000000279	6.5768
37.20000000000028	9.25194
37.300000000000281	5.60785
37.400000000000283	7.59971
37.500000000000284	10.2986
37.600000000000286	5.83496
37.700000000000287	5.83496
37.800000000000288	5.83496
37.90000000000029	2.5
38.000000000000291	3.55301
38.100000000000293	3.55301
38.200000000000294	3.55301
38.300000000000296	3.55301
38.400000000000297	2
38.500000000000298	4.33944
38.6000000000003	7.02286
38.700000000000301	9.67696
38.800000000000303	12.4054
38.900000000000304	15.2348
39.000000000000306	8.36949
39.100000000000307	8.36949
39.200000000000308	4.24449
39.30000000000031	6.19691
39.400000000000311	8.9876
39.500000000000313	5.17006
39.600000000000314	5.17006
39.700000000000315	5.17006
39.800000000000317	3.83446
39.900000000000318	6.26135
40.00000000000032	8.57449
40.100000000000321	4.28725
40.200000000000323	6.54303
40.300000000000324	3.91218
40.400000000000325	5.44463
40.500000000000327	2.72231
40.600000000000328	5.10547
40.70000000000033	6.95554
40.800000000000331	9.52346
40.900000000000333	5.99092
41.000000000000334	8.49968
41.100000000000335	11.2484
41.200000000000337	14.098
41.300000000000338	7.39596
41.40000000000034	8.88171
41.500000000000341	4.88035
41.600000000000342	7.36446
41.700000000000344	4.37058
41.800000000000345	6.11925
41.900000000000347	8.58998
42.000000000000348	11.3166
42.10000000000035	6.56151
42.200000000000351	3.64554
42.300000000000352	5.98312
42.400000000000354	7.61854
42.500000000000355	10.3125
42.600000000000357	6.33549
42.700000000000358	6.79777
42.80000000000036	3.68412
42.900000000000361	5.47536
43.000000000000362	3.42523
43.100000000000364	5.49718
43.200000000000365	2.74859
43.300000000000367	4.24381
43.400000000000368	2.55939
43.500000000000369	4.81797
43.600000000000371	3.49284
43.700000000000372	6.06348
43.800000000000374	8.66756
43.900000000000375	5.5676
44.000000000000377	8.08552
44.10000000000