10	1
10.1	1
10.199999999999999	1
10.299999999999999	1
10.399999999999999	1
10.499999999999998	1
10.599999999999998	1
10.699999999999998	1
10.799999999999997	1
10.899999999999997	1
10.999999999999996	1
11.099999999999996	1
11.199999999999996	1
11.299999999999995	1
11.399999999999995	1
11.499999999999995	1
11.599999999999994	1
11.699999999999994	1
11.799999999999994	1
11.899999999999993	1
11.999999999999993	1
12.099999999999993	1
12.199999999999992	1
12.299999999999992	1
12.399999999999991	1
12.499999999999991	1
12.599999999999991	1
12.69999999999999	1
12.79999999999999	1
12.89999999999999	1
12.999999999999989	1
13.099999999999989	1
13.199999999999989	1
13.299999999999988	1
13.399999999999988	1
13.499999999999988	1
13.599999999999987	1
13.699999999999987	1
13.799999999999986	1
13.899999999999986	1
13.999999999999986	1
14.099999999999985	1
14.199999999999985	1
14.299999999999985	1
14.399999999999984	1
14.499999999999984	1
14.599999999999984	1
14.699999999999983	1
14.799999999999983	1
14.899999999999983	1
14.999999999999982	1
15.099999999999982	1
15.199999999999982	1
15.299999999999981	1
15.399999999999981	1
15.49999999999998	1
15.59999999999998	1
15.69999999999998	1
15.799999999999979	1
15.899999999999979	1
15.999999999999979	1
16.09999999999998	1
16.199999999999982	1
16.299999999999983	1
16.399999999999984	1
16.499999999999986	1
16.599999999999987	1
16.699999999999989	1
16.79999999999999	1
16.899999999999991	1
16.999999999999993	1
17.099999999999994	1
17.199999999999996	1
17.299999999999997	1
17.399999999999999	1
17.5	1
17.600000000000001	1
17.700000000000003	1
17.800000000000004	1
17.900000000000006	1
18.000000000000007	1
18.100000000000009	1
18.20000000000001	1
18.300000000000011	1
18.400000000000013	1
18.500000000000014	1
18.600000000000016	1
18.700000000000017	1
18.800000000000018	1
18.90000000000002	1
19.000000000000021	1
19.100000000000023	1
19.200000000000024	1
19.300000000000026	1
19.400000000000027	1
19.500000000000028	1
19.60000000000003	1
19.700000000000031	1
19.800000000000033	1
19.900000000000034	1
20.000000000000036	1
20.100000000000037	1
20.200000000000038	1
20.30000000000004	1
20.400000000000041	1
20.500000000000043	1
20.600000000000044	1
20.700000000000045	1
20.800000000000047	1
20.900000000000048	1
21.00000000000005	1
21.100000000000051	1
21.200000000000053	1
21.300000000000054	1
21.400000000000055	1
21.500000000000057	1
21.600000000000058	1
21.70000000000006	1
21.800000000000061	1
21.900000000000063	1
22.000000000000064	1
22.100000000000065	1
22.200000000000067	1
22.300000000000068	1
22.40000000000007	1
22.500000000000071	1
22.600000000000072	1
22.700000000000074	1
22.800000000000075	1
22.900000000000077	1
23.000000000000078	1
23.10000000000008	1
23.200000000000081	1
23.300000000000082	1
23.400000000000084	1
23.500000000000085	1
23.600000000000087	1
23.700000000000088	1
23.80000000000009	1
23.900000000000091	1
24.000000000000092	1
24.100000000000094	1
24.200000000000095	1
24.300000000000097	1
24.400000000000098	1
24.500000000000099	1
24.600000000000101	1
24.700000000000102	1
24.800000000000104	1
24.900000000000105	1
25.000000000000107	1
25.100000000000108	1
25.200000000000109	1
25.300000000000111	1
25.400000000000112	1
25.500000000000114	1
25.600000000000115	1
25.700000000000117	1
25.800000000000118	1
25.900000000000119	1
26.000000000000121	1
26.100000000000122	1
26.200000000000124	1
26.300000000000125	1
26.400000000000126	1
26.500000000000128	1
26.600000000000129	1
26.700000000000131	1
26.800000000000132	1
26.900000000000134	1
27.000000000000135	1
27.100000000000136	1
27.200000000000138	1
27.300000000000139	1
27.400000000000141	1
27.500000000000142	1
27.600000000000144	1
27.700000000000145	1
27.800000000000146	1
27.900000000000148	1
28.000000000000149	1
28.100000000000151	1
28.200000000000152	1
28.300000000000153	1
28.400000000000155	1
28.500000000000156	1
28.600000000000158	1
28.700000000000159	1
28.800000000000161	1
28.900000000000162	1
29.000000000000163	2
29.100000000000165	6.5
29.200000000000166	6.5
29.300000000000168	1
29.400000000000169	5.97588
29.500000000000171	10.2104
29.600000000000172	7.0549
29.700000000000173	6.32539
29.800000000000175	10.0237
29.900000000000176	14.5894
30.000000000000178	9.51101
30.100000000000179	6.83417
30.20000000000018	3.89998
30.300000000000182	6.3008
30.400000000000183	10.5936
30.500000000000185	7.63743
30.600000000000186	6.16432
30.700000000000188	5.27373
30.800000000000189	9.82041
30.90000000000019	6.85131
31.000000000000192	5.52378
31.100000000000193	10.0557
31.200000000000195	14.5426
31.300000000000196	8.15086
31.400000000000198	5.1153
31.500000000000199	5.1153
31.6000000000002	2
31.700000000000202	2.28494
31.800000000000203	6.01952
31.900000000000205	4.25986
32.000000000000206	8.17364
32.100000000000207	5.56945
32.200000000000209	4.23181
32.30000000000021	7.77993
32.400000000000212	5.54264
32.500000000000213	9.12274
32.600000000000215	5.95143
32.700000000000216	2.97571
32.800000000000217	1.94522
32.900000000000219	2.64238
33.00000000000022	6.62828
33.100000000000222	4.66426
33.200000000000223	8.96758
33.300000000000225	6.05639
33.400000000000226	6.22151
33.500000000000227	6.22151
33.600000000000229	4.16441
33.70000000000023	7.61288
33.800000000000232	5.59261
33.900000000000233	10.0932
34.000000000000234	6.48315
34.100000000000236	9.82089
34.200000000000237	6.6502
34.300000000000239	5.27726
34.40000000000024	8.26459
34.500000000000242	5.30459
34.600000000000243	7.77988
34.700000000000244	12.2876
34.800000000000246	7.44485
34.900000000000247	5.61627
35.000000000000249	5.23461
35.10000000000025	4.30372
35.200000000000252	7.94639
35.300000000000253	12.312
35.400000000000254	6.55072
35.500000000000256	9.23353
35.600000000000257	5.6892
35.700000000000259	5.6892
35.80000000000026	1
35.900000000000261	5.57555
36.000000000000263	4.98506
36.100000000000264	4.30244
36.200000000000266	8.78839
36.300000000000267	6.98023
36.400000000000269	10.4465
36.50000000000027	7.2016
36.600000000000271	4.66013
36.700000000000273	9.07701
36.800000000000274	12.5985
36.900000000000276	8.20767
37.000000000000277	12.6412
37.100000000000279	8.49155
37.20000000000028	5.44209
37.300000000000281	10.0116
37.400000000000283	6.05601
37.500000000000284	10.4511
37.600000000000286	6.43105
37.700000000000287	10.2875
37.800000000000288	6.12387
37.90000000000029	4.23763
38.000000000000291	4.23763
38.100000000000293	4.23763
38.200000000000294	4.56988
38.300000000000296	3.79622
38.400000000000297	3.42837
38.500000000000298	2.59153
38.6000000000003	6.13273
38.700000000000301	10.5906
38.800000000000303	6.72828
38.900000000000304	3.8538
39.000000000000306	5.01216
39.100000000000307	4.11167
39.200000000000308	7.17445
39.30000000000031	10.7648
39.400000000000311	6.40421
39.500000000000313	10.1725
39.600000000000314	7.32931
39.700000000000315	5.05079
39.800000000000317	5.05079
39.900000000000318	9.38816
40.00000000000032	14.0906
40.100000000000321	8.07592
40.200000000000323	4.5092
40.300000000000324	8.65995
40.400000000000325	12.4644
40.500000000000327	16.0504
40.600000000000328	9.99793
40.70000000000033	9.99793
40.800000000000331	6.56185
40.900000000000333	6.56185
41.000000000000334	1
41.100000000000335	5.97588
41.200000000000337	10.2104
41.300000000000338	14.0203
41.40000000000034	10.0744
41.500000000000341	14.5555
41.600000000000342	8.66078
41.700000000000344	8.66078
41.800000000000345	6.35205
41.900000000000347	4.81582
42.000000000000348	7.04115
42.10000000000035	11.4922
42.200000000000351	16.1992
42.300000000000352	9.7545
42.400000000000354	9.7545
42.500000000000355	1
42.600000000000357	4
42.700000000000358	4
42.80000000000036	4
42.900000000000361	4
43.000000000000362	2.5
43.100000000000364	6.5768
43.200000000000365	11.1258
43.300000000000367	5.82732
43.400000000000368	5.82732
43.500000000000369	4.09525
43.600000000000371	8.09095
43.700000000000372	12.6456
43.800000000000374	7.90785
43.900000000000375	12.0398
44.000000000000377	8.15288
44.100000000000378	12.6852
44.200000000000379	16.6489
44.300000000000381	10.437
44.400000000000382	15.1428
44.500000000000384	8.02124
44.600000000000385	8.02124
44.700000000000387	3
44.800000000000388	7.25303
44.900000000000389	5.64591
45.000000000000391	9.07501
45.100000000000392	6.35135
45.