10	1
10.1	1
10.199999999999999	1
10.299999999999999	1
10.399999999999999	1
10.499999999999998	1
10.599999999999998	2
10.699999999999998	8
10.799999999999997	6.5
10.899999999999997	6.5
10.999999999999996	6.5
11.099999999999996	2
11.199999999999996	4.40454
11.299999999999995	4.84749
11.399999999999995	2.42374
11.499999999999995	4.05199
11.599999999999994	5.72469
11.699999999999994	3.49913
11.799999999999994	5.16181
11.899999999999993	2.77113
11.999999999999993	3.45128
12.099999999999993	5.13029
12.199999999999992	6.97361
12.299999999999992	3.62876
12.399999999999991	4.40082
12.499999999999991	6.14059
12.599999999999991	7.99837
12.69999999999999	9.70405
12.79999999999999	11.5039
12.89999999999999	6.33317
12.999999999999989	6.33317
13.099999999999989	6.79561
13.199999999999989	3.69211
13.299999999999988	6.17727
13.399999999999988	7.37139
13.499999999999988	3.68569
13.599999999999987	3.68569
13.699999999999987	5.28726
13.799999999999986	7.08889
13.899999999999986	8.62847
13.999999999999986	4.31424
14.099999999999985	5.17679
14.199999999999985	2.95525
14.299999999999985	4.13328
14.399999999999984	5.95458
14.499999999999984	3.22247
14.599999999999984	3.81585
14.699999999999983	2.6242
14.799999999999983	2.6242
14.899999999999983	1
14.999999999999982	2
15.099999999999982	2
15.199999999999982	2
15.299999999999981	2
15.399999999999981	2
15.49999999999998	2.5
15.59999999999998	2.5
15.69999999999998	2.5
15.799999999999979	2.5
15.899999999999979	2.5
15.999999999999979	2.5
16.09999999999998	2.5
16.199999999999982	2.5
16.299999999999983	2
16.399999999999984	3.55301
16.499999999999986	5.19763
16.599999999999987	7.02286
16.699999999999989	8.80618
16.79999999999999	10.3785
16.899999999999991	5.18927
16.999999999999993	6.41434
17.099999999999994	3.20717
17.199999999999996	3.20717
17.299999999999997	2
17.399999999999999	2.5
17.5	2.25
17.600000000000001	2.69444
17.700000000000003	2.34722
17.800000000000004	2.34722
17.900000000000006	1
18.000000000000007	2.9
18.100000000000009	4.33944
18.20000000000001	6.09735
18.300000000000011	6.5768
18.400000000000013	3.2884
18.500000000000014	3.2884
18.600000000000016	3.2884
18.700000000000017	4.81752
18.800000000000018	2.82391
18.90000000000002	4.29093
19.000000000000021	5.53831
19.100000000000023	2.76915
19.200000000000024	3.44974
19.300000000000026	1.72487
19.400000000000027	2.72487
19.500000000000028	2.72487
19.60000000000003	1
19.700000000000031	2.9
19.800000000000033	4.33944
19.900000000000034	5.57555
20.000000000000036	1.78778
20.100000000000037	4.01942
20.200000000000038	5.70206
20.30000000000004	7.40118
20.400000000000041	9.21948
20.500000000000043	10.3496
20.600000000000044	5.17482
20.700000000000045	5.17482
20.800000000000047	1
20.900000000000048	2.5
21.00000000000005	2.9
21.100000000000051	2.9
21.200000000000053	2.9
21.300000000000054	2.9
21.400000000000055	2
21.500000000000057	4.33944
21.600000000000058	4.56988
21.70000000000006	2.28494
21.800000000000061	2.28494
21.900000000000063	1
22.000000000000064	1
22.100000000000065	1
22.200000000000067	1
22.300000000000068	1
22.40000000000007	2.9
22.500000000000071	4.33944
22.600000000000072	6.09735
22.700000000000074	7.96541
22.800000000000075	4.34556
22.900000000000077	5.39491
23.000000000000078	3.06817
23.10000000000008	4.67449
23.200000000000081	6.33723
23.300000000000082	7.50543
23.400000000000084	3.75272
23.500000000000085	3.75272
23.600000000000087	3.75272
23.700000000000088	2
23.80000000000009	3.55301
23.900000000000091	2.04763
24.000000000000092	2.93032
24.100000000000094	4.35902
24.200000000000095	2.40318
24.300000000000097	3.174
24.400000000000098	4.95327
24.500000000000099	5.89164
24.600000000000101	2.94582
24.700000000000102	3.58967
24.800000000000104	5.2222
24.900000000000105	6.7477
25.000000000000107	3.37385
25.100000000000108	4.66014
25.200000000000109	6.32677
25.300000000000111	3.46847
25.400000000000112	4.93912
25.500000000000114	2.76174
25.600000000000115	4.25197
25.700000000000117	6.0363
25.800000000000118	6.67372
25.900000000000119	3.33686
26.000000000000121	3.33686
26.100000000000122	5.05604
26.200000000000124	6.77202
26.300000000000125	3.74035
26.400000000000126	4.92683
26.500000000000128	2.93479
26.600000000000129	4.11915
26.700000000000131	5.21625
26.800000000000132	2.60813
26.900000000000134	2.60813
27.000000000000135	1
27.100000000000136	2.9
27.200000000000138	4.33944
27.300000000000139	4.33944
27.400000000000141	1
27.500000000000142	2.9
27.600000000000144	4.09525
27.700000000000145	2.69501
27.800000000000146	3.39222
27.900000000000148	4.21087
28.000000000000149	4.21087
28.100000000000151	2
28.200000000000152	3.24483
28.300000000000153	3.24483
28.400000000000155	3.24483
28.500000000000156	3.24483
28.600000000000158	1
28.700000000000159	2.9
28.800000000000161	4.33944
28.900000000000162	2.28494
29.000000000000163	3.08989
29.100000000000165	4.6883
29.200000000000166	6.18565
29.300000000000168	3.09283
29.400000000000169	3.09283
29.500000000000171	2
29.600000000000172	3.55301
29.700000000000173	4.09525
29.800000000000175	2.04763
29.900000000000176	2.04763
30.000000000000178	2.04763
30.100000000000179	2
30.20000000000018	3.55301
30.300000000000182	5.19763
30.400000000000183	2.96434
30.500000000000185	2.96434
30.600000000000186	2.96434
30.700000000000188	2
30.800000000000189	3.55301
30.90000000000019	4.99753
31.000000000000192	4.99753
31.100000000000193	2.49877
31.200000000000195	3.24391
31.300000000000196	3.55218
31.400000000000198	1.77609
31.500000000000199	2.77609
31.6000000000002	4.26091
31.700000000000202	4.71804
31.800000000000203	2.35902
31.900000000000205	2.78292
32.000000000000206	4.26517
32.100000000000207	6.04547
32.200000000000209	7.66733
32.30000000000021	4.99693
32.400000000000212	6.57635
32.500000000000213	3.3642
32.600000000000215	3.3642
32.700000000000216	3.3642
32.800000000000217	2
32.900000000000219	3.24483
33.00000000000022	4.33944
33.100000000000222	4.33944
33.200000000000223	2.16972
33.300000000000225	3.01075
33.400000000000226	3.34289
33.500000000000227	3.34289
33.600000000000229	2
33.70000000000023	3.55301
33.800000000000232	5.19763
33.900000000000233	2.96434
34.000000000000234	4.13958
34.100000000000236	2.41318
34.200000000000237	3.49557
34.300000000000239	5.15946
34.40000000000024	6.22989
34.500000000000242	6.22989
34.600000000000243	3.11495
34.700000000000244	3.11495
34.800000000000246	4.70431
34.900000000000247	6.35903
35.000000000000249	6.35903
35.10000000000025	3.17951
35.200000000000252	3.17951
35.300000000000253	3.49403
35.400000000000254	3.49403
35.500000000000256	1
35.600000000000257	2.9
35.700000000000259	4.33944
35.80000000000026	4.78871
35.900000000000261	2.39435
36.000000000000263	4.03562
36.100000000000264	5.71331
36.200000000000266	7.40979
36.300000000000267	7.67729
36.400000000000269	3.83865
36.50000000000027	3.83865
36.600000000000271	4.57336
36.700000000000273	3.04996
36.800000000000274	4.19949
36.900000000000276	6
37.000000000000277	3.16441
37.100000000000279	3.16441
37.20000000000028	4.94733
37.300000000000281	6.53907
37.400000000000283	6.692
37.500000000000284	6.692
37.600000000000286	2
37.700000000000287	3.90856
37.800000000000288	4.16441
37.90000000000029	4.16441
38.000000000000291	4.16441
38.100000000000293	4.16441
38.200000000000294	2
38.300000000000296	3.55301
38.400000000000297	5.19763
38.500000000000298	2.78778
38.6000000000003	3.4643
38.700000000000301	5.13884
38.800000000000303	5.52093
38.900000000000304	2.76047
39.000000000000306	3.44296
39.100000000000307	3.44296
39.200000000000308	1
39.30000000000031	3.55301
39.400000000000311	5.19763
39.500000000000313	6.87746
39.600000000000314	3.43873
39.700000000000315	3.72954
39.800000000000317	2.86477
39.900000000000318	4.07124
40.00000000000032	2.03562
40.100000000000321	2.92262
40.200000000000323	4.35403
40.300000000000324	6.1076
40.400000000000325	3.13566
40.500000000000327	3.13566
40.600000000000328	3.45458
40.70000000000033	2.72729
40.800000000000331	4.23066
40.900000000000333	4.23066
41.000000000000334	2.11533
41.100000000000335	2.97446
41.200000000000337	4.38777
41.300000000000338	7.05232
41.40000000000034	3.52616
41.500000000000341	3.52616
41.600000000000342	1
41.700000000000344	2.5
41.800000000000345	4.09525
41.900000000000347	5.75491
42.000000000000348	7.44171
42.10000000000035	4.16814
42.200000000000351	4.16814
42.300000000000352	4.16814
42.400000000000354	4.40806
42.500000000000355	4.40806
42.600000000000357	2
42.700000000000358	2.9
42.80000000000036	2.9
42.900000000000361	1
43.000000000000362	2.9
43.100000000000364	4.33944
43.200000000000365	5.57555
43.300000000000367	2.78778
43.400000000000368	2.78778
43.500000000000369	1
43.600000000000371	1
43.700000000000372	1
43.800000000000374	1
43.900000000000375	1
44.000000000000377	2.9
44.100000000000378	4.33944
44.200000000000379	4.78871
44.300000000000381	2.39435
44.400000000000382	3.16762
44.500000000000384	4.28342
44.600000000000385	4.28342
44.700000000000387	1
44.800000000000388	2.9
44.900000000000389	4.33944
45.000000000000391	2.39435
45.100000000000392	2.39435
45.200000000000394	1
45.300000000000395	2.9
45.400000000000396	4.33944
45.500000000000398	2.28494
45.600000000000399	3.08989
45.700000000000401	4.6883
45.800000000000402	2.65074
45.900000000000404	3.02799
46.000000000000405	3.02799
46.100000000000406	2
46.200000000000408	3.24483
46.300000000000409	1.62241
46.400000000000411	3.33666
46.500000000000412	3.63636
46.600000000000414	1.81818
46.700000000000415	3.48818
46.800000000000416	2.01988
46.900000000000418	3.25592
47.000000000000419	5.00453
47.100000000000421	6.734
47.200000000000422	7.96974
47.300000000000423	3.98487
47.400000000000425	4.69552
47.500000000000426	5.49623
47.600000000000428	5.49623
47.700000000000429	2
47.800000000000431	3.55301
47.900000000000432	5.19763
48.000000000000433	2.96434
48.100000000000435	3.60456
48.200000000000436	5.23221
48.300000000000438	7.04828
48.400000000000439	8.82638
48.500000000000441	5.10026
48.600000000000442	5.10026
48.700000000000443	1
48.800000000000445	3.55301
48.900000000000446	5.19763
49.000000000000448	6.87746
49.100000000000449	3.72954
49.20000000000045	2.12391
49.300000000000452	3.31569
49.400000000000453	4.39149
49.500000000000455	4.39149
49.600000000000456	2.19574
49.700000000000458	2.19574
49.800000000000459	2
49.90000000000046	3.24483
50.000000000000462	1.62241
50.100000000000463	3.33666
50.200000000000465	5.05591
50.300000000000466	6.62089
50.400000000000468	3.61252
50.500000000000469	5.23758
50.60000000000047	5.96357
50.700000000000472	5.96357
50.800000000000473	2
50.900000000000475	4.09525
51.000000000000476	6.09735
51.100000000000477	3.04867
51.200000000000479	3.9451
51.30000000000048	5.46793
51.400000000000482	6.64043
51.500000000000483	3.32022
51.600000000000485	3.32022
51.700000000000486	4.15411
51.800000000000487	5.43429
51.900000000000489	2.71715
52.00000000000049	2.71715
52.100000000000492	1
52.200000000000493	2
52.300000000000495	2
52.400000000000496	2
52.500000000000497	2
52.600000000000499	2
52.7000000000005	3.55301
52.800000000000502	5.19763
52.900000000000503	7.02286
53.000000000000504	8.21454
53.100000000000506	4.10727
53.200000000000507	4.10727
53.300000000000509	4.10727
53.40000000000051	2
53.500000000000512	3.55301
53.600000000000513	5.75491
53.700000000000514	3.04867
53.800000000000516	3.37668
53.900000000000517	4.66215
54.000000000000519	2.33107
54.10000000000052	3.12237
54.200000000000522	4.25093
54.300000000000523	2.12546
54.400000000000524	2.12546
54.500000000000526	2
54.600000000000527	3.55301
54.700000000000529	4.99753
54.80000000000053	2.49877
54.900000000000531	3.24391
55.000000000000533	3.24391
55.100000000000534	1
55.200000000000536	2.9
55.300000000000537	4.33944
55.400000000000539	2.49877
55.50000000000054	3.55218
55.600000000000541	5.19708
55.700000000000543	6.72843
55.800000000000544	3.36421
55.900000000000546	3.36421
56.000000000000547	4.42747
56.100000000000549	2.21373
56.20000000000055	3.36951
56.300000000000551	3.36951
56.400000000000553	1.68475
56.500000000000554	3.05723
56.600000000000556	1.52861
56.700000000000557	3.26607
56.800000000000558	3.85219
56.90000000000056	2.92609
57.000000000000561	4.35628
57.100000000000563	5.01206
57.200000000000564	2.50603
57.300000000000566	3.24929
57.400000000000567	4.3427
57.500000000000568	4.3427
57.60000000000057	2.17135
57.700000000000571	2.17135
57.800000000000573	2
57.90