10	1
10.1	1
10.199999999999999	1
10.299999999999999	1
10.399999999999999	1
10.499999999999998	1
10.599999999999998	1
10.699999999999998	1
10.799999999999997	1
10.899999999999997	1
10.999999999999996	1
11.099999999999996	1
11.199999999999996	1
11.299999999999995	1
11.399999999999995	1
11.499999999999995	1
11.599999999999994	1
11.699999999999994	1
11.799999999999994	1
11.899999999999993	1
11.999999999999993	1
12.099999999999993	1
12.199999999999992	1
12.299999999999992	1
12.399999999999991	1
12.499999999999991	1
12.599999999999991	1
12.69999999999999	1
12.79999999999999	1
12.89999999999999	1
12.999999999999989	1
13.099999999999989	1
13.199999999999989	1
13.299999999999988	1
13.399999999999988	1
13.499999999999988	1
13.599999999999987	1
13.699999999999987	1
13.799999999999986	1
13.899999999999986	1
13.999999999999986	1
14.099999999999985	1
14.199999999999985	1
14.299999999999985	1
14.399999999999984	1
14.499999999999984	1
14.599999999999984	1
14.699999999999983	1
14.799999999999983	1
14.899999999999983	1
14.999999999999982	1
15.099999999999982	1
15.199999999999982	1
15.299999999999981	1
15.399999999999981	1
15.49999999999998	1
15.59999999999998	1
15.69999999999998	1
15.799999999999979	1
15.899999999999979	1
15.999999999999979	1
16.09999999999998	1
16.199999999999982	1
16.299999999999983	1
16.399999999999984	1
16.499999999999986	1
16.599999999999987	1
16.699999999999989	1
16.79999999999999	1
16.899999999999991	1
16.999999999999993	1
17.099999999999994	1
17.199999999999996	1
17.299999999999997	1
17.399999999999999	1
17.5	1
17.600000000000001	1
17.700000000000003	1
17.800000000000004	1
17.900000000000006	1
18.000000000000007	1
18.100000000000009	1
18.20000000000001	1
18.300000000000011	1
18.400000000000013	1
18.500000000000014	1
18.600000000000016	1
18.700000000000017	1
18.800000000000018	1
18.90000000000002	1
19.000000000000021	1
19.100000000000023	1
19.200000000000024	1
19.300000000000026	1
19.400000000000027	1
19.500000000000028	1
19.60000000000003	1
19.700000000000031	1
19.800000000000033	1
19.900000000000034	1
20.000000000000036	1
20.100000000000037	1
20.200000000000038	1
20.30000000000004	1
20.400000000000041	1
20.500000000000043	1
20.600000000000044	1
20.700000000000045	1
20.800000000000047	1
20.900000000000048	1
21.00000000000005	1
21.100000000000051	1
21.200000000000053	1
21.300000000000054	1
21.400000000000055	1
21.500000000000057	1
21.600000000000058	1
21.70000000000006	1
21.800000000000061	1
21.900000000000063	1
22.000000000000064	1
22.100000000000065	1
22.200000000000067	1
22.300000000000068	1
22.40000000000007	1
22.500000000000071	1
22.600000000000072	1
22.700000000000074	1
22.800000000000075	1
22.900000000000077	1
23.000000000000078	1
23.10000000000008	1
23.200000000000081	1
23.300000000000082	1
23.400000000000084	1
23.500000000000085	1
23.600000000000087	1
23.700000000000088	1
23.80000000000009	1
23.900000000000091	1
24.000000000000092	1
24.100000000000094	1
24.200000000000095	1
24.300000000000097	1
24.400000000000098	1
24.500000000000099	1
24.600000000000101	1
24.700000000000102	1
24.800000000000104	1
24.900000000000105	1
25.000000000000107	1
25.100000000000108	1
25.200000000000109	1
25.300000000000111	1
25.400000000000112	1
25.500000000000114	1
25.600000000000115	1
25.700000000000117	1
25.800000000000118	1
25.900000000000119	1
26.000000000000121	1
26.100000000000122	4
26.200000000000124	16
26.300000000000125	29
26.400000000000126	29
26.500000000000128	29
26.600000000000129	3
26.700000000000131	14
26.800000000000132	15.8785
26.900000000000134	18.6625
27.000000000000135	21.4576
27.100000000000136	23.3776
27.200000000000138	26.2799
27.300000000000139	29.2016
27.400000000000141	31.1577
27.500000000000142	16.4534
27.600000000000144	16.5747
27.700000000000145	8.70073
27.800000000000146	11.4006
27.900000000000148	14.2196
28.000000000000149	15.9471
28.100000000000151	8.69859
28.200000000000152	11.399
28.300000000000153	13.2699
28.400000000000155	6.74734
28.500000000000156	7.32183
28.600000000000158	3.93407
28.700000000000159	5.64326
28.800000000000161	3.49089
28.900000000000162	5.15636
29.000000000000163	7.81081
29.100000000000165	10.2608
29.200000000000166	12.143
29.300000000000168	7.35027
29.400000000000169	10.1167
29.500000000000171	5.57778
29.600000000000172	6.09937
29.700000000000173	3.92698
29.800000000000175	5.45509
29.900000000000176	8.13402
30.000000000000178	10.9756
30.100000000000179	12.5138
30.20000000000018	8.08752
30.300000000000182	10.8491
30.400000000000183	12.6435
30.500000000000185	15.4291
30.600000000000186	18.227
30.700000000000188	9.56956
30.800000000000189	12.3219
30.90000000000019	15.0343
31.000000000000192	7.90941
31.100000000000193	5.47475
31.200000000000195	2.8287
31.300000000000196	4.29395
31.400000000000198	6.99534
31.500000000000199	9.55242
31.6000000000002	11.3765
31.700000000000202	14.2002
31.800000000000203	17.0831
31.900000000000205	19.0247
32.000000000000206	21.865
32.100000000000207	11.4469
32.200000000000209	12.045
32.30000000000021	14.876
32.400000000000212	8.48018
32.500000000000213	10.3009
32.600000000000215	13.0517
32.700000000000216	15.8916
32.800000000000217	17.7385
32.900000000000219	9.80799
33.00000000000022	12.5076
33.100000000000222	14.3729
33.200000000000223	17.2268
33.300000000000225	8.84291
33.400000000000226	8.84291
33.500000000000227	1
33.600000000000229	6.96893
33.70000000000023	8.99015
33.800000000000232	11.5357
33.900000000000233	14.1165
34.000000000000234	16.1682
34.100000000000236	19.0151
34.200000000000237	21.4871
34.300000000000239	11.6595
34.40000000000024	13.4196
34.500000000000242	16.0707
34.600000000000243	8.98214
34.700000000000244	11.6162
34.800000000000246	14.2528
34.900000000000247	16.2873
35.000000000000249	19.1164
35.10000000000025	21.2024
35.200000000000252	23.993
35.300000000000253	26.7539
35.400000000000254	28.6678
35.500000000000256	15.4751
35.600000000000257	16.5392
35.700000000000259	18.4297
35.80000000000026	9.61376
35.900000000000261	11.3398
36.000000000000263	13.2191
36.100000000000264	16.0916
36.200000000000266	8.93147
36.300000000000267	10.6748
36.400000000000269	13.0442
36.50000000000027	15.8855
36.600000000000271	17.733
36.700000000000273	10.1315
36.800000000000274	10.1315
36.900000000000276	10.1315
37.000000000000277	3
37.100000000000279	7.30649
37.20000000000028	4.04623
37.300000000000281	6.22998
37.400000000000283	9.01028
37.500000000000284	10.8338
37.600000000000286	13.5497
37.700000000000287	7.4782
37.800000000000288	8.60611
37.90000000000029	11.3288
38.000000000000291	14.1621
38.100000000000293	16.0839
38.200000000000294	18.9963
38.300000000000296	21.7944
38.400000000000297	23.6871
38.500000000000298	26.5555
38.6000000000003	13.6498
38.700000000000301	15.5063
38.800000000000303	18.3471
38.900000000000304	21.2311
39.000000000000306	23.17
39.100000000000307	12.8934
39.200000000000308	12.8934
39.30000000000031	13.7952
39.400000000000311	16.2626
39.500000000000313	19.1477
39.600000000000314	21.0887
39.700000000000315	24.018
39.800000000000317	13.332
39.900000000000318	14.3463
40.00000000000032	17.2046
40.100000000000321	9.51444
40.200000000000323	11.2558
40.300000000000324	6.69274
40.400000000000325	9.33425
40.500000000000327	11.1942
40.600000000000328	14.0549
40.70000000000033	16.9034
40.800000000000331	18.7571
40.900000000000333	21.5399
41.000000000000334	24.415
41.100000000000335	26.3471
41.200000000000337	29.2621
41.300000000000338	32.1927
41.40000000000034	34.153
41.500000000000341	18.3473
41.600000000000342	20.3157
41.700000000000344	22.2445
41.800000000000345	12.5019
41.900000000000347	15.2478
42.000000000000348	17.1643
42.10000000000035	19.8181
42.200000000000351	22.6471
42.300000000000352	24.5555
42.400000000000354	27.4424
42.500000000000355	30.351
42.600000000000357	15.5661
42.700000000000358	17.4475
42.80000000000036	8.92244
42.900000000000361	10.1854
43.000000000000362	12.9609
43.100000000000364	8.01315
43.200000000000365	9.81912
43.300000000000367	12.355
43.400000000000368	15.1939
43.500000000000369	17.1164
43.600000000000371	20.0282
43.700000000000372	22.9187
43.800000000000374	24.8061
43.900000000000375	27.5581
44.000000000000377	15.6201
44.100000000000378	8.12519
44.200000000000379	10.9691
44.300000000000381	13.658
44.400000000000382	1