10	1
10.1	1
10.199999999999999	1
10.299999999999999	1
10.399999999999999	1
10.499999999999998	1
10.599999999999998	1
10.699999999999998	1
10.799999999999997	1
10.899999999999997	1
10.999999999999996	1
11.099999999999996	1
11.199999999999996	1
11.299999999999995	1
11.399999999999995	1
11.499999999999995	1
11.599999999999994	1
11.699999999999994	1
11.799999999999994	1
11.899999999999993	1
11.999999999999993	1
12.099999999999993	1
12.199999999999992	1
12.299999999999992	1
12.399999999999991	1
12.499999999999991	1
12.599999999999991	1
12.69999999999999	1
12.79999999999999	1
12.89999999999999	1
12.999999999999989	1
13.099999999999989	1
13.199999999999989	1
13.299999999999988	1
13.399999999999988	1
13.499999999999988	1
13.599999999999987	1
13.699999999999987	1
13.799999999999986	1
13.899999999999986	1
13.999999999999986	1
14.099999999999985	1
14.199999999999985	1
14.299999999999985	1
14.399999999999984	1
14.499999999999984	1
14.599999999999984	1
14.699999999999983	1
14.799999999999983	1
14.899999999999983	1
14.999999999999982	1
15.099999999999982	1
15.199999999999982	1
15.299999999999981	1
15.399999999999981	1
15.49999999999998	1
15.59999999999998	1
15.69999999999998	1
15.799999999999979	1
15.899999999999979	1
15.999999999999979	1
16.09999999999998	1
16.199999999999982	1
16.299999999999983	1
16.399999999999984	1
16.499999999999986	1
16.599999999999987	1
16.699999999999989	1
16.79999999999999	1
16.899999999999991	1
16.999999999999993	1
17.099999999999994	1
17.199999999999996	1
17.299999999999997	1
17.399999999999999	1
17.5	1
17.600000000000001	1
17.700000000000003	1
17.800000000000004	1
17.900000000000006	1
18.000000000000007	1
18.100000000000009	1
18.20000000000001	1
18.300000000000011	1
18.400000000000013	1
18.500000000000014	1
18.600000000000016	1
18.700000000000017	1
18.800000000000018	1
18.90000000000002	1
19.000000000000021	1
19.100000000000023	1
19.200000000000024	1
19.300000000000026	1
19.400000000000027	1
19.500000000000028	1
19.60000000000003	1
19.700000000000031	1
19.800000000000033	1
19.900000000000034	1
20.000000000000036	1
20.100000000000037	2
20.200000000000038	4
20.30000000000004	8
20.400000000000041	32
20.500000000000043	64
20.600000000000044	32
20.700000000000045	32
20.800000000000047	1
20.900000000000048	3
21.00000000000005	8
21.100000000000051	12
21.200000000000053	16.4325
21.300000000000054	17.0312
21.400000000000055	8.51561
21.500000000000057	8.51561
21.600000000000058	1
21.70000000000006	4
21.800000000000061	5.31903
21.900000000000063	6.36191
22.000000000000064	7.25303
22.100000000000065	8.16862
22.200000000000067	10.0466
22.300000000000068	11.0012
22.40000000000007	11.9629
22.500000000000071	13.7568
22.600000000000072	14.6736
22.700000000000074	16.4752
22.800000000000075	17.4209
22.900000000000077	18.3723
23.000000000000078	20.2889
23.10000000000008	21.2529
23.200000000000081	23.1034
23.300000000000082	11.5517
23.400000000000084	11.5517
23.500000000000085	13.2507
23.600000000000087	14.2003
23.700000000000088	15.1563
23.80000000000009	17.0832
23.900000000000091	18.0524
24.000000000000092	9.43311
24.100000000000094	10.1517
24.200000000000095	11.0972
24.300000000000097	13.0118
24.400000000000098	13.9778
24.500000000000099	15.7956
24.600000000000101	16.72
24.700000000000102	17.6525
24.800000000000104	19.5375
24.900000000000105	20.4881
25.000000000000107	21.4431
25.100000000000108	23.3644
25.200000000000109	24.3297
25.300000000000111	26.268
25.400000000000112	27.2405
25.500000000000114	28.2149
25.600000000000115	30.1687
25.700000000000117	15.1505
25.800000000000118	15.1505
25.900000000000119	16.6623
26.000000000000121	17.598
26.100000000000122	19.4882
26.200000000000124	20.4411
26.300000000000125	21.2574
26.400000000000126	23.1941
26.500000000000128	24.1662
26.600000000000129	26.1167
26.700000000000131	27.0947
26.800000000000132	28.0741
26.900000000000134	30.037
27.000000000000135	31.0202
27.100000000000136	32.0045
27.200000000000138	33.9462
27.300000000000139	34.9052
27.400000000000141	36.8297
27.500000000000142	37.7949
27.600000000000144	38.7618
27.700000000000145	40.7005
27.800000000000146	41.6719
27.900000000000148	43.5499
28.000000000000149	21.775
28.100000000000151	22.6757
28.200000000000152	24.5003
28.300000000000153	25.4618
28.400000000000155	26.4262
28.500000000000156	13.4941
28.600000000000158	13.4941
28.700000000000159	14.6346
28.800000000000161	15.5639
28.900000000000162	16.5013
29.000000000000163	18.3957
29.100000000000165	19.3508
29.200000000000166	9.70122
29.300000000000168	9.70122
29.400000000000169	1
29.500000000000171	4
29.600000000000172	5.31903
29.700000000000173	6.20063
29.800000000000175	8.0443
29.900000000000176	8.99015
30.000000000000178	10.7238
30.100000000000179	11.6224
30.20000000000018	12.5362
30.300000000000182	14.3978
30.400000000000183	15.3414
30.500000000000185	16.4142
30.600000000000186	8.38822
30.700000000000188	8.62498
30.800000000000189	10.4202
30.90000000000019	11.3431
31.000000000000192	12.2778
31.100000000000193	14.1735
31.200000000000195	15.1312
31.300000000000196	17.0609
31.400000000000198	18.0314
31.500000000000199	19.0048
31.6000000000002	20.9112
31.700000000000202	21.8477
31.800000000000203	22.7896
31.900000000000205	11.973
32.000000000000206	12.3037
32.100000000000207	14.1959
32.200000000000209	15.1522
32.30000000000021	16.1137
32.400000000000212	18.049
32.500000000000213	19.0215
32.600000000000215	20.9264
32.700000000000216	21.8622
32.800000000000217	22.8035
32.900000000000219	24.6998
33.00000000000022	25.6538
33.100000000000222	26.6112
33.200000000000223	28.5346
33.300000000000225	29.5001
33.400000000000226	15.4621
33.500000000000227	15.4621
33.600000000000229	15.5912
33.70000000000023	8.61953
33.800000000000232	8.73554
33.900000000000233	10.5117
34.000000000000234	11.4271
34.100000000000236	12.3555
34.200000000000237	14.028
34.300000000000239	7.01401
34.40000000000024	7.95762
34.500000000000242	9.67057
34.600000000000243	10.5645
34.700000000000244	12.4004
34.800000000000246	13.3358
34.900000000000247	14.2797
35.000000000000249	16.1876
35.10000000000025	17.1492
35.200000000000252	19.0841
35.300000000000253	20.0562
35.400000000000254	21.0309
35.500000000000256	22.9867
35.600000000000257	23.9255
35.700000000000259	24.869
35.80000000000026	26.7683
35.900000000000261	13.6982
36.000000000000263	13.8438
36.100000000000264	14.4809
36.200000000000266	7.24045
36.300000000000267	7.24045
36.400000000000269	8.03299
36.50000000000027	8.98004
36.600000000000271	10.7154
36.700000000000273	11.6146
36.800000000000274	13.4554
36.900000000000276	14.3915
37.000000000000277	15.3355
37.100000000000279	17.2423
37.20000000000028	18.203
37.300000000000281	20.1358
37.400000000000283	21.1068
37.500000000000284	22.0804
37.600000000000286	24.0339
37.700000000000287	25.0134
37.800000000000288	25.9944
37.90000000000029	27.8887
38.000000000000291	28.8411
38.100000000000293	30.7551
38.200000000000294	31.716
38.300000000000296	16.0617
38.400000000000297	16.0617
38.500000000000298	16.0617
38.6000000000003	4
38.700000000000301	5
38.800000000000303	8.4888
38.900000000000304	10.308
39.000000000000306	11.2402
39.100000000000307	12.1829
39.200000000000308	14.0914
39.30000000000031	15.0544
39.400000000000311	16.9928
39.500000000000313	17.9111
39.600000000000314	18.8377
39.700000000000315	20.7112
39.800000000000317	21.6564
39.900000000000318	23.5602
40.00000000000032	24.5178
40.100000000000321	25.4787
40.200000000000323	12.9342
40.300000000000324	12.9342
40.400000000000325	1
40.500000000000327	4
40.600000000000328	5
40.70000000000033	7.76276
40.800000000000331	8.62359
40.900000000000333	9.51131
41.000000000000334	11.342
41.100000000000335	12.2769
41.200000000000337	13.221
41.300000000000338	15.1305
41.40000000000034	16.0933
41.500000000000341	18.0307
41.600000000000342	19.0042
41.700000000000344	19.9802
41.800000000000345	21.8472
41.900000000000347	22.7891
42.000000000000348	24.6865
42.10000000000035	25.641
42.200000000000351	26.5988
42.300000000000352	13.449
42.400000000000354	13.449
42.500000000000355	1
42.600000000000357	6.32883
42.700000000000358	3.16441
42.80000000000036	3.76775
42.900000000000361	4.51469
43.000000000000362	5.34365
43.100000000000364	7.13071
43.200000000000365	8.06044
43.300000000000367	9.95909
43.