10	1
10.1	1
10.199999999999999	1
10.299999999999999	1
10.399999999999999	1
10.499999999999998	1
10.599999999999998	1
10.699999999999998	1
10.799999999999997	1
10.899999999999997	1
10.999999999999996	1
11.099999999999996	1
11.199999999999996	1
11.299999999999995	1
11.399999999999995	1
11.499999999999995	1
11.599999999999994	1
11.699999999999994	1
11.799999999999994	1
11.899999999999993	1
11.999999999999993	1
12.099999999999993	1
12.199999999999992	1
12.299999999999992	1
12.399999999999991	1
12.499999999999991	1
12.599999999999991	1
12.69999999999999	1
12.79999999999999	1
12.89999999999999	1
12.999999999999989	1
13.099999999999989	1
13.199999999999989	1
13.299999999999988	1
13.399999999999988	1
13.499999999999988	1
13.599999999999987	1
13.699999999999987	1
13.799999999999986	1
13.899999999999986	1
13.999999999999986	1
14.099999999999985	1
14.199999999999985	1
14.299999999999985	1
14.399999999999984	1
14.499999999999984	1
14.599999999999984	1
14.699999999999983	1
14.799999999999983	1
14.899999999999983	1
14.999999999999982	1
15.099999999999982	1
15.199999999999982	1
15.299999999999981	1
15.399999999999981	1
15.49999999999998	1
15.59999999999998	1
15.69999999999998	1
15.799999999999979	1
15.899999999999979	1
15.999999999999979	1
16.09999999999998	1
16.199999999999982	1
16.299999999999983	1
16.399999999999984	1
16.499999999999986	1
16.599999999999987	1
16.699999999999989	1
16.79999999999999	1
16.899999999999991	1
16.999999999999993	1
17.099999999999994	1
17.199999999999996	1
17.299999999999997	1
17.399999999999999	1
17.5	1
17.600000000000001	1
17.700000000000003	1
17.800000000000004	1
17.900000000000006	1
18.000000000000007	1
18.100000000000009	1
18.20000000000001	1
18.300000000000011	1
18.400000000000013	1
18.500000000000014	1
18.600000000000016	1
18.700000000000017	1
18.800000000000018	1
18.90000000000002	1
19.000000000000021	1
19.100000000000023	1
19.200000000000024	1
19.300000000000026	1
19.400000000000027	1
19.500000000000028	1
19.60000000000003	1
19.700000000000031	1
19.800000000000033	1
19.900000000000034	1
20.000000000000036	1
20.100000000000037	1
20.200000000000038	1
20.30000000000004	1
20.400000000000041	1
20.500000000000043	1
20.600000000000044	1
20.700000000000045	1
20.800000000000047	1
20.900000000000048	1
21.00000000000005	1
21.100000000000051	1
21.200000000000053	1
21.300000000000054	1
21.400000000000055	1
21.500000000000057	1
21.600000000000058	1
21.70000000000006	1
21.800000000000061	1
21.900000000000063	1
22.000000000000064	1
22.100000000000065	1
22.200000000000067	1
22.300000000000068	1
22.40000000000007	1
22.500000000000071	1
22.600000000000072	1
22.700000000000074	1
22.800000000000075	1
22.900000000000077	1
23.000000000000078	1
23.10000000000008	1
23.200000000000081	1
23.300000000000082	1
23.400000000000084	11
23.500000000000085	11
23.600000000000087	7.2342
23.700000000000088	7.99326
23.80000000000009	9.06795
23.900000000000091	16.3346
24.000000000000092	8.7073
24.100000000000094	3.78156
24.200000000000095	4.40263
24.300000000000097	11.5046
24.400000000000098	4.11571
24.500000000000099	7.58953
24.600000000000101	3.71421
24.700000000000102	8.98299
24.800000000000104	4.11316
24.900000000000105	4.11316
25.000000000000107	2
25.100000000000108	2.69501
25.200000000000109	2.69501
25.300000000000111	1
25.400000000000112	2.98361
25.500000000000114	4.44951
25.600000000000115	12.5237
25.700000000000117	6.26187
25.800000000000118	6.26187
25.900000000000119	7.20419
26.000000000000121	8.89479
26.100000000000122	10.1298
26.200000000000124	10.2041
26.300000000000125	9.43115
26.400000000000126	4.20684
26.500000000000128	2.7371
26.600000000000129	4.65695
26.700000000000131	11.6022
26.800000000000132	5.32052
26.900000000000134	6.96732
27.000000000000135	6.46463
27.100000000000136	6.55043
27.200000000000138	6.94978
27.300000000000139	6.8736
27.400000000000141	6.10835
27.500000000000142	8.13564
27.600000000000144	6.41573
27.700000000000145	5.74347
27.800000000000146	9.02334
27.900000000000148	10.4501
28.000000000000149	6.91894
28.100000000000151	6.91894
28.200000000000152	4.84749
28.300000000000153	5.10518
28.400000000000155	4.65485
28.500000000000156	5.26161
28.600000000000158	7.0305
28.700000000000159	7.99465
28.800000000000161	3.03849
28.900000000000162	5.72279
29.000000000000163	8.04241
29.100000000000165	5.9387
29.200000000000166	3.58676
29.300000000000168	3.58676
29.400000000000169	6.5768
29.500000000000171	14.0719
29.600000000000172	5.41328
29.700000000000173	5.19524
29.800000000000175	6.54257
29.900000000000176	9.36514
30.000000000000178	3.81699
30.100000000000179	11.12
30.20000000000018	7.84299
30.300000000000182	10.2152
30.400000000000183	4.91808
30.500000000000185	6.17429
30.600000000000186	6.49752
30.700000000000188	3.37283
30.800000000000189	4.48256
30.90000000000019	4.40602
31.000000000000192	7.21744
31.100000000000193	6.02069
31.200000000000195	5.27251
31.300000000000196	3.16164
31.400000000000198	3.16164
31.500000000000199	6.5768
31.6000000000002	6.20268
31.700000000000202	6.9856
31.800000000000203	5.3203
31.900000000000205	5.3203
32.000000000000206	2.9
32.100000000000207	2.9
32.200000000000209	2.9
32.30000000000021	2.9
32.400000000000212	1
32.500000000000213	8.80618
32.600000000000215	6.94333
32.700000000000216	4.0111
32.800000000000217	4.0111
32.900000000000219	4.16703
33.00000000000022	4.58708
33.100000000000222	5.33609
33.200000000000223	5.6969
33.300000000000225	6.1563
33.400000000000226	5.161
33.500000000000227	5.161
33.600000000000229	2.9
33.70000000000023	10.5704
33.800000000000232	4.86366
33.900000000000233	4.33715
34.000000000000234	11.304
34.100000000000236	5.20966
34.200000000000237	5.09456
34.300000000000239	8.63065
34.40000000000024	9.0128
34.500000000000242	8.72458
34.600000000000243	15.707
34.700000000000244	4.64482
34.800000000000246	4.75129
34.900000000000247	3.07363
35.000000000000249	9.51853
35.10000000000025	6.54474
35.200000000000252	7.43564
35.300000000000253	3.85111
35.400000000000254	3.85111
35.500000000000256	6.09735
35.600000000000257	6.54303
35.700000000000259	3.28796
35.80000000000026	4.37895
35.900000000000261	6.02007
36.000000000000263	3.29341
36.100000000000264	6.95076
36.200000000000266	5.89161
36.300000000000267	4.72195
36.400000000000269	3.2204
36.50000000000027	3.2204
36.600000000000271	4.33944
36.700000000000273	6.99456
36.800000000000274	8.33626
36.900000000000276	7.81224
37.000000000000277	7.77471
37.100000000000279	8.19453
37.20000000000028	3.41558
37.300000000000281	3.41558
37.400000000000283	3.24483
37.500000000000284	9.88255
37.600000000000286	3.26727
37.700000000000287	9.36749
37.800000000000288	9.54104
37.90000000000029	5.81443
38.000000000000291	5.81443
38.100000000000293	3.83446
38.200000000000294	5.5705
38.300000000000296	6.57398
38.400000000000297	8.11574
38.500000000000298	5.83589
38.6000000000003	5.83589
38.700000000000301	4.33944
38.800000000000303	7.01409
38.900000000000304	7.58379
39.000000000000306	3.86076
39.100000000000307	10.8607
39.200000000000308	9.99614
39.30000000000031	8.02434
39.400000000000311	10.047
39.500000000000313	5.03528
39.600000000000314	11.8413
39.700000000000315	5.44604
39.800000000000317	5.2576
39.900000000000318	12.5107
40.00000000000032	11.0737
40.100000000000321	10.3777
40.200000000000323	11.0982
40.300000000000324	6.95454
40.400000000000325	4.37978
40.500000000000327	11.231
40.600000000000328	4.73136
40.70000000000033	4.73136
40.800000000000331	2.9
40.900000000000333	4.40309
41.000000000000334	5.97483
41.100000000000335	5.97483
41.200000000000337	5.19763
41.300000000000338	5.69369
41.40000000000034	8.33491
41.500000000000341	7.53525
41.600000000000342	4.66355
41.700000000000344	4.66355
41.800000000000345	5.39003
41.900000000000347	6.94558
42.000000000000348	6.14033
42.10000000000035	3.60087
42.200000000000351	10.9589
42.300000000000352	10.0293
42.400000000000354	3.90111
42.500000000000355	2.03746
42.600000000000357	9.367
42.700000000000358	3.92625
42.80000000000036	3.37744
42.900000000000361	8.50588
43.000000000000362	17.0013
43.100000000000364	6.68499
43.200000000000365	14.8152
43.300000000000367	11.1457
43.400000000000368	5.84694
43.500000000000369	11.6137
43.600000000000371	6.80142
43.700000000000372	6.80142
43.800000000000374	5.97588
43.900000