10	8.60398
10.1	8.06958
10.199999999999999	13.0878
10.299999999999999	5.97589
10.399999999999999	15.9626
10.499999999999998	7.02121
10.599999999999998	10.1354
10.699999999999998	10.0494
10.799999999999997	13.5774
10.899999999999997	14.5808
10.999999999999996	7.59186
11.099999999999996	7.26934
11.199999999999996	9.39691
11.299999999999995	8.65874
11.399999999999995	5.98337
11.499999999999995	6.00766
11.599999999999994	6.00766
11.699999999999994	12.7465
11.799999999999994	14.9244
11.899999999999993	16.0269
11.999999999999993	8.10613
12.099999999999993	8.30412
12.199999999999992	15.2508
12.299999999999992	6.95596
12.399999999999991	17.3292
12.499999999999991	13.2734
12.599999999999991	13.2734
12.69999999999999	8.40463
12.79999999999999	7.98319
12.89999999999999	7.63303
12.999999999999989	10.3263
13.099999999999989	5.9816
13.199999999999989	10.3275
13.299999999999988	10.1755
13.399999999999988	4.39881
13.499999999999988	13.5462
13.599999999999987	8.01583
13.699999999999987	5.95724
13.799999999999986	12.7568
13.899999999999986	6.12715
13.999999999999986	7.70603
14.099999999999985	5.36857
14.199999999999985	9.43809
14.299999999999985	13.8672
14.399999999999984	7.5562
14.499999999999984	7.5562
14.599999999999984	6.81727
14.699999999999983	9.26541
14.799999999999983	15.5317
14.899999999999983	8.80099
14.999999999999982	8.80099
15.099999999999982	4.92064
15.199999999999982	9.07945
15.299999999999981	8.62705
15.399999999999981	4.82798
15.49999999999998	6.11471
15.59999999999998	9.26098
15.69999999999998	10.5785
15.799999999999979	7.11768
15.899999999999979	5.08042
15.999999999999979	7.17434
16.09999999999998	8.80919
16.199999999999982	8.17993
16.299999999999983	5.85817
16.399999999999984	5.85817
16.499999999999986	9.69418
16.599999999999987	13.5719
16.699999999999989	8.28245
16.79999999999999	8.28245
16.899999999999991	13.2487
16.999999999999993	9.12912
17.099999999999994	6.13063
17.199999999999996	6.13063
17.299999999999997	6.13063
17.399999999999999	9.24296
17.5	8.22145
17.600000000000001	5.43974
17.700000000000003	2.75154
17.800000000000004	10.2141
17.900000000000006	11.3105
18.000000000000007	5.08722
18.100000000000009	5.08722
18.20000000000001	5.05808
18.300000000000011	14.0788
18.400000000000013	10.2304
18.500000000000014	4.86459
18.600000000000016	5.66226
18.700000000000017	5.66226
18.800000000000018	3.55301
18.90000000000002	8.0516
19.000000000000021	6.31859
19.100000000000023	7.01273
19.200000000000024	5.70752
19.300000000000026	11.0042
19.400000000000027	9.97313
19.500000000000028	6.45454
19.60000000000003	4.95406
19.700000000000031	7.04104
19.800000000000033	7.04104
19.900000000000034	6.86565
20.000000000000036	5.3902
20.100000000000037	6.43835
20.200000000000038	11.0675
20.30000000000004	7.77754
20.400000000000041	7.27955
20.500000000000043	12.635
20.600000000000044	6.33214
20.700000000000045	3.85173
20.800000000000047	5.39023
20.900000000000048	5.52235
21.00000000000005	4.37268
21.100000000000051	11.2104
21.200000000000053	6.47724
21.300000000000054	6.47724
21.400000000000055	9.26494
21.500000000000057	8.28103
21.600000000000058	7.7851
21.70000000000006	4.48893
21.800000000000061	4.48893
21.900000000000063	4.40309
22.000000000000064	11.2987
22.100000000000065	5.20629
22.200000000000067	5.94674
22.300000000000068	12.2329
22.40000000000007	5.61943
22.500000000000071	5.03285
22.600000000000072	7.07231
22.700000000000074	4.47733
22.800000000000075	6.10452
22.900000000000077	6.10452
23.000000000000078	5.96674
23.10000000000008	5.98578
23.200000000000081	6.17607
23.300000000000082	4.54706
23.400000000000084	7.63047
23.500000000000085	10.568
23.600000000000087	9.25506
23.700000000000088	6.37343
23.80000000000009	8.10615
23.900000000000091	5.87197
24.000000000000092	5.87197
24.100000000000094	1
24.200000000000095	7.14907
24.300000000000097	11.2167
24.400000000000098	5.96664
24.500000000000099	4.48071
24.600000000000101	4.48071
24.700000000000102	3.56646
24.800000000000104	3.994
24.900000000000105	5.71723
25.000000000000107	9.97348
25.100000000000108	4.4677
25.200000000000109	10.8482
25.300000000000111	7.95523
25.400000000000112	10.0646
25.500000000000114	6.86504
25.600000000000115	6.44543
25.700000000000117	6.38624
25.800000000000118	6.38624
25.900000000000119	5.05378
26.000000000000121	7.10138
26.100000000000122	7.10138
26.200000000000124	1
26.300000000000125	9.02728
26.400000000000126	8.12625
26.500000000000128	10.0724
26.600000000000129	3.64442
26.700000000000131	5.3293
26.800000000000132	7.2018
26.900000000000134	7.2018
27.000000000000135	3.153
27.100000000000136	6.47132
27.200000000000138	4.15303
27.300000000000139	4.15303
27.400000000000141	5.75491
27.500000000000142	3.86601
27.600000000000144	4.84859
27.700000000000145	4.84859
27.800000000000146	6.87746
27.900000000000148	3.72954
28.000000000000149	3.72954
28.100000000000151	2.5
28.200000000000152	2.5
28.300000000000153	2.5
28.400000000000155	2.5
28.500000000000156	5.65358
28.600000000000158	3.0671
28.700000000000159	3.0671
28.800000000000161	1
28.900000000000162	5.9423
29.000000000000163	6.21034
29.100000000000165	7.93421
29.200000000000166	10.3354
29.300000000000168	10.3354
29.400000000000169	6.42297
29.500000000000171	7.02989
29.600000000000172	9.0405
29.700000000000173	4.99529
29.800000000000175	6.1556
29.900000000000176	6.1556
30.000000000000178	3.33333
30.100000000000179	3.90856
30.20000000000018	3.90856
30.300000000000182	3.90856
30.400000000000183	3.90856
30.500000000000185	6.7864
30.600000000000186	3.59064
30.700000000000188	7.3184
30.800000000000189	5.50554
30.90000000000019	5.50554
31.000000000000192	9.67696
31.100000000000193	4.95383
31.200000000000195	7.5415
31.300000000000196	3.93044
31.400000000000198	3.93044
31.500000000000199	7.40979
31.6000000000002	4.98003
31.700000000000202	4.98003
31.800000000000203	5.30148
31.900000000000205	5.99748
32.000000000000206	4.1925
32.100000000000207	4.1925
32.200000000000209	5.07591
32.30000000000021	5.07591
32.400000000000212	1
32.500000000000213	3.43873
32.600000000000215	3.43873
32.700000000000216	4.35087
32.800000000000217	6.92418
32.900000000000219	12.2957
33.00000000000022	10.9512
33.100000000000222	10.096
33.200000000000223	9.00641
33.300000000000225	4.2683
33.400000000000226	3.62681
33.500000000000227	6.37237
33.600000000000229	6.37237
33.70000000000023	5.49256
33.800000000000232	2.90753
33.900000000000233	6.01347
34.000000000000234	10.2112
34.100000000000236	10.8387
34.200000000000237	7.10192
34.300000000000239	7.10192
34.40000000000024	3.63333
34.500000000000242	3.63333
34.600000000000243	3.63333
34.700000000000244	3.63333
34.800000000000246	8.81353
34.900000000000247	5.33031
35.000000000000249	9.38995
35.10000000000025	8.33754
35.200000000000252	4.52614
35.300000000000253	2.68646
35.400000000000254	2.68646
35.500000000000256	6.08015
35.600000000000257	5.40002
35.700000000000259	6.28894
35.80000000000026	5.18914
35.900000000000261	8.32351
36.000000000000263	5.70591
36.100000000000264	5.70591
36.200000000000266	2
36.300000000000267	4.73343
36.400000000000269	4.73343
36.50000000000027	3.78805
36.600000000000271	3.78805
36.700000000000273	2.39435
36.800000000000274	3.35748
36.900000000000276	4.42939
37.000000000000277	4.42939
37.100000000000279	4.22812
37.20000000000028	3.27595
37.300000000000281	3.98419
37.400000000000283	7.30173
37.500000000000284	6.98452
37.600000000000286	8.21121
37.700000000000287	4.62893
37.800000000000288	4.92746
37.90000000000029	7.38774
38.000000000000291	5.06948
38.100000000000293	8.36153
38.200000000000294	9.61417
38.300000000000296	4.4531
38.400000000000297	7.88917
38.500000000000298	7.88917
38.6000000000003	2
38.700000000000301	14.9404
38.800000000000303	5.94833
38.900000000000304	5.17448
39.000000000000306	11.0289
39.100000000000307	7.12104
39.200000000000308	6.03602
39.30000000000031	3.62613
39.400000000000311	5.24951
39.500000000000313	5.24951
39.600000000000314	8.26646
39.700000000000315	3.92086
39.800000000000317	3.38864
39.900000000000318	3.38864
40.00000000000032	4.91765
40.100000000000321	4.32017
40.200000000000323	6.38509
40.300000000000324	4.34725
40.400000000000325	6.50601
40.500000000000327	6.50601
40.600000000000328	2
40.70000000000033	3.998
40.800000000000331	4.57191
40.900000000000333	4.57191
41.000000000000334	5.98205
41.100000000000335	4.88095
41.200000000000337	8.9867
41.300000000000338	4.94107
41.40000000000034	6.50154
41.500000000000341	5.63019
41.600000000000342	5.63019
41.700000000000344	10.5704
41.800000000000345	5.28259
41.900000000000347	4.57548
42.000000000000348	8.95729
42.10000000000035	6.0486
42.200000000000351	10.4488
42.300000000000352	3.50383
42.400000000000354	3.50383
42.500000000000355	7.02286
42.600000000000357	3.82681
42.700000000000358	3.82681
42.80000000000036	4.35661
42.900000000000361	4.08654
43.000000000000362	7.54395
43.100000000000364	10.0482
43.200000000000365	2.63645
43.300000000000367	4.0857
43.400000000000368	6.20032
43.500000000000369	4.66948
43.600000000000371	9.00706
43.700000000000372	10.7657
43.800000000000374	5.38285
43.900000000000375	5.38285
44.000000000000377	5.84504
44.100000000000378	4.08035
44.200000000000379	7.57665
44.300000000000381	5.37087
44.400000000000382	5.37087
44.500000000000384	3.55301
44.600000000000385	5.98056
44.700000000000387	3.35091
44.800000000000388	6.12447
44.900000000000389	10.0528
45.000000000000391	3.22387
45.100000000000392	7.06576
45.200000000000394	5.2164
45.300000000000395	2.01164
45.400000000000396	5.5769
45.500000000000398	6.99417
45.600000000000399	3.58433
45.700000000000401	3.58433
45.800000000000402	2.9
45.900000000000404	2.9
46.000000000000405	2.9
46.100000000000406	2.9
46.200000000000408	6.72244
46.300000000000409	11.5949
46.400000000000411	6.61982
46.500000000000412	5.2537
46.600000000000414	5.2537
46.700000000000415	7.87611
46.800000000000416	6.32119
46.900000000000418	6.24697
47.000000000000419	3.94284
47.100000000000421	3.94284
47.200000000000422	6.09735
47.300000000000423	8.80618
47.400000000000425	8.80618
47.500000000000426	4
47.600000000000428	4
47.700000000000429	4
47.800000000000431	4
47.900000000000432	2.25372
48.000000000000433	6.76879
48.100000000000435	5.79336
48.200000000000436	5.79336
48.300000000000438	2.69501
48.400000000000439	7.30342
48.500000000000441	3.4669
48.600000000000442	3.4669
48.700000000000443	7.43593
48.800000000000445	5.03983
48.900000000000446	5.03983
49.000000000000448	4.46083
49.100000000000449	9.92828
49.20000000000045	5.40752
49.300000000000452	6.98344
49.400000000000453	6.45534
49.500000000000455	6.09605
49.600000000000456	6.09605
49.700000000000458	6.306
49.800000000000459	8.06262
49.90000000000046	5.30179
50.000000000000462	8.49285
50.100000000000463	10.3138
50.200000000000465	4.756
50.300000000000466	13.0279
50.400000000000468	6.92437
50.500000000000469	6.92437
50.60000000000047	6.18229
50.700000000000472	5.59031
50.800000000000473	9.39386
50.900000000000475	2.84111
51.000000000000476	5.49737
51.100000000000477	12.0412
51.200000000000479	2.28453
51.30000000000048	4.97197
51.400000000000482	4.70984
51.500000000000483	7.11413
51.600000000000485	4.58816
51.700000000000486	4.78967
51.800000000000487	4.11005
51.900000000000489	3.64952
52.00000000000049	3.64952
52.100000000000492	6.09735
52.200000000000493	7.31731
52.300000000000495	7.31731
52.400000000000496	4.16441
52.500000000000497	7.42477
52.600000000000499	7.55662
52.7000000000005	7.55662
52.800000000000502	6.77034
52.900000000000503	8.17615
53.000000000000504	6.31224
53.100000000000506	5.29669
53.200000000000507	4.39206
53.300000000000509	7.63301
53.40000000000051	5.23427
53.500000000000512	5.23427
53.600000000000513	8.80618
53.700000000000514	8.32203
53.800000000000516	6.5531
53.900000000000517	11.4721
54.000000000000519	5.29954
54.10000000000052	4.73823
54.200000000000522	5.3214
54.300000000000523	5.3214
54.400000000000524	8.96208
54.500000000000526	8.33461
54.600000000000527	3.82068
54.700000000000529	8.46552
54.80000000000053	5.14398
54.900000000000531	9.12777
55.000000000000533	4.01385
55.100000000000534	5.6982
55.200000000000536	5.6982
55.300000000000537	4.19856
55.400000000000539	10.1755
55.50000000000054	8.98784
55.600000000000541	6.1038
55.700000000000543	6.1038
55.800000000000544	10.9692
55.900000000000546	7.42138
56.000000000000547	9.40242
56.100000000000549	4.94433
56.20000000000055	3.70283
56.300000000000551	5.1266
56.40