10	1
10.1	1
10.199999999999999	1
10.299999999999999	1
10.399999999999999	1
10.499999999999998	1
10.599999999999998	1
10.699999999999998	1
10.799999999999997	1
10.899999999999997	1
10.999999999999996	1
11.099999999999996	1
11.199999999999996	1
11.299999999999995	1
11.399999999999995	1
11.499999999999995	1
11.599999999999994	1
11.699999999999994	1
11.799999999999994	1
11.899999999999993	1
11.999999999999993	1
12.099999999999993	1
12.199999999999992	1
12.299999999999992	1
12.399999999999991	1
12.499999999999991	1
12.599999999999991	1
12.69999999999999	1
12.79999999999999	1
12.89999999999999	1
12.999999999999989	1
13.099999999999989	1
13.199999999999989	1
13.299999999999988	1
13.399999999999988	1
13.499999999999988	1
13.599999999999987	1
13.699999999999987	1
13.799999999999986	1
13.899999999999986	1
13.999999999999986	1
14.099999999999985	1
14.199999999999985	1
14.299999999999985	1
14.399999999999984	1
14.499999999999984	1
14.599999999999984	1
14.699999999999983	1
14.799999999999983	1
14.899999999999983	1
14.999999999999982	1
15.099999999999982	1
15.199999999999982	1
15.299999999999981	1
15.399999999999981	1
15.49999999999998	1
15.59999999999998	1
15.69999999999998	1
15.799999999999979	1
15.899999999999979	1
15.999999999999979	1
16.09999999999998	1
16.199999999999982	1
16.299999999999983	1
16.399999999999984	1
16.499999999999986	1
16.599999999999987	1
16.699999999999989	4
16.79999999999999	16
16.899999999999991	15.5
16.999999999999993	15.5
17.099999999999994	1
17.199999999999996	4
17.299999999999997	8.55584
17.399999999999999	10.3632
17.5	12.2295
17.600000000000001	14.1318
17.700000000000003	16.0572
17.800000000000004	18.9209
17.900000000000006	20.7868
18.000000000000007	22.6755
18.100000000000009	24.5817
18.20000000000001	27.4658
18.300000000000011	13.9856
18.400000000000013	13.9856
18.500000000000014	1
18.600000000000016	6.16667
18.700000000000017	8.62359
18.800000000000018	10.419
18.90000000000002	12.5196
19.000000000000021	7.05089
19.100000000000023	8.59739
19.200000000000024	10.3974
19.300000000000026	12.7401
19.400000000000027	14.5755
19.500000000000028	16.4489
19.60000000000003	18.9924
19.700000000000031	20.852
19.800000000000033	23.1713
19.900000000000034	25.1195
20.000000000000036	27.5151
20.100000000000037	29.4474
20.200000000000038	31.988
20.30000000000004	33.9012
20.400000000000041	35.8238
20.500000000000043	38.2284
20.600000000000044	40.1928
20.700000000000045	42.6089
20.800000000000047	44.5597
20.900000000000048	22.3023
21.00000000000005	22.3023
21.100000000000051	11.6128
21.200000000000053	11.6128
21.300000000000054	12.7653
21.400000000000055	6.68954
21.500000000000057	7.40627
21.600000000000058	9.22355
21.70000000000006	11.1023
21.800000000000061	5.77277
21.900000000000063	5.77277
22.000000000000064	7.45545
22.100000000000065	9.26296
22.200000000000067	12.0859
22.300000000000068	14.0078
22.40000000000007	15.8853
22.500000000000071	8.57935
22.600000000000072	8.57935
22.700000000000074	10.6689
22.800000000000075	12.4893
22.900000000000077	14.357
23.000000000000078	16.2557
23.10000000000008	19.1419
23.200000000000081	10.2772
23.300000000000082	10.2772
23.400000000000084	10.661
23.500000000000085	12.402
23.600000000000087	15.232
23.700000000000088	17.1503
23.80000000000009	19.0851
23.900000000000091	21.0318
24.000000000000092	23.9263
24.100000000000094	25.8175
24.200000000000095	27.7239
24.300000000000097	14.1657
24.400000000000098	16.0871
24.500000000000099	18.999
24.600000000000101	20.858
24.700000000000102	22.7407
24.800000000000104	11.9498
24.900000000000105	11.9498
25.000000000000107	13.225
25.100000000000108	15.1339
25.200000000000109	17.0633
25.300000000000111	19.0069
25.400000000000112	10.1899
25.500000000000114	10.1899
25.600000000000115	1
25.700000000000117	3
25.800000000000118	7.30649
25.900000000000119	9.14389
26.000000000000121	11.0363
26.100000000000122	12.567
26.200000000000124	6.28351
26.300000000000125	9.04712
26.400000000000126	10.8644
26.500000000000128	12.6565
26.600000000000129	14.4333
26.700000000000131	8.73339
26.800000000000132	10.5099
26.900000000000134	12.354
27.000000000000135	14.2395
27.100000000000136	15.9649
27.200000000000138	9.69096
27.300000000000139	11.4929
27.400000000000141	13.3505
27.500000000000142	15.2437
27.600000000000144	18.1257
27.700000000000145	20.066
27.800000000000146	22.0168
27.900000000000148	23.8918
28.000000000000149	25.7856
28.100000000000151	28.6531
28.200000000000152	30.5789
28.300000000000153	32.5135
28.400000000000155	17.0527
28.500000000000156	17.0527
28.600000000000158	17.286
28.700000000000159	8.84351
28.800000000000161	8.84351
28.900000000000162	9.39513
29.000000000000163	12.1873
29.100000000000165	14.0952
29.200000000000166	16.0251
29.300000000000168	17.9141
29.400000000000169	20.7138
29.500000000000171	22.6086
29.600000000000172	24.52
29.700000000000173	12.2804
29.800000000000175	12.2804
29.900000000000176	14.7985
30.000000000000178	16.6467
30.100000000000179	8.73501
30.20000000000018	10.5113
30.300000000000182	13.2937
30.400000000000183	15.194
30.500000000000185	17.1165
30.600000000000186	19.0547
30.700000000000188	21.0043
30.800000000000189	10.5734
30.90000000000019	5.52147
31.000000000000192	7.26391
31.100000000000193	9.11003
31.200000000000195	5.31856
31.300000000000196	6.20023
31.400000000000198	8.044
31.500000000000199	9.84425
31.6000000000002	11.6222
31.700000000000202	6.18747
31.800000000000203	7.77921
31.900000000000205	9.5247
32.000000000000206	11.3533
32.100000000000207	14.1817
32.200000000000209	16.1011
32.30000000000021	18.0378
32.400000000000212	19.9866
32.500000000000213	21.853
32.600000000000215	24.6916
32.700000000000216	12.9008
32.800000000000217	12.9008
32.900000000000219	14.3015
33.00000000000022	17.1673
33.100000000000222	19.1003
33.200000000000223	21.0457
33.300000000000225	22.913
33.400000000000226	12.1559
33.500000000000227	12.1559
33.600000000000229	12.1559
33.70000000000023	3
33.800000000000232	6.93882
33.900000000000233	9.29742
34.000000000000234	11.1636
34.100000000000236	6.05985
34.200000000000237	7.80885
34.300000000000239	9.54886
34.40000000000024	12.1417
34.500000000000242	14.0559
34.600000000000243	7.44356
34.700000000000244	8.33793
34.800000000000246	10.8529
34.900000000000247	12.6467
35.000000000000249	14.9703
35.10000000000025	16.7995
35.200000000000252	18.6636
35.300000000000253	10.3764
35.400000000000254	12.2407
35.500000000000256	14.2825
35.600000000000257	16.19
35.700000000000259	9.03086
35.80000000000026	10.5695
35.900000000000261	12.4853
36.000000000000263	14.3535
36.100000000000264	16.8577
36.200000000000266	19.0343
36.300000000000267	20.8901
36.400000000000269	22.7702
36.50000000000027	24.6285
36.600000000000271	27.5077
36.700000000000273	14.2013
36.800000000000274	7.13585
36.900000000000276	8.31108
37.000000000000277	11.107
37.100000000000279	13.0202
37.20000000000028	14.8882
37.300000000000281	16.7265
37.400000000000283	18.5979
37.500000000000284	21.4482
37.600000000000286	23.369
37.700000000000287	25.2228
37.800000000000288	27.171
37.90000000000029	14.8016
38.000000000000291	14.8016
38.100000000000293	15.9738
38.200000000000294	17.8121
38.300000000000296	19.6818
38.400000000000297	22.3942
38.500000000000298	24.3225
38.6000000000003	26.2614
38.700000000000301	28.2087
38.800000000000303	14.4201
38.900000000000304	15.4275
39.000000000000306	17.324
39.100000000000307	19.2413
39.200000000000308	21.0313
39.30000000000031	11.3426
39.400000000000311	13.2215
39.500000000000313	15.1309
39.600000000000314	17.0606
39.700000000000315	19.9806
39.800000000000317	21.8475
39.900000000000318	23.7359
40.00000000000032	25.6412
40.100000000000321	27.5598
40.200000000000323	30.4573
40.300000000000324	32.3992
40.400000000000325	34.3477
40.500000000000327	36.3018
40.600000000000328	18.8272
40.70000000000033	18.8272
40.800000000000331	18.9861
40.900000000000333	9.70173
41.000000000000334	9.70173
41.100000000000335	2
41.200000000000337	4.70824
41.300000000000338	5.50703
41.40000000000034	3.99666
41.500000000000341	5.50464
41.600000000000342	7.11059
41.700000000000344	8.64625
41.800000000000345	10.9083
41.900000000000347	5.45416
42.000000000000348	5.45416
42.10000000000035	7.07185
42.200000000000351	8.9582
42.300000000000352	11.3352
42.400000000000354	5.66758
42.500000000000355	6.18139
42.600000000000357	8.02956
42.700000000000358	10.7128
42.80000000000036	12.5268
42.900000000000361	14.3896
43.000000000000362	16.2845
43.100000000000364	18.2015
43.200000000000365	20.9149
43.300000000000367	22.793
43.400000000000368	24.6901
43.500000000000369	12.8222
43.600000000000371	12.8222
43.700000000000372	12.8222
43.800000000000374	4
43.900000000000375	6.79157
44.000000000000377	8.73956
44.100000000000378	5.35219
44.200000000000379	5.71957
44.300000000000381	7.41459
44.400000000000382	9.23021
44.500000000000384	12.0609
44.600000000000385	13.9862
44.700000000000387	15.6117
44.800000000000388	8.66233
44.900000000000389	10.4511
45.000000000000391	13.2462
45.100000000000392	15.1525
45.200000000000394	17.0797
45.300000000000395	19.0217
45.400000000000396	21.8624
45.500000000000398	23.6652
45.600000000000399	25.5758
45.700000000000401	12.7879
45.800000000000402	14.4795
45.900000000000404	17.3157
46.000000000000405	19.2338
46.100000000000406	21.1668
46.200000000000408	23.1111
46.300000000000409	26.0431
46.400000000000411	27.9699
46.500000000000412	14.7524
46.600000000000414	8.08895
46.700000000000415	8.33434
46.800000000000416	10.9424
46.900000000000418	5.47118
47.000000000000419	5.47118
47.100000000000421	7.08489
47.200000000000422	9.82472
47.300000000000423	11.6057
47.400000000000425	6.573
47.500000000000426	7.57281
47.600000000000428	9.35738
47.700000000000429	5.51648
47.800000000000431	7.11969
47.900000000000432	8.99587
48.000000000000433	10.7286
48.100000000000435	13.4659
48.200000000000436	6.88027
48.300000000000438	6.88027
48.400000000000439	8.33859
48.500000000000441	10.185
48.600000000000442	13.0377
48.700000000000443	14.9706
48.800000000000445	16.7999
48.900000000000446	18.6639
49.000000000000448	9.43864
49.100000000000449	9.43864
49.20000000000045	3
49.300000000000452	5.31903
49.400000000000453	7.11243
49.500000000000455	9.84449
49.600000000000456	5.63582
49.700000000000458	6.62773
49.800000000000459	8.37635
49.90000000000046	11.1558
50.000000000000462	13.0618
50.100000000000463	14.9916
50.200000000000465	16.8185
50.300000000000466	8.75934
50.400000000000468	8.75934
50.500000000000469	10.3389
50.60000000000047	12.209
50.700000000000472	14.114
50.800000000000473	8.24102
50.900000000000475	10.1054
51.000000000000476	12.0122
51.100000000000477	13.8722
51.200000000000479	8.19458
51.30000000000048	9.23425
51.400000000000482	11.1111
51.500000000000483	12.7906
51.600000000000485	6.39528
51.700000000000486	9.01365
51.800000000000487	5.08348
51.900000000000489	6.16751
52.00000000000049	8.01894
52.100000000000492	4.70277
52.200000000000493	5.50238
52.300000000000495	7.24952
52.400000000000496	9.0986
52.500000000000497	10.9989
52.600000000000499	13.6819
52.7000000000005	15.5345
52.800000000000502	17.4194
52.900000000000503	19.3272
53.000000000000504	22.2189
53.100000000000506	24.1612
53.200000000000507	12.9792
53.300000000000509	14.0191
53.40000000000051	15.8953
53.500000000000512	18.6768
53.600000000000513	20.565
53.700000000000514	22.4724
53.800000000000516	24.3945
53.900000000000517	12.4811
54.000000000000519	13.4854
54.10000000000052	6.7427
54.200000000000522	8.22585
54.300000000000523	10.0931
54.400000000000524	12.9662
54.500000000000526	6.67366
54.600000000000527	6.67366
54.700000000000529	6.67366
54.80000000000053	3
54.900000000000531	5.25165
55.000000000000533	7.0626
55.100000000000534	8.95093
55.200000000000536	10.691
55.300000000000537	13.436
55.400000000000539	15.3186
55.50000000000054	17.2272
55.600000000000541	19.1542
55.700000000000543	10.0615
55.800000000000544	11.7212
55.900000000000546	13.5474
56.000000000000547	15.4163
56.100000000000549	17.3141
56.20000000000055	20.1973
56.300000000000551	10.5116
56.400000000000553	10.5116
56.500000000000554	11.427
56.600000000000556	14.2407
56.700000000000557	16.1531
56.800000000000558	17.9731
56.90000000000056	9.73851
57.000000000000561	11.5329
57.100000000000563	14.3257
57.200000000000564	16.2281
57.300000000000566	18.1511
57.400000000000567	20.0889
57.500000000000568	22.8406
57.60000000000057	24.734
57.700000000000571	26.643
5