10	1
10.1	1
10.199999999999999	1
10.299999999999999	1
10.399999999999999	1
10.499999999999998	1
10.599999999999998	1
10.699999999999998	1
10.799999999999997	1
10.899999999999997	1
10.999999999999996	1
11.099999999999996	1
11.199999999999996	1
11.299999999999995	1
11.399999999999995	1
11.499999999999995	1
11.599999999999994	1
11.699999999999994	1
11.799999999999994	1
11.899999999999993	1
11.999999999999993	1
12.099999999999993	1
12.199999999999992	1
12.299999999999992	1
12.399999999999991	1
12.499999999999991	1
12.599999999999991	1
12.69999999999999	1
12.79999999999999	1
12.89999999999999	1
12.999999999999989	1
13.099999999999989	1
13.199999999999989	1
13.299999999999988	1
13.399999999999988	1
13.499999999999988	1
13.599999999999987	1
13.699999999999987	1
13.799999999999986	1
13.899999999999986	1
13.999999999999986	1
14.099999999999985	1
14.199999999999985	1
14.299999999999985	1
14.399999999999984	1
14.499999999999984	1
14.599999999999984	1
14.699999999999983	1
14.799999999999983	1
14.899999999999983	1
14.999999999999982	1
15.099999999999982	1
15.199999999999982	1
15.299999999999981	1
15.399999999999981	1
15.49999999999998	1
15.59999999999998	1
15.69999999999998	1
15.799999999999979	1
15.899999999999979	1
15.999999999999979	1
16.09999999999998	1
16.199999999999982	1
16.299999999999983	1
16.399999999999984	1
16.499999999999986	1
16.599999999999987	1
16.699999999999989	1
16.79999999999999	1
16.899999999999991	1
16.999999999999993	1
17.099999999999994	1
17.199999999999996	1
17.299999999999997	1
17.399999999999999	1
17.5	1
17.600000000000001	1
17.700000000000003	1
17.800000000000004	1
17.900000000000006	1
18.000000000000007	1
18.100000000000009	1
18.20000000000001	1
18.300000000000011	1
18.400000000000013	1
18.500000000000014	1
18.600000000000016	1
18.700000000000017	1
18.800000000000018	1
18.90000000000002	1
19.000000000000021	1
19.100000000000023	1
19.200000000000024	8
19.300000000000026	13.5
19.400000000000027	8.31353
19.500000000000028	4.67856
19.60000000000003	10.033
19.700000000000031	6.98199
19.800000000000033	8.65824
19.900000000000034	14.0517
20.000000000000036	9.05406
20.100000000000037	14.5069
20.200000000000038	11.2928
20.30000000000004	17.0276
20.400000000000041	11.4973
20.500000000000043	17.1636
20.600000000000044	11.757
20.700000000000045	11.757
20.800000000000047	1
20.900000000000048	8.09245
21.00000000000005	13.5649
21.100000000000051	8.57674
21.200000000000053	6.36466
21.300000000000054	5.24241
21.400000000000055	4.31215
21.500000000000057	9.56043
21.600000000000058	15.1613
21.70000000000006	9.77393
21.800000000000061	6.59507
21.900000000000063	12.0041
22.000000000000064	17.5636
22.100000000000065	23.2543
22.200000000000067	29.103
22.300000000000068	16.0552
22.40000000000007	21.1671
22.500000000000071	6.25805
22.600000000000072	4.40192
22.700000000000074	7.99897
22.800000000000075	13.2851
22.900000000000077	9.6029
23.000000000000078	13.437
23.10000000000008	19.1025
23.200000000000081	13.1528
23.300000000000082	8.17797
23.400000000000084	13.7623
23.500000000000085	9.17258
23.600000000000087	14.7857
23.700000000000088	20.37
23.80000000000009	13.36
23.900000000000091	8.59192
24.000000000000092	6.71322
24.100000000000094	10.5605
24.200000000000095	3.61244
24.300000000000097	3.60673
24.400000000000098	8.82724
24.500000000000099	5.97366
24.600000000000101	11.0592
24.700000000000102	6.93782
24.800000000000104	5.94703
24.900000000000105	12.1692
25.000000000000107	8.58278
25.100000000000108	6.78462
25.200000000000109	10.6057
25.300000000000111	7.99946
25.400000000000112	13.3606
25.500000000000114	19.1014
25.600000000000115	13.1326
25.700000000000117	18.4609
25.800000000000118	11.1507
25.900000000000119	16.8152
26.000000000000121	11.4194
26.100000000000122	7.1173
26.200000000000124	11.7968
26.300000000000125	17.3653
26.400000000000126	10.5095
26.500000000000128	7.123
26.600000000000129	12.5422
26.700000000000131	18.2121
26.800000000000132	11.4882
26.900000000000134	6.89495
27.000000000000135	12.0874
27.100000000000136	7.22045
27.200000000000138	4.6473
27.300000000000139	8.95893
27.400000000000141	5.44192
27.500000000000142	7.20408
27.600000000000144	12.7465
27.700000000000145	8.19785
27.800000000000146	5.19617
27.900000000000148	10.5696
28.000000000000149	7.77987
28.100000000000151	11.6159
28.200000000000152	17.2431
28.300000000000153	9.58425
28.400000000000155	7.09553
28.500000000000156	4.31695
28.600000000000158	9.66713
28.700000000000159	3.96289
28.800000000000161	8.6311
28.900000000000162	6.88483
29.000000000000163	7.11286
29.100000000000165	7.12474
29.200000000000166	6.51904
29.300000000000168	5.07306
29.400000000000169	6.63388
29.500000000000171	5.48898
29.600000000000172	9.52289
29.700000000000173	7.16057
29.800000000000175	5.39751
29.900000000000176	10.6687
30.000000000000178	9.02388
30.100000000000179	6.68047
30.20000000000018	12.0508
30.300000000000182	17.4239
30.400000000000183	5.88665
30.500000000000185	11.1037
30.600000000000186	9.66348
30.700000000000188	15.2263
30.800000000000189	5.15425
30.90000000000019	4.06661
31.000000000000192	9.23962
31.100000000000193	5.83146
31.200000000000195	5.47427
31.300000000000196	5.59066
31.400000000000198	11.0427
31.500000000000199	8.2976
31.6000000000002	5.77022
31.700000000000202	4.89462
31.800000000000203	3.88672
31.900000000000205	6.75805
32.000000000000206	12.1764
32.100000000000207	4.14654
32.200000000000209	9.16509
32.30000000000021	14.781
32.400000000000212	9.17564
32.500000000000213	14.7875
32.600000000000215	9.47599
32.700000000000216	15.0419
32.800000000000217	4.27647
32.900000000000219	4.27647
33.00000000000022	2.9
33.100000000000222	3.08989
33.200000000000223	8.03283
33.300000000000225	7.86074
33.400000000000226	6.4579
33.500000000000227	12.6642
33.600000000000229	10.1004
33.70000000000023	7.18386
33.800000000000232	5.61376
33.900000000000233	11.0543
34.000000000000234	7.99441
34.100000000000236	6.2522
34.200000000000237	11.0301
34.300000000000239	9.32449
34.40000000000024	15.0141
34.500000000000242	8.05755
34.600000000000243	13.0924
34.700000000000244	4.09264
34.800000000000246	7.96409
34.900000000000247	5.2937
35.000000000000249	10.7114
35.10000000000025	6.68876
35.200000000000252	10.1568
35.300000000000253	6.95717
35.400000000000254	4.65553
35.500000000000256	1.5986
35.600000000000257	5.61739
35.700000000000259	2.85588
35.80000000000026	7.00575
35.900000000000261	5.53432
36.000000000000263	4.45736
36.100000000000264	4.31679
36.200000000000266	8.20284
36.300000000000267	5.73637
36.400000000000269	10.0734
36.50000000000027	15.6178
36.600000000000271	11.5471
36.700000000000273	17.0213
36.800000000000274	12.6026
36.900000000000276	9.49315
37.000000000000277	6.21797
37.100000000000279	4.9784
37.20000000000028	9.97432
37.300000000000281	6.55289
37.400000000000283	6.55289
37.500000000000284	3
37.600000000000286	7.61288
37.700000000000287	5.43864
37.800000000000288	9.28002
37.90000000000029	8.37427
38.000000000000291	14.9904
38.100000000000293	9.04181
38.200000000000294	6.63723
38.300000000000296	11.8591
38.400000000000297	7.36299
38.500000000000298	11.4305
38.6000000000003	9.13956
38.700000000000301	8.14779
38.800000000000303	6.30455
38.900000000000304	5.15996
39.000000000000306	5.26965
39.100000000000307	10.6997
39.200000000000308	6.83634
39.30000000000031	12.1373
39.400000000000311	7.99513
39.500000000000313	13.2828
39.600000000000314	8.37653
39.700000000000315	13.0619
39.800000000000317	9.37365
39.900000000000318	7.36305
40.00000000000032	6.93533
40.100000000000321	13.2192
40.200000000000323	9.8521
40.300000000000324	7.54141
40.400000000000325	12.2212
40.500000000000327	17.9929
40.600000000000328	11.644
40.70000000000033	6.92888
40.800000000000331	12.2713
40.900000000000333	8.62725
41.000000000000334	14.1749
41.100000000000335	8.73409
41.200000000000337	10.2197
41.300000000000338	6.90552
41.40000000000034	9.69682
41.500000000000341	6.56377
41.600000000000342	5.06968
41.700000000000344	4.81738
41.800000000000345	9.99729
41.900000000000347	15.2437
42.000000000000348	21.0402
42.10000000000035	12.0508
42.200000000000351	18.3206
42.300000000000352	24.3295
42.400000000000354	6.78296
42.500000000000355	5.334
42.600000000000357	10.3499
42.700000000000358	6.42921
42.80000000000036	4.