10	1
10.1	1
10.199999999999999	1
10.299999999999999	1
10.399999999999999	1
10.499999999999998	1
10.599999999999998	1
10.699999999999998	1
10.799999999999997	1
10.899999999999997	1
10.999999999999996	1
11.099999999999996	1
11.199999999999996	1
11.299999999999995	1
11.399999999999995	1
11.499999999999995	1
11.599999999999994	1
11.699999999999994	1
11.799999999999994	1
11.899999999999993	1
11.999999999999993	1
12.099999999999993	1
12.199999999999992	1
12.299999999999992	1
12.399999999999991	1
12.499999999999991	1
12.599999999999991	1
12.69999999999999	1
12.79999999999999	1
12.89999999999999	1
12.999999999999989	1
13.099999999999989	1
13.199999999999989	1
13.299999999999988	1
13.399999999999988	1
13.499999999999988	1
13.599999999999987	1
13.699999999999987	1
13.799999999999986	1
13.899999999999986	1
13.999999999999986	1
14.099999999999985	1
14.199999999999985	1
14.299999999999985	1
14.399999999999984	1
14.499999999999984	1
14.599999999999984	1
14.699999999999983	1
14.799999999999983	1
14.899999999999983	1
14.999999999999982	1
15.099999999999982	1
15.199999999999982	1
15.299999999999981	1
15.399999999999981	1
15.49999999999998	1
15.59999999999998	1
15.69999999999998	1
15.799999999999979	1
15.899999999999979	1
15.999999999999979	1
16.09999999999998	1
16.199999999999982	1
16.299999999999983	1
16.399999999999984	1
16.499999999999986	1
16.599999999999987	1
16.699999999999989	1
16.79999999999999	1
16.899999999999991	1
16.999999999999993	1
17.099999999999994	1
17.199999999999996	1
17.299999999999997	1
17.399999999999999	1
17.5	1
17.600000000000001	1
17.700000000000003	1
17.800000000000004	1
17.900000000000006	1
18.000000000000007	1
18.100000000000009	1
18.20000000000001	1
18.300000000000011	1
18.400000000000013	1
18.500000000000014	1
18.600000000000016	1
18.700000000000017	1
18.800000000000018	1
18.90000000000002	1
19.000000000000021	1
19.100000000000023	1
19.200000000000024	1
19.300000000000026	1
19.400000000000027	1
19.500000000000028	1
19.60000000000003	1
19.700000000000031	1
19.800000000000033	1
19.900000000000034	1
20.000000000000036	1
20.100000000000037	1
20.200000000000038	1
20.30000000000004	1
20.400000000000041	1
20.500000000000043	1
20.600000000000044	1
20.700000000000045	1
20.800000000000047	1
20.900000000000048	1
21.00000000000005	1
21.100000000000051	1
21.200000000000053	1
21.300000000000054	1
21.400000000000055	1
21.500000000000057	1
21.600000000000058	1
21.70000000000006	1
21.800000000000061	1
21.900000000000063	1
22.000000000000064	1
22.100000000000065	1
22.200000000000067	1
22.300000000000068	1
22.40000000000007	1
22.500000000000071	1
22.600000000000072	1
22.700000000000074	1
22.800000000000075	1
22.900000000000077	1
23.000000000000078	1
23.10000000000008	1
23.200000000000081	1
23.300000000000082	1
23.400000000000084	1
23.500000000000085	1
23.600000000000087	1
23.700000000000088	1
23.80000000000009	1
23.900000000000091	1
24.000000000000092	1
24.100000000000094	1
24.200000000000095	1
24.300000000000097	2
24.400000000000098	16
24.500000000000099	20.5
24.600000000000101	20.5
24.700000000000102	21.1253
24.800000000000104	10.5863
24.900000000000105	12.5795
25.000000000000107	7.63228
25.100000000000108	10.3226
25.200000000000109	5.84552
25.300000000000111	7.23784
25.400000000000112	9.08933
25.500000000000114	11.8695
25.600000000000115	6.87444
25.700000000000117	8.21202
25.800000000000118	11.0333
25.900000000000119	13.4138
26.000000000000121	7.21115
26.100000000000122	9.06817
26.200000000000124	11.8533
26.300000000000125	14.5845
26.400000000000126	17.4036
26.500000000000128	19.261
26.600000000000129	22.1614
26.700000000000131	11.7173
26.800000000000132	13.4698
26.900000000000134	6.7349
27.000000000000135	4.25017
27.100000000000136	6.03505
27.200000000000138	8.64784
27.300000000000139	11.3604
27.400000000000141	14.1166
27.500000000000142	17.0137
27.600000000000144	18.9095
27.700000000000145	21.7189
27.800000000000146	11.5734
27.900000000000148	6.16805
28.000000000000149	8.96787
28.100000000000151	11.6052
28.200000000000152	13.4473
28.300000000000153	16.0938
28.400000000000155	18.7927
28.500000000000156	21.5709
28.600000000000158	24.4423
28.700000000000159	27.3412
28.800000000000161	14.1384
28.900000000000162	16.7948
29.000000000000163	19.6016
29.100000000000165	22.4579
29.200000000000166	25.3472
29.300000000000168	13.5697
29.400000000000169	15.5006
29.500000000000171	18.3423
29.600000000000172	9.41362
29.700000000000173	9.93329
29.800000000000175	12.6059
29.900000000000176	14.1075
30.000000000000178	17.0062
30.100000000000179	19.8334
30.20000000000018	22.6605
30.300000000000182	12.2227
30.400000000000183	14.0547
30.500000000000185	15.9895
30.600000000000186	9.2169
30.700000000000188	11.1869
30.800000000000189	13.9775
30.90000000000019	16.7197
31.000000000000192	18.5918
31.100000000000193	10.2195
31.200000000000195	11.8569
31.300000000000196	14.5875
31.400000000000198	17.4061
31.500000000000199	9.88812
31.6000000000002	10.0894
31.700000000000202	12.8857
31.800000000000203	15.628
31.900000000000205	18.4499
32.000000000000206	10.4466
32.100000000000207	10.7312
32.200000000000209	12.5425
32.30000000000021	15.3466
32.400000000000212	18.2123
32.500000000000213	10.2716
32.600000000000215	13.1054
32.700000000000216	15.0296
32.800000000000217	17.778
32.900000000000219	20.5962
33.00000000000022	23.4592
33.100000000000222	13.0833
33.200000000000223	15.7912
33.300000000000225	17.6486
33.400000000000226	20.4847
33.500000000000227	11.0649
33.600000000000229	13.8802
33.70000000000023	16.6385
33.800000000000232	19.4679
33.900000000000233	10.0879
34.000000000000234	12.8845
34.100000000000236	15.4983
34.200000000000237	18.3403
34.300000000000239	10.5215
34.40000000000024	12.3638
34.500000000000242	15.201
34.600000000000243	8.6776
34.700000000000244	8.6776
34.800000000000246	8.6776
34.900000000000247	4.25
35.000000000000249	6.36191
35.10000000000025	9.10138
35.200000000000252	5.63582
35.300000000000253	6.15236
35.400000000000254	8.95716
35.500000000000256	11.597
35.600000000000257	13.4402
35.700000000000259	16.2736
35.80000000000026	18.7876
35.900000000000261	9.3938
36.000000000000263	10.312
36.100000000000264	11.9367
36.200000000000266	6.61248
36.300000000000267	9.27719
36.400000000000269	12.0968
36.50000000000027	14.9849
36.600000000000271	17.7403
36.700000000000273	19.6168
36.800000000000274	10.3788
36.900000000000276	12.1605
37.000000000000277	6.08025
37.100000000000279	8.79443
37.20000000000028	11.4721
37.300000000000281	13.3327
37.400000000000283	16.185
37.500000000000284	19.0819
37.600000000000286	22.006
37.700000000000287	24.8673
37.800000000000288	26.6543
37.90000000000029	7.06527
38.000000000000291	9.6035
38.100000000000293	12.3483
38.200000000000294	15.1884
38.300000000000296	18.0793
38.400000000000297	20.0241
38.500000000000298	22.915
38.6000000000003	25.753
38.700000000000301	28.6238
38.800000000000303	31.5185
38.900000000000304	34.4312
39.000000000000306	36.3808
39.100000000000307	18.5849
39.200000000000308	10.3381
39.30000000000031	11.6187
39.400000000000311	14.3948
39.500000000000313	16.289
39.600000000000314	19.1702
39.700000000000315	22.0825
39.800000000000317	11.2656
39.900000000000318	13.3823
40.00000000000032	16.2259
40.100000000000321	18.1492
40.200000000000323	21.0604
40.300000000000324	11.6166
40.400000000000325	6.9938
40.500000000000327	9.55129
40.600000000000328	12.3078
40.70000000000033	14.1995
40.800000000000331	16.9056
40.900000000000333	19.6965
41.000000000000334	22.5408
41.100000000000335	12.5939
41.200000000000337	14.448
41.300000000000338	8.31994
41.40000000000034	9.4525
41.500000000000341	12.2315
41.600000000000342	7.35152
41.700000000000344	10.1176
41.800000000000345	12.0225
41.900000000000347	14.7901
42.000000000000348	8.31964
42.10000000000035	9.0165
42.200000000000351	11.6428
42.300000000000352	14.4142
42.400000000000354	16.3062
42.500000000000355	8.54311
42.600000000000357	11.1918
42.700000000000358	6.74217
42.80000000000036	9.36956
42.900000000000361	11.2236
43.000000000000362	13.863
43.100000000000364	16.6242
43.200000000000365	9.22589
43.300000000000367	11.5474
43.400000000000368	14.0549
43.500000000000369	15.9897
43.600000000000371	18.2703
43.700000000000372	9.13513
43.800000000000374	9.13513
43.900000000000375	4.4