10	1
10.1	1
10.199999999999999	1
10.299999999999999	1
10.399999999999999	1
10.499999999999998	1
10.599999999999998	1
10.699999999999998	1
10.799999999999997	1
10.899999999999997	1
10.999999999999996	1
11.099999999999996	1
11.199999999999996	1
11.299999999999995	1
11.399999999999995	1
11.499999999999995	1
11.599999999999994	1
11.699999999999994	1
11.799999999999994	1
11.899999999999993	1
11.999999999999993	1
12.099999999999993	1
12.199999999999992	1
12.299999999999992	1
12.399999999999991	1
12.499999999999991	1
12.599999999999991	1
12.69999999999999	1
12.79999999999999	1
12.89999999999999	1
12.999999999999989	1
13.099999999999989	1
13.199999999999989	1
13.299999999999988	1
13.399999999999988	1
13.499999999999988	1
13.599999999999987	1
13.699999999999987	1
13.799999999999986	1
13.899999999999986	1
13.999999999999986	1
14.099999999999985	1
14.199999999999985	1
14.299999999999985	1
14.399999999999984	1
14.499999999999984	1
14.599999999999984	1
14.699999999999983	1
14.799999999999983	1
14.899999999999983	1
14.999999999999982	1
15.099999999999982	1
15.199999999999982	1
15.299999999999981	1
15.399999999999981	1
15.49999999999998	1
15.59999999999998	1
15.69999999999998	1
15.799999999999979	1
15.899999999999979	1
15.999999999999979	1
16.09999999999998	1
16.199999999999982	1
16.299999999999983	1
16.399999999999984	1
16.499999999999986	1
16.599999999999987	1
16.699999999999989	1
16.79999999999999	1
16.899999999999991	1
16.999999999999993	1
17.099999999999994	1
17.199999999999996	1
17.299999999999997	1
17.399999999999999	1
17.5	1
17.600000000000001	1
17.700000000000003	1
17.800000000000004	1
17.900000000000006	1
18.000000000000007	1
18.100000000000009	1
18.20000000000001	1
18.300000000000011	1
18.400000000000013	1
18.500000000000014	1
18.600000000000016	1
18.700000000000017	1
18.800000000000018	1
18.90000000000002	1
19.000000000000021	1
19.100000000000023	1
19.200000000000024	1
19.300000000000026	1
19.400000000000027	1
19.500000000000028	1
19.60000000000003	1
19.700000000000031	1
19.800000000000033	1
19.900000000000034	1
20.000000000000036	1
20.100000000000037	1
20.200000000000038	1
20.30000000000004	1
20.400000000000041	1
20.500000000000043	1
20.600000000000044	1
20.700000000000045	1
20.800000000000047	1
20.900000000000048	1
21.00000000000005	1
21.100000000000051	1
21.200000000000053	1
21.300000000000054	1
21.400000000000055	1
21.500000000000057	1
21.600000000000058	1
21.70000000000006	1
21.800000000000061	1
21.900000000000063	1
22.000000000000064	1
22.100000000000065	1
22.200000000000067	1
22.300000000000068	1
22.40000000000007	1
22.500000000000071	1
22.600000000000072	1
22.700000000000074	1
22.800000000000075	1
22.900000000000077	1
23.000000000000078	1
23.10000000000008	1
23.200000000000081	1
23.300000000000082	1
23.400000000000084	1
23.500000000000085	1
23.600000000000087	1
23.700000000000088	1
23.80000000000009	1
23.900000000000091	1
24.000000000000092	1
24.100000000000094	1
24.200000000000095	1
24.300000000000097	1
24.400000000000098	1
24.500000000000099	1
24.600000000000101	1
24.700000000000102	1
24.800000000000104	1
24.900000000000105	1
25.000000000000107	1
25.100000000000108	1
25.200000000000109	1
25.300000000000111	1
25.400000000000112	1
25.500000000000114	1
25.600000000000115	1
25.700000000000117	1
25.800000000000118	1
25.900000000000119	1
26.000000000000121	1
26.100000000000122	1
26.200000000000124	1
26.300000000000125	1
26.400000000000126	1
26.500000000000128	1
26.600000000000129	1
26.700000000000131	1
26.800000000000132	1
26.900000000000134	1
27.000000000000135	1
27.100000000000136	1
27.200000000000138	1
27.300000000000139	1
27.400000000000141	1
27.500000000000142	1
27.600000000000144	1
27.700000000000145	1
27.800000000000146	1
27.900000000000148	1
28.000000000000149	1
28.100000000000151	1
28.200000000000152	1
28.300000000000153	1
28.400000000000155	1
28.500000000000156	1
28.600000000000158	1
28.700000000000159	1
28.800000000000161	1
28.900000000000162	1
29.000000000000163	1
29.100000000000165	24.5
29.200000000000166	16.1343
29.300000000000168	17.2139
29.400000000000169	22.2681
29.500000000000171	41.7432
29.600000000000172	62.3289
29.700000000000173	16.4643
29.800000000000175	35.8309
29.900000000000176	36.1336
30.000000000000178	55.7321
30.100000000000179	32.7112
30.20000000000018	22.2669
30.300000000000182	41.7426
30.400000000000183	23.86
30.500000000000185	44.2031
30.600000000000186	14.0901
30.700000000000188	16.4877
30.800000000000189	34.0672
30.90000000000019	21.3205
31.000000000000192	28.2228
31.100000000000193	30.2042
31.200000000000195	23.7947
31.300000000000196	10.1187
31.400000000000198	28.1676
31.500000000000199	21.2718
31.6000000000002	28.7423
31.700000000000202	28.3906
31.800000000000203	25.3728
31.900000000000205	24.2845
32.000000000000206	43.8216
32.100000000000207	63.409
32.200000000000209	16.3556
32.30000000000021	28.0722
32.400000000000212	48.5035
32.500000000000213	23.2433
32.600000000000215	27.2906
32.700000000000216	47.8679
32.800000000000217	67.4068
32.900000000000219	84.2847
33.00000000000022	16.3097
33.100000000000222	22.1881
33.200000000000223	25.0762
33.300000000000225	45.4468
33.400000000000226	12.9074
33.500000000000227	14.4863
33.600000000000229	32.0726
33.70000000000023	28.9318
33.800000000000232	49.1282
33.900000000000233	68.9342
34.000000000000234	16.2943
34.100000000000236	13.019
34.200000000000237	32.0686
34.300000000000239	51.5642
34.40000000000024	18.3846
34.500000000000242	19.5934
34.600000000000243	20.9253
34.700000000000244	41.2134
34.800000000000246	20.2941
34.900000000000247	21.2813
35.000000000000249	28.2243
35.10000000000025	22.7915
35.200000000000252	42.1434
35.300000000000253	36.2206
35.400000000000254	27.4333
35.500000000000256	20.9894
35.600000000000257	22.9828
35.700000000000259	11.1605
35.80000000000026	31.2024
35.900000000000261	27.2365
36.000000000000263	22.0365
36.100000000000264	27.0611
36.200000000000266	46.4849
36.300000000000267	17.6088
36.400000000000269	22.1739
36.50000000000027	41.573
36.600000000000271	36.6275
36.700000000000273	12.4146
36.800000000000274	30.0168
36.900000000000276	13.4226
37.000000000000277	31.8596
37.100000000000279	24.2047
37.20000000000028	13.9802
37.300000000000281	32.9895
37.400000000000283	25.0735
37.500000000000284	30.3237
37.600000000000286	25.8706
37.700000000000287	45.2752
37.800000000000288	28.1428
37.90000000000029	16.436
38.000000000000291	35.7899
38.100000000000293	56.2261
38.200000000000294	14.4902
38.300000000000296	14.5593
38.400000000000297	14.5593
38.500000000000298	18.2747
38.6000000000003	19.1758
38.700000000000301	38.528
38.800000000000303	19.2076
38.900000000000304	8.67573
39.000000000000306	25.6974
39.100000000000307	30.6503
39.200000000000308	50.1989
39.30000000000031	13.3769
39.400000000000311	18.0559
39.500000000000313	19.1395
39.600000000000314	23.9994
39.700000000000315	44.2333
39.800000000000317	21.4575
39.900000000000318	22.2388
40.00000000000032	27.026
40.100000000000321	25.3671
40.200000000000323	19.3515
40.300000000000324	18.0908
40.400000000000325	12.1958
40.500000000000327	31.3318
40.600000000000328	20.556
40.70000000000033	40.0152
40.800000000000331	60.5279
40.900000000000333	16.0502
41.000000000000334	26.723
41.100000000000335	26.9352
41.200000000000337	21.6216
41.300000000000338	23.4226
41.40000000000034	22.4492
41.500000000000341	42.0071
41.600000000000342	61.5384
41.700000000000344	16.2943
41.800000000000345	28.0365
41.900000000000347	47.4613
42.000000000000348	13.4926
42.10000000000035	27.0693
42.200000000000351	47.469
42.300000000000352	23.3705
42.400000000000354	27.0319
42.500000000000355	32.3969
42.600000000000357	24.8198
42.700000000000358	13.1602
42.80000000000036	30.66
42.900000000000361	50.2049
43.000000000000362	69.7915
43.100000000000364	16.2943
43.200000000000365	27.0557
43.300000000000367	22.6113
43.400000000000368	24.2332
43.500000000000369	9.48337
43.600000000000371	28.4787
43.700000000000372	24.1742
43.800000000000374	12.4856
43.900000000000375	23.0583
44.000000000000377	43.2472
44.100000000000378	12.2539
44.200000000000379	13.2493
44.300000000000381	20.1654
44.400000000000382	21.1709
44.500000000000384	21.5486
44.600000000000385	41.0486
44.700000000000387	38.5665
44.800000000000388	36.1578
44.9000000000