10	22.1012
10.1	26.0121
10.199999999999999	30.8025
10.299999999999999	17.6445
10.399999999999999	22.3957
10.499999999999998	26.1098
10.599999999999998	31.0144
10.699999999999998	34.8713
10.799999999999997	18.358
10.899999999999997	22.2082
10.999999999999996	25.9106
11.099999999999996	14.7638
11.199999999999996	18.4986
11.299999999999995	11.4123
11.399999999999995	16.1428
11.499999999999995	9.6016
11.599999999999994	9.6016
11.699999999999994	12.0173
11.799999999999994	16.6356
11.899999999999993	20.4193
11.999999999999993	24.2718
12.099999999999993	13.8497
12.199999999999992	13.8497
12.299999999999992	15.0298
12.399999999999991	18.7648
12.499999999999991	10.6565
12.599999999999991	13.6312
12.69999999999999	17.3796
12.79999999999999	21.8697
12.89999999999999	25.6601
12.999999999999989	15.1543
13.099999999999989	17.1982
13.199999999999989	21.0709
13.299999999999988	14.0636
13.399999999999988	17.8332
13.499999999999988	22.5445
13.599999999999987	12.7709
13.699999999999987	12.7709
13.799999999999986	12.927
13.899999999999986	16.5939
13.999999999999986	21.345
14.099999999999985	25.2146
14.199999999999985	30.0991
14.299999999999985	34.0305
14.399999999999984	18.7372
14.499999999999984	10.3825
14.599999999999984	11.744
14.699999999999983	16.3785
14.799999999999983	20.2105
14.899999999999983	24.0965
14.999999999999982	14.3638
15.099999999999982	18.1812
15.199999999999982	23.0389
15.299999999999981	26.8877
15.399999999999981	15.7091
15.49999999999998	8.25872
15.59999999999998	11.068
15.69999999999998	15.7115
15.799999999999979	19.4696
15.899999999999979	10.714
15.999999999999979	13.2288
16.09999999999998	16.8893
16.199999999999982	21.5753
16.299999999999983	25.4098
16.399999999999984	6.89184
16.499999999999986	8.46789
16.599999999999987	12.7324
16.699999999999989	16.9825
16.79999999999999	9.22614
16.899999999999991	13.2471
16.999999999999993	17.0804
17.099999999999994	11.542
17.199999999999996	15.2807
17.299999999999997	19.1239
17.399999999999999	23.999
17.5	13.3616
17.600000000000001	18.1339
17.700000000000003	11.1306
17.800000000000004	7.534
17.900000000000006	12.1343
18.000000000000007	7.80213
18.100000000000009	11.4569
18.20000000000001	7.81708
18.300000000000011	12.3111
18.400000000000013	16.1194
18.500000000000014	20.0012
18.600000000000016	6.33015
18.700000000000017	5.14985
18.800000000000018	9.54699
18.90000000000002	5.50655
19.000000000000021	8.04398
19.100000000000023	5.26728
19.200000000000024	8.37938
19.300000000000026	13.0637
19.400000000000027	8.07578
19.500000000000028	11.9839
19.60000000000003	15.6167
19.700000000000031	19.3932
19.800000000000033	24.214
19.900000000000034	13.7518
20.000000000000036	17.5315
20.100000000000037	11.0022
20.200000000000038	6.77903
20.30000000000004	11.2457
20.400000000000041	6.86778
20.500000000000043	10.8456
20.600000000000044	14.4885
20.700000000000045	19.2406
20.800000000000047	11.0038
20.900000000000048	11.0038
21.00000000000005	6.18874
21.100000000000051	9.09334
21.200000000000053	13.6784
21.300000000000054	17.4167
21.400000000000055	10.2409
21.500000000000057	14.3252
21.600000000000058	18.1508
21.70000000000006	11.0201
21.800000000000061	14.6878
21.900000000000063	19.391
22.000000000000064	23.242
22.100000000000065	27.1357
22.200000000000067	16.21
22.300000000000068	10.5095
22.40000000000007	15.1927
22.500000000000071	9.29216
22.600000000000072	6.05414
22.700000000000074	10.2559
22.800000000000075	6.48171
22.900000000000077	5.25595
23.000000000000078	6.30956
23.10000000000008	4.14714
23.200000000000081	7.60365
23.300000000000082	11.2342
23.400000000000084	16.0176
23.500000000000085	19.768
23.600000000000087	24.4742
23.700000000000088	28.1981
23.80000000000009	14.9768
23.900000000000091	9.52031
24.000000000000092	9.83202
24.100000000000094	6.91689
24.200000000000095	10.4045
24.300000000000097	15.1205
24.400000000000098	18.9963
24.500000000000099	5.03082
24.600000000000101	7.98607
24.700000000000102	11.4954
24.800000000000104	16.2015
24.900000000000105	8.37438
25.000000000000107	9.17728
25.100000000000108	6.21545
25.200000000000109	9.22116
25.300000000000111	13.9803
25.400000000000112	17.6545
25.500000000000114	9.84744
25.600000000000115	13.4643
25.700000000000117	17.2492
25.800000000000118	10.7708
25.900000000000119	14.4328
26.000000000000121	8.89597
26.100000000000122	5.18522
26.200000000000124	8.79895
26.300000000000125	13.3356
26.400000000000126	8.247
26.500000000000128	9.60031
26.600000000000129	13.285
26.700000000000131	17.1098
26.800000000000132	9.93599
26.900000000000134	9.93599
27.000000000000135	1
27.100000000000136	4.25
27.200000000000138	8.8775
27.300000000000139	12.4559
27.400000000000141	17.1893
27.500000000000142	9.63918
27.600000000000144	6.10638
27.700000000000145	10.3838
27.800000000000146	14.1469
27.900000000000148	18.5582
28.000000000000149	9.95585
28.100000000000151	11.3689
28.200000000000152	7.23696
28.300000000000153	7.23696
28.400000000000155	6.33658
28.500000000000156	10.0307
28.600000000000158	6.77276
28.700000000000159	10.3099
28.800000000000161	14.0928
28.900000000000162	8.01149
29.000000000000163	8.01149
29.100000000000165	3
29.200000000000166	7.25303
29.300000000000168	11.9629
29.400000000000169	7.30357
29.500000000000171	11.0344
29.600000000000172	7.6171
29.700000000000173	9.60488
29.800000000000175	14.2355
29.900000000000176	18.0801
30.000000000000178	10.4287
30.100000000000179	13.0761
30.20000000000018	16.8297
30.300000000000182	11.9651
30.400000000000183	15.4083
30.500000000000185	9.77535
30.600000000000186	13.4117
30.700000000000188	7.97021
30.800000000000189	12.4084
30.90000000000019	15.8813
31.000000000000192	9.55197
31.100000000000193	13.2502
31.200000000000195	7.23978
31.300000000000196	9.62817
31.400000000000198	13.3051
31.500000000000199	18.0924
31.6000000000002	10.3134
31.700000000000202	5.20519
31.800000000000203	8.09575
31.900000000000205	11.7437
32.000000000000206	16.3783
32.100000000000207	20.2104
32.200000000000209	12.3584
32.30000000000021	7.12506
32.400000000000212	11.7161
32.500000000000213	6.99007
32.600000000000215	10.0612
32.700000000000216	7.62665
32.800000000000217	11.2497
32.900000000000219	16.0285
33.00000000000022	19.7261
33.100000000000222	9.86306
33.200000000000223	13.326
33.300000000000225	8.15886
33.400000000000226	12.7678
33.500000000000227	16.4703
33.600000000000229	10.3138
33.70000000000023	12.3513
33.800000000000232	7.04784
33.900000000000233	7.04784
34.000000000000234	10.5869
34.100000000000236	7.19307
34.200000000000237	10.9619
34.300000000000239	14.5757
34.40000000000024	19.3063
34.500000000000242	23.1714
34.600000000000243	13.3352
34.700000000000244	17.1488
34.800000000000246	21.0306
34.900000000000247	5.98302
35.000000000000249	5.98302
35.10000000000025	10.3124
35.200000000000252	14.0946
35.300000000000253	8.92883
35.400000000000254	12.3308
35.500000000000256	16.1344
35.600000000000257	9.70184
35.700000000000259	12.5852
35.80000000000026	17.2831
35.900000000000261	21.1402
36.000000000000263	12.0316
36.100000000000264	16.4643
36.200000000000266	9.34345
36.300000000000267	5.03426
36.400000000000269	7.19065
36.50000000000027	11.7559
36.600000000000271	15.4426
36.700000000000273	19.2534
36.800000000000274	24.1023
36.900000000000276	13.4819
37.000000000000277	9.99024
37.100000000000279	13.5688
37.20000000000028	16.9805
37.300000000000281	9.39072
37.400000000000283	13.1348
37.500000000000284	8.41637
37.600000000000286	12.1327
37.700000000000287	8.98017
37.800000000000288	12.5291
37.90000000000029	16.2862
38.000000000000291	21.1069
38.100000000000293	11.4628
38.200000000000294	6.95684
38.300000000000296	10.431
38.400000000000297	14.1815
38.500000000000298	18.5306
38.6000000000003	9.26528
38.700000000000301	11.1369
38.800000000000303	14.9776
38.900000000000304	19.6112
39.000000000000306	11.1921
39.100000000000307	15.0186
39.200000000000308	9.62425
39.30000000000031	13.3023
39.400000000000311	8.53293
39.500000000000313	12.2136
39.600000000000314	16.0451
39.700000000000315	20.7775
39.800000000000317	11.5954
39.900000000000318	14.5837
40.00000000000032	18.2458
40.100000000000321	9.41992
40.200000000000323	13.4571
40.300000000000324	17.2436
40.400000000000325	22.0814
40.500000000000327	13.1162
40.600000000000328	9.45132
40.70000000000033	13.1781
40.800000000000331	17.027
40.900000000000333	10.1774
41.000000000000334	13.9964
41.100000000000335	8.77676
41.200000000000337	12.0561
41.300000000000338	15.7994
41.40000000000034	10.9186
41.500000000000341	7.62511
41.600000000000342	5.8432
41.700000000000344	8.02896
41.800000000000345	4.6533
41.900000000000347	4.6533
42.000000000000348	2.9
42.10000000000035	6.09735
42.200000000000351	9.67696
42.300000000000352	14.143
42.400000000000354	18.0074
42.500000000000355	22.7266
42.600000000000357	26.5453
42.700000000000358	30.4104
42.80000000000036	17.0801
42.900000000000361	10.2459
43.000000000000362	12.3761
43.100000000000364	16.169
43.200000000000365	21.0166
43.300000000000367	24.8166
43.400000000000368	13.095
43.500000000000369	8.36249
43.600000000000371	10.3995
43.700000000000372	14.7819
43.800000000000374	10.0466
43.900000000000375	13.7568
44.000000000000377	8.11505
44.100000000000378	9.69708
44.200000000000379	5.9272
44.300000000000381	4.22761
44.400000000000382	7.24018
44.500000000000384	5.33117
44.600000000000385	8.99725
44.700000000000387	6.36828
44.800000000000388	10.0506
44.900000000000389	14.6763
45.000000000000391	18.4289
45.100000000000392	9.74267
45.200000000000394	10.3431
45.300000000000395	7.4237
45.400000000000396	12.0665
45.500000000000398	7.07156
45.600000000000399	4.90758
45.700000000000401	8.03643
45.800000000000402	11.617
45.900000000000404	7.60304
46.000000000000405	11.1441
46.100000000000406	5.70558
46.200000000000408	7.40388
46.300000000000409	11.1007
46.400000000000411	15.7981
46.500000000000412	19.5395
46.600000000000414	11.4886
46.700000000000415	14.4297
46.800000000000416	10.2895
46.900000000000418	6.94091
47.000000000000419	10.4204
47.100000000000421	15.1314
47.200000000000422	8.58905
47.300000000000423	12.6555
47.400000000000425	16.3835
47.500000000000426	9.96239
47.600000000000428	14.4784
47.700000000000429	9.30834
47.800000000000431	7.62417
47.900000000000432	4.7656
48.000000000000433	8.2013
48.100000000000435	12.873
48.200000000000436	7.24491
48.300000000000438	11.8737
48.400000000000439	3.60264
48.500000000000441	6.1256
48.600000000000442	9.69465
48.700000000000443	12.9722
48.800000000000445	8.26525
48.900000000000446	12.0288
49.000000000000448	16.6438
49.100000000000449	9.36931
49.20000000000045	9.36931
49.300000000000452	2
49.400000000000453	6.20063
49.500000000000455	5.30733
49.600000000000456	8.98331
49.700000000000458	6.18509
49.800000000000459	8.51931
49.90000000000046	12.2041
50.000000000000462	17.008
50.100000000000463	10.5115
50.200000000000465	15.1941
50.300000000000466	19.0549
50.400000000000468	12
50.500000000000469	16.5627
50.60000000000047	9.60264
50.700000000000472	14.234
50.800000000000473	18.0789
50.900000000000475	11.3105
51.000000000000476	7.14426
51.100000000000477	7.14426
51.200000000000479	11.2916
51.30000000000048	15.0928
51.400000000000482	10.5952
51.500000000000483	14.3024
51.600000000000485	8.58402
51.700000000000486	10.1911
51.800000000000487	6.52123
51.900000000000489	7.25494
52.00000000000049	11.0024
52.100000000000492	15.6014
52.200000000000493	19.3809
52.300000000000495	11.1328
52.400000000000496	11.1328
52.500000000000497	11.1328
52.600000000000499	7.30649
52.7000000000005	11.0363
52.800000000000502	14.6999
52.900000000000503	7.38397
53.000000000000504	10.0415
53.100000000000506	7.02085
53.200000000000507	3.71991
53.300000000000509	6.51232
53.40000000000051	6.73411
53.500000000000512	10.2847
53.600000000000513	6.60027
53.700000000000514	10.1981
53.800000000000516	6.98093
53.900000000000517	10.447
54.000000000000519	14.1932
54.10000000000052	19.0195
54.200000000000522	11.2488
54.300000000000523	3.57979
54.400000000000524	6.27615
54.500000000000526	9.99295
54.600000000000527	6.52163
54.700000000000529	8.04635
54.80000000000053	12.5375
54.900000000000531	16.2927
55.000000000000533	21.1119
55.100000000000534	11.8305
55.200000000000536	15.4994
55.300000000000537	9.17164
55.400000000000539	12.9795
55.50000000000054	17.5719
55.600000000000541	21.3768
55.700000000000543	12.4432
55.800000000000544	17.1801
55.900000000000546	21.0561
56.000000000000547	12.7252
56.100