10	10.0998
10.1	10.0998
10.199999999999999	11.0497
10.299999999999999	12.0075
10.399999999999999	12.0075
10.499999999999998	12.9714
10.599999999999998	13.8681
10.699999999999998	13.8681
10.799999999999997	14.778
10.899999999999997	15.6987
10.999999999999996	15.6987
11.099999999999996	16.6285
11.199999999999996	17.5659
11.299999999999995	18.5098
11.399999999999995	18.5098
11.499999999999995	19.4593
11.599999999999994	20.4135
11.699999999999994	20.4135
11.799999999999994	21.3719
11.899999999999993	22.3339
11.999999999999993	22.3339
12.099999999999993	11.4764
12.199999999999992	11.4764
12.299999999999992	11.4764
12.399999999999991	1
12.499999999999991	2
12.599999999999991	4
12.69999999999999	4
12.79999999999999	5.93074
12.89999999999999	6.73066
12.999999999999989	6.73066
13.099999999999989	7.5777
13.199999999999989	8.45768
13.299999999999988	8.45768
13.399999999999988	9.36133
13.499999999999988	10.2825
13.599999999999987	10.2825
13.699999999999987	11.1269
13.799999999999986	12.0785
13.899999999999986	13.0371
13.999999999999986	13.0371
14.099999999999985	14.0014
14.199999999999985	14.9702
14.299999999999985	14.9702
14.399999999999984	15.8797
14.499999999999984	8.0027
14.599999999999984	8.0027
14.699999999999983	8.0027
14.799999999999983	8.0027
14.899999999999983	1
14.999999999999982	2
15.099999999999982	3
15.199999999999982	4.92064
15.299999999999981	4.92064
15.399999999999981	5.68862
15.49999999999998	6.51909
15.59999999999998	6.51909
15.69999999999998	7.3909
15.799999999999979	8.29104
15.899999999999979	8.29104
15.999999999999979	9.21125
16.09999999999998	10.1462
16.199999999999982	10.1462
16.299999999999983	11.0921
16.399999999999984	12.0464
16.499999999999986	13.0075
16.599999999999987	13.0075
16.699999999999989	13.9018
16.79999999999999	6.95091
16.899999999999991	6.95091
16.999999999999993	7.50954
17.099999999999994	8.39677
17.199999999999996	8.39677
17.299999999999997	9.30641
17.399999999999999	10.2325
17.5	10.2325
17.600000000000001	11.1711
17.700000000000003	12.1192
17.800000000000004	13.0748
17.900000000000006	13.0748
18.000000000000007	14.0364
18.100000000000009	15.003
18.20000000000001	15.003
18.300000000000011	15.9735
18.400000000000013	16.8881
18.500000000000014	16.8881
18.600000000000016	17.8118
18.700000000000017	18.7433
18.800000000000018	18.7433
18.90000000000002	19.6815
19.000000000000021	20.6254
19.100000000000023	21.5743
19.200000000000024	21.5743
19.300000000000026	22.5277
19.400000000000027	23.4848
19.500000000000028	23.4848
19.60000000000003	11.785
19.700000000000031	12.3666
19.800000000000033	12.3666
19.900000000000034	13.3044
20.000000000000036	14.2505
20.100000000000037	14.2505
20.200000000000038	15.2033
20.30000000000004	16.1617
20.400000000000041	16.1617
20.500000000000043	17.1248
20.600000000000044	18.0918
20.700000000000045	19.0622
20.800000000000047	19.0622
20.900000000000048	20.0354
21.00000000000005	21.0111
21.100000000000051	21.0111
21.200000000000053	21.9889
21.300000000000054	22.9249
21.400000000000055	22.9249
21.500000000000057	11.6573
21.600000000000058	11.7431
21.70000000000006	11.7431
21.800000000000061	12.6481
21.900000000000063	13.5663
22.000000000000064	14.2159
22.100000000000065	14.2159
22.200000000000067	7.10794
22.300000000000068	7.10794
22.40000000000007	7.10794
22.500000000000071	8.04035
22.600000000000072	8.98661
22.700000000000074	8.98661
22.800000000000075	9.84127
22.900000000000077	10.7208
23.000000000000078	10.7208
23.10000000000008	11.6197
23.200000000000081	12.5337
23.300000000000082	13.4598
23.400000000000084	13.4598
23.500000000000085	14.3956
23.600000000000087	15.3394
23.700000000000088	15.3394
23.80000000000009	16.2898
23.900000000000091	17.2457
24.000000000000092	17.2457
24.100000000000094	18.2063
24.200000000000095	19.1708
24.300000000000097	19.1708
24.400000000000098	20.1387
24.500000000000099	21.1096
24.600000000000101	10.9276
24.700000000000102	10.9276
24.800000000000104	10.9276
24.900000000000105	11.1099
25.000000000000107	11.1099
25.100000000000108	12.0628
25.200000000000109	13.0226
25.300000000000111	13.0226
25.400000000000112	13.916
25.500000000000114	14.8229
25.600000000000115	14.8229
25.700000000000117	15.741
25.800000000000118	16.6684
25.900000000000119	17.6037
26.000000000000121	17.6037
26.100000000000122	18.5457
26.200000000000124	19.4934
26.300000000000125	19.4934
26.400000000000126	20.446
26.500000000000128	10.3205
26.600000000000129	10.3205
26.700000000000131	10.3205
26.800000000000132	10.3205
26.900000000000134	1
27.000000000000135	2
27.100000000000136	3
27.200000000000138	5.57776
27.300000000000139	5.57776
27.400000000000141	6.42297
27.500000000000142	7.30649
27.600000000000144	7.30649
27.700000000000145	8.21603
27.800000000000146	9.14389
27.900000000000148	9.14389
28.000000000000149	10.0851
28.100000000000151	11.0363
28.200000000000152	11.0363
28.300000000000153	11.9951
28.400000000000155	12.8824
28.500000000000156	13.7849
28.600000000000158	13.7849
28.700000000000159	14.6999
28.800000000000161	15.6253
28.900000000000162	15.6253
29.000000000000163	16.5592
29.100000000000165	17.5003
29.200000000000166	17.5003
29.300000000000168	18.4476
29.400000000000169	19.4001
29.500000000000171	19.4001
29.600000000000172	20.3572
29.700000000000173	21.3181
29.800000000000175	22.2824
29.900000000000176	22.2824
30.000000000000178	23.2497
30.100000000000179	24.2196
30.20000000000018	24.2196
30.300000000000182	25.1918
30.400000000000183	12.7342
30.500000000000185	12.7342
30.600000000000186	12.7342
30.700000000000188	12.7342
30.800000000000189	1
30.90000000000019	2
31.000000000000192	4
31.100000000000193	6.48684
31.200000000000195	6.48684
31.300000000000196	7.36254
31.400000000000198	8.26582
31.500000000000199	8.26582
31.6000000000002	9.18859
31.700000000000202	10.1256
31.800000000000203	10.1256
31.900000000000205	11.0733
32.000000000000206	12.0292
32.100000000000207	12.0292
32.200000000000209	12.9915
32.30000000000021	6.68594
32.400000000000212	6.68594
32.500000000000213	6.68594
32.600000000000215	1
32.700000000000216	1
32.800000000000217	2
32.900000000000219	3.33333
33.00000000000022	3.90856
33.100000000000222	4.16441
33.200000000000223	5.05378
33.300000000000225	5.44207
33.400000000000226	5.97588
33.500000000000227	6.77034
33.600000000000229	7.20419
33.70000000000023	8.12537
33.800000000000232	8.48916
33.900000000000233	9.38974
34.000000000000234	10.0116
34.100000000000236	10.3083
34.200000000000237	11.2405
34.300000000000239	11.8491
34.40000000000024	12.1831
34.500000000000242	13.1341
34.600000000000243	13.6581
34.700000000000244	14.0917
34.800000000000246	15.0546
34.900000000000247	15.5136
35.000000000000249	16.2702
35.10000000000025	16.993
35.200000000000252	17.4008
35.300000000000253	18.3532
35.400000000000254	18.8379
35.500000000000256	19.7715
35.600000000000257	20.2716
35.700000000000259	20.7114
35.80000000000026	21.6565
35.900000000000261	10.9889
36.000000000000263	10.9889
36.100000000000264	11.0799
36.200000000000266	12.0352
36.300000000000267	12.0352
36.400000000000269	12.9971
36.50000000000027	13.8921
36.600000000000271	14.8005
36.700000000000273	14.8005
36.800000000000274	15.7199
36.900000000000276	16.6485
37.000000000000277	16.6485
37.100000000000279	17.5848
37.20000000000028	18.5278
37.300000000000281	18.5278
37.400000000000283	19.4764
37.500000000000284	20.4298
37.600000000000286	20.4298
37.700000000000287	21.3874
37.800000000000288	10.6937
37.90000000000029	10.6937
38.000000000000291	10.6937
38.100000000000293	1
38.200000000000294	2
38.300000000000296	2
38.400000000000297	3
38.500000000000298	5.2
38.6000000000003	5.2
38.700000000000301	6.26331
38.800000000000303	7.16696
38.900000000000304	7.16696
39.000000000000306	7.5777
39.100000000000307	3.78885
39.200000000000308	3.78885
39.30000000000031	3.78885
39.400000000000311	1
39.500000000000313	2
39.600000000000314	2
39.700000000000315	2.5
39.800000000000317	3.83446
39.900000000000318	3.83446
40.00000000000032	4.56988
40.100000000000321	5.39003
40.200000000000323	5.39003
40.300000000000324	6.26135
40.400000000000325	7.16526
40.500000000000327	8.09095
40.600000000000328	8.09095
40.70000000000033	9.03185
40.800000000000331	9.98374
40.900000000000333	9.98374
41.000000000000334	10.8517
41.100000000000335	11.7404
41.200000000000337	11.7404
41.300000000000338	12.6456
41.40000000000034	13.564
41.500000000000341	13.564
41.600000000000342	14.3541
41.700000000000344	7.17704
41.800000000000345	7.17704
41.900000000000347	7.17704
42.000000000000348	7.97598
42.10000000000035	8.81573
42.200000000000351	8.81573
42.300000000000352	9.68565
42.400000000000354	10.5783
42.500000000000355	10.5783
42.600000000000357	11.4884
42.700000000000358	12.4121
42.80000000000036	12.4121
42.900000000000361	13.3467
43.000000000000362	14.2899
43.100000000000364	15.2403
43.200000000000365	15.2403
43.300000000000367	16.1965
43.400000000000368	17.1577
43.500000000000369	17.1577
43.600000000000371	18.1229
43.700000000000372	19.0917
43.800000000000374	19.0917
43.900000000000375	20.0635
44.000000000000377	21.0378
44.100000000000378	21.0378
44.200000000000379	22.0144
44.300000000000381	22.993
44.400000000000382	23.8477
44.500000000000384	23.8477
44.600000000000385	11.9239
44.700000000000387	11.9239
44.800000000000388	11.9239
44.900000000000389	12.6585
45.000000000000391	13.576
45.100000000000392	13.576
45.200000000000394	14.5043
45.300000000000395	15.4414
45.400000000000396	15.4414
45.500000000000398	16.3859
45.600000000000399	17.3365
45.700000000000401	18.2923
45.800000000000402	18.2923
45.900000000000404	19.2525
46.000000000000405	20.2165
46.100000000000406	20.2165
46.200000000000408	21.1838
46.300000000000409	22.154
46.400000000000411	22.154
46.500000000000412	23.1267
46.600000000000414	24.1015
46.700000000000415	24.1015
46.800000000000416	12.1129
46.900000000000418	12.6794
47.000000000000419	13.5955
47.100000000000421	13.5955
47.200000000000422	14.5225
47.300000000000423	15.4586
47.400000000000425	15.4586
47.500000000000426	7.72928
47.600000000000428	7.72928
47.700000000000429	7.72928
47.800000000000431	8.23441
47.900000000000432	9.16039
48.000000000000433	9.16039
48.100000000000435	10.1
48.200000000000436	11.0499
48.300000000000438	12.0077
48.400000000000439	12.0077
48.500000000000441	12.9716
48.600000000000442	13.8683
48.700000000000443	13.8683
48.800000000000445	14.7781
48.900000000000446	15.6988
49.000000000000448	15.6988
49.100000000000449	16.6286
49.20000000000045	17.566
49.300000000000452	17.566
49.400000000000453	18.51
49.500000000000455	19.4594
49.600000000000456	20.4136
49.700000000000458	20.4136
49.800000000000459	21.372
49.90000000000046	22.334
50.000000000000462	22.334
50.100000000000463	23.2991
50.200000000000465	24.267
50.300000000000466	24.267
50.400000000000468	25.2374
50.500000000000469	26.21
50.60000000000047	26.21
50.700000000000472	27.1846
50.800000000000473	28.1609
50.900000000000475	28.1609
51.000000000000476	29.1389
51.100000000000477	30.1182
51.200000000000479	31.0667
51.30000000000048	31.0667
51.400000000000482	32.0495
51.500000000000483	33.0333
51.600000000000485	33.0333
51.700000000000486	34.018
51.800000000000487	17.0677
51.900000000000489	17.0677
52.00000000000049	17.0677
52.100000000000492	17.0677
52.200000000000493	1
52.300000000000495	2
52.400000000000496	4
52.500000000000497	6
52.600000000000499	6
52.7000000000005	8.24808
52.800000000000502	9.17266
52.900000000000503	9.17266
53.000000000000504	10.1112
53.100000000000506	11.0601
53.200000000000507	11.0601
53.300000000000509	12.017
53.40000000000051	12.9802
53.500000000000512	12.9802
53.600000000000513	13.5843
53.700000000000514	6.79213
53.800000000000516	6.79213
53.900000000000517	6.79213
54.000000000000519	1
54.10000000000052	2
54.200000000000522	2
54.300000000000523	3
54.400000000000524	4.40454
54.500000000000526	4.40454
54.600000000000527	5.25165
54.700000000000529	6.14322
54.80000000000053	6.14322
54.900000000000531	7.0626
55.000000000000533	8.00038
55.100000000000534	8.95093
55.200000000000536	8.95093
55.300000000000537	9.80873
55.400000000000539	10.691
55.50000000000054	10.691
55.600000000000541	11.5922
55.700000000000543	12.5082
55.800000000000544	12.5082
55.900000000000546	6.45148
56.000000000000547	6.60648
56.100000000000549	6.60648
56.20000000000055	7.4679
56.300000000000551	8.35962
56.400000000000553	9.27295
56.500000000000554	9.27295
56.600000000000556	4.74369
56.700000000000557	4.