10	1
10.1	1
10.199999999999999	1
10.299999999999999	1
10.399999999999999	1
10.499999999999998	1
10.599999999999998	1
10.699999999999998	1
10.799999999999997	1
10.899999999999997	1
10.999999999999996	2
11.099999999999996	4
11.199999999999996	8
11.299999999999995	32
11.399999999999995	46
11.499999999999995	23
11.599999999999994	23
11.699999999999994	23
11.799999999999994	2
11.899999999999993	5
11.999999999999993	11.2705
12.099999999999993	11.5346
12.199999999999992	11.5346
12.299999999999992	11.5346
12.399999999999991	11.5346
12.499999999999991	1
12.599999999999991	2
12.69999999999999	4
12.79999999999999	6.42297
12.89999999999999	7.0246
12.999999999999989	7.96694
13.099999999999989	8.80756
13.199999999999989	10.5715
13.299999999999988	11.3944
13.399999999999988	12.3252
13.499999999999988	13.2659
13.599999999999987	15.1697
13.699999999999987	16.1301
13.799999999999986	17.095
13.899999999999986	19.0354
13.999999999999986	20.0099
14.099999999999985	20.9868
14.199999999999985	21.92
14.299999999999985	23.5491
14.399999999999984	24.3843
14.499999999999984	25.3502
14.599999999999984	26.3186
14.699999999999983	13.4415
14.799999999999983	13.4415
14.899999999999983	13.6634
14.999999999999982	14.5861
15.099999999999982	16.4583
15.199999999999982	17.4049
15.299999999999981	8.9856
15.399999999999981	8.9856
15.49999999999998	9.31543
15.59999999999998	10.2407
15.69999999999998	11.1786
15.799999999999979	13.0812
15.899999999999979	14.0424
15.999999999999979	7.16256
16.09999999999998	7.16256
16.199999999999982	8.33397
16.299999999999983	9.24987
16.399999999999984	10.1812
16.499999999999986	11.1241
16.599999999999987	5.95428
16.699999999999989	5.95428
16.79999999999999	6.44466
16.899999999999991	7.32551
16.999999999999993	9.15905
17.099999999999994	9.69253
17.199999999999996	4.84627
17.299999999999997	5.62478
17.399999999999999	6.46367
17.5	7.3422
17.600000000000001	8.24774
17.700000000000003	10.1109
17.800000000000004	11.0598
17.900000000000006	12.0168
18.000000000000007	12.98
18.100000000000009	14.7855
18.20000000000001	15.7058
18.300000000000011	8.13491
18.400000000000013	8.25784
18.500000000000014	4.5356
18.600000000000016	4.96633
18.700000000000017	5.72798
18.800000000000018	6.55333
18.90000000000002	8.19585
19.000000000000021	4.09793
19.100000000000023	4.09793
19.200000000000024	5.39203
19.300000000000026	6.26307
19.400000000000027	7.16675
19.500000000000028	7.83918
19.60000000000003	3.91959
19.700000000000031	3.91959
19.800000000000033	2
19.900000000000034	2.5
20.000000000000036	3.55301
20.100000000000037	4.33944
20.200000000000038	6.09735
20.30000000000004	7.02286
20.400000000000041	7.44171
20.500000000000043	8.33628
20.600000000000044	10.1831
20.700000000000045	10.8517
20.800000000000047	5.42584
20.900000000000048	6.1289
21.00000000000005	7.05019
21.100000000000051	7.98945
21.200000000000053	8.8279
21.300000000000054	10.5884
21.400000000000055	11.4977
21.500000000000057	12.4207
21.600000000000058	13.2036
21.70000000000006	7.32731
21.800000000000061	7.85876
21.900000000000063	3.92938
22.000000000000064	3.92938
22.100000000000065	5.26692
22.200000000000067	6.15621
22.300000000000068	7.07386
22.40000000000007	8.0103
22.500000000000071	4.5357
22.600000000000072	4.75617
22.700000000000074	5.54781
22.800000000000075	7.28381
22.900000000000077	7.94617
23.000000000000078	3.97309
23.10000000000008	3.97309
23.200000000000081	5.29912
23.300000000000082	6.18364
23.400000000000084	7.09767
23.500000000000085	8.03129
23.600000000000087	9.83389
23.700000000000088	10.7141
23.80000000000009	11.3512
23.900000000000091	12.1209
24.000000000000092	13.822
24.100000000000094	7.01895
24.200000000000095	7.01895
24.300000000000097	8.21121
24.400000000000098	9.02882
24.500000000000099	9.87978
24.600000000000101	10.2786
24.700000000000102	5.13931
24.800000000000104	5.13931
24.900000000000105	6.04797
25.000000000000107	6.98019
25.100000000000108	8.6568
25.200000000000109	9.54139
25.300000000000111	10.3499
25.400000000000112	11.2786
25.500000000000114	13.1667
25.600000000000115	14.122
25.700000000000117	15.083
25.800000000000118	16.0487
25.900000000000119	17.7669
26.000000000000121	18.647
26.100000000000122	9.32349
26.200000000000124	11.0043
26.300000000000125	11.7968
26.400000000000126	12.6979
26.500000000000128	13.5389
26.600000000000129	15.4088
26.700000000000131	7.86531
26.800000000000132	7.86531
26.900000000000134	7.86531
27.000000000000135	3.63333
27.100000000000136	4.40454
27.200000000000138	5.25165
27.300000000000139	6.14322
27.400000000000141	3.23229
27.500000000000142	3.23229
27.600000000000144	4.08553
27.700000000000145	5.7481
27.800000000000146	6.57086
27.900000000000148	7.43648
28.000000000000149	8.33162
28.100000000000151	4.45769
28.200000000000152	5.29595
28.300000000000153	6.18095
28.400000000000155	7.09533
28.500000000000156	8.97668
28.600000000000158	9.83221
28.700000000000159	10.7125
28.800000000000161	11.5253
28.900000000000162	5.89182
29.000000000000163	5.89182
29.100000000000165	6.22652
29.200000000000166	3.11326
29.300000000000168	4.24442
29.400000000000169	4.91585
29.500000000000171	2.45793
29.600000000000172	3.525
29.700000000000173	4.31687
29.800000000000175	5.17896
29.900000000000176	6.08153
30.000000000000178	7.95337
30.100000000000179	8.79531
30.20000000000018	9.66709
30.300000000000182	9.77053
30.400000000000183	4.88527
30.500000000000185	4.88527
30.600000000000186	1
30.700000000000188	2
30.800000000000189	2.9
30.90000000000019	4.09525
31.000000000000192	5.19763
31.100000000000193	6.09735
31.200000000000195	7.44171
31.300000000000196	8.33628
31.400000000000198	9.67696
31.500000000000199	11.1258
31.6000000000002	12.0775
31.700000000000202	13.3404
31.800000000000203	6.81887
31.900000000000205	7.10909
32.000000000000206	8.04136
32.100000000000207	8.98752
32.200000000000209	9.73942
32.30000000000021	11.5337
32.400000000000212	12.454
32.500000000000213	13.235
32.600000000000215	14.1857
32.700000000000216	16.1047
32.800000000000217	17.071
32.900000000000219	8.65206
33.00000000000022	4.66191
33.100000000000222	4.87641
33.200000000000223	5.65062
33.300000000000225	6.48609
33.400000000000226	8.26523
33.500000000000227	9.18807
33.600000000000229	9.92462
33.70000000000023	4.96231
33.800000000000232	6.39392
33.900000000000233	7.28104
34.000000000000234	8.19345
34.100000000000236	9.12364
34.200000000000237	11.0196
34.300000000000239	11.9798
34.40000000000024	12.868
34.500000000000242	13.7715
34.600000000000243	15.6135
34.700000000000244	16.5481
34.800000000000246	8.51274
34.900000000000247	8.74608
35.000000000000249	9.62237
35.10000000000025	10.5204
35.200000000000252	11.4352
35.300000000000253	13.3009
35.400000000000254	14.2472
35.500000000000256	15.0678
35.600000000000257	15.9089
35.700000000000259	8.17193
35.80000000000026	8.41486
35.900000000000261	8.88055
36.000000000000263	4.44027
36.100000000000264	4.44027
36.200000000000266	5.08475
36.300000000000267	6.00194
36.400000000000269	7.76425
36.50000000000027	8.62494
36.600000000000271	9.51252
36.700000000000273	10.4202
36.800000000000274	12.2778
36.900000000000276	13.2219
37.000000000000277	14.1026
37.100000000000279	14.9982
37.20000000000028	7.82686
37.300000000000281	8.68125
37.400000000000283	9.56355
37.500000000000284	10.1747
37.600000000000286	5.47315
37.700000000000287	5.83267
37.800000000000288	2.91633
37.90000000000029	2.91633
38.000000000000291	2.91633
38.100000000000293	1
38.200000000000294	2.9
38.300000000000296	4.09525
38.400000000000297	4.99753
38.500000000000298	6.09735
38.6000000000003	7.02286
38.700000000000301	3.65241
38.800000000000303	3.9262
38.900000000000304	5.45454
39.000000000000306	6.31672
39.100000000000307	7.21354
39.200000000000308	8.00879
39.30000000000031	4.06682
39.400000000000311	4.54459
39.500000000000313	5.36875
39.600000000000314	6.24313
39.700000000000315	8.07693
39.800000000000317	9.01931
39.900000000000318	9.97241
40.00000000000032	5.08598
40.100000000000321	5.08598
40.200000000000323	5.65465
40.300000000000324	6.48959
40.400000000000325	8.26797
40.500000000000327	9.19053
40.600000000000328	10.1274
40.70000000000033	10.892
40.800000000000331	6.14671
40.900000000000333	7.06562
41.000000000000334	8.00304
41.100000000000335	8.95331
41.200000000000337	4.9128
41.300000000000338	5.68188
41.40000000000034	6.51323
41.500000000000341	7.38574
41.600000000000342	9.20713
41.700000000000344	10.1424
41.800000000000345	11.0887
41.900000000000347	5.97984
42.000000000000348	6.46824
42.10000000000035	7.3462
42.200000000000351	8.2513
42.300000000000352	10.0139
42.400000000000354	10.9713
42.500000000000355	11.8511
42.600000000000357	12.7484
42.700000000000358	14.5827
42.80000000000036	15.5151
42.900000000000361	16.4553
43.000000000000362	17.4021
43.100000000000364	8.70105
43.200000000000365	8.70105
43.300000000000367	4.40799
43.400000000000368	5.44483
43.500000000000369	6.30838
43.600000000000371	7.20626
43.700000000000372	7.74617
43.800000000000374	9.49781
43.900000000000375	10.4067
44.000000000000377	11.3307
44.100000000000378	12.2664
44.200000000000379	6.4908
44.300000000000381	6.4908
44.400000000000382	7.08656
44.500000000000384	3.54328
44.600000000000385	4.56245
44.700000000000387	5.38377
44.800000000000388	6.25599
44.900000000000389	7.16059
45.000000000000391	8.80239
45.100000000000392	9.67352
45.200000000000394	10.5672
45.300000000000395	5.9114
45.400000000000396	5.9114
45.500000000000398	6.24502
45.600000000000399	7.00835
45.700000000000401	3.78955
45.800000000000402	4.53269
45.900000000000404	5.35876
46.000000000000405	5.90035
46.100000000000406	7.28197
46.200000000000408	8.19427
46.300000000000409	8.31631
46.400000000000411	4.15815
46.500000000000412	4.15815
46.600000000000414	4.15815
46.700000000000415	2
46.800000000000416	3.55301
46.900000000000418	4.33944
47.000000000000419	5.19763
47.100000000000421	6.09735
47.200000000000422	7.96541
47.300000000000423	8.80618
47.400000000000425	9.67696
47.500000000000426	10.5704
47.600000000000428	12.4054
47.700000000000429	13.3404
47.800000000000431	14.0719
47.900000000000432	7.03597
48.000000000000433	8.46709
48.100000000000435	4.23354
48.200000000000436	4.23354
48.300000000000438	4.69348
48.400000000000439	6.3511
48.500000000000441	7.24358
48.600000000000442	8.16025
48.700000000000443	10.0398
48.800000000000445	10.995
48.900000000000446	11.8729
49.000000000000448	12.7687
49.100000000000449	14.3232
49.20000000000045	15.2715
49.300000000000452	16.2259
49.400000000000453	17.0684
49.500000000000455	18.423
49.600000000000456	9.2115
49.700000000000458	9.84472
49.800000000000459	5.02342
49.90000000000046	5.77729
50.000000000000462	6.28188
50.100000000000463	6.44107
50.200000000000465	3.22053
50.300000000000466	3.22053
50.400000000000468	4.07642
50.500000000000469	4.98227
50.60000000000047	2.78097
50.700000000000472	3.14056
50.800000000000473	4.01488
50.900000000000475	4.9326
51.000000000000476	6.52804
51.100000000000477	7.39878
51.200000000000479	3.69939
51.30000000000048	3.69939
51.400000000000482	5.10056
51.500000000000483	6.01527
51.600000000000485	6.95197
51.700000000000486	7.7745
51.800000000000487	9.41465
51.900000000000489	10.331
52.00000000000049	11.1717
52.100000000000492	13.0754
52.200000000000493	14.037
52.300000000000495	15.0034
52.400000000000496	15.9739
52.500000000000497	8.14226
52.600000000000499	8.14226
52.7000000000005	1
52.800000000000502	2
52.900000000000503	4.70824
53.000000000000504	5.50703
53.100000000000506	6.36191
53.200000000000507	6.67249
53.300000000000509	3.33624
53.40000000000051	3.33624
53.500000000000512	4.1667
53.600000000000513	4.1667
53.700000000000514	1
53.800000000000516	1
53.900000000000517	1
54.000000000000519	1
54.10000000000052	1
54.200000000000522	2
54.300000000000523	3.55301
54.400000000000524	4.33944
54.500000000000526	5.19763
54.600000000000527	7.02286
54.700000000000529	7.96541
54.80000000000053	8.80618
54.900000000000531	9.46687
55.000000000000533	4.73343
55.100000000000534	4.73343
55.200000000000536	5.34122
55.300000000000537	6.21959
55.400000000000539	8.05885
55.50000000000054	9.00314
55.600000000000541	9.95781
55.700000000000543	10.4502
55.800000000000544	6.12065
55.900000000000546	7.04304
56.000000000000547	3.59251
56.100000000000549	4.12921
56.20000000000055	5.02511
56.300000000000551	5.95179
56.400000000000553	6.74916
56.500000000000554	8.23113
56.600000000000556	4.11557
56.700000000000557	4.11557
56.80000000000