10	1
10.1	1
10.199999999999999	1
10.299999999999999	1
10.399999999999999	1
10.499999999999998	1
10.599999999999998	1
10.699999999999998	1
10.799999999999997	1
10.899999999999997	1
10.999999999999996	1
11.099999999999996	1
11.199999999999996	1
11.299999999999995	1
11.399999999999995	1
11.499999999999995	1
11.599999999999994	1
11.699999999999994	1
11.799999999999994	1
11.899999999999993	1
11.999999999999993	1
12.099999999999993	1
12.199999999999992	1
12.299999999999992	1
12.399999999999991	1
12.499999999999991	1
12.599999999999991	1
12.69999999999999	1
12.79999999999999	1
12.89999999999999	1
12.999999999999989	1
13.099999999999989	1
13.199999999999989	1
13.299999999999988	1
13.399999999999988	1
13.499999999999988	1
13.599999999999987	1
13.699999999999987	1
13.799999999999986	1
13.899999999999986	1
13.999999999999986	1
14.099999999999985	1
14.199999999999985	1
14.299999999999985	1
14.399999999999984	1
14.499999999999984	1
14.599999999999984	1
14.699999999999983	1
14.799999999999983	1
14.899999999999983	1
14.999999999999982	1
15.099999999999982	1
15.199999999999982	1
15.299999999999981	1
15.399999999999981	1
15.49999999999998	1
15.59999999999998	1
15.69999999999998	1
15.799999999999979	1
15.899999999999979	1
15.999999999999979	1
16.09999999999998	1
16.199999999999982	1
16.299999999999983	1
16.399999999999984	1
16.499999999999986	1
16.599999999999987	1
16.699999999999989	1
16.79999999999999	1
16.899999999999991	1
16.999999999999993	1
17.099999999999994	1
17.199999999999996	1
17.299999999999997	1
17.399999999999999	1
17.5	1
17.600000000000001	1
17.700000000000003	1
17.800000000000004	1
17.900000000000006	1
18.000000000000007	1
18.100000000000009	1
18.20000000000001	1
18.300000000000011	1
18.400000000000013	1
18.500000000000014	1
18.600000000000016	1
18.700000000000017	1
18.800000000000018	1
18.90000000000002	1
19.000000000000021	1
19.100000000000023	1
19.200000000000024	1
19.300000000000026	1
19.400000000000027	1
19.500000000000028	1
19.60000000000003	1
19.700000000000031	1
19.800000000000033	1
19.900000000000034	1
20.000000000000036	1
20.100000000000037	1
20.200000000000038	1
20.30000000000004	1
20.400000000000041	1
20.500000000000043	1
20.600000000000044	1
20.700000000000045	1
20.800000000000047	1
20.900000000000048	1
21.00000000000005	1
21.100000000000051	1
21.200000000000053	1
21.300000000000054	1
21.400000000000055	1
21.500000000000057	1
21.600000000000058	1
21.70000000000006	1
21.800000000000061	1
21.900000000000063	1
22.000000000000064	1
22.100000000000065	1
22.200000000000067	1
22.300000000000068	1
22.40000000000007	1
22.500000000000071	1
22.600000000000072	1
22.700000000000074	1
22.800000000000075	1
22.900000000000077	1
23.000000000000078	1
23.10000000000008	1
23.200000000000081	1
23.300000000000082	1
23.400000000000084	1
23.500000000000085	1
23.600000000000087	1
23.700000000000088	1
23.80000000000009	1
23.900000000000091	1
24.000000000000092	1
24.100000000000094	1
24.200000000000095	1
24.300000000000097	1
24.400000000000098	1
24.500000000000099	1
24.600000000000101	1
24.700000000000102	1
24.800000000000104	1
24.900000000000105	1
25.000000000000107	1
25.100000000000108	1
25.200000000000109	1
25.300000000000111	1
25.400000000000112	1
25.500000000000114	2.9
25.600000000000115	3.24483
25.700000000000117	3.24483
25.800000000000118	1.62241
25.900000000000119	1.62241
26.000000000000121	2
26.100000000000122	2.9
26.200000000000124	3.24483
26.300000000000125	4.99753
26.400000000000126	5.57555
26.500000000000128	7.16526
26.600000000000129	8.09095
26.700000000000131	8.69112
26.800000000000132	4.34556
26.900000000000134	4.79423
27.000000000000135	5.58027
27.100000000000136	3.13277
27.200000000000138	3.45197
27.300000000000139	5.13074
27.400000000000141	6.04074
27.500000000000142	3.1837
27.600000000000144	4.29502
27.700000000000145	4.74871
27.800000000000146	6.39159
27.900000000000148	7.279
28.000000000000149	8.19164
28.100000000000151	10.0653
28.200000000000152	11.0182
28.300000000000153	11.8945
28.400000000000155	6.43344
28.500000000000156	6.43344
28.600000000000158	6.43344
28.700000000000159	3.63333
28.800000000000161	3.90856
28.900000000000162	2.95428
29.000000000000163	3.59647
29.100000000000165	4.37459
29.200000000000166	5.02788
29.300000000000168	5.02788
29.400000000000169	2
29.500000000000171	2.9
29.600000000000172	3.83446
29.700000000000173	3.83446
29.800000000000175	1
29.900000000000176	2
30.000000000000178	2.5
30.100000000000179	2.5
30.20000000000018	1
30.300000000000182	2.9
30.400000000000183	3.55301
30.500000000000185	5.19763
30.600000000000186	5.92867
30.700000000000188	6.72885
30.800000000000189	7.96541
30.90000000000019	8.80618
31.000000000000192	9.5725
31.100000000000193	11.3933
31.200000000000195	12.3242
31.300000000000196	14.143
31.400000000000198	15.0362
31.500000000000199	15.5602
31.6000000000002	7.78011
31.700000000000202	7.78011
31.800000000000203	1
31.900000000000205	3.33333
32.000000000000206	4.63158
32.100000000000207	4.63158
32.200000000000209	1
32.30000000000021	1
32.400000000000212	1
32.500000000000213	1
32.600000000000215	1
32.700000000000216	2.9
32.800000000000217	3.55301
32.900000000000219	4.33944
33.00000000000022	6.09735
33.100000000000222	7.02286
33.200000000000223	7.96541
33.300000000000225	3.9827
33.400000000000226	3.9827
33.500000000000227	5.49468
33.600000000000229	6.35126
33.70000000000023	7.24372
33.800000000000232	9.09399
33.900000000000233	4.547
34.000000000000234	4.547
34.100000000000236	1
34.200000000000237	2.9
34.300000000000239	3.83446
34.40000000000024	4.33944
34.500000000000242	2.63061
34.600000000000243	3.34289
34.700000000000244	4.17193
34.800000000000246	5.98104
34.900000000000247	6.31088
35.000000000000249	8.12914
35.10000000000025	9.06602
35.200000000000252	10.0146
35.300000000000253	11.7667
35.400000000000254	5.88334
35.500000000000256	6.21851
35.600000000000257	7.8038
35.700000000000259	8.6605
35.80000000000026	10.2555
35.900000000000261	11.1921
36.000000000000263	11.972
36.100000000000264	4.98602
36.200000000000266	3.98602
36.300000000000267	1
36.400000000000269	2.9
36.50000000000027	2.9
36.600000000000271	1.45
36.700000000000273	2.45
36.800000000000274	4.06676
36.900000000000276	4.97446
37.000000000000277	5.3687
37.100000000000279	2.68435
37.20000000000028	2.68435
37.300000000000281	2
37.400000000000283	2.5
37.500000000000284	4.09525
37.600000000000286	4.99753
37.700000000000287	5.75491
37.800000000000288	3.43873
37.90000000000029	3.72954
38.000000000000291	4.48323
38.100000000000293	6.19915
38.200000000000294	6.82102
38.300000000000296	3.70372
38.400000000000297	4.68615
38.500000000000298	5.48828
38.6000000000003	2.83524
38.700000000000301	2.83524
38.800000000000303	2.83524
38.900000000000304	1
39.000000000000306	2
39.100000000000307	3.55301
39.200000000000308	4.33944
39.30000000000031	6.09735
39.400000000000311	7.02286
39.500000000000313	7.02286
39.600000000000314	3.51143
39.700000000000315	3.51143
39.800000000000317	1
39.900000000000318	2.5
40.00000000000032	3.83446
40.100000000000321	5.39003
40.200000000000323	6.09735
40.300000000000324	6.87746
40.400000000000325	3.65241
40.500000000000327	3.65241
40.600000000000328	1
40.70000000000033	2
40.800000000000331	2.9
40.900000000000333	3.83446
41.000000000000334	3.83446
41.100000000000335	1
41.200000000000337	2
41.300000000000338	3.55301
41.40000000000034	4.33944
41.500000000000341	4.78871
41.600000000000342	2.39435
41.700000000000344	2.39435
41.800000000000345	2
41.900000000000347	2.9
42.000000000000348	3.55301
42.10000000000035	4.99753
42.200000000000351	5.75491
42.300000000000352	6.87746
42.400000000000354	7.02286
42.500000000000355	7.02286
42.600000000000357	1
42.700000000000358	2
42.80000000000036	4.16441
42.900000000000361	5.05378
43.000000000000362	5.97588
43.100000000000364	3.07161
43.200000000000365	3.07161
43.300000000000367	2
43.400000000000368	2.5
43.500000000000369	1.25
43.600000000000371	3.06558
43.700000000000372	3.68661
43.800000000000374	4.21052
43.900000000000375	5.83627
44.000000000000377	6.64785
44.100000000000378	7.76861
44.200000000000379	8.62885
44.300000000000381	4.42955
44.400000000000382	4.42955
44.500000000000384	5.07545
44.600000000000385	5.99411
44.700000000000387	7.62712
44.800000000000388	8.50191
44.900000000000