10	17.4118
10.1	16.6371
10.199999999999999	14.0897
10.299999999999999	14.0734
10.399999999999999	13.8173
10.499999999999998	16.018
10.599999999999998	27.4064
10.699999999999998	39.134
10.799999999999997	11.2296
10.899999999999997	5.83603
10.999999999999996	10.3021
11.099999999999996	11.3215
11.199999999999996	6.21024
11.299999999999995	6.21024
11.399999999999995	3.33333
11.499999999999995	3.33333
11.599999999999994	3.33333
11.699999999999994	3.33333
11.799999999999994	7.02286
11.899999999999993	18.1183
11.999999999999993	7.77483
12.099999999999993	12.4213
12.199999999999992	15.5223
12.299999999999992	27.0832
12.399999999999991	10.141
12.499999999999991	20.4828
12.599999999999991	7.60271
12.69999999999999	11.0794
12.79999999999999	13.0918
12.89999999999999	7.66744
12.999999999999989	14.8814
13.099999999999989	6.94424
13.199999999999989	10.1413
13.299999999999988	13.3468
13.399999999999988	10.6382
13.499999999999988	10.4292
13.599999999999987	21.852
13.699999999999987	16.2215
13.799999999999986	9.31397
13.899999999999986	20.6288
13.999999999999986	8.85934
14.099999999999985	8.85934
14.199999999999985	2
14.299999999999985	9.21697
14.399999999999984	9.28814
14.499999999999984	8.81636
14.599999999999984	18.8279
14.699999999999983	6.07986
14.799999999999983	17.0294
14.899999999999983	6.25796
14.999999999999982	7.95146
15.099999999999982	5.60292
15.199999999999982	5.60292
15.299999999999981	7.02286
15.399999999999981	8.6924
15.49999999999998	18.1189
15.59999999999998	8.13449
15.69999999999998	10.0468
15.799999999999979	11.4848
15.899999999999979	12.2456
15.999999999999979	10.7298
16.09999999999998	6.2167
16.199999999999982	5.70352
16.299999999999983	8.39926
16.399999999999984	12.0208
16.499999999999986	13.7789
16.599999999999987	14.0534
16.699999999999989	14.4744
16.79999999999999	11.2512
16.899999999999991	12.078
16.999999999999993	10.8912
17.099999999999994	10.983
17.199999999999996	10.983
17.299999999999997	9.98495
17.399999999999999	9.87906
17.5	15.3636
17.600000000000001	14.0873
17.700000000000003	10.7185
17.800000000000004	10.5148
17.900000000000006	10.856
18.000000000000007	7.94093
18.100000000000009	5.66785
18.20000000000001	7.56825
18.300000000000011	4.02247
18.400000000000013	3.57849
18.500000000000014	6.85872
18.600000000000016	10.0152
18.700000000000017	13.1284
18.800000000000018	10.6178
18.90000000000002	21.713
19.000000000000021	4.90134
19.100000000000023	7.78055
19.200000000000024	7.41183
19.300000000000026	8.66248
19.400000000000027	9.32577
19.500000000000028	4.11251
19.60000000000003	5.87315
19.700000000000031	9.98061
19.800000000000033	8.11706
19.900000000000034	8.55329
20.000000000000036	8.07005
20.100000000000037	7.90254
20.200000000000038	17.0065
20.30000000000004	9.84915
20.400000000000041	10.8618
20.500000000000043	12.2295
20.600000000000044	8.50705
20.700000000000045	8.81904
20.800000000000047	7.84784
20.900000000000048	11.0093
21.00000000000005	8.09009
21.100000000000051	4.07332
21.200000000000053	2.27518
21.300000000000054	2.27518
21.400000000000055	9.67696
21.500000000000057	5.76214
21.600000000000058	6.70921
21.70000000000006	8.16498
21.800000000000061	5.66322
21.900000000000063	8.81847
22.000000000000064	4.40924
22.100000000000065	4.40924
22.200000000000067	1.70676
22.300000000000068	6.73737
22.40000000000007	10.2302
22.500000000000071	5.69259
22.600000000000072	16.718
22.700000000000074	7.44423
22.800000000000075	4.04663
22.900000000000077	4.04663
23.000000000000078	9.25194
23.10000000000008	7.10685
23.200000000000081	3.59305
23.300000000000082	9.54353
23.400000000000084	10.2393
23.500000000000085	6.26588
23.600000000000087	6.26588
23.700000000000088	3
23.80000000000009	3
23.900000000000091	3
24.000000000000092	3
24.100000000000094	7.96541
24.200000000000095	4.10727
24.300000000000097	4.10727
24.400000000000098	9.25194
24.500000000000099	10.0836
24.600000000000101	6.52837
24.700000000000102	5.25027
24.800000000000104	8.95018
24.900000000000105	7.77128
25.000000000000107	11.1479
25.100000000000108	10.5256
25.200000000000109	8.8249
25.300000000000111	3.86266
25.400000000000112	6.36649
25.500000000000114	7.48761
25.600000000000115	5.30598
25.700000000000117	7.88348
25.800000000000118	7.58072
25.900000000000119	10.724
26.000000000000121	7.2257
26.100000000000122	3.61285
26.200000000000124	3.61285
26.300000000000125	8.80618
26.400000000000126	13.3961
26.500000000000128	7.23867
26.600000000000129	7.23867
26.700000000000131	9.28201
26.800000000000132	11.8721
26.900000000000134	11.4786
27.000000000000135	6.35888
27.100000000000136	9.00348
27.200000000000138	7.87231
27.300000000000139	8.65583
27.400000000000141	5.68325
27.500000000000142	9.36872
27.600000000000144	5.7024
27.700000000000145	5.7024
27.800000000000146	7.96541
27.900000000000148	10.5074
28.000000000000149	9.39398
28.100000000000151	10.1896
28.200000000000152	6.59711
28.300000000000153	6.59711
28.400000000000155	3.50249
28.500000000000156	3.22566
28.600000000000158	8.89166
28.700000000000159	7.44928
28.800000000000161	7.24885
28.900000000000162	8.49792
29.000000000000163	5.48627
29.100000000000165	11.3526
29.200000000000166	5.77897
29.300000000000168	9.5142
29.400000000000169	8.79113
29.500000000000171	8.79113
29.600000000000172	2
29.700000000000173	2.13133
29.800000000000175	7.46769
29.900000000000176	7.08592
30.000000000000178	6.26065
30.100000000000179	7.35141
30.20000000000018	9.9616
30.300000000000182	21.0709
30.400000000000183	11.2169
30.500000000000185	4.16272
30.600000000000186	6.25383
30.700000000000188	6.25383
30.800000000000189	3.63333
30.90000000000019	8.97394
31.000000000000192	9.0388
31.100000000000193	6.64308
31.200000000000195	5.10306
31.300000000000196	9.52923
31.400000000000198	6.24395
31.500000000000199	4.07984
31.6000000000002	8.21588
31.700000000000202	9.24101
31.800000000000203	8.48537
31.900000000000205	8.48537
32.000000000000206	4
32.100000000000207	4.03615
32.200000000000209	3.76383
32.30000000000021	8.63943
32.400000000000212	8.24665
32.500000000000213	8.04173
32.600000000000215	4.08304
32.700000000000216	4.08304
32.800000000000217	8.80618
32.900000000000219	7.22046
33.00000000000022	8.13977
33.100000000000222	8.13977
33.200000000000223	11.8787
33.300000000000225	9.0218
33.400000000000226	3.40732
33.500000000000227	3.40732
33.600000000000229	3.55301
33.70000000000023	6.50509
33.800000000000232	2.96872
33.900000000000233	4.08234
34.000000000000234	5.6944
34.100000000000236	6.33987
34.200000000000237	4.375
34.300000000000239	6.93373
34.40000000000024	9.35608
34.500000000000242	8.57208
34.600000000000243	3.51357
34.700000000000244	3.99873
34.800000000000246	9.55189
34.900000000000247	11.0234
35.000000000000249	6.23397
35.10000000000025	4.56198
35.200000000000252	4.56198
35.300000000000253	7.02286
35.400000000000254	3.2448
35.500000000000256	13.564
35.600000000000257	4.39104
35.700000000000259	4.39104
35.80000000000026	2.59882
35.900000000000261	2.59882
36.000000000000263	1
36.100000000000264	11.4811
36.200000000000266	6.48594
36.300000000000267	9.18572
36.400000000000269	10.4141
36.50000000000027	14.2839
36.600000000000271	7.46226
36.700000000000273	8.32011
36.800000000000274	9.54014
36.900000000000276	9.33494
37.000000000000277	7.3041
37.100000000000279	10.4537
37.20000000000028	13.9878
37.300000000000281	13.1509
37.400000000000283	11.3557
37.500000000000284	6.08094
37.600000000000286	7.05825
37.700000000000287	3.5056
37.800000000000288	5.88433
37.90000000000029	2.6467
38.000000000000291	2.43107
38.100000000000293	2.43107
38.200000000000294	1
38.300000000000296	1
38.400000000000297	1
38.500000000000298	1
38.6000000000003	6.09735
38.700000000000301	5.0868
38.800000000000303	6.79829
38.900000000000304	6.79829
39.000000000000306	1
39.100000000000307	6.78625
39.200000000000308	8.83868
39.30000000000031	6.45862
39.400000000000311	4.47549
39.500000000000313	7.1285
39.600000000000314	5.98617
39.700000000000315	5.25522
39.800000000000317	9.39222
39.900000000000318	10.1364
40.00000000000032	4.89394
40.100000000000321	6.31882
40.200000000000323	6.53797
40.300000000000324	8.14289
40.400000000000325	11.1313
40.500000000000327	5.78651
40.600000000000328	4.18398
40.70000000000033	4.65934
40.800000000000331	9.68058
40.900000000000333	9.78084
41.000000000000334	4.99213
41.100000000000335	4.99213
41.200000000000337	8.80618
41.300000000000338	4.11153
41.40000000000034	7.29923
41.500000000000341	4.35762
41.600000000000342	2.26784
41.700000000000344	6.31744
41.800000000000345	11.6029
41.900000000000347	7.54441
42.000000000000348	7.60959
42.10000000000035	5.66361
42.200000000000351	5.66361
42.300000000000352	6.09735
42.400000000000354	6.47952
42.500000000000355	6.47952
42.600000000000357	5.05378
42.700000000000358	4.40122
42.80000000000036	9.08499
42.900000000000361	4.67075
43.000000000000362	15.5251
43.100000000000364	12.2111
43.200000000000365	6.76144
43.300000000000367	4.845
43.400000000000368	7.18457
43.500000000000369	5.08768
43.600000000000371	11.2197
43.700000000000372	6.96598
43.800000000000374	6.96598
43.900000000000375	7.61288
44.000000000000377	3.34397
44.100000000000378	5.16558
44.200000000000379	9.99341
44.300000000000381	8.16327
44.400000000000382	5.93459
44.500000000000384	8.22585
44.600000000000385	3.57935
44.700000000000387	3.57935
44.800000000000388	1
44.900000000000389	1
45.000000000000391	1
45.100000000000392	1
45.200000000000394	4.33944
45.300000000000395	9.84357
45.400000000000396	5.59071
45.500000000000398	5.59071
45.600000000000399	9.67696
45.700000000000401	12.6375
45.800000000000402	7.35293
45.900000000000404	7.35293
46.000000000000405	1
46.100000000000406	5.37049
46.200000000000408	3.97702
46.300000000000409	9.6897
46.400000000000411	5.38769
46.500000000000412	5.38769
46.600000000000414	7.96541
46.700000000000415	10.2032
46.800000000000416	9.61258
46.900000000000418	5.98526
47.000000000000419	3.46306
47.100000000000421	3.46306
47.200000000000422	4.62597
47.300000000000423	6.66504
47.400000000000425	5.07446
47.500000000000426	6.17755
47.600000000000428	6.10015
47.700000000000429	6.10015
47.800000000000431	3.33333
47.900000000000432	9.53023
48.000000000000433	7.95038
48.100000000000435	4.6185
48.200000000000436	8.66252
48.300000000000438	8.10006
48.400000000000439	8.19021
48.500000000000441	5.37557
48.600000000000442	5.03814
48.700000000000443	8.674
48.800000000000445	8.06332
48.900000000000446	6.52461
49.000000000000448	11.4781
49.100000000000449	6.51728
49.20000000000045	5.45421
49.300000000000452	5.45421
49.400000000000453	6.09735
49.500000000000455	3.73619
49.600000000000456	6.77916
49.700000000000458	17.9146
49.800000000000459	15.3141
49.90000000000046	9.14115
50.000000000000462	2.96071
50.100000000000463	4.14155
50.200000000000465	5.526
50.300000000000466	2.45259
50.400000000000468	2.45259
50.500000000000469	4.33944
50.60000000000047	8.67134
50.700000000000472	7.7099
50.800000000000473	7.7099
50.900000000000475	3.33333
51.000000000000476	4.2184
51.100000000000477	9.22734
51.200000000000479	8.03709
51.30000000000048	8.5345
51.400000000000482	8.34481
51.500000000000483	6.36515
51.600000000000485	6.36515
51.700000000000486	6.77034
51.800000000000487	5.2743
51.900000000000489	10.987
52.00000000000049	6.18126
52.100000000000492	6.18126
52.200000000000493	5.09498
52.300000000000495	4.59656
52.400000000000496	5.56829
52.500000000000497	5.56829
52.600000000000499	2.9
52.7000000000005	7.8197
52.800000000000502	6.12078
52.900000000000503	9.54909
53.000000000000504	11.4371
53.100000000000506	6.79188
53.200000000000507	7.69663
53.300000000000509	8.24626
53.40000000000051	9.81676
53.500000000000512	5.0574
53.600000000000513	15.9604
53.700000000000514	10.1908
53.800000000000516	21.5082
53.900000000000517	9.79545
54.000000000000519	11.0821
54.10000000000052	7.22125
54.200000000000522	4.96152
54.300000000000523	4.96152
54.400000000000524	3.21053
54.500000000000526	3.21053
54.600000000000527	2
54.700000000000529	5.67225
54.80000000000053	5.95193
54.900000000000531	2.8068
55.000000000000533	2.8068
55.100000000000534	5.19763
55.200000000000536	9.69963
55.300000000000537	12.2588
55.400000000000539	10.7842
55.50000000000054	4.49151
55.600000000000541	6.35362
55.700000000000543	4.1534
55.800000000000544	7.5068
55.900000000000546	1.80541
56.000000000000547	2.38938
56.100000000000549	2.38938
56.20000000000055	3.55301
56.300000000000551	7.40922
56.400000000000553	9.68