10	1
10.1	1
10.199999999999999	1
10.299999999999999	8
10.399999999999999	10.5
10.499999999999998	10.5
10.599999999999998	1
10.699999999999998	5.57776
10.799999999999997	8.21603
10.899999999999997	11.0363
10.999999999999996	13.7849
11.099999999999996	15.6253
11.199999999999996	18.4476
11.299999999999995	21.3181
11.399999999999995	24.2196
11.499999999999995	27.1422
11.599999999999994	30.08
11.699999999999994	32.0448
11.799999999999994	34.9994
11.899999999999993	37.8819
11.999999999999993	40.7812
12.099999999999993	43.6941
12.199999999999992	45.6423
12.299999999999992	23.671
12.399999999999991	23.7975
12.499999999999991	12.0658
12.599999999999991	12.0658
12.69999999999999	2
12.79999999999999	6.48684
12.89999999999999	9.40498
12.999999999999989	12.1949
13.099999999999989	15.0641
13.199999999999989	17.6943
13.299999999999988	8.84714
13.399999999999988	8.84714
13.499999999999988	2
13.599999999999987	5.31903
13.699999999999987	8.0443
13.799999999999986	10.7238
13.899999999999986	13.4621
13.999999999999986	15.792
14.099999999999985	18.589
14.199999999999985	21.1111
14.299999999999985	24.0377
14.399999999999984	13.3596
14.499999999999984	13.3596
14.599999999999984	7.25537
14.699999999999983	9.63985
14.799999999999983	12.3765
14.899999999999983	15.2113
14.999999999999982	8.35881
15.099999999999982	8.35881
15.199999999999982	10.5881
15.299999999999981	13.3544
15.399999999999981	16.2029
15.49999999999998	19.0971
15.59999999999998	9.93401
15.69999999999998	10.7126
15.799999999999979	13.4532
15.899999999999979	16.2844
15.999999999999979	19.1662
16.09999999999998	22.0791
16.199999999999982	25.0122
16.299999999999983	26.9385
16.399999999999984	29.7957
16.499999999999986	32.6784
16.599999999999987	17.6217
16.699999999999989	20.4615
16.79999999999999	10.4486
16.899999999999991	10.4486
16.999999999999993	1
17.099999999999994	5.93074
17.199999999999996	8.45768
17.299999999999997	11.2168
17.399999999999999	13.1138
17.5	16.0054
17.600000000000001	18.8238
17.700000000000003	21.6443
17.800000000000004	24.5071
17.900000000000006	27.3626
18.000000000000007	29.3049
18.100000000000009	32.2316
18.20000000000001	35.142
18.300000000000011	19.0211
18.400000000000013	21.8619
18.500000000000014	24.6995
18.600000000000016	26.6109
18.700000000000017	29.4998
18.800000000000018	32.4089
18.90000000000002	35.333
19.000000000000021	18.6981
19.100000000000023	18.8049
19.200000000000024	9.61311
19.300000000000026	9.61311
19.400000000000027	9.61311
19.500000000000028	5.31903
19.60000000000003	8.0443
19.700000000000031	9.84449
19.800000000000033	12.5362
19.900000000000034	15.3414
20.000000000000036	18.208
20.100000000000037	10.3883
20.200000000000038	12.3324
20.30000000000004	14.2208
20.400000000000041	17.1002
20.500000000000043	20.0143
20.600000000000044	22.8628
20.700000000000045	25.7065
20.800000000000047	28.582
20.900000000000048	30.5122
21.00000000000005	33.4228
21.100000000000051	36.3479
21.200000000000053	39.2842
21.300000000000054	42.2294
21.400000000000055	45.1817
21.500000000000057	47.1533
21.600000000000058	24.0388
21.70000000000006	24.0388
21.800000000000061	12.2462
21.900000000000063	12.2462
22.000000000000064	12.2462
22.100000000000065	6
22.200000000000067	8.26582
22.300000000000068	11.0733
22.40000000000007	6.29975
22.500000000000071	6.91236
22.600000000000072	8.6024
22.700000000000074	11.326
22.800000000000075	14.1599
22.900000000000077	17.0496
23.000000000000078	19.9209
23.10000000000008	11.216
23.200000000000081	13.1132
23.300000000000082	16.0049
23.400000000000084	18.8233
23.500000000000085	21.4114
23.600000000000087	24.3017
23.700000000000088	27.2156
23.80000000000009	29.1677
23.900000000000091	14.7374
24.000000000000092	15.9773
24.100000000000094	18.7465
24.200000000000095	10.1679
24.300000000000097	6.03818
24.400000000000098	7.79214
24.500000000000099	10.4409
24.600000000000101	13.2382
24.700000000000102	8.02934
24.800000000000104	10.7126
24.900000000000105	5.71896
25.000000000000107	8.1896
25.100000000000108	11.0167
25.200000000000109	6.47628
25.300000000000111	9.18119
25.400000000000112	11.5987
25.500000000000114	6.05515
25.600000000000115	8.66178
25.700000000000117	11.371
25.800000000000118	14.1959
25.900000000000119	17.0795
26.000000000000121	19.9966
26.100000000000122	21.8622
26.200000000000124	24.6997
26.300000000000125	27.5715
26.400000000000126	30.4678
26.500000000000128	33.3223
26.600000000000129	36.2555
26.700000000000131	18.5505
26.800000000000132	18.7118
26.900000000000134	9.56755
27.000000000000135	9.56755
27.100000000000136	2
27.200000000000138	2.125
27.300000000000139	3.61787
27.400000000000141	6.13433
27.500000000000142	8.83164
27.600000000000144	11.413
27.700000000000145	7.12664
27.800000000000146	9.00135
27.900000000000148	11.7171
28.000000000000149	14.4742
28.100000000000151	17.3113
28.200000000000152	20.1949
28.300000000000153	11.0674
28.400000000000155	12.9865
28.500000000000156	7.29323
28.600000000000158	9.02251
28.700000000000159	11.7333
28.800000000000161	14.4873
28.900000000000162	17.3222
29.000000000000163	19.2397
29.100000000000165	22.1429
29.200000000000166	12.434
29.300000000000168	14.3788
29.400000000000169	17.2317
29.500000000000171	20.1268
29.600000000000172	22.0722
29.700000000000173	25.0061
29.800000000000175	27.8822
29.900000000000176	14.4696
30.000000000000178	8.35935
30.100000000000179	9.38055
30.20000000000018	12.1761
30.300000000000182	15.0489
30.400000000000183	17.9065
30.500000000000185	20.7072
30.600000000000186	11.5879
30.700000000000188	13.4324
30.800000000000189	16.2671
30.90000000000019	19.1516
31.000000000000192	22.0664
31.100000000000193	25.001
31.200000000000195	6.73268
31.300000000000196	7.71142
31.400000000000198	10.381
31.500000000000199	13.1911
31.6000000000002	16.0687
31.700000000000202	18.9834
31.800000000000203	21.7832
31.900000000000205	23.5497
32.000000000000206	12.616
32.100000000000207	13.7568
32.200000000000209	7.26818
32.30000000000021	9.64945
32.400000000000212	12.384
32.500000000000213	14.2655
32.600000000000215	17.1373
32.700000000000216	20.0461
32.800000000000217	22.9343
32.900000000000219	12.7704
33.00000000000022	14.6019
33.100000000000222	7.66919
33.200000000000223	10.2522
33.300000000000225	13.0902
33.400000000000226	15.9861
33.500000000000227	8.71323
33.600000000000229	10.4932
33.70000000000023	13.2794
33.800000000000232	16.1412
33.900000000000233	19.0448
34.000000000000234	9.67886
34.100000000000236	9.67886
34.200000000000237	2
34.300000000000239	6.20063
34.40000000000024	8.99015
34.500000000000242	11.2716
34.600000000000243	5.63582
34.700000000000244	8.13224
34.800000000000246	10.0171
34.900000000000247	12.7509
35.000000000000249	15.5172
35.10000000000025	18.3562
35.200000000000252	9.73408
35.300000000000253	11.0853
35.400000000000254	13.9684
35.500000000000256	16.7121
35.600000000000257	19.5308
35.700000000000259	22.3962
35.80000000000026	12.0798
35.900000000000261	14.0025
36.000000000000263	16.8004
36.100000000000264	19.6063
36.200000000000266	22.462
36.300000000000267	25.3508
36.400000000000269	13.1031
36.50000000000027	15.0276
36.600000000000271	17.8326
36.700000000000273	20.6433
36.800000000000274	23.5006
36.900000000000276	26.3893
37.000000000000277	29.3001
37.100000000000279	15.3667
37.20000000000028	16.4379
37.300000000000281	19.2968
37.400000000000283	10.03
37.500000000000284	12.761
37.600000000000286	15.4608
37.700000000000287	17.4113
37.800000000000288	20.2807
37.90000000000029	11.4611
38.000000000000291	12.5478
38.100000000000293	15.3509
38.200000000000294	17.2559
38.300000000000296	20.1475
38.400000000000297	23.0664
38.500000000000298	26.0034
38.6000000000003	28.884
38.700000000000301	31.755
38.800000000000303	33.6814
38.900000000000304	17.4676
39.000000000000306	19.3189
39.100000000000307	22.2117
39.200000000000308	12.3437
39.30000000000031	13.3583
39.400000000000311	15.2505
39.500000000000313	18.1315
39.600000000000314	20.7578
39.700000000000315	23.6012
39.800000000000317	26.4789
39.900000000000318	14.188
40.00000000000032	15.9818
40.100000000000321	18.6433
40.200000000000323	10.3159
40.300000000000324	10.3159
40.400000000000325	12.5944
40.500000000000327	6.75942
40.600000000000328	9.38191
40.70000000000033	12.1771
40.800000000000331	15.0497
40.900000000000333	8.34563
41.000000000000334	8.34563
41.100000000000335	4.46423
41.200000000000337	6.50482
41.300000000000338	9.20122
41.40000000000034	12.0388
41.500000000000341	14.8709
41.600000000000342	17.6441
41.700000000000344	19.5299
41.800000000000345	22.3507
41.900000000000347	25.2522
42.000000000000348	28.1742
42.10000000000035	31.1108
42.200000000000351	33.9702
42.300000000000352	16.9851
42.400000000000354	19.714
42.500000000000355	22.5561
42.600000000000357	25.4342
42.700000000000358	28.302
42.80000000000036	14.7398
42.900000000000361	17.0707
43.000000000000362	9.48042
43.100000000000364	12.0881
43.200000000000365	14.9779
43.300000000000367	17.7343
43.400000000000368	19.6114
43.500000000000369	22.4665
43.600000000000371	25.3548
43.700000000000372	28.2661
43.800000000000374	31.1941
43.900000000000375	34.1345
44.000000000000377	35.9891
44.100000000000378	17.9945
44.200000000000379	9.32619
44.300000000000381	11.5409
44.400000000000382	14.3321
44.500000000000384	8.51415
44.600000000000385	10.3288
44.700000000000387	13.1502
44.800000000000388	16.0352
44.900000000000389	18.9021
45.000000000000391	21.7124
45.100000000000392	24.5673
45.200000000000394	26.4883
45.300000000000395	29.3893
45.400000000000396	32.3083
45.500000000000398	17.7496
45.600000000000399	20.5717
45.700000000000401	22.4785
45.800000000000402	25.3654
45.900000000000404	13.7431
46.000000000000405	16.0944
46.100000000000406	18.7932
46.200000000000408	21.6177
46.300000000000409	23.5247
46.400000000000411	26.3728
46.500000000000412	14.2453
46.600000000000414	17.1205
46.700000000000415	9.34391
46.800000000000416	12.1479
46.900000000000418	14.0613
47.000000000000419	16.9087
47.100000000000421	19.5972
47.200000000000422	22.4541
47.300000000000423	25.1854
47.400000000000425	28.1143
47.500000000000426	30.0746
47.600000000000428	33.0238
47.700000000000429	35.9536
47.800000000000431	38.8425
47.900000000000432	19.7406
48.000000000000433	10.2436
48.100000000000435	10.2436
48.200000000000436	12.8515
48.300000000000438	15.5998
48.400000000000439	9.10882
48.500000000000441	11.9685
48.600000000000442	13.7617
48.700000000000443	8.1544
48.800000000000445	4.59933
48.900000000000446	6.74862
49.000000000000448	9.37417
49.100000000000449	12.1712
49.20000000000045	14.0813
49.300000000000452	8.25913
49.400000000000453	11.0683
49.500000000000455	13.8829
49.600000000000456	16.6408
49.700000000000458	19.4698
49.800000000000459	21.3815
49.90000000000046	24.2754
50.000000000000462	27.1552
50.100000000000463	30.0917
50.200000000000465	15.9966
50.300000000000466	16.8507
50.400000000000468	18.7096
50.500000000000469	10.5851
50.60000000000047	12.4984
50.700000000000472	15.3106
50.800000000000473	18.0715
50.900000000000475	20.017
51.000000000000476	22.8652
51.100000000000477	25.7086
51.200000000000479	13.3882
51.30000000000048	13.9745
51.400000000000482	16.7172
51.500000000000483	18.5896
51.600000000000485	21.441
51.700000000000486	11.0657
51.800000000000487	13.8808
51.900000000000489	8.04401
52.00000000000049	8.41137
52.100000000000492	4.49494
52.200000000000493	7.11842
52.300000000000495	9.84881
52.400000000000496	12.5396
52.500000000000497	15.3442
52.600000000000499	18.2103
52.7000000000005	19.8419
52.800000000000502	22.6679
52.900000000000503	12.4693
53.000000000000504	13.5486
53.100000000000506	16.3632
53.200000000000507	18.272
53.300000000000509	21.1663
53.40000000000051	24.0861
53.500000000000512	27.0233
53.600000000000513	14.461
53.700000000000514	8.14864
53.800000000000516	10.0304
53.900000000000517	12.7613
54.000000000000519	15.5257
54.10000000000052	8.14088
54.200000000000522	9.71865
54.300000000000523	12.4378
54.400000000000524	14.3123
54.500000000000526	17.1762
54.600000000000527	9.55419
54.700000000000529	10.2642
54.80000000000053	13.0996
54.900000000000531	15.9937
55.000000000000533	17.83
55.100000000000534	20.6411
55.200000000000536	10.465
55.300000000000537	11.7317
55.400000000000539	14.486
55.50000000000054	17.3212
55.600000000000541	8.86066
55.700000000000543	10.1314
55.800000000000544	5.93306
55.900000000000546	7.30836
56.000000000000547	10.0865
56.100000000000549	11.9963
56.20000000000055	14.