10	1
10.1	1
10.199999999999999	1
10.299999999999999	1
10.399999999999999	1
10.499999999999998	1
10.599999999999998	1
10.699999999999998	1
10.799999999999997	1
10.899999999999997	1
10.999999999999996	1
11.099999999999996	1
11.199999999999996	1
11.299999999999995	1
11.399999999999995	1
11.499999999999995	1
11.599999999999994	1
11.699999999999994	1
11.799999999999994	1
11.899999999999993	1
11.999999999999993	1
12.099999999999993	1
12.199999999999992	1
12.299999999999992	1
12.399999999999991	1
12.499999999999991	1
12.599999999999991	1
12.69999999999999	1
12.79999999999999	1
12.89999999999999	1
12.999999999999989	1
13.099999999999989	1
13.199999999999989	1
13.299999999999988	1
13.399999999999988	1
13.499999999999988	1
13.599999999999987	1
13.699999999999987	1
13.799999999999986	1
13.899999999999986	1
13.999999999999986	1
14.099999999999985	1
14.199999999999985	1
14.299999999999985	1
14.399999999999984	1
14.499999999999984	1
14.599999999999984	1
14.699999999999983	1
14.799999999999983	1
14.899999999999983	1
14.999999999999982	1
15.099999999999982	1
15.199999999999982	1
15.299999999999981	1
15.399999999999981	1
15.49999999999998	1
15.59999999999998	1
15.69999999999998	1
15.799999999999979	1
15.899999999999979	1
15.999999999999979	1
16.09999999999998	1
16.199999999999982	1
16.299999999999983	1
16.399999999999984	1
16.499999999999986	1
16.599999999999987	1
16.699999999999989	1
16.79999999999999	1
16.899999999999991	1
16.999999999999993	1
17.099999999999994	1
17.199999999999996	1
17.299999999999997	1
17.399999999999999	1
17.5	1
17.600000000000001	1
17.700000000000003	1
17.800000000000004	1
17.900000000000006	1
18.000000000000007	1
18.100000000000009	1
18.20000000000001	1
18.300000000000011	1
18.400000000000013	1
18.500000000000014	1
18.600000000000016	1
18.700000000000017	1
18.800000000000018	1
18.90000000000002	1
19.000000000000021	1
19.100000000000023	1
19.200000000000024	1
19.300000000000026	1
19.400000000000027	1
19.500000000000028	1
19.60000000000003	1
19.700000000000031	1
19.800000000000033	1
19.900000000000034	1
20.000000000000036	1
20.100000000000037	1
20.200000000000038	1
20.30000000000004	1
20.400000000000041	1
20.500000000000043	1
20.600000000000044	1
20.700000000000045	1
20.800000000000047	1
20.900000000000048	1
21.00000000000005	1
21.100000000000051	1
21.200000000000053	1
21.300000000000054	1
21.400000000000055	1
21.500000000000057	1
21.600000000000058	1
21.70000000000006	1
21.800000000000061	1
21.900000000000063	1
22.000000000000064	1
22.100000000000065	1
22.200000000000067	1
22.300000000000068	1
22.40000000000007	1
22.500000000000071	1
22.600000000000072	1
22.700000000000074	1
22.800000000000075	1
22.900000000000077	1
23.000000000000078	1
23.10000000000008	1
23.200000000000081	1
23.300000000000082	1
23.400000000000084	1
23.500000000000085	1
23.600000000000087	1
23.700000000000088	1
23.80000000000009	1
23.900000000000091	1
24.000000000000092	1
24.100000000000094	1
24.200000000000095	1
24.300000000000097	1
24.400000000000098	1
24.500000000000099	1
24.600000000000101	1
24.700000000000102	1
24.800000000000104	1
24.900000000000105	1
25.000000000000107	1
25.100000000000108	1
25.200000000000109	1
25.300000000000111	1
25.400000000000112	1
25.500000000000114	4
25.600000000000115	7
25.700000000000117	7.6873
25.800000000000118	10.3632
25.900000000000119	14.1318
26.000000000000121	7.64502
26.100000000000122	9.08959
26.200000000000124	5.45235
26.300000000000125	9.06876
26.400000000000126	11.8538
26.500000000000128	15.5171
26.600000000000129	18.1366
26.700000000000131	22.0257
26.800000000000132	12.3212
26.900000000000134	6.20116
27.000000000000135	8.41204
27.100000000000136	5.26756
27.200000000000138	6.63181
27.300000000000139	9.2909
27.400000000000141	13.0638
27.500000000000142	7.29338
27.600000000000144	9.45808
27.700000000000145	12.2358
27.800000000000146	6.92528
27.900000000000148	4.19367
28.000000000000149	7.62859
28.100000000000151	4.37927
28.200000000000152	3.46235
28.300000000000153	6.04649
28.400000000000155	9.54046
28.500000000000156	12.2994
28.600000000000158	7.0607
28.700000000000159	10.404
28.800000000000161	13.0565
28.900000000000162	8.01057
29.000000000000163	9.29078
29.100000000000165	13.0637
29.200000000000166	7.76595
29.300000000000168	5.30623
29.400000000000169	5.30623
29.500000000000171	8.63998
29.600000000000172	11.3545
29.700000000000173	6.46247
29.800000000000175	8.94941
29.900000000000176	11.591
30.000000000000178	15.3177
30.100000000000179	18.188
30.20000000000018	9.65484
30.300000000000182	5.46731
30.400000000000183	3.49363
30.500000000000185	2.37285
30.600000000000186	5.14219
30.700000000000188	7.67121
30.800000000000189	5.19846
30.90000000000019	7.96594
31.000000000000192	11.1262
31.100000000000193	5.5631
31.200000000000195	7.43246
31.300000000000196	11.1197
31.400000000000198	13.9956
31.500000000000199	9.17636
31.6000000000002	5.66608
31.700000000000202	3.62728
31.800000000000203	6.13974
31.900000000000205	4.18944
32.000000000000206	6.78548
32.100000000000207	10.3182
32.200000000000209	13.0653
32.30000000000021	16.8213
32.400000000000212	19.5731
32.500000000000213	11.1942
32.600000000000215	13.7665
32.700000000000216	7.67872
32.800000000000217	5.39345
32.900000000000219	8.09321
33.00000000000022	11.742
33.100000000000222	14.4943
33.200000000000223	18.1745
33.300000000000225	10.401
33.400000000000226	14.1595
33.500000000000227	8.26046
33.600000000000229	11.5139
33.70000000000023	14.1696
33.800000000000232	8.73193
33.900000000000233	4.42323
34.000000000000234	5.45706
34.100000000000236	8.49868
34.200000000000237	11.2476
34.300000000000239	7.57702
34.40000000000024	4.74695
34.500000000000242	4.27261
34.600000000000243	6.53361
34.700000000000244	9.7515
34.800000000000246	6.4856
34.900000000000247	10.1248
35.000000000000249	12.9908
35.10000000000025	16.6436
35.200000000000252	9.63698
35.300000000000253	5.89648
35.400000000000254	6.54788
35.500000000000256	9.23153
35.600000000000257	6.24696
35.700000000000259	9.02194
35.80000000000026	12.6386
35.900000000000261	7.51512
36.000000000000263	10.3343
36.100000000000264	13.1545
36.200000000000266	16.8311
36.300000000000267	8.67925
36.400000000000269	5.18431
36.50000000000027	7.15569
36.600000000000271	9.97691
36.700000000000273	13.559
36.800000000000274	7.68068
36.900000000000276	5.48524
37.000000000000277	8.15408
37.100000000000279	11.6123
37.20000000000028	14.3896
37.300000000000281	7.63412
37.400000000000283	8.26802
37.500000000000284	12.0307
37.600000000000286	14.7968
37.700000000000287	18.5248
37.800000000000288	21.338
37.90000000000029	11.3729
38.000000000000291	13.4727
38.100000000000293	6.84708
38.200000000000294	9.22949
38.300000000000296	11.8928
38.400000000000297	7.31913
38.500000000000298	9.99417
38.6000000000003	13.4976
38.700000000000301	8.13825
38.800000000000303	4.86582
38.900000000000304	7.35496
39.000000000000306	10.6992
39.100000000000307	13.4425
39.200000000000308	8.1991
39.30000000000031	8.1991
39.400000000000311	8.1991
39.500000000000313	4.27985
39.600000000000314	6.53827
39.700000000000315	3.77138
39.800000000000317	4.73904
39.900000000000318	2.36952
40.00000000000032	4.72672
40.100000000000321	8.17911
40.200000000000323	4.7181
40.300000000000324	3.18456
40.400000000000325	5.16144
40.500000000000327	8.55287
40.600000000000328	10.6476
40.70000000000033	5.32381
40.800000000000331	7.11598
40.900000000000333	9.84705
41.000000000000334	13.464
41.100000000000335	7.19975
41.200000000000337	4.75034
41.300000000000338	7.28005
41.40000000000034	11.0189
41.500000000000341	6.35531
41.600000000000342	6.35531
41.700000000000344	1
41.800000000000345	5.05378
41.900000000000347	7.61288
42.000000000000348	10.3083
42.10000000000035	14.0203
42.200000000000351	16.8152
42.300000000000352	20.5658
42.400000000000354	23.4325
42.500000000000355	6.48789
42.600000000000357	3.61253
42.700000000000358	7.05224
42.80000000000036	9.6982
42.900000000000361	13.3558
43.000000000000362	16.204
43.100000000000364	8.46484
43.200000000000365	4.74553
43.300000000000367	8.18983
43.400000000000368	11.0169
43.500000000000369	6.15392
43.600000000000371	4.27663
43.700000000000372	3.32419
43.800000000000374	6.76601
43.900000000000375	9.27887
44.000000000000377	13.0553
44.100000000000378	7.39294
44.20000