10	1
10.1	1
10.199999999999999	1
10.299999999999999	1
10.399999999999999	1
10.499999999999998	1
10.599999999999998	1
10.699999999999998	1
10.799999999999997	1
10.899999999999997	1
10.999999999999996	1
11.099999999999996	1
11.199999999999996	1
11.299999999999995	1
11.399999999999995	1
11.499999999999995	1
11.599999999999994	1
11.699999999999994	1
11.799999999999994	1
11.899999999999993	1
11.999999999999993	1
12.099999999999993	1
12.199999999999992	1
12.299999999999992	1
12.399999999999991	1
12.499999999999991	1
12.599999999999991	1
12.69999999999999	1
12.79999999999999	1
12.89999999999999	1
12.999999999999989	1
13.099999999999989	1
13.199999999999989	1
13.299999999999988	1
13.399999999999988	1
13.499999999999988	1
13.599999999999987	1
13.699999999999987	1
13.799999999999986	1
13.899999999999986	1
13.999999999999986	1
14.099999999999985	1
14.199999999999985	1
14.299999999999985	1
14.399999999999984	1
14.499999999999984	1
14.599999999999984	1
14.699999999999983	1
14.799999999999983	1
14.899999999999983	1
14.999999999999982	1
15.099999999999982	1
15.199999999999982	1
15.299999999999981	1
15.399999999999981	1
15.49999999999998	1
15.59999999999998	1
15.69999999999998	1
15.799999999999979	1
15.899999999999979	1
15.999999999999979	1
16.09999999999998	1
16.199999999999982	1
16.299999999999983	1
16.399999999999984	1
16.499999999999986	1
16.599999999999987	1
16.699999999999989	1
16.79999999999999	1
16.899999999999991	1
16.999999999999993	1
17.099999999999994	1
17.199999999999996	1
17.299999999999997	1
17.399999999999999	1
17.5	1
17.600000000000001	1
17.700000000000003	1
17.800000000000004	1
17.900000000000006	1
18.000000000000007	1
18.100000000000009	1
18.20000000000001	1
18.300000000000011	1
18.400000000000013	1
18.500000000000014	1
18.600000000000016	1
18.700000000000017	1
18.800000000000018	1
18.90000000000002	1
19.000000000000021	1
19.100000000000023	1
19.200000000000024	1
19.300000000000026	1
19.400000000000027	1
19.500000000000028	1
19.60000000000003	1
19.700000000000031	1
19.800000000000033	1
19.900000000000034	1
20.000000000000036	1
20.100000000000037	1
20.200000000000038	1
20.30000000000004	1
20.400000000000041	1
20.500000000000043	1
20.600000000000044	1
20.700000000000045	1
20.800000000000047	1
20.900000000000048	1
21.00000000000005	1
21.100000000000051	1
21.200000000000053	1
21.300000000000054	1
21.400000000000055	1
21.500000000000057	1
21.600000000000058	1
21.70000000000006	1
21.800000000000061	1
21.900000000000063	1
22.000000000000064	1
22.100000000000065	1
22.200000000000067	1
22.300000000000068	1
22.40000000000007	1
22.500000000000071	1
22.600000000000072	1
22.700000000000074	1
22.800000000000075	1
22.900000000000077	1
23.000000000000078	1
23.10000000000008	1
23.200000000000081	1
23.300000000000082	1
23.400000000000084	1
23.500000000000085	1
23.600000000000087	1
23.700000000000088	1
23.80000000000009	1
23.900000000000091	1
24.000000000000092	1
24.100000000000094	1
24.200000000000095	1
24.300000000000097	1
24.400000000000098	1
24.500000000000099	1
24.600000000000101	1
24.700000000000102	1
24.800000000000104	1
24.900000000000105	1
25.000000000000107	1
25.100000000000108	1
25.200000000000109	1
25.300000000000111	1
25.400000000000112	1
25.500000000000114	1
25.600000000000115	1
25.700000000000117	1
25.800000000000118	1
25.900000000000119	1
26.000000000000121	1
26.100000000000122	1
26.200000000000124	1
26.300000000000125	1
26.400000000000126	1
26.500000000000128	1
26.600000000000129	1
26.700000000000131	1
26.800000000000132	1
26.900000000000134	1
27.000000000000135	1
27.100000000000136	1
27.200000000000138	1
27.300000000000139	1
27.400000000000141	1
27.500000000000142	1
27.600000000000144	1
27.700000000000145	1
27.800000000000146	18.5573
27.900000000000148	55.565
28.000000000000149	23.0695
28.100000000000151	61.1488
28.200000000000152	30.2259
28.300000000000153	27.0991
28.400000000000155	64.259
28.500000000000156	95.5072
28.600000000000158	118.262
28.700000000000159	25.0985
28.800000000000161	18.9761
28.900000000000162	38.5667
29.000000000000163	50.9383
29.100000000000165	32.6833
29.200000000000166	15.2542
29.300000000000168	11.9214
29.400000000000169	44.5583
29.500000000000171	54.9424
29.600000000000172	26.0198
29.700000000000173	64.1399
29.800000000000175	26.0763
29.900000000000176	37.3642
30.000000000000178	19.428
30.100000000000179	13.2206
30.20000000000018	44.2944
30.300000000000182	23.3622
30.400000000000183	22.7292
30.500000000000185	29.9909
30.600000000000186	32
30.700000000000188	26.0955
30.800000000000189	15.5066
30.90000000000019	12.4039
31.000000000000192	43.5559
31.100000000000193	27.3363
31.200000000000195	30.9762
31.300000000000196	37.165
31.400000000000198	22.5452
31.500000000000199	19.5139
31.6000000000002	28.1241
31.700000000000202	15.4186
31.800000000000203	15.5419
31.900000000000205	19.3344
32.000000000000206	39.2628
32.100000000000207	18.071
32.200000000000209	55.0425
32.30000000000021	45.404
32.400000000000212	13.1407
32.500000000000213	29.6895
32.600000000000215	16.0513
32.700000000000216	41.2867
32.800000000000217	21.3411
32.900000000000219	14.9153
33.00000000000022	51.7079
33.100000000000222	32.5886
33.200000000000223	39.6534
33.300000000000225	16.325
33.400000000000226	46.514
33.500000000000227	14.2027
33.600000000000229	51.1566
33.70000000000023	38.0529
33.800000000000232	16.1334
33.900000000000233	34.5231
34.000000000000234	27.0294
34.100000000000236	64.1674
34.200000000000237	94.7726
34.300000000000239	117.737
34.40000000000024	16.2636
34.500000000000242	39.6156
34.600000000000243	11.1435
34.700000000000244	47.871
34.800000000000246	16.5683
34.900000000000247	31.6248
35.000000000000249	68.8688
35.10000000000025	98.1797
35.200000000000252	28.0276
35.300000000000253	65.1797
35.400000000000254	31.0024
35.500000000000256	14.3175
35.600000000000257	24.2549
35.700000000000259	61.3941
35.80000000000026	32.0312
35.900000000000261	18.3771
36.000000000000263	56.3635
36.100000000000264	89.2709
36.200000000000266	113.285
36.300000000000267	9.32925
36.400000000000269	41.7437
36.50000000000027	24.685
36.600000000000271	20.351
36.700000000000273	29.0225
36.800000000000274	34.1821
36.900000000000276	28.8816
37.000000000000277	34.0867
37.100000000000279	23.4978
37.20000000000028	39.9615
37.300000000000281	45.3132
37.400000000000283	26.9291
37.500000000000284	32
37.600000000000286	29.0531
37.700000000000287	44.0326
37.800000000000288	18.1674
37.90000000000029	25.511
38.000000000000291	20.1126
38.100000000000293	13.8056
38.200000000000294	36.8303
38.300000000000296	15.8095
38.400000000000297	49.8507
38.500000000000298	37.5998
38.6000000000003	16.325
38.700000000000301	29.2053
38.800000000000303	15.616
38.900000000000304	23.066
39.000000000000306	45.1754
39.100000000000307	16.2943
39.200000000000308	21.1687
39.30000000000031	42.9289
39.400000000000311	16.474
39.500000000000313	54.3193
39.600000000000314	31.5234
39.700000000000315	23.8735
39.800000000000317	19.416
39.900000000000318	40.9591
40.00000000000032	17.5304
40.100000000000321	37.6419
40.200000000000323	36.6669
40.300000000000324	24.6985
40.400000000000325	46.5216
40.500000000000327	18.4805
40.600000000000328	29.3228
40.70000000000033	15.4205
40.800000000000331	27.1652
40.900000000000333	16.5902
41.000000000000334	53.5202
41.100000000000335	19.6448
41.200000000000337	57.6628
41.300000000000338	35.0589
41.40000000000034	25.9346
41.500000000000341	10.2754
41.600000000000342	22.1983
41.700000000000344	39.3564
41.800000000000345	21.0628
41.900000000000347	12.386
42.000000000000348	33.0058
42.10000000000035	32.1333
42.200000000000351	32
42.300000000000352	30.0724
42.400000000000354	30.7959
42.500000000000355	32
42.600000000000357	28.3276
42.700000000000358	22.2279
42.80000000000036	26.5146
42.900000000000361	17.1192
43.000000000000362	42.0857
43.100000000000364	19.2347
43.200000000000365	32.3059
43.300000000000367	21.3696
43.400000000000368	58.4608
43.500000000000369	23.1594
43.600000000000371	43.3607
43.700000000000372	19.4457
43.800000000000374	56.473
43.900000000000375	28.2961
44.000000000000377	43.4688
44.100000000000378	23.8594
44.200000000000379	14.6866
44.300000000000381	51.5068
44.400000000000382	16.325
44.500000000000384	39.1679
44.600000000000385	16.6278
44.7000000000