10	1
10.1	1
10.199999999999999	1
10.299999999999999	1
10.399999999999999	1
10.499999999999998	1
10.599999999999998	1
10.699999999999998	1
10.799999999999997	1
10.899999999999997	1
10.999999999999996	1
11.099999999999996	1
11.199999999999996	2
11.299999999999995	8
11.399999999999995	32
11.499999999999995	32
11.599999999999994	32
11.699999999999994	32
11.799999999999994	5
11.899999999999993	13
11.999999999999993	17.7794
12.099999999999993	19.6521
12.199999999999992	10.4913
12.299999999999992	11.4961
12.399999999999991	13.5767
12.499999999999991	16.202
12.599999999999991	18.1278
12.69999999999999	20.0678
12.79999999999999	22.0184
12.89999999999999	11.4984
12.999999999999989	11.4984
13.099999999999989	1
13.199999999999989	3
13.299999999999988	7.0246
13.399999999999988	8.80756
13.499999999999988	10.5715
13.599999999999987	12.4063
13.699999999999987	6.67198
13.799999999999986	9.31946
13.899999999999986	11.1819
13.999999999999986	13.0841
14.099999999999985	15.011
14.199999999999985	17.8186
14.299999999999985	19.6876
14.399999999999984	21.58
14.499999999999984	23.49
14.599999999999984	25.4137
14.699999999999983	28.319
14.799999999999983	30.266
14.899999999999983	32.2195
14.999999999999982	16.4782
15.099999999999982	18.4836
15.199999999999982	20.3898
15.299999999999981	22.3122
15.399999999999981	24.247
15.49999999999998	26.1915
15.59999999999998	29.1221
15.69999999999998	31.0832
15.799999999999979	33.0488
15.899999999999979	35.0183
15.999999999999979	37.9521
16.09999999999998	19.713
16.199999999999982	20.7039
16.299999999999983	22.5995
16.399999999999984	24.5116
16.499999999999986	27.4031
16.599999999999987	29.3428
16.699999999999989	31.29
16.79999999999999	33.2434
16.899999999999991	36.183
16.999999999999993	38.1479
17.099999999999994	40.1162
17.199999999999996	42.0875
17.299999999999997	44.0614
17.399999999999999	47.0263
17.5	48.944
17.600000000000001	25.0779
17.700000000000003	27.0366
17.800000000000004	29.9847
17.900000000000006	31.8927
18.000000000000007	33.8113
18.100000000000009	35.7387
18.20000000000001	37.6737
18.300000000000011	40.588
18.400000000000013	42.5374
18.500000000000014	44.4913
18.600000000000016	22.4916
18.700000000000017	24.5348
18.800000000000018	26.4203
18.90000000000002	14.0203
19.000000000000021	15.8963
19.100000000000023	17.7427
19.200000000000024	20.5658
19.300000000000026	22.4731
19.400000000000027	24.3541
19.500000000000028	13.0498
19.60000000000003	15.0479
19.700000000000031	16.9871
19.800000000000033	18.8326
19.900000000000034	20.7065
20.000000000000036	22.6019
20.100000000000037	12.5594
20.200000000000038	13.5578
20.30000000000004	7.24364
20.400000000000041	8.75565
20.500000000000043	11.4425
20.600000000000044	13.3072
20.700000000000045	15.2058
20.800000000000047	17.127
20.900000000000048	19.0642
21.00000000000005	21.9906
21.100000000000051	23.8677
21.200000000000053	25.7632
21.300000000000054	27.6734
21.400000000000055	14.9824
21.500000000000057	16.0169
21.600000000000058	17.9068
21.70000000000006	19.7674
21.800000000000061	21.6528
21.900000000000063	24.5146
22.000000000000064	26.4394
22.100000000000065	28.3392
22.200000000000067	30.285
22.300000000000068	33.2155
22.40000000000007	35.1472
22.500000000000071	37.1131
22.600000000000072	39.0824
22.700000000000074	41.0546
22.800000000000075	44.0176
22.900000000000077	45.9956
23.000000000000078	47.9337
23.10000000000008	49.8766
23.200000000000081	25.9025
23.300000000000082	27.8031
23.400000000000084	14.4832
23.500000000000085	14.8926
23.600000000000087	16.7304
23.700000000000088	9.59224
23.80000000000009	9.59224
23.900000000000091	10.6827
24.000000000000092	12.5011
24.100000000000094	15.2472
24.200000000000095	17.1638
24.300000000000097	19.0972
24.400000000000098	21.0428
24.500000000000099	22.9976
24.600000000000101	25.8264
24.700000000000102	27.7322
24.800000000000104	29.6503
24.900000000000105	31.5786
25.000000000000107	34.4861
25.100000000000108	36.4328
25.200000000000109	18.5834
25.300000000000111	20.3823
25.400000000000112	22.3053
25.500000000000114	25.2121
25.600000000000115	27.1611
25.700000000000117	29.1169
25.800000000000118	31.0783
25.900000000000119	34.0287
26.000000000000121	36.0001
26.100000000000122	18.4529
26.200000000000124	20.3619
26.300000000000125	22.3316
26.400000000000126	25.1956
26.500000000000128	27.1458
26.600000000000129	29.1026
26.700000000000131	31.0649
26.800000000000132	16.4551
26.900000000000134	16.4551
27.000000000000135	17.7439
27.100000000000136	19.6201
27.200000000000138	22.3401
27.300000000000139	24.396
27.400000000000141	26.3295
27.500000000000142	28.2721
27.600000000000144	30.2222
27.700000000000145	15.9486
27.800000000000146	16.136
27.900000000000148	18.0689
28.000000000000149	20.0146
28.100000000000151	11.3464
28.200000000000152	13.2248
28.300000000000153	15.0674
28.400000000000155	17.0043
28.500000000000156	18.9011
28.600000000000158	21.7116
28.700000000000159	23.6109
28.800000000000161	25.5256
28.900000000000162	12.7628
29.000000000000163	14.4573
29.100000000000165	16.3443
29.200000000000166	18.2551
29.300000000000168	20.1829
29.400000000000169	22.1233
29.500000000000171	25.0512
29.600000000000172	27.0118
29.700000000000173	13.635
29.800000000000175	13.926
29.900000000000176	16.6768
30.000000000000178	18.5532
30.100000000000179	20.4528
30.20000000000018	22.3698
30.300000000000182	24.3
30.400000000000183	27.214
30.500000000000185	29.1663
30.600000000000186	31.1246
30.700000000000188	16.0839
30.800000000000189	16.0839
30.90000000000019	16.0839
31.000000000000192	6
31.100000000000193	8.24808
31.200000000000195	10.308
31.300000000000196	13.1339
31.400000000000198	15.0544
31.500000000000199	16.9928
31.6000000000002	18.8377
31.700000000000202	21.6564
31.800000000000203	23.5602
31.900000000000205	25.4
32.000000000000206	13.5408
32.100000000000207	15.4105
32.200000000000209	18.2662
32.30000000000021	20.1929
32.400000000000212	21.8594
32.500000000000213	10.9297
32.600000000000215	11.8126
32.700000000000216	13.6264
32.800000000000217	15.4857
32.900000000000219	17.3759
33.00000000000022	19.288
33.100000000000222	10.4416
33.200000000000223	11.5381
33.300000000000225	13.3894
33.400000000000226	15.2777
33.500000000000227	18.1544
33.600000000000229	19.7906
33.70000000000023	10.6975
33.800000000000232	11.6844
33.900000000000233	13.5156
34.000000000000234	8.0821
34.100000000000236	9.97658
34.200000000000237	11.7344
34.300000000000239	13.5588
34.40000000000024	16.3716
34.500000000000242	18.2795
34.600000000000243	20.1553
34.700000000000244	22.0982
34.800000000000246	11.4279
34.900000000000247	14.2414
35.000000000000249	16.1538
35.10000000000025	18.0847
35.200000000000252	9.55578
35.300000000000253	5.6476
35.400000000000254	7.35959
35.500000000000256	9.18623
35.600000000000257	11.0713
35.700000000000259	12.9898
35.80000000000026	15.3917
35.900000000000261	7.69586
36.000000000000263	8.56352
36.100000000000264	10.1738
36.200000000000266	5.08692
36.300000000000267	5.83232
36.400000000000269	7.50137
36.50000000000027	9.29984
36.600000000000271	11.1656
36.700000000000273	14.0321
36.800000000000274	7.69729
36.900000000000276	8.68156
37.000000000000277	10.467
37.100000000000279	13.1066
37.20000000000028	6.55331
37.300000000000281	8.07194
37.400000000000283	9.96838
37.500000000000284	11.7274
37.600000000000286	14.4825
37.700000000000287	16.3666
37.800000000000288	8.42459
37.90000000000029	9.5446
38.000000000000291	12.3026
38.100000000000293	14.195
38.200000000000294	16.1129
38.300000000000296	18.0482
38.400000000000297	19.996
38.500000000000298	22.8029
38.6000000000003	24.6181
38.700000000000301	26.5353
38.800000000000303	28.4639
38.900000000000304	15.6244
39.000000000000306	17.4996
39.100000000000307	19.3994
39.200000000000308	21.3174
39.30000000000031	23.2491
39.400000000000311	26.1656
39.500000000000313	28.084
39.600000000000314	14.9229
39.700000000000315	15.8983
39.800000000000317	18.6793
39.900000000000318	20.5673
40.00000000000032	22.4745
40.100000000000321	24.3964
40.200000000000323	26.3298
40.300000000000324	29.2466
40.400000000000325	31.1999
40.500000000000327	16.3514
40.600000000000328	16.3514
40.70000000000033	18.4252
40.800000000000331	20.3369
40.900000000000333	22.2638
41.000000000000334	24.2025
41.100000000000335	26.1503
41.200000000000337	29.0852
41.300000000000338	15.0165
41.40000000000034	16.7811
41.500000000000341	18.647
41.600000000000342	21.4908
41.700000000000344	23.4081
41.800000000000345	12.1447
41.900000000000347	13.987
42.000000000000348	15.8037
42.10000000000035	18.599
42.200000000000351	20.4944
42.300000000000352	22.4078
42.400000000000354	11.4253
42.500000000000355	14.2393
42.600000000000357	16.1519
42.700000000000358	18.0831
42.80000000000036	20.0275
42.900000000000361	21.9817
43.000000000000362	24.8055
43.100000000000364	26.7093
43.200000000000365	28.6262
43.300000000000367	30.5536
43.400000000000368	33.4606
43.500000000000369	35.4072
43.600000000000371	37.3594
43.700000000000372	19.1298
43.800000000000374	21.0724
43.900000000000375	24.0037
44.000000000000377	25.9279
44.100000000000378	27.8267
44.200000000000379	29.7387
44.300000000000381	32.6264
44.400000000000382	34.5621
44.500000000000384	36.5047
44.600000000000385	38.4532
44.700000000000387	19.485
44.800000000000388	20.6815
44.900000000000389	22.579
45.000000000000391	24.4927
45.100000000000392	26.4191
45.200000000000394	29.327
45.300000000000395	14.9674
45.400000000000396	16.0653
45.500000000000398	18.0058
45.600000000000399	19.9075
45.700000000000401	22.6813
45.800000000000402	11.8596
45.900000000000404	13.6672
46.000000000000405	15.5216
46.100000000000406	18.3599
46.200000000000408	20.2777
46.300000000000409	22.2099
46.400000000000411	24.1529
46.500000000000412	13.3576
46.600000000000414	15.2499
46.700000000000415	17.1661
46.800000000000416	19.0993
46.900000000000418	10.1099
47.000000000000419	11.5039
47.100000000000421	13.36
47.200000000000422	14.7848
47.300000000000423	16.6346
47.400000000000425	19.4645
47.500000000000426	21.3766
47.600000000000428	10.9429
47.700000000000429	12.0766
47.800000000000431	13.9998
47.900000000000432	16.7383
48.000000000000433	8.6921
48.100000000000435	9.78117
48.200000000000436	11.5689
48.300000000000438	14.3547
48.400000000000439	16.2536
48.500000000000441	18.1188
48.600000000000442	9.27784
48.700000000000443	9.59752
48.800000000000445	12.3436
48.900000000000446	14.2305
49.000000000000448	15.7674
49.100000000000449	8.49873
49.20000000000045	11.2477
49.300000000000452	13.1402
49.400000000000453	15.06
49.500000000000455	16.9978
49.600000000000456	18.8422
49.700000000000458	21.6603
49.800000000000459	23.5638
49.90000000000046	25.4819
50.000000000000462	27.4117
50.100000000000463	14.9133
50.200000000000465	16.7488
50.300000000000466	18.618
50.400000000000468	20.5116
50.500000000000469	22.4236
50.60000000000047	25.3167
50.700000000000472	27.2582
50.800000000000473	29.2075
50.900000000000475	31.1311
51.000000000000476	16.5469
51.100000000000477	16.5469
51.200000000000479	17.8291
51.30000000000048	19.6971
51.400000000000482	21.5886
51.500000000000483	24.458
51.600000000000485	26.3869
51.700000000000486	28.3256
51.800000000000487	14.6148
51.900000000000489	17.3714
52.00000000000049	19.2839
52.100000000000492	10.1479
52.200000000000493	11.71
52.300000000000495	13.5377
52.400000000000496	16.3542
52.500000000000497	18.2639
52.600000000000499	20.1908
52.7000000000005	22.1306
52.800000000000502	25.0577
52.900000000000503	27.0178
53.000000000000504	28.9488
53.100000000000506	30.856
53.200000000000507	32.7743
53.300000000000509	35.6685
53.40000000000051	37.6071
53.500000000000512	19.4315
53.600000000000513	19.4315
53.700000000000514	20.387
53.800000000000516	10.1935
53.900000000000517	10.9535
54.000000000000519	12.7331
54.10000000000052	14.5693
54.200000000000522	17.3909
54.300000000000523	19.3015
54.400000000000524	21.1811
54.500000000000526	23.1242
54.600000000000527	26.0547
54.700000000000529	28.0164
54.80000000000053	14.3262
54.900000000000531	16.2285
55.000000000000533	18.1515
55.100000000000534	21.0624
55.200000000000536	11.1768
55.300000000000537	11.355
55.400000000000539	13.2322
55.50000000000054	16.0401
55.600000000000541	8.74114
55.700000000000543	10.5163
55.800000000000544	12.3594
55.900000000000546	14.2442
56.000000000000547	17.1196
56.100000000000549	19.0049
56.20000000000055	20.9113
56.300000000000551	22.7897
56.400000000000553	25.6415
56.5000000000005