10	1
10.1	1
10.199999999999999	1
10.299999999999999	1
10.399999999999999	1
10.499999999999998	1
10.599999999999998	1
10.699999999999998	1
10.799999999999997	1
10.899999999999997	1
10.999999999999996	1
11.099999999999996	1
11.199999999999996	1
11.299999999999995	1
11.399999999999995	1
11.499999999999995	1
11.599999999999994	1
11.699999999999994	1
11.799999999999994	1
11.899999999999993	1
11.999999999999993	1
12.099999999999993	1
12.199999999999992	1
12.299999999999992	1
12.399999999999991	1
12.499999999999991	1
12.599999999999991	1
12.69999999999999	1
12.79999999999999	1
12.89999999999999	1
12.999999999999989	1
13.099999999999989	1
13.199999999999989	1
13.299999999999988	1
13.399999999999988	1
13.499999999999988	1
13.599999999999987	1
13.699999999999987	1
13.799999999999986	1
13.899999999999986	1
13.999999999999986	1
14.099999999999985	1
14.199999999999985	1
14.299999999999985	1
14.399999999999984	1
14.499999999999984	1
14.599999999999984	1
14.699999999999983	1
14.799999999999983	1
14.899999999999983	1
14.999999999999982	1
15.099999999999982	1
15.199999999999982	1
15.299999999999981	1
15.399999999999981	1
15.49999999999998	1
15.59999999999998	1
15.69999999999998	1
15.799999999999979	1
15.899999999999979	1
15.999999999999979	1
16.09999999999998	1
16.199999999999982	12.5
16.299999999999983	8.23628
16.399999999999984	3.84255
16.499999999999986	8.09468
16.599999999999987	15.4328
16.699999999999989	11.1228
16.79999999999999	17.6686
16.899999999999991	25.3089
16.999999999999993	33.1181
17.099999999999994	9.25
17.199999999999996	14.901
17.299999999999997	10.6661
17.399999999999999	17.2118
17.5	11.5681
17.600000000000001	19.1397
17.700000000000003	25.9351
17.800000000000004	16.5792
17.900000000000006	4.91874
18.000000000000007	10.723
18.100000000000009	9.66129
18.20000000000001	7.93471
18.300000000000011	13.6934
18.400000000000013	11.3497
18.500000000000014	10.8511
18.600000000000016	6.3621
18.700000000000017	11.963
18.800000000000018	19.3803
18.90000000000002	13.9882
19.000000000000021	21.4499
19.100000000000023	11.0694
19.200000000000024	17.3489
19.300000000000026	12.4232
19.400000000000027	7.8556
19.500000000000028	14.2235
19.60000000000003	21.9258
19.700000000000031	11.3001
19.800000000000033	11.3001
19.900000000000034	5
20.000000000000036	5
20.100000000000037	5
20.200000000000038	5
20.30000000000004	3.55301
20.400000000000041	10.5704
20.500000000000043	7.12055
20.600000000000044	8.26813
20.700000000000045	15.7165
20.800000000000047	4.98418
20.900000000000048	6.38751
21.00000000000005	7.04268
21.100000000000051	6.16772
21.200000000000053	13.0689
21.300000000000054	20.5731
21.400000000000055	13.4563
21.500000000000057	12.2001
21.600000000000058	11.2172
21.70000000000006	17.8967
21.800000000000061	11.5602
21.900000000000063	8.66692
22.000000000000064	15.1551
22.100000000000065	22.496
22.200000000000067	5.84488
22.300000000000068	12.1201
22.40000000000007	19.6821
22.500000000000071	15.0251
22.600000000000072	11.0072
22.700000000000074	10.8351
22.800000000000075	4.12791
22.900000000000077	9.15688
23.000000000000078	16.0128
23.10000000000008	13.4396
23.200000000000081	20.1253
23.300000000000082	13.5103
23.400000000000084	21.1418
23.500000000000085	10.7586
23.600000000000087	5.91277
23.700000000000088	13.1058
23.80000000000009	9.00219
23.900000000000091	16.3597
24.000000000000092	10.3426
24.100000000000094	16.2918
24.200000000000095	24.0378
24.300000000000097	16.0215
24.400000000000098	22.4282
24.500000000000099	6.49611
24.600000000000101	11.1689
24.700000000000102	8.47946
24.800000000000104	16.0169
24.900000000000105	10.9912
25.000000000000107	6.87563
25.100000000000108	6.87563
25.200000000000109	3.33333
25.300000000000111	10.3083
25.400000000000112	8.58772
25.500000000000114	8.30465
25.600000000000115	15.7991
25.700000000000117	23.3667
25.800000000000118	14.5966
25.900000000000119	9.10057
26.000000000000121	16.5354
26.100000000000122	24.2033
26.200000000000124	15.3789
26.300000000000125	21.2328
26.400000000000126	10.8956
26.500000000000128	10.8956
26.600000000000129	9.03319
26.700000000000131	15.4317
26.800000000000132	6.73723
26.900000000000134	13.1934
27.000000000000135	9.14644
27.100000000000136	8.16486
27.200000000000138	15.5342
27.300000000000139	5.66487
27.400000000000141	7.81449
27.500000000000142	7.31716
27.600000000000144	13.863
27.700000000000145	4.9712
27.800000000000146	12.0668
27.900000000000148	8.42801
28.000000000000149	10.0297
28.100000000000151	8.14716
28.200000000000152	9.02228
28.300000000000153	16.3707
28.400000000000155	24.0912
28.500000000000156	30.8972
28.600000000000158	19.6044
28.700000000000159	13.0251
28.800000000000161	10.8361
28.900000000000162	8.48339
29.000000000000163	15.184
29.100000000000165	10.8073
29.200000000000166	9.17373
29.300000000000168	8.0424
29.400000000000169	9.6365
29.500000000000171	16.9537
29.600000000000172	5.87762
29.700000000000173	12.1358
29.800000000000175	9.18871
29.900000000000176	16.6442
30.000000000000178	9.60736
30.100000000000179	9.60736
30.20000000000018	4.70824
30.300000000000182	6.00083
30.400000000000183	13.2214
30.500000000000185	9.96515
30.600000000000186	16.2417
30.700000000000188	11.0542
30.800000000000189	5.32001
30.90000000000019	3.99697
31.000000000000192	11.0001
31.100000000000193	9.91069
31.200000000000195	8.3114
31.300000000000196	7.61541
31.400000000000198	14.9221
31.500000000000199	12.0061
31.6000000000002	10.7235
31.700000000000202	3.92154
31.800000000000203	9.395
31.900000000000205	7.38186
32.000000000000206	6.58071
32.100000000000207	5.82841
32.200000000000209	10.1256
32.30000000000021	7.32972
32.400000000000212	10.9604
32.500000000000213	8.52309
32.600000000000215	15.2061
32.700000000000216	11.0525
32.800000000000217	5.26861
32.900000000000219	6.56871
33.00000000000022	7.16709
33.100000000000222	3.32026
33.200000000000223	9.7014
33.300000000000225	16.2059
33.400000000000226	9.78331
33.500000000000227	10.4256
33.600000000000229	10.0644
33.70000000000023	17.4884
33.800000000000232	6.10893
33.900000000000233	5.71238
34.000000000000234	5.46088
34.100000000000236	4.90953
34.200000000000237	4.90953
34.300000000000239	1
34.40000000000024	2.96434
34.500000000000242	4.36595
34.600000000000243	4.64391
34.700000000000244	6.35948
34.800000000000246	5.02255
34.900000000000247	5.02255
35.000000000000249	2
35.10000000000025	8.09095
35.200000000000252	15.2348
35.300000000000253	12.1859
35.400000000000254	5.98979
35.500000000000256	6.01207
35.600000000000257	12.1182
35.700000000000259	10.3705
35.80000000000026	9.29333
35.900000000000261	6.06483
36.000000000000263	7.61178
36.100000000000264	5.6272
36.200000000000266	7.41036
36.300000000000267	7.00294
36.400000000000269	7.10195
36.50000000000027	13.0787
36.600000000000271	5.36802
36.700000000000273	11.9844
36.800000000000274	8.86027
36.900000000000276	13.7457
37.000000000000277	7.24638
37.100000000000279	6.10399
37.20000000000028	5.97649
37.300000000000281	5.50733
37.400000000000283	11.963
37.500000000000284	8.96547
37.600000000000286	8.96547
37.700000000000287	3
37.800000000000288	4.14552
37.90000000000029	4.29902
38.000000000000291	10.1663
38.100000000000293	5.60501
38.200000000000294	2.76399
38.300000000000296	7.6609
38.400000000000297	7.83591
38.500000000000298	6.77565
38.6000000000003	13.8791
38.700000000000301	9.86132
38.800000000000303	10.6453
38.900000000000304	4.14199
39.000000000000306	7.60091
39.100000000000307	7.31771
39.200000000000308	7.37888
39.30000000000031	4.81446
39.400000000000311	12.0042
39.500000000000313	9.39592
39.600000000000314	9.00579
39.700000000000315	9.64249
39.800000000000317	10.8658
39.900000000000318	16.9857
40.00000000000032	6.54373
40.100000000000321	13.9852
40.200000000000323	9.13581
40.300000000000324	9.13581
40.400000000000325	4
40.500000000000327	11.0921
40.600000000000328	7.89602
40.70000000000033	13.1476
40.800000000000331	11.3188
40.900000000000333	9.29216
41.000000000000334	8.39572
41.100000000000335	15.9729
41.200000000000337	23.4845
41.300000000000338	14.4198
41.40000000000034	11.6172
41.500000000000341	4.9311
41.600000000000342	5.30964
41.700000000000344	6.48573
41.800000000000345	6.61025
41.900000000000347	11.3242
42.000000000000348	9.07104
42.10000000000035	8.37134
42.200000000000351	8.25004
42.300000000000352	7.46486
42.400000000000354	5.92859
42.500000000000355	4.6402
42.600000000000357	11.8524
42.700000000000358	9.58732
42.80000000000036	6.79419
42.900000000000361	7.24164
43.000000000000362	6.69064
43.100000000000364	5.57298
43.200000000000365	5.42518
43.300000000000367	12.1757
43.400000000000368	6.78891
43.500000000000369	5.06192
43.600000000000371	5.06192
43.700000000000372	3.55301
43.800000000000374	2.27809
43.900000000000375	7.23832
44.000000000000377	5.09263
44.100000000000378	6.32348
44.200000000000379	12.7551
44.300000000000381	4.21657
44.400000000000382	5.21289
44.500000000000384	3.13697
44.600000000000385	3.2632
44.700000000000387	9.36613
44.800000000000388	6.90384
44.900000000000389	4.32072
45.000000000000391	7.05335
45.100000000000392	4.05868
45.200000000000394	4.05868
45.300000000000395	6.09735
45.400000000000396	8.04786
45.500000000000398	14.3997
45.600000000000399	6.31205
45.700000000000401	5.9955
45.800000000000402	4.25701
45.900000000000404	4.25701
46.000000000000405	3.55301
46.100000000000406	10.5704
46.200000000000408	8.49747
46.300000000000409	6.95037
46.400000000000411	13.5269
46.500000000000412	8.50304
46.600000000000414	14.9957
46.700000000000415	10.6757
46.800000000000416	10.1044
46.900000000000418	16.6313
47.000000000000419	24.2688
47.100000000000421	14.188
47.200000000000422	8.79651
47.300000000000423	7.41456
47.400000000000425	14.4792
47.500000000000426	21.1667
47.600000000000428	14.2702
47.700000000000429	10.9905
47.800000000000431	8.53278
47.900000000000432	13.3888
48.000000000000433	21.0645
48.100000000000435	15.4526
48.200000000000436	10.3097
48.300000000000438	17.9121
48.400000000000439	12.2445
48.500000000000441	10.5035
48.600000000000442	7.35971
48.700000000000443	12.2752
48.800000000000445	11.3663
48.900000000000446	10.307
49.000000000000448	16.9922
49.100000000000449	12.0736
49.20000000000045	17.0328
49.300000000000452	11.4986
49.400000000000453	7.52474
49.500000000000455	15.0105
49.600000000000456	10.7946
49.700000000000458	8.99732
49.800000000000459	16.2956
49.90000000000046	12.3197
50.000000000000462	19.8558
50.100000000000463	12.8891
50.200000000000465	12.8891
50.300000000000466	1
50.400000000000468	8.96692
50.500000000000469	10.7231
50.60000000000047	9.02617
50.700000000000472	15.4276
50.800000000000473	8.86212
50.900000000000475	8.86212
51.000000000000476	4.70824
51.100000000000477	5.73906
51.200000000000479	6.08365
51.30000000000048	5.66518
51.400000000000482	7.81454
51.500000000000483	4.96147
51.600000000000485	6.05024
51.700000000000486	5.22389
51.800000000000487	3.14152
51.900000000000489	2.93744
52.00000000000049	2.18182
52.100000000000492	2.90647
52.200000000000493	4.1087
52.300000000000495	2.46732
52.400000000000496	9.2439
52.500000000000497	2.89798
52.600000000000499	8.80555
52.7000000000005	5.47166
52.800000000000502	2.82721
52.900000000000503	2.82721
53.000000000000504	5.19763
53.100000000000506	11.4811
53.200000000000507	4.05579
53.300000000000509	3.72956
53.40000000000051	5.17897
53.500000000000512	4.14745
53.600000000000513	11.2344
53.700000000000514	7.59132
53.800000000000516	4.46632
53.900000000000517	10.431
54.000000000000519	8.26542
54.10000000000052	8.26542
54.200000000000522	1
54.300000000000523	8.64776
54.400000000000524	16.1061
54.500000000000526	10.9755
54.600000000000527	5.37591
54.700000000000529	12.6397
54.80000000000053	10.2674
54.900000000000531	17.8318
55.000000000000533	25.423
55.100000000000534	16.727
55.200000000000536	5.6164
55.300000000000537	6.04809
55.400000000000539	4.71774
55.50000000000054	4.49752
55.600000000000541	11.0969
55.700000000000543	8.3299
55.800000000000544	15.4274
55.900000000000546	10.4679
56.000000000000547	10.4679
56.100000000000549	3
56.20000000000055	10.0851
56.300000000000551	7.58484
56.400000000000553	7.58484
56.500000000000554	2
56.600000000000556	3.62359
56.700000000000557	6.34541
56.800000000000558	5.45519
56.90000000000056	5.30734
57.000000000000561	12.5313
57.100000000000563	19.1693
57.200000000000564	26.9407
57.300000000000566	18.1166
57.400000000000567	15.1678
57.500000000000568	11.2587
57.600000000