10	1
10.1	1
10.199999999999999	1
10.299999999999999	1
10.399999999999999	1
10.499999999999998	1
10.599999999999998	1
10.699999999999998	1
10.799999999999997	1
10.899999999999997	1
10.999999999999996	1
11.099999999999996	1
11.199999999999996	1
11.299999999999995	1
11.399999999999995	1
11.499999999999995	1
11.599999999999994	1
11.699999999999994	1
11.799999999999994	1
11.899999999999993	1
11.999999999999993	1
12.099999999999993	1
12.199999999999992	1
12.299999999999992	1
12.399999999999991	1
12.499999999999991	1
12.599999999999991	1
12.69999999999999	1
12.79999999999999	1
12.89999999999999	1
12.999999999999989	8
13.099999999999989	14
13.199999999999989	15.8153
13.299999999999988	19.5534
13.399999999999988	10.7521
13.499999999999988	10.7521
13.599999999999987	12.3184
13.699999999999987	7.17456
13.799999999999986	7.17456
13.899999999999986	10.8578
13.999999999999986	14.4976
14.099999999999985	8.46074
14.199999999999985	10.5739
14.299999999999985	14.0032
14.399999999999984	17.7293
14.499999999999984	21.5063
14.599999999999984	12.0691
14.699999999999983	6.81517
14.799999999999983	9.31459
14.899999999999983	13.0806
14.999999999999982	7.53732
15.099999999999982	7.53732
15.199999999999982	9.22031
15.299999999999981	12.6226
15.399999999999981	7.74853
15.49999999999998	11.3323
15.59999999999998	15.1232
15.69999999999998	9.75919
15.799999999999979	12.5497
15.899999999999979	16.302
15.999999999999979	9.87356
16.09999999999998	12.6386
16.199999999999982	7.24558
16.299999999999983	4.56288
16.399999999999984	8.08706
16.499999999999986	11.7378
16.599999999999987	15.4288
16.699999999999989	20.2069
16.79999999999999	10.8673
16.899999999999991	6.12819
16.999999999999993	4.13196
17.099999999999994	7.59556
17.199999999999996	5.45157
17.299999999999997	8.49519
17.399999999999999	6.36032
17.5	10.0456
17.600000000000001	14.6729
17.700000000000003	18.4261
17.800000000000004	10.58
17.900000000000006	14.2912
18.000000000000007	9.23599
18.100000000000009	13.0249
18.20000000000001	16.61
18.300000000000011	9.13869
18.400000000000013	6.37637
18.500000000000014	10.0557
18.600000000000016	14.6798
18.700000000000017	7.93055
18.800000000000018	10.2544
18.90000000000002	14.0523
19.000000000000021	9.0596
19.100000000000023	5.92955
19.200000000000024	3.98303
19.300000000000026	6.35146
19.400000000000027	10.0401
19.500000000000028	13.6789
19.60000000000003	18.3687
19.700000000000031	22.2171
19.800000000000033	12.349
19.900000000000034	16.1482
20.000000000000036	9.65861
20.100000000000037	13.3271
20.200000000000038	17.1425
20.30000000000004	10.637
20.400000000000041	14.3334
20.500000000000043	18.4309
20.600000000000044	10.9072
20.700000000000045	12.3731
20.800000000000047	15.663
20.900000000000048	8.91157
21.00000000000005	6.45783
21.100000000000051	10.1072
21.200000000000053	7.05845
21.300000000000054	10.5939
21.400000000000055	14.3015
21.500000000000057	18.8363
21.600000000000058	22.6051
21.70000000000006	12.7976
21.800000000000061	16.0626
21.900000000000063	9.3026
22.000000000000064	12.2808
22.100000000000065	16.0962
22.200000000000067	9.45052
22.300000000000068	11.9813
22.40000000000007	15.6146
22.500000000000071	10.3029
22.600000000000072	6.53847
22.700000000000074	9.85725
22.800000000000075	7.39615
22.900000000000077	11.0956
23.000000000000078	14.8797
23.10000000000008	18.5911
23.200000000000081	22.4012
23.300000000000082	5.97908
23.400000000000084	8.95305
23.500000000000085	13.4374
23.600000000000087	7.46106
23.700000000000088	7.46106
23.80000000000009	3
23.900000000000091	6.77034
24.000000000000092	10.3083
24.100000000000094	13.8766
24.200000000000095	17.4582
24.300000000000097	4.82848
24.400000000000098	7.73252
24.500000000000099	11.8415
24.600000000000101	15.5078
24.700000000000102	19.6144
24.800000000000104	11.5235
24.900000000000105	6.76558
25.000000000000107	5.02448
25.100000000000108	7.98213
25.200000000000109	4.80113
25.300000000000111	3.44301
25.400000000000112	3.31669
25.500000000000114	7.47206
25.600000000000115	11.146
25.700000000000117	14.9844
25.800000000000118	18.6749
25.900000000000119	10.827
26.000000000000121	13.169
26.100000000000122	17.0199
26.200000000000124	10.0976
26.300000000000125	12.7356
26.400000000000126	8.41608
26.500000000000128	12.8552
26.600000000000129	16.5381
26.700000000000131	20.34
26.800000000000132	11.873
26.900000000000134	11.873
27.000000000000135	12.2883
27.100000000000136	15.977
27.200000000000138	19.6844
27.300000000000139	11.3315
27.400000000000141	13.5122
27.500000000000142	9.0787
27.600000000000144	5.39901
27.700000000000145	8.4619
27.800000000000146	12.1642
27.900000000000148	15.7553
28.000000000000149	8.4931
28.100000000000151	4.53317
28.200000000000152	4.53317
28.300000000000153	2.9
28.400000000000155	7.02286
28.500000000000156	10.4749
28.600000000000158	14.2137
28.700000000000159	17.8958
28.800000000000161	9.59873
28.900000000000162	13.2082
29.000000000000163	7.53029
29.100000000000165	11.185
29.200000000000166	14.8792
29.300000000000168	7.43958
29.400000000000169	11.4797
29.500000000000171	14.9683
29.600000000000172	7.87809
29.700000000000173	5.45173
29.800000000000175	9.06839
29.900000000000176	5.96892
30.000000000000178	3.66868
30.100000000000179	3.66868
30.20000000000018	3.66868
30.300000000000182	3.55301
30.400000000000183	7.02286
30.500000000000185	10.4749
30.600000000000186	15.1689
30.700000000000188	19.0348
30.800000000000189	10.3731
30.90000000000019	12.1557
31.000000000000192	15.9384
31.100000000000193	10.3814
31.200000000000195	6.74606
31.300000000000196	4.23494
31.400000000000198	7.24438
31.500000000000199	10.8113
31.6000000000002	8.81564
31.700000000000202	12.331
31.800000000000203	8.35382
31.900000000000205	11.7528
32.000000000000206	15.4403
32.100000000000207	8.00687
32.200000000000209	8.00687
32.30000000000021	4.70824
32.400000000000212	8.16862
32.500000000000213	5.21951
32.600000000000215	5.21951
32.700000000000216	7.97954
32.800000000000217	12.4144
32.900000000000219	7.07546
33.00000000000022	7.62481
33.100000000000222	11.1589
33.200000000000223	14.9939
33.300000000000225	18.4669
33.400000000000226	9.88805
33.500000000000227	12.1648
33.600000000000229	16.008
33.70000000000023	19.6077
33.800000000000232	12.6228
33.900000000000233	16.3583
34.000000000000234	19.9949
34.100000000000236	23.6212
34.200000000000237	6.27556
34.300000000000239	8.81622
34.40000000000024	5.97848
34.500000000000242	4.32282
34.600000000000243	7.95654
34.700000000000244	5.14024
34.800000000000246	5.01947
34.900000000000247	8.46905
35.000000000000249	12.0864
35.10000000000025	15.8857
35.200000000000252	8.80994
35.300000000000253	12.0802
35.400000000000254	6.20401
35.500000000000256	8.65017
35.600000000000257	12.2955
35.700000000000259	7.76874
35.80000000000026	4.43996
35.900000000000261	8.01957
36.000000000000263	5.16158
36.100000000000264	3.94695
36.200000000000266	7.22458
36.300000000000267	10.9825
36.400000000000269	14.5223
36.50000000000027	8.5008
36.600000000000271	11.4263
36.700000000000273	8.06154
36.800000000000274	12.6269
36.900000000000276	16.3615
37.000000000000277	4.42961
37.100000000000279	6.48144
37.20000000000028	4.48152
37.300000000000281	6.51653
37.400000000000283	9.53145
37.500000000000284	5.55595
37.600000000000286	9.13075
37.700000000000287	12.8731
37.800000000000288	17.4935
37.90000000000029	10.1756
38.000000000000291	10.9369
38.100000000000293	14.5569
38.200000000000294	17.9475
38.300000000000296	10.7101
38.400000000000297	14.3876
38.500000000000298	8.1735
38.6000000000003	11.7972
38.700000000000301	7.13758
38.800000000000303	11.1981
38.900000000000304	6.62788
39.000000000000306	10.2159
39.100000000000307	13.9527
39.200000000000308	17.5758
39.30000000000031	10.5522
39.400000000000311	6.88504
39.500000000000313	3.79963
39.600000000000314	2.77606
39.700000000000315	4.26089
39.800000000000317	8.53584
39.900000000000318	12.1332
40.00000000000032	6.14873
40.100000000000321	6.14873
40.200000000000323	3.33333
40.300000000000324	6.46458
40.400000000000325	10.1115
40.500000000000327	13.8766
40.600000000000328	17.3431
40.70000000000033	9.68194
40.800000000000331	13.344
40.900000000000333	17.1556
41.000000000000334	11.3501
41.100000000000335	7.24247
41.200000000000337	4.96921
41.300000000000338	7.82001
41.40000000000034	11.3811
41.500000000000341	15.1597
41.600000000000342	9.65274
41.700000000000344	13.3229
41.800000000000345	8.3024
41.900000000000347	9.54306
42.000000000000348	6.10979
42.10000000000035	9.36808
42.200000000000351	5.69996
42.300000000000352	8.65515
42.400000000000354	12.299
42.500000000000355	16.0478
42.600000000000357	19.7418
42.700000000000358	10.6756
42.80000000000036	14.3619
42.900000000000361	7.75149
43.000000000000362	7.75149
43.100000000000364	3.90856
43.200000000000365	7.20419
43.300000000000367	4.91172
43.400000000000368	8.28582
43.500000000000369	12.0429
43.600000000000371	15.6619
43.700000000000372	9.21267
43.800000000000374	13.0085
43.900000000000375	7.672
44.000000000000377	11.2804
44.100000000000378	8.07092
44.200000000000379	11.5542
44.300000000000381	8.07312
44.400000000000382	11.7282
44.500000000000384	15.4216
44.600000000000385	9.46536
44.700000000000387	5.99647
44.800000000000388	7.07996
44.900000000000389	10.513
45.000000000000391	14.1003
45.100000000000392	9.50899
45.200000000000394	12.6771
45.300000000000395	6.33857
45.400000000000396	9.08519
45.500000000000398	12.5245
45.600000000000399	8.80681
45.700000000000401	12.3247
45.800000000000402	6.6704
45.900000000000404	9.84309
46.000000000000405	13.4611
46.100000000000406	3.58229
46.200000000000408	6.27754
46.300000000000409	4.35136
46.400000000000411	3.55563
46.500000000000412	6.26279
46.600000000000414	9.98464
46.700000000000415	6.24335
46.800000000000416	4.1674
46.900000000000418	7.34465
47.000000000000419	11.0615
47.100000000000421	15.7069
47.200000000000422	8.95599
47.300000000000423	10.8814
47.400000000000425	14.5153
47.500000000000426	7.82256
47.600000000000428	7.82256
47.700000000000429	4.98922
47.800000000000431	8.33137
47.900000000000432	5.53366
48.000000000000433	9.11735
48.100000000000435	5.22646
48.200000000000436	7.04404
48.300000000000438	10.489
48.400000000000439	14.2241
48.500000000000441	8.40375
48.600000000000442	10.2382
48.700000000000443	13.752
48.800000000000445	7.57477
48.900000000000446	4.78573
49.000000000000448	6.87541
49.100000000000449	4.10642
49.20000000000045	3.09337
49.300000000000452	6.34894
49.400000000000453	10.0385
49.500000000000455	13.3813
49.600000000000456	6.83889
49.700000000000458	9.33186
49.800000000000459	5.02889
49.90000000000046	3.59347
50.000000000000462	6.12036
50.100000000000463	6.00498
50.200000000000465	4.1347
50.300000000000466	4.1347
50.400000000000468	1
50.500000000000469	4.33944
50.60000000000047	7.96541
50.700000000000472	4.22812
50.800000000000473	4.22812
50.900000000000475	2
51.000000000000476	5.19763
51.100000000000477	8.80618
51.200000000000479	5.56526
51.30000000000048	10.0783
51.400000000000482	13.7799
51.500000000000483	8.39768
51.600000000000485	10.1346
51.700000000000486	13.8934
51.800000000000487	17.3565
51.900000000000489	21.2002
52.00000000000049	11.9118
52.100000000000492	5.99789
52.200000000000493	7.08115
52.300000000000495	11.6034
52.400000000000496	15.2615
52.500000000000497	7.63077
52.600000000000499	4.65249
52.7000000000005	3.19615
52.800000000000502	6.55386
52.900000000000503	10.1684
53.000000000000504	13.9899
53.100000000000506	8.12197
53.200000000000507	9.0596
53.300000000000509	5.01129
53.40000000000051	3.80067
53.500000000000512	7.1477
53.600000000000513	4.88375
53.700000000000514	4.88375
53.800000000000516	8.2695
53.900000000000517	12.0317
54.000000000000519	15.5247
54.10000000000052	8.61984
54.200000000000522	13.066
54.300000000000523	7.43049
54.400000000000524	10.6572
54.500000000000526	6.82118
54.600000000000527	10.3416
54.700000000000529	14.0447
54.80000000000053	17.7056
54.900000000000531	9.55986
55.000000000000533	5.03918
55.100000000000534	2.71427
55.200000000000536	5.29744
55.300000000000537	3.02626
55.400000000000539	6.31796
55.50000000000054	10.0191
55.600000000000541	6.29705
55.700000000000543	9.59571
55.800000000000544	6.08927
55.900000000000546	6.08927
56.000000000000547	1
56.100000000000549	4.63158
56.20000000000055	9.06265
56.300000000000551	12.7465
56.400000000000553	7.43194
56.500000000000554	10.845
56.600000000000556	14.4881
56.700000000000557	18.2794
56.80000