10	1
10.1	1
10.199999999999999	1
10.299999999999999	1
10.399999999999999	1
10.499999999999998	1
10.599999999999998	1
10.699999999999998	1
10.799999999999997	1
10.899999999999997	1
10.999999999999996	1
11.099999999999996	1
11.199999999999996	1
11.299999999999995	1
11.399999999999995	1
11.499999999999995	1
11.599999999999994	1
11.699999999999994	1
11.799999999999994	1
11.899999999999993	1
11.999999999999993	1
12.099999999999993	1
12.199999999999992	1
12.299999999999992	1
12.399999999999991	1
12.499999999999991	1
12.599999999999991	1
12.69999999999999	1
12.79999999999999	1
12.89999999999999	1
12.999999999999989	1
13.099999999999989	1
13.199999999999989	1
13.299999999999988	1
13.399999999999988	1
13.499999999999988	1
13.599999999999987	1
13.699999999999987	1
13.799999999999986	1
13.899999999999986	1
13.999999999999986	1
14.099999999999985	1
14.199999999999985	1
14.299999999999985	1
14.399999999999984	1
14.499999999999984	1
14.599999999999984	1
14.699999999999983	1
14.799999999999983	1
14.899999999999983	1
14.999999999999982	1
15.099999999999982	1
15.199999999999982	1
15.299999999999981	1
15.399999999999981	1
15.49999999999998	1
15.59999999999998	1
15.69999999999998	1
15.799999999999979	1
15.899999999999979	1
15.999999999999979	1
16.09999999999998	1
16.199999999999982	1
16.299999999999983	1
16.399999999999984	1
16.499999999999986	1
16.599999999999987	1
16.699999999999989	1
16.79999999999999	1
16.899999999999991	1
16.999999999999993	1
17.099999999999994	1
17.199999999999996	1
17.299999999999997	1
17.399999999999999	1
17.5	1
17.600000000000001	1
17.700000000000003	1
17.800000000000004	1
17.900000000000006	1
18.000000000000007	1
18.100000000000009	1
18.20000000000001	1
18.300000000000011	1
18.400000000000013	1
18.500000000000014	1
18.600000000000016	1
18.700000000000017	1
18.800000000000018	1
18.90000000000002	1
19.000000000000021	1
19.100000000000023	1
19.200000000000024	1
19.300000000000026	1
19.400000000000027	1
19.500000000000028	1
19.60000000000003	1
19.700000000000031	1
19.800000000000033	1
19.900000000000034	1
20.000000000000036	1
20.100000000000037	1
20.200000000000038	1
20.30000000000004	1
20.400000000000041	1
20.500000000000043	1
20.600000000000044	1
20.700000000000045	1
20.800000000000047	1
20.900000000000048	1
21.00000000000005	1
21.100000000000051	1
21.200000000000053	1
21.300000000000054	1
21.400000000000055	1
21.500000000000057	1
21.600000000000058	1
21.70000000000006	1
21.800000000000061	1
21.900000000000063	1
22.000000000000064	1
22.100000000000065	1
22.200000000000067	1
22.300000000000068	1
22.40000000000007	1
22.500000000000071	1
22.600000000000072	1
22.700000000000074	1
22.800000000000075	1
22.900000000000077	1
23.000000000000078	1
23.10000000000008	1
23.200000000000081	1
23.300000000000082	1
23.400000000000084	1
23.500000000000085	1
23.600000000000087	1
23.700000000000088	1
23.80000000000009	1
23.900000000000091	1
24.000000000000092	1
24.100000000000094	1
24.200000000000095	1
24.300000000000097	1
24.400000000000098	1
24.500000000000099	1
24.600000000000101	1
24.700000000000102	1
24.800000000000104	1
24.900000000000105	1
25.000000000000107	1
25.100000000000108	1
25.200000000000109	1
25.300000000000111	1
25.400000000000112	1
25.500000000000114	1
25.600000000000115	1
25.700000000000117	1
25.800000000000118	1
25.900000000000119	32
26.000000000000121	32
26.100000000000122	16.325
26.200000000000124	32.9425
26.300000000000125	33.1586
26.400000000000126	25.9901
26.500000000000128	42.071
26.600000000000129	61.6794
26.700000000000131	16.2943
26.800000000000132	35.7812
26.900000000000134	55.2696
27.000000000000135	18.3213
27.100000000000136	38.6835
27.200000000000138	12.9538
27.300000000000139	29.9439
27.400000000000141	23.543
27.500000000000142	26.7088
27.600000000000144	46.1942
27.700000000000145	66.905
27.800000000000146	18.32
27.900000000000148	37.714
28.000000000000149	57.5393
28.100000000000151	15.5582
28.200000000000152	34.0417
28.300000000000153	53.5284
28.400000000000155	73.6316
28.500000000000156	89.341
28.600000000000158	18.4831
28.700000000000159	38.9149
28.800000000000161	58.4361
28.900000000000162	16.279
29.000000000000163	15.7624
29.100000000000165	35.0607
29.200000000000166	54.5866
29.300000000000168	74.2833
29.400000000000169	16.3097
29.500000000000171	24.1329
29.600000000000172	21.1016
29.700000000000173	41.4241
29.800000000000175	61.1256
29.900000000000176	32
30.000000000000178	19.2918
30.100000000000179	38.6894
30.20000000000018	19.2972
30.300000000000182	39.5613
30.400000000000183	59.2073
30.500000000000185	16.2636
30.600000000000186	29.0359
30.700000000000188	24.1743
30.800000000000189	43.2317
30.90000000000019	32.0381
31.000000000000192	52.4875
31.100000000000193	14.7587
31.200000000000195	33.1154
31.300000000000196	53.6387
31.400000000000198	9.32456
31.500000000000199	28.3207
31.6000000000002	48.9347
31.700000000000202	14.9768
31.800000000000203	28.4772
31.900000000000205	23.4598
32.000000000000206	27.192
32.100000000000207	46.6899
32.200000000000209	38.2411
32.30000000000021	28.8873
32.400000000000212	48.0727
32.500000000000213	67.6855
32.600000000000215	85.2617
32.700000000000216	99.1449
32.800000000000217	111.31
32.900000000000219	122.792
33.00000000000022	132.808
33.100000000000222	142.12
33.200000000000223	151.176
33.300000000000225	16.2943
33.400000000000226	33.8561
33.500000000000227	53.3544
33.600000000000229	73.5052
33.70000000000023	89.2368
33.800000000000232	102.583
33.900000000000233	114.941
34.000000000000234	125.585
34.100000000000236	135.394
34.200000000000237	32.0312
34.300000000000239	19.2659
34.40000000000024	38.6506
34.500000000000242	59.2478
34.600000000000243	15.5169
34.700000000000244	23.2633
34.800000000000246	42.776
34.900000000000247	63.3418
35.000000000000249	16.325
35.10000000000025	25.1184
35.200000000000252	45.536
35.300000000000253	65.2219
35.400000000000254	82.5477
35.500000000000256	32.0312
35.600000000000257	20.2416
35.700000000000259	26.2646
35.80000000000026	46.8018
35.900000000000261	15.2577
36.000000000000263	19.1943
36.100000000000264	39.3337
36.200000000000266	59.1739
36.300000000000267	16.325
36.400000000000269	24.1433
36.50000000000027	44.5591
36.600000000000271	13.4531
36.700000000000273	31.9038
36.800000000000274	31.2727
36.900000000000276	28.1611
37.000000000000277	47.682
37.100000000000279	68.2344
37.20000000000028	84.9479
37.300000000000281	32
37.400000000000283	20.2416
37.500000000000284	39.6534
37.600000000000286	33.0824
37.700000000000287	52.6014
37.800000000000288	32.1248
37.90000000000029	21.2431
38.000000000000291	40.6684
38.100000000000293	61.2726
38.200000000000294	79.3762
38.300000000000296	16.325
38.400000000000297	28.0544
38.500000000000298	47.4929
38.6000000000003	15.3743
38.700000000000301	25.1568
38.800000000000303	21.2685
38.900000000000304	28.0718
39.000000000000306	47.5243
39.100000000000307	19.9181
39.200000000000308	39.2098
39.30000000000031	58.9221
39.400000000000311	78.2183
39.500000000000313	16.4168
39.600000000000314	17.0312
39.700000000000315	20.5583
39.800000000000317	21.5414
39.900000000000318	41.0448
40.00000000000032	61.588
40.100000000000321	31.101
40.200000000000323	31.101
40.300000000000324	13.3225
40.400000000000325	15.7877
40.500000000000327	15.5129
40.600000000000328	35.8258
40.70000000000033	10.3776
40.800000000000331	29.4404
40.900000000000333	32.0143
41.000000000000334	11.767
41.100000000000335	27.8806
41.200000000000337	32.4911
41.300000000000338	52.1166
41.40000000000034	16.0437
41.500000000000341	12.8272
41.600000000000342	20.0976
41.700000000000344	39.4282
41.800000000000345	14.8748
41.900000000000347	33.2576
42.000000000000348	25.4975
42.10000000000035	21.9215
42.200000000000351	42.2044
42.300000000000352	61.9483
42.400000000000354	16.2943
42.500000000000355	31.9402
42.600000000000357	51.3873
42.700000000000358	70.8447
42.80000000000036	16.325
42.900000000000361	31.0024
43.000000000000362	23.2679
43.100000000000364	26.1751
43.200000000000365	46.6446
43.300000000000367	17.743
43.400000000000368	37.0884
43.500000000000369	57.6367
43.600000000000371	32.5579
43.700000000000372	20.2292
43.800000000000374	40.5946
43.900000000000375	60.2355
44.000000000000377	78.4766
44.100000000000378	93.3743
44.200000000000379	106.794
44.30000000