10	1
10.1	1
10.199999999999999	1
10.299999999999999	1
10.399999999999999	1
10.499999999999998	1
10.599999999999998	1
10.699999999999998	1
10.799999999999997	1
10.899999999999997	1
10.999999999999996	1
11.099999999999996	1
11.199999999999996	1
11.299999999999995	1
11.399999999999995	1
11.499999999999995	1
11.599999999999994	1
11.699999999999994	1
11.799999999999994	1
11.899999999999993	1
11.999999999999993	1
12.099999999999993	1
12.199999999999992	1
12.299999999999992	4
12.399999999999991	16
12.499999999999991	23.5
12.599999999999991	23.5
12.69999999999999	1
12.79999999999999	5
12.89999999999999	10
12.999999999999989	11.2705
13.099999999999989	11.2705
13.199999999999989	11.2705
13.299999999999988	11.2705
13.399999999999988	2
13.499999999999988	5.39231
13.599999999999987	8.09245
13.699999999999987	9.98495
13.799999999999986	11.7415
13.899999999999986	13.5649
13.999999999999986	16.2539
14.099999999999985	8.12693
14.199999999999985	9.707
14.299999999999985	11.5064
14.399999999999984	14.3044
14.499999999999984	16.2093
14.599999999999984	18.1343
14.699999999999983	20.0737
14.799999999999983	23.002
14.899999999999983	24.9233
14.999999999999982	26.8187
15.099999999999982	14.4855
15.199999999999982	14.8275
15.299999999999981	16.6725
15.399999999999981	18.5493
15.49999999999998	10.5654
15.59999999999998	12.4011
15.69999999999998	14.2804
15.799999999999979	16.1881
15.899999999999979	19.0845
15.999999999999979	21.0313
16.09999999999998	22.9871
16.199999999999982	24.8694
16.299999999999983	13.7549
16.399999999999984	15.5988
16.499999999999986	17.4768
16.599999999999987	19.3789
16.699999999999989	22.2639
16.79999999999999	24.2026
16.899999999999991	26.1504
16.999999999999993	13.4153
17.099999999999994	7.58532
17.199999999999996	9.36748
17.299999999999997	11.2219
17.399999999999999	5.95801
17.5	8.47668
17.600000000000001	10.298
17.700000000000003	12.1745
17.800000000000004	14.2961
17.900000000000006	16.9868
18.000000000000007	18.8323
18.100000000000009	9.83232
18.20000000000001	11.4379
18.300000000000011	13.3033
18.400000000000013	15.2024
18.500000000000014	17.124
18.600000000000016	9.78986
18.700000000000017	9.9931
18.800000000000018	11.7484
18.90000000000002	13.5709
19.000000000000021	16.3816
19.100000000000023	18.2885
19.200000000000024	9.57272
19.300000000000026	11.305
19.400000000000027	7.08376
19.500000000000028	8.96757
19.60000000000003	4.75983
19.700000000000031	6.39977
19.800000000000033	9.12772
19.900000000000034	11.0229
20.000000000000036	12.8709
20.100000000000037	14.6899
20.200000000000038	17.4919
20.30000000000004	19.3926
20.400000000000041	21.3112
20.500000000000043	23.157
20.600000000000044	11.5785
20.700000000000045	11.5785
20.800000000000047	2
20.900000000000048	7.0246
21.00000000000005	8.80756
21.100000000000051	4.78688
21.200000000000053	6.09593
21.300000000000054	8.8052
21.400000000000055	10.5695
21.500000000000057	12.4047
21.600000000000058	6.63353
21.70000000000006	9.29213
21.800000000000061	11.1592
21.900000000000063	13.0647
22.000000000000064	14.9941
22.100000000000065	17.748
22.200000000000067	19.6238
22.300000000000068	21.5218
22.40000000000007	23.4365
22.500000000000071	13.0156
22.600000000000072	14.8843
22.700000000000074	16.723
22.800000000000075	18.5947
22.900000000000077	10.5343
23.000000000000078	11.5353
23.10000000000008	13.387
23.200000000000081	15.2756
23.300000000000082	18.1526
23.400000000000084	9.3481
23.500000000000085	9.3481
23.600000000000087	11.5586
23.700000000000088	13.4071
23.80000000000009	15.2932
23.900000000000091	17.2046
24.000000000000092	9.43612
24.100000000000094	11.2792
24.200000000000095	13.1672
24.300000000000097	15.0835
24.400000000000098	17.9913
24.500000000000099	19.844
24.600000000000101	21.7227
24.700000000000102	23.6212
24.800000000000104	26.4589
24.900000000000105	28.3927
25.000000000000107	30.335
25.100000000000108	32.2843
25.200000000000109	35.2187
25.300000000000111	17.8492
25.400000000000112	18.0167
25.500000000000114	9.54805
25.600000000000115	11.7205
25.700000000000117	13.5468
25.800000000000118	15.4158
25.900000000000119	17.3136
26.000000000000121	9.59034
26.100000000000122	11.4083
26.200000000000124	13.2778
26.300000000000125	16.1399
26.400000000000126	18.0724
26.500000000000128	20.0178
26.600000000000129	21.9272
26.700000000000131	11.5851
26.800000000000132	11.8422
26.900000000000134	13.6521
27.000000000000135	15.5083
27.100000000000136	18.3487
27.200000000000138	9.80743
27.300000000000139	9.80743
27.400000000000141	9.80743
27.500000000000142	4.9547
27.600000000000144	6.06253
27.700000000000145	7.81092
27.800000000000146	9.55054
27.900000000000148	12.3072
28.000000000000149	6.31454
28.100000000000151	6.31454
28.200000000000152	7.0702
28.300000000000153	9.81418
28.400000000000155	11.5968
28.500000000000156	6.53079
28.600000000000158	6.83353
28.700000000000159	9.43516
28.800000000000161	11.2784
28.900000000000162	13.0133
29.000000000000163	7.24186
29.100000000000165	10.0386
29.200000000000166	11.8719
29.300000000000168	13.6779
29.400000000000169	16.4703
29.500000000000171	18.3679
29.600000000000172	20.2849
29.700000000000173	22.2164
29.800000000000175	11.7646
29.900000000000176	11.7646
30.000000000000178	1
30.100000000000179	3
30.20000000000018	6.73066
30.300000000000182	8.45768
30.400000000000183	10.2825
30.500000000000185	12.1613
30.600000000000186	14.9031
30.700000000000188	8.22342
30.800000000000189	4.41218
30.90000000000019	6.14863
31.000000000000192	8.95461
31.100000000000193	10.6941
31.200000000000195	12.5108
31.300000000000196	14.3757
31.400000000000198	17.1124
31.500000000000199	8.55621
31.6000000000002	4.56714
31.700000000000202	6.25937
31.800000000000203	9.03048
31.900000000000205	10.8505
32.000000000000206	12.3232
32.100000000000207	6.16161
32.200000000000209	6.787
32.30000000000021	8.50239
32.400000000000212	10.3192
32.500000000000213	5.44379
32.600000000000215	6.14474
32.700000000000216	8.00154
32.800000000000217	9.80967
32.900000000000219	12.266
33.00000000000022	6.13299
33.100000000000222	6.13299
33.200000000000223	1
33.300000000000225	5.97588
33.400000000000226	7.61288
33.500000000000227	9.80873
33.600000000000229	11.5922
33.70000000000023	14.0917
33.800000000000232	16.022
33.900000000000233	8.89956
34.000000000000234	9.12289
34.100000000000236	11.3776
34.200000000000237	13.2515
34.300000000000239	15.613
34.40000000000024	17.4894
34.500000000000242	19.6977
34.600000000000243	9.84885
34.700000000000244	10.2489
34.800000000000246	12.133
34.900000000000247	14.4007
35.000000000000249	16.7192
35.10000000000025	18.7522
35.200000000000252	21.1131
35.300000000000253	23.0619
35.400000000000254	25.4155
35.500000000000256	13.3229
35.600000000000257	14.4076
35.700000000000259	16.2388
35.80000000000026	9.05729
35.900000000000261	10.9648
36.000000000000263	13.3576
36.100000000000264	7.45881
36.200000000000266	8.47125
36.300000000000267	10.2936
36.400000000000269	13.1226
36.50000000000027	15.0446
36.600000000000271	16.9841
36.700000000000273	18.8299
36.800000000000274	10.5946
36.900000000000276	12.426
37.000000000000277	14.302
37.100000000000279	7.52657
37.20000000000028	9.21156
37.300000000000281	11.0923
37.400000000000283	13.0077
37.500000000000284	14.8773
37.600000000000286	17.6495
37.700000000000287	9.13204
37.800000000000288	11.0265
37.90000000000029	13.6307
38.000000000000291	7.51987
38.100000000000293	9.09616
38.200000000000294	5.17858
38.300000000000296	7.95313
38.400000000000297	9.66689
38.500000000000298	5.28334
38.6000000000003	7.08599
38.700000000000301	9.82551
38.800000000000303	11.6064
38.900000000000304	13.4483
39.000000000000306	15.3293
39.100000000000307	18.1978
39.200000000000308	9.52897
39.30000000000031	11.2681
39.400000000000311	13.1577
39.500000000000313	7.40344
39.600000000000314	8.30219
39.700000000000315	10.1553
39.800000000000317	12.0541
39.900000000000318	6.88176
40.00000000000032	7.57998
40.100000000000321	9.36317
40.200000000000323	11.2183
40.300000000000324	13.8587
40.400000000000325	6.92933
40.500000000000327	6.92933
40.600000000000328	7.62312
40.70000000000033	10.3158
40.800000000000331	12.1895
40.900000000000333	6.49322
41.000000000000334	8.02344
41.100000000000335	9.8275
41.200000000000337	11.6081
41.300000000000338	13.4497
41.40000000000034	15.8448
41.500000000000341	7.92242
41.600000000000342	7.92242
41.700000000000344	1
41.800000000000345	4.40454
41.900000000000347	6.14322
42.000000000000348	8.00038
42.10000000000035	9.80873
42.200000000000351	12.4277
42.300000000000352	6.83436
42.400000000000354	8.5401
42.500000000000355	10.3502
42.600000000000357	5.77572
42.700000000000358	7.45772
42.80000000000036	9.26478
42.900000000000361	11.1365
43.000000000000362	14.009
43.100000000000364	7.2851
43.200000000000365	7.2851
43.300000000000367	8.19705
43.400000000000368	4.67235
43.500000000000369	6.00723
43.600000000000371	7.76832
43.700000000000372	10.4232
43.800000000000374	5.40089
43.900000000000375	6.58565
44.000000000000377	8.34324
44.100000000000378	11.131
44.200000000000379	13.0406
44.300000000000381	14.9732
44.400000000000382	16.8022
44.500000000000384	19.6078
44.600000000000385	10.106
44.700000000000387	12.0127
44.800000000000388	13.8726
44.900000000000389	16.6322
45.000000000000391	18.5132
45.100000000000392	20.3183
45.200000000000394	11.0131
45.300000000000395	13.7664
45.400000000000396	7.34227
45.500000000000398	9.17241
45.600000000000399	11.0599
45.700000000000401	13.8762
45.800000000000402	7.39277
45.900000000000404	8.04602
46.000000000000405	9.8459
46.100000000000406	6.0653
46.200000000000408	7.13811
46.300000000000409	9.0104
46.400000000000411	5.17995
46.500000000000412	7.15256
46.600000000000414	9.02182
46.700000000000415	10.8433
46.800000000000416	13.5574
46.900000000000418	15.425
47.000000000000419	17.3219
47.100000000000421	19.2394
47.200000000000422	22.1426
47.300000000000423	11.836
47.400000000000425	11.836
47.500000000000426	11.836
47.600000000000428	14.1517
47.700000000000429	7.58847
47.800000000000431	7.58847
47.900000000000432	9.0422
48.000000000000433	11.7484
48.100000000000435	13.5709
48.200000000000436	7.1453
48.300000000000438	9.01608
48.400000000000439	5.60152
48.500000000000441	5.60152
48.600000000000442	7.04337
48.700000000000443	8.82248
48.800000000000445	4.68768
48.900000000000446	5.30093
49.000000000000448	7.09901
49.100000000000449	8.97958
49.20000000000045	11.6143
49.300000000000452	13.4551
49.400000000000453	15.3353
49.500000000000455	17.9814
49.600000000000456	8.99068
49.700000000000458	10.7243
49.800000000000459	12.5366
49.90000000000046	15.3417
50.000000000000462	17.2478
50.100000000000463	8.76788
50.200000000000465	9.84848
50.300000000000466	5.72805
50.400000000000468	7.4211
50.500000000000469	9.23542
50.60000000000047	11.1121
50.700000000000472	13.9896
50.800000000000473	15.8061
50.900000000000475	17.6619
51.000000000000476	9.30095
51.100000000000477	12.115
51.200000000000479	14.0328
51.30000000000048	15.9074
51.400000000000482	17.7526
51.500000000000483	20.5744
51.600000000000485	22.4809
51.700000000000486	12.036
51.800000000000487	12.2016
51.900000000000489	15.0695
52.00000000000049	17.0062
52.100000000000492	8.90587
52.200000000000493	10.5587
52.300000000000495	12.3954
52.400000000000496	14.2754
52.500000000000497	7.93559
52.600000000000499	9.11665
52.7000000000005	11.0138
52.800000000000502	12.8631
52.900000000000503	14.683
53.000000000000504	17.4862
53.100000000000506	19.3874
53.200000000000507	21.3064
53.300000000000509	23.239
53.40000000000051	26.1566
53.500000000000512	28.1112
53.600000000000513	30.0717
53.700000000000514	15.735
53.800000000000516	15.735
53.900000000000517	1
54.000000000000519	7
54.10000000000052	8.78802
54.200000000000522	10.5553
54.300000000000523	5.60074
54.400000000000524	6.28371
54.500000000000526	8.10818
54.600000000000527	9.99767
54.700000000000529	11.7523
54.80000000000053	6.78713
54.900000000000531	6.78713
55.000000000000533	6.78713
55.100000000000534	4.16441
55.200000000000536	3.0328
55.300000000000537	4.65214
55.400000000000539	6.78425
55.50000000000054	9.07299
55.600000000000541	10.9777
55.700000000000543	13.1412
55.800000000000544	15.0608
55.900000000000546	8.10785
56.000000000000547	9.9974
56.100000000000549	12.2537
56.20000000000055	14.1526
56.300000000000551	7.78448
56.400000000000553	9.09698
56.500000000000554	11.4449
56.600000000000556	13.3093
56.700000000000557	15.5336
56.800000000000558