10	1
10.1	1
10.199999999999999	1
10.299999999999999	1
10.399999999999999	1
10.499999999999998	1
10.599999999999998	1
10.699999999999998	1
10.799999999999997	1
10.899999999999997	1
10.999999999999996	1
11.099999999999996	1
11.199999999999996	1
11.299999999999995	1
11.399999999999995	1
11.499999999999995	1
11.599999999999994	1
11.699999999999994	1
11.799999999999994	1
11.899999999999993	1
11.999999999999993	1
12.099999999999993	1
12.199999999999992	1
12.299999999999992	1
12.399999999999991	1
12.499999999999991	1
12.599999999999991	1
12.69999999999999	1
12.79999999999999	1
12.89999999999999	1
12.999999999999989	1
13.099999999999989	1
13.199999999999989	1
13.299999999999988	1
13.399999999999988	1
13.499999999999988	1
13.599999999999987	1
13.699999999999987	1
13.799999999999986	1
13.899999999999986	1
13.999999999999986	1
14.099999999999985	1
14.199999999999985	1
14.299999999999985	1
14.399999999999984	1
14.499999999999984	1
14.599999999999984	1
14.699999999999983	1
14.799999999999983	1
14.899999999999983	1
14.999999999999982	1
15.099999999999982	1
15.199999999999982	1
15.299999999999981	1
15.399999999999981	1
15.49999999999998	1
15.59999999999998	1
15.69999999999998	1
15.799999999999979	1
15.899999999999979	1
15.999999999999979	1
16.09999999999998	1
16.199999999999982	1
16.299999999999983	1
16.399999999999984	1
16.499999999999986	1
16.599999999999987	1
16.699999999999989	8
16.79999999999999	29.5
16.899999999999991	15.1185
16.999999999999993	15.1185
17.099999999999994	15.1185
17.199999999999996	7.14286
17.299999999999997	9.96775
17.399999999999999	12.6331
17.5	15.4206
17.600000000000001	18.2747
17.700000000000003	21.1686
17.800000000000004	11.4257
17.900000000000006	13.368
18.000000000000007	8.178
18.100000000000009	11.0081
18.20000000000001	13.7624
18.300000000000011	16.5405
18.400000000000013	18.4308
18.500000000000014	21.3035
18.600000000000016	24.0824
18.700000000000017	12.9252
18.800000000000018	15.6606
18.90000000000002	18.4776
19.000000000000021	21.344
19.100000000000023	24.2424
19.200000000000024	13.0745
19.300000000000026	15.7203
19.400000000000027	8.73603
19.500000000000028	11.3393
19.60000000000003	7.09736
19.700000000000031	9.83367
19.800000000000033	12.5277
19.900000000000034	7.09218
20.000000000000036	9.82995
20.100000000000037	12.5248
20.200000000000038	15.3321
20.30000000000004	18.2002
20.400000000000041	21.1044
20.500000000000043	24.0317
20.600000000000044	12.6463
20.700000000000045	14.4936
20.800000000000047	17.3276
20.900000000000048	20.2089
21.00000000000005	23.12
21.100000000000051	26.051
21.200000000000053	28.9959
21.300000000000054	31.8568
21.400000000000055	16.6802
21.500000000000057	19.5034
21.600000000000058	22.3723
21.70000000000006	25.2714
21.800000000000061	12.9683
21.900000000000063	7.45514
22.000000000000064	7.85056
22.100000000000065	4.11334
22.200000000000067	6.73966
22.300000000000068	9.36776
22.40000000000007	12.1662
22.500000000000071	15.041
22.600000000000072	17.8998
22.700000000000074	20.7015
22.800000000000075	23.5516
22.900000000000077	26.4347
23.000000000000078	14.5701
23.10000000000008	16.4442
23.200000000000081	19.3021
23.300000000000082	10.0326
23.400000000000084	12.763
23.500000000000085	15.5271
23.600000000000087	18.3646
23.700000000000088	10.2166
23.80000000000009	13.0624
23.900000000000091	15.9004
24.000000000000092	18.6811
24.100000000000094	21.5204
24.200000000000095	24.3978
24.300000000000097	12.6428
24.400000000000098	15.4286
24.500000000000099	18.2814
24.600000000000101	21.1745
24.700000000000102	24.0517
24.800000000000104	26.9926
24.900000000000105	14.7537
25.000000000000107	14.9561
25.100000000000108	8.69196
25.200000000000109	11.394
25.300000000000111	14.2142
25.400000000000112	8.06802
25.500000000000114	10.0656
25.600000000000115	12.8671
25.700000000000117	15.6127
25.800000000000118	18.328
25.900000000000119	21.1674
26.000000000000121	24.0871
26.100000000000122	13.3631
26.200000000000124	13.3631
26.300000000000125	14.6515
26.400000000000126	17.4597
26.500000000000128	20.3222
26.600000000000129	23.2191
26.700000000000131	26.139
26.800000000000132	29.0749
26.900000000000134	32.0226
27.000000000000135	16.9669
27.100000000000136	19.6984
27.200000000000138	11.0243
27.300000000000139	12.1504
27.400000000000141	15.0282
27.500000000000142	17.833
27.600000000000144	20.6437
27.700000000000145	23.5009
27.800000000000146	11.9824
27.900000000000148	13.1785
28.000000000000149	16.0584
28.100000000000151	18.9218
28.200000000000152	21.7296
28.300000000000153	24.5417
28.400000000000155	27.3204
28.500000000000156	14.5126
28.600000000000158	7.59467
28.700000000000159	10.2949
28.800000000000161	5.74665
28.900000000000162	5.74665
29.000000000000163	5.74665
29.100000000000165	2.9
29.200000000000166	5.39003
29.300000000000168	8.09095
29.400000000000169	10.8517
29.500000000000171	13.564
29.600000000000172	16.3759
29.700000000000173	9.08675
29.800000000000175	9.83098
29.900000000000176	12.5256
30.000000000000178	15.3328
30.100000000000179	17.9793
30.20000000000018	20.7701
30.300000000000182	23.3134
30.400000000000183	25.9927
30.500000000000185	28.8397
30.600000000000186	15.3448
30.700000000000188	18.2109
30.800000000000189	21.1136
30.90000000000019	11.5094
31.000000000000192	14.166
31.100000000000193	17.0547
31.200000000000195	19.8245
31.300000000000196	22.2964
31.400000000000198	25.2042
31.500000000000199	28.1312
31.6000000000002	31.0719
31.700000000000202	34.0228
31.800000000000203	18.4105
31.900000000000205	21.286
32.000000000000206	24.1913
32.100000000000207	27.1171
32.200000000000209	30.0573
32.30000000000021	16.0741
32.400000000000212	16.0741
32.500000000000213	17.6769
32.600000000000215	20.509
32.700000000000216	11.4753
32.800000000000217	12.5608
32.900000000000219	15.3615
33.00000000000022	18.2249
33.100000000000222	21.1257
33.200000000000223	24.0505
33.300000000000225	26.9915
33.400000000000226	29.8436
33.500000000000227	32.7221
33.600000000000229	35.6205
33.70000000000023	38.5344
33.800000000000232	41.4605
33.900000000000233	20.8984
34.000000000000234	10.9177
34.100000000000236	12.5434
34.200000000000237	15.3473
34.300000000000239	18.2129
34.40000000000024	9.71822
34.500000000000242	11.6889
34.600000000000243	14.4514
34.700000000000244	17.2922
34.800000000000246	19.2127
34.900000000000247	22.1194
35.000000000000249	25.0478
35.10000000000025	27.9911
35.200000000000252	14.7284
35.300000000000253	17.5243
35.400000000000254	20.3777
35.500000000000256	23.2676
35.600000000000257	26.1821
35.700000000000259	29.1137
35.80000000000026	15.935
35.900000000000261	17.8336
36.000000000000263	20.6442
36.100000000000264	23.5014
36.200000000000266	12.4536
36.300000000000267	12.7718
36.400000000000269	15.5343
36.50000000000027	18.3707
36.600000000000271	21.2516
36.700000000000273	11.2231
36.800000000000274	14.0779
36.900000000000276	16.9816
37.000000000000277	19.7617
37.100000000000279	22.5978
37.20000000000028	24.51
37.300000000000281	27.4017
37.400000000000283	30.3143
37.500000000000284	33.182
37.600000000000286	36.0712
37.700000000000287	39.0283
37.800000000000288	19.9075
37.90000000000029	19.9075
38.000000000000291	20.8891
38.100000000000293	11.1874
38.200000000000294	6.50595
38.300000000000296	8.98068
38.400000000000297	11.6151
38.500000000000298	14.3919
38.6000000000003	17.2426
38.700000000000301	9.99841
38.800000000000303	12.6572
38.900000000000304	15.4403
39.000000000000306	18.2914
39.100000000000307	21.183
39.200000000000308	24.1008
39.30000000000031	12.6382
39.400000000000311	14.8959
39.500000000000313	16.7334
39.600000000000314	19.549
39.700000000000315	22.412
39.800000000000317	25.3065
39.900000000000318	13.9889
40.00000000000032	16.7292
40.100000000000321	19.5454
40.200000000000323	10.2722
40.300000000000324	10.8431
40.400000000000325	13.5572
40.500000000000327	16.3703
40.600000000000328	19.2392
40.70000000000033	10.8461
40.800000000000331	13.5596
40.900000000000333	16.3722
41.000000000000334	19.0841
41.100000000000335	22.0079
41.200000000000337	24.869
41.300000000000338	27.7232
41.40000000000034	30.5725
41.500000000000341	33.4779
41.600000000000342	36.3985
41.700000000000344	19.0978
41.800000000000345	21.1383
41.900000000000347	22.9981
42.000000000000348	25.8269
42.10000000000035	28.6903
42.200000000000351	14.7579
42.300000000000352	8.63067
42.400000000000354	10.5208
42.500000000000355	13.3012
42.600000000000357	16.1591
42.700000000000358	19.06
42.80000000000036	10.2879
42.900000000000361	12.3297
43.000000000000362	15.1733
43.100000000000364	18.0667
43.200000000000365	20.8938
43.300000000000367	23.6786
43.400000000000368	12.8732
43.500000000000369	15.6177
43.600000000000371	18.4412
43.700000000000372	21.3125
43.800000000000374	24.2147
43.900000000000375	27.1379
44.000000000000377	30.076
44.100000000000378	33.0252
44.200000000000379	35.0246
44.300000000000381	37.8787
44.400000000000382	20.5738
44.500000000000384	23.4396
44.600000000000385	26.3349
44.700000000000387	13.9248
44.800000000000388	16.6758
44.900000000000389	19.4997
45.000000000000391	22.3243
45.100000000000392	11.1621
45.200000000000394	12.8349
45.300000000000395	15.5862
45.400000000000396	18.4145
45.500000000000398	21.2894
45.600000000000399	24.1944
45.700000000000401	13.1667
45.800000000000402	13.1667
45.900000000000404	13.3933
46.000000000000405	16.2349
46.100000000000406	19.1243
46.200000000000408	21.9517
46.300000000000409	24.779
46.400000000000411	12.669
46.500000000000412	13.8779
46.600000000000414	7.29325
46.700000000000415	10.0756
46.800000000000416	12.8749
46.900000000000418	15.6191
47.000000000000419	18.4424
47.100000000000421	9.77556
47.200000000000422	12.4823
47.300000000000423	15.2974
47.400000000000425	18.171
47.500000000000426	21.0792
47.600000000000428	24.0096
47.700000000000429	26.8808
47.800000000000431	29.7435
47.900000000000432	14.989
48.000000000000433	16.2096
48.100000000000435	19.1027
48.200000000000436	22.024
48.300000000000438	24.9235
48.400000000000439	27.7721
48.500000000000441	30.6494
48.600000000000442	33.5481
48.700000000000443	36.4631
48.800000000000445	18.6654
48.900000000000446	18.7189
49.000000000000448	10.378
49.100000000000449	6.07994
49.20000000000045	8.44378
49.300000000000452	11.2063
49.400000000000453	14.0645
49.500000000000455	16.9114
49.600000000000456	19.7015
49.700000000000458	22.5007
49.800000000000459	25.3851
49.90000000000046	28.2933
50.000000000000462	15.4172
50.100000000000463	18.2718
50.200000000000465	21.1662
50.300000000000466	24.086
50.400000000000468	27.0232
50.500000000000469	29.9392
50.60000000000047	32.8092
50.700000000000472	35.7006
50.800000000000473	38.5306
50.900000000000475	19.7782
51.000000000000476	11.1051
51.100000000000477	13.0954
51.200000000000479	15.9903
51.30000000000048	17.8269
51.400000000000482	20.6384
51.500000000000483	23.4963
51.600000000000485	13.1958
51.700000000000486	16.0726
51.800000000000487	18.9867
51.900000000000489	21.786
52.00000000000049	24.6324
52.100000000000492	27.5112
52.200000000000493	30.4133
52.300000000000495	33.0915
52.400000000000496	18.3266
52.500000000000497	21.2135
52.600000000000499	24.1276
52.7000000000005	13.2893
52.800000000000502	16.1493
52.900000000000503	19.0517
53.000000000000504	21.9797
53.100000000000506	24.5605
53.200000000000507	13.2242
53.300000000000509	16.0958
53.40000000000051	19.0064
53.500000000000512	21.8491
53.600000000000513	23.9891
53.700000000000514	26.3737
53.800000000000516	13.1868
53.900000000000517	14.8328
54.000000000000519	17.612
54.10000000000052	20.4532
54.200000000000522	23.3338
54.300000000000523	26.2408
54.400000000000524	29.1665
54.500000000000526	15.9748
54.600000000000527	15.9748
54.700000000000529	18.1472
54.80000000000053	21.0588
54.900000000000531	23.9917
55.000000000000533	26.8275
55.100000000000534	13.9264
55.200000000000536	16.6771
55.300000000000537	9.22263
55.400000000000539	11.9716
55.50000000000054	14.6807
55.600000000000541	17.4842
55.700000000000543	20.3433
55.800000000000544	23.2375
55.900000000000546	26.1553
56.000000000000547	28.11
56.100000000000549	15.002
56.20000000000055	16.7682
56.300000000000551	19.5787
56.400000000000553	22.438
56.500000000000554	12.1411
56.600000000000556	14.8866
56.700000000000557	17.6574
56.800000000000558	20.4922
56.90000000000056	11.5144
57.000000000000561	14.3108
57.100000000000563	17.175
57.200000000000564	9.86307
57.300000000000566	11.0178
57.400000000000567	13.7701
57.500000000000