10	1
10.1	1
10.199999999999999	1
10.299999999999999	1
10.399999999999999	1
10.499999999999998	1
10.599999999999998	1
10.699999999999998	1
10.799999999999997	1
10.899999999999997	1
10.999999999999996	1
11.099999999999996	1
11.199999999999996	1
11.299999999999995	1
11.399999999999995	1
11.499999999999995	1
11.599999999999994	1
11.699999999999994	1
11.799999999999994	1
11.899999999999993	1
11.999999999999993	1
12.099999999999993	1
12.199999999999992	1
12.299999999999992	1
12.399999999999991	1
12.499999999999991	1
12.599999999999991	1
12.69999999999999	1
12.79999999999999	1
12.89999999999999	1
12.999999999999989	1
13.099999999999989	1
13.199999999999989	1
13.299999999999988	1
13.399999999999988	1
13.499999999999988	1
13.599999999999987	1
13.699999999999987	1
13.799999999999986	1
13.899999999999986	1
13.999999999999986	1
14.099999999999985	1
14.199999999999985	1
14.299999999999985	1
14.399999999999984	1
14.499999999999984	1
14.599999999999984	1
14.699999999999983	1
14.799999999999983	1
14.899999999999983	1
14.999999999999982	1
15.099999999999982	1
15.199999999999982	1
15.299999999999981	1
15.399999999999981	1
15.49999999999998	1
15.59999999999998	1
15.69999999999998	1
15.799999999999979	1
15.899999999999979	1
15.999999999999979	1
16.09999999999998	1
16.199999999999982	1
16.299999999999983	1
16.399999999999984	1
16.499999999999986	1
16.599999999999987	1
16.699999999999989	1
16.79999999999999	1
16.899999999999991	1
16.999999999999993	1
17.099999999999994	1
17.199999999999996	1
17.299999999999997	1
17.399999999999999	1
17.5	1
17.600000000000001	1
17.700000000000003	1
17.800000000000004	1
17.900000000000006	1
18.000000000000007	1
18.100000000000009	1
18.20000000000001	1
18.300000000000011	1
18.400000000000013	1
18.500000000000014	1
18.600000000000016	1
18.700000000000017	1
18.800000000000018	1
18.90000000000002	1
19.000000000000021	1
19.100000000000023	1
19.200000000000024	1
19.300000000000026	1
19.400000000000027	1
19.500000000000028	1
19.60000000000003	1
19.700000000000031	1
19.800000000000033	1
19.900000000000034	1
20.000000000000036	1
20.100000000000037	1
20.200000000000038	1
20.30000000000004	1
20.400000000000041	1
20.500000000000043	1
20.600000000000044	1
20.700000000000045	1
20.800000000000047	1
20.900000000000048	1
21.00000000000005	1
21.100000000000051	1
21.200000000000053	1
21.300000000000054	1
21.400000000000055	1
21.500000000000057	1
21.600000000000058	1
21.70000000000006	1
21.800000000000061	1
21.900000000000063	1
22.000000000000064	1
22.100000000000065	1
22.200000000000067	1
22.300000000000068	4
22.40000000000007	16
22.500000000000071	61
22.600000000000072	30.5
22.700000000000074	30.5
22.800000000000075	30.5
22.900000000000077	2
23.000000000000078	6
23.10000000000008	11
23.200000000000081	15.9078
23.300000000000082	7.95391
23.400000000000084	9.45722
23.500000000000085	11.2968
23.600000000000087	12.2351
23.700000000000088	6.35878
23.80000000000009	7.52357
23.900000000000091	9.3177
24.000000000000092	10.2428
24.100000000000094	12.1278
24.200000000000095	6.42688
24.300000000000097	7.30992
24.400000000000098	9.14663
24.500000000000099	10.8551
24.600000000000101	12.6486
24.700000000000102	13.5667
24.800000000000104	15.4333
24.900000000000105	17.3292
25.000000000000107	18.2854
25.100000000000108	9.57125
25.200000000000109	11.3923
25.300000000000111	6.44024
25.400000000000112	6.44024
25.500000000000114	7.5923
25.600000000000115	9.37311
25.700000000000117	10.2932
25.800000000000118	12.1704
25.900000000000119	14.0806
26.000000000000121	16.0123
26.100000000000122	16.9248
26.200000000000124	18.7764
26.300000000000125	20.6555
26.400000000000126	21.6031
26.500000000000128	23.5112
26.600000000000129	25.4334
26.700000000000131	13.5731
26.800000000000132	13.5731
26.900000000000134	14.6392
27.000000000000135	16.5053
27.100000000000136	17.2183
27.200000000000138	8.60913
27.300000000000139	10.2122
27.400000000000141	12.102
27.500000000000142	13.0589
27.600000000000144	14.9891
27.700000000000145	16.8163
27.800000000000146	17.7438
27.900000000000148	19.62
28.000000000000149	21.3782
28.100000000000151	11.5662
28.200000000000152	10.5662
28.300000000000153	12.5642
28.400000000000155	14.3525
28.500000000000156	15.2989
28.600000000000158	17.2098
28.700000000000159	19.0861
28.800000000000161	21.0327
28.900000000000162	22.0096
29.000000000000163	23.9271
29.100000000000165	25.6627
29.200000000000166	12.8314
29.300000000000168	12.8314
29.400000000000169	13.7373
29.500000000000171	15.5833
29.600000000000172	16.5196
29.700000000000173	8.76008
29.800000000000175	8.76008
29.900000000000176	8.76008
30.000000000000178	2
30.100000000000179	4.48529
30.20000000000018	6.51909
30.300000000000182	7.3909
30.400000000000183	9.21125
30.500000000000185	4.81904
30.600000000000186	5.2255
30.700000000000188	7.04334
30.800000000000189	8.82245
30.90000000000019	10.5839
31.000000000000192	11.4935
31.100000000000193	13.3511
31.200000000000195	15.2442
31.300000000000196	16.2002
31.400000000000198	18.1262
31.500000000000199	20.0664
31.6000000000002	22.0171
31.700000000000202	22.9956
31.800000000000203	24.7966
31.900000000000205	12.8735
32.000000000000206	12.8735
32.100000000000207	12.8735
32.200000000000209	1
32.30000000000021	5
32.400000000000212	6.93882
32.500000000000213	8.62359
32.600000000000215	10.419
32.700000000000216	11.342
32.800000000000217	5.84534
32.900000000000219	7.09679
33.00000000000022	8.97783
33.100000000000222	9.52159
33.200000000000223	4.76079
33.300000000000225	6.24023
33.400000000000226	7.14687
33.500000000000227	9.01732
33.600000000000229	10.8396
33.70000000000023	12.5557
33.800000000000232	13.4802
33.900000000000233	15.3573
34.000000000000234	17.2616
34.100000000000236	18.4399
34.200000000000237	9.30106
34.300000000000239	9.61995
34.40000000000024	11.4332
34.500000000000242	12.361
34.600000000000243	14.2456
34.700000000000244	16.1575
34.800000000000246	18.088
34.900000000000247	9.12669
35.000000000000249	9.12669
35.10000000000025	9.12669
35.200000000000252	4.48529
35.300000000000253	6.36191
35.400000000000254	8.0443
35.500000000000256	9.84449
35.600000000000257	11.0012
35.700000000000259	12.8523
35.80000000000026	14.3978
35.900000000000261	7.30257
36.000000000000263	8.80432
36.100000000000264	10.1815
36.200000000000266	5.65891
36.300000000000267	7.08882
36.400000000000269	8.97156
36.50000000000027	10.1297
36.600000000000271	5.40082
36.700000000000273	5.40082
36.800000000000274	5.93846
36.900000000000276	7.58371
37.000000000000277	4.29061
37.100000000000279	4.29061
37.20000000000028	4.95549
37.300000000000281	6.5452
37.400000000000283	8.31148
37.500000000000284	9.22964
37.600000000000286	11.1073
37.700000000000287	13.0204
37.800000000000288	14.821
37.90000000000029	15.7392
38.000000000000291	17.6021
38.100000000000293	19.4919
38.200000000000294	20.3956
38.300000000000296	10.9575
38.400000000000297	12.498
38.500000000000298	7.15449
38.6000000000003	8.08144
38.700000000000301	9.97605
38.800000000000303	11.7339
38.900000000000304	12.6396
39.000000000000306	14.4878
39.100000000000307	16.3713
39.200000000000308	18.2792
39.30000000000031	19.2401
39.400000000000311	10.1271
39.500000000000313	10.7992
39.600000000000314	11.692
39.700000000000315	13.5221
39.800000000000317	7.12215
39.900000000000318	8.99782
40.00000000000032	9.85149
40.100000000000321	11.6283
40.200000000000323	13.4672
40.300000000000324	14.4025
40.400000000000325	16.2959
40.500000000000327	8.42071
40.600000000000328	10.2521
40.70000000000033	11.189
40.800000000000331	13.0901
40.900000000000333	15.0163
41.000000000000334	15.9232
41.100000000000335	17.7668
41.200000000000337	19.6407
41.300000000000338	21.5372
41.40000000000034	10.9529
41.500000000000341	12.0024
41.600000000000342	13.8637
41.700000000000344	14.7739
41.800000000000345	16.6248
41.900000000000347	18.5066
42.000000000000348	20.4106
42.10000000000035	21.3691
42.200000000000351	23.2534
42.300000000000352	25.1953
42.400000000000354	26.1694
42.500000000000355	28.1232
42.600000000000357	30.0163
42.700000000000358	31.9224
42.80000000000036	32.8796
42.900000000000361	34.5994
43.000000000000362	17.7563
43.100000000000364	18.6369
43.200000000000365	20.5288
43.300000000000367	22.4393
43.400000000000368	24.364
43.500000000000369	25.3307
43.600000000000371