10	1
10.1	1
10.199999999999999	1
10.299999999999999	1
10.399999999999999	1
10.499999999999998	1
10.599999999999998	1
10.699999999999998	1
10.799999999999997	1
10.899999999999997	1
10.999999999999996	1
11.099999999999996	1
11.199999999999996	1
11.299999999999995	1
11.399999999999995	1
11.499999999999995	1
11.599999999999994	1
11.699999999999994	1
11.799999999999994	1
11.899999999999993	1
11.999999999999993	1
12.099999999999993	1
12.199999999999992	1
12.299999999999992	1
12.399999999999991	1
12.499999999999991	1
12.599999999999991	1
12.69999999999999	1
12.79999999999999	1
12.89999999999999	1
12.999999999999989	1
13.099999999999989	1
13.199999999999989	1
13.299999999999988	1
13.399999999999988	1
13.499999999999988	1
13.599999999999987	1
13.699999999999987	1
13.799999999999986	1
13.899999999999986	1
13.999999999999986	1
14.099999999999985	1
14.199999999999985	1
14.299999999999985	1
14.399999999999984	1
14.499999999999984	1
14.599999999999984	1
14.699999999999983	1
14.799999999999983	1
14.899999999999983	1
14.999999999999982	1
15.099999999999982	1
15.199999999999982	1
15.299999999999981	1
15.399999999999981	1
15.49999999999998	1
15.59999999999998	1
15.69999999999998	1
15.799999999999979	1
15.899999999999979	1
15.999999999999979	1
16.09999999999998	1
16.199999999999982	1
16.299999999999983	1
16.399999999999984	1
16.499999999999986	1
16.599999999999987	1
16.699999999999989	1
16.79999999999999	1
16.899999999999991	1
16.999999999999993	1
17.099999999999994	1
17.199999999999996	1
17.299999999999997	1
17.399999999999999	1
17.5	1
17.600000000000001	1
17.700000000000003	1
17.800000000000004	1
17.900000000000006	1
18.000000000000007	1
18.100000000000009	1
18.20000000000001	1
18.300000000000011	1
18.400000000000013	1
18.500000000000014	1
18.600000000000016	1
18.700000000000017	1
18.800000000000018	1
18.90000000000002	1
19.000000000000021	1
19.100000000000023	1
19.200000000000024	1
19.300000000000026	1
19.400000000000027	1
19.500000000000028	1
19.60000000000003	1
19.700000000000031	1
19.800000000000033	1
19.900000000000034	1
20.000000000000036	1
20.100000000000037	1
20.200000000000038	1
20.30000000000004	1
20.400000000000041	1
20.500000000000043	1
20.600000000000044	1
20.700000000000045	1
20.800000000000047	1
20.900000000000048	1
21.00000000000005	1
21.100000000000051	1
21.200000000000053	1
21.300000000000054	1
21.400000000000055	1
21.500000000000057	1
21.600000000000058	1
21.70000000000006	1
21.800000000000061	1
21.900000000000063	1
22.000000000000064	1
22.100000000000065	1
22.200000000000067	1
22.300000000000068	1
22.40000000000007	1
22.500000000000071	1
22.600000000000072	1
22.700000000000074	1
22.800000000000075	1
22.900000000000077	1
23.000000000000078	1
23.10000000000008	1
23.200000000000081	1
23.300000000000082	1
23.400000000000084	1
23.500000000000085	1
23.600000000000087	1
23.700000000000088	1
23.80000000000009	1
23.900000000000091	1
24.000000000000092	1
24.100000000000094	1
24.200000000000095	1
24.300000000000097	1
24.400000000000098	1
24.500000000000099	1
24.600000000000101	1
24.700000000000102	1
24.800000000000104	1
24.900000000000105	1
25.000000000000107	1
25.100000000000108	1
25.200000000000109	1
25.300000000000111	1
25.400000000000112	1
25.500000000000114	1
25.600000000000115	1
25.700000000000117	1
25.800000000000118	1
25.900000000000119	1
26.000000000000121	1
26.100000000000122	1
26.200000000000124	1
26.300000000000125	1
26.400000000000126	1
26.500000000000128	1
26.600000000000129	1
26.700000000000131	1
26.800000000000132	1
26.900000000000134	1
27.000000000000135	1
27.100000000000136	1
27.200000000000138	1
27.300000000000139	1
27.400000000000141	1
27.500000000000142	1
27.600000000000144	1
27.700000000000145	1
27.800000000000146	1
27.900000000000148	1
28.000000000000149	1
28.100000000000151	1
28.200000000000152	1
28.300000000000153	1
28.400000000000155	1
28.500000000000156	1
28.600000000000158	1
28.700000000000159	4.33944
28.800000000000161	6.05746
28.900000000000162	5.6418
29.000000000000163	6.292
29.100000000000165	2.96917
29.200000000000166	6.05476
29.300000000000168	3.17067
29.400000000000169	2.60948
29.500000000000171	2.60948
29.600000000000172	2.9
29.700000000000173	5.25458
29.800000000000175	8.53105
29.900000000000176	8.09511
30.000000000000178	3.02651
30.100000000000179	3.35692
30.20000000000018	3.35692
30.300000000000182	3.80387
30.400000000000183	3.2888
30.500000000000185	2.47791
30.600000000000186	2.47791
30.700000000000188	1
30.800000000000189	2.87745
30.90000000000019	2.87745
31.000000000000192	2.5
31.100000000000193	2.93032
31.200000000000195	2.16036
31.300000000000196	2.5422
31.400000000000198	4.11323
31.500000000000199	2.88376
31.6000000000002	2.88376
31.700000000000202	1
31.800000000000203	1
31.900000000000205	1
32.000000000000206	1
32.100000000000207	2.9
32.200000000000209	3.55301
32.30000000000021	3.55301
32.400000000000212	3.72954
32.500000000000213	5.59071
32.600000000000215	5.76957
32.700000000000216	5.76957
32.800000000000217	2
32.900000000000219	2
33.00000000000022	2
33.100000000000222	2
33.200000000000223	7.16526
33.300000000000225	3.19323
33.400000000000226	3.42712
33.500000000000227	3.42712
33.600000000000229	1
33.70000000000023	1
33.800000000000232	1
33.900000000000233	1
34.000000000000234	3.83446
34.100000000000236	3.99001
34.200000000000237	2.24761
34.300000000000239	4.19582
34.40000000000024	7.06956
34.500000000000242	5.44089
34.600000000000243	4.19738
34.700000000000244	7.00294
34.800000000000246	9.19771
34.900000000000247	5.31448
35.000000000000249	6.54126
35.10000000000025	6.77687
35.200000000000252	2.24131
35.300000000000253	2.24131
35.400000000000254	2.9
35.500000000000256	2.9
35.600000000000257	1
35.700000000000259	3.9827
35.80000000000026	3.9827
35.900000000000261	1
36.000000000000263	1
36.100000000000264	1
36.200000000000266	1
36.300000000000267	1
36.400000000000269	4.6094
36.50000000000027	8.16232
36.600000000000271	4.05585
36.700000000000273	6.52507
36.800000000000274	4.06653
36.900000000000276	4.66729
37.000000000000277	2.76216
37.100000000000279	2.76216
37.20000000000028	2.536
37.300000000000281	2.29628
37.400000000000283	4.65622
37.500000000000284	5.54907
37.600000000000286	6.0138
37.700000000000287	8.07218
37.800000000000288	6.76306
37.90000000000029	4.30063
38.000000000000291	4.30063
38.100000000000293	6.09735
38.200000000000294	8.26536
38.300000000000296	5.29502
38.400000000000297	4.15113
38.500000000000298	2.80996
38.6000000000003	4.61289
38.700000000000301	3.22568
38.800000000000303	3.22568
38.900000000000304	1
39.000000000000306	1
39.100000000000307	1
39.200000000000308	1
39.30000000000031	1
39.400000000000311	1
39.500000000000313	1
39.600000000000314	1
39.700000000000315	1
39.800000000000317	1
39.900000000000318	1
40.00000000000032	1
40.100000000000321	2.9
40.200000000000323	5.21186
40.300000000000324	3.51665
40.400000000000325	3.51665
40.500000000000327	4.78871
40.600000000000328	3.93036
40.70000000000033	2.09239
40.800000000000331	2.09239
40.900000000000333	3.24483
41.000000000000334	3.24483
41.100000000000335	4.78871
41.200000000000337	2.39435
41.300000000000338	2.39435
41.40000000000034	2.28494
41.500000000000341	2.28494
41.600000000000342	1
41.700000000000344	5.47726
41.800000000000345	4.31451
41.900000000000347	4.31451
42.000000000000348	5.19763
42.10000000000035	3.33187
42.200000000000351	3.65963
42.300000000000352	2.26375
42.400000000000354	5.65143
42.500000000000355	4.70247
42.600000000000357	4.70247
42.700000000000358	2.5
42.80000000000036	2.5
42.900000000000361	2.5
43.000000000000362	2.5
43.100000000000364	2.5
43.200000000000365	2.5
43.300000000000367	2.5
43.400000000000368	2.5
43.500000000000369	2.5
43.600000000000371	2.5
43.700000000000372	2.5
43.800000000000374	2.5
43.900000000000375	1
44.000000000000377	2.9
44.100000000000378	2.9
44.200000000000379	2.9
44.300000000000381	2.9
44.400000000000382	2.9
44.500000000000384	2.9
44.600000000000385	2.9
44.700000000000387	2.9
44.800000000000388	2.9
44.900000000000389	2.9
45.000000000000391	2.9
45.100000000000392	2.9
45.200000000000394	2.9
45.300000000000395	2.9
45.400000000000396	2.9
45.500000000000398	2.9
45.600000000000399	4.56988
45.700000000000401	2.28494
45.800000000000402	2.28494
45.900000000000404	3.21053
46.000000000000405	5.