10	31.2984
10.1	16.9829
10.199999999999999	18.9876
10.299999999999999	22.7313
10.399999999999999	25.5896
10.499999999999998	28.4769
10.599999999999998	31.2895
10.699999999999998	34.2216
10.799999999999997	37.1645
10.899999999999997	40.1158
10.999999999999996	21.2799
11.099999999999996	22.2459
11.199999999999996	11.9075
11.299999999999995	14.6286
11.399999999999995	17.4405
11.499999999999995	20.3057
11.599999999999994	10.959
11.699999999999994	10.959
11.799999999999994	12.6588
11.899999999999993	15.4416
11.999999999999993	9.12391
12.099999999999993	11.98
12.199999999999992	14.6875
12.299999999999992	17.49
12.399999999999991	20.3482
12.499999999999991	23.2418
12.599999999999991	26.1592
12.69999999999999	29.0931
12.79999999999999	32.0391
12.89999999999999	16.6173
12.999999999999989	17.8383
13.099999999999989	20.4534
13.199999999999989	11.8632
13.299999999999988	5.93159
13.399999999999988	8.21663
13.499999999999988	11.0367
13.599999999999987	13.7852
13.699999999999987	16.5595
13.799999999999986	9.38836
13.899999999999986	12.1821
13.999999999999986	15.0537
14.099999999999985	17.9106
14.199999999999985	20.7107
14.299999999999985	11.2363
14.399999999999984	14.0883
14.499999999999984	16.9903
14.599999999999984	9.54968
14.699999999999983	10.7385
14.799999999999983	13.4738
14.899999999999983	16.3013
14.999999999999982	9.32561
15.099999999999982	9.64369
15.199999999999982	12.3795
15.299999999999981	15.2138
15.399999999999981	7.67246
15.49999999999998	7.67246
15.59999999999998	2
15.69999999999998	5.25165
15.799999999999979	8.00038
15.899999999999979	10.691
15.999999999999979	13.436
16.09999999999998	17.2272
16.199999999999982	20.1229
16.299999999999983	23.0449
16.399999999999984	25.9844
16.499999999999986	28.8321
16.599999999999987	31.6763
16.699999999999989	34.5756
16.79999999999999	37.4907
16.899999999999991	19.6571
16.999999999999993	21.6448
17.099999999999994	24.5076
17.199999999999996	13.555
17.299999999999997	7.97216
17.399999999999999	10.5754
17.5	13.568
17.600000000000001	16.9207
17.700000000000003	9.54505
17.800000000000004	10.6404
17.900000000000006	13.3958
18.000000000000007	16.237
18.100000000000009	19.126
18.20000000000001	22.0442
18.300000000000011	24.9814
18.400000000000013	12.8851
18.500000000000014	15.6275
18.600000000000016	18.4495
18.700000000000017	21.3197
18.800000000000018	24.221
18.90000000000002	27.1435
19.000000000000021	30.9662
19.100000000000023	17.3736
19.200000000000024	9.87681
19.300000000000026	12.5616
19.400000000000027	15.3621
19.500000000000028	18.2254
19.60000000000003	21.1261
19.700000000000031	24.0509
19.800000000000033	12.4346
19.900000000000034	14.2392
20.000000000000036	17.1155
20.100000000000037	20.0274
20.200000000000038	11.2639
20.30000000000004	14.1103
20.400000000000041	8.05037
20.500000000000043	11.3646
20.600000000000044	14.1908
20.700000000000045	8.08562
20.800000000000047	10.4708
20.900000000000048	13.2618
21.00000000000005	16.1267
21.100000000000051	19.0325
21.200000000000053	10.844
21.300000000000054	11.9872
21.400000000000055	14.6934
21.500000000000057	7.87347
21.600000000000058	8.36977
21.70000000000006	11.1509
21.800000000000061	14.0204
21.900000000000063	8.58994
22.000000000000064	4.57852
22.100000000000065	2.60259
22.200000000000067	3.32163
22.300000000000068	5.96958
22.40000000000007	8.48476
22.500000000000071	11.2372
22.600000000000072	14.089
22.700000000000074	7.8519
22.800000000000075	7.8519
22.900000000000077	9.37179
23.000000000000078	12.1693
23.10000000000008	7.32579
23.200000000000081	10.099
23.300000000000082	12.9708
23.400000000000084	16.628
23.500000000000085	19.4589
23.600000000000087	22.3335
23.700000000000088	25.237
23.80000000000009	28.125
23.900000000000091	31.0663
24.000000000000092	15.8992
24.100000000000094	16.9956
24.200000000000095	9.58103
24.300000000000097	12.3308
24.400000000000098	15.1742
24.500000000000099	18.0674
24.600000000000101	20.9901
24.700000000000102	23.8056
24.800000000000104	26.6612
24.900000000000105	30.4788
25.000000000000107	33.2121
25.100000000000108	36.0988
25.200000000000109	19.0209
25.300000000000111	21.7699
25.400000000000112	11.2468
25.500000000000114	13.1395
25.600000000000115	16.0264
25.700000000000117	8.87339
25.800000000000118	10.5313
25.900000000000119	13.3096
26.000000000000121	7.19762
26.100000000000122	9.38472
26.200000000000124	12.1793
26.300000000000125	16.019
26.400000000000126	18.8354
26.500000000000128	21.6544
26.600000000000129	24.516
26.700000000000131	27.4071
26.800000000000132	30.3191
26.900000000000134	33.2467
27.000000000000135	36.186
27.100000000000136	39.1344
27.200000000000138	19.758
27.300000000000139	19.9597
27.400000000000141	10.7989
27.500000000000142	10.7989
27.600000000000144	10.7989
27.700000000000145	6.87924
27.800000000000146	10.2825
27.900000000000148	13.1138
28.000000000000149	16.0679
28.100000000000151	18.7705
28.200000000000152	21.598
28.300000000000153	24.4663
28.400000000000155	13.3293
28.500000000000156	13.3293
28.600000000000158	15.4862
28.700000000000159	18.33
28.800000000000161	10.3238
28.900000000000162	13.1462
29.000000000000163	16.0319
29.100000000000165	18.8994
29.200000000000166	10.8553
29.300000000000168	12.8845
29.400000000000169	15.627
29.500000000000171	18.4491
29.600000000000172	9.35928
29.700000000000173	4.73306
29.800000000000175	6.53684
29.900000000000176	9.22375
30.000000000000178	12.056
30.100000000000179	14.8848
30.20000000000018	17.6558
30.300000000000182	20.4909
30.400000000000183	10.8159
30.500000000000185	12.1284
30.600000000000186	14.8763
30.700000000000188	18.5883
30.800000000000189	21.4399
30.90000000000019	24.3268
31.000000000000192	12.7264
31.100000000000193	13.2666
31.200000000000195	16.1306
31.300000000000196	19.0359
31.400000000000198	21.9204
31.500000000000199	24.7513
31.6000000000002	12.6555
31.700000000000202	14.7076
31.800000000000203	8.43282
31.900000000000205	8.43282
32.000000000000206	9.96395
32.100000000000207	12.6301
32.200000000000209	16.3639
32.30000000000021	19.2338
32.400000000000212	22.1378
32.500000000000213	25.064
32.600000000000215	28.0056
32.700000000000216	14.4601
32.800000000000217	8.47428
32.900000000000219	9.58841
33.00000000000022	5.56975
33.100000000000222	8.21064
33.200000000000223	11.0323
33.300000000000225	13.7087
33.400000000000226	16.4959
33.500000000000227	19.3462
33.600000000000229	23.2047
33.70000000000023	13.2948
33.800000000000232	7.26118
33.900000000000233	7.26118
34.000000000000234	1
34.100000000000236	4.16441
34.200000000000237	6.77034
34.300000000000239	9.38974
34.40000000000024	12.1831
34.500000000000242	6.17338
34.600000000000243	6.17338
34.700000000000244	1
34.800000000000246	6.14322
34.900000000000247	8.95093
35.000000000000249	11.5922
35.10000000000025	14.3734
35.200000000000252	17.2272
35.300000000000253	9.20384
35.400000000000254	11.3544
35.500000000000256	14.1826
35.600000000000257	7.43627
35.700000000000259	9.13815
35.80000000000026	11.6512
35.900000000000261	6.63234
36.000000000000263	9.29128
36.100000000000264	12.1076
36.200000000000266	14.9936
36.300000000000267	17.7476
36.400000000000269	20.57
36.50000000000027	10.5966
36.600000000000271	13.1341
36.700000000000273	16.022
36.800000000000274	19.7715
36.900000000000276	22.6064
37.000000000000277	25.4788
37.100000000000279	28.3774
37.20000000000028	14.9944
37.300000000000281	14.9944
37.400000000000283	1
37.500000000000284	6
37.600000000000286	4.09753
37.700000000000287	6.26281
37.800000000000288	9.03285
37.90000000000029	11.7412
38.000000000000291	14.4937
38.100000000000293	17.3276
38.200000000000294	8.92014
38.300000000000296	9.46724
38.400000000000297	13.1895
38.500000000000298	16.0673
38.6000000000003	18.9823
38.700000000000301	21.7822
38.800000000000303	12.1737
38.900000000000304	15.047
39.000000000000306	17.7927
39.100000000000307	20.6089
39.200000000000308	23.3849
39.30000000000031	26.2101
39.400000000000311	14.1867
39.500000000000313	14.1867
39.600000000000314	15.406
39.700000000000315	8.62408
39.800000000000317	11.3424
39.900000000000318	15.1307
40.00000000000032	8.58875
40.100000000000321	9.99596
40.200000000000323	12.6553
40.300000000000324	15.4388
40.400000000000325	8.19169
40.500000000000327	8.19169
40.600000000000328	9.76115
40.70000000000033	12.471
40.800000000000331	6.43346
40.900000000000333	6.43346
41.000000000000334	2
41.100000000000335	5.05378
41.200000000000337	2.62583
41.300000000000338	4.16907
41.40000000000034	6.77316
41.500000000000341	9.39176
41.600000000000342	13.1355
41.700000000000344	16.0231
41.800000000000345	9.12238
41.900000000000347	9.44738
42.000000000000348	12.2275
42.10000000000035	15.0905
42.200000000000351	8.45336
42.300000000000352	10.0815
42.400000000000354	12.8795
42.500000000000355	15.6229
42.600000000000357	18.4457
42.700000000000358	21.3164
42.80000000000036	24.2181
42.900000000000361	12.8508
43.000000000000362	12.8508
43.100000000000364	15.209
43.200000000000365	7.60448
43.300000000000367	7.60448
43.400000000000368	9.38295
43.500000000000369	12.1779
43.600000000000371	15.0504
43.700000000000372	17.9078
43.800000000000374	20.7083
43.900000000000375	23.5151
44.000000000000377	26.4022
44.100000000000378	29.3118
44.200000000000379	15.7421
44.300000000000381	8.02859
44.400000000000382	10.5229
44.500000000000384	14.249
44.600000000000385	17.1236
44.700000000000387	20.0344
44.800000000000388	11.3775
44.900000000000389	14.201
45.000000000000391	17.0837
45.100000000000392	9.24671
45.200000000000394	12.0735
45.300000000000395	6.59276
45.400000000000396	6.59276
45.500000000000398	9.15399
45.600000000000399	12.0028
45.700000000000401	6.9681
45.800000000000402	6.9681
45.900000000000404	10.2441
46.000000000000405	5.63557
46.100000000000406	7.07032
46.200000000000408	9.81426
46.300000000000409	12.5125
46.400000000000411	15.3221
46.500000000000412	18.1917
46.600000000000414	9.68469
46.700000000000415	12.4114
46.800000000000416	15.2397
46.900000000000418	8.34175
47.000000000000419	10.3829
47.100000000000421	13.1926
47.200000000000422	7.78701
47.300000000000423	10.4371
47.400000000000425	14.1859
47.500000000000426	17.0712
47.600000000000428	9.37443
47.700000000000429	10.1963
47.800000000000431	13.0465
47.900000000000432	15.8874
48.000000000000433	18.6701
48.100000000000435	21.5108
48.200000000000436	24.3893
48.300000000000438	27.2938
48.400000000000439	30.2168
48.500000000000441	16.2721
48.600000000000442	18.3003
48.700000000000443	21.1907
48.800000000000445	24.1076
48.900000000000446	13.7959
49.000000000000448	15.699
49.100000000000449	8.9525
49.20000000000045	8.9525
49.300000000000452	11.2417
49.400000000000453	14.0927
49.500000000000455	8.13552
49.600000000000456	8.49887
49.700000000000458	11.2478
49.800000000000459	14.0975
49.90000000000046	16.9978
50.000000000000462	9.28777
50.100000000000463	12.1049
50.200000000000465	14.9914
50.300000000000466	8.56009
50.400000000000468	11.294
50.500000000000469	14.1343
50.60000000000047	16.9103
50.700000000000472	10.1822
50.800000000000473	13.0355
50.900000000000475	15.8151
51.000000000000476	18.6086
51.100000000000477	21.364
51.200000000000479	11.9241
51.30000000000048	14.642
51.400000000000482	17.4518
51.500000000000483	9.7811
51.600000000000485	9.7811
51.700000000000486	5.14403
51.800000000000487	8.65957
51.900000000000489	11.3693
52.00000000000049	6.54606
52.100000000000492	8.06608
52.200000000000493	10.8332
52.300000000000495	13.5493
52.400000000000496	7.57785
52.500000000000497	7.57785
52.600000000000499	2
52.7000000000005	3.63333
52.800000000000502	6.46458
52.900000000000503	9.17299
53.000000000000504	12.0173
53.100000000000506	6.49023
53.200000000000507	8.96936
53.300000000000509	12.1967
53.40000000000051	15.0655
53.500000000000512	18.1978
53.600000000000513	21.1023
53.700000000000514	10.947
53.800000000000516	13.6403
53.900000000000517	16.378
54.000000000000519	19.2458
54.10000000000052	22.1029
54.200000000000522	24.9933
54.300000000000523	27.8347
54.400000000000524	15.29
54.500000000000526	17.9985
54.600000000000527	20.7386
54.700000000000529	24.2538
54.80000000000053	12.6523
54.900000000000531	15.4363
55.000000000000533	18.288
55.100000000000534	21.0854
55.200000000000536	24.0151
55.300000000000537	26.8856
55.400000000000539	29.7479
55.50000000000054	16.2574
55.600000000000541	9.00615
55.700000000000543	11.7207
55.800000000000544	14.4771
55.900000000000546	17.3138
56.000000000000547	20.0977
56.100000000000549	23.0229
56.2