10	1
10.1	1
10.199999999999999	1
10.299999999999999	1
10.399999999999999	1
10.499999999999998	1
10.599999999999998	1
10.699999999999998	1
10.799999999999997	2
10.899999999999997	2
10.999999999999996	4
11.099999999999996	4
11.199999999999996	8
11.299999999999995	16
11.399999999999995	16
11.499999999999995	29
11.599999999999994	29
11.699999999999994	14.5
11.799999999999994	14.5
11.899999999999993	14.5
11.999999999999993	14.5
12.099999999999993	1
12.199999999999992	7.81738
12.299999999999992	8.67272
12.399999999999991	8.67272
12.499999999999991	9.55582
12.599999999999991	9.66047
12.69999999999999	10.4597
12.79999999999999	11.3793
12.89999999999999	11.3793
12.999999999999989	12.3113
13.099999999999989	12.3925
13.199999999999989	13.253
13.299999999999988	14.2025
13.399999999999988	14.2025
13.499999999999988	15.1584
13.599999999999987	15.2244
13.699999999999987	15.7421
13.799999999999986	7.87106
13.899999999999986	7.87106
13.999999999999986	7.87106
14.099999999999985	7.87106
14.199999999999985	1
14.299999999999985	2
14.399999999999984	2
14.499999999999984	3.33333
14.599999999999984	3.33333
14.699999999999983	4.63158
14.799999999999983	5.44207
14.899999999999983	5.44207
14.999999999999982	6.306
15.099999999999982	6.306
15.199999999999982	7.20419
15.299999999999981	8.12537
15.399999999999981	8.12537
15.49999999999998	9.06265
15.59999999999998	9.06265
15.69999999999998	10.0116
15.799999999999979	10.9692
15.899999999999979	10.9692
15.999999999999979	11.8491
16.09999999999998	11.8491
16.199999999999982	12.7465
16.299999999999983	13.6581
16.399999999999984	13.6581
16.499999999999986	14.5811
16.599999999999987	14.5811
16.699999999999989	15.5136
16.79999999999999	7.9482
16.899999999999991	7.9482
16.999999999999993	7.9482
17.099999999999994	7.9482
17.199999999999996	8.07402
17.299999999999997	8.07402
17.399999999999999	1
17.5	2
17.600000000000001	2
17.700000000000003	4
17.800000000000004	4
17.900000000000006	4.70824
18.000000000000007	5.50703
18.100000000000009	5.50703
18.20000000000001	6.36191
18.300000000000011	6.36191
18.400000000000013	7.25303
18.500000000000014	8.16862
18.600000000000016	8.16862
18.700000000000017	9.10138
18.800000000000018	9.10138
18.90000000000002	10.0466
19.000000000000021	11.0012
19.100000000000023	11.0012
19.200000000000024	11.9629
19.300000000000026	11.9629
19.400000000000027	12.8523
19.500000000000028	13.6103
19.60000000000003	13.6103
19.700000000000031	6.80513
19.800000000000033	6.80513
19.900000000000034	7.51062
20.000000000000036	8.39774
20.100000000000037	8.39774
20.200000000000038	8.97715
20.30000000000004	8.97715
20.400000000000041	4.48857
20.500000000000043	4.92361
20.600000000000044	4.92361
20.700000000000045	5.69118
20.800000000000047	5.69118
20.900000000000048	6.52132
21.00000000000005	7.39286
21.100000000000051	7.39286
21.200000000000053	3.76406
21.300000000000054	3.76406
21.400000000000055	3.76406
21.500000000000057	4.27789
21.600000000000058	4.27789
21.70000000000006	5.14681
21.800000000000061	5.14681
21.900000000000063	6.05431
22.000000000000064	6.68998
22.100000000000065	6.68998
22.200000000000067	1
22.300000000000068	1
22.40000000000007	2
22.500000000000071	3
22.600000000000072	3
22.700000000000074	3.90856
22.800000000000075	3.90856
22.900000000000077	4.84749
23.000000000000078	5.44207
23.10000000000008	5.62582
23.200000000000081	6.46458
23.300000000000082	6.46458
23.400000000000084	7.343
23.500000000000085	8.12537
23.600000000000087	8.24844
23.700000000000088	8.95093
23.80000000000009	8.95093
23.900000000000091	4.47546
24.000000000000092	4.47546
24.100000000000094	4.47546
24.200000000000095	5.11532
24.300000000000097	5.11532
24.400000000000098	6.02771
24.500000000000099	6.51243
24.600000000000101	6.96271
24.700000000000102	7.78408
24.800000000000104	7.78408
24.900000000000105	8.64276
25.000000000000107	9.20657
25.100000000000108	9.52867
25.200000000000109	4.76433
25.300000000000111	4.76433
25.400000000000112	5.17526
25.500000000000114	5.73479
25.600000000000115	6.07839
25.700000000000117	7.00647
25.800000000000118	7.00647
25.900000000000119	7.95099
26.000000000000121	8.32252
26.100000000000122	8.79316
26.200000000000124	9.66513
26.300000000000125	9.66513
26.400000000000126	10.2701
26.500000000000128	5.13507
26.600000000000129	5.13507
26.700000000000131	6.04439
26.800000000000132	6.04439
26.900000000000134	6.9771
27.000000000000135	7.26087
27.100000000000136	7.79693
27.200000000000138	8.65432
27.300000000000139	8.65432
27.400000000000141	9.53914
27.500000000000142	10.0523
27.600000000000144	10.4444
27.700000000000145	11.3653
27.800000000000146	11.3653
27.900000000000148	12.2165
28.000000000000149	12.6997
28.100000000000151	13.1651
28.200000000000152	14.1205
28.300000000000153	14.1205
28.400000000000155	7.37279
28.500000000000156	7.37279
28.600000000000158	7.50843
28.700000000000159	3.82081
28.800000000000161	3.82081
28.900000000000162	3.82081
29.000000000000163	3.82081
29.100000000000165	1
29.200000000000166	2.9
29.300000000000168	2.9
29.400000000000169	2.9
29.500000000000171	2.9
29.600000000000172	1
29.700000000000173	1
29.800000000000175	2
29.900000000000176	2
30.000000000000178	2.5
30.100000000000179	3.55301
30.20000000000018	3.55301
30.300000000000182	4.33944
30.400000000000183	4.33944
30.500000000000185	5.19763
30.600000000000186	5.39003
30.700000000000188	5.39003
30.800000000000189	2.69501
30.90000000000019	2.69501
31.000000000000192	2.69501
31.100000000000193	2.69501
31.200000000000195	1
31.300000000000196	2.5
31.400000000000198	2.5
31.500000000000199	2.5
31.6000000000002	2.5
31.700000000000202	1
31.800000000000203	1
31.900000000000205	2
32.000000000000206	2.9
32.100000000000207	3.24483
32.200000000000209	3.55301
32.30000000000021	4.09525
32.400000000000212	4.33944
32.500000000000213	5.19763
32.600000000000215	5.75491
32.700000000000216	6.09735
32.800000000000217	6.5768
32.900000000000219	7.02286
33.00000000000022	7.83782
33.100000000000222	8.09095
33.200000000000223	4.04547
33.300000000000225	4.04547
33.400000000000226	1
33.500000000000227	1
33.600000000000229	2
33.70000000000023	2.5
33.800000000000232	2.5
33.900000000000233	3.55301
34.000000000000234	3.83446
34.100000000000236	4.33944
34.200000000000237	5.19763
34.300000000000239	5.19763
34.40000000000024	6.09735
34.500000000000242	6.26135
34.600000000000243	7.02286
34.700000000000244	3.51143
34.800000000000246	3.51143
34.900000000000247	3.79622
35.000000000000249	3.79622
35.10000000000025	4.5382
35.200000000000252	5.36338
35.300000000000253	5.36338
35.400000000000254	6.23854
35.500000000000256	6.23854
35.600000000000257	7.14539
35.700000000000259	8.0734
35.80000000000026	8.0734
35.900000000000261	9.01615
36.000000000000263	9.01615
36.100000000000264	9.86822
36.200000000000266	4.93411
36.300000000000267	4.93411
36.400000000000269	5.33146
36.50000000000027	5.33146
36.600000000000271	6.21124
36.700000000000273	7.12165
36.800000000000274	7.12165
36.900000000000276	7.92628
37.000000000000277	7.92628
37.100000000000279	8.5382
37.20000000000028	4.32766
37.300000000000281	4.32766
37.400000000000283	4.55873
37.500000000000284	4.55873
37.600000000000286	5.38064
37.700000000000287	6.25331
37.800000000000288	6.25331
37.90000000000029	7.15825
38.000000000000291	7.15825
38.100000000000293	8.08476
38.200000000000294	8.45032
38.300000000000296	8.45032
38.400000000000297	4.22516
38.500000000000298	4.22516
38.6000000000003	4.22516
38.700000000000301	4.22516
38.800000000000303	4.22516
38.900000000000304	2
39.000000000000306	2
39.100000000000307	2.5
39.200000000000308	3.24483
39.30000000000031	3.24483
39.400000000000311	4.09525
39.500000000000313	4.33944
39.600000000000314	4.99753
39.700000000000315	5.75491
39.800000000000317	5.75491
39.900000000000318	6.5768
40.00000000000032	7.02286
40.100000000000321	7.44171
40.200000000000323	8.33628
40.300000000000324	8.33628
40.400000000000325	9.25194
40.500000000000327	4.62597
40.600000000000328	4.62597
40.70000000000033	5.04866
40.800000000000331	5.04866
40.900000000000333	5.97158
41.000000000000334	6.46061
41.100000000000335	6.76656
41.200000000000337	7.60953
41.300000000000338	7.60953
41.40000000000034	8.36663
41.500000000000341	9.05984
41.600000000000342	9.27926
41.700000000000344	4.63963
41.800000000000345	4.63963
41.900000000000347	4.63963
42.000000000000348	4.63963
42.10000000000035	1
42.200000000000351	2
42.300000000000352	2
42.400000000000354	3.24483
42.500000000000355	3.55301
42.600000000000357	3.83446
42.700000000000358	3.83446
42.80000000000036	1
42.900000000000361	2
43.000000000000362	2
43.100000000000364	2.9
43.200000000000365	3.55301
43.300000000000367	3.55301
43.400000000000368	4.33944
43.500000000000369	4.78871
43.600000000000371	4.78871
43.700000000000372	2.39435
43.800000000000374	2.39435
43.900000000000375	2.812
44.000000000000377	3.48332
44.100000000000378	3.48332
44.200000000000379	4.28342
44.300000000000381	4.28342
44.400000000000382	5.15136
44.500000000000384	6.05816
44.600000000000385	6.05816
44.700000000000387	6.98899
44.800000000000388	3.4945
44.900000000000389	3.4945
45.000000000000391	3.4945
45.100000000000392	3.4945
45.200000000000394	4.04516
45.300000000000395	4.95701
45.400000000000396	4.95701
45.500000000000398	5.71994
45.600000000000399	5.71994
45.700000000000401	6.54634
45.800000000000402	7.41488
45.900000000000404	7.41488
46.000000000000405	7.94037
46.100000000000406	7.94037
46.200000000000408	3.97019
46.300000000000409	4.68318
46.400000000000411	4.68318
46.500000000000412	5.48576
46.600000000000414	5.48576
46.700000000000415	6.34358
46.800000000000416	7.23701
46.900000000000418	7.23701
47.000000000000419	3.6185
47.100000000000421	3.6185
47.200000000000422	3.6185
47.300000000000423	3.6185
47.400000000000425	1
47.500000000000426	2
47.600000000000428	2
47.700000000000429	2.5
47.800000000000431	3.83446
47.900000000000432	3.83446
48.000000000000433	4.56988
48.100000000000435	4.56988
48.200000000000436	5.39003
48.300000000000438	6.26135
48.400000000000439	6.26135
48.500000000000441	7.16526
48.600000000000442	7.16526
48.700000000000443	7.83782
48.800000000000445	3.91891
48.900000000000446	3.91891
49.000000000000448	3.91891
49.100000000000449	3.91891
49.20000000000045	4.41366
49.300000000000452	5.25924
49.400000000000453	5.25924
49.500000000000455	6.14967
49.600000000000456	6.14967
49.700000000000458	7.06819
49.800000000000459	8.00531
49.90000000000046	8.00531
50.000000000000462	8.95533
50.100000000000463	8.95533
50.200000000000465	4.58864
50.300000000000466	4.58864
50.400000000000468	4.58864
50.500000000000469	5.01462
50.60000000000047	5.01462
50.700000000000472	5.943
50.800000000000473	6.43426
50.900000000000475	6.43426
51.000000000000476	3.21713
51.100000000000477	3.21713
51.200000000000479	3.21713
51.30000000000048	3.81142
51.400000000000482	3.81142
51.500000000000483	4.55078
51.600000000000485	4.55078
51.700000000000486	1
51.800000000000487	1
51.900000000000489	2
52.00000000000049	2
52.100000000000492	2
52.200000000000493	2
52.300000000000495	1
52.400000000000496	2
52.500000000000497	2
52.600000000000499	2.9
52.7000000000005	3.24483
52.800000000000502	4.09525
52.900000000000503	4.33944
53.000000000000504	4.99753
53.100000000000506	5.19763
53.200000000000507	5.75491
53.300000000000509	2.96434
53.40000000000051	2.96434
53.500000000000512	3.30168
53.600000000000513	3.30168
53.700000000000514	4.13958
53.800000000000516	5.03355
53.900000000000517	5.03355
54.000000000000519	5.95888
54.10000000000052	5.95888
54.200000000000522	6.75539
54.300000000000523	7.59962
54.400000000000524	7.59962
54.500000000000526	8.47729
54.600000000000527	8.47729
54.700000000000529	4.23864
54.80000000000053	4.47457
54.900000000000531	4.47457
55.000000000000533	4.47457
55.100000000000534	1
55.200000000000536	2
55.300000000000537	2.5
55.400000000000539	2.5
55.50000000000054	3.55301
55.600000000000541	3.55301
55.700000000000543	4.33944
55.800000000000544	5.19763
55.900000000000546	5.19763
56.000000000000547	6.09735
56.100000000000549	6.09735
56.20000000000055	6.72885
56.300000000000551	3.36442
56.400000000000553	3.36442
56.500000000000554	3.36442
56.600000000000556	3.36442
56.700000000000557	3.93475
56.800000000000558	4.65348
56.90000000000056	4.65348
57.000000000000561	5.46059
57.100000000000563	5.46059
57.200000000000564	6.32192
57.300000000000566	7.21809
57.400000000000567	7.21809
57.500000000000568	8.13767
57.60000000000057	8.13767
57.70