10	1
10.1	1
10.199999999999999	1
10.299999999999999	1
10.399999999999999	1
10.499999999999998	1
10.599999999999998	1
10.699999999999998	1
10.799999999999997	1
10.899999999999997	1
10.999999999999996	1
11.099999999999996	1
11.199999999999996	1
11.299999999999995	1
11.399999999999995	1
11.499999999999995	1
11.599999999999994	1
11.699999999999994	1
11.799999999999994	1
11.899999999999993	1
11.999999999999993	1
12.099999999999993	1
12.199999999999992	1
12.299999999999992	1
12.399999999999991	1
12.499999999999991	1
12.599999999999991	1
12.69999999999999	1
12.79999999999999	1
12.89999999999999	1
12.999999999999989	1
13.099999999999989	1
13.199999999999989	1
13.299999999999988	1
13.399999999999988	1
13.499999999999988	1
13.599999999999987	1
13.699999999999987	1
13.799999999999986	1
13.899999999999986	1
13.999999999999986	1
14.099999999999985	1
14.199999999999985	1
14.299999999999985	1
14.399999999999984	1
14.499999999999984	1
14.599999999999984	1
14.699999999999983	1
14.799999999999983	1
14.899999999999983	1
14.999999999999982	1
15.099999999999982	1
15.199999999999982	1
15.299999999999981	1
15.399999999999981	1
15.49999999999998	1
15.59999999999998	1
15.69999999999998	1
15.799999999999979	1
15.899999999999979	1
15.999999999999979	1
16.09999999999998	1
16.199999999999982	1
16.299999999999983	1
16.399999999999984	1
16.499999999999986	1
16.599999999999987	1
16.699999999999989	1
16.79999999999999	1
16.899999999999991	1
16.999999999999993	1
17.099999999999994	1
17.199999999999996	1
17.299999999999997	1
17.399999999999999	1
17.5	1
17.600000000000001	1
17.700000000000003	1
17.800000000000004	1
17.900000000000006	1
18.000000000000007	16.1955
18.100000000000009	10.1177
18.20000000000001	7.83
18.300000000000011	9.04402
18.400000000000013	9.04402
18.500000000000014	16.4752
18.600000000000016	8.20919
18.700000000000017	7.65649
18.800000000000018	8.26733
18.90000000000002	8.26733
19.000000000000021	6.01652
19.100000000000023	6.75646
19.200000000000024	6.75646
19.300000000000026	6.05856
19.400000000000027	9.80961
19.500000000000028	8.34692
19.60000000000003	6.53853
19.700000000000031	7.6202
19.800000000000033	7.99853
19.900000000000034	7.08951
20.000000000000036	7.08951
20.100000000000037	7.27634
20.200000000000038	4.69346
20.30000000000004	4.69346
20.400000000000041	5.19763
20.500000000000043	5.24744
20.600000000000044	7.11649
20.700000000000045	8.51671
20.800000000000047	9.55193
20.900000000000048	9.55193
21.00000000000005	15.5324
21.100000000000051	4.17759
21.200000000000053	4.17759
21.300000000000054	5.98005
21.400000000000055	7.13213
21.500000000000057	10.6621
21.600000000000058	6.95327
21.70000000000006	12.0075
21.800000000000061	5.33518
21.900000000000063	8.71081
22.000000000000064	8.71081
22.100000000000065	8.49708
22.200000000000067	6.48195
22.300000000000068	6.48195
22.40000000000007	4.9483
22.500000000000071	6.72946
22.600000000000072	7.95379
22.700000000000074	12.8726
22.800000000000075	5.16054
22.900000000000077	6.12535
23.000000000000078	6.28861
23.10000000000008	6.28861
23.200000000000081	7.81233
23.300000000000082	3.26749
23.400000000000084	3.26749
23.500000000000085	3.46866
23.600000000000087	2.29334
23.700000000000088	4.32954
23.80000000000009	4.32954
23.900000000000091	12.8591
24.000000000000092	4.3802
24.100000000000094	3.78398
24.200000000000095	10.2861
24.300000000000097	7.06558
24.400000000000098	6.5399
24.500000000000099	6.71447
24.600000000000101	5.65042
24.700000000000102	5.65042
24.800000000000104	6.91327
24.900000000000105	8.50557
25.000000000000107	7.08246
25.100000000000108	3.87962
25.200000000000109	1.9069
25.300000000000111	1.9069
25.400000000000112	13.3302
25.500000000000114	5.3727
25.600000000000115	10.6945
25.700000000000117	5.63083
25.800000000000118	5.97211
25.900000000000119	5.97211
26.000000000000121	12.4054
26.100000000000122	7.06798
26.200000000000124	7.32555
26.300000000000125	8.54235
26.400000000000126	6.30104
26.500000000000128	4.89776
26.600000000000129	2.68236
26.700000000000131	9.43713
26.800000000000132	14.1611
26.900000000000134	6.57052
27.000000000000135	5.36467
27.100000000000136	9.05447
27.200000000000138	9.57294
27.300000000000139	9.57294
27.400000000000141	7.42343
27.500000000000142	2.63732
27.600000000000144	10.3698
27.700000000000145	10.1341
27.800000000000146	4.38658
27.900000000000148	4.38658
28.000000000000149	3.55301
28.100000000000151	3.55301
28.200000000000152	3.55301
28.300000000000153	3.55301
28.400000000000155	6.12127
28.500000000000156	6.01305
28.600000000000158	4.94399
28.700000000000159	4.94399
28.800000000000161	6.35877
28.900000000000162	13.4995
29.000000000000163	3.07915
29.100000000000165	5.94652
29.200000000000166	7.18068
29.300000000000168	7.18068
29.400000000000169	3
29.500000000000171	3
29.600000000000172	3
29.700000000000173	3
29.800000000000175	11.2445
29.900000000000176	9.92055
30.000000000000178	9.92055
30.100000000000179	6.03254
30.20000000000018	9.52398
30.300000000000182	10.5484
30.400000000000183	5.62068
30.500000000000185	5.62068
30.600000000000186	11.0376
30.700000000000188	10.0883
30.800000000000189	5.69569
30.90000000000019	4.43208
31.000000000000192	4.43208
31.100000000000193	3.55301
31.200000000000195	10.5856
31.300000000000196	6.2278
31.400000000000198	6.84331
31.500000000000199	10.4177
31.6000000000002	5.98815
31.700000000000202	3.49127
31.800000000000203	3.49127
31.900000000000205	2.5
32.000000000000206	2.5
32.100000000000207	2.5
32.200000000000209	2.5
32.30000000000021	2.9
32.400000000000212	8.50361
32.500000000000213	6.12416
32.600000000000215	6.12416
32.700000000000216	6.13131
32.800000000000217	4.54748
32.900000000000219	13.1878
33.00000000000022	3.91514
33.100000000000222	3.91514
33.200000000000223	9.26453
33.300000000000225	5.66649
33.400000000000226	7.4027
33.500000000000227	3.40375
33.600000000000229	5.30592
33.70000000000023	5.02754
33.800000000000232	6.20549
33.900000000000233	3.18332
34.000000000000234	3.18332
34.100000000000236	8.11693
34.200000000000237	5.56989
34.300000000000239	6.15428
34.40000000000024	13.549
34.500000000000242	7.78435
34.600000000000243	11.862
34.700000000000244	4.86475
34.800000000000246	8.04853
34.900000000000247	14.2645
35.000000000000249	6.51648
35.10000000000025	4.758
35.200000000000252	7.91394
35.300000000000253	7.91394
35.400000000000254	12.8787
35.500000000000256	8.07287
35.600000000000257	4.68538
35.700000000000259	4.68538
35.80000000000026	1
35.900000000000261	13.7627
36.000000000000263	9.16329
36.100000000000264	6.00046
36.200000000000266	4.8729
36.300000000000267	15.7042
36.400000000000269	9.07959
36.50000000000027	3.6332
36.600000000000271	3.6332
36.700000000000273	6.25949
36.800000000000274	7.58377
36.900000000000276	5.96425
37.000000000000277	5.96425
37.100000000000279	8.55574
37.20000000000028	5.34792
37.300000000000281	7.01874
37.400000000000283	7.16524
37.500000000000284	5.39679
37.600000000000286	5.39679
37.700000000000287	6.5768
37.800000000000288	13.9337
37.90000000000029	12.0137
38.000000000000291	7.97098
38.100000000000293	6.66167
38.200000000000294	6.55779
38.300000000000296	5.3131
38.400000000000297	9.23627
38.500000000000298	5.8153
38.6000000000003	10.8385
38.700000000000301	8.36809
38.800000000000303	6.36729
38.900000000000304	4.59507
39.000000000000306	4.59507
39.100000000000307	6.47941
39.200000000000308	5.82307
39.30000000000031	4.36561
39.400000000000311	12.022
39.500000000000313	6.0141
39.600000000000314	7.15161
39.700000000000315	13.0761
39.800000000000317	13.3462
39.900000000000318	13.6768
40.00000000000032	3.39522
40.100000000000321	4.61049
40.200000000000323	4.61049
40.300000000000324	7.26897
40.400000000000325	3.47548
40.500000000000327	3.47548
40.600000000000328	4.05049
40.70000000000033	4.05049
40.800000000000331	4.99518
40.900000000000333	4.99518
41.000000000000334	2.9
41.100000000000335	8.7234
41.200000000000337	4.59097
41.300000000000338	4.59097
41.40000000000034	3.96251
41.500000000000341	6.12167
41.600000000000342	6.12167
41.700000000000344	3.48698
41.800000000000345	3.48698
41.900000000000347	6.09735
42.000000000000348	7.77568
42.10000000000035	5.89142
42.200000000000351	6.51559
42.300000000000352	7.72132
42.400000000000354	7.72132
42.500000000000355	7.04706
42.600000000000357	7.04706
42.700000000000358	8.48916
42.80000000000036	6.38107
42.900000000000361	5.74099
43.000000000000362	5.74099
43.100000000000364	8.04317
43.200000000000365	6.83603
43.300000000000367	7.75621
43.400000000000368	5.17367
43.500000000000369	5.17367
43.600000000000371	5.14007
43.700000000000372	5.14007
43.800000000000374	7.02286
43.900000000000375	6.97188
44.000000000000377	3.25838
44.100000000000378	4.88147
44.200000000000379	9.81798
44.300000000000381	8.17889
44.400000000000382	15.2333
44.500000000000384	12.1966
44.600000000000385	3.78964
44.700000000000387	5.45595
44.800000000000388	5.45595
44.900000000000389	7.50713
45.000000000000391	9.01507
45.100000000000392	6.34018
45.200000000000394	5.53943
45.300000000000395	5.29053
45.400000000000396	8.06354
45.500000000000398	4.53032
45.600000000000399	7.6121
45.700000000000401	7.38811
45.800000000000402	7.3037
45.900000000000404	4.97558
46.000000000000405	8.22277
46.100000000000406	8.07364
46.200000000000408	8.99535
46.300000000000409	5.17342
46.400000000000411	5.17342
46.500000000000412	3.84043
46.600000000000414	3.84043
46.700000000000415	5.09039
46.800000000000416	4.348
46.900000000000418	5.69181
47.000000000000419	5.69181
47.100000000000421	6.74495
47.200000000000422	14.5168
47.300000000000423	5.62209
47.400000000000425	5.62209
47.500000000000426	4.50381
47.600000000000428	7.73428
47.700000000000429	6.60358
47.800000000000431	6.60358
47.900000000000432	9.30331
48.000000000000433	7.66572
48.100000000000435	7.66572
48.200000000000436	4.32135
48.300000000000438	4.32135
48.400000000000439	6.5768
48.500000000000441	8.44318
48.600000000000442	9.85245
48.700000000000443	3.97205
48.800000000000445	7.05224
48.900000000000446	8.80113
49.000000000000448	8.80113
49.100000000000449	2
49.20000000000045	10.03
49.300000000000452	9.28441
49.400000000000453	4.06363
49.500000000000455	4.06363
49.600000000000456	4.35652
49.700000000000458	6.51938
49.800000000000459	8.61125
49.90000000000046	4.85311
50.000000000000462	4.85311
50.100000000000463	10.4749
50.200000000000465	11.6528
50.300000000000466	6.2187
50.400000000000468	5.57543
50.500000000000469	9.12169
50.60000000000047	9.12169
50.700000000000472	5.19562
50.800000000000473	3.66886
50.900000000000475	3.66886
51.000000000000476	2
51.100000000000477	2
51.200000000000479	2
51.30000000000048	2
51.400000000000482	7.53751
51.500000000000483	10.962
51.600000000000485	6.56405
51.700000000000486	6.56405
51.800000000000487	4.26926
51.900000000000489	7.39849
52.00000000000049	9.32082
52.100000000000492	7.05048
52.200000000000493	7.05048
52.300000000000495	5.46862
52.400000000000496	5.46141
52.500000000000497	5.46141
52.600000000000499	5.19763
52.7000000000005	12.5269
52.800000000000502	5.48386
52.900000000000503	5.48386
53.000000000000504	8.33703
53.100000000000506	7.51247
53.200000000000507	4.09685
53.300000000000509	5.76341
53.40000000000051	7.62295
53.500000000000512	4.36199
53.600000000000513	10.9927
53.700000000000514	4.71073
53.800000000000516	4.71073
53.900000000000517	2.9
54.000000000000519	6.24537
54.10000000000052	8.29689
54.200000000000522	3.37768
54.300000000000523	7.55906
54.400000000000524	7.55906
54.500000000000526	1
54.600000000000527	7.61531
54.700000000000529	7.62691
54.80000000000053	10.9629
54.900000000000531	7.4401
55.000000000000533	10.0616
55.100000000000534	5.64475
55.200000000000536	6.00791
55.300000000000537	10.799
55.400000000000539	10.799
55.50000000000054	7.95804
55.600000000000541	5.36311
55.700000000000543	14.7814
55.800000000000544	10.91
55.900000000000546	9.08485
56.000000000000547	6.05908
56.100000000000549	12.8638
56.20000000000055	5.42658
56.300000000000551	6.1476
56.400000000000553	6.95455
56.500000000000554	5.37943
56.600000000000556	3.91341
56.700000000000557	3.91341
56.800000000000558	11.4811
56.90000000000056	9.67416
57.000000000000561	4.66402
57.100000000000563	4.66402
57.200000000000564	7.96541
57.300000000000566	5.54017
57.400000000000567	5.54017
57.500000000000568	6.48145
57.60000000000057	6.67273
57.700000000000571	12.8659
57.800000000000573	4.90181
57.900000000000574	4.90181
58.000000000000576	7.00026
58.10000000