10	1
10.1	1
10.199999999999999	1
10.299999999999999	1
10.399999999999999	1
10.499999999999998	1
10.599999999999998	1
10.699999999999998	1
10.799999999999997	1
10.899999999999997	1
10.999999999999996	1
11.099999999999996	1
11.199999999999996	1
11.299999999999995	1
11.399999999999995	1
11.499999999999995	1
11.599999999999994	1
11.699999999999994	1
11.799999999999994	1
11.899999999999993	1
11.999999999999993	4.5
12.099999999999993	5.50298
12.199999999999992	10.815
12.299999999999992	4.1561
12.399999999999991	4.53399
12.499999999999991	10.8369
12.599999999999991	9.06604
12.69999999999999	3.91461
12.79999999999999	5.01122
12.89999999999999	10.765
12.999999999999989	9.61637
13.099999999999989	8.07767
13.199999999999989	13.3324
13.299999999999988	9.83131
13.399999999999988	5.07299
13.499999999999988	6.03896
13.599999999999987	5.76891
13.699999999999987	8.34588
13.799999999999986	7.11845
13.899999999999986	6.68708
13.999999999999986	3.44125
14.099999999999985	3.62646
14.199999999999985	5.43759
14.299999999999985	5.43759
14.399999999999984	4.33944
14.499999999999984	10.0839
14.599999999999984	3.45475
14.699999999999983	4.99951
14.799999999999983	3.36513
14.899999999999983	5.23403
14.999999999999982	5.066
15.099999999999982	2.60625
15.199999999999982	7.05854
15.299999999999981	5.79914
15.399999999999981	5.96909
15.49999999999998	11.8457
15.59999999999998	8.9159
15.69999999999998	9.52062
15.799999999999979	9.04445
15.899999999999979	15.3732
15.999999999999979	4.8927
16.09999999999998	4.70639
16.199999999999982	4.17613
16.299999999999983	5.71573
16.399999999999984	3.44737
16.499999999999986	4.67222
16.599999999999987	4.67222
16.699999999999989	4.33944
16.79999999999999	2.87745
16.899999999999991	2.87207
16.999999999999993	9.56457
17.099999999999994	6.03936
17.199999999999996	2.53251
17.299999999999997	7.97486
17.399999999999999	3.4986
17.5	9.76139
17.600000000000001	5.32382
17.700000000000003	5.32382
17.800000000000004	4.09525
17.900000000000006	4.69951
18.000000000000007	4.37939
18.100000000000009	2.73792
18.20000000000001	2.73792
18.300000000000011	2.9
18.400000000000013	3.01075
18.500000000000014	3.81648
18.600000000000016	2.92494
18.700000000000017	2.92494
18.800000000000018	2
18.90000000000002	2
19.000000000000021	2
19.100000000000023	2
19.200000000000024	2
19.300000000000026	2.39435
19.400000000000027	2.25844
19.500000000000028	4.06404
19.60000000000003	10.2692
19.700000000000031	6.81433
19.800000000000033	6.96108
19.900000000000034	6.96108
20.000000000000036	5.05378
20.100000000000037	10.8773
20.200000000000038	6.71802
20.30000000000004	11.8195
20.400000000000041	7.78895
20.500000000000043	4.92198
20.600000000000044	3.26005
20.700000000000045	3.26005
20.800000000000047	2.9
20.900000000000048	3.24483
21.00000000000005	3.24483
21.100000000000051	2.28494
21.200000000000053	3.30981
21.300000000000054	4.36966
21.400000000000055	6.08497
21.500000000000057	6.54771
21.600000000000058	5.13774
21.70000000000006	6.06163
21.800000000000061	4.39083
21.900000000000063	4.39083
22.000000000000064	2
22.100000000000065	3.55301
22.200000000000067	3.55301
22.300000000000068	3.83446
22.40000000000007	1.63001
22.500000000000071	7.20825
22.600000000000072	2.80373
22.700000000000074	3.02727
22.800000000000075	4.39138
22.900000000000077	5.06769
23.000000000000078	4.54471
23.10000000000008	4.78037
23.200000000000081	5.56844
23.300000000000082	5.56844
23.400000000000084	2.9
23.500000000000085	2.9
23.600000000000087	2.9
23.700000000000088	2.9
23.80000000000009	2
23.900000000000091	3.48332
24.000000000000092	4.63375
24.100000000000094	11.1517
24.200000000000095	5.70928
24.300000000000097	5.70928
24.400000000000098	1
24.500000000000099	1
24.600000000000101	1
24.700000000000102	1
24.800000000000104	2.9
24.900000000000105	2.9
25.000000000000107	2.9
25.100000000000108	2.9
25.200000000000109	2.9
25.300000000000111	2.9
25.400000000000112	2.9
25.500000000000114	2.9
25.600000000000115	3.55301
25.700000000000117	3.72954
25.800000000000118	2.93142
25.900000000000119	2.93142
26.000000000000121	2.9
26.100000000000122	2.69501
26.200000000000124	2.69501
26.300000000000125	2.69501
26.400000000000126	1
26.500000000000128	1
26.600000000000129	1
26.700000000000131	1
26.800000000000132	5.39003
26.900000000000134	5.74414
27.000000000000135	5.37651
27.100000000000136	5.37651
27.200000000000138	5.37651
27.300000000000139	5.39003
27.400000000000141	3.72086
27.500000000000142	8.52579
27.600000000000144	2.24874
27.700000000000145	3.32373
27.800000000000146	3.32373
27.900000000000148	3.32373
28.000000000000149	6.09735
28.100000000000151	3.68001
28.200000000000152	3.68001
28.300000000000153	2
28.400000000000155	2.39435
28.500000000000156	4.14409
28.600000000000158	5.49838
28.700000000000159	3.43417
28.800000000000161	2.2399
28.900000000000162	2.5293
29.000000000000163	2.5293
29.100000000000165	3.55301
29.200000000000166	3.08989
29.300000000000168	5.94639
29.400000000000169	3.2042
29.500000000000171	8.32124
29.600000000000172	6.27967
29.700000000000173	6.27967
29.800000000000175	2
29.900000000000176	2
30.000000000000178	2
30.100000000000179	2
30.20000000000018	1
30.300000000000182	4.33944
30.400000000000183	4.33944
30.500000000000185	3.55301
30.600000000000186	4.17408
30.700000000000188	3.74223
30.800000000000189	3.74223
30.90000000000019	2.9
31.000000000000192	8.33628
31.100000000000193	3.08976
31.200000000000195	3.48872
31.300000000000196	2.85826
31.400000000000198	6.07862
31.500000000000199	5.96123
31.6000000000002	5.25582
31.700000000000202	2.47067
31.800000000000203	2.87542
31.900000000000205	2.87542
32.000000000000206	1.91723
32.100000000000207	1.91723
32.200000000000209	2.9
32.30000000000021	4.40701
32.400000000000212	4.68798
32.500000000000213	3.99097
32.600000000000215	9.09752
32.700000000000216	9.13222
32.800000000000217	5.95951
32.900000000000219	5.95951
33.00000000000022	1
33.100000000000222	2
33.200000000000223	2
33.300000000000225	2
33.400000000000226	2
33.500000000000227	1.77651
33.600000000000229	3.29579
33.70000000000023	3.67249
33.800000000000232	3.24304
33.900000000000233	3.91628
34.000000000000234	2.81554
34.100000000000236	2.47562
34.200000000000237	2.47562
34.300000000000239	2
34.40000000000024	3.95786
34.500000000000242	3.39914
34.600000000000243	3.96409
34.700000000000244	3.96409
34.800000000000246	1
34.900000000000247	1
35.000000000000249	1
35.10000000000025	1
35.200000000000252	1
35.300000000000253	1
35.400000000000254	1
35.500000000000256	1
35.600000000000257	1
35.700000000000259	1
35.80000000000026	1
35.900000000000261	1
36.000000000000263	4.33944
36.100000000000264	5.95888
36.200000000000266	5.64066
36.300000000000267	3.25274
36.400000000000269	4.95048
36.50000000000027	2.16306
36.600000000000271	2.16306
36.700000000000273	1
36.800000000000274	2.9
36.900000000000276	2.9
37.000000000000277	3.83446
37.100000000000279	2.28494
37.20000000000028	2.28494
37.300000000000281	3.24483
37.400000000000283	7.44171
37.500000000000284	3.98961
37.600000000000286	3.98961
37.700000000000287	2.9
37.800000000000288	2.9
37.90000000000029	2
38.000000000000291	3.74488
38.100000000000293	3.74488
38.200000000000294	1
38.300000000000296	4.56988
38.400000000000297	4.56988
38.500000000000298	2.9
38.6000000000003	3.39222
38.700000000000301	4.26132
38.800000000000303	4.93373
38.900000000000304	5.38474
39.000000000000306	5.09327
39.100000000000307	4.07484
39.200000000000308	3.04195
39.30000000000031	4.43229
39.400000000000311	4.43229
39.500000000000313	3.55301
39.600000000000314	1.63579
39.700000000000315	2.08752
39.800000000000317	2.56656
39.900000000000318	2.56656
40.00000000000032	1.62241
40.100000000000321	3.38596
40.200000000000323	2.73675
40.300000000000324	2.73675
40.400000000000325	2.73675
40.500000000000327	5.92867
40.600000000000328	4.28725
40.70000000000033	3.56717
40.800000000000331	3.29211
40.900000000000333	4.18014
41.000000000000334	3.87627
41.100000000000335	5.41217
41.200000000000337	4.21764
41.300000000000338	2.10882
41.40000000000034	2.10882
41.500000000000341	5.19763
41.600000000000342	11.3933
41.700000000000344	3.55514
41.800000000000345	2.52689
41.900000000000347	2.92263
42.000000000000348	2.92263
42.10000000000035	4.78871
42.200000000000351	4.78871
42.300000000000352	2
42.4000