10	1
10.1	1
10.199999999999999	1
10.299999999999999	1
10.399999999999999	1
10.499999999999998	1
10.599999999999998	1
10.699999999999998	1
10.799999999999997	1
10.899999999999997	1
10.999999999999996	1
11.099999999999996	1
11.199999999999996	1
11.299999999999995	1
11.399999999999995	1
11.499999999999995	1
11.599999999999994	1
11.699999999999994	1
11.799999999999994	1
11.899999999999993	1
11.999999999999993	1
12.099999999999993	1
12.199999999999992	1
12.299999999999992	1
12.399999999999991	1
12.499999999999991	1
12.599999999999991	1
12.69999999999999	1
12.79999999999999	1
12.89999999999999	1
12.999999999999989	1
13.099999999999989	1
13.199999999999989	1
13.299999999999988	1
13.399999999999988	1
13.499999999999988	1
13.599999999999987	1
13.699999999999987	1
13.799999999999986	1
13.899999999999986	1
13.999999999999986	1
14.099999999999985	1
14.199999999999985	1
14.299999999999985	1
14.399999999999984	1
14.499999999999984	1
14.599999999999984	1
14.699999999999983	1
14.799999999999983	1
14.899999999999983	1
14.999999999999982	1
15.099999999999982	1
15.199999999999982	1
15.299999999999981	1
15.399999999999981	1
15.49999999999998	1
15.59999999999998	1
15.69999999999998	1
15.799999999999979	1
15.899999999999979	1
15.999999999999979	1
16.09999999999998	1
16.199999999999982	1
16.299999999999983	1
16.399999999999984	1
16.499999999999986	1
16.599999999999987	1
16.699999999999989	1
16.79999999999999	1
16.899999999999991	1
16.999999999999993	1
17.099999999999994	1
17.199999999999996	1
17.299999999999997	1
17.399999999999999	1
17.5	1
17.600000000000001	1
17.700000000000003	1
17.800000000000004	1
17.900000000000006	1
18.000000000000007	1
18.100000000000009	1
18.20000000000001	1
18.300000000000011	1
18.400000000000013	1
18.500000000000014	1
18.600000000000016	1
18.700000000000017	1
18.800000000000018	1
18.90000000000002	1
19.000000000000021	1
19.100000000000023	1
19.200000000000024	1
19.300000000000026	1
19.400000000000027	1
19.500000000000028	4
19.60000000000003	4
19.700000000000031	2.5
19.800000000000033	2.5
19.900000000000034	2.5
20.000000000000036	2.5
20.100000000000037	4.78871
20.200000000000038	3.16762
20.30000000000004	3.16762
20.400000000000041	4.99753
20.500000000000043	4.99753
20.600000000000044	4.03562
20.700000000000045	3.05122
20.800000000000047	3.05122
20.900000000000048	2.9
21.00000000000005	2.9
21.100000000000051	2.9
21.200000000000053	2.9
21.300000000000054	3.97627
21.400000000000055	3.3293
21.500000000000057	3.3293
21.600000000000058	1
21.70000000000006	1
21.800000000000061	1
21.900000000000063	1
22.000000000000064	4.23952
22.100000000000065	3.2398
22.200000000000067	3.12942
22.300000000000068	3.12942
22.40000000000007	1
22.500000000000071	1
22.600000000000072	1
22.700000000000074	1
22.800000000000075	1
22.900000000000077	1
23.000000000000078	1
23.10000000000008	1
23.200000000000081	1
23.300000000000082	1
23.400000000000084	1
23.500000000000085	1
23.600000000000087	1
23.700000000000088	1
23.80000000000009	1
23.900000000000091	1
24.000000000000092	1
24.100000000000094	1
24.200000000000095	1
24.300000000000097	1
24.400000000000098	1
24.500000000000099	1
24.600000000000101	1
24.700000000000102	1
24.800000000000104	1
24.900000000000105	1
25.000000000000107	1
25.100000000000108	1
25.200000000000109	4.95261
25.300000000000111	4.52591
25.400000000000112	4.52591
25.500000000000114	2
25.600000000000115	2
25.700000000000117	2
25.800000000000118	2
25.900000000000119	6.09735
26.000000000000121	3.5925
26.100000000000122	3.5925
26.200000000000124	1
26.300000000000125	1
26.400000000000126	1
26.500000000000128	1
26.600000000000129	5.9872
26.700000000000131	3.62816
26.800000000000132	3.62816
26.900000000000134	2.24161
27.000000000000135	2.24161
27.100000000000136	2
27.200000000000138	2.99835
27.300000000000139	2.99835
27.400000000000141	2.25
27.500000000000142	2.43802
27.600000000000144	2.43802
27.700000000000145	1.50187
27.800000000000146	3.8532
27.900000000000148	2.17831
28.000000000000149	2.17831
28.100000000000151	2
28.200000000000152	2
28.300000000000153	2
28.400000000000155	2
28.500000000000156	2.28494
28.600000000000158	2.28494
28.700000000000159	2
28.800000000000161	2.9
28.900000000000162	2.9
29.000000000000163	2.5
29.100000000000165	2.5
29.200000000000166	2.5
29.300000000000168	2.5
29.400000000000169	2.92839
29.500000000000171	2.92839
29.600000000000172	4.33944
29.700000000000173	5.93231
29.800000000000175	5.9834
29.900000000000176	5.9834
30.000000000000178	2.5
30.100000000000179	2.5
30.20000000000018	2.5
30.300000000000182	2.5
30.400000000000183	3.85404
30.500000000000185	2.60593
30.600000000000186	2.60593
30.700000000000188	5.19763
30.800000000000189	5.19763
30.90000000000019	3.24483
31.000000000000192	3.24483
31.100000000000193	3.24483
31.200000000000195	3.24483
31.300000000000196	4.33944
31.400000000000198	4.33944
31.500000000000199	1
31.6000000000002	1
31.700000000000202	1
31.800000000000203	1
31.900000000000205	3.24483
32.000000000000206	3.33666
32.100000000000207	3.33666
32.200000000000209	2.5
32.30000000000021	2.5
32.400000000000212	2.5
32.500000000000213	2.5
32.600000000000215	3.9827
32.700000000000216	3.9827
32.800000000000217	2.9
32.900000000000219	2.9
33.00000000000022	2.9
33.100000000000222	2.9
33.200000000000223	1
33.300000000000225	2.69501
33.400000000000226	2.69501
33.500000000000227	3.04867
33.600000000000229	9.9348
33.70000000000023	4.9674
33.800000000000232	4.9674
33.900000000000233	1.94099
34.000000000000234	1.94099
34.100000000000236	1
34.200000000000237	1
34.300000000000239	1
34.40000000000024	1
34.500000000000242	2.9
34.600000000000243	3.19278
34.700000000000244	3.19278
34.800000000000246	2.90299
34.900000000000247	8.46179
35.000000000000249	4.00884
35.10000000000025	4.00884
35.200000000000252	3.24483
35.300000000000253	3.24483
35.400000000000254	3.24483
35.500000000000256	3.24483
35.600000000000257	3.00374
35.700000000000259	1.7988
35.80000000000026	1.7988
35.900000000000261	2.04763
36.000000000000263	2.536
36.100000000000264	2.536
36.200000000000266	4.54609
36.300000000000267	2.38303
36.400000000000269	2.38303
36.50000000000027	1
36.600000000000271	1
36.700000000000273	1
36.800000000000274	1
36.900000000000276	2.5
37.000000000000277	2.5
37.100000000000279	2.5
37.20000000000028	2.5
37.300000000000281	2.5
37.400000000000283	2.5
37.500000000000284	2.5
37.600000000000286	2.5
37.700000000000287	3.67283
37.800000000000288	2.89403
37.90000000000029	2.89403
38.000000000000291	2.5
38.100000000000293	2.5
38.200000000000294	2.5
38.300000000000296	2.5
38.400000000000297	2.69444
38.500000000000298	4.25914
38.6000000000003	4.25914
38.700000000000301	3.59718
38.800000000000303	3.78003
38.900000000000304	3.78003
39.000000000000306	6.77192
39.100000000000307	2.07619
39.200000000000308	2.07619
39.30000000000031	1
39.400000000000311	2.39435
39.500000000000313	2.39435
39.600000000000314	4.78871
39.700000000000315	4.78871
39.800000000000317	2.39435
39.900000000000318	4.16684
40.00000000000032	4.16684
40.100000000000321	4.99753
40.200000000000323	4.99753
40.300000000000324	2.9
40.400000000000325	2.9
40.500000000000327	2.9
40.600000000000328	2.9
40.70000000000033	1
40.800000000000331	5.68364
40.900000000000333	3.42723
41.000000000000334	3.42723
41.100000000000335	6.26135
41.200000000000337	3.01985
41.300000000000338	3.01985
41.40000000000034	2.9
41.500000000000341	2.9
41.600000000000342	2.9
41.700000000000344	2.9
41.800000000000345	4.09525
41.900000000000347	4.09525
42.000000000000348	4.33944
42.10000000000035	3.34512
42.200000000000351	3.64406
42.300000000000352	3.64406
42.400000000000354	3.62009
42.500000000000355	3.62009
42.600000000000357	2
42.700000000000358	2
42.80000000000036	2
42.900000000000361	2
43.000000000000362	2.9
43.100000000000364	2.86749
43.200000000000365	2.86749
43.300000000000367	2.91723
43.400000000000368	3.57184
43.500000000000369	3.57184
43.600000000000371	3.83446
43.700000000000372	3.83446
43.800000000000374	1
43.900000000000375	1
44.000000000000377	1
44.100000000000378	1
44.200000000000379	2.5
44.300000000000381	2.5
44.400000000000382	2.5
44.500000000000384	2.5
44.600000000000385	2.5
44.700000000000387	2.5
44.800000000000388	2.5
44.900000000000389	2.5
45.000000000000391	5.19763
45.100000000000392	5.16958
45.2000000000