10	1
10.1	1
10.199999999999999	1
10.299999999999999	1
10.399999999999999	1
10.499999999999998	1
10.599999999999998	1
10.699999999999998	1
10.799999999999997	1
10.899999999999997	1
10.999999999999996	1
11.099999999999996	1
11.199999999999996	1
11.299999999999995	1
11.399999999999995	1
11.499999999999995	1
11.599999999999994	1
11.699999999999994	1
11.799999999999994	1
11.899999999999993	1
11.999999999999993	1
12.099999999999993	1
12.199999999999992	1
12.299999999999992	1
12.399999999999991	1
12.499999999999991	1
12.599999999999991	1
12.69999999999999	1
12.79999999999999	1
12.89999999999999	1
12.999999999999989	1
13.099999999999989	1
13.199999999999989	1
13.299999999999988	1
13.399999999999988	1
13.499999999999988	1
13.599999999999987	1
13.699999999999987	1
13.799999999999986	1
13.899999999999986	1
13.999999999999986	1
14.099999999999985	1
14.199999999999985	1
14.299999999999985	1
14.399999999999984	1
14.499999999999984	1
14.599999999999984	1
14.699999999999983	1
14.799999999999983	1
14.899999999999983	1
14.999999999999982	1
15.099999999999982	1
15.199999999999982	1
15.299999999999981	1
15.399999999999981	1
15.49999999999998	1
15.59999999999998	1
15.69999999999998	1
15.799999999999979	1
15.899999999999979	1
15.999999999999979	1
16.09999999999998	1
16.199999999999982	1
16.299999999999983	1
16.399999999999984	1
16.499999999999986	1
16.599999999999987	1
16.699999999999989	1
16.79999999999999	1
16.899999999999991	1
16.999999999999993	1
17.099999999999994	1
17.199999999999996	1
17.299999999999997	1
17.399999999999999	1
17.5	1
17.600000000000001	1
17.700000000000003	1
17.800000000000004	1
17.900000000000006	1
18.000000000000007	1
18.100000000000009	1
18.20000000000001	1
18.300000000000011	1
18.400000000000013	1
18.500000000000014	1
18.600000000000016	1
18.700000000000017	1
18.800000000000018	1
18.90000000000002	1
19.000000000000021	1
19.100000000000023	1
19.200000000000024	1
19.300000000000026	1
19.400000000000027	1
19.500000000000028	1
19.60000000000003	1
19.700000000000031	1
19.800000000000033	1
19.900000000000034	1
20.000000000000036	2
20.100000000000037	4
20.200000000000038	16
20.30000000000004	29
20.400000000000041	14.5
20.500000000000043	14.5
20.600000000000044	2
20.700000000000045	4
20.800000000000047	7.9453
20.900000000000048	8.78802
21.00000000000005	10.5553
21.100000000000051	11.4672
21.200000000000053	13.3285
21.300000000000054	14.2729
21.400000000000055	16.1815
21.500000000000057	17.1435
21.600000000000058	19.079
21.70000000000006	19.9512
21.800000000000061	10.7512
21.900000000000063	11.6477
22.000000000000064	13.4839
22.100000000000065	14.4181
22.200000000000067	16.3097
22.300000000000068	17.2645
22.40000000000007	9.05852
22.500000000000071	10.0078
22.600000000000072	11.8459
22.700000000000074	12.7436
22.800000000000075	14.5786
22.900000000000077	15.5112
23.000000000000078	17.3986
23.10000000000008	18.3512
23.200000000000081	20.2698
23.300000000000082	21.2347
23.400000000000084	23.1732
23.500000000000085	24.1462
23.600000000000087	26.0599
23.700000000000088	13.0299
23.80000000000009	14.7616
23.900000000000091	15.6833
24.000000000000092	17.5521
24.100000000000094	18.4968
24.200000000000095	20.4017
24.300000000000097	21.3606
24.400000000000098	23.2886
24.500000000000099	24.257
24.600000000000101	12.414
24.700000000000102	12.414
24.800000000000104	12.414
24.900000000000105	2
25.000000000000107	6
25.100000000000108	7.22412
25.200000000000109	9.07844
25.300000000000111	10.0259
25.400000000000112	11.8611
25.500000000000114	12.7577
25.600000000000115	14.5909
25.700000000000117	15.5228
25.800000000000118	17.4089
25.900000000000119	18.361
26.000000000000121	20.2787
26.100000000000122	21.2431
26.200000000000124	23.181
26.300000000000125	24.1537
26.400000000000126	26.1051
26.500000000000128	27.0835
26.600000000000129	29.0445
26.700000000000131	30.0269
26.800000000000132	31.995
26.900000000000134	32.9501
27.000000000000135	34.8678
27.100000000000136	35.8301
27.200000000000138	37.7604
27.300000000000139	38.7282
27.400000000000141	40.6684
27.500000000000142	41.6407
27.600000000000144	21.7485
27.700000000000145	21.7945
27.800000000000146	23.6872
27.900000000000148	24.6398
28.000000000000149	12.4613
28.100000000000151	12.4613
28.200000000000152	2
28.300000000000153	4
28.400000000000155	7.36254
28.500000000000156	8.26582
28.600000000000158	10.1256
28.700000000000159	11.0733
28.800000000000161	12.9915
28.900000000000162	13.8869
29.000000000000163	15.7152
29.100000000000165	16.6441
29.200000000000166	18.5239
29.300000000000168	19.4726
29.400000000000169	21.384
29.500000000000171	22.3455
29.600000000000172	24.2777
29.700000000000173	25.2476
29.800000000000175	27.1941
29.900000000000176	28.1701
30.000000000000178	30.1267
30.100000000000179	31.1071
30.20000000000018	33.0713
30.300000000000182	34.055
30.400000000000183	17.6343
30.500000000000185	18.5747
30.600000000000186	20.4723
30.700000000000188	21.4281
30.800000000000189	23.3505
30.90000000000019	24.3164
31.000000000000192	26.2558
31.100000000000193	27.2287
31.200000000000195	29.18
31.300000000000196	30.158
31.400000000000198	32.118
31.500000000000199	33.0998
31.6000000000002	35.0664
31.700000000000202	35.9399
31.800000000000203	17.97
31.900000000000205	18.734
32.000000000000206	10.1123
32.100000000000207	10.1123
32.200000000000209	11.2413
32.30000000000021	12.1839
32.400000000000212	14.0923
32.500000000000213	14.9215
32.600000000000215	8.23175
32.700000000000216	9.158
32.800000000000217	11.048
32.900000000000219	12.0059
33.00000000000022	13.8667
33.100000000000222	14.7766
33.200000000000223	16.6273
33.300000000000225	17.5648
33.400000000000226	19.4583
33.500000000000227	20.4126
33.600000000000229	22.333
33.70000000000023	23.2982
33.800000000000232	25.2366
33.900000000000233	26.2092
34.000000000000234	28.1602
34.100000000000236	29.1381
34.200000000000237	31.0981
34.300000000000239	32.08
34.40000000000024	34.0468
34.500000000000242	35.0316
34.600000000000243	37.0036
34.700000000000244	37.9907
34.800000000000246	39.9167
34.900000000000247	40.8824
35.000000000000249	42.8184
35.10000000000025	43.7885
35.200000000000252	45.7327
35.300000000000253	46.7065
35.400000000000254	23.7883
35.500000000000256	24.737
35.600000000000257	12.8253
35.700000000000259	13.5848
35.80000000000026	15.4491
35.900000000000261	16.3931
36.000000000000263	18.2988
36.100000000000264	19.2587
36.200000000000266	21.1894
36.300000000000267	22.1594
36.400000000000269	24.1065
36.50000000000027	25.0831
36.600000000000271	12.973
36.700000000000273	13.8696
36.800000000000274	15.7
36.900000000000276	16.6297
37.000000000000277	18.5109
37.100000000000279	19.4603
37.20000000000028	21.3729
37.300000000000281	22.3348
37.400000000000283	24.2678
37.500000000000284	25.2382
37.600000000000286	27.1853
37.700000000000287	28.1616
37.800000000000288	30.1188
37.90000000000029	31.0994
38.000000000000291	33.0641
38.100000000000293	34.048
38.200000000000294	36.0183
38.300000000000296	37.0047
38.400000000000297	38.9538
38.500000000000298	39.9177
38.6000000000003	41.8028
38.700000000000301	20.9014
38.800000000000303	22.7366
38.900000000000304	23.6853
39.000000000000306	25.5943
39.100000000000307	13.0297
39.200000000000308	13.0297
39.30000000000031	13.0297
39.400000000000311	6.64099
39.500000000000313	7.49836
39.600000000000314	9.29742
39.700000000000315	10.2244
39.800000000000317	12.1123
39.900000000000318	13.0684
40.00000000000032	14.9974
40.100000000000321	15.9054
40.200000000000323	17.7508
40.300000000000324	18.6853
40.400000000000325	20.5728
40.500000000000327	21.524
40.600000000000328	23.4386
40.70000000000033	24.401
40.800000000000331	26.3341
40.900000000000333	27.3042
41.000000000000334	29.2505
41.100000000000335	30.2262
41.200000000000337	15.5536
41.300000000000338	16.4916
41.40000000000034	18.387
41.500000000000341	19.3425
41.600000000000342	21.2656
41.700000000000344	22.2322
41.800000000000345	24.1734
41.900000000000347	25.1474
42.000000000000348	27.1011
42.10000000000035	28.0803
42.200000000000351	30.0428
42.300000000000352	31.0259
42.400000000000354	32.9949
42.500000000000355	33.9514
42.600000000000357	17.2098
42.700000000000358	17.2098
42.80000000000036	2
42.900000000000361	5
43.000000000000362	9.17266
43.100000000000364	10.1112
43.200000000000365	