10	1
10.1	1
10.199999999999999	1
10.299999999999999	1
10.399999999999999	1
10.499999999999998	1
10.599999999999998	1
10.699999999999998	1
10.799999999999997	1
10.899999999999997	1
10.999999999999996	1
11.099999999999996	1
11.199999999999996	1
11.299999999999995	1
11.399999999999995	1
11.499999999999995	1
11.599999999999994	1
11.699999999999994	1
11.799999999999994	1
11.899999999999993	1
11.999999999999993	1
12.099999999999993	1
12.199999999999992	1
12.299999999999992	1
12.399999999999991	1
12.499999999999991	1
12.599999999999991	1
12.69999999999999	1
12.79999999999999	1
12.89999999999999	1
12.999999999999989	1
13.099999999999989	1
13.199999999999989	1
13.299999999999988	1
13.399999999999988	1
13.499999999999988	1
13.599999999999987	1
13.699999999999987	1
13.799999999999986	1
13.899999999999986	1
13.999999999999986	1
14.099999999999985	1
14.199999999999985	1
14.299999999999985	1
14.399999999999984	1
14.499999999999984	1
14.599999999999984	1
14.699999999999983	1
14.799999999999983	1
14.899999999999983	1
14.999999999999982	1
15.099999999999982	1
15.199999999999982	1
15.299999999999981	1
15.399999999999981	1
15.49999999999998	1
15.59999999999998	1
15.69999999999998	1
15.799999999999979	1
15.899999999999979	1
15.999999999999979	1
16.09999999999998	1
16.199999999999982	1
16.299999999999983	1
16.399999999999984	1
16.499999999999986	1
16.599999999999987	1
16.699999999999989	1
16.79999999999999	1
16.899999999999991	1
16.999999999999993	1
17.099999999999994	1
17.199999999999996	1
17.299999999999997	1
17.399999999999999	1
17.5	1
17.600000000000001	1
17.700000000000003	1
17.800000000000004	1
17.900000000000006	1
18.000000000000007	1
18.100000000000009	1
18.20000000000001	1
18.300000000000011	1
18.400000000000013	1
18.500000000000014	1
18.600000000000016	1
18.700000000000017	1
18.800000000000018	1
18.90000000000002	1
19.000000000000021	1
19.100000000000023	1
19.200000000000024	1
19.300000000000026	1
19.400000000000027	1
19.500000000000028	1
19.60000000000003	1
19.700000000000031	1
19.800000000000033	1
19.900000000000034	1
20.000000000000036	1
20.100000000000037	1
20.200000000000038	1
20.30000000000004	1
20.400000000000041	1
20.500000000000043	1
20.600000000000044	1
20.700000000000045	1
20.800000000000047	1
20.900000000000048	1
21.00000000000005	1
21.100000000000051	1
21.200000000000053	1
21.300000000000054	1
21.400000000000055	1
21.500000000000057	1
21.600000000000058	1
21.70000000000006	1
21.800000000000061	1
21.900000000000063	1
22.000000000000064	1
22.100000000000065	1
22.200000000000067	1
22.300000000000068	1
22.40000000000007	1
22.500000000000071	1
22.600000000000072	1
22.700000000000074	1
22.800000000000075	1
22.900000000000077	1
23.000000000000078	1
23.10000000000008	1
23.200000000000081	1
23.300000000000082	1
23.400000000000084	1
23.500000000000085	1
23.600000000000087	1
23.700000000000088	1
23.80000000000009	28
23.900000000000091	14.3529
24.000000000000092	34.7403
24.100000000000094	12.4583
24.200000000000095	31.0181
24.300000000000097	11.7064
24.400000000000098	31.8126
24.500000000000099	12.4765
24.600000000000101	31.3781
24.700000000000102	54.0105
24.800000000000104	20.1615
24.900000000000105	20.489
25.000000000000107	23.1959
25.100000000000108	45.5711
25.200000000000109	15.6668
25.300000000000111	38.9148
25.400000000000112	61.3907
25.500000000000114	16.0018
25.600000000000115	31.4759
25.700000000000117	55.0572
25.800000000000118	16.3862
25.900000000000119	24.2191
26.000000000000121	47.5945
26.100000000000122	15.1772
26.200000000000124	36.5134
26.300000000000125	34.0696
26.400000000000126	29.6296
26.500000000000128	30.009
26.600000000000129	26.9419
26.700000000000131	22.4854
26.800000000000132	28.9364
26.900000000000134	16.3115
27.000000000000135	18.1276
27.100000000000136	15.6622
27.200000000000138	17.5654
27.300000000000139	8.95224
27.400000000000141	27.7719
27.500000000000142	8.00267
27.600000000000144	13.1076
27.700000000000145	19.4561
27.800000000000146	41.8486
27.900000000000148	15.052
28.000000000000149	37.1681
28.100000000000151	17.1428
28.200000000000152	39.3536
28.300000000000153	63.0332
28.400000000000155	16.2943
28.500000000000156	32.8969
28.600000000000158	24.9537
28.700000000000159	29.6401
28.800000000000161	52.145
28.900000000000162	74.2122
29.000000000000163	92.6158
29.100000000000165	16.325
29.200000000000166	22.4132
29.300000000000168	21.7774
29.400000000000169	37.4005
29.500000000000171	60.0605
29.600000000000172	20.3343
29.700000000000173	25.2273
29.800000000000175	48.3846
29.900000000000176	70.8057
30.000000000000178	32.8638
30.100000000000179	18.1233
30.20000000000018	40.3392
30.300000000000182	63.0373
30.400000000000183	83.1624
30.500000000000185	32.0312
30.600000000000186	22.1656
30.700000000000188	44.4973
30.800000000000189	67.5457
30.90000000000019	87.0441
31.000000000000192	102.571
31.100000000000193	17.4232
31.200000000000195	40.6991
31.300000000000196	39.8461
31.400000000000198	62.3551
31.500000000000199	16.2943
31.6000000000002	30.0019
31.700000000000202	25.073
31.800000000000203	24.6235
31.900000000000205	47.1271
32.000000000000206	20.0419
32.100000000000207	21.7878
32.200000000000209	44.0842
32.30000000000021	13.1711
32.400000000000212	33.4726
32.500000000000213	26.8928
32.600000000000215	29.1815
32.700000000000216	16.1182
32.800000000000217	13.206
32.900000000000219	14.8933
33.00000000000022	21.859
33.100000000000222	45.1059
33.200000000000223	31.5471
33.300000000000225	21.0613
33.400000000000226	43.8214
33.500000000000227	66.9831
33.600000000000229	16.325
33.70000000000023	31.0024
33.800000000000232	14.431
33.900000000000233	36.5949
34.000000000000234	59.1241
34.100000000000236	16.2636
34.200000000000237	24.509
34.300000000000239	27.3988
34.40000000000024	27.6718
34.500000000000242	31.7198
34.600000000000243	34.0762
34.700000000000244	56.5481
34.800000000000246	16.2943
34.900000000000247	30.9863
35.000000000000249	53.3544
35.10000000000025	75.2266
35.200000000000252	92.7537
35.300000000000253	16.3097
35.400000000000254	32.9045
35.500000000000256	28.5726
35.600000000000257	51.0977
35.700000000000259	74.1306
35.80000000000026	91.8671
35.900000000000261	106.694
36.000000000000263	120.216
36.100000000000264	131.871
36.200000000000266	16.3709
36.300000000000267	20.5024
36.400000000000269	43.9216
36.50000000000027	30.6163
36.600000000000271	23.3291
36.700000000000273	45.7703
36.800000000000274	25.3212
36.900000000000276	47.81
37.000000000000277	70.1725
37.100000000000279	89.4227
37.20000000000028	104.597
37.300000000000281	117.833
37.400000000000283	32.2181
37.500000000000284	30.0518
37.600000000000286	28.4097
37.700000000000287	51.0068
37.800000000000288	19.9211
37.90000000000029	43.1465
38.000000000000291	15.1699
38.100000000000293	13.2691
38.200000000000294	21.0681
38.300000000000296	21.0071
38.400000000000297	43.2206
38.500000000000298	28.0726
38.6000000000003	28.1548
38.700000000000301	50.5893
38.800000000000303	14.2422
38.900000000000304	22.4681
39.000000000000306	7.52333
39.100000000000307	20.2777
39.200000000000308	42.6137
39.30000000000031	38.0465
39.400000000000311	39.9947
39.500000000000313	36.0668
39.600000000000314	17.0162
39.700000000000315	19.9111
39.800000000000317	21.5624
39.900000000000318	13.3343
40.00000000000032	35.4511
40.100000000000321	16.9607
40.200000000000323	38.2685
40.300000000000324	60.9504
40.400000000000325	19.0555
40.500000000000327	42.26
40.600000000000328	64.9949
40.70000000000033	20.2416
40.800000000000331	43.1565
40.900000000000333	41.0877
41.000000000000334	14.2798
41.100000000000335	14.0738
41.200000000000337	37.1624
41.300000000000338	59.7454
41.40000000000034	16.2636
41.500000000000341	33.8118
41.600000000000342	36.749
41.700000000000344	59.2196
41.800000000000345	7.8538
41.900000000000347	13.0469
42.000000000000348	16.8908
42.10000000000035	18.0446
42.200000000000351	40.2295
42.300000000000352	63.8817
42.400000000000354	83.8042
42.500000000000355	99.8365
42.600000000000357	16.2943
42.700000000000358	20.4193
42.80000000000036	42.8216
42.900000000000361	65.3614
43.000000000000362	84.9492
43.100000000000364	101.432
43.200000000000365	115.033
43.300000000000367	127.188
43.400000000000368	138.74
43.500000000000369	148.973
43.600000000000371	158.547
43.700000000000372	16.1401