10	1
10.1	1
10.199999999999999	1
10.299999999999999	1
10.399999999999999	1
10.499999999999998	1
10.599999999999998	1
10.699999999999998	1
10.799999999999997	1
10.899999999999997	1
10.999999999999996	1
11.099999999999996	1
11.199999999999996	1
11.299999999999995	1
11.399999999999995	1
11.499999999999995	1
11.599999999999994	1
11.699999999999994	1
11.799999999999994	1
11.899999999999993	1
11.999999999999993	1
12.099999999999993	1
12.199999999999992	1
12.299999999999992	1
12.399999999999991	1
12.499999999999991	1
12.599999999999991	1
12.69999999999999	1
12.79999999999999	1
12.89999999999999	1
12.999999999999989	1
13.099999999999989	1
13.199999999999989	1
13.299999999999988	1
13.399999999999988	1
13.499999999999988	1
13.599999999999987	1
13.699999999999987	1
13.799999999999986	1
13.899999999999986	1
13.999999999999986	1
14.099999999999985	1
14.199999999999985	1
14.299999999999985	1
14.399999999999984	1
14.499999999999984	1
14.599999999999984	2
14.699999999999983	4
14.799999999999983	4
14.899999999999983	3.24483
14.999999999999982	3.24483
15.099999999999982	3.24483
15.199999999999982	3.24483
15.299999999999981	4.33944
15.399999999999981	2.69501
15.49999999999998	3.26093
15.59999999999998	5.21043
15.69999999999998	4.17209
15.799999999999979	6.07008
15.899999999999979	6.06227
15.999999999999979	3.84806
16.09999999999998	3.84806
16.199999999999982	1
16.299999999999983	2.89896
16.399999999999984	4.48307
16.499999999999986	2.86593
16.599999999999987	2.86593
16.699999999999989	4.33944
16.79999999999999	5.95888
16.899999999999991	3.30206
16.999999999999993	7.59978
17.099999999999994	5.34086
17.199999999999996	2.76405
17.299999999999997	2.66086
17.399999999999999	2.66086
17.5	2.66086
17.600000000000001	2.9
17.700000000000003	2.9
17.800000000000004	3.55301
17.900000000000006	3.66165
18.000000000000007	3.66165
18.100000000000009	2
18.20000000000001	3.43873
18.300000000000011	4.1761
18.400000000000013	10.3129
18.500000000000014	6.97602
18.600000000000016	4.08732
18.700000000000017	3.04606
18.800000000000018	2.99905
18.90000000000002	2.99905
19.000000000000021	2.9
19.100000000000023	7.30482
19.200000000000024	3.65241
19.300000000000026	3.65241
19.400000000000027	5.19763
19.500000000000028	6.26135
19.60000000000003	6.26135
19.700000000000031	5.62582
19.800000000000033	4.18484
19.900000000000034	4.18484
20.000000000000036	2.9
20.100000000000037	3.24483
20.200000000000038	3.24483
20.30000000000004	3.24483
20.400000000000041	3.24483
20.500000000000043	3.27158
20.600000000000044	3.27158
20.700000000000045	1
20.800000000000047	7.02286
20.900000000000048	5.29419
21.00000000000005	4.35297
21.100000000000051	2.13009
21.200000000000053	7.607
21.300000000000054	4.85055
21.400000000000055	5.01082
21.500000000000057	3.44351
21.600000000000058	2.77951
21.70000000000006	3.74703
21.800000000000061	3.74703
21.900000000000063	4.99753
22.000000000000064	7.02246
22.100000000000065	6.88803
22.200000000000067	5.15402
22.300000000000068	4.98071
22.40000000000007	4.51134
22.500000000000071	4.40545
22.600000000000072	3.8067
22.700000000000074	4.08854
22.800000000000075	2.6925
22.900000000000077	2.6925
23.000000000000078	4.09525
23.10000000000008	2.04763
23.200000000000081	2.04763
23.300000000000082	2
23.400000000000084	2
23.500000000000085	2
23.600000000000087	2
23.700000000000088	5.19763
23.80000000000009	4.74171
23.900000000000091	2.94554
24.000000000000092	2.94554
24.100000000000094	2.5
24.200000000000095	2.9
24.300000000000097	2.9
24.400000000000098	6.09735
24.500000000000099	6.39003
24.600000000000101	4.2757
24.700000000000102	4.2757
24.800000000000104	3.55301
24.900000000000105	3.83446
25.000000000000107	3.83446
25.100000000000108	3.83446
25.200000000000109	3.83446
25.300000000000111	1
25.400000000000112	1
25.500000000000114	1
25.600000000000115	1
25.700000000000117	1
25.800000000000118	1
25.900000000000119	1
26.000000000000121	1
26.100000000000122	2.536
26.200000000000124	2.05804
26.300000000000125	2.5457
26.400000000000126	3.59005
26.500000000000128	7.98145
26.600000000000129	5.34716
26.700000000000131	5.08109
26.800000000000132	5.14914
26.900000000000134	1.57457
27.000000000000135	1.57457
27.100000000000136	2.5
27.200000000000138	2.5
27.300000000000139	2.5
27.400000000000141	2.5
27.500000000000142	1
27.600000000000144	1
27.700000000000145	1
27.800000000000146	1
27.900000000000148	1
28.000000000000149	1
28.100000000000151	1
28.200000000000152	1
28.300000000000153	3.55301
28.400000000000155	4.58843
28.500000000000156	4.23239
28.600000000000158	3.01136
28.700000000000159	3.01136
28.800000000000161	3.55301
28.900000000000162	5.75441
29.000000000000163	5.75441
29.100000000000165	1
29.200000000000166	1
29.300000000000168	1
29.400000000000169	1
29.500000000000171	1
29.600000000000172	3.24483
29.700000000000173	3.24483
29.800000000000175	3.24483
29.900000000000176	3.24483
30.000000000000178	3.24483
30.100000000000179	3.24483
30.20000000000018	3.24483
30.300000000000182	3.24483
30.400000000000183	3.24483
30.500000000000185	2.72202
30.600000000000186	6.18542
30.700000000000188	6.53768
30.800000000000189	4.6802
30.90000000000019	5.48323
31.000000000000192	5.48323
31.100000000000193	3.55301
31.200000000000195	3.55301
31.300000000000196	3.55301
31.400000000000198	3.55301
31.500000000000199	3.55301
31.6000000000002	4.07986
31.700000000000202	4.43338
31.800000000000203	3.47911
31.900000000000205	3.11048
32.000000000000206	3.11048
32.100000000000207	1
32.200000000000209	4.56988
32.30000000000021	4.6883
32.400000000000212	5.13009
32.500000000000213	6.034
32.600000000000215	2.87573
32.700000000000216	3.43391
32.800000000000217	2.12198
32.900000000000219	2.12198
33.00000000000022	3.55301
33.100000000000222	4.09455
33.200000000000223	3.31856
33.300000000000225	2.4188
33.400000000000226	2.4188
33.500000000000227	3.24483
33.600000000000229	4.40701
33.70000000000023	2.65733
33.800000000000232	2.65733
33.900000000000233	3.55301
34.000000000000234	3.75296
34.100000000000236	5.18515
34.200000000000237	5.9758
34.300000000000239	3.62356
34.40000000000024	4.15597
34.500000000000242	4.15597
34.600000000000243	3.83446
34.700000000000244	3.83446
34.800000000000246	2.5
34.900000000000247	1.78778
35.000000000000249	5.70206
35.10000000000025	5.70206
35.200000000000252	3.55301
35.300000000000253	2.93032
35.400000000000254	2.93032
35.500000000000256	2.9
35.600000000000257	5.12951
35.700000000000259	4.26694
35.80000000000026	5.31055
35.900000000000261	3.19242
36.000000000000263	3.19242
36.100000000000264	1
36.200000000000266	2.89896
36.300000000000267	4.13942
36.400000000000269	3.06329
36.50000000000027	3.06329
36.600000000000271	2
36.700000000000273	3.08989
36.800000000000274	4.80283
36.900000000000276	1.88731
37.000000000000277	3.26912
37.100000000000279	2.17861
37.20000000000028	2.17861
37.300000000000281	2.9
37.400000000000283	3.2884
37.500000000000284	3.29879
37.600000000000286	2.51585
37.700000000000287	5.58217
37.800000000000288	2.36323
37.90000000000029	2.36323
38.000000000000291	3.24483
38.100000000000293	5.19708
38.200000000000294	2.53008
38.300000000000296	3.17294
38.400000000000297	3.17294
38.500000000000298	2
38.6000000000003	2.9
38.700000000000301	2.9
38.800000000000303	2.9
38.900000000000304	2.9
39.000000000000306	2.5
39.100000000000307	2.5
39.200000000000308	2.5
39.30000000000031	2.5
39.400000000000311	2.5
39.500000000000313	2.5
39.600000000000314	2.5
39.700000000000315	2.5
39.800000000000317	2
39.900000000000318	2
40.00000000000032	2
40.100000000000321	2
40.200000000000323	2
40.300000000000324	2
40.400000000000325	2
40.500000000000327	2
40.600000000000328	2
40.70000000000033	2
40.800000000000331	2
40.900000000000333	2
41.000000000000334	2
41.100000000000335	2
41.200000000000337	2
41.300000000000338	2
41.40000000000034	2
41.500000000000341	2
41.600000000000342	2
41.700000000000344	2
41.800000000000345	2
41.900000000000347	2
42.000000000000348	2
42.10000000000035	2
42.200000000000351	2
42.300000000000352	2
42.400000000000354	2
42.500000000000355	2
42.600000000000357	2
42.700000000000358	2
42.80000000000036	2
42.900000000000361	2
43.000000000000362	2
43.100000000000364	2
43.200000000000365	2
43.300000000000367	2
43.400000000000368	2
43.500000000000369	2
43.600000000000371	2
43.700000000000372