10	37.1139
10.1	20.3564
10.199999999999999	10.588
10.299999999999999	12.9734
10.399999999999999	16.6301
10.499999999999998	21.3731
10.599999999999998	26.211
10.699999999999998	13.9739
10.799999999999997	14.5365
10.899999999999997	19.2767
10.999999999999996	24.1209
11.099999999999996	29.0173
11.199999999999996	33.8549
11.299999999999995	37.7129
11.399999999999995	20.4349
11.499999999999995	20.4349
11.599999999999994	2
11.699999999999994	12.2558
11.799999999999994	17.0451
11.899999999999993	21.7895
11.999999999999993	13.0668
12.099999999999993	14.312
12.199999999999992	18.1403
12.299999999999992	23.0067
12.399999999999991	27.7398
12.499999999999991	32.5523
12.599999999999991	18.5467
12.69999999999999	23.3283
12.79999999999999	28.1851
12.89999999999999	15.3337
12.999999999999989	15.3337
13.099999999999989	7.9869
13.199999999999989	8.71079
13.299999999999988	13.2779
13.399999999999988	18.0724
13.499999999999988	22.8658
13.599999999999987	27.6231
13.699999999999987	16.0716
13.799999999999986	20.0129
13.899999999999986	24.7534
13.999999999999986	28.581
14.099999999999985	33.422
14.199999999999985	17.8682
14.299999999999985	17.8682
14.399999999999984	4
14.499999999999984	11.3292
14.599999999999984	16.0842
14.699999999999983	10.5291
14.799999999999983	14.9403
14.899999999999983	9.48917
14.999999999999982	14.1579
15.099999999999982	18.6741
15.199999999999982	23.4297
15.299999999999981	13.7041
15.399999999999981	18.3874
15.49999999999998	23.2019
15.59999999999998	28.0806
15.69999999999998	32.9952
15.799999999999979	37.1322
15.899999999999979	20.804
15.999999999999979	25.4757
16.09999999999998	14.4147
16.199999999999982	15.094
16.299999999999983	7.54701
16.399999999999984	11.1061
16.499999999999986	15.7384
16.599999999999987	11.2375
16.699999999999989	15.0524
16.79999999999999	10.533
16.899999999999991	7.06985
16.999999999999993	11.5966
17.099999999999994	16.2733
17.199999999999996	21.0969
17.299999999999997	13.3397
17.399999999999999	18.1178
17.5	11.6509
17.600000000000001	15.363
17.700000000000003	20.1567
17.800000000000004	24.9501
17.900000000000006	6.77698
18.000000000000007	6.77698
18.100000000000009	8.49443
18.20000000000001	13.1375
18.300000000000011	17.9138
18.400000000000013	22.6083
18.500000000000014	27.4104
18.600000000000016	31.2964
18.700000000000017	36.1885
18.800000000000018	41.1064
18.90000000000002	20.9748
19.000000000000021	10.6766
19.100000000000023	10.6766
19.200000000000024	7.96694
19.300000000000026	12.4063
19.400000000000027	17.1535
19.500000000000028	21.1767
19.60000000000003	26.0511
19.700000000000031	30.6075
19.800000000000033	17.6433
19.900000000000034	22.3947
20.000000000000036	27.2345
20.100000000000037	13.944
20.200000000000038	14.1581
20.30000000000004	7.35679
20.400000000000041	10.0217
20.500000000000043	14.588
20.600000000000044	8.90239
20.700000000000045	8.90239
20.800000000000047	9.7645
20.900000000000048	14.3433
21.00000000000005	19.1317
21.100000000000051	24.0051
21.200000000000053	28.7824
21.300000000000054	32.6275
21.400000000000055	37.4792
21.500000000000057	42.3653
21.600000000000058	23.4255
21.70000000000006	28.2656
21.800000000000061	17.4334
21.900000000000063	22.2299
22.000000000000064	12.9259
22.100000000000065	13.6798
22.200000000000067	17.4178
22.300000000000068	22.2176
22.40000000000007	13.4192
22.500000000000071	18.1764
22.600000000000072	23.0351
22.700000000000074	13.9759
22.800000000000075	18.4826
22.900000000000077	12.8738
23.000000000000078	17.494
23.10000000000008	21.3129
23.200000000000081	26.1619
23.300000000000082	16.365
23.400000000000084	21.1677
23.500000000000085	26.0438
23.600000000000087	30.8942
23.700000000000088	35.7015
23.80000000000009	18.9252
23.900000000000091	18.9252
24.000000000000092	9.72356
24.100000000000094	9.72356
24.200000000000095	5.31903
24.300000000000097	9.84449
24.400000000000098	14.3978
24.500000000000099	19.1724
24.600000000000101	24.0377
24.700000000000102	28.8443
24.800000000000104	33.6474
24.900000000000105	37.8717
25.000000000000107	20.8588
25.100000000000108	21.3334
25.200000000000109	10.8528
25.300000000000111	15.1034
25.400000000000112	19.9096
25.500000000000114	24.6293
25.600000000000115	14.0602
25.700000000000117	18.761
25.800000000000118	11.2077
25.900000000000119	6.70432
26.000000000000121	9.23422
26.100000000000122	13.9888
26.200000000000124	18.6004
26.300000000000125	23.371
26.400000000000126	28.2204
26.500000000000128	15.4311
26.600000000000129	15.8792
26.700000000000131	7.9396
26.800000000000132	7.9396
26.900000000000134	11.4633
27.000000000000135	6.99296
27.100000000000136	11.375
27.200000000000138	16.1165
27.300000000000139	20.9285
27.400000000000141	25.6555
27.500000000000142	30.4693
27.600000000000144	15.3817
27.700000000000145	8.13408
27.800000000000146	12.1889
27.900000000000148	16.9972
28.000000000000149	10.7137
28.100000000000151	14.4598
28.200000000000152	19.219
28.300000000000153	24.0748
28.400000000000155	12.6071
28.500000000000156	16.3463
28.600000000000158	21.1532
28.700000000000159	26.032
28.800000000000161	30.8518
28.900000000000162	16.0302
29.000000000000163	16.0302
29.100000000000165	4.3033
29.200000000000166	8.1959
29.300000000000168	12.8696
29.400000000000169	16.5493
29.500000000000171	21.3104
29.600000000000172	13.4053
29.700000000000173	18.1661
29.800000000000175	23.027
29.900000000000176	27.8286
30.000000000000178	32.6281
30.100000000000179	37.4797
30.20000000000018	10.1207
30.300000000000182	12.3543
30.400000000000183	16.1523
30.500000000000185	8.98615
30.600000000000186	13.3847
30.700000000000188	18.1509
30.800000000000189	23.0151
30.90000000000019	13.8011
31.000000000000192	17.5702
31.100000000000193	22.3372
31.200000000000195	12.9914
31.300000000000196	15.1304
31.400000000000198	19.9802
31.500000000000199	24.6864
31.6000000000002	29.4889
31.700000000000202	34.3475
31.800000000000203	39.2413
31.900000000000205	21.5406
32.000000000000206	26.1187
32.100000000000207	13.9504
32.200000000000209	17.6309
32.30000000000021	22.385
32.400000000000212	12.2186
32.500000000000213	16.4801
32.600000000000215	21.2567
32.700000000000216	26.1162
32.800000000000217	15.4144
32.900000000000219	9.35497
33.00000000000022	14.0686
33.100000000000222	17.8932
33.200000000000223	22.592
33.300000000000225	27.3969
33.400000000000226	32.1365
33.500000000000227	18.983
33.600000000000229	23.6765
33.70000000000023	28.4739
33.800000000000232	33.3304
33.900000000000233	38.2238
34.000000000000234	42.1563
34.100000000000236	24.4115
34.200000000000237	13.4538
34.300000000000239	7.99508
34.40000000000024	3.99754
34.500000000000242	7.2517
34.600000000000243	11.9621
34.700000000000244	8.11475
34.800000000000246	11.1431
34.900000000000247	14.9822
35.000000000000249	19.6147
35.10000000000025	24.3917
35.200000000000252	14.4857
35.300000000000253	8.94493
35.400000000000254	12.9763
35.500000000000256	17.5696
35.600000000000257	10.9876
35.700000000000259	12.2817
35.80000000000026	16.0969
35.900000000000261	20.9135
36.000000000000263	12.2631
36.100000000000264	15.0529
36.200000000000266	19.7702
36.300000000000267	24.5169
36.400000000000269	14.4156
36.50000000000027	16.4907
36.600000000000271	21.265
36.700000000000273	25.1469
36.800000000000274	30.0424
36.900000000000276	34.9098
37.000000000000277	39.7344
37.100000000000279	44.3501
37.20000000000028	22.1751
37.300000000000281	22.1751
37.400000000000283	13.3113
37.500000000000284	18.0969
37.600000000000286	10.6755
37.700000000000287	15.3078
37.800000000000288	20.1147
37.90000000000029	24.9964
38.000000000000291	29.7488
38.100000000000293	34.5708
38.200000000000294	39.437
38.300000000000296	19.9956
38.400000000000297	19.9956
38.500000000000298	10.2206
38.6000000000003	10.2206
38.700000000000301	10.2206
38.800000000000303	3.13165
38.900000000000304	6.52395
39.000000000000306	11.0949
39.100000000000307	6.99161
39.200000000000308	11.3742
39.30000000000031	8.37471
39.400000000000311	12.104
39.500000000000313	16.8177
39.600000000000314	21.5194
39.700000000000315	26.3303
39.800000000000317	13.4099
39.900000000000318	8.31419
40.00000000000032	13.0222
40.100000000000321	17.6602
40.200000000000323	22.408
40.300000000000324	12.4522
40.400000000000325	12.4522
40.500000000000327	2
40.600000000000328	9.18859
40.70000000000033	13.8869
40.800