10	8.48098
10.1	10.3987
10.199999999999999	14.1577
10.299999999999999	17.0478
10.399999999999999	19.9194
10.499999999999998	11.6934
10.599999999999998	11.9481
10.699999999999998	14.6616
10.799999999999997	18.4172
10.899999999999997	21.2917
10.999999999999996	24.1964
11.099999999999996	28.1001
11.199999999999996	31.0437
11.299999999999995	33.9971
11.399999999999995	17.2469
11.499999999999995	17.3626
11.599999999999994	8.90909
11.699999999999994	8.90909
11.799999999999994	2
11.899999999999993	6.03493
11.999999999999993	3.69545
12.099999999999993	7.09382
12.199999999999992	9.83113
12.299999999999992	12.5257
12.399999999999991	16.2837
12.499999999999991	8.67906
12.599999999999991	5.32758
12.69999999999999	5.32758
12.79999999999999	8.0499
12.89999999999999	5.17333
12.999999999999989	3.51319
13.099999999999989	6.07489
13.199999999999989	3.19989
13.299999999999988	5.73059
13.399999999999988	8.31965
13.499999999999988	11.1134
13.599999999999987	14.7578
13.699999999999987	8.03329
13.799999999999986	10.7156
13.899999999999986	14.3916
13.999999999999986	8.08213
14.099999999999985	10.8451
14.199999999999985	14.4882
14.299999999999985	17.323
14.399999999999984	20.205
14.499999999999984	11.5366
14.599999999999984	13.0082
14.699999999999983	6.50411
14.799999999999983	9.83465
14.899999999999983	12.5285
14.999999999999982	7.29926
15.099999999999982	3.78537
15.199999999999982	5.72299
15.299999999999981	8.31446
15.399999999999981	12.0625
15.49999999999998	14.8226
15.59999999999998	8.89447
15.69999999999998	6.49333
15.799999999999979	9.19315
15.899999999999979	12.0326
15.999999999999979	15.7179
16.09999999999998	18.3086
16.199999999999982	9.1543
16.299999999999983	9.1543
16.399999999999984	5.29025
16.499999999999986	6.94716
16.599999999999987	10.4246
16.699999999999989	13.2254
16.79999999999999	16.0968
16.899999999999991	10.2712
16.999999999999993	13.105
17.099999999999994	15.9982
17.199999999999996	9.16671
17.299999999999997	12.0125
17.399999999999999	14.782
17.5	8.78467
17.600000000000001	8.78467
17.700000000000003	8.78467
17.800000000000004	4
17.900000000000006	7.11243
18.000000000000007	4.21159
18.100000000000009	7.76918
18.20000000000001	10.1305
18.300000000000011	6.77884
18.400000000000013	10.3138
18.500000000000014	13.1384
18.600000000000016	16.0255
18.700000000000017	10.0943
18.800000000000018	5.38423
18.90000000000002	7.96153
19.000000000000021	4.74009
19.100000000000023	7.27346
19.200000000000024	4.66783
19.300000000000026	6.94205
19.400000000000027	9.51366
19.500000000000028	5.01404
19.60000000000003	8.46588
19.700000000000031	11.2229
19.800000000000033	5.91624
19.900000000000034	9.35223
20.000000000000036	5.55963
20.100000000000037	7.95437
20.200000000000038	11.4735
20.30000000000004	6.03513
20.400000000000041	8.6479
20.500000000000043	12.2939
20.600000000000044	7.0227
20.700000000000045	7.83767
20.800000000000047	11.3932
20.900000000000048	14.2136
21.00000000000005	17.0355
21.100000000000051	9.62199
21.200000000000053	10.0312
21.300000000000054	12.7619
21.400000000000055	15.5262
21.500000000000057	8.8769
21.600000000000058	9.31924
21.70000000000006	4.76631
21.800000000000061	4.76631
21.900000000000063	3.55301
22.000000000000064	6.09735
22.100000000000065	4.53145
22.200000000000067	7.14117
22.300000000000068	9.96655
22.40000000000007	13.5514
22.500000000000071	16.3655
22.600000000000072	9.08204
22.700000000000074	9.08204
22.800000000000075	10.8008
22.900000000000077	13.5234
23.000000000000078	8.53662
23.10000000000008	11.2762
23.200000000000081	14.1202
23.300000000000082	8.21326
23.400000000000084	11.0342
23.500000000000085	13.7832
23.600000000000087	8.45847
23.700000000000088	10.3804
23.80000000000009	13.1906
23.900000000000091	8.00291
24.000000000000092	10.5033
24.100000000000094	13.2874
24.200000000000095	7.52797
24.300000000000097	10.0479
24.400000000000098	5.22014
24.500000000000099	8.35017
24.600000000000101	4.84446
24.700000000000102	7.06054
24.800000000000104	10.5953
24.900000000000105	13.3601
25.000000000000107	16.2076
25.100000000000108	9.36524
25.200000000000109	10.575
25.300000000000111	6.51997
25.400000000000112	4.38202
25.500000000000114	5.6084
25.600000000000115	8.23667
25.700000000000117	5.34654
25.800000000000118	3.9441
25.900000000000119	6.32762
26.000000000000121	4.93938
26.100000000000122	7.40324
26.200000000000124	10.1551
26.300000000000125	6.11734
26.400000000000126	8.58863
26.500000000000128	5.33815
26.600000000000129	7.40455
26.700000000000131	10.1561
26.800000000000132	12.8601
26.900000000000134	16.5419
27.000000000000135	8.48027
27.100000000000136	4.2991
27.200000000000138	6.39428
27.300000000000139	9.01295
27.400000000000141	5.70517
27.500000000000142	3.28033
27.600000000000144	3.28033
27.700000000000145	1
27.800000000000146	3.55301
27.900000000000148	6.09735
28.000000000000149	9.67696
28.100000000000151	5.79076
28.200000000000152	3.59696
28.300000000000153	2.41039
28.400000000000155	4.29178
28.500000000000156	4.52478
28.600000000000158	3.07417
28.700000000000159	5.48162
28.800000000000161	8.15166
28.900000000000162	11.8671
29.000000000000163	7.16636
29.100000000000165	9.98452
29.200000000000166	5.56326
29.300000000000168	7.29551
29.400000000000169	4.22411
29.500000000000171	5.66955
29.600000000000172	9.19961
29.700000000000173	4.86542
29.800000000000175	6.31967
29.900000000000176	10.0201
30.000000000000178	5.84289
30.100000000000179	3.48641
30.20000000000018	6.99049
30.300000000000182	9.54888
30.400000000000183	12.3059
30.500000000000185	15.8015
30.600000000000186	8.30265
30.700000000000188	4.44899
30.800000000000189	8.02448
30.90000000000019	10.709
31.000000000000192	6.58394
31.100000000000193	9.98841
31.200000000000195	12.6493
31.300000000000196	6.44251
31.400000000000198	9.48133
31.500000000000199	5.5238
31.6000000000002	7.12533
31.700000000000202	4.21126
31.800000000000203	6.00812
31.900000000000205	8.62921
32.000000000000206	5.67535
32.100000000000207	8.28202
32.200000000000209	11.0853
32.30000000000021	14.8721
32.400000000000212	7.9883
32.500000000000213	7.9883
32.600000000000215	10.4922
32.700000000000216	13.2029
32.800000000000217	6.60147
32.900000000000219	9.9999
33.00000000000022	5.83423
33.100000000000222	6.94367
33.200000000000223	5.2858
33.300000000000225	8.0226
33.400000000000226	10.5183
33.500000000000227	7.4844
33.600000000000229	4.92821
33.70000000000023	7.39588
33.800000000000232	11.0954
33.900000000000233	6.30945
34.000000000000234	7.20719
34.100000000000236	10.9712
34.200000000000237	13.2875
34.300000000000239	6.64377
34.40000000000024	6.64377
34.500000000000242	3
34.600000000000243	5.05378
34.700000000000244	8.48916
34.800000000000246	10.8773
34.900000000000247	6.30305
35.000000000000249	10.0097
35.10000000000025	5.96597
35.200000000000252	5.96597
35.300000000000253	7.60515
35.400000000000254	5.24792
35.500000000000256	5.24792
35.600000000000257	7.61033
35.700000000000259	10.9674
35.80000000000026	6.18001
35.900000000000261	8.97604
36.000000000000263	4.75995
36.100000000000264	4.75995
36.200000000000266	2
36.300000000000267	5.19763
36.400000000000269	7.70809
36.50000000000027	4.35661
36.600000000000271	7.97459
36.700000000000273	10.5773
36.800000000000274	13.0418
36.900000000000276	7.25465
37.000000000000277	4.20652
37.100000000000279	6.33342
37.20000000000028	10.0287
37.300000000000281	5.54289
37.400000000000283	7.81481
37.500000000000284	6.3053
37.600000000000286	9.06216
37.700000000000287	11.8487
37.800000000000288	7.04567
37.90000000000029	8.234
38.000000000000291	5.40635
38.100000000000293	9.04148
38.200000000000294	5.34213
38.300000000000296	8.05944
38.400000000000297	11.7188
38.500000000000298	14.4756
38.6000000000003	8.42162
38.700000000000301	8.42162
38.800000000000303	4.87522
38.900000000000304	7.08144
39.000000000000306	10.7034
39.100000000000307	5.39841
39.200000000000308	5.39841
39.30000000000031	2.5
39.400000000000311	3.24483
39.500000000000313	2.62241
39.600000000000314	5.97768
39.700000000000315	3.07248
39.800000000000317	5.48071
39.900000000000318	9.08565
40.00000000000032	11.8666
40.100000000000321	14.5954
40.200000000000323	9.40697
40.300000000000324	12.1964
40.400000000000325	15.0653
40.500000000000327	8.14228
40.600000000000328	5.01263
40.70000000000033	5.58904
40.800000000000331	9.15071
40.900000000000333	5.52097
41.000000000000334	5.52097
41.100000000000335	3.7006
41.200000000000337	2.22974
41.300000000000338	3.94731
41.40000000000034	6.32959
41.500000000000341	10.0263
41.600000000000342	12.7581
41.700000000000344	15.5231
41.800000000000345	8.47133
41.900000000000347	9.79333
42.000000000000348	12.4962
42.10000000000035	16.2609
42.200000000000351	9.06317
42.300000000000352	4.74837
42.400000000000354	8.0675
42.500000000000355	4.88048
42.600000000000357	7.22616
42.700000000000358	5.03953
42.80000000000036	2.80654
42.900000000000361	4.27998
43.000000000000362	7.8057
43.100000000000364	10.451
43.200000000000365	13.2462
43.300000000000367	8.60701
43.400000000000368	5.15717
43.500000000000369	7.81134
43.600000000000371	11.3752
43.700000000000372	6.5486
43.800000000000374	8.19208
43.900000000000375	5.27648
44.000000000000377	5.27648
44.100000000000378	7.62986
44.200000000000379	4.76785
44.300000000000381	7.29134
44.400000000000382	10.0742
44.500000000000384	5.78655
44.600000000000385	8.35798
44.700000000000387	11.142
44.800000000000388	6.48946
44.900000000000389	9.19043
45.000000000000391	5.01704
45.100000000000392	5.01704
45.200000000000394	1
45.300000000000395	4.33944
45.400000000000396	6.87746
45.500000000000398	4.48323
45.600000000000399	3.27255
45.700000000000401	5.94335
45.800000000000402	8.46646
45.900000000000404	12.1674
46.000000000000405	6.82203
46.100000000000406	8.9899
46.200000000000408	12.536
46.300000000000409	6.87833
46.400000000000411	8.21527
46.500000000000412	4.3459
46.600000000000414	4.3459
46.700000000000415	2.5
46.800000000000416	5.39003
46.900000000000418	8.09095
47.000000000000419	11.1258
47.100000000000421	6.92828
47.200000000000422	8.9588
47.300000000000423	5.44439
47.400000000000425	8.49063
47.500000000000426	5.05953
47.600000000000428	8.25192
47.700000000000429	11.243
47.800000000000431	6.33493
47.900000000000432	7.08837
48.000000000000433	10.0297
48.100000000000435	5.76051
48.200000000000436	8.0949
48.300000000000438	4.10922
48.400000000000439	6.73719
48.500000000000441	3.92248
48.600000000000442	5.4519
48.700000000000443	8.1319
48.800000000000445	10.8821
48.900000000000446	7.61217
49.000000000000448	3.99985
49.100000000000449	4.24986
49.20000000000045	4.24986
49.300000000000452	2
49.400000000000453	4.99753
49.500000000000455	7.44171
49.600000000000456	10.1831
49.700000000000458	6.40165
49.800000000000459	7.00516
49.90000000000046	9.66419
50.000000000000462	5.27933
50.100000000000463	5.27933
50.200000000000465	8.01839
50.300000000000466	4.00919
50.400000000000468	4.00919
50.500000000000469	6.52462
50.60000000000047	10.1497
50.700000000000472	12.4588
50.800000000000473	6.2294
50.900000000000475	7.13744
51.000000000000476	9.96389
51.100000000000477	12.63
51.200000000000479	7.4445
51.30000000000048	9.46905
51.400000000000482	11.8274
51.500000000000483	6.71568
51.600000000000485	9.35062
51.700000000000486	5.55896
51.800000000000487	8.79578
51.900000000000489	11.4731
52.00000000000049	6.0764
52.100000000000492	4.24958
52.200000000000493	6.96868
52.300000000000495	4.51765
52.400000000000496	8.06207
52.500000000000497	4.87824
52.600000000000499	2.73468
52.7000000000005	5.49577
52.800000000000502	3.55188
52.900000000000503	5.3893
53.000000000000504	3.98246
53.100000000000506	6.02354
53.200000000000507	8.63987
53.300000000000509	12.2883
53.40000000000051	15.1397
53.500000000000512	18.0385
53.600000000000513	9.53207
53.700000000000514	9.53207
53.800000000000516	2
53.900000000000517	4
54.000000000000519	4
54.10000000000052	4
54.200000000000522	4
54.300000000000523	2.5
54.400000000000524	5.19763
54.500000000000526	7.96541
54.600000000000527	4.99881
54.700000000000529	7.44256
54.80000000000053	10.1837
54.900000000000531	6.53024
55.000000000000533	9.2191
55.100000000000534	12.0524
55.200000000000536	7.7769
55.300000000000537	10.4296
55.400000000000539	13.2293
55.50000000000054	17.0666
55.600000000000541	8.5918
55.700000000000543	9.99858
55.800000000000544	6.64923
55.900000000000546	9.30328
56.000000000000547	5.2601
56.100000000000549	7.48506
56.20000000000055	4.30603
56.300000000000