10	1
10.1	1
10.199999999999999	1
10.299999999999999	1
10.399999999999999	1
10.499999999999998	1
10.599999999999998	1
10.699999999999998	1
10.799999999999997	1
10.899999999999997	1
10.999999999999996	1
11.099999999999996	1
11.199999999999996	1
11.299999999999995	1
11.399999999999995	1
11.499999999999995	1
11.599999999999994	1
11.699999999999994	1
11.799999999999994	1
11.899999999999993	1
11.999999999999993	1
12.099999999999993	1
12.199999999999992	1
12.299999999999992	1
12.399999999999991	1
12.499999999999991	1
12.599999999999991	1
12.69999999999999	1
12.79999999999999	1
12.89999999999999	1
12.999999999999989	1
13.099999999999989	1
13.199999999999989	1
13.299999999999988	1
13.399999999999988	1
13.499999999999988	1
13.599999999999987	1
13.699999999999987	1
13.799999999999986	1
13.899999999999986	1
13.999999999999986	1
14.099999999999985	1
14.199999999999985	1
14.299999999999985	1
14.399999999999984	1
14.499999999999984	1
14.599999999999984	1
14.699999999999983	1
14.799999999999983	1
14.899999999999983	1
14.999999999999982	1
15.099999999999982	1
15.199999999999982	1
15.299999999999981	1
15.399999999999981	1
15.49999999999998	1
15.59999999999998	1
15.69999999999998	1
15.799999999999979	1
15.899999999999979	1
15.999999999999979	1
16.09999999999998	1
16.199999999999982	1
16.299999999999983	1
16.399999999999984	1
16.499999999999986	1
16.599999999999987	1
16.699999999999989	1
16.79999999999999	1
16.899999999999991	1
16.999999999999993	1
17.099999999999994	1
17.199999999999996	1
17.299999999999997	1
17.399999999999999	1
17.5	1
17.600000000000001	1
17.700000000000003	1
17.800000000000004	1
17.900000000000006	1
18.000000000000007	1
18.100000000000009	1
18.20000000000001	1
18.300000000000011	1
18.400000000000013	1
18.500000000000014	1
18.600000000000016	1
18.700000000000017	1
18.800000000000018	1
18.90000000000002	1
19.000000000000021	1
19.100000000000023	1
19.200000000000024	1
19.300000000000026	8
19.400000000000027	12.0266
19.500000000000028	11.7383
19.60000000000003	8.40816
19.700000000000031	5.68239
19.800000000000033	10.169
19.900000000000034	9.64272
20.000000000000036	9.07433
20.100000000000037	8.83017
20.200000000000038	6.33888
20.30000000000004	10.2905
20.400000000000041	11.1208
20.500000000000043	5.69301
20.600000000000044	5.69301
20.700000000000045	7.96541
20.800000000000047	5.34424
20.900000000000048	8.05718
21.00000000000005	12.8569
21.100000000000051	15.7038
21.200000000000053	19.1902
21.300000000000054	23.1808
21.400000000000055	13.1479
21.500000000000057	13.1479
21.600000000000058	7.40349
21.70000000000006	11.4886
21.800000000000061	19.4709
21.900000000000063	17.6189
22.000000000000064	9.08926
22.100000000000065	12.4863
22.200000000000067	12.5446
22.300000000000068	8.30573
22.40000000000007	11.2305
22.500000000000071	28.3734
22.600000000000072	15.0789
22.700000000000074	15.3467
22.800000000000075	12.787
22.900000000000077	8.19759
23.000000000000078	12.0375
23.10000000000008	8.52157
23.200000000000081	15.1944
23.300000000000082	10.1938
23.400000000000084	6.4964
23.500000000000085	8.41368
23.600000000000087	5.95662
23.700000000000088	10.4799
23.80000000000009	10.2531
23.900000000000091	8.36514
24.000000000000092	13.3834
24.100000000000094	7.96575
24.200000000000095	6.81897
24.300000000000097	6.81897
24.400000000000098	8.24844
24.500000000000099	6.97749
24.600000000000101	22.8007
24.700000000000102	16.2036
24.800000000000104	7.11954
24.900000000000105	8.41951
25.000000000000107	8.32004
25.100000000000108	16.274
25.200000000000109	19.1754
25.300000000000111	3.08338
25.400000000000112	11.2179
25.500000000000114	6.55693
25.600000000000115	6.19345
25.700000000000117	14.2773
25.800000000000118	9.94233
25.900000000000119	10.006
26.000000000000121	6.0202
26.100000000000122	13.1838
26.200000000000124	6.96112
26.300000000000125	15.2523
26.400000000000126	18.6653
26.500000000000128	12.3238
26.600000000000129	10.1612
26.700000000000131	8.00866
26.800000000000132	11.0587
26.900000000000134	11.0587
27.000000000000135	1
27.100000000000136	9.54979
27.200000000000138	12.4379
27.300000000000139	28.7322
27.400000000000141	7.06896
27.500000000000142	14.678
27.600000000000144	12.9423
27.700000000000145	13.1549
27.800000000000146	12.2176
27.900000000000148	7.39141
28.000000000000149	6.26826
28.100000000000151	5.53683
28.200000000000152	7.98273
28.300000000000153	10.3222
28.400000000000155	12.8799
28.500000000000156	4.59823
28.600000000000158	2.86934
28.700000000000159	4.93706
28.800000000000161	4.93706
28.900000000000162	6.09735
29.000000000000163	6.36696
29.100000000000165	10.5563
29.200000000000166	12.0128
29.300000000000168	19.0838
29.400000000000169	15.6955
29.500000000000171	12.1059
29.600000000000172	14.2702
29.700000000000173	7.79747
29.800000000000175	6.39891
29.900000000000176	14.2166
30.000000000000178	9.10386
30.100000000000179	10.009
30.20000000000018	7.76454
30.300000000000182	5.96567
30.400000000000183	9.88425
30.500000000000185	7.37496
30.600000000000186	7.62663
30.700000000000188	12.536
30.800000000000189	7.95914
30.90000000000019	7.95914
31.000000000000192	4.25018
31.100000000000193	4.25018
31.200000000000195	2.9
31.300000000000196	18.1183
31.400000000000198	22.9104
31.500000000000199	12.0629
31.6000000000002	8.56633
31.700000000000202	6.17283
31.800000000000203	6.79779
31.900000000000205	12.3524
32.000000000000206	7.07025
32.100000000000207	12.1875
32.200000000000209	12.1875
32.30000000000021	5.30506
32.400000000000212	8.47516
32.500000000000213	24.5131
32.600000000000215	25.1261
32.700000000000216	6.99817
32.800000000000217	9.02009
32.900000000000219	9.17148
33.00000000000022	5.27397
33.100000000000222	8.98644
33.200000000000223	2.33336
33.300000000000225	2.33336
33.400000000000226	4.33944
33.500000000000227	11.3569
33.600000000000229	12.3063
33.70000000000023	16.11
33.800000000000232	10.2491
33.900000000000233	8.3766
34.000000000000234	7.73234
34.100000000000236	18.1248
34.200000000000237	9.48387
34.300000000000239	11.1792
34.40000000000024	17.3315
34.500000000000242	4.84289
34.600000000000243	8.33456
34.700000000000244	10.8329
34.800000000000246	13.9988
34.900000000000247	9.96974
35.000000000000249	6.73171
35.10000000000025	12.0907
35.200000000000252	6.32933
35.300000000000253	6.32933
35.400000000000254	7.343
35.500000000000256	8.27741
35.600000000000257	13.2278
35.700000000000259	12.8079
35.80000000000026	21.0287
35.900000000000261	8.86161
36.000000000000263	6.76433
36.100000000000264	21.2345
36.200000000000266	4.46295
36.300000000000267	11.6067
36.400000000000269	11.8638
36.50000000000027	7.79491
36.600000000000271	11.3467
36.700000000000273	5.43294
36.800000000000274	3.53349
36.900000000000276	11.6531
37.000000000000277	8.137
37.100000000000279	5.97588
37.20000000000028	5.97588
37.300000000000281	2.9
37.400000000000283	2.89811
37.500000000000284	8.81424
37.600000000000286	8.83143
37.700000000000287	4.79265
37.800000000000288	19.4005
37.90000000000029	6.71328
38.000000000000291	9.67124
38.100000000000293	7.17617
38.200000000000294	7.17617
38.300000000000296	7.61288
38.400000000000297	12.7407
38.500000000000298	5.53252
38.6000000000003	14.783
38.700000000000301	12.5231
38.800000000000303	7.79591
38.900000000000304	8.59931
39.000000000000306	7.47293
39.100000000000307	3.36689
39.200000000000308	5.59857
39.30000000000031	8.48591
39.400000000000311	10.6034
39.500000000000313	7.70454
39.600000000000314	10.8253
39.700000000000315	7.57596
39.800000000000317	5.70231
39.900000000000318	7.20837
40.00000000000032	7.20837
40.100000000000321	1
40.200000000000323	1
40.300000000000324	1
40.400000000000325	1
40.500000000000327	1
40.600000000000328	7.41742
40.70000000000033	2.86618
40.800000000000331	5.38055
40.900000000000333	5.56641
41.000000000000334	5.56641
41.100000000000335	8.73913
41.200000000000337	6.34202
41.300000000000338	8.74382
41.40000000000034	3.48321
41.500000000000341	3.48321
41.600000000000342	4.48323
41.700000000000344	9.32475
41.800000000000345	16.8031
41.900000000000347	19.9679
42.000000000000348	12.1189
42.10000000000035	10.855
42.200000000000351	5.41813
42.300000000000352	7.3425
42.400000000000354	14.0626
42.500000000000355	6.74559
42.600000000000357	12.9502
42.700000000000358	8.58705
42.80000000000036	10.8405
42.900000000000361