10	20.8578
10.1	21.8425
10.199999999999999	23.7314
10.299999999999999	26.595
10.399999999999999	28.5195
10.499999999999998	31.4239
10.599999999999998	16.1515
10.699999999999998	19.0535
10.799999999999997	21.0032
10.899999999999997	23.8592
10.999999999999996	25.7554
11.099999999999996	27.6661
11.199999999999996	30.5206
11.299999999999995	32.4587
11.399999999999995	35.3788
11.499999999999995	18.4506
11.599999999999994	18.4506
11.699999999999994	18.4506
11.799999999999994	3
11.899999999999993	9.64727
11.999999999999993	4.82364
12.099999999999993	5.6054
12.199999999999992	7.32747
12.299999999999992	10.1002
12.399999999999991	11.4078
12.499999999999991	13.2774
12.599999999999991	16.1396
12.69999999999999	18.072
12.79999999999999	20.994
12.89999999999999	22.8656
12.999999999999989	25.709
13.099999999999989	27.6229
13.199999999999989	29.4803
13.299999999999988	16.4128
13.399999999999988	9.02445
13.499999999999988	11.7348
13.599999999999987	13.5591
13.699999999999987	16.3719
13.799999999999986	8.63452
13.899999999999986	10.4281
13.999999999999986	13.2281
14.099999999999985	15.1367
14.199999999999985	18.0359
14.299999999999985	19.9849
14.399999999999984	22.7932
14.499999999999984	24.6903
14.599999999999984	13.5065
14.699999999999983	13.6541
14.799999999999983	15.5101
14.899999999999983	18.3503
14.999999999999982	20.269
15.099999999999982	23.1725
15.199999999999982	25.1206
15.299999999999981	28.0206
15.399999999999981	29.8868
15.49999999999998	14.9434
15.59999999999998	16.6557
15.69999999999998	18.5343
15.799999999999979	21.3931
15.899999999999979	23.3185
15.999999999999979	12.8655
16.09999999999998	14.6852
16.199999999999982	16.5461
16.299999999999983	19.389
16.399999999999984	21.3079
16.499999999999986	12.0015
16.599999999999987	12.0015
16.699999999999989	14.1493
16.79999999999999	16.0726
16.899999999999991	18.0123
16.999999999999993	20.8468
17.099999999999994	22.7305
17.199999999999996	25.589
17.299999999999997	27.5112
17.399999999999999	30.4133
17.5	32.3578
17.600000000000001	17.1398
17.700000000000003	18.8113
17.800000000000004	20.6387
17.900000000000006	23.4965
18.000000000000007	25.4198
18.100000000000009	28.3245
18.20000000000001	30.2711
18.300000000000011	33.2029
18.400000000000013	35.1638
18.500000000000014	17.9479
18.600000000000016	20.0059
18.700000000000017	21.7789
18.800000000000018	10.8895
18.90000000000002	12.5188
19.000000000000021	15.3272
19.100000000000023	17.2349
19.200000000000024	19.1611
19.300000000000026	10.6213
19.400000000000027	11.6147
19.500000000000028	14.3916
19.60000000000003	16.2862
19.700000000000031	9.47884
19.800000000000033	10.4857
19.900000000000034	12.3334
20.000000000000036	15.1763
20.100000000000037	17.1009
20.200000000000038	20.0149
20.30000000000004	21.9246
20.400000000000041	24.755
20.500000000000043	26.6624
20.600000000000044	28.5824
20.700000000000045	15.207
20.800000000000047	16.1653
20.900000000000048	19.0652
21.00000000000005	21.0138
21.100000000000051	23.8685
21.200000000000053	25.7251
21.300000000000054	14.5454
21.400000000000055	16.4222
21.500000000000057	18.2701
21.600000000000058	10.0738
21.70000000000006	11.9856
21.800000000000061	14.6922
21.900000000000063	16.5523
22.000000000000064	19.3943
22.100000000000065	21.2657
22.200000000000067	11.3633
22.300000000000068	6.69494
22.40000000000007	7.80882
22.500000000000071	10.4533
22.600000000000072	12.3059
22.700000000000074	15.154
22.800000000000075	17.0811
22.900000000000077	19.0229
23.000000000000078	21.8635
23.10000000000008	23.7507
23.200000000000081	26.6122
23.300000000000082	28.5355
23.400000000000084	31.3428
23.500000000000085	15.909
23.600000000000087	17.0048
23.700000000000088	19.8322
23.80000000000009	10.0166
23.900000000000091	10.0166
24.000000000000092	11.4221
24.100000000000094	14.2367
24.200000000000095	15.7093
24.300000000000097	17.5754
24.400000000000098	9.15063
24.500000000000099	9.15063
24.600000000000101	11.6609
24.700000000000102	13.4953
24.800000000000104	16.3192
24.900000000000105	18.2325
25.000000000000107	21.1323
25.100000000000108	23.0795
25.200000000000109	11.9027
25.300000000000111	6.32252
25.400000000000112	8.13813
25.500000000000114	10.9786
25.600000000000115	6.17756
25.700000000000117	6.17756
25.800000000000118	6.17756
25.900000000000119	3.33333
26.000000000000121	5.62582
26.100000000000122	5.62582
26.200000000000124	2.81291
26.300000000000125	3.48403
26.400000000000126	6.05856
26.500000000000128	7.80786
26.600000000000129	9.54805
26.700000000000131	12.2235
26.800000000000132	6.23364
26.900000000000134	8.31561
27.000000000000135	10.1662
27.100000000000136	5.46407
27.200000000000138	7.07944
27.300000000000139	8.96417
27.400000000000141	5.54626
27.500000000000142	7.28264
27.600000000000144	10.0679
27.700000000000145	5.77714
27.800000000000146	7.041
27.900000000000148	8.82059
28.000000000000149	5.49226
28.100000000000151	7.2419
28.200000000000152	9.09255
28.300000000000153	5.26359
28.400000000000155	5.26359
28.500000000000156	8.00814
28.600000000000158	9.81504
28.700000000000159	12.5132
28.800000000000161	6.45388
28.900000000000162	7.60383
29.000000000000163	10.3016
29.100000000000165	12.1775
29.200000000000166	15.0501
29.300000000000168	8.34578
29.400000000000169	10.289
29.500000000000171	12.1668
29.600000000000172	14.0775
29.700000000000173	16.9813
29.800000000000175	18.8273
29.900000000000176	10.6406
30.000000000000178	12.4652
30.100000000000179	15.2835
30.20000000000018	17.0791
30.300000000000182	18.9684
30.400000000000183	21.7701
30.500000000000185	11.2249
30.600000000000186	14.0793
30.700000000000188	16.0111
30.800000000000189	9.44719
30.90000000000019	11.2884
31.000000000000192	13.1751
31.100000000000193	7.37728
31.200000000000195	7.37728
31.300000000000196	5.0384
31.400000000000198	6.75897
31.500000000000199	9.38159
31.6000000000002	11.2337
31.700000000000202	14.0862
31.800000000000203	16.0172
31.900000000000205	8.69819
32.000000000000206	9.78658
32.100000000000207	5.19222
32.200000000000209	6.25689
32.30000000000021	4.00562
32.400000000000212	6.52247
32.500000000000213	8.29368
32.600000000000215	10.1483
32.700000000000216	13.0091
32.800000000000217	14.8786
32.900000000000219	7.80178
33.00000000000022	7.80178
33.100000000000222	2
33.200000000000223	4.16441
33.300000000000225	6.77034
33.400000000000226	8.48916
33.500000000000227	10.3083
33.600000000000229	13.0575
33.70000000000023	14.9879
33.800000000000232	8.49651
33.900000000000233	9.60803
34.000000000000234	12.3518
34.100000000000236	14.2376
34.200000000000237	7.39505
34.300000000000239	9.43036
34.40000000000024	11.2744
34.500000000000242	6.65729
34.600000000000243	6.8075
34.700000000000244	6.8075
34.800000000000246	2
34.900000000000247	5.05378
35.000000000000249	6.77034
35.10000000000025	8.48916
35.200000000000252	11.2405
35.300000000000253	13.1341
35.400000000000254	16.022
35.500000000000256	8.40827
35.600000000000257	11.1797
35.700000000000259	5.76664
35.80000000000026	7.17463
35.900000000000261	9.03926
36.000000000000263	10.6712
36.100000000000264	13.4203
36.200000000000266	6.89442
36.300000000000267	6.89442
36.400000000000269	8.46999
36.50000000000027	11.226
36.600000000000271	6.3274
36.700000000000273	7.36132
36.800000000000274	10.1247
36.900000000000276	12.0284
37.000000000000277	14.795
37.100000000000279	7.79331
37.20000000000028	10.3451
37.300000000000281	12.2142
37.400000000000283	14.1185
37.500000000000284	8.30511
37.600000000000286	10.1576
37.700000000000287	13.0164
37.800000000000288	14.8849
37.90000000000029	17.5991
38.000000000000291	9.48425
38.100000000000293	9.48425
38.200000000000294	11.5824
38.300000000000296	13.3527
38.400000000000297	16.2015
38.500000000000298	18.072
38.6000000000003	20.994
38.700000000000301	22.6898
38.800000000000303	11.6066
38.900000000000304	13.5228
39.000000000000306	15.3947
39.100000000000307	8.5014
39.200000000000308	8.5014
39.30000000000031	4.30951
39.400000000000311	5.3662
39.500000000000313	3.44094
39.600000000000314	5.12351
39.700000000000315	3.18081
39.800000000000317	4.95749
39.900000000000318	6.39021
40.00000000000032	9.12106
40.100000000000321	11.0174
40.200000000000323	13.7698
40.300000000000324	7.17128
40.400000000000325	9.03661
40.500000000000327	5.62314
40.600000000000328	7.34096
40.70000000000033	4.18395
40.800000000000331	5.45684
40.900000000000333	8.01034
41.000000000000334	4.48987
41.100000000000335	2.56392
41.200000000000337	4.37438
41.300000000000338	6.12192
41.40000000000034	3.73949
41.500000000000341	5.32415
41.600000000000342	8.04765
41.700000000000344	4.38323
41.800000000000345	5.60933
41.900000000000347	8.23731
42.000000000000348	10.1024
42.10000000000035	12.9734
42.200000000000351	14.7797
42.300000000000352	7.81985
42.400000000000354	9.55783
42.500000000000355	11.381
42.600000000000357	14.2039
42.700000000000358	16.1207
42.80000000000036	8.42498
42.900000000000361	8.42498
43.000000000000362	5.33631
43.100000000000364	7.12525
43.200000000000365	9.95521
43.300000000000367	11.2797
43.400000000000368	13.1676
43.500000000000369	16.0495
43.600000000000371	17.88
43.700000000000372	20.5386
43.800000000000374	10.2693
43.900000000000375	11.1147
44.000000000000377	13.0268
44.100000000000378	6.95994
44.200000000000379	9.31313
44.300000000000381	5.02021
44.400000000000382	7.45679
44.500000000000384	9.26403
44.600000000000385	12.0867
44.700000000000387	13.8646
44.800000000000388	7.21573
44.900000000000389	8.13559
45.000000000000391	4.54041
45.100000000000392	7.14677
45.200000000000394	9.01725
45.300000000000395	5.70685
45.400000000000396	7.40485
45.500000000000398	9.22241
45.600000000000399	11.9714
45.700000000000401	13.7643
45.800000000000402	16.542
45.900000000000404	18.4322
46.000000000000405	9.9728
46.100000000000406	9.9728
46.200000000000408	11.116
46.300000000000409	6.55675
46.400000000000411	8.32054
46.500000000000412	11.1141
46.600000000000414	13.0262
46.700000000000415	7.17249
46.800000000000416	7.17249
46.900000000000418	3.65596
47.000000000000419	3.65596
47.100000000000421	1
47.200000000000422	2.9
47.300000000000423	5.19763
47.400000000000425	7.02286
47.500000000000426	9.67696
47.600000000000428	11.4811
47.700000000000429	14.2841
47.800000000000431	16.1914
47.900000000000432	18.1183
48.000000000000433	10.1783
48.100000000000435	11.2114
48.200000000000436	6.12102
48.300000000000438	7.98344
48.400000000000439	4.80167
48.500000000000441	6.43064
48.600000000000442	9.14925
48.700000000000443	11.0407
48.800000000000445	5.87281
48.900000000000446	7.39753
49.000000000000448	9.21656
49.100000000000449	12.0505
49.20000000000045	13.9772
49.300000000000452	7.77133
49.400000000000453	9.51829
49.500000000000455	11.3479
49.600000000000456	6.18184
49.700000000000458	6.18184
49.800000000000459	2
49.90000000000046	4.63158
50.000000000000462	7.20419
50.100000000000463	9.06265
50.200000000000465	10.9692
50.300000000000466	13.3612
50.400000000000468	15.253
50.500000000000469	8.46698
50.60000000000047	9.36972
50.700000000000472	12.1678
50.800000000000473	6.60237
50.900000000000475	3.73213
51.000000000000476	5.68867
51.100000000000477	7.39094
51.200000000000479	4.71357
51.30000000000048	5.693
51.400000000000482	8.29401
51.500000000000483	4.3831
51.600000000000485	6.12807
51.700000000000486	7.98882
51.800000000000487	9.6962
51.900000000000489	12.4203
52.00000000000049	14.0851
52.100000000000492	7.85544
52.200000000000493	9.58689
52.300000000000495	12.3354
52.400000000000496	6.78708
52.500000000000497	6.78708
52.600000000000499	9.0751
52.7000000000005	10.9795
52.800000000000502	13.6663
52.900000000000503	15.5208
53.000000000000504	18.3593
53.100000000000506	20.2772
53.200000000000507	22.2093
53.300000000000509	11.825
53.40000000000051	11.825
53.500000000000512	6.51924
53.600000000000513	8.29115
53.700000000000514	5.28019
53.800000000000516	7.08367
53.900000000000517	8.9675
54.000000000000519	11.605
54.10000000000052	13.447
54.200000000000522	7.2612
54.300000000000523	7.6668
54.400000000000524	10.0525
54.500000000000526	5.95275
54.600000000000527	7.59484
54.700000000000529	4.89739
54.80000000000053	6.01613
54.900000000000531	8.39826
55.000000000000533	10.0354
55.100000000000534	6.06011
55.200000000000536	7.13372
55.300000000000537	9.96124
55.400000000000539	5.68681
55.50000000000054	6.67095
55.600000000000541	9.31873
55.700000000000543	11.1813
55.800000000000544	14.0446
55.900000000000546	15.9806
56.000000000000547	8.79597
56.1000000000005