10	1
10.1	1
10.199999999999999	1
10.299999999999999	1
10.399999999999999	1
10.499999999999998	1
10.599999999999998	1
10.699999999999998	1
10.799999999999997	1
10.899999999999997	1
10.999999999999996	1
11.099999999999996	1
11.199999999999996	1
11.299999999999995	1
11.399999999999995	1
11.499999999999995	1
11.599999999999994	1
11.699999999999994	1
11.799999999999994	1
11.899999999999993	1
11.999999999999993	1
12.099999999999993	1
12.199999999999992	1
12.299999999999992	1
12.399999999999991	1
12.499999999999991	1
12.599999999999991	1
12.69999999999999	1
12.79999999999999	1
12.89999999999999	1
12.999999999999989	1
13.099999999999989	1
13.199999999999989	1
13.299999999999988	1
13.399999999999988	1
13.499999999999988	1
13.599999999999987	1
13.699999999999987	1
13.799999999999986	1
13.899999999999986	1
13.999999999999986	1
14.099999999999985	1
14.199999999999985	1
14.299999999999985	1
14.399999999999984	1
14.499999999999984	1
14.599999999999984	1
14.699999999999983	1
14.799999999999983	1
14.899999999999983	1
14.999999999999982	1
15.099999999999982	1
15.199999999999982	1
15.299999999999981	1
15.399999999999981	1
15.49999999999998	1
15.59999999999998	1
15.69999999999998	1
15.799999999999979	1
15.899999999999979	1
15.999999999999979	1
16.09999999999998	15
16.199999999999982	24
16.299999999999983	24
16.399999999999984	2
16.499999999999986	3
16.599999999999987	3
16.699999999999989	3
16.79999999999999	3
16.899999999999991	2.9
16.999999999999993	2.9
17.099999999999994	2.9
17.199999999999996	2.9
17.299999999999997	2.9
17.399999999999999	2.9
17.5	2.9
17.600000000000001	2.9
17.700000000000003	2
17.800000000000004	4.56988
17.900000000000006	7.83782
18.000000000000007	5.47191
18.100000000000009	7.76506
18.20000000000001	12.1138
18.300000000000011	7.09301
18.400000000000013	11.2595
18.500000000000014	7.05691
18.600000000000016	5.48279
18.700000000000017	7.23477
18.800000000000018	6.29708
18.90000000000002	4.84997
19.000000000000021	7.06428
19.100000000000023	5.9904
19.200000000000024	3.74536
19.300000000000026	4.49624
19.400000000000027	4.49624
19.500000000000028	3.24483
19.60000000000003	7.02286
19.700000000000031	4.83848
19.800000000000033	6.76397
19.900000000000034	4.20277
20.000000000000036	3.24446
20.100000000000037	3.24446
20.200000000000038	3.24446
20.30000000000004	4.33944
20.400000000000041	7.44171
20.500000000000043	4.57128
20.600000000000044	5.92974
20.700000000000045	3.91931
20.800000000000047	4.17446
20.900000000000048	4.17446
21.00000000000005	3.55301
21.100000000000051	7.57609
21.200000000000053	11.2157
21.300000000000054	7.9172
21.400000000000055	11.3598
21.500000000000057	7.47195
21.600000000000058	9.49057
21.70000000000006	6.53119
21.800000000000061	10.0544
21.900000000000063	5.22613
22.000000000000064	2.61306
22.100000000000065	3.6299
22.200000000000067	2.81495
22.300000000000068	5.71468
22.40000000000007	3.20732
22.500000000000071	3.03911
22.600000000000072	3.03911
22.700000000000074	3.03911
22.800000000000075	3.55301
22.900000000000077	2.96434
23.000000000000078	4.13958
23.10000000000008	4.13958
23.200000000000081	1
23.300000000000082	5.19763
23.400000000000084	3.65241
23.500000000000085	5.81524
23.600000000000087	3.82837
23.700000000000088	2.49647
23.80000000000009	4.33753
23.900000000000091	3.28778
24.000000000000092	6.11948
24.100000000000094	4.46739
24.200000000000095	5.30405
24.300000000000097	4.14684
24.400000000000098	7.46962
24.500000000000099	4.63716
24.600000000000101	2.62828
24.700000000000102	2.62828
24.800000000000104	1
24.900000000000105	4.33944
25.000000000000107	8.21454
25.100000000000108	6.73602
25.200000000000109	10.5749
25.300000000000111	5.4741
25.400000000000112	8.74295
25.500000000000114	6.11109
25.600000000000115	4.01244
25.700000000000117	4.99971
25.800000000000118	8.21585
25.900000000000119	5.58473
26.000000000000121	9.6822
26.100000000000122	13.4191
26.200000000000124	6.78387
26.300000000000125	6.78387
26.400000000000126	4.16441
26.500000000000128	4.13153
26.600000000000129	7.04365
26.700000000000131	4.76607
26.800000000000132	9.02006
26.900000000000134	5.28015
27.000000000000135	7.89221
27.100000000000136	6.12247
27.200000000000138	4.17728
27.300000000000139	8.00694
27.400000000000141	4.58935
27.500000000000142	4.58935
27.600000000000144	2
27.700000000000145	2.04763
27.800000000000146	5.40565
27.900000000000148	8.4661
28.000000000000149	5.87376
28.100000000000151	8.2976
28.200000000000152	6.48967
28.300000000000153	1.91723
28.400000000000155	2
28.500000000000156	2
28.600000000000158	3.55301
28.700000000000159	7.02286
28.800000000000161	4.57568
28.900000000000162	4.57568
29.000000000000163	2
29.100000000000165	4.78871
29.200000000000166	2.78778
29.300000000000168	2.78778
29.400000000000169	2.9
29.500000000000171	2.9
29.600000000000172	1
29.700000000000173	3.83446
29.800000000000175	2.91723
29.900000000000176	2.17528
30.000000000000178	4.85613
30.100000000000179	2.42807
30.20000000000018	2.42807
30.300000000000182	3.55301
30.400000000000183	7.16526
30.500000000000185	3.65241
30.600000000000186	7.07214
30.700000000000188	4.08073
30.800000000000189	4.08073
30.90000000000019	2
31.000000000000192	2.28494
31.100000000000193	2.28494
31.200000000000195	1
31.300000000000196	4.09525
31.400000000000198	4.11607
31.500000000000199	6.58953
31.6000000000002	6.12311
31.700000000000202	9.48335
31.800000000000203	4.84654
31.900000000000205	8.72262
32.000000000000206	5.88185
32.100000000000207	3.41865
32.200000000000209	5.10895
32.30000000000021	9.31174
32.400000000000212	5.11868
32.500000000000213	4.65251
32.600000000000215	7.62544
32.700000000000216	2.81272
32.800000000000217	2.95747
32.900000000000219	5.22849
33.00000000000022	3.99268
33.100000000000222	2.68595
33.200000000000223	2.52913
33.300000000000225	2.60537
33.400000000000226	2.60537
33.500000000000227	2
33.600000000000229	3.55301
33.70000000000023	3.55301
33.800000000000232	2.9
33.900000000000233	6.42106
34.000000000000234	5.17698
34.100000000000236	4.07355
34.200000000000237	7.01049
34.300000000000239	2.67972
34.40000000000024	5.08414
34.500000000000242	9.29834
34.600000000000243	2.43213
34.700000000000244	2.43213
34.800000000000246	1
34.900000000000247	2.5
35.000000000000249	2.5
35.10000000000025	2.5
35.200000000000252	2.5
35.300000000000253	3.55301
35.400000000000254	3.13068
35.500000000000256	4.00733
35.600000000000257	2.50275
35.700000000000259	2.50275
35.80000000000026	1
35.900000000000261	1
36.000000000000263	1
36.100000000000264	1
36.200000000000266	3.55301
36.300000000000267	2.93032
36.400000000000269	2.29421
36.50000000000027	3.71179
36.600000000000271	2.8559
36.700000000000273	2.8559
36.800000000000274	2
36.900000000000276	2.9
37.000000000000277	2.9
37.100000000000279	2.9
37.20000000000028	6.5768
37.300000000000281	3.72086
37.400000000000283	6.8164
37.500000000000284	7.24743
37.600000000000286	7.24743
37.700000000000287	3.90856
37.800000000000288	3.57109
37.90000000000029	3.85112
38.000000000000291	3.85112
38.100000000000293	1
38.200000000000294	1
38.300000000000296	1
38.400000000000297	1
38.500000000000298	3.55301
38.6000000000003	2.28494
38.700000000000301	2.28494
38.800000000000303	1
38.900000000000304	3.83446
39.000000000000306	2.91723
39.100000000000307	5.93671
39.200000000000308	4.57387
39.30000000000031	4.7925
39.400000000000311	4.7925
39.500000000000313	2.9
39.600000000000314	2.5
39.700000000000315	5.19763
39.800000000000317	5.92867
39.900000000000318	5.92867
40.00000000000032	4.33944
40.100000000000321	2.59882
40.200000000000323	3.62009
40.300000000000324	3.62009
40.400000000000325	2.5
40.500000000000327	2.16972
40.600000000000328	2.16972
40.70000000000033	1
40.800000000000331	3.24483
40.900000000000333	4.16703
41.000000000000334	7.20567
41.100000000000335	11.2414
41.200000000000337	6.86604
41.300000000000338	6.86604
41.40000000000034	1
41.500000000000341	4.84749
41.600000000000342	5.80357
41.700000000000344	5.80357
41.800000000000345	2
41.900000000000347	2
42.000000000000348	2
42.10000000000035	2
42.200000000000351	2
42.300000000000352	2.62241
42.400000000000354	5.97768
42.500000000000355	3.95294
42.600000000000357	2.9165
42.700000000000358	6.10482
42.80000000000036	9.47164
42.900000000000361	6.3795
43.000000000000362	10.0577
43.100000000000364	6.