10	1
10.1	1
10.199999999999999	1
10.299999999999999	1
10.399999999999999	1
10.499999999999998	1
10.599999999999998	1
10.699999999999998	1
10.799999999999997	1
10.899999999999997	1
10.999999999999996	1
11.099999999999996	1
11.199999999999996	1
11.299999999999995	1
11.399999999999995	1
11.499999999999995	1
11.599999999999994	1
11.699999999999994	1
11.799999999999994	1
11.899999999999993	1
11.999999999999993	1
12.099999999999993	1
12.199999999999992	1
12.299999999999992	1
12.399999999999991	1
12.499999999999991	1
12.599999999999991	1
12.69999999999999	1
12.79999999999999	1
12.89999999999999	1
12.999999999999989	1
13.099999999999989	1
13.199999999999989	1
13.299999999999988	1
13.399999999999988	1
13.499999999999988	1
13.599999999999987	1
13.699999999999987	1
13.799999999999986	1
13.899999999999986	1
13.999999999999986	1
14.099999999999985	1
14.199999999999985	1
14.299999999999985	1
14.399999999999984	1
14.499999999999984	1
14.599999999999984	1
14.699999999999983	1
14.799999999999983	1
14.899999999999983	1
14.999999999999982	1
15.099999999999982	1
15.199999999999982	1
15.299999999999981	1
15.399999999999981	1
15.49999999999998	1
15.59999999999998	1
15.69999999999998	1
15.799999999999979	1
15.899999999999979	1
15.999999999999979	1
16.09999999999998	1
16.199999999999982	1
16.299999999999983	1
16.399999999999984	1
16.499999999999986	1
16.599999999999987	1
16.699999999999989	1
16.79999999999999	1
16.899999999999991	1
16.999999999999993	1
17.099999999999994	1
17.199999999999996	1
17.299999999999997	1
17.399999999999999	1
17.5	1
17.600000000000001	1
17.700000000000003	1
17.800000000000004	1
17.900000000000006	1
18.000000000000007	1
18.100000000000009	1
18.20000000000001	1
18.300000000000011	1
18.400000000000013	1
18.500000000000014	1
18.600000000000016	1
18.700000000000017	1
18.800000000000018	1
18.90000000000002	1
19.000000000000021	1
19.100000000000023	1
19.200000000000024	1
19.300000000000026	1
19.400000000000027	1
19.500000000000028	1
19.60000000000003	1
19.700000000000031	1
19.800000000000033	1
19.900000000000034	1
20.000000000000036	1
20.100000000000037	1
20.200000000000038	1
20.30000000000004	1
20.400000000000041	1
20.500000000000043	1
20.600000000000044	1
20.700000000000045	1
20.800000000000047	1
20.900000000000048	1
21.00000000000005	1
21.100000000000051	1
21.200000000000053	1
21.300000000000054	1
21.400000000000055	1
21.500000000000057	1
21.600000000000058	1
21.70000000000006	1
21.800000000000061	1
21.900000000000063	1
22.000000000000064	1
22.100000000000065	1
22.200000000000067	1
22.300000000000068	1
22.40000000000007	1
22.500000000000071	1
22.600000000000072	1
22.700000000000074	1
22.800000000000075	1
22.900000000000077	1
23.000000000000078	1
23.10000000000008	1
23.200000000000081	1
23.300000000000082	1
23.400000000000084	1
23.500000000000085	1
23.600000000000087	1
23.700000000000088	1
23.80000000000009	1
23.900000000000091	1
24.000000000000092	1
24.100000000000094	1
24.200000000000095	1
24.300000000000097	1
24.400000000000098	1
24.500000000000099	1
24.600000000000101	1
24.700000000000102	1
24.800000000000104	1
24.900000000000105	1
25.000000000000107	1
25.100000000000108	1
25.200000000000109	1
25.300000000000111	1
25.400000000000112	1
25.500000000000114	1
25.600000000000115	1
25.700000000000117	1
25.800000000000118	1
25.900000000000119	1
26.000000000000121	1
26.100000000000122	1
26.200000000000124	1
26.300000000000125	1
26.400000000000126	1
26.500000000000128	1
26.600000000000129	1
26.700000000000131	1
26.800000000000132	1
26.900000000000134	1
27.000000000000135	1
27.100000000000136	1
27.200000000000138	1
27.300000000000139	1
27.400000000000141	1
27.500000000000142	1
27.600000000000144	1
27.700000000000145	1
27.800000000000146	1
27.900000000000148	1
28.000000000000149	2
28.100000000000151	2
28.200000000000152	22.3186
28.300000000000153	30.3007
28.400000000000155	17.2646
28.500000000000156	43.418
28.600000000000158	37.8369
28.700000000000159	22.5092
28.800000000000161	12.0568
28.900000000000162	14.5453
29.000000000000163	21.6471
29.100000000000165	16.2352
29.200000000000166	34.6485
29.300000000000168	34.7825
29.400000000000169	80.8373
29.500000000000171	27.0557
29.600000000000172	38.0364
29.700000000000173	61.0554
29.800000000000175	16.325
29.900000000000176	15.5205
30.000000000000178	14.4406
30.100000000000179	23.5386
30.20000000000018	16.1358
30.300000000000182	23.6791
30.400000000000183	18.4453
30.500000000000185	37.2312
30.600000000000186	22.3491
30.700000000000188	25.2552
30.800000000000189	24.0267
30.90000000000019	30.9608
31.000000000000192	77.0291
31.100000000000193	29.7475
31.200000000000195	31.1534
31.300000000000196	17.4956
31.400000000000198	14.224
31.500000000000199	23.7414
31.6000000000002	24.3661
31.700000000000202	38.08
31.800000000000203	57.4497
31.900000000000205	21.999
32.000000000000206	12.4886
32.100000000000207	20.0661
32.200000000000209	32.0972
32.30000000000021	20.9839
32.400000000000212	31.0988
32.500000000000213	27.5275
32.600000000000215	18.3712
32.700000000000216	35.2448
32.800000000000217	16.9046
32.900000000000219	23.326
33.00000000000022	16.0452
33.100000000000222	22.0404
33.200000000000223	13.9757
33.300000000000225	28.9255
33.400000000000226	23.9364
33.500000000000227	20.7151
33.600000000000229	22.3135
33.70000000000023	40.4842
33.800000000000232	24.117
33.900000000000233	21.3552
34.000000000000234	20.8596
34.100000000000236	41.3887
34.200000000000237	16.2174
34.300000000000239	16.2174
34.40000000000024	4
34.500000000000242	20.5039
34.600000000000243	45.6354
34.700000000000244	38.8844
34.800000000000246	16.8001
34.900000000000247	40.4813
35.000000000000249	58.9197
35.10000000000025	97.847
35.200000000000252	125.707
35.300000000000253	10.7114
35.400000000000254	38.3834
35.500000000000256	8.95786
35.600000000000257	25.4215
35.700000000000259	27.5201
35.80000000000026	37.7557
35.900000000000261	46.8966
36.000000000000263	18.4436
36.100000000000264	39.494
36.200000000000266	84.1221
36.300000000000267	16.3557
36.400000000000269	16.3557
36.50000000000027	8.72279
36.600000000000271	27.8751
36.700000000000273	51.188
36.800000000000274	93.3318
36.900000000000276	9.34178
37.000000000000277	22.2705
37.100000000000279	34.2672
37.20000000000028	34.698
37.300000000000281	25.8227
37.400000000000283	18.3305
37.500000000000284	30.1667
37.600000000000286	55.1138
37.700000000000287	25.1458
37.800000000000288	15.3394
37.90000000000029	19.5434
38.000000000000291	21.6354
38.100000000000293	15.8102
38.200000000000294	27.129
38.300000000000296	42.6449
38.400000000000297	20.0689
38.500000000000298	31.9986
38.6000000000003	29.0249
38.700000000000301	20.557
38.800000000000303	15.2999
38.900000000000304	17.5622
39.000000000000306	30.198
39.100000000000307	54.2079
39.200000000000308	13.9846
39.30000000000031	13.0258
39.400000000000311	33.6839
39.500000000000313	29.519
39.600000000000314	75.8176
39.700000000000315	16.279
39.800000000000317	19.5497
39.900000000000318	16.3402
40.00000000000032	40.0138
40.100000000000321	32.813
40.200000000000323	9.68103
40.300000000000324	37.002
40.400000000000325	16.2943
40.500000000000327	16.2943
40.600000000000328	12.7463
40.70000000000033	11.1611
40.800000000000331	12.4729
40.900000000000333	22.2685
41.000000000000334	20.1573
41.100000000000335	18.5207
41.200000000000337	11.0028
41.300000000000338	35.6675
41.40000000000034	61.4874
41.500000000000341	9.74956
41.600000000000342	14.5555
41.700000000000344	10.9754
41.800000000000345	38.1472
41.900000000000347	16.2943
42.000000000000348	21.3789
42.10000000000035	17.7329
42.200000000000351	33.5136
42.300000000000352	28.5858
42.400000000000354	38.8414
42.500000000000355	27.0361
42.600000000000357	16.7273
42.700000000000358	42.0342
42.80000000000036	85.9511
42.900000000000361	8.52274
43.000000000000362	34.1812
43.100000000000364	18.7609
43.200000000000365	65.5685
43.300000000000367	8.71837
43.400000000000368	17.3801
43.500000000000369	31.0563
43.600000000000371	37.9825
43.700000000000372	16.7407
43.800000000000374	26.1362
43.900000000000375	19.9216
44.000000000000377	26.4249
44.100000000000378	26.1422
44.200000000000379	26.5272
44.300000000000381	28.2105
44.400000000000382	12.1654
44.500000000000384	36.9997
44.600000000000385	82.5093
44.700000000000387	23.