10	1
10.1	1
10.199999999999999	1
10.299999999999999	1
10.399999999999999	1
10.499999999999998	1
10.599999999999998	1
10.699999999999998	1
10.799999999999997	1
10.899999999999997	1
10.999999999999996	1
11.099999999999996	1
11.199999999999996	1
11.299999999999995	1
11.399999999999995	1
11.499999999999995	1
11.599999999999994	1
11.699999999999994	1
11.799999999999994	1
11.899999999999993	1
11.999999999999993	1
12.099999999999993	1
12.199999999999992	1
12.299999999999992	1
12.399999999999991	1
12.499999999999991	1
12.599999999999991	1
12.69999999999999	1
12.79999999999999	1
12.89999999999999	1
12.999999999999989	1
13.099999999999989	1
13.199999999999989	1
13.299999999999988	1
13.399999999999988	1
13.499999999999988	1
13.599999999999987	1
13.699999999999987	1
13.799999999999986	1
13.899999999999986	1
13.999999999999986	1
14.099999999999985	1
14.199999999999985	1
14.299999999999985	1
14.399999999999984	1
14.499999999999984	1
14.599999999999984	1
14.699999999999983	1
14.799999999999983	1
14.899999999999983	1
14.999999999999982	1
15.099999999999982	1
15.199999999999982	1
15.299999999999981	1
15.399999999999981	1
15.49999999999998	1
15.59999999999998	1
15.69999999999998	1
15.799999999999979	1
15.899999999999979	1
15.999999999999979	1
16.09999999999998	1
16.199999999999982	1
16.299999999999983	1
16.399999999999984	1
16.499999999999986	1
16.599999999999987	1
16.699999999999989	1
16.79999999999999	1
16.899999999999991	1
16.999999999999993	1
17.099999999999994	1
17.199999999999996	1
17.299999999999997	1
17.399999999999999	1
17.5	1
17.600000000000001	1
17.700000000000003	1
17.800000000000004	1
17.900000000000006	1
18.000000000000007	1
18.100000000000009	1
18.20000000000001	1
18.300000000000011	1
18.400000000000013	1
18.500000000000014	1
18.600000000000016	1
18.700000000000017	1
18.800000000000018	1
18.90000000000002	1
19.000000000000021	1
19.100000000000023	1
19.200000000000024	1
19.300000000000026	1
19.400000000000027	1
19.500000000000028	26.5
19.60000000000003	13.714
19.700000000000031	13.714
19.800000000000033	8.0183
19.900000000000034	24.029
20.000000000000036	24.4526
20.100000000000037	20.9959
20.200000000000038	19.0093
20.30000000000004	31.7154
20.400000000000041	27.9892
20.500000000000043	27.2107
20.600000000000044	43.828
20.700000000000045	28.0054
20.800000000000047	20.8441
20.900000000000048	38.2241
21.00000000000005	15.5699
21.100000000000051	18.9772
21.200000000000053	20.6426
21.300000000000054	37.1309
21.400000000000055	11.8981
21.500000000000057	26.0067
21.600000000000058	12.8963
21.70000000000006	26.4393
21.800000000000061	25.6463
21.900000000000063	19.4817
22.000000000000064	15.496
22.100000000000065	15.6111
22.200000000000067	30.0726
22.300000000000068	15.1974
22.40000000000007	17.1832
22.500000000000071	23.5432
22.600000000000072	25.4807
22.700000000000074	14.0465
22.800000000000075	13.4346
22.900000000000077	16.2534
23.000000000000078	19.4586
23.10000000000008	16.41
23.200000000000081	16.41
23.300000000000082	2
23.400000000000084	2
23.500000000000085	2
23.600000000000087	2
23.700000000000088	2
23.80000000000009	18.1183
23.900000000000091	15.0259
24.000000000000092	15.8832
24.100000000000094	32.1711
24.200000000000095	28.5071
24.300000000000097	15.9905
24.400000000000098	15.9905
24.500000000000099	10.837
24.600000000000101	27.0251
24.700000000000102	22.2381
24.800000000000104	38.7697
24.900000000000105	17.2237
25.000000000000107	33.5757
25.100000000000108	26.8181
25.200000000000109	43.3092
25.300000000000111	17.1598
25.400000000000112	34.3097
25.500000000000114	29.0041
25.600000000000115	46.4081
25.700000000000117	63.1507
25.800000000000118	16.3097
25.900000000000119	22.1881
26.000000000000121	39.6597
26.100000000000122	25.9864
26.200000000000124	14.4536
26.300000000000125	31.8072
26.400000000000126	26.0903
26.500000000000128	21.4196
26.600000000000129	8.36403
26.700000000000131	14.6765
26.800000000000132	31.0507
26.900000000000134	28.3378
27.000000000000135	22.1676
27.100000000000136	25.0932
27.200000000000138	27.1774
27.300000000000139	27.9969
27.400000000000141	17.0439
27.500000000000142	33.3342
27.600000000000144	21.2459
27.700000000000145	15.5571
27.800000000000146	22.5294
27.900000000000148	12.87
28.000000000000149	13.7149
28.100000000000151	19.1715
28.200000000000152	35.5832
28.300000000000153	15.4359
28.400000000000155	20.0716
28.500000000000156	36.4619
28.600000000000158	30.0541
28.700000000000159	13.003
28.800000000000161	13.003
28.900000000000162	13.003
29.000000000000163	18.6853
29.100000000000165	35.0396
29.200000000000166	33.235
29.300000000000168	31.0842
29.400000000000169	25.2244
29.500000000000171	24.3015
29.600000000000172	40.436
29.700000000000173	29.7984
29.800000000000175	29.1655
29.900000000000176	18.8343
30.000000000000178	9.05689
30.100000000000179	25.9824
30.20000000000018	11.5448
30.300000000000182	16.4238
30.400000000000183	33.173
30.500000000000185	24.8055
30.600000000000186	25.7761
30.700000000000188	12.1132
30.800000000000189	7.95356
30.90000000000019	14.7866
31.000000000000192	16.0299
31.100000000000193	15.1314
31.200000000000195	18.2155
31.300000000000196	9.02307
31.400000000000198	11.3473
31.500000000000199	13.3834
31.6000000000002	29.697
31.700000000000202	12.4848
31.800000000000203	28.7873
31.900000000000205	11.1307
32.000000000000206	14.9813
32.100000000000207	20.5429
32.200000000000209	11.1207
32.30000000000021	23.1172
32.400000000000212	25.1841
32.500000000000213	41.6982
32.600000000000215	9.20392
32.700000000000216	25.2928
32.800000000000217	41.4996
32.900000000000219	22.1151
33.00000000000022	23.7489
33.100000000000222	21.8587
33.200000000000223	23.1538
33.300000000000225	19.7651
33.400000000000226	17.0029
33.500000000000227	9.00418
33.600000000000229	10.5348
33.70000000000023	25.7658
33.800000000000232	10.2643
33.900000000000233	10.8179
34.000000000000234	16.3681
34.100000000000236	19.1064
34.200000000000237	12.3821
34.300000000000239	10.5957
34.40000000000024	16.0884
34.500000000000242	22.0468
34.600000000000243	21.6597
34.700000000000244	24.1125
34.800000000000246	16.9097
34.900000000000247	19.9778
35.000000000000249	35.7449
35.10000000000025	18.2035
35.200000000000252	34.4965
35.300000000000253	12.2632
35.400000000000254	21.3151
35.500000000000256	20.0891
35.600000000000257	23.6465
35.700000000000259	22.0195
35.80000000000026	39.2612
35.900000000000261	22.2911
36.000000000000263	21.0911
36.100000000000264	24.7474
36.200000000000266	18.158
36.300000000000267	16.6607
36.400000000000269	16.6607
36.50000000000027	3
36.600000000000271	10.0144
36.700000000000273	26.4057
36.800000000000274	14.5547
36.900000000000276	14.5547
37.000000000000277	15.8057
37.100000000000279	19.2387
37.20000000000028	17.6617
37.300000000000281	34.0381
37.400000000000283	28.5767
37.500000000000284	27.5642
37.600000000000286	27.4605
37.700000000000287	7.37464
37.800000000000288	12.0003
37.90000000000029	12.8722
38.000000000000291	27.2111
38.100000000000293	28.2713
38.200000000000294	23.1777
38.300000000000296	25.1805
38.400000000000297	10.2985
38.500000000000298	17.5034
38.6000000000003	34.0152
38.700000000000301	25.4191
38.800000000000303	41.6968
38.900000000000304	29.8215
39.000000000000306	22.1795
39.100000000000307	20.7143
39.200000000000308	16.5647
39.30000000000031	16.5647
39.400000000000311	5
39.500000000000313	6
39.600000000000314	6
39.700000000000315	6
39.800000000000317	6
39.900000000000318	9.81504
40.00000000000032	6.08178
40.100000000000321	9.16648
40.200000000000323	18.1352
40.300000000000324	21.5867
40.400000000000325	38.0335
40.500000000000327	32.181
40.600000000000328	27.2075
40.70000000000033	44.6626
40.800000000000331	29.7533
40.900000000000333	15.4542
41.000000000000334	14.2235
41.100000000000335	16.4768
41.200000000000337	18.8265
41.300000000000338	12.3157
41.40000000000034	12.3157
41.500000000000341	11.342
41.600000000000342	8.6484
41.700000000000344	4.90507
41.800000000000345	13.0189
41.900000000000347	29.1942
42.000000000000348	11.3908
42.10000000000035	28.296
42.200000000000351	22.4005
42.300000000000352	22.9229
42.400000000000354	20.1395
42.500000000000355	37.4729
42.600000000000357	29.5695
42.700000000000358	22.8961
42.80000000000036	14.3446
42.900000000000361	15.9791
43.000000000000362	16.0782
4