10	1
10.1	1
10.199999999999999	1
10.299999999999999	1
10.399999999999999	1
10.499999999999998	1
10.599999999999998	1
10.699999999999998	1
10.799999999999997	1
10.899999999999997	1
10.999999999999996	1
11.099999999999996	1
11.199999999999996	1
11.299999999999995	1
11.399999999999995	1
11.499999999999995	1
11.599999999999994	1
11.699999999999994	1
11.799999999999994	1
11.899999999999993	1
11.999999999999993	1
12.099999999999993	1
12.199999999999992	1
12.299999999999992	1
12.399999999999991	1
12.499999999999991	1
12.599999999999991	1
12.69999999999999	1
12.79999999999999	1
12.89999999999999	1
12.999999999999989	1
13.099999999999989	1
13.199999999999989	1
13.299999999999988	1
13.399999999999988	1
13.499999999999988	1
13.599999999999987	1
13.699999999999987	1
13.799999999999986	1
13.899999999999986	1
13.999999999999986	1
14.099999999999985	1
14.199999999999985	1
14.299999999999985	1
14.399999999999984	1
14.499999999999984	1
14.599999999999984	1
14.699999999999983	1
14.799999999999983	1
14.899999999999983	1
14.999999999999982	1
15.099999999999982	1
15.199999999999982	1
15.299999999999981	1
15.399999999999981	1
15.49999999999998	1
15.59999999999998	1
15.69999999999998	1
15.799999999999979	1
15.899999999999979	1
15.999999999999979	1
16.09999999999998	1
16.199999999999982	1
16.299999999999983	1
16.399999999999984	1
16.499999999999986	1
16.599999999999987	1
16.699999999999989	1
16.79999999999999	1
16.899999999999991	1
16.999999999999993	1
17.099999999999994	3.68099
17.199999999999996	7.61302
17.299999999999997	3.78508
17.399999999999999	3.95546
17.5	3.95546
17.600000000000001	5.58027
17.700000000000003	2.45298
17.800000000000004	2.45298
17.900000000000006	7.96541
18.000000000000007	6.0962
18.100000000000009	3.24051
18.20000000000001	3.24051
18.300000000000011	1
18.400000000000013	4.92127
18.500000000000014	2.48053
18.600000000000016	2.48053
18.700000000000017	3.55301
18.800000000000018	6.18825
18.90000000000002	5.01279
19.000000000000021	2.81256
19.100000000000023	2.81256
19.200000000000024	6.37389
19.300000000000026	3.81045
19.400000000000027	3.28936
19.500000000000028	3.28936
19.60000000000003	11.3933
19.700000000000031	2.74146
19.800000000000033	2.73784
19.900000000000034	2.73784
20.000000000000036	3.24483
20.100000000000037	3.24483
20.200000000000038	2.9
20.30000000000004	2.9
20.400000000000041	2.9
20.500000000000043	2.9
20.600000000000044	2.28494
20.700000000000045	2.57181
20.800000000000047	2.57181
20.900000000000048	2.9
21.00000000000005	4.60684
21.100000000000051	5.22291
21.200000000000053	2.97537
21.300000000000054	2.97537
21.400000000000055	4.58889
21.500000000000057	2.29445
21.600000000000058	2.29445
21.70000000000006	4.23251
21.800000000000061	4.23251
21.900000000000063	1
22.000000000000064	2.5
22.100000000000065	2.5
22.200000000000067	2.5
22.300000000000068	2.5
22.40000000000007	3.11551
22.500000000000071	5.46019
22.600000000000072	5.46019
22.700000000000074	5.82732
22.800000000000075	3.10172
22.900000000000077	3.10172
23.000000000000078	2.5
23.10000000000008	4.99753
23.200000000000081	4.99753
23.300000000000082	2
23.400000000000084	2
23.500000000000085	2
23.600000000000087	2
23.700000000000088	2.9
23.80000000000009	2.9
23.900000000000091	2.9
24.000000000000092	2.9
24.100000000000094	2.9
24.200000000000095	2.9
24.300000000000097	2.9
24.400000000000098	2.9
24.500000000000099	3.21087
24.600000000000101	3.21087
24.700000000000102	1
24.800000000000104	5.13884
24.900000000000105	5.13884
25.000000000000107	3.93475
25.100000000000108	4.15081
25.200000000000109	4.15081
25.300000000000111	1
25.400000000000112	3.35316
25.500000000000114	4.18001
25.600000000000115	4.18001
25.700000000000117	2
25.800000000000118	2
25.900000000000119	2
26.000000000000121	2
26.100000000000122	3.9911
26.200000000000124	3.83516
26.300000000000125	3.83516
26.400000000000126	4.32497
26.500000000000128	4.32497
26.600000000000129	3.55301
26.700000000000131	2.2902
26.800000000000132	2.2902
26.900000000000134	3.55301
27.000000000000135	3.55301
27.100000000000136	2.96434
27.200000000000138	2.98306
27.300000000000139	3.61965
27.400000000000141	3.61965
27.500000000000142	2.75106
27.600000000000144	2.75106
27.700000000000145	1
27.800000000000146	6.72885
27.900000000000148	6.72885
28.000000000000149	5.80357
28.100000000000151	5.80357
28.200000000000152	6.58953
28.300000000000153	2.41088
28.400000000000155	2.41088
28.500000000000156	5.19763
28.600000000000158	5.19763
28.700000000000159	2.5
28.800000000000161	2.5
28.900000000000162	2.5
29.000000000000163	2.5
29.100000000000165	2.87745
29.200000000000166	2.38783
29.300000000000168	2.38783
29.400000000000169	3.27158
29.500000000000171	3.27158
29.600000000000172	1.77651
29.700000000000173	1.77651
29.800000000000175	1
29.900000000000176	2.9
30.000000000000178	2.9
30.100000000000179	7.02543
30.20000000000018	5.03531
30.300000000000182	2.51766
30.400000000000183	2.51766
30.500000000000185	3.60137
30.600000000000186	4.13684
30.700000000000188	4.13684
30.800000000000189	2.5
30.90000000000019	2.5
31.000000000000192	2.5
31.100000000000193	2.5
31.200000000000195	4.56988
31.300000000000196	4.56988
31.400000000000198	2.9
31.500000000000199	2.9
31.6000000000002	2.9
31.700000000000202	2.9
31.800000000000203	4.6883
31.900000000000205	4.6883
32.000000000000206	1
32.100000000000207	2.69501
32.200000000000209	2.69501
32.30000000000021	6.26895
32.400000000000212	3.13447
32.500000000000213	3.13447
32.600000000000215	4.57128
32.700000000000216	4.57128
32.800000000000217	2
32.900000000000219	2
33.00000000000022	2
33.100000000000222	2
33.200000000000223	2.5
33.300000000000225	2.5
33.400000000000226	2.5
33.500000000000227	2.5
33.600000000000229	2.5
33.70000000000023	2.5
33.800000000000232	2.5
33.900000000000233	2.5
34.000000000000234	3.06558
34.100000000000236	4.35113
34.200000000000237	4.35113
34.300000000000239	1
34.40000000000024	1
34.500000000000242	1
34.600000000000243	1
34.700000000000244	4.35902
34.800000000000246	4.35902
34.900000000000247	4.33944
35.000000000000249	5.14123
35.10000000000025	2.57062
35.200000000000252	2.57062
35.300000000000253	2.81711
35.400000000000254	3.17208
35.500000000000256	3.17208
35.600000000000257	6.26135
35.700000000000259	6.26135
35.80000000000026	3.90856
35.900000000000261	3.90856
36.000000000000263	3.90856
36.100000000000264	3.90856
36.200000000000266	4.13958
36.300000000000267	5.16013
36.400000000000269	3.99463
36.50000000000027	5.19634
36.600000000000271	6.44753
36.700000000000273	3.4516
36.800000000000274	3.4516
36.900000000000276	2.9
37.000000000000277	6.42106
37.100000000000279	6.42106
37.20000000000028	3.63333
37.300000000000281	3.63333
37.400000000000283	3.63333
37.500000000000284	3.63333
37.600000000000286	3.55301
37.700000000000287	3.55301
37.800000000000288	4.56988
37.90000000000029	4.56988
38.000000000000291	3.24483
38.100000000000293	3.24483
38.200000000000294	3.24483
38.300000000000296	3.24483
38.400000000000297	2
38.500000000000298	2
38.6000000000003	2
38.700000000000301	2
38.800000000000303	2
38.900000000000304	2
39.000000000000306	2
39.100000000000307	2
39.200000000000308	2.9
39.30000000000031	4.35083
39.400000000000311	3.58602
39.500000000000313	3.58602
39.600000000000314	2.9
39.700000000000315	2.9
39.800000000000317	2.9
39.900000000000318	2.9
40.00000000000032	2.5
40.100000000000321	2.5
40.200000000000323	2.5
40.300000000000324	2.5
40.400000000000325	2.5
40.500000000000327	2.5
40.600000000000328	2.5
40.70000000000033	2.5
40.800000000000331	1
40.900000000000333	1
41.000000000000334	1
41.100000000000335	1
41.200000000000337	1
41.300000000000338	1
41.40000000000034	1
41.500000000000341	1
41.600000000000342	1
41.700000000000344	1
41.800000000000345	1
41.900000000000347	1
42.000000000000348	1
42.10000000000035	1
42.200000000000351	1
42.300000000000352	1
42.400000000000354	3.55301
42.500000000000355	3.55301
42.600000000000357	1
42.700000000000358	1
42.80000000000036	1
42.900000000000361	1
43.000000000000362	4.91876
43.100000000000364	2.38453
43.200000000000365	2.38453
43.300000000000367	4.09525
43.400000000000368	4.09525
43.500000000000369	3.2884
43.600000000000371	3.2884
43.700000000000372	3.55301
43.800000000000374	2.49877
43.900000000000375	2.49877
44.000000000000377	2.16972
44.100000000000378	2.1697