10	1
10.1	1
10.199999999999999	1
10.299999999999999	1
10.399999999999999	1
10.499999999999998	1
10.599999999999998	1
10.699999999999998	1
10.799999999999997	1
10.899999999999997	1
10.999999999999996	1
11.099999999999996	1
11.199999999999996	1
11.299999999999995	1
11.399999999999995	1
11.499999999999995	1
11.599999999999994	1
11.699999999999994	1
11.799999999999994	1
11.899999999999993	1
11.999999999999993	1
12.099999999999993	1
12.199999999999992	1
12.299999999999992	1
12.399999999999991	1
12.499999999999991	1
12.599999999999991	1
12.69999999999999	1
12.79999999999999	1
12.89999999999999	1
12.999999999999989	1
13.099999999999989	1
13.199999999999989	1
13.299999999999988	1
13.399999999999988	1
13.499999999999988	1
13.599999999999987	1
13.699999999999987	1
13.799999999999986	1
13.899999999999986	1
13.999999999999986	1
14.099999999999985	1
14.199999999999985	1
14.299999999999985	1
14.399999999999984	1
14.499999999999984	1
14.599999999999984	1
14.699999999999983	1
14.799999999999983	1
14.899999999999983	1
14.999999999999982	1
15.099999999999982	1
15.199999999999982	1
15.299999999999981	1
15.399999999999981	1
15.49999999999998	1
15.59999999999998	1
15.69999999999998	1
15.799999999999979	1
15.899999999999979	1
15.999999999999979	1
16.09999999999998	1
16.199999999999982	1
16.299999999999983	1
16.399999999999984	1
16.499999999999986	1
16.599999999999987	1
16.699999999999989	1
16.79999999999999	1
16.899999999999991	1
16.999999999999993	1
17.099999999999994	1
17.199999999999996	1
17.299999999999997	1
17.399999999999999	1
17.5	1
17.600000000000001	1
17.700000000000003	1
17.800000000000004	1
17.900000000000006	1
18.000000000000007	1
18.100000000000009	1
18.20000000000001	1
18.300000000000011	1
18.400000000000013	1
18.500000000000014	1
18.600000000000016	1
18.700000000000017	1
18.800000000000018	1
18.90000000000002	1
19.000000000000021	1
19.100000000000023	1
19.200000000000024	1
19.300000000000026	1
19.400000000000027	1
19.500000000000028	1
19.60000000000003	1
19.700000000000031	1
19.800000000000033	1
19.900000000000034	1
20.000000000000036	1
20.100000000000037	1
20.200000000000038	1
20.30000000000004	1
20.400000000000041	1
20.500000000000043	1
20.600000000000044	1
20.700000000000045	1
20.800000000000047	1
20.900000000000048	1
21.00000000000005	1
21.100000000000051	1
21.200000000000053	1
21.300000000000054	1
21.400000000000055	1
21.500000000000057	1
21.600000000000058	1
21.70000000000006	1
21.800000000000061	1
21.900000000000063	1
22.000000000000064	1
22.100000000000065	1
22.200000000000067	1
22.300000000000068	1
22.40000000000007	1
22.500000000000071	1
22.600000000000072	1
22.700000000000074	1
22.800000000000075	1
22.900000000000077	1
23.000000000000078	1
23.10000000000008	1
23.200000000000081	1
23.300000000000082	1
23.400000000000084	1
23.500000000000085	1
23.600000000000087	1
23.700000000000088	1
23.80000000000009	1
23.900000000000091	1
24.000000000000092	1
24.100000000000094	1
24.200000000000095	1
24.300000000000097	1
24.400000000000098	1
24.500000000000099	1
24.600000000000101	1
24.700000000000102	1
24.800000000000104	1
24.900000000000105	1
25.000000000000107	1
25.100000000000108	1
25.200000000000109	1
25.300000000000111	1
25.400000000000112	1
25.500000000000114	1
25.600000000000115	1
25.700000000000117	1
25.800000000000118	1
25.900000000000119	1
26.000000000000121	1
26.100000000000122	1
26.200000000000124	1
26.300000000000125	1
26.400000000000126	1
26.500000000000128	1
26.600000000000129	1
26.700000000000131	1
26.800000000000132	1
26.900000000000134	1
27.000000000000135	1
27.100000000000136	1
27.200000000000138	1
27.300000000000139	1
27.400000000000141	1
27.500000000000142	24.5
27.600000000000144	24.5
27.700000000000145	14.7384
27.800000000000146	21.3446
27.900000000000148	12.6863
28.000000000000149	14.8019
28.100000000000151	9.64577
28.200000000000152	7.44104
28.300000000000153	12.0771
28.400000000000155	8.7216
28.500000000000156	14.2323
28.600000000000158	20.9988
28.700000000000159	14.4585
28.800000000000161	10.4573
28.900000000000162	8.04427
29.000000000000163	7.48664
29.100000000000165	6.42958
29.200000000000166	5.0942
29.300000000000168	4.09771
29.400000000000169	10.184
29.500000000000171	16.7993
29.600000000000172	23.4211
29.700000000000173	14.0957
29.800000000000175	11.2077
29.900000000000176	9.01568
30.000000000000178	15.4215
30.100000000000179	10.1508
30.20000000000018	8.25386
30.300000000000182	6.37501
30.400000000000183	5.15008
30.500000000000185	11.372
30.600000000000186	17.0214
30.700000000000188	23.6232
30.800000000000189	7.3596
30.90000000000019	10.9803
31.000000000000192	16.4612
31.100000000000193	22.9195
31.200000000000195	29.5221
31.300000000000196	18.467
31.400000000000198	25.206
31.500000000000199	16.1878
31.6000000000002	10.4439
31.700000000000202	17.0166
31.800000000000203	11.0741
31.900000000000205	9.14176
32.000000000000206	15.624
32.100000000000207	4.97754
32.200000000000209	9.9739
32.30000000000021	15.4245
32.400000000000212	22.1422
32.500000000000213	13.1992
32.600000000000215	19.7642
32.700000000000216	25.3944
32.800000000000217	15.9007
32.900000000000219	11.0845
33.00000000000022	8.32578
33.100000000000222	6.20261
33.200000000000223	5.17471
33.300000000000225	5.0923
33.400000000000226	11.3464
33.500000000000227	10.4545
33.600000000000229	16.1161
33.70000000000023	9.19312
33.800000000000232	6.94492
33.900000000000233	4.31425
34.000000000000234	3.57515
34.100000000000236	9.36816
34.200000000000237	16.0094
34.300000000000239	10.9633
34.40000000000024	8.53599
34.500000000000242	14.1198
34.600000000000243	20.7787
34.700000000000244	27.4597
34.800000000000246	18.7562
34.900000000000247	24.4143
35.000000000000249	31.0854
35.10000000000025	20.2939
35.200000000000252	11.5766
35.300000000000253	17.2167
35.400000000000254	11.2548
35.500000000000256	14.4541
35.600000000000257	21.1022
35.700000000000259	27.0841
35.80000000000026	18.0315
35.900000000000261	11.6339
36.000000000000263	12.3046
36.100000000000264	18.757
36.200000000000266	24.4559
36.300000000000267	31.2464
36.400000000000269	19.5001
36.50000000000027	11.9839
36.600000000000271	16.1218
36.700000000000273	11.9902
36.800000000000274	18.4444
36.900000000000276	11.752
37.000000000000277	14.9784
37.100000000000279	11.4196
37.20000000000028	18.0795
37.300000000000281	12.1157
37.400000000000283	17.9774
37.500000000000284	8.98868
37.600000000000286	13.4611
37.700000000000287	8.66179
37.800000000000288	6.23282
37.90000000000029	8.06901
38.000000000000291	14.4809
38.100000000000293	9.16631
38.200000000000294	15.7023
38.300000000000296	21.2806
38.400000000000297	28.0561
38.500000000000298	18.3316
38.6000000000003	24.9872
38.700000000000301	17.4474
38.800000000000303	10.9389
38.900000000000304	16.7358
39.000000000000306	11.4061
39.100000000000307	11.6671
39.200000000000308	17.2776
39.30000000000031	13
39.400000000000311	19.4269
39.500000000000313	14.2015
39.600000000000314	9.72109
39.700000000000315	13.669
39.800000000000317	8.95981
39.900000000000318	6.49329
40.00000000000032	11.8646
40.100000000000321	18.1437
40.200000000000323	5.78636
40.300000000000324	4.05659
40.400000000000325	8.67341
40.500000000000327	7.0783
40.600000000000328	13.2942
40.70000000000033	8.95873
40.800000000000331	7.99716
40.900000000000333	13.3593
41.000000000000334	5.14522
41.100000000000335	11.3699
41.200000000000337	8.74594
41.300000000000338	14.2472
41.40000000000034	20.7692
41.500000000000341	15.5319
41.600000000000342	22.2171
41.700000000000344	13.0197
41.800000000000345	11.0634
41.900000000000347	8.10528
42.000000000000348	13.1217
42.10000000000035	9.47521
42.200000000000351	15.1079
42.300000000000352	7.71799
42.400000000000354	14.0059
42.500000000000355	8.83914
42.600000000000357	7.09064
42.700000000000358	13.3759
42.80000000000036	20.0829
42.900000000000361	13.3788
43.000000000000362	9.32192
43.100000000000364	15.9825
43.200000000000365	22.534
43.300000000000367	29.2924
43.400000000000368	17.0455
43.500000000000369	19.4598
43.600000000000371	26.2103
43.700000000000372	14.0924
43.800000000000374	10.5208
43.900000000000375	16.1592
44.000000000000377	11.1347
44.100000000000378	9.45279
44.200000000000379	15.9963
44.300000000000381	21.4984
44.400000000000382	14.0101
44.500000000000384	11.2009
44.60000