10	1
10.1	1
10.199999999999999	1
10.299999999999999	1
10.399999999999999	1
10.499999999999998	1
10.599999999999998	1
10.699999999999998	1
10.799999999999997	1
10.899999999999997	1
10.999999999999996	1
11.099999999999996	1
11.199999999999996	1
11.299999999999995	1
11.399999999999995	1
11.499999999999995	1
11.599999999999994	1
11.699999999999994	1
11.799999999999994	1
11.899999999999993	1
11.999999999999993	1
12.099999999999993	1
12.199999999999992	1
12.299999999999992	1
12.399999999999991	1
12.499999999999991	1
12.599999999999991	1
12.69999999999999	1
12.79999999999999	1
12.89999999999999	1
12.999999999999989	1
13.099999999999989	1
13.199999999999989	1
13.299999999999988	1
13.399999999999988	1
13.499999999999988	1
13.599999999999987	1
13.699999999999987	1
13.799999999999986	1
13.899999999999986	1
13.999999999999986	1
14.099999999999985	1
14.199999999999985	1
14.299999999999985	1
14.399999999999984	1
14.499999999999984	1
14.599999999999984	1
14.699999999999983	1
14.799999999999983	1
14.899999999999983	1
14.999999999999982	1
15.099999999999982	1
15.199999999999982	1
15.299999999999981	1
15.399999999999981	1
15.49999999999998	1
15.59999999999998	1
15.69999999999998	1
15.799999999999979	1
15.899999999999979	1
15.999999999999979	1
16.09999999999998	1
16.199999999999982	1
16.299999999999983	1
16.399999999999984	1
16.499999999999986	1
16.599999999999987	1
16.699999999999989	1
16.79999999999999	1
16.899999999999991	1
16.999999999999993	1
17.099999999999994	1
17.199999999999996	1
17.299999999999997	1
17.399999999999999	1
17.5	1
17.600000000000001	1
17.700000000000003	1
17.800000000000004	1
17.900000000000006	1
18.000000000000007	1
18.100000000000009	1
18.20000000000001	1
18.300000000000011	1
18.400000000000013	1
18.500000000000014	1
18.600000000000016	1
18.700000000000017	1
18.800000000000018	1
18.90000000000002	1
19.000000000000021	1
19.100000000000023	1
19.200000000000024	1
19.300000000000026	1
19.400000000000027	1
19.500000000000028	1
19.60000000000003	1
19.700000000000031	1
19.800000000000033	1
19.900000000000034	1
20.000000000000036	1
20.100000000000037	1
20.200000000000038	1
20.30000000000004	1
20.400000000000041	1
20.500000000000043	1
20.600000000000044	1
20.700000000000045	1
20.800000000000047	1
20.900000000000048	1
21.00000000000005	1
21.100000000000051	1
21.200000000000053	1
21.300000000000054	1
21.400000000000055	1
21.500000000000057	1
21.600000000000058	1
21.70000000000006	1
21.800000000000061	1
21.900000000000063	1
22.000000000000064	1
22.100000000000065	4.33944
22.200000000000067	2.87745
22.300000000000068	2.87745
22.40000000000007	2.5
22.500000000000071	3.24483
22.600000000000072	3.24483
22.700000000000074	3.24483
22.800000000000075	3.24483
22.900000000000077	3.24483
23.000000000000078	2.62241
23.10000000000008	2.62241
23.200000000000081	3.55301
23.300000000000082	6.5768
23.400000000000084	6.5768
23.500000000000085	2
23.600000000000087	3.63333
23.700000000000088	3.63333
23.80000000000009	3.63333
23.900000000000091	3.63333
24.000000000000092	3.55301
24.100000000000094	3.21053
24.200000000000095	3.21053
24.300000000000097	1
24.400000000000098	2.04763
24.500000000000099	2.79532
24.600000000000101	2.79532
24.700000000000102	1
24.800000000000104	1
24.900000000000105	1
25.000000000000107	1
25.100000000000108	1
25.200000000000109	5.19763
25.300000000000111	3.4643
25.400000000000112	2.25125
25.500000000000114	2.69545
25.600000000000115	2.69545
25.700000000000117	2.9
25.800000000000118	3.13068
25.900000000000119	4.49178
26.000000000000121	1.24589
26.100000000000122	1.24589
26.200000000000124	2
26.300000000000125	2
26.400000000000126	2
26.500000000000128	2
26.600000000000129	2.9
26.700000000000131	2.69501
26.800000000000132	6.33626
26.900000000000134	4.77645
27.000000000000135	3.76675
27.100000000000136	4.55978
27.200000000000138	3.08636
27.300000000000139	2.92338
27.400000000000141	1.78584
27.500000000000142	6.04674
27.600000000000144	4.87455
27.700000000000145	5.64902
27.800000000000146	3.31946
27.900000000000148	5.04489
28.000000000000149	2.52245
28.100000000000151	5.39974
28.200000000000152	2.69987
28.300000000000153	2.69987
28.400000000000155	2.5
28.500000000000156	2.78778
28.600000000000158	2.78778
28.700000000000159	2.78778
28.800000000000161	4.09525
28.900000000000162	2.93032
29.000000000000163	2.50721
29.100000000000165	3.55785
29.200000000000166	4.26267
29.300000000000168	3.26361
29.400000000000169	7.44959
29.500000000000171	7.44959
29.600000000000172	1
29.700000000000173	5.25165
29.800000000000175	3.33925
29.900000000000176	7.06529
30.000000000000178	3.53264
30.100000000000179	4.55434
30.20000000000018	3.08446
30.300000000000182	2.55122
30.400000000000183	2.55122
30.500000000000185	2.5
30.600000000000186	2.5
30.700000000000188	6.5768
30.800000000000189	3.87086
30.90000000000019	3.87086
31.000000000000192	2.9
31.100000000000193	3.83446
31.200000000000195	3.83446
31.300000000000196	3.55301
31.400000000000198	2.05804
31.500000000000199	2.05804
31.6000000000002	1
31.700000000000202	5.75491
31.800000000000203	3.72086
31.900000000000205	3.72086
32.000000000000206	2.9
32.100000000000207	3.16762
32.200000000000209	3.16762
32.30000000000021	1
32.400000000000212	4.56988
32.500000000000213	5.30147
32.600000000000215	2.65074
32.700000000000216	2.65074
32.800000000000217	3.24483
32.900000000000219	3.24483
33.00000000000022	3.24483
33.100000000000222	3.24483
33.200000000000223	1
33.300000000000225	2.9
33.400000000000226	2.9
33.500000000000227	2.9
33.600000000000229	2.9
33.70000000000023	2.9
33.800000000000232	2.9
33.900000000000233	2.9
34.000000000000234	2.9
34.100000000000236	2.5
34.200000000000237	2.5
34.300000000000239	2.5
34.40000000000024	2.5
34.500000000000242	2.5
34.600000000000243	2.5
34.700000000000244	2.5
34.800000000000246	2.5
34.900000000000247	2.5
35.000000000000249	2.5
35.10000000000025	2.5
35.200000000000252	2.5
35.300000000000253	2.5
35.400000000000254	2.5
35.500000000000256	2.5
35.600000000000257	2.5
35.700000000000259	2
35.80000000000026	2.96434
35.900000000000261	6.60397
36.000000000000263	3.60483
36.100000000000264	3.60483
36.200000000000266	4.33944
36.300000000000267	4.13958
36.400000000000269	4.04608
36.50000000000027	3.84133
36.600000000000271	6.26547
36.700000000000273	3.98431
36.800000000000274	6.35225
36.900000000000276	3.76742
37.000000000000277	4.32898
37.100000000000279	4.32898
37.20000000000028	2.5
37.300000000000281	2.5
37.400000000000283	2.5
37.500000000000284	2.5
37.600000000000286	1
37.700000000000287	4.78871
37.800000000000288	4.78871
37.90000000000029	1
38.000000000000291	2.5
38.100000000000293	2.5
38.200000000000294	2.5
38.300000000000296	2.5
38.400000000000297	3.55301
38.500000000000298	3.45548
38.6000000000003	7.66515
38.700000000000301	2.69435
38.800000000000303	7.08932
38.900000000000304	2.59603
39.000000000000306	5.61628
39.100000000000307	5.61628
39.200000000000308	2
39.30000000000031	2
39.400000000000311	2
39.500000000000313	2
39.600000000000314	1
39.700000000000315	5.19763
39.800000000000317	3.93475
39.900000000000318	3.63038
40.00000000000032	2.81198
40.100000000000321	2.81198
40.200000000000323	2.81198
40.300000000000324	4.33944
40.400000000000325	4.48323
40.500000000000327	4.11683
40.600000000000328	2.40351
40.70000000000033	2.40351
40.800000000000331	1
40.900000000000333	4.09525
41.000000000000334	4.09525
41.100000000000335	1
41.200000000000337	2.5
41.300000000000338	2.5
41.40000000000034	2.5
41.500000000000341	2.5
41.600000000000342	3.55301
41.700000000000344	3.72954
41.800000000000345	1.99883
41.900000000000347	4.84679
42.000000000000348	4.05179
42.10000000000035	2.79684
42.200000000000351	2.79684
42.300000000000352	2.9
42.400000000000354	2.9
42.500000000000355	1
42.600000000000357	2
42.700000000000358	2
42.80000000000036	2
42.900000000000361	2
43.000000000000362	5.19763
43.100000000000364	4.34556
43.200000000000365	3.41534
43.300000000000367	1.85407
43.400000000000368	5.90748
43.500000000000369	4.13224
43.600000000000371	8.47379
43.700000000000372	4.57939
43.800000000000374	4.57939
43.900000000000375	3.29166
44.000000000000377	4.60241
44.100000000000378	4.60241
44.200000000000379	3.55301
44.300000000000381	3.55301
44.400000000000382	1
44.500000000000384	2.5
44.600000000000385	2.5
44.7000000000