10	1
10.1	1
10.199999999999999	1
10.299999999999999	1
10.399999999999999	1
10.499999999999998	1
10.599999999999998	1
10.699999999999998	1
10.799999999999997	1
10.899999999999997	1
10.999999999999996	1
11.099999999999996	1
11.199999999999996	1
11.299999999999995	1
11.399999999999995	1
11.499999999999995	1
11.599999999999994	1
11.699999999999994	1
11.799999999999994	1
11.899999999999993	1
11.999999999999993	1
12.099999999999993	1
12.199999999999992	1
12.299999999999992	1
12.399999999999991	1
12.499999999999991	1
12.599999999999991	1
12.69999999999999	1
12.79999999999999	1
12.89999999999999	1
12.999999999999989	1
13.099999999999989	1
13.199999999999989	1
13.299999999999988	1
13.399999999999988	1
13.499999999999988	1
13.599999999999987	1
13.699999999999987	1
13.799999999999986	1
13.899999999999986	1
13.999999999999986	1
14.099999999999985	1
14.199999999999985	1
14.299999999999985	1
14.399999999999984	1
14.499999999999984	1
14.599999999999984	1
14.699999999999983	1
14.799999999999983	1
14.899999999999983	1
14.999999999999982	1
15.099999999999982	1
15.199999999999982	1
15.299999999999981	1
15.399999999999981	1
15.49999999999998	1
15.59999999999998	1
15.69999999999998	1
15.799999999999979	1
15.899999999999979	1
15.999999999999979	1
16.09999999999998	1
16.199999999999982	1
16.299999999999983	1
16.399999999999984	1
16.499999999999986	1
16.599999999999987	1
16.699999999999989	1
16.79999999999999	1
16.899999999999991	1
16.999999999999993	1
17.099999999999994	1
17.199999999999996	1
17.299999999999997	1
17.399999999999999	1
17.5	1
17.600000000000001	1
17.700000000000003	1
17.800000000000004	1
17.900000000000006	1
18.000000000000007	1
18.100000000000009	1
18.20000000000001	1
18.300000000000011	1
18.400000000000013	1
18.500000000000014	1
18.600000000000016	1
18.700000000000017	1
18.800000000000018	1
18.90000000000002	1
19.000000000000021	1
19.100000000000023	1
19.200000000000024	1
19.300000000000026	1
19.400000000000027	1
19.500000000000028	1
19.60000000000003	1
19.700000000000031	1
19.800000000000033	1
19.900000000000034	1
20.000000000000036	1
20.100000000000037	1
20.200000000000038	1
20.30000000000004	1
20.400000000000041	1
20.500000000000043	1
20.600000000000044	1
20.700000000000045	1
20.800000000000047	1
20.900000000000048	1
21.00000000000005	1
21.100000000000051	1
21.200000000000053	1
21.300000000000054	1
21.400000000000055	1
21.500000000000057	1
21.600000000000058	1
21.70000000000006	1
21.800000000000061	1
21.900000000000063	1
22.000000000000064	1
22.100000000000065	1
22.200000000000067	1
22.300000000000068	1
22.40000000000007	1
22.500000000000071	1
22.600000000000072	1
22.700000000000074	1
22.800000000000075	1
22.900000000000077	1
23.000000000000078	1
23.10000000000008	1
23.200000000000081	1
23.300000000000082	1
23.400000000000084	1
23.500000000000085	1
23.600000000000087	1
23.700000000000088	1
23.80000000000009	1
23.900000000000091	1
24.000000000000092	1
24.100000000000094	1
24.200000000000095	1
24.300000000000097	1
24.400000000000098	1
24.500000000000099	1
24.600000000000101	1
24.700000000000102	1
24.800000000000104	1
24.900000000000105	1
25.000000000000107	1
25.100000000000108	1
25.200000000000109	1
25.300000000000111	1
25.400000000000112	1
25.500000000000114	1
25.600000000000115	1
25.700000000000117	1
25.800000000000118	1
25.900000000000119	1
26.000000000000121	1
26.100000000000122	1
26.200000000000124	1
26.300000000000125	1
26.400000000000126	1
26.500000000000128	1
26.600000000000129	1
26.700000000000131	1
26.800000000000132	1
26.900000000000134	32
27.000000000000135	32
27.100000000000136	32
27.200000000000138	9.8515
27.300000000000139	14.1922
27.400000000000141	23.7051
27.500000000000142	20.1746
27.600000000000144	14.5377
27.700000000000145	5.37249
27.800000000000146	13.7043
27.900000000000148	10.8428
28.000000000000149	19.3946
28.100000000000151	28.68
28.200000000000152	19.1128
28.300000000000153	14.6152
28.400000000000155	13.7831
28.500000000000156	14.4959
28.600000000000158	12.731
28.700000000000159	11.3624
28.800000000000161	5.63054
28.900000000000162	12.5103
29.000000000000163	22.0698
29.100000000000165	16.6933
29.200000000000166	15.1073
29.300000000000168	11.5033
29.400000000000169	10.3148
29.500000000000171	11.1174
29.600000000000172	9.92695
29.700000000000173	16.032
29.800000000000175	15.6169
29.900000000000176	25.1866
30.000000000000178	17.1075
30.100000000000179	14.181
30.20000000000018	23.6562
30.300000000000182	16.5072
30.400000000000183	10.2359
30.500000000000185	9.16341
30.600000000000186	8.04179
30.700000000000188	17.2463
30.800000000000189	14.6044
30.90000000000019	10.4938
31.000000000000192	9.54881
31.100000000000193	13.9844
31.200000000000195	24.3335
31.300000000000196	15.8933
31.400000000000198	11.4591
31.500000000000199	10.1639
31.6000000000002	19.5438
31.700000000000202	29.1952
31.800000000000203	21.5269
31.900000000000205	14.2284
32.000000000000206	3.45285
32.100000000000207	12.2968
32.200000000000209	9.87105
32.30000000000021	8.77518
32.400000000000212	17.137
32.500000000000213	7.48889
32.600000000000215	16.8195
32.700000000000216	16.026
32.800000000000217	11.2825
32.900000000000219	10.1021
33.00000000000022	19.4605
33.100000000000222	15.8617
33.200000000000223	14.2576
33.300000000000225	23.8704
33.400000000000226	6.79127
33.500000000000227	7.12545
33.600000000000229	7.23679
33.70000000000023	6.33653
33.800000000000232	10.1564
33.900000000000233	10.2602
34.000000000000234	9.16314
34.100000000000236	17.5675
34.200000000000237	7.78356
34.300000000000239	6.40293
34.40000000000024	5.52326
34.500000000000242	6.31149
34.600000000000243	9.6805
34.700000000000244	19.0891
34.800000000000246	17.0477
34.900000000000247	26.5154
35.000000000000249	15.4209
35.10000000000025	18.3842
35.200000000000252	14.2724
35.300000000000253	24.5814
35.400000000000254	16.4965
35.500000000000256	24.3007
35.600000000000257	16.8793
35.700000000000259	15.9959
35.80000000000026	12.1067
35.900000000000261	19.6228
36.000000000000263	14.4539
36.100000000000264	11.2845
36.200000000000266	9.08044
36.300000000000267	14.2445
36.400000000000269	13.2542
36.50000000000027	22.8521
36.600000000000271	33.4155
36.700000000000273	18.8992
36.800000000000274	18.8992
36.900000000000276	15.0707
37.000000000000277	11.7217
37.100000000000279	10.3437
37.20000000000028	8.8024
37.300000000000281	19.0856
37.400000000000283	28.6822
37.500000000000284	18.2134
37.600000000000286	14.3985
37.700000000000287	12.3933
37.800000000000288	13.2509
37.90000000000029	9.89936
38.000000000000291	20.0176
38.100000000000293	29.4124
38.200000000000294	8.17468
38.300000000000296	17.0165
38.400000000000297	14.9795
38.500000000000298	24.184
38.6000000000003	21.0776
38.700000000000301	10.0326
38.800000000000303	19.3212
38.900000000000304	14.4216
39.000000000000306	8.60464
39.100000000000307	8.96881
39.200000000000308	18.1424
39.30000000000031	9.59049
39.400000000000311	12.0136
39.500000000000313	10.4586
39.600000000000314	20.0008
39.700000000000315	14.5465
39.800000000000317	9.56395
39.900000000000318	7.11956
40.00000000000032	4.29848
40.100000000000321	5.64943
40.200000000000323	14.3825
40.300000000000324	8.11587
40.400000000000325	7.65678
40.500000000000327	14.8759
40.600000000000328	6.68051
40.70000000000033	16.8986
40.800000000000331	12.4895
40.900000000000333	12.0247
41.000000000000334	8.98606
41.100000000000335	17.0702
41.200000000000337	26.6052
41.300000000000338	21.317
41.40000000000034	15.023
41.500000000000341	11.4707
41.600000000000342	10.1126
41.700000000000344	7.85344
41.800000000000345	14.0806
41.900000000000347	12.2031
42.000000000000348	5.9204
42.10000000000035	9.35484
42.200000000000351	7.3479
42.300000000000352	6.9756
42.400000000000354	7.27078
42.500000000000355	8.49947
42.600000000000357	5.27449
42.700000000000358	7.15588
42.80000000000036	8.28826
42.900000000000361	8.27431
43.000000000000362	8.50276
43.100000000000364	4.03656
43.200000000000365	4.98022
43.300000000000367	8.32605
43.400000000000368	7.21463
43.500000000000369	16.4584
43.600000000000371	15.1761
43.700000000000372	24.7549
43.800000000000374	18.4414
43.900000000000375	6.95996
44.000000000000377	5.40566
44.100000000000378	5.26848
44.200000000000379	14.3795
44.300000000000381	12.5332
44.400000000000382	21.9464
44.5