10	1
10.1	1
10.199999999999999	1
10.299999999999999	1
10.399999999999999	1
10.499999999999998	1
10.599999999999998	1
10.699999999999998	1
10.799999999999997	1
10.899999999999997	1
10.999999999999996	1
11.099999999999996	1
11.199999999999996	1
11.299999999999995	1
11.399999999999995	1
11.499999999999995	1
11.599999999999994	1
11.699999999999994	1
11.799999999999994	1
11.899999999999993	1
11.999999999999993	1
12.099999999999993	1
12.199999999999992	1
12.299999999999992	1
12.399999999999991	1
12.499999999999991	1
12.599999999999991	1
12.69999999999999	1
12.79999999999999	1
12.89999999999999	1
12.999999999999989	1
13.099999999999989	1
13.199999999999989	1
13.299999999999988	1
13.399999999999988	1
13.499999999999988	1
13.599999999999987	1
13.699999999999987	1
13.799999999999986	1
13.899999999999986	1
13.999999999999986	1
14.099999999999985	1
14.199999999999985	1
14.299999999999985	1
14.399999999999984	1
14.499999999999984	1
14.599999999999984	1
14.699999999999983	1
14.799999999999983	1
14.899999999999983	1
14.999999999999982	1
15.099999999999982	1
15.199999999999982	1
15.299999999999981	1
15.399999999999981	1
15.49999999999998	1
15.59999999999998	1
15.69999999999998	1
15.799999999999979	1
15.899999999999979	1
15.999999999999979	1
16.09999999999998	1
16.199999999999982	1
16.299999999999983	1
16.399999999999984	1
16.499999999999986	1
16.599999999999987	1
16.699999999999989	1
16.79999999999999	1
16.899999999999991	1
16.999999999999993	1
17.099999999999994	1
17.199999999999996	1
17.299999999999997	1
17.399999999999999	1
17.5	1
17.600000000000001	1
17.700000000000003	1
17.800000000000004	1
17.900000000000006	1
18.000000000000007	1
18.100000000000009	1
18.20000000000001	1
18.300000000000011	1
18.400000000000013	1
18.500000000000014	1
18.600000000000016	1
18.700000000000017	1
18.800000000000018	1
18.90000000000002	1
19.000000000000021	1
19.100000000000023	1
19.200000000000024	1
19.300000000000026	1
19.400000000000027	1
19.500000000000028	1
19.60000000000003	1
19.700000000000031	1
19.800000000000033	1
19.900000000000034	1
20.000000000000036	1
20.100000000000037	2
20.200000000000038	4
20.30000000000004	4
20.400000000000041	8
20.500000000000043	16
20.600000000000044	16
20.700000000000045	29
20.800000000000047	14.5
20.900000000000048	14.5
21.00000000000005	14.5
21.100000000000051	14.5
21.200000000000053	2
21.300000000000054	2
21.400000000000055	4
21.500000000000057	6
21.600000000000058	6
21.70000000000006	7.14286
21.800000000000061	7.9453
21.900000000000063	7.9453
22.000000000000064	3.97265
22.100000000000065	4.68525
22.200000000000067	5.48752
22.300000000000068	5.48752
22.40000000000007	6.34509
22.500000000000071	7.23833
22.600000000000072	7.23833
22.700000000000074	8.15559
22.800000000000075	9.08971
22.900000000000077	9.08971
23.000000000000078	10.0361
23.10000000000008	10.9915
23.200000000000081	10.9915
23.300000000000082	11.8698
23.400000000000084	12.7657
23.500000000000085	13.676
23.600000000000087	13.676
23.700000000000088	14.5979
23.80000000000009	15.5293
23.900000000000091	15.5293
24.000000000000092	16.4687
24.100000000000094	17.4148
24.200000000000095	17.4148
24.300000000000097	18.3665
24.400000000000098	19.2191
24.500000000000099	19.2191
24.600000000000101	20.1847
24.700000000000102	10.4098
24.800000000000104	10.5058
24.900000000000105	10.5058
25.000000000000107	11.4218
25.100000000000108	12.3505
25.200000000000109	12.3505
25.300000000000111	13.2894
25.400000000000112	14.2365
25.500000000000114	14.2365
25.600000000000115	15.1902
25.700000000000117	16.1494
25.800000000000118	17.1132
25.900000000000119	17.1132
26.000000000000121	18.0809
26.100000000000122	18.9463
26.200000000000124	18.9463
26.300000000000125	9.47317
26.400000000000126	10.2871
26.500000000000128	10.2871
26.600000000000129	11.221
26.700000000000131	12.1652
26.800000000000132	12.1652
26.900000000000134	13.1175
27.000000000000135	14.0762
27.100000000000136	15.0401
27.200000000000138	15.0401
27.300000000000139	15.9456
27.400000000000141	7.97282
27.500000000000142	7.97282
27.600000000000144	8.58137
27.700000000000145	9.47309
27.800000000000146	9.47309
27.900000000000148	10.3842
28.000000000000149	11.3101
28.100000000000151	12.2473
28.200000000000152	12.2473
28.300000000000153	13.1936
28.400000000000155	14.1472
28.500000000000156	14.1472
28.600000000000158	15.1065
28.700000000000159	16.0708
28.800000000000161	16.0708
28.900000000000162	17.039
29.000000000000163	18.0107
29.100000000000165	18.0107
29.200000000000166	18.9852
29.300000000000168	19.9119
29.400000000000169	20.8454
29.500000000000171	20.8454
29.600000000000172	21.7847
29.700000000000173	22.7292
29.800000000000175	22.7292
29.900000000000176	23.6782
30.000000000000178	24.6312
30.100000000000179	24.6312
30.20000000000018	25.5878
30.300000000000182	26.5475
30.400000000000183	27.5101
30.500000000000185	27.5101
30.600000000000186	28.4753
30.700000000000188	29.4428
30.800000000000189	29.4428
30.90000000000019	30.4123
31.000000000000192	15.4023
31.100000000000193	15.4023
31.200000000000195	15.4023
31.300000000000196	15.5319
31.400000000000198	15.5319
31.500000000000199	16.4711
31.6000000000002	17.417
31.700000000000202	18.3686
31.800000000000203	18.3686
31.900000000000205	19.3251
32.000000000000206	20.2856
32.100000000000207	20.2856
32.200000000000209	21.2498
32.30000000000021	22.217
32.400000000000212	22.217
32.500000000000213	11.3756
32.600000000000215	11.4635
32.700000000000216	12.3891
32.800000000000217	12.3891
32.900000000000219	13.3253
33.00000000000022	14.27
33.100000000000222	14.27
33.200000000000223	7.41064
33.300000000000225	7.54559
33.400000000000226	7.54559
33.500000000000227	8.42897
33.600000000000229	9.33543
33.70000000000023	9.33543
33.800000000000232	10.2589
33.900000000000233	11.1052
34.000000000000234	5.55258
34.100000000000236	5.55258
34.200000000000237	6.07641
34.300000000000239	7.00475
34.40000000000024	7.00475
34.500000000000242	7.94948
34.600000000000243	8.7918
34.700000000000244	8.7918
34.800000000000246	9.66389
34.900000000000247	10.5584
35.000000000000249	11.4701
35.10000000000025	11.4701
35.200000000000252	12.3952
35.300000000000253	13.3309
35.400000000000254	13.3309
35.500000000000256	14.2752
35.600000000000257	15.2265
35.700000000000259	15.2265
35.80000000000026	16.1836
35.900000000000261	17.1454
36.000000000000263	17.1454
36.100000000000264	18.1113
36.200000000000266	19.0807
36.300000000000267	20.053
36.400000000000269	20.053
36.50000000000027	21.0278
36.600000000000271	22.0049
36.700000000000273	22.0049
36.800000000000274	22.9839
36.900000000000276	23.9228
37.000000000000277	23.9228
37.100000000000279	24.8664
37.20000000000028	25.8143
37.300000000000281	25.8143
37.400000000000283	26.7659
37.500000000000284	13.7335
37.600000000000286	13.7335
37.700000000000287	13.7335
37.800000000000288	1
37.90000000000029	2
38.000000000000291	2
38.100000000000293	3
38.200000000000294	6
38.300000000000296	6
38.400000000000297	6.93882
38.500000000000298	7.76276
38.6000000000003	8.62359
38.700000000000301	8.62359
38.800000000000303	9.51131
38.900000000000304	10.419
39.000000000000306	10.419
39.100000000000307	11.342
39.200000000000308	12.2769
39.30000000000031	12.2769
39.400000000000311	13.221
39.500000000000313	14.1727
39.600000000000314	14.1727
39.700000000000315	15.1305
39.800000000000317	16.0933
39.900000000000318	17.0602
40.00000000000032	17.0602
40.100000000000321	18.0307
40.200000000000323	19.0042
40.300000000000324	19.0042
40.400000000000325	19.9802
40.500000000000327	20.9106
40.600000000000328	20.9106
40.70000000000033	21.8472
40.800000000000331	22.7891
40.900000000000333	23.7357
41.000000000000334	23.7357
41.100000000000335	24.6865
41.200000000000337	12.424
41.300000000000338	12.424
41.40000000000034	12.424
41.500000000000341	12.424
41.600000000000342	1
41.700000000000344	6.16667
41.800000000000345	7.08293
41.900000000000347	7.22412
42.000000000000348	8.14301
42.10000000000035	8.96692
42.200000000000351	9.82331
42.300000000000352	10.0259
42.400000000000354	10.9822
42.500000000000355	11.6045
42.600000000000357	11.8611
42.700000000000358	12.7577
42.80000000000036	13.4467
42.900000000000361	13.6685
43.000000000000362	14.5909
43.100000000000364	15.3279
43.200000000000365	16.2789
43.300000000000367	16.4625
43.4000000