10	1
10.1	1
10.199999999999999	1
10.299999999999999	1
10.399999999999999	1
10.499999999999998	1
10.599999999999998	1
10.699999999999998	1
10.799999999999997	1
10.899999999999997	1
10.999999999999996	1
11.099999999999996	1
11.199999999999996	1
11.299999999999995	1
11.399999999999995	1
11.499999999999995	1
11.599999999999994	1
11.699999999999994	1
11.799999999999994	1
11.899999999999993	1
11.999999999999993	1
12.099999999999993	1
12.199999999999992	1
12.299999999999992	1
12.399999999999991	1
12.499999999999991	1
12.599999999999991	1
12.69999999999999	1
12.79999999999999	1
12.89999999999999	1
12.999999999999989	1
13.099999999999989	1
13.199999999999989	1
13.299999999999988	1
13.399999999999988	1
13.499999999999988	1
13.599999999999987	1
13.699999999999987	1
13.799999999999986	1
13.899999999999986	1
13.999999999999986	1
14.099999999999985	1
14.199999999999985	1
14.299999999999985	2
14.399999999999984	5
14.499999999999984	2.5
14.599999999999984	2.5
14.699999999999983	4.09525
14.799999999999983	5.75491
14.899999999999983	6.5768
14.999999999999982	8.33628
15.099999999999982	4.45987
15.199999999999982	4.45987
15.299999999999981	3.45987
15.399999999999981	3.24483
15.49999999999998	4.99753
15.59999999999998	6.09735
15.69999999999998	7.70809
15.799999999999979	3.85404
15.899999999999979	4.11351
15.999999999999979	5.58878
16.09999999999998	7.31485
16.199999999999982	7.84716
16.299999999999983	3.92358
16.399999999999984	5.26266
16.499999999999986	6.47347
16.599999999999987	3.23674
16.699999999999989	3.23674
16.79999999999999	4.99244
16.899999999999991	5.75051
16.999999999999993	7.43834
17.099999999999994	9.24924
17.199999999999996	11.1236
17.299999999999997	12.0754
17.399999999999999	13.9987
17.5	15.8141
17.600000000000001	16.7375
17.700000000000003	18.5539
17.800000000000004	10.0069
17.900000000000006	11.2363
18.000000000000007	12.7429
18.100000000000009	14.5779
18.20000000000001	7.45886
18.300000000000011	7.72463
18.400000000000013	4.29467
18.500000000000014	4.29467
18.600000000000016	4.29467
18.700000000000017	5.72165
18.800000000000018	7.41618
18.90000000000002	8.19146
19.000000000000021	4.57031
19.100000000000023	6.26166
19.200000000000024	3.65254
19.300000000000026	3.65254
19.400000000000027	4.42019
19.500000000000028	6.1543
19.60000000000003	6.1543
19.700000000000031	3.07715
19.800000000000033	3.07715
19.900000000000034	3.69606
20.000000000000036	5.29434
20.100000000000037	6.17957
20.200000000000038	6.17957
20.30000000000004	2
20.400000000000041	4.16441
20.500000000000043	5.05378
20.600000000000044	6.77034
20.700000000000045	8.48916
20.800000000000047	9.38974
20.900000000000048	11.1508
21.00000000000005	12.9805
21.100000000000051	14.7859
21.200000000000053	15.7062
21.300000000000054	8.04219
21.400000000000055	8.04219
21.500000000000057	1
21.600000000000058	4
21.70000000000006	6.20063
21.800000000000061	6.82236
21.900000000000063	8.53053
22.000000000000064	10.3423
22.100000000000065	5.59342
22.200000000000067	6.43652
22.300000000000068	8.10317
22.40000000000007	4.3564
22.500000000000071	5.21168
22.600000000000072	7.03318
22.700000000000074	3.92352
22.800000000000075	4.1784
22.900000000000077	2.42971
23.000000000000078	3.50639
23.10000000000008	5.16662
23.200000000000081	6.07107
23.300000000000082	7.94543
23.400000000000084	4.39907
23.500000000000085	4.39907
23.600000000000087	1
23.700000000000088	2
23.80000000000009	3.55301
23.900000000000091	2.04763
24.000000000000092	2.536
24.100000000000094	4.11607
24.200000000000095	5.76951
24.300000000000097	2.88476
24.400000000000098	2.88476
24.500000000000099	3.54087
24.600000000000101	5.18953
24.700000000000102	5.74762
24.800000000000104	2.87381
24.900000000000105	3.53217
25.000000000000107	3.53217
25.100000000000108	2
25.200000000000109	2.9
25.300000000000111	4.33944
25.400000000000112	6.09735
25.500000000000114	3.2884
25.600000000000115	3.2884
25.700000000000117	3.87086
25.800000000000118	5.41552
25.900000000000119	6.28321
26.000000000000121	7.98251
26.100000000000122	4.2418
26.200000000000124	5.11713
26.300000000000125	3.01462
26.400000000000126	3.64517
26.500000000000128	5.25968
26.600000000000129	6.15005
26.700000000000131	8.00559
26.800000000000132	9.70998
26.900000000000134	4.85499
27.000000000000135	5.98192
27.100000000000136	7.34789
27.200000000000138	3.67394
27.300000000000139	3.67394
27.400000000000141	3.67394
27.500000000000142	2
27.600000000000144	3.55301
27.700000000000145	5.19763
27.800000000000146	6.09735
27.900000000000148	7.96541
28.000000000000149	9.67696
28.100000000000151	10.4749
28.200000000000152	5.79076
28.300000000000153	6.90735
28.400000000000155	7.73471
28.500000000000156	9.48849
28.600000000000158	5.10467
28.700000000000159	6.95496
28.800000000000161	7.77717
28.900000000000162	9.52304
29.000000000000163	11.3519
29.100000000000165	12.2859
29.200000000000166	13.9668
29.300000000000168	6.98342
29.400000000000169	6.98342
29.500000000000171	8.42362
29.600000000000172	9.54374
29.700000000000173	9.54374
29.800000000000175	4.77187
29.900000000000176	4.77187
30.000000000000178	2
30.100000000000179	2.9
30.20000000000018	4.56988
30.300000000000182	6.26135
30.400000000000183	7.16526
30.500000000000185	8.69112
30.600000000000186	4.34556
30.700000000000188	4.34556
30.800000000000189	4.34556
30.90000000000019	2
31.000000000000192	3.24483
31.100000000000193	4.09525
31.200000000000195	5.75491
31.300000000000196	2.96434
31.400000000000198	2.96434
31.500000000000199	3.60456
31.6000000000002	4.38115
31.700000000000202	2.19058
31.800000000000203	3.02485
31.900000000000205	4.64714
32.000000000000206	5.45523
32.100000000000207	7.07267
32.200000000000209	3.81911
32.30000000000021	2.163
32.400000000000212	2.62532
32.500000000000213	4.16876
32.600000000000215	5.97887
32.700000000000216	6.77297
32.800000000000217	7.61522
32.900000000000219	3.80761
33.00000000000022	3.80761
33.100000000000222	1
33.200000000000223	3.55301
33.300000000000225	4.78871
33.400000000000226	4.78871
33.500000000000227	2.39435
33.600000000000229	4.03562
33.70000000000023	4.94931
33.800000000000232	6.54056
33.900000000000233	3.34673
34.000000000000234	3.34673
34.100000000000236	3.34673
34.200000000000237	5.06238
34.300000000000239	5.98311
34.40000000000024	7.61853
34.500000000000242	4.12683
34.600000000000243	4.12683
34.700000000000244	4.12683
34.800000000000246	2
34.900000000000247	2.5
35.000000000000249	4.09525
35.10000000000025	2.04763
35.200000000000252	2.04763
35.300000000000253	2
35.400000000000254	3.24483
35.500000000000256	4.33944
35.600000000000257	5.57555
35.700000000000259	2.78778
35.80000000000026	4.26821
35.900000000000261	4.7246
36.000000000000263	2.3623
36.100000000000264	3.1446
36.200000000000266	4.01797
36.300000000000267	5.70106
36.400000000000269	2.85053
36.50000000000027	3.51371
36.600000000000271	3.51371
36.700000000000273	1.75686
36.800000000000274	3.44014
36.900000000000276	4.24894
37.000000000000277	6.03419
37.100000000000279	7.78907
37.20000000000028	8.64724
37.300000000000281	10.4386
37.400000000000283	12.2934
37.500000000000284	12.3748
37.600000000000286	6.18739
37.700000000000287	6.18739
37.800000000000288	2
37.90000000000029	3.90856
38.000000000000291	5.44207
38.100000000000293	6.77034
38.200000000000294	7.343
38.300000000000296	7.343
38.400000000000297	3.6715
38.500000000000298	3.6715
38.6000000000003	1
38.700000000000301	2.5
38.800000000000303	3.55301
38.900000000000304	1.77651
39.000000000000306	3.45548
39.100000000000307	4.49584
39.200000000000308	2.24792
39.30000000000031	3.06414
39.400000000000311	4.67193
39.500000000000313	4.88598
39.600000000000314	3.20291
39.700000000000315	4.76123
39.800000000000317	4.76123
39.900000000000318	2.38061
40.00000000000032	2.80067
40.100000000000321	4.27629
40.200000000000323	5.14549
40.300000000000324	2.57275
40.400000000000325	2.57275
40.500000000000327	2
40.600000000000328	3.55301
40.70000000000033	4.99753
40.800000000000331	5.57555
40.900000000000333	3.4643
41.000000000000334	4.93626
41.100000000000335	6.53078
41.200000000000337	7.79938
41.300000000000338	9.54114
41.40000000000034	11.0989
41.500000000000341	5.7275
41.600000000000342	3.03576
41.700000000000344	4.18949
41.800000000000345	5.07426
41.900000000000347	2.91066
42.000000000000348	3.8423
42.10000000000035	3.8423
42.200000000000351	1.92115
42.300000000000352	2.92115
42.400000000000354	4.35308
42.500000000000355	4.58281
42.600000000000357	4.58281
42.700000000000358	2.2914
42.80000000000036	2.2914
42.900000000000361	1
43.000000000000362	2
43.100000000000364	2.9
43.200000000000365	2.9
43.300000000000367	2
43.400000000000368	3.55301
43.500000000000369	5.19763
43.600000000000371	6.09735
43.700000000000372	7.96541
43.800000000000374	4.45987
43.900000000000375	4.45987
44.000000000000377	5.66879
44.100000000000378	7.37575
44.200000000000379	8.27756
44.300000000000381	10.1352
44.400000000000382	5.44965
44.500000000000384	5.63315
44.600000000000385	5.63315
44.700000000000387	1
44.800000000000388	2
44.900000000000389	3.55301
45.000000000000391	4.99753
45.100000000000392	2.49877
45.200000000000394	3.55218
45.300000000000395	4.56925
45.400000000000396	2.28463
45.500000000000398	3.08967
45.600000000000399	4.68816
45.700000000000401	5.48998
45.800000000000402	7.24018
45.900000000000404	8.63702
46.000000000000405	4.31851
46.100000000000406	4.31851
46.200000000000408	2.38492
46.300000000000409	3.4772
46.400000000000411	4.27852
46.500000000000412	6.05476
46.600000000000414	7.80492
46.700000000000415	8.6615
46.800000000000416	10.4504
46.900000000000418	5.27304
47.000000000000419	5.27304
47.100000000000421	1
47.200000000000422	2.5
47.300000000000423	4.33944
47.400000000000425	5.19763
47.500000000000426	6.87746
47.600000000000428	3.72954
47.700000000000429	4.24781
47.800000000000431	2.59474
47.900000000000432	3.89373
48.000000000000433	1.94687
48.100000000000435	2.94687
48.200000000000436	4.36977
48.300000000000438	6.11867
48.400000000000439	6.59653
48.500000000000441	3.29827
48.600000000000442	3.29827
48.700000000000443	4.13691
48.800000000000445	2.41204
48.900000000000446	3.49483
49.000000000000448	4.95724
49.100000000000449	5.72014
49.20000000000045	7.41503
49.300000000000452	3.97026
49.400000000000453	4.68324
49.500000000000455	6.34362
49.600000000000456	8.15446
49.700000000000458	8.86449
49.800000000000459	5.07779
49.90000000000046	6.78812
50.000000000000462	3.75609
50.100000000000463	4.50508
50.200000000000465	6.21478
50.300000000000466	3.26627
50.400000000000468	3.26627
50.500000000000469	4.11193
50.60000000000047	4.58474
50.700000000000472	2.29237
50.800000000000473	2.29237
50.900000000000475	2.29237
51.000000000000476	2
51.100000000000477	3.55301
51.200000000000479	5.19763
51.30000000000048	6.09735
51.400000000000482	7.96541
51.500000000000483	9.67696
51.600000000000485	10.2813
51.700000000000486	5.37936
51.800000000000487	5.37936
51.900000000000489	5.37936
52.00000000000049	2
52.100000000000492	3.24483
52.200000000000493	4.33944
52.300000000000495	2.16972
52.400000000000496	3.91661
52.500000000000497	5.44775
52.600000000000499	6.31088
52.7000000000005	3.23467
52.800000000000502	3.23467
52.900000000000503	4.08737
53.000000000000504	5.74939
53.100000000000506	3.04607
53.200000000000507	4.66051
53.300000000000509	5.46654
53.40000000000051	6.78991
53.500000000000512	3.39496
53.600000000000513	3.96055
53.700000000000514	5.4789
53.800000000000516	5.4789
53.900000000000517	2.73945
54.000000000000519	2.73945
54.10000000000052	3.4266
54.200000000000522	5.11414
54.300000000000523	5.11414
54.400000000000524	2.55707
54.500000000000526	3.28734
54.600000000000527	4.12837
54.700000000000529	5.41489
54.80000000000053	2.79979
54.900000000000531	2.79979
55.000000000000533	2.79979
55.100000000000534	1
55.200000000000536	2.9
55.300000000000537	4.33944
55.400000000000539	5.92867
55.50000000000054	2.96434
55.600000000000541	3.60456
55.700000000000543	3.60456
55.800000000000544	1
55.900000000000546	2.5
56.000000000000547	3.55301
56.100000000000549	2.04763
56.20000000000055	3.27158
56.300000000000551	4.11607
56.400000000000553	5.59064
56.500000000000554	7.17692
56.600000000000556	3.86713
56.700000000000557	4.59704
56.800000000000558	6.1175
56.90000000000056	3.38568
57.000000000000561	4.2057
57.100000000000563	4.44347
57.200000000000564	2.22173
57.300000000000566	2.22173
57.400000000000567	2.22173
57.500000000000568	1
57.60000000000057	2.9
57.7000000000