10	1
10.1	1
10.199999999999999	1
10.299999999999999	1
10.399999999999999	1
10.499999999999998	1
10.599999999999998	1
10.699999999999998	1
10.799999999999997	1
10.899999999999997	1
10.999999999999996	1
11.099999999999996	1
11.199999999999996	1
11.299999999999995	1
11.399999999999995	1
11.499999999999995	1
11.599999999999994	1
11.699999999999994	1
11.799999999999994	1
11.899999999999993	1
11.999999999999993	1
12.099999999999993	1
12.199999999999992	1
12.299999999999992	1
12.399999999999991	1
12.499999999999991	1
12.599999999999991	1
12.69999999999999	1
12.79999999999999	1
12.89999999999999	1
12.999999999999989	1
13.099999999999989	1
13.199999999999989	1
13.299999999999988	1
13.399999999999988	1
13.499999999999988	1
13.599999999999987	1
13.699999999999987	1
13.799999999999986	1
13.899999999999986	1
13.999999999999986	1
14.099999999999985	1
14.199999999999985	1
14.299999999999985	1
14.399999999999984	1
14.499999999999984	1
14.599999999999984	1
14.699999999999983	1
14.799999999999983	1
14.899999999999983	1
14.999999999999982	1
15.099999999999982	1
15.199999999999982	1
15.299999999999981	1
15.399999999999981	1
15.49999999999998	1
15.59999999999998	1
15.69999999999998	1
15.799999999999979	1
15.899999999999979	1
15.999999999999979	1
16.09999999999998	1
16.199999999999982	1
16.299999999999983	1
16.399999999999984	1
16.499999999999986	1
16.599999999999987	1
16.699999999999989	1
16.79999999999999	1
16.899999999999991	1
16.999999999999993	1
17.099999999999994	1
17.199999999999996	1
17.299999999999997	1
17.399999999999999	1
17.5	1
17.600000000000001	1
17.700000000000003	1
17.800000000000004	1
17.900000000000006	1
18.000000000000007	1
18.100000000000009	1
18.20000000000001	1
18.300000000000011	1
18.400000000000013	1
18.500000000000014	1
18.600000000000016	1
18.700000000000017	1
18.800000000000018	2
18.90000000000002	3
19.000000000000021	3
19.100000000000023	1
19.200000000000024	2.5
19.300000000000026	4.33944
19.400000000000027	6.09735
19.500000000000028	8.33628
19.60000000000003	4.22812
19.700000000000031	4.22812
19.800000000000033	1
19.900000000000034	2.5
20.000000000000036	4.56988
20.100000000000037	2.39435
20.200000000000038	3.48332
20.30000000000004	5.15136
20.400000000000041	6.98899
20.500000000000043	3.90377
20.600000000000044	3.90377
20.700000000000045	1
20.800000000000047	2.5
20.900000000000048	5.19763
21.00000000000005	7.02286
21.100000000000051	3.85404
21.200000000000053	4.35661
21.300000000000054	7.03331
21.400000000000055	4.05
21.500000000000057	5.16249
21.600000000000058	6.99712
21.70000000000006	8.19261
21.800000000000061	4.09631
21.900000000000063	4.7896
22.000000000000064	2.3948
22.100000000000065	2.3948
22.200000000000067	2
22.300000000000068	3.24483
22.40000000000007	1.62241
22.500000000000071	4.16703
22.600000000000072	2.42486
22.700000000000074	3.50322
22.800000000000075	4.53196
22.900000000000077	2.26598
23.000000000000078	2.26598
23.10000000000008	3.96625
23.200000000000081	1.98312
23.300000000000082	1.98312
23.400000000000084	1
23.500000000000085	2.9
23.600000000000087	5.19763
23.700000000000088	7.02286
23.80000000000009	3.51143
23.900000000000091	3.51143
24.000000000000092	6.0739
24.100000000000094	3.7113
24.200000000000095	4.69206
24.300000000000097	6.35006
24.400000000000098	7.51623
24.500000000000099	3.75811
24.600000000000101	3.75811
24.700000000000102	4.02421
24.800000000000104	4.02421
24.900000000000105	1
25.000000000000107	2.9
25.100000000000108	3.83446
25.200000000000109	3.83446
25.300000000000111	1
25.400000000000112	1
25.500000000000114	1
25.600000000000115	1
25.700000000000117	1
25.800000000000118	3.24483
25.900000000000119	1.62241
26.000000000000121	1.62241
26.100000000000122	1
26.200000000000124	2.9
26.300000000000125	4.33944
26.400000000000126	6.87746
26.500000000000128	3.43873
26.600000000000129	4.70628
26.700000000000131	6.36047
26.800000000000132	3.55557
26.900000000000134	5.39167
27.000000000000135	7.16649
27.100000000000136	8.21562
27.200000000000138	4.10781
27.300000000000139	4.10781
27.400000000000141	1
27.500000000000142	2.9
27.600000000000144	2.04763
27.700000000000145	3.27158
27.800000000000146	4.58843
27.900000000000148	2.29421
28.000000000000149	3.9812
28.100000000000151	2.11619
28.200000000000152	2.11619
28.300000000000153	1
28.400000000000155	2.9
28.500000000000156	4.33944
28.600000000000158	5.92867
28.700000000000159	4.13958
28.800000000000161	5.78605
28.900000000000162	3.23868
29.000000000000163	4.99367
29.100000000000165	6.87468
29.200000000000166	3.43734
29.300000000000168	3.43734
29.400000000000169	1
29.500000000000171	2.9
29.600000000000172	3.24483
29.700000000000173	3.24483
29.800000000000175	3.24483
29.900000000000176	3.24483
30.000000000000178	2
30.100000000000179	3.55301
30.20000000000018	4.78871
30.300000000000182	2.39435
30.400000000000183	4.03562
30.500000000000185	2.5134
30.600000000000186	5.00379
30.700000000000188	6.58152
30.800000000000189	3.59464
30.90000000000019	5.22554
31.000000000000192	7.04336
31.100000000000193	9.69178
31.200000000000195	11.4936
31.300000000000196	12.9701
31.400000000000198	6.48504
31.500000000000199	6.78986
31.6000000000002	3.39493
31.700000000000202	5.09352
31.800000000000203	5.66141
31.900000000000205	5.66141
32.000000000000206	2
32.100000000000207	3.55301
32.200000000000209	5.57555
32.30000000000021	3.4643
32.400000000000212	5.13884
32.500000000000213	6.97985
32.600000000000215	8.65652
32.700000000000216	5.07681
32.800000000000217	5.07681
32.900000000000219	5.82354
33.00000000000022	5.99525
33.100000000000222	2.99763
33.200000000000223	4.16275
33.300000000000225	4.6301
33.400000000000226	2.31505
33.500000000000227	3.99235
33.600000000000229	5.50157
33.70000000000023	6.3572
33.800000000000232	3.1786
33.900000000000233	3.1786
34.000000000000234	4.04406
34.100000000000236	5.71917
34.200000000000237	3.34922
34.300000000000239	3.34922
34.40000000000024	5.06398
34.500000000000242	6.627
34.600000000000243	8.61287
34.700000000000244	4.30644
34.800000000000246	4.30644
34.900000000000247	1
35.000000000000249	2.5
35.10000000000025	1.62241
35.200000000000252	1.62241
35.300000000000253	2
35.400000000000254	3.55301
35.500000000000256	4.33944
35.600000000000257	2.16972
35.700000000000259	3.01075
35.80000000000026	4.6383
35.900000000000261	5.63131
36.000000000000263	2.81566
36.100000000000264	4.28572
36.200000000000266	6.99038
36.300000000000267	3.63681
36.400000000000269	3.63681
36.50000000000027	4.16741
36.600000000000271	5.97794
36.700000000000273	8.4906
36.800000000000274	4.30419
36.900000000000276	4.30419
37.000000000000277	4.30419
37.100000000000279	5.7287
37.20000000000028	3.87255
37.300000000000281	1.93628
37.400000000000283	3.58202
37.500000000000284	2.06009
37.600000000000286	3.27868
37.700000000000287	5.59466
37.800000000000288	2.79733
37.90000000000029	3.15481
38.000000000000291	3.15481
38.100000000000293	2
38.200000000000294	3.55301
38.300000000000296	6.09735
38.400000000000297	3.13068
38.500000000000298	3.13068
38.6000000000003	3.4501
38.700000000000301	3.4501
38.800000000000303	2
38.900000000000304	3.55301
39.000000000000306	6.09735
39.100000000000307	7.96541
39.200000000000308	4.34556
39.30000000000031	4.79423
39.400000000000311	3.05082
39.500000000000313	3.3786
39.600000000000314	3.3786
39.700000000000315	1
39.800000000000317	2.5
39.900000000000318	4.33944
40.00000000000032	5.57555
40.100000000000321	4.26821
40.200000000000323	2.25125
40.300000000000324	3.06644
40.400000000000325	4.67339
40.500000000000327	2.44368
40.600000000000328	4.06319
40.70000000000033	5.36604
40.800000000000331	7.14737
40.900000000000333	4.03757
41.000000000000334	4.03757
41.100000000000335	4.95089
41.200000000000337	6.54174
41.300000000000338	8.30878
41.40000000000034	8.54777
41.500000000000341	4.27388
41.600000000000342	4.27388
41.700000000000344	2
41.800000000000345	3.83446
41.900000000000347	5.39003
42.000000000000348	3.30168
42.10000000000035	3.60456
42.200000000000351	3.60456
42.300000000000352	2
42.400000000000354	2.5
42.500000000000355	2.5
42.600000000000357	2.5
42.700000000000358	2.5
42.80000000000036	2
42.900000000000361	3.55301
43.000000000000362	5.75491
43.100000000000364	2.87745
43.200000000000365	3.22498
43.300000000000367	3.22498
43.400000000000368	2
43.500000000000