10	1
10.1	1
10.199999999999999	1
10.299999999999999	1
10.399999999999999	1
10.499999999999998	1
10.599999999999998	1
10.699999999999998	1
10.799999999999997	1
10.899999999999997	1
10.999999999999996	1
11.099999999999996	1
11.199999999999996	1
11.299999999999995	1
11.399999999999995	1
11.499999999999995	1
11.599999999999994	1
11.699999999999994	1
11.799999999999994	1
11.899999999999993	1
11.999999999999993	1
12.099999999999993	1
12.199999999999992	1
12.299999999999992	1
12.399999999999991	1
12.499999999999991	1
12.599999999999991	1
12.69999999999999	1
12.79999999999999	1
12.89999999999999	1
12.999999999999989	1
13.099999999999989	1
13.199999999999989	1
13.299999999999988	1
13.399999999999988	1
13.499999999999988	1
13.599999999999987	1
13.699999999999987	1
13.799999999999986	1
13.899999999999986	1
13.999999999999986	1
14.099999999999985	1
14.199999999999985	1
14.299999999999985	1
14.399999999999984	1
14.499999999999984	1
14.599999999999984	1
14.699999999999983	1
14.799999999999983	1
14.899999999999983	1
14.999999999999982	1
15.099999999999982	1
15.199999999999982	1
15.299999999999981	1
15.399999999999981	1
15.49999999999998	1
15.59999999999998	1
15.69999999999998	1
15.799999999999979	1
15.899999999999979	1
15.999999999999979	1
16.09999999999998	1
16.199999999999982	1
16.299999999999983	1
16.399999999999984	1
16.499999999999986	1
16.599999999999987	1
16.699999999999989	1
16.79999999999999	1
16.899999999999991	1
16.999999999999993	1
17.099999999999994	1
17.199999999999996	1
17.299999999999997	1
17.399999999999999	1
17.5	1
17.600000000000001	1
17.700000000000003	1
17.800000000000004	1
17.900000000000006	1
18.000000000000007	1
18.100000000000009	1
18.20000000000001	1
18.300000000000011	1
18.400000000000013	1
18.500000000000014	1
18.600000000000016	1
18.700000000000017	1
18.800000000000018	1
18.90000000000002	1
19.000000000000021	1
19.100000000000023	1
19.200000000000024	1
19.300000000000026	1
19.400000000000027	1
19.500000000000028	1
19.60000000000003	1
19.700000000000031	1
19.800000000000033	1
19.900000000000034	1
20.000000000000036	1
20.100000000000037	1
20.200000000000038	1
20.30000000000004	1
20.400000000000041	1
20.500000000000043	1
20.600000000000044	1
20.700000000000045	1
20.800000000000047	1
20.900000000000048	1
21.00000000000005	1
21.100000000000051	1
21.200000000000053	1
21.300000000000054	1
21.400000000000055	1
21.500000000000057	1
21.600000000000058	1
21.70000000000006	1
21.800000000000061	1
21.900000000000063	1
22.000000000000064	1
22.100000000000065	1
22.200000000000067	1
22.300000000000068	1
22.40000000000007	1
22.500000000000071	1
22.600000000000072	1
22.700000000000074	1
22.800000000000075	1
22.900000000000077	1
23.000000000000078	1
23.10000000000008	1
23.200000000000081	1
23.300000000000082	1
23.400000000000084	1
23.500000000000085	1
23.600000000000087	1
23.700000000000088	1
23.80000000000009	1
23.900000000000091	1
24.000000000000092	1
24.100000000000094	1
24.200000000000095	1
24.300000000000097	1
24.400000000000098	1
24.500000000000099	1
24.600000000000101	1
24.700000000000102	1
24.800000000000104	1
24.900000000000105	1
25.000000000000107	1
25.100000000000108	2
25.200000000000109	4
25.300000000000111	4
25.400000000000112	4
25.500000000000114	2
25.600000000000115	2
25.700000000000117	2
25.800000000000118	2.9
25.900000000000119	3.55301
26.000000000000121	3.55301
26.100000000000122	4.33944
26.200000000000124	5.19763
26.300000000000125	5.19763
26.400000000000126	6.09735
26.500000000000128	7.02286
26.600000000000129	7.02286
26.700000000000131	7.96541
26.800000000000132	8.80618
26.900000000000134	8.80618
27.000000000000135	9.67696
27.100000000000136	10.5704
27.200000000000138	10.5704
27.300000000000139	11.4811
27.400000000000141	12.4054
27.500000000000142	12.4054
27.600000000000144	13.3404
27.700000000000145	14.2841
27.800000000000146	14.2841
27.900000000000148	7.24653
28.000000000000149	7.24653
28.100000000000151	7.24653
28.200000000000152	1
28.300000000000153	3.33333
28.400000000000155	4.16441
28.500000000000156	4.40454
28.600000000000158	5.25165
28.700000000000159	5.97588
28.800000000000161	6.14322
28.900000000000162	7.0626
29.000000000000163	7.61288
29.100000000000165	8.00038
29.200000000000166	8.95093
29.300000000000168	9.38974
29.400000000000169	9.7057
29.500000000000171	4.85285
29.600000000000172	5.05891
29.700000000000173	5.25658
29.800000000000175	6.14742
29.900000000000176	6.77414
30.000000000000178	6.92176
30.100000000000179	3.46088
30.20000000000018	3.74982
30.300000000000182	3.74982
30.400000000000183	4.49992
30.500000000000185	5.33127
30.600000000000186	5.33127
30.700000000000188	6.21109
30.800000000000189	7.12151
30.90000000000019	7.12151
31.000000000000192	8.05232
31.100000000000193	4.20965
31.200000000000195	4.4472
31.300000000000196	4.4472
31.400000000000198	5.2872
31.500000000000199	6.17348
31.6000000000002	6.17348
31.700000000000202	7.08885
31.800000000000203	8.02351
31.900000000000205	8.02351
32.000000000000206	8.97158
32.100000000000207	9.82756
32.200000000000209	9.82756
32.30000000000021	10.7083
32.400000000000212	11.6081
32.500000000000213	11.6081
32.600000000000215	12.5229
32.700000000000216	13.4498
32.800000000000217	13.4498
32.900000000000219	14.3862
33.00000000000022	7.4666
33.100000000000222	7.4666
33.200000000000223	7.4666
33.300000000000225	7.4666
33.400000000000226	1
33.500000000000227	3.33333
33.600000000000229	4.16441
33.70000000000023	4.40454
33.800000000000232	5.25165
33.900000000000233	5.97588
34.000000000000234	6.14322
34.100000000000236	7.0626
34.200000000000237	7.61288
34.300000000000239	8.48916
34.40000000000024	8.95093
34.500000000000242	9.80873
34.600000000000243	10.3083
34.700000000000244	10.691
34.800000000000246	11.5922
34.900000000000247	12.1831
35.000000000000249	12.5082
35.10000000000025	13.436
35.200000000000252	14.0917
35.300000000000253	14.3734
35.400000000000254	15.3186
35.500000000000256	7.88492
35.600000000000257	7.88492
35.700000000000259	8.01174
35.80000000000026	8.96107
35.900000000000261	8.96107
36.000000000000263	9.81797
36.100000000000264	5.15855
36.200000000000266	5.15855
36.300000000000267	5.3524
36.400000000000269	6.22914
36.50000000000027	6.22914
36.600000000000271	6.54618
36.700000000000273	3.27309
36.800000000000274	3.27309
36.900000000000276	3.27309
37.000000000000277	3.27309
37.100000000000279	2.9
37.20000000000028	2.9
37.300000000000281	3.83446
37.400000000000283	4.33944
37.500000000000284	4.56988
37.600000000000286	5.39003
37.700000000000287	6.09735
37.800000000000288	6.26135
37.90000000000029	7.16526
38.000000000000291	7.96541
38.100000000000293	8.09095
38.200000000000294	9.03185
38.300000000000296	9.67696
38.400000000000297	9.98374
38.500000000000298	10.8517
38.6000000000003	11.4811
38.700000000000301	11.7404
38.800000000000303	5.87022
38.900000000000304	5.87022
39.000000000000306	5.87022
39.100000000000307	6.36725
39.200000000000308	7.11719
39.30000000000031	7.2577
39.400000000000311	3.76535
39.500000000000313	3.76535
39.600000000000314	3.76535
39.700000000000315	4.27901
39.800000000000317	4.51271
39.900000000000318	5.34199
40.00000000000032	6.0551
40.100000000000321	6.98634
40.200000000000323	7.12948
40.300000000000324	7.80518
40.400000000000325	8.66174
40.500000000000327	9.00359
40.600000000000328	4.5018
40.70000000000033	4.5018
40.800000000000331	4.5018
40.900000000000333	4.93562
41.000000000000334	5.70151
41.100000000000335	5.70151
41.200000000000337	6.5303
41.300000000000338	7.40076
41.40000000000034	7.40076
41.500000000000341	8.29981
41.600000000000342	9.21914
41.700000000000344	9.21914
41.800000000000345	10.1533
41.900000000000347	11.0078
42.000000000000348	11.0078
42.10000000000035	11.8848
42.200000000000351	6.02623
42.300000000000352	6.02623
42.400000000000354	6.02623
42.500000000000355	6.02623
42.600000000000357	1
42.700000000000358	3.33333
42.80000000000036	4.16441
42.900000000000361	4.40454
43.000000000000362	5.25165
43.100000000000364	5.97588
43.200000000000365	6.77034
43.300000000000367	6.91805
43.400000000000368	3.45902
43.500000000000369	3.74812
43.600000000000371	3.74812
43.700000000000372	4.49852
43.800000000000374	5.3301
43.900000000000375	5.3301
44.000000000000377	6.21008
44.100000000000378	6.52807
44.200000000000379	6.52807
44.300000000