10	1
10.1	1
10.199999999999999	1
10.299999999999999	1
10.399999999999999	1
10.499999999999998	1
10.599999999999998	1
10.699999999999998	1
10.799999999999997	1
10.899999999999997	1
10.999999999999996	1
11.099999999999996	1
11.199999999999996	1
11.299999999999995	1
11.399999999999995	1
11.499999999999995	1
11.599999999999994	1
11.699999999999994	1
11.799999999999994	1
11.899999999999993	1
11.999999999999993	1
12.099999999999993	1
12.199999999999992	1
12.299999999999992	1
12.399999999999991	1
12.499999999999991	1
12.599999999999991	1
12.69999999999999	1
12.79999999999999	1
12.89999999999999	1
12.999999999999989	1
13.099999999999989	1
13.199999999999989	1
13.299999999999988	1
13.399999999999988	1
13.499999999999988	1
13.599999999999987	1
13.699999999999987	1
13.799999999999986	1
13.899999999999986	1
13.999999999999986	1
14.099999999999985	1
14.199999999999985	1
14.299999999999985	1
14.399999999999984	1
14.499999999999984	1
14.599999999999984	1
14.699999999999983	1
14.799999999999983	1
14.899999999999983	1
14.999999999999982	1
15.099999999999982	1
15.199999999999982	1
15.299999999999981	1
15.399999999999981	1
15.49999999999998	1
15.59999999999998	1
15.69999999999998	1
15.799999999999979	1
15.899999999999979	1
15.999999999999979	1
16.09999999999998	1
16.199999999999982	1
16.299999999999983	1
16.399999999999984	1
16.499999999999986	1
16.599999999999987	1
16.699999999999989	1
16.79999999999999	1
16.899999999999991	1
16.999999999999993	1
17.099999999999994	1
17.199999999999996	1
17.299999999999997	1
17.399999999999999	1
17.5	1
17.600000000000001	1
17.700000000000003	1
17.800000000000004	1
17.900000000000006	1
18.000000000000007	1
18.100000000000009	1
18.20000000000001	1
18.300000000000011	1
18.400000000000013	1
18.500000000000014	1
18.600000000000016	1
18.700000000000017	1
18.800000000000018	1
18.90000000000002	1
19.000000000000021	1
19.100000000000023	1
19.200000000000024	1
19.300000000000026	1
19.400000000000027	1
19.500000000000028	1
19.60000000000003	1
19.700000000000031	1
19.800000000000033	1
19.900000000000034	1
20.000000000000036	1
20.100000000000037	1
20.200000000000038	1
20.30000000000004	1
20.400000000000041	1
20.500000000000043	1
20.600000000000044	1
20.700000000000045	1
20.800000000000047	1
20.900000000000048	1
21.00000000000005	1
21.100000000000051	1
21.200000000000053	1
21.300000000000054	1
21.400000000000055	3.63333
21.500000000000057	9.80873
21.600000000000058	17.2272
21.70000000000006	25.003
21.800000000000061	31.7078
21.900000000000063	39.4665
22.000000000000064	23.4935
22.100000000000065	12.0205
22.200000000000067	12.0205
22.300000000000068	7.95974
22.40000000000007	14.2809
22.500000000000071	22.0086
22.600000000000072	29.6425
22.700000000000074	36.4264
22.800000000000075	44.2615
22.900000000000077	11.4542
23.000000000000078	11.4542
23.10000000000008	7.65205
23.200000000000081	15.0743
23.300000000000082	22.1725
23.400000000000084	29.3922
23.500000000000085	37.204
23.600000000000087	45.037
23.700000000000088	11.9804
23.80000000000009	11.9804
23.900000000000091	10.1169
24.000000000000092	16.6388
24.100000000000094	24.274
24.200000000000095	32.086
24.300000000000097	21.2636
24.400000000000098	13.4199
24.500000000000099	19.351
24.600000000000101	14.6971
24.700000000000102	22.2805
24.800000000000104	13.5524
24.900000000000105	20.2007
25.000000000000107	28.007
25.100000000000108	35.7021
25.200000000000109	42.5066
25.300000000000111	11.1102
25.400000000000112	18.1639
25.500000000000114	24.9849
25.600000000000115	32.6269
25.700000000000117	40.407
25.800000000000118	47.2746
25.900000000000119	12.5125
26.000000000000121	12.5125
26.100000000000122	12.5125
26.200000000000124	12.5924
26.300000000000125	12.5924
26.400000000000126	10.0259
26.500000000000128	17.4089
26.600000000000129	24.1537
26.700000000000131	31.995
26.800000000000132	39.6976
26.900000000000134	46.5194
27.000000000000135	54.371
27.100000000000136	27.9566
27.200000000000138	13.9783
27.300000000000139	13.9783
27.400000000000141	9.29742
27.500000000000142	15.9054
27.600000000000144	10.5506
27.700000000000145	7.47773
27.800000000000146	10.9682
27.900000000000148	18.3526
28.000000000000149	26.0992
28.100000000000151	13.1831
28.200000000000152	13.1831
28.300000000000153	6.93882
28.400000000000155	9.54292
28.500000000000156	17.0778
28.600000000000158	23.7483
28.700000000000159	15.5584
28.800000000000161	21.3631
28.900000000000162	28.1542
29.000000000000163	16.9769
29.100000000000165	24.5068
29.200000000000166	31.2862
29.300000000000168	39.1287
29.400000000000169	47.0238
29.500000000000171	53.8829
29.600000000000172	30.3212
29.700000000000173	15.3247
29.800000000000175	15.3247
29.900000000000176	9.34296
30.000000000000178	16.7295
30.100000000000179	23.4993
30.20000000000018	15.1201
30.300000000000182	10.7816
30.400000000000183	17.1671
30.500000000000185	7.08672
30.600000000000186	7.28211
30.700000000000188	14.2021
30.800000000000189	10.4653
30.90000000000019	8.03044
31.000000000000192	15.0705
31.100000000000193	22.6612
31.200000000000195	12.5462
31.300000000000196	7.41424
31.400000000000198	14.8886
31.500000000000199	9.97453
31.6000000000002	14.2073
31.700000000000202	21.9153
31.800000000000203	28.5753
31.900000000000205	36.3151
32.000000000000206	18.1575
32.100000000000207	18.1575
32.200000000000209	12.463
32.30000000000021	8.71296
32.400000000000212	14.5751
32.500000000000213	5.83541
32.600000000000215	12.1156
32.700000000000216	5.72296
32.800000000000217	12.5516
32.900000000000219	7.97673
33.00000000000022	2.83636
33.100000000000222	1.87977
33.200000000000223	7.95848
33.300000000000225	15.2312
33.400000000000226	5.36148
33.500000000000227	11.7275
33.600000000000229	9.49154
33.70000000000023	8.11604
33.800000000000232	9.23594
33.900000000000233	7.54645
34.000000000000234	14.198
34.100000000000236	8.54063
34.200000000000237	5.3816
34.300000000000239	6.07831
34.40000000000024	10.1718
34.500000000000242	17.6641
34.600000000000243	13.2603
34.700000000000244	20.0062
34.800000000000246	13.2153
34.900000000000247	5.11004
35.000000000000249	11.3542
35.10000000000025	4.74354
35.200000000000252	11.9765
35.300000000000253	7.37641
35.400000000000254	4.54483
35.500000000000256	7.14954
35.600000000000257	13.5558
35.700000000000259	21.1709
35.80000000000026	12.851
35.900000000000261	19.3794
36.000000000000263	14.2533
36.100000000000264	21.9907
36.200000000000266	28.6331
36.300000000000267	18.9119
36.400000000000269	26.4952
36.50000000000027	33.29
36.600000000000271	41.1392
36.700000000000273	11.013
36.800000000000274	11.013
36.900000000000276	15.3499
37.000000000000277	10.0745
37.100000000000279	8.6154
37.20000000000028	16.0889
37.300000000000281	23.7327
37.400000000000283	30.4547
37.500000000000284	8.08426
37.600000000000286	10.6599
37.700000000000287	17.208
37.800000000000288	13.4701
37.90000000000029	21.1162
38.000000000000291	13.001
38.100000000000293	9.33364
38.200000000000294	16.903
38.300000000000296	10.1009
38.400000000000297	8.1017
38.500000000000298	9.20146
38.6000000000003	8.95608
38.700000000000301	3.45851
38.800000000000303	3.91459
38.900000000000304	6.12346
39.000000000000306	13.3522
39.100000000000307	10.3286
39.200000000000308	15.2009
39.30000000000031	22.9233
39.400000000000311	30.5576
39.500000000000313	17.6205
39.600000000000314	11.6491
39.700000000000315	19.1886
39.800000000000317	26.0097
39.900000000000318	15.4489
40.00000000000032	8.01256
40.100000000000321	14.3802
40.200000000000323	3.68163
40.300000000000324	10.0286
40.400000000000325	16.4642
40.500000000000327	11.9734
40.600000000000328	7.99455
40.70000000000033	12.2614
40.800000000000331	19.9206
40.900000000000333	16.0985
41.000000000000334	22.7928
41.100000000000335	30.4598
41.200000000000337	18.987
41.300000000000338	9.77925
41.40000000000034	9.77925
41.500000000000341	17.2105
41.600000000000342	9.08646
41.700000000000344	16.2834
41.800000000000345	24.032
41.900000000000347	30.7536
42.000000000000348	17.649
42.10000000000035	9.94832
42.200000000000351	16.3544
42.300000000000352	10.3647
42.400000000000354	13.102
42.500000000000355	9.16512
42.600000000000357	16.0175
42.700000000000358	12.1611
42.80000000000036	18.8237
42.900000000000361	26.4324
43.000000000000362	17.5194
43.100000000000364	5.60613
43.200000000000365	12