10	1
10.1	1
10.199999999999999	1
10.299999999999999	1
10.399999999999999	1
10.499999999999998	1
10.599999999999998	1
10.699999999999998	1
10.799999999999997	1
10.899999999999997	1
10.999999999999996	1
11.099999999999996	1
11.199999999999996	1
11.299999999999995	1
11.399999999999995	1
11.499999999999995	1
11.599999999999994	1
11.699999999999994	1
11.799999999999994	1
11.899999999999993	1
11.999999999999993	1
12.099999999999993	1
12.199999999999992	1
12.299999999999992	1
12.399999999999991	1
12.499999999999991	1
12.599999999999991	1
12.69999999999999	1
12.79999999999999	1
12.89999999999999	1
12.999999999999989	1
13.099999999999989	1
13.199999999999989	1
13.299999999999988	1
13.399999999999988	1
13.499999999999988	1
13.599999999999987	1
13.699999999999987	1
13.799999999999986	1
13.899999999999986	1
13.999999999999986	1
14.099999999999985	1
14.199999999999985	1
14.299999999999985	1
14.399999999999984	1
14.499999999999984	1
14.599999999999984	1
14.699999999999983	1
14.799999999999983	1
14.899999999999983	1
14.999999999999982	1
15.099999999999982	1
15.199999999999982	1
15.299999999999981	1
15.399999999999981	1
15.49999999999998	1
15.59999999999998	1
15.69999999999998	1
15.799999999999979	1
15.899999999999979	1
15.999999999999979	1
16.09999999999998	1
16.199999999999982	1
16.299999999999983	1
16.399999999999984	1
16.499999999999986	1
16.599999999999987	1
16.699999999999989	1
16.79999999999999	1
16.899999999999991	1
16.999999999999993	1
17.099999999999994	1
17.199999999999996	1
17.299999999999997	1
17.399999999999999	1
17.5	1
17.600000000000001	1
17.700000000000003	1
17.800000000000004	1
17.900000000000006	1
18.000000000000007	1
18.100000000000009	1
18.20000000000001	1
18.300000000000011	1
18.400000000000013	1
18.500000000000014	1
18.600000000000016	1
18.700000000000017	1
18.800000000000018	1
18.90000000000002	1
19.000000000000021	1
19.100000000000023	1
19.200000000000024	1
19.300000000000026	1
19.400000000000027	1
19.500000000000028	1
19.60000000000003	1
19.700000000000031	1
19.800000000000033	1
19.900000000000034	1
20.000000000000036	1
20.100000000000037	1
20.200000000000038	1
20.30000000000004	1
20.400000000000041	1
20.500000000000043	1
20.600000000000044	1
20.700000000000045	1
20.800000000000047	1
20.900000000000048	1
21.00000000000005	1
21.100000000000051	1
21.200000000000053	1
21.300000000000054	1
21.400000000000055	1
21.500000000000057	1
21.600000000000058	1
21.70000000000006	1
21.800000000000061	1
21.900000000000063	1
22.000000000000064	1
22.100000000000065	1
22.200000000000067	1
22.300000000000068	1
22.40000000000007	1
22.500000000000071	4
22.600000000000072	16
22.700000000000074	13.5
22.800000000000075	13.5
22.900000000000077	13.5
23.000000000000078	5
23.10000000000008	7.36254
23.200000000000081	9.18859
23.300000000000082	10.1256
23.400000000000084	12.0292
23.500000000000085	6.17916
23.600000000000087	6.65257
23.700000000000088	8.39593
23.80000000000009	10.2318
23.900000000000091	12.1186
24.000000000000092	14.0359
24.100000000000094	15.973
24.200000000000095	16.8877
24.300000000000097	18.7429
24.400000000000098	20.6251
24.500000000000099	22.5274
24.600000000000101	11.7848
24.700000000000102	11.7848
24.800000000000104	11.7848
24.900000000000105	3
25.000000000000107	6.42297
25.100000000000108	8.21603
25.200000000000109	9.14389
25.300000000000111	11.0363
25.400000000000112	12.8824
25.500000000000114	14.6999
25.600000000000115	16.5592
25.700000000000117	8.57674
25.800000000000118	9.67895
25.900000000000119	11.4828
26.000000000000121	13.3418
26.100000000000122	14.0019
26.200000000000124	7.00094
26.300000000000125	8.78877
26.400000000000126	10.5559
26.500000000000128	12.3931
26.600000000000129	14.2734
26.700000000000131	16.1199
26.800000000000132	18.0545
26.900000000000134	20.0017
27.000000000000135	21.9125
27.100000000000136	22.8517
27.200000000000138	24.7443
27.300000000000139	13.1562
27.400000000000141	13.3078
27.500000000000142	15.2063
27.600000000000144	17.1275
27.700000000000145	19.0646
27.800000000000146	21.0132
27.900000000000148	22.9269
28.000000000000149	24.8137
28.100000000000151	25.7635
28.200000000000152	27.6736
28.300000000000153	13.8729
28.400000000000155	14.5087
28.500000000000156	16.3898
28.600000000000158	18.241
28.700000000000159	20.1701
28.800000000000161	22.1117
28.900000000000162	24.021
29.000000000000163	12.0105
29.100000000000165	12.0938
29.200000000000166	12.0938
29.300000000000168	2
29.400000000000169	6.16667
29.500000000000171	8.0183
29.600000000000172	9.82331
29.700000000000173	11.6045
29.800000000000175	13.4467
29.900000000000176	15.3279
30.000000000000178	17.0602
30.100000000000179	8.53011
30.20000000000018	9.42674
30.300000000000182	11.2713
30.400000000000183	12.9298
30.500000000000185	14.6049
30.600000000000186	8.08881
30.700000000000188	9.98201
30.800000000000189	11.739
30.90000000000019	13.5627
31.000000000000192	15.4298
31.100000000000193	16.3749
31.200000000000195	18.2824
31.300000000000196	20.2076
31.400000000000198	21.9187
31.500000000000199	10.9593
31.6000000000002	11.84
31.700000000000202	13.6502
31.800000000000203	15.5066
31.900000000000205	17.3946
32.000000000000206	9.36275
32.100000000000207	9.46956
32.200000000000209	11.3071
32.30000000000021	13.1911
32.400000000000212	15.1043
32.500000000000213	17.0371
32.600000000000215	18.9834
32.700000000000216	20.8438
32.800000000000217	22.7277
32.900000000000219	24.6299
33.00000000000022	26.5463
33.100000000000222	27.5089
33.200000000000223	29.4416
33.300000000000225	31.3827
33.400000000000226	33.3307
33.500000000000227	35.2844
33.600000000000229	37.243
33.70000000000023	18.9147
33.800000000000232	18.9147
33.900000000000233	2
34.000000000000234	3
34.100000000000236	9.75093
34.200000000000237	11.5434
34.300000000000239	13.394
34.40000000000024	15.2817
34.500000000000242	17.1945
34.600000000000243	19.1248
34.700000000000244	21.0678
34.800000000000246	23.0205
34.900000000000247	11.9581
35.000000000000249	11.9581
35.10000000000025	13.606
35.200000000000252	15.4029
35.300000000000253	17.3022
35.400000000000254	19.2216
35.500000000000256	21.1558
35.600000000000257	23.101
35.700000000000259	11.9968
35.80000000000026	13.7134
35.900000000000261	14.6329
36.000000000000263	16.4998
36.100000000000264	18.3943
36.200000000000266	20.3089
36.300000000000267	22.2383
36.400000000000269	24.179
36.50000000000027	26.1286
36.600000000000271	28.0851
36.700000000000273	30.0473
36.800000000000274	15.0569
36.900000000000276	15.0569
37.000000000000277	7.72641
37.100000000000279	9.48175
37.20000000000028	11.3173
37.300000000000281	13.1998
37.400000000000283	14.9787
37.500000000000284	8.25767
37.600000000000286	10.119
37.700000000000287	12.0236
37.800000000000288	13.882
37.90000000000029	14.791
38.000000000000291	16.6401
38.100000000000293	18.5203
38.200000000000294	20.423
38.300000000000296	10.6435
38.400000000000297	12.387
38.500000000000298	14.2681
38.6000000000003	16.1773
38.700000000000301	18.1057
38.800000000000303	19.0754
38.900000000000304	9.84761
39.000000000000306	11.004
39.100000000000307	12.7764
39.200000000000308	14.6072
39.30000000000031	16.477
39.400000000000311	18.3739
39.500000000000313	20.2904
39.600000000000314	10.6039
39.700000000000315	12.4339
39.800000000000317	13.3669
39.900000000000318	15.1922
40.00000000000032	17.115
40.100000000000321	19.0534
40.200000000000323	9.88772
40.300000000000324	11.0398
40.400000000000325	12.8854
40.500000000000327	14.7026
40.600000000000328	16.5615
40.70000000000033	17.5026
40.800000000000331	19.4021
40.900000000000333	21.0838
41.000000000000334	10.5419
41.100000000000335	11.4549
41.200000000000337	13.3179
41.300000000000338	15.2151
41.40000000000034	17.1353
41.500000000000341	19.0716
41.600000000000342	21.0196
41.700000000000344	21.997
41.800000000000345	23.7896
41.900000000000347	25.6909
42.000000000000348	27.6061
42.10000000000035	29.4985
42.200000000000351	15.6223
42.300000000000352	16.6168
42.400000000000354	18.4993
42.500000000000355	20.404
42.600000000000357	22.3252
42.700000000000358	23.2476
42.80000000000036	25.1899
42.900000000000361	12.8895
43.000000000000362	13.1209
43.100000000000364	15.0431
43.200000000000365	7.84836
43.300000000000367	9.58111
43.400000000000368	11.4005
43.500000000000369	13.2712
43.600000000000371	14.21