10	11.2507
10.1	14.3115
10.199999999999999	11.0497
10.299999999999999	5.87704
10.399999999999999	10.2519
10.499999999999998	7.06562
10.599999999999998	6.49105
10.699999999999998	4.91304
10.799999999999997	8.98605
10.899999999999997	6.80917
10.999999999999996	12.1221
11.099999999999996	8.43028
11.199999999999996	15.0216
11.299999999999995	10.2015
11.399999999999995	7.25299
11.499999999999995	8.16858
11.599999999999994	13.7568
11.699999999999994	8.96542
11.799999999999994	8.96542
11.899999999999993	13.4457
11.999999999999993	8.07728
12.099999999999993	12.3965
12.199999999999992	7.38397
12.299999999999992	13.0035
12.399999999999991	19.4807
12.499999999999991	13.6638
12.599999999999991	8.38215
12.69999999999999	7.51171
12.79999999999999	6.10151
12.89999999999999	11.1281
12.999999999999989	9.29404
13.099999999999989	14.9953
13.199999999999989	10.5806
13.299999999999988	17.1591
13.399999999999988	11.9757
13.499999999999988	7.10375
13.599999999999987	13.4576
13.699999999999987	9.48913
13.799999999999986	7.46565
13.899999999999986	14.0132
13.999999999999986	9.60488
14.099999999999985	8.69671
14.199999999999985	9.14671
14.299999999999985	14.7017
14.399999999999984	8.06585
14.499999999999984	11.5507
14.599999999999984	17.0237
14.699999999999983	5.77036
14.799999999999983	6.31186
14.899999999999983	4.30561
14.999999999999982	9.23647
15.099999999999982	7.14883
15.199999999999982	5.8223
15.299999999999981	7.49363
15.399999999999981	5.63517
15.49999999999998	11.0651
15.59999999999998	7.69361
15.69999999999998	5.99244
15.799999999999979	8.38143
15.899999999999979	14.0273
15.999999999999979	9.60574
16.09999999999998	5.98187
16.199999999999982	11.2436
16.299999999999983	7.15298
16.399999999999984	7.15298
16.499999999999986	2
16.599999999999987	7.343
16.699999999999989	12.9805
16.79999999999999	8.92765
16.899999999999991	12
16.999999999999993	9.29743
17.099999999999994	5.94432
17.199999999999996	6.13031
17.299999999999997	11.4985
17.399999999999999	8.34548
17.5	11.4877
17.600000000000001	7.18421
17.700000000000003	5.83311
17.800000000000004	11.8634
17.900000000000006	8.38283
18.000000000000007	8.38283
18.100000000000009	1
18.20000000000001	6.51909
18.300000000000011	5.08763
18.400000000000013	10.4215
18.500000000000014	16.0949
18.600000000000016	10.0158
18.700000000000017	5.25553
18.800000000000018	10.6929
18.90000000000002	17.2284
19.000000000000021	9.73317
19.100000000000023	8.00632
19.200000000000024	14.3767
19.300000000000026	8.81609
19.400000000000027	5.78786
19.500000000000028	11.1427
19.60000000000003	16.8099
19.700000000000031	10.9183
19.800000000000033	5.55034
19.900000000000034	9.01646
20.000000000000036	6.55118
20.100000000000037	3.90821
20.200000000000038	2.08204
20.30000000000004	5.22586
20.400000000000041	11.4937
20.500000000000043	6.7574
20.600000000000044	6.43591
20.700000000000045	6.00692
20.800000000000047	11.3457
20.900000000000048	7.26244
21.00000000000005	4.71716
21.100000000000051	5.01747
21.200000000000053	10.2908
21.300000000000054	6.48331
21.400000000000055	10.1234
21.500000000000057	5.75786
21.600000000000058	3.36568
21.70000000000006	2.96791
21.800000000000061	7.98903
21.900000000000063	6.00488
22.000000000000064	4.87369
22.100000000000065	10.1238
22.200000000000067	5.30422
22.300000000000068	5.30422
22.40000000000007	4.33944
22.500000000000071	10.1831
22.600000000000072	15.8789
22.700000000000074	8.66354
22.800000000000075	6.31339
22.900000000000077	8.9561
23.000000000000078	5.62229
23.10000000000008	5.57451
23.200000000000081	9.35941
23.300000000000082	7.4043
23.400000000000084	13.9808
23.500000000000085	9.41564
23.600000000000087	5.50667
23.700000000000088	11.8785
23.80000000000009	4.51937
23.900000000000091	9.22757
24.000000000000092	5.94565
24.100000000000094	10.1929
24.200000000000095	9.19623
24.300000000000097	5.93352
24.400000000000098	3.9845
24.500000000000099	9.09476
24.600000000000101	7.7832
24.700000000000102	6.38506
24.800000000000104	8.18657
24.900000000000105	13.7674
25.000000000000107	1
25.100000000000108	6.77034
25.200000000000109	6.43923
25.300000000000111	12.4952
25.400000000000112	7.01066
25.500000000000114	6.7731
25.600000000000115	5.70966
25.700000000000117	3.49301
25.800000000000118	7.4142
25.900000000000119	4.7756
26.000000000000121	9.13582
26.100000000000122	7.00297
26.200000000000124	13.33
26.300000000000125	10.4335
26.400000000000126	7.80381
26.500000000000128	6.24899
26.600000000000129	4.16352
26.700000000000131	8.48873
26.800000000000132	7.44321
26.900000000000134	13.0371
27.000000000000135	18.6635
27.100000000000136	11.3456
27.200000000000138	3.83496
27.300000000000139	8.3365
27.400000000000141	6.64579
27.500000000000142	12.1149
27.600000000000144	9.16958
27.700000000000145	15.7042
27.800000000000146	10.2429
27.900000000000148	7.47154
28.000000000000149	13.6539
28.100000000000151	10.0435
28.200000000000152	15.5342
28.300000000000153	10.5113
28.400000000000155	8.97553
28.500000000000156	5.11595
28.600000000000158	5.11595
28.700000000000159	3.55301
28.800000000000161	9.67696
28.900000000000162	7.98496
29.000000000000163	2.9488
29.100000000000165	7.98233
29.200000000000166	5.96072
29.300000000000168	3.06424
29.400000000000169	3.39059
29.500000000000171	3.39059
29.600000000000172	5.19763
29.700000000000173	10.5704
29.800000000000175	16.1914
29.900000000000176	10.3005
30.000000000000178	5.39114
30.100000000000179	4.68441
30.20000000000018	4.68441
30.300000000000182	1
30.400000000000183	6.09735
30.500000000000185	5.29419
30.600000000000186	4.75976
30.700000000000188	4.75976
30.800000000000189	4.75976
30.90000000000019	5.19763
31.000000000000192	5.71614
31.100000000000193	11.0153
31.200000000000195	8.64813
31.300000000000196	8.08041
31.400000000000198	6.0982
31.500000000000199	6.16626
31.6000000000002	6.79132
31.700000000000202	4.42689
31.800000000000203	9.81857
31.900000000000205	16.2761
32.000000000000206	8.49934
32.100000000000207	8.49934
32.200000000000209	4.70824
32.30000000000021	4.6147
32.400000000000212	5.72156
32.500000000000213	5.56203
32.600000000000215	11.0285
32.700000000000216	6.47666
32.800000000000217	4.24915
32.900000000000219	3.41092
33.00000000000022	6.80751
33.100000000000222	2.92151
33.200000000000223	2.92151
33.300000000000225	2
33.400000000000226	7.02286
33.500000000000227	2.97055
33.600000000000229	3.47815
33.70000000000023	8.66187
33.800000000000232	13.6926
33.900000000000233	3.90529
34.000000000000234	3.90529
34.100000000000236	3.90529
34.200000000000237	5.19763
34.300000000000239	10.2813
34.40000000000024	7.17704
34.500000000000242	5.16808
34.600000000000243	5.05429
34.700000000000244	11.2407
34.800000000000246	3.54243
34.900000000000247	7.96085
35.000000000000249	3.98043
35.10000000000025	3.98043
35.200000000000252	6.09735
35.300000000000253	6.10164
35.400000000000254	7.08329
35.500000000000256	12.5198
35.600000000000257	19.1617
35.700000000000259	10.3592
35.80000000000026	10.3592
35.900000000000261	5.57776
36.000000000000263	10.1843
36.100000000000264	5.87073
36.200000000000266	10.9129
36.300000000000267	4.01182
36.400000000000269	9.21626
36.50000000000027	5.54811
36.600000000000271	5.73783
36.700000000000273	6.19534
36.800000000000274	6.34485
36.900000000000276	12.7656
37.000000000000277	10.0092
37.100000000000279	4.5401
37.20000000000028	10.8394
37.300000000000281	6.39647
37.400000000000283	11.2018
37.500000000000284	5.46083
37.600000000000286	5.20751
37.700000000000287	7.5828
37.800000000000288	3.7914
37.90000000000029	3.7914
38.000000000000291	5.19763
38.100000000000293	5.18566
38.200000000000294	4.73019
38.300000000000296	10.8264
38.400000000000297	6.9905
38.500000000000298	8.66509
38.6000000000003	8.32444
38.700000000000301	13.9935
38.800000000000303	4.388
38.900000000000304	10.2034
39.000000000000306	5.1017
39.100000000000307	5.1017
39.200000000000308	4.09525
39.30000000000031	5.44775
39.400000000000311	5.35247
39.500000000000313	4.67802
39.600000000000314	4.94319
39.700000000000315	11.1019
39.800000000000317	5.94393
39.900000000000318	5.94393
40.00000000000032	3.24483
40.100000000000321	8.80618
40.200000000000323	5.56291
40.300000000000324	4.88659
40.400000000000325	3.88423
40.500000000000327	3.86615
40.600000000000328	3.14019
40.70000000000033	2.9371
40.800000000000331	8.46832
40.900000000000333	5.66689
41.000000000000334	4.91604
41.100000000000335	9.42476
41.200000000000337	6.84106
41.300000000000338	7.6757
41.40000000000034	5.55411
41.500000000000341	2.66407
41.600000000000342	6.93441
41.700000000000344	6.04919
41.800000000000345	5.27145
41.900000000000347	7.35704
42.000000000000348	6.16936
42.10000000000035	5.42366
42.200000000000351	10.9602
42.300000000000352	6.00454
42.400000000000354	11.9477
42.500000000000355	7.6113
42.600000000000357	5.67133
42.700000000000358	4.7218
42.80000000000036	3.1436
42.900000000000361	3.56095
43.000000000000362	4.21243
43.100000000000364	4.13613
43.200000000000365	8.23452
43.300000000000367	14.6419
43.400000000000368	7.32095
43.500000000000369	7.32095
43.600000000000371	5.05378
43.700000000000372	2.47014
43.800000000000374	3.04304
43.900000000000375	8.0158
44.000000000000377	4.64764
44.100000000000378	5.30177
44.200000000000379	4.29874
44.300000000000381	9.55452
44.400000000000382	7.61993
44.500000000000384	5.37294
44.600000000000385	5.08708
44.700000000000387	8.50876
44.800000000000388	4.25438
44.900000000000389	4.25438
45.000000000000391	4.56988
45.100000000000392	9.88255
45.200000000000394	9.22213
45.300000000000395	5.8585
45.400000000000396	11.089
45.500000000000398	7.16279
45.600000000000399	6.57437
45.700000000000401	5.70569
45.800000000000402	4.51614
45.900000000000404	2.84559
46.000000000000405	7.94688
46.100000000000406	13.3294
46.200000000000408	7.20679
46.300000000000409	2.4383
46.400000000000411	2.95245
46.500000000000412	2.95245
46.600000000000414	1
46.700000000000415	6.87746
46.800000000000416	2.93142
46.900000000000418	1.78906
47.000000000000419	7.79981
47.100000000000421	5.94266
47.200000000000422	9.36882
47.300000000000423	6.48269
47.400000000000425	3.89607
47.500000000000426	4.04921
47.600000000000428	3.21086
47.700000000000429	3.21086
47.800000000000431	2
47.900000000000432	2.78778
48.000000000000433	3.34195
48.100000000000435	7.20803
48.200000000000436	7.15163
48.300000000000438	5.28059
48.400000000000439	7.08396
48.500000000000441	5.36458
48.600000000000442	10.8392
48.700000000000443	7.4466
48.800000000000445	12.3272
48.900000000000446	6.96566
49.000000000000448	2.67603
49.100000000000449	6.79147
49.20000000000045	6.79147
49.300000000000452	3.33333
49.400000000000453	3.61178
49.500000000000455	4.34991
49.600000000000456	10.4791
49.700000000000458	3.99627
49.800000000000459	9.09978
49.90000000000046	5.72356
50.000000000000462	5.72356
50.100000000000463	3.83446
50.200000000000465	1.78338
50.300000000000466	1.78338
50.400000000000468	1.78338
50.500000000000469	5.19763
50.60000000000047	2.87745
50.700000000000472	7.95769
50.800000000000473	7.01905
50.900000000000475	5.65125
51.000000000000476	4.86773
51.100000000000477	5.24951
51.200000000000479	4.75573
51.30000000000048	10.0686
51.400000000000482	5.55596
51.500000000000483	5.55596
51.600000000000485	2.9
51.700000000000486	4.10727
51.800000000000487	9.03717
51.900000000000489	5.74263
52.00000000000049	5.37612
52.100000000000492	10.2741
52.200000000000493	6.24003
52.300000000000495	6.01435
52.400000000000496	11.3496
52.500000000000497	8.48945
52.600000000000499	5.70895
52.7000000000005	10.1574
52.800000000000502	8.25588
52.900000000000503	14.79
53.000000000000504	8.52772
53.100000000000506	8.52772
53.200000000000507	4.48529
53.300000000000509	10.1462
53.40000000000051	3.71356
53.500000000000512	3.82517
53.600000000000513	2.49526
53.700000000000514	2.78679
53.800000000000516	8.29988
53.900000000000517	13.979
54.000000000000519	6.98949
54.10000000000052	6.98949
54.200000000000522	3.90856
54.300000000000523	3.90856
54.400000000000524	2.9
54.500000000000526	7.96541
54.600000000000527	8.21771
54.700000000000529	13.7859
54.80000000000053	10.3846
54.900000000000531	7.75538
55.000000000000533	6.17685
55.100000000000534	8.51337
55.200000000000536	5.01604
55.300000000000537	5.01604
55.400000000000539	3.55301
55.50000000000054	3.55301
55.600000000000541	3.55301
55.700000000000543	3.55301
55.800000000000544	1
55.900000000000546	6.09735
56.000000000000547	11.4811
56.100000000000549	8.27923
56.2000