10	1
10.1	1
10.199999999999999	1
10.299999999999999	1
10.399999999999999	1
10.499999999999998	1
10.599999999999998	1
10.699999999999998	1
10.799999999999997	1
10.899999999999997	1
10.999999999999996	1
11.099999999999996	1
11.199999999999996	1
11.299999999999995	1
11.399999999999995	1
11.499999999999995	1
11.599999999999994	1
11.699999999999994	1
11.799999999999994	1
11.899999999999993	1
11.999999999999993	1
12.099999999999993	1
12.199999999999992	1
12.299999999999992	1
12.399999999999991	1
12.499999999999991	1
12.599999999999991	1
12.69999999999999	16
12.79999999999999	11.5
12.89999999999999	6.44913
12.999999999999989	5.11923
13.099999999999989	9.53074
13.199999999999989	15.1426
13.299999999999988	19.9894
13.399999999999988	12.7089
13.499999999999988	8.69041
13.599999999999987	13.2645
13.699999999999987	18.9818
13.799999999999986	23.6755
13.899999999999986	29.4406
13.999999999999986	34.2768
14.099999999999985	8.77116
14.199999999999985	13.9786
14.299999999999985	10.1831
14.399999999999984	15.879
14.499999999999984	9.2235
14.599999999999984	13.765
14.699999999999983	9.37797
14.799999999999983	12.0914
14.899999999999983	7.94889
14.999999999999982	12.3948
15.099999999999982	7.93694
15.199999999999982	13.3235
15.299999999999981	8.8289
15.399999999999981	12.0108
15.49999999999998	16.6308
15.59999999999998	4.70939
15.69999999999998	7.25376
15.799999999999979	5.69649
15.899999999999979	11.0961
15.999999999999979	15.7948
16.09999999999998	21.4425
16.199999999999982	5.43036
16.299999999999983	2.98263
16.399999999999984	2.98263
16.499999999999986	1
16.599999999999987	6.09735
16.699999999999989	10.5704
16.79999999999999	8.53201
16.899999999999991	6.47569
16.999999999999993	12.0232
17.099999999999994	7.69424
17.199999999999996	11.2955
17.299999999999997	8.18851
17.399999999999999	5.77698
17.5	6.75986
17.600000000000001	12.1774
17.700000000000003	9.16192
17.800000000000004	6.67681
17.900000000000006	9.84741
18.000000000000007	7.16605
18.100000000000009	5.53989
18.20000000000001	10.0645
18.300000000000011	15.612
18.400000000000013	9.66887
18.500000000000014	14.1375
18.600000000000016	8.58204
18.700000000000017	13.1941
18.800000000000018	9.52584
18.90000000000002	7.95016
19.000000000000021	13.3313
19.100000000000023	18.0563
19.200000000000024	23.7972
19.300000000000026	13.5504
19.400000000000027	10.2136
19.500000000000028	8.28062
19.60000000000003	13.0008
19.700000000000031	9.35844
19.800000000000033	6.48194
19.900000000000034	5.06125
20.000000000000036	10.1151
20.100000000000037	7.27551
20.200000000000038	12.8649
20.30000000000004	9.38707
20.400000000000041	6.21628
20.500000000000043	5.17582
20.600000000000044	9.13034
20.700000000000045	6.08339
20.800000000000047	11.4738
20.900000000000048	16.1862
21.00000000000005	5.29701
21.100000000000051	8.39789
21.200000000000053	14.0371
21.300000000000054	18.7438
21.400000000000055	24.1989
21.500000000000057	30.03
21.600000000000058	16.1401
21.70000000000006	9.23187
21.800000000000061	13.9873
21.900000000000063	8.77314
22.000000000000064	14.1225
22.100000000000065	3.87011
22.200000000000067	2.29976
22.300000000000068	6.35216
22.40000000000007	5.69358
22.500000000000071	6.19173
22.600000000000072	10.4338
22.700000000000074	9.68718
22.800000000000075	6.59971
22.900000000000077	11.9227
23.000000000000078	4.7963
23.10000000000008	2.6023
23.200000000000081	3.59244
23.300000000000082	7.98249
23.400000000000084	13.2752
23.500000000000085	7.94373
23.600000000000087	13.0998
23.700000000000088	10.8355
23.80000000000009	7.21883
23.900000000000091	3.33311
24.000000000000092	7.61279
24.100000000000094	5.25068
24.200000000000095	8.48856
24.300000000000097	13.1337
24.400000000000098	8.64247
24.500000000000099	8.64247
24.600000000000101	14.1133
24.700000000000102	19.3261
24.800000000000104	6.00473
24.900000000000105	11.3445
25.000000000000107	15.7807
25.100000000000108	9.51027
25.200000000000109	6.49535
25.300000000000111	12.0337
25.400000000000112	17.5838
25.500000000000114	10.8581
25.600000000000115	7.21429
25.700000000000117	7.21429
25.800000000000118	2
25.900000000000119	6.77034
26.000000000000121	12.1831
26.100000000000122	8.47351
26.200000000000124	12.8927
26.300000000000125	3.86455
26.400000000000126	3.62762
26.500000000000128	4.29768
26.600000000000129	4.47352
26.700000000000131	3.43384
26.800000000000132	4.40241
26.900000000000134	8.60589
27.000000000000135	6.48988
27.100000000000136	10.984
27.200000000000138	7.96481
27.300000000000139	7.23742
27.400000000000141	5.91656
27.500000000000142	5.95601
27.600000000000144	10.1989
27.700000000000145	15.3762
27.800000000000146	8.49306
27.900000000000148	8.49306
28.000000000000149	3
28.100000000000151	4.25
28.200000000000152	4.25
28.300000000000153	4.25
28.400000000000155	4.25
28.500000000000156	4.33944
28.600000000000158	4.03562
28.700000000000159	8.30785
28.800000000000161	5.81923
28.900000000000162	5.00288
29.000000000000163	3.58447
29.100000000000165	6.11522
29.200000000000166	10.389
29.300000000000168	8.17112
29.400000000000169	6.06557
29.500000000000171	3.90663
29.600000000000172	8.12447
29.700000000000173	5.30368
29.800000000000175	4.01713
29.900000000000176	3.62217
30.000000000000178	3.22925
30.100000000000179	4.34636
30.20000000000018	4.0473
30.300000000000182	7.27863
30.400000000000183	11.9783
30.500000000000185	7.55608
30.600000000000186	5.69004
30.700000000000188	5.69004
30.800000000000189	2
30.90000000000019	5.92867
31.000000000000192	4.34556
31.100000000000193	4.34556
31.200000000000195	2.9
31.300000000000196	7.02286
31.400000000000198	6.02818
31.500000000000199	4.01964
31.6000000000002	5.70221
31.700000000000202	4.97059
31.800000000000203	9.23763
31.900000000000205	7.01007
32.000000000000206	4.68897
32.100000000000207	10.0378
32.200000000000209	7.26614
32.30000000000021	11.9708
32.400000000000212	10.117
32.500000000000213	14.7897
32.600000000000215	8.2866
32.700000000000216	7.24358
32.800000000000217	5.72122
32.900000000000219	3.35009
33.00000000000022	6.15202
33.100000000000222	5.20523
33.200000000000223	5.39735
33.300000000000225	5.39735
33.400000000000226	4.33944
33.500000000000227	8.33628
33.600000000000229	14.0005
33.70000000000023	9.31479
33.800000000000232	6.10403
33.900000000000233	2.13393
34.000000000000234	6.67825
34.100000000000236	6.67825
34.200000000000237	1
34.300000000000239	6.306
34.40000000000024	10.5966
34.500000000000242	15.9593
34.600000000000243	9.0668
34.700000000000244	14.023
34.800000000000246	9.70787
34.900000000000247	5.25171
35.000000000000249	10.1115
35.10000000000025	6.41727
35.200000000000252	11.9921
35.300000000000253	9.45128
35.400000000000254	6.48603
35.500000000000256	4.96229
35.600000000000257	3.19695
35.700000000000259	3.19695
35.80000000000026	1
35.900000000000261	6.09735
36.000000000000263	10.8517
36.100000000000264	7.48468
36.200000000000266	7.48468
36.300000000000267	1
36.400000000000269	7.20419
36.50000000000027	11.8491
36.600000000000271	9.18908
36.700000000000273	14.7959
36.800000000000274	19.2661
36.900000000000276	6.1632
37.000000000000277	8.85158
37.100000000000279	14.2418
37.20000000000028	20.0292
37.300000000000281	24.7261
37.400000000000283	7.36581
37.500000000000284	4.25443
37.600000000000286	9.42907
37.700000000000287	14.0466
37.800000000000288	10.2753
37.90000000000029	6.44301
38.000000000000291	11.0479
38.100000000000293	3.97974
38.200000000000294	6.34944
38.300000000000296	11.8721
38.400000000000297	17.3588
38.500000000000298	22.1262
38.6000000000003	7.36418
38.700000000000301	11.9465
38.800000000000303	10.1099
38.900000000000304	7.35845
39.000000000000306	11.6019
39.100000000000307	6.61075
39.200000000000308	6.61075
39.30000000000031	3.63333
39.400000000000311	6.77034
39.500000000000313	6.31928
39.600000000000314	10.7923
39.700000000000315	3.85616
39.800000000000317	7.58681
39.900000000000318	12.1669
40.00000000000032	17.6183
40.100000000000321	4.87797
40.200000000000323	9.51158
40.300000000000324	6.33954
40.400000000000325	10.3287
40.500000000000327	7.73121
40.600000000000328	10.5872
40.70000000000033	16.2023
40.800000000000331	9.93377
40.900000000000333	5.72101
41.000000000000334	5.72101
41.100000000000335	1
41.200000000000337	6.09735
41.300000000000338	5.36338
41.40000000000034	4.56353
41.500000000000341	4.56353
41.600000000000342	1
41.700000000000344	5.19763
41.800000000000345	10.4749
41.900000000000347	8.38743
42.000000000000348	13.0688
42.10000000000035	18.6856
42.200000000000351	10.6921
42.300000000000352	16.2709
42.400000000000354	8.43771
42.500000000000355	6.49302
42.600000000000357	12.0325
42.700000000000358	6.72481
42.80000000000036	11.1234
42.900000000000361	6.85455
43.000000000000362	5.48331
43.100000000000364	10.9895
43.200000000000365	15.4632
43.300000000000367	10.2177
43.400000000000368	7.1239
43.500000000000369	12.5427
43.600000000000371	18.2124
43.700000000000372	9.82217
43.800000000000374	7.26064
43.900000000000375	11.2765
44.000000000000377	7.27324
44.100000000000378	6.15282
44.200000000000379	9.17938
44.300000000000381	7.40532
44.400000000000382	12.0552
44.500000000000384	9.28619
44.600000000000385	14.9235
44.700000000000387	10.8653
44.800000000000388	6.93362
44.900000000000389	6.93362
45.000000000000391	2
45.100000000000392	6.46458
45.200000000000394	12.0173
45.300000000000395	10.03
45.400000000000396	14.5937
45.500000000000398	5.48299
45.600000000000399	4.43138
45.700000000000401	4.43138
45.800000000000402	1
45.900000000000404	6.09735
46.000000000000405	5.23744
46.100000000000406	7.46931
46.200000000000408	3.31094
46.300000000000409	7.60349
46.400000000000411	5.43536
46.500000000000412	5.69191
46.600000000000414	4.38275
46.700000000000415	8.71238
46.800000000000416	6.43222
46.900000000000418	5.09503
47.000000000000419	3.47398
47.100000000000421	6.9845
47.200000000000422	7.41386
47.300000000000423	3.70693
47.400000000000425	3.70693
47.500000000000426	4.33944
47.600000000000428	4.28725
47.700000000000429	7.2745
47.800000000000431	4.21506
47.900000000000432	3.1695
48.000000000000433	3.42184
48.100000000000435	8.03623
48.200000000000436	12.5311
48.300000000000438	8.38695
48.400000000000439	5.93063
48.500000000000441	10.1842
48.600000000000442	8.23985
48.700000000000443	6.50686
48.800000000000445	4.60133
48.900000000000446	7.18506
49.000000000000448	11.4057
49.100000000000449	8.59116
49.20000000000045	12.8925
49.300000000000452	10.5855
49.400000000000453	6.89782
49.500000000000455	3.5214
49.600000000000456	8.07759
49.700000000000458	6.05001
49.800000000000459	5.564
49.90000000000046	4.58914
50.000000000000462	4.13436
50.100000000000463	3.59361
50.200000000000465	3.25442
50.300000000000466	7.58003
50.400000000000468	5.16549
50.500000000000469	10.1669
50.60000000000047	8.62419
50.700000000000472	5.67124
50.800000000000473	10.0369
50.900000000000475	14.5985
51.000000000000476	9.74598
51.100000000000477	7.07026
51.200000000000479	6.71971
51.30000000000048	5.99023
51.400000000000482	10.2187
51.500000000000483	15.9017
51.600000000000485	9.55644
51.700000000000486	15.0925
51.800000000000487	8.88747
51.900000000000489	9.64726
52.00000000000049	15.216
52.100000000000492	20.045
52.200000000000493	12.3348
52.300000000000495	8.00637
52.400000000000496	7.21445
52.500000000000497	6.74005
52.600000000000499	4.18536
52.7000000000005	1.64872
52.800000000000502	5.98852
52.900000000000503	4.59976
53.000000000000504	4.006
53.100000000000506	8.29386
53.200000000000507	13.7585
53.300000000000509	4.29929
53.40000000000051	9.01304
53.500000000000512	14.3423
53.600000000000513	4.24934
53.700000000000514	4.51759
53.800000000000516	3.27053
53.900000000000517	6.7408
54.000000000000519	4.94532
54.10000000000052	9.54576
54.200000000000522	7.78444
54.300000000000523	12.2905
54.400000000000524	6.8404
54.500000000000526	6.8404
54.600000000000527	3.90856
54.700000000000529	9.06265
54.80000000000053	7.81132
54.900000000000531	12.6293
55.000000000000533	7.27395
55.100000000000534	11.0149
55.200000000000536	7.65937
55.300000000000537	2.49696
55.400000000000539	7.02187
55.50000000000054	5.98223
55.600000000000541	6.53518
55.700000000000543	11.1015
55.800000000000544	8.18611
55.900000000000546	6.43641
56.000000000000547	11.0441
56.100000000000549	7.91094
56.20000000000055	4.4356
56.300000000000551	4.23449
56.400000000000553	9.52645
56.500000000000554	14.0407
56.600000000000556	19.6845
56.700000000000557	9.94348
56.800000000000558	9.94348
56.9000