10	1
10.1	1
10.199999999999999	1
10.299999999999999	1
10.399999999999999	1
10.499999999999998	1
10.599999999999998	1
10.699999999999998	1
10.799999999999997	1
10.899999999999997	1
10.999999999999996	1
11.099999999999996	1
11.199999999999996	1
11.299999999999995	1
11.399999999999995	1
11.499999999999995	1
11.599999999999994	1
11.699999999999994	1
11.799999999999994	1
11.899999999999993	1
11.999999999999993	1
12.099999999999993	1
12.199999999999992	1
12.299999999999992	1
12.399999999999991	1
12.499999999999991	1
12.599999999999991	1
12.69999999999999	1
12.79999999999999	1
12.89999999999999	1
12.999999999999989	1
13.099999999999989	1
13.199999999999989	1
13.299999999999988	1
13.399999999999988	1
13.499999999999988	1
13.599999999999987	1
13.699999999999987	1
13.799999999999986	1
13.899999999999986	1
13.999999999999986	1
14.099999999999985	1
14.199999999999985	1
14.299999999999985	1
14.399999999999984	1
14.499999999999984	1
14.599999999999984	1
14.699999999999983	1
14.799999999999983	1
14.899999999999983	1
14.999999999999982	1
15.099999999999982	1
15.199999999999982	1
15.299999999999981	1
15.399999999999981	1
15.49999999999998	1
15.59999999999998	1
15.69999999999998	1
15.799999999999979	1
15.899999999999979	1
15.999999999999979	1
16.09999999999998	8
16.199999999999982	15
16.299999999999983	15
16.399999999999984	2
16.499999999999986	9.96775
16.599999999999987	13.5523
16.699999999999989	18.2747
16.79999999999999	22.1395
16.899999999999991	26.0446
16.999999999999993	14.4605
17.099999999999994	16.2241
17.199999999999996	10.3859
17.299999999999997	12.4115
17.399999999999999	17.1572
17.5	20.9421
17.600000000000001	13.1861
17.700000000000003	18.0052
17.800000000000004	10.2508
17.900000000000006	12.4609
18.000000000000007	16.2339
18.100000000000009	20.0936
18.20000000000001	11.4884
18.300000000000011	15.2403
18.400000000000013	20.0635
18.500000000000014	23.9315
18.600000000000016	28.6862
18.700000000000017	15.5963
18.800000000000018	18.5316
18.90000000000002	11.5781
19.000000000000021	7.46124
19.100000000000023	12.0895
19.200000000000024	15.888
19.300000000000026	8.19238
19.400000000000027	12.3095
19.500000000000028	16.1181
19.60000000000003	9.21859
19.700000000000031	9.21859
19.800000000000033	4
19.900000000000034	7.25303
20.000000000000036	11.0012
20.100000000000037	15.6005
20.200000000000038	19.3802
20.30000000000004	24.2036
20.400000000000041	28.1063
20.500000000000043	33.0171
20.600000000000044	36.9085
20.700000000000045	40.7718
20.800000000000047	23.2958
20.900000000000048	27.1818
21.00000000000005	16.0251
21.100000000000051	19.7741
21.200000000000053	23.5625
21.300000000000054	28.3791
21.400000000000055	32.2724
21.500000000000057	37.1705
21.600000000000058	41.1065
21.70000000000006	23.8027
21.800000000000061	27.6173
21.900000000000063	15.6608
22.000000000000064	20.3844
22.100000000000065	24.2425
22.200000000000067	29.084
22.300000000000068	17.2523
22.40000000000007	9.97229
22.500000000000071	13.1042
22.600000000000072	16.9108
22.700000000000074	10.4665
22.800000000000075	10.4665
22.900000000000077	13.7776
23.000000000000078	9.14938
23.10000000000008	12.8862
23.200000000000081	8.60734
23.300000000000082	11.418
23.400000000000084	16.1468
23.500000000000085	20.0233
23.600000000000087	23.814
23.700000000000088	28.5883
23.80000000000009	16.011
23.900000000000091	16.8642
24.000000000000092	8.43212
24.100000000000094	12.0607
24.200000000000095	7.6763
24.300000000000097	10.4516
24.400000000000098	7.40923
24.500000000000099	10.2579
24.600000000000101	15.0202
24.700000000000102	18.7571
24.800000000000104	22.3608
24.900000000000105	14.0439
25.000000000000107	9.05632
25.100000000000108	13.6539
25.200000000000109	17.3975
25.300000000000111	10.7574
25.400000000000112	12.7236
25.500000000000114	16.4361
25.600000000000115	21.2227
25.700000000000117	25.1112
25.800000000000118	14.3762
25.900000000000119	14.515
26.000000000000121	7.98331
26.100000000000122	11.9221
26.200000000000124	6.12881
26.300000000000125	6.12881
26.400000000000126	3.33333
26.500000000000128	7.61288
26.600000000000129	11.2405
26.700000000000131	6.30103
26.800000000000132	4.06077
26.900000000000134	5.55065
27.000000000000135	2.77532
27.100000000000136	2.77532
27.200000000000138	4.33944
27.300000000000139	7.96541
27.400000000000141	12.4054
27.500000000000142	16.0046
27.600000000000144	10.6925
27.700000000000145	14.3745
27.800000000000146	8.16774
27.900000000000148	12.8518
28.000000000000149	16.5354
28.100000000000151	21.2996
28.200000000000152	10.9967
28.300000000000153	12.7701
28.400000000000155	17.418
28.500000000000156	9.76604
28.600000000000158	11.2033
28.700000000000159	15.0269
28.800000000000161	9.6444
28.900000000000162	9.6444
29.000000000000163	6.3104
29.100000000000165	10.1142
29.200000000000166	13.8786
29.300000000000168	9.24226
29.400000000000169	13.0294
29.500000000000171	16.7337
29.600000000000172	21.4538
29.700000000000173	25.3067
29.800000000000175	13.5138
29.900000000000176	13.5138
30.000000000000178	2
30.100000000000179	7.76276
30.20000000000018	12.2769
30.300000000000182	16.0933
30.400000000000183	19.9802
30.500000000000185	11.9309
30.600000000000186	6.37207
30.700000000000188	7.7979
30.800000000000189	11.366
30.90000000000019	5.89966
31.000000000000192	8.43607
31.100000000000193	12.1463
31.200000000000195	16.9075
31.300000000000196	20.6413
31.400000000000198	12.4725
31.500000000000199	14.4815
31.6000000000002	7.905
31.700000000000202	6.52501
31.800000000000203	10.1499
31.900000000000205	7.17114
32.000000000000206	4.89971
32.100000000000207	8.27881
32.200000000000209	12.9997
32.30000000000021	16.6505
32.400000000000212	21.389
32.500000000000213	25.2519
32.600000000000215	30.1303
32.700000000000216	34.0581
32.800000000000217	18.2359
32.900000000000219	23.0821
33.00000000000022	12.6775
33.100000000000222	16.5223
33.200000000000223	20.3271
33.300000000000225	25.1676
33.400000000000226	28.9749
33.500000000000227	17.3224
33.600000000000229	22.0977
33.70000000000023	12.4743
33.800000000000232	17.1443
33.900000000000233	21.0269
34.000000000000234	12.0444
34.100000000000236	16.2285
34.200000000000237	20.0394
34.300000000000239	13.5165
34.40000000000024	17.2899
34.500000000000242	22.1176
34.600000000000243	25.9875
34.700000000000244	7.05194
34.800000000000246	10.203
34.900000000000247	14.015
35.000000000000249	18.6737
35.10000000000025	22.4698
35.200000000000252	26.3259
35.300000000000253	15.9188
35.400000000000254	10.3739
35.500000000000256	6.89028
35.600000000000257	8.58474
35.700000000000259	6.53551
35.80000000000026	10.1566
35.900000000000261	13.9813
36.000000000000263	9.51909
36.100000000000264	6.66635
36.200000000000266	11.1786
36.300000000000267	15.0085
36.400000000000269	18.7478
36.50000000000027	23.4884
36.600000000000271	27.2737
36.700000000000273	16.0502
36.800000000000274	19.8449
36.900000000000276	24.5771
37.000000000000277	13.9119
37.100000000000279	13.9119
37.20000000000028	13.9119
37.300000000000281	7.76276
37.400000000000283	12.2769
37.500000000000284	16.0933
37.600000000000286	9.55508
37.700000000000287	13.9886
37.800000000000288	17.6611
37.90000000000029	22.4088
38.000000000000291	26.2738
38.100000000000293	15.3335
38.200000000000294	15.3335
38.300000000000296	16.2226
38.400000000000297	8.93818
38.500000000000298	12.4991
38.6000000000003	16.7488
38.700000000000301	8.37439
38.800000000000303	9.28625
38.900000000000304	5.44044
39.000000000000306	8.48813
39.100000000000307	12.9023
39.200000000000308	9.16359
39.30000000000031	13.8704
39.400000000000311	17.5677
39.500000000000313	9.93413
39.600000000000314	9.93413
39.700000000000315	5.2167
39.800000000000317	9.68708
39.900000000000318	13.3477
40.00000000000032	8.2252
40.100000000000321	12.9658
40.200000000000323	16.6241
40.300000000000324	10.3752
40.400000000000325	12.4026
40.500000000000327	8.98567
40.600000000000328	12.533
40.70000000000033	6.76671
40.800000000000331	6.76671
40.900000000000333	9.38714
41.000000000000334	14.0899
41.100000000000335	17.91
41.200000000000337	22.561
41.300000000000338	26.4416
41.40000000000034	15.0273
41.500000000000341	7.54695
41.600000000000342	7.54695
41.700000000000344	11.2854
41.800000000000345	15.0882
41.900000000000347	18.9177
42.000000000000348	23.6242
42.10000000000035	13.1387
42.200000000000351	17.9147
42.300000000000352	21.6593
42.400000000000354	12.6249
42.500000000000355	8.12504
42.600000000000357	11.8489
42.700000000000358	16.4537
42.80000000000036	20.2715
42.900000000000361	11.3694
43.000000000000362	11.3694
43.100000000000364	11.8873
43.200000000000365	8.02508
43.300000000000367	8.51243
43.400000000000368	5.76555
43.500000000000369	9.2585
43.600000000000371	14.0048
43.700000000000372	8.25145
43.800000000000374	12.0193
43.900000000000375	8.105
44.000000000000377	8.58774
44.100000000000378	4.46623
44.200000000000379	8.03388
44.300000000000381	11.6152
44.400000000000382	16.2866
44.500000000000384	9.58893
44.600000000000385	14.2247
44.700000000000387	18.0716
44.800000000000388	22.8652
44.900000000000389	12.6186
45.000000000000391	12.6186
45.100000000000392	7.43967
45.200000000000394	10.8503
45.300000000000395	7.31911
45.400000000000396	11.0446
45.500000000000398	6.89576
45.600000000000399	11.1371
45.700000000000401	7.53338
45.800000000000402	12.1339
45.900000000000404	15.9846
46.000000000000405	20.634
46.100000000000406	24.4527
46.200000000000408	28.321
46.300000000000409	33.2
46.400000000000411	17.9466
46.500000000000412	9.32896
46.600000000000414	10.7317
46.700000000000415	14.4037
46.800000000000416	19.1769
46.900000000000418	10.6754
47.000000000000419	12.9677
47.100000000000421	16.6256
47.200000000000422	9.83078
47.300000000000423	4.96625
47.400000000000425	8.07192
47.500000000000426	12.6335
47.600000000000428	7.13667
47.700000000000429	10.5511
47.800000000000431	14.2699
47.900000000000432	19.0767
48.000000000000433	10.5365
48.100000000000435	14.2591
48.200000000000436	19.0687
48.300000000000438	11.6441
48.400000000000439	16.3072
48.500000000000441	9.4614
48.600000000000442	11.3003
48.700000000000443	16.0639
48.800000000000445	19.9064
48.900000000000446	24.6268
49.000000000000448	12.3337
49.100000000000449	14.0088
49.20000000000045	17.7337
49.300000000000452	21.5099
49.400000000000453	12.4179
49.500000000000455	12.8155
49.600000000000456	17.4513
49.700000000000458	21.2778
49.800000000000459	25.1578
49.90000000000046	15.4234
50.000000000000462	9.25493
50.100000000000463	14.0025
50.200000000000465	7.74873
50.300000000000466	10.4086
50.400000000000468	7.05612
50.500000000000469	10.5923
50.60000000000047	7.22435
50.700000000000472	10.9824
50.800000000000473	15.5229
50.900000000000475	9.47576
51.000000000000476	10.6728
51.100000000000477	15.3059
51.200000000000479	19.1441
51.30000000000048	24.015
51.400000000000482	27.8365
51.500000000000483	15.6124
51.600000000000485	18.545
51.700000000000486	22.3631
51.800000000000487	27.2085
51.900000000000489	15.4809
52.00000000000049	9.4055
52.100000000000492	11.5181
52.200000000000493	15.1969
52.300000000000495	11.0505
52.400000000000496	14.7105
52.500000000000497	10.6994
52.600000000000499	14.3796
52.7000000000005	19.1588
52.800000000000502	10.4541
52.900000000000503	13.1727
53.000000000000504	17.9953
53.100000000000506	21.726
53.200000000000507	26.4994
53.300000000000509	14.496
53.40000000000051	19.2463
53.500000000000512	10.9379
53.600000000000513	11.8201
53.700000000000514	7.61615
53.800000000000516	11.2427
53.900000000000517	16.0235
54.000000000000519	19.7728
54.10000000000052	11.656
54.200000000000522	16.3156
54.300000000000523	9.70017
54.400000000000524	11.0555
54.500000000000526	14.7823
54.600000000000527	19.4626
54.700000000000529	11.9954
54.80000000000053	15.6254
54.900000000000531	20.3573
55.000000000000533	24.2197
55.100000000000534	29.0994
55.200000000000536	15.9912
55.300000000000537	19.6449
55.400000000000539	12.0221
55.50000000000054	6.37555
55.600000000000541	7.1246
55.700000000000543	5.07732
55.800000000000544	8.13986
55.900000000000546	11.859
56.000000000000547	15.5211
56.100000000000549	11.0249
56.20000000000055	14.6914
56.300000000000551	19.3937
56.400000000000553	11.142
56.500000000000554	14.9814
56.600000000000556	19.6141
56.700000000000557	11.1225
56.800000000000558	13.9979
56.90000000000056	7.93988
57.000000000000561	5.41651
57.100000000000563	7.59479
57.200000000000564	5.20561
57.300000000000566	2.79149
57.400000000000567	6.04919
