10	1
10.1	1
10.199999999999999	1
10.299999999999999	1
10.399999999999999	1
10.499999999999998	1
10.599999999999998	1
10.699999999999998	1
10.799999999999997	1
10.899999999999997	1
10.999999999999996	1
11.099999999999996	1
11.199999999999996	1
11.299999999999995	1
11.399999999999995	1
11.499999999999995	1
11.599999999999994	1
11.699999999999994	1
11.799999999999994	1
11.899999999999993	1
11.999999999999993	1
12.099999999999993	1
12.199999999999992	1
12.299999999999992	1
12.399999999999991	1
12.499999999999991	1
12.599999999999991	1
12.69999999999999	1
12.79999999999999	1
12.89999999999999	1
12.999999999999989	1
13.099999999999989	1
13.199999999999989	1
13.299999999999988	1
13.399999999999988	1
13.499999999999988	1
13.599999999999987	1
13.699999999999987	1
13.799999999999986	1
13.899999999999986	1
13.999999999999986	1
14.099999999999985	1
14.199999999999985	1
14.299999999999985	1
14.399999999999984	1
14.499999999999984	1
14.599999999999984	1
14.699999999999983	1
14.799999999999983	1
14.899999999999983	1
14.999999999999982	1
15.099999999999982	1
15.199999999999982	1
15.299999999999981	1
15.399999999999981	1
15.49999999999998	1
15.59999999999998	1
15.69999999999998	1
15.799999999999979	1
15.899999999999979	1
15.999999999999979	1
16.09999999999998	1
16.199999999999982	1
16.299999999999983	1
16.399999999999984	1
16.499999999999986	1
16.599999999999987	1
16.699999999999989	1
16.79999999999999	1
16.899999999999991	1
16.999999999999993	1
17.099999999999994	1
17.199999999999996	1
17.299999999999997	2
17.399999999999999	8
17.5	22
17.600000000000001	11
17.700000000000003	11
17.800000000000004	2
17.900000000000006	5.75704
18.000000000000007	7.44335
18.100000000000009	9.14389
18.20000000000001	10.8528
18.300000000000011	6.44118
18.400000000000013	6.44118
18.500000000000014	6.59643
18.600000000000016	6.59643
18.700000000000017	2
18.800000000000018	4.16441
18.90000000000002	5.44207
19.000000000000021	2.72103
19.100000000000023	3.41232
19.200000000000024	5.10482
19.300000000000026	5.10482
19.400000000000027	2.55241
19.500000000000028	2.55241
19.60000000000003	2.9442
19.700000000000031	2.9442
19.800000000000033	2
19.900000000000034	3.55301
20.000000000000036	6.09735
20.100000000000037	7.96541
20.200000000000038	9.67696
20.30000000000004	11.3049
20.400000000000041	6.32967
20.500000000000043	8.14366
20.600000000000044	10.0264
20.700000000000045	5.84758
20.800000000000047	7.51317
20.900000000000048	9.30933
21.00000000000005	4.76147
21.100000000000051	4.76147
21.200000000000053	1
21.300000000000054	2.5
21.400000000000055	4.33944
21.500000000000057	6.26135
21.600000000000058	8.80618
21.70000000000006	10.2813
21.800000000000061	6.0491
21.900000000000063	7.80055
22.000000000000064	4.21087
22.100000000000065	5.65983
22.200000000000067	3.47279
22.300000000000068	5.14442
22.40000000000007	2.96098
22.500000000000071	4.37896
22.600000000000072	6.12515
22.700000000000074	7.46441
22.800000000000075	3.73221
22.900000000000077	3.73221
23.000000000000078	1
23.10000000000008	2.5
23.200000000000081	5.19763
23.300000000000082	7.02286
23.400000000000084	8.80618
23.500000000000085	10.4749
23.600000000000087	12.3242
23.700000000000088	6.55646
23.80000000000009	7.42379
23.900000000000091	9.97044
24.000000000000092	11.7291
24.100000000000094	13.5543
24.200000000000095	15.4223
24.300000000000097	8.48444
24.400000000000098	9.49203
24.500000000000099	11.3259
24.600000000000101	5.83752
24.700000000000102	5.83752
24.800000000000104	1
24.900000000000105	2.9
25.000000000000107	3.83446
25.100000000000108	1.91723
25.200000000000109	2.91723
25.300000000000111	4.35055
25.400000000000112	2.39936
25.500000000000114	4.28602
25.600000000000115	5.89021
25.700000000000117	2.9451
25.800000000000118	2.9451
25.900000000000119	3.5891
26.000000000000121	5.22181
26.100000000000122	7.04062
26.200000000000124	4.35271
26.300000000000125	4.80068
26.400000000000126	6.27042
26.500000000000128	3.29271
26.600000000000129	3.29271
26.700000000000131	3.29271
26.800000000000132	2
26.900000000000134	3.24483
27.000000000000135	4.99753
27.100000000000136	6.87746
27.200000000000138	3.43873
27.300000000000139	4.70628
27.400000000000141	6.36047
27.500000000000142	8.1675
27.600000000000144	9.21027
27.700000000000145	4.60513
27.800000000000146	4.60513
27.900000000000148	2.9
28.000000000000149	4.56988
28.100000000000151	5.75491
28.200000000000152	2.87745
28.300000000000153	4.07986
28.400000000000155	2.53014
28.500000000000156	2.53014
28.600000000000158	1
28.700000000000159	2.9
28.800000000000161	4.99753
28.900000000000162	2.49877
29.000000000000163	2.49877
29.100000000000165	2
29.200000000000166	3.55301
29.300000000000168	5.19763
29.400000000000169	3.04867
29.500000000000171	3.67283
29.600000000000172	5.27848
29.700000000000173	3.25707
29.800000000000175	3.5641
29.900000000000176	1.78205
30.000000000000178	2.78205
30.100000000000179	4.26463
30.20000000000018	5.69941
30.300000000000182	2.84971
30.400000000000183	5.17104
30.500000000000185	2.95274
30.600000000000186	4.13155
30.700000000000188	5.95339
30.800000000000189	7.59534
30.90000000000019	4.17688
31.000000000000192	4.17688
31.100000000000193	5.26143
31.200000000000195	3.34297
31.300000000000196	5.05997
31.400000000000198	2.6288
31.500000000000199	2.6288
31.6000000000002	2
31.700000000000202	3.55301
31.800000000000203	5.19763
31.900000000000205	7.02286
32.000000000000206	4.10727
32.100000000000207	5.39904
32.200000000000209	7.17199
32.30000000000021	9.03717
32.400000000000212	5.19158
32.500000000000213	5.19158
32.600000000000215	1
32.700000000000216	2.5
32.800000000000217	4.33944
32.900000000000219	2.16972
33.00000000000022	2.16972
33.100000000000222	3.64203
33.200000000000223	1.82102
33.300000000000225	1.82102
33.400000000000226	1
33.500000000000227	2.9
33.600000000000229	4.33944
33.70000000000023	5.92867
33.800000000000232	2.96434
33.900000000000233	2.96434
34.000000000000234	2.9
34.100000000000236	4.33944
34.200000000000237	6.09735
34.300000000000239	7.96541
34.40000000000024	4.04547
34.500000000000242	5.35282
34.600000000000243	7.13753
34.700000000000244	4.58194
34.800000000000246	6.27005
34.900000000000247	7.97221
35.000000000000249	4.23698
35.10000000000025	6.0259
35.200000000000252	6.96114
35.300000000000253	3.48057
35.400000000000254	3.76788
35.500000000000256	5.34374
35.600000000000257	7.13078
35.700000000000259	9.00462
35.80000000000026	10.8291
35.900000000000261	12.4664
36.000000000000263	6.23318
36.100000000000264	6.23318
36.200000000000266	4.16441
36.300000000000267	5.97588
36.400000000000269	7.61288
36.50000000000027	4.19071
36.600000000000271	4.42933
36.700000000000273	2.21466
36.800000000000274	2.21466
36.900000000000276	4.19336
37.000000000000277	4.19336
37.100000000000279	1
37.20000000000028	2.9
37.300000000000281	3.24483
37.400000000000283	3.24483
37.500000000000284	3.24483
37.600000000000286	3.24483
37.700000000000287	2
37.800000000000288	2.5
37.90000000000029	1.25
38.000000000000291	3.06558
38.100000000000293	4.21052
38.200000000000294	2.10526
38.300000000000296	3.60736
38.400000000000297	5.03552
38.500000000000298	2.91494
38.6000000000003	4.34907
38.700000000000301	6.10411
38.800000000000303	7.97055
38.900000000000304	4.78839
39.000000000000306	6.09709
39.100000000000307	7.96522
39.200000000000308	9.46671
39.30000000000031	4.73335
39.400000000000311	4.73335
39.500000000000313	1
39.600000000000314	2.9
39.700000000000315	4.33944
39.800000000000317	7.02286
39.900000000000318	8.80618
40.00000000000032	4.40309
40.100000000000321	5.05252
40.200000000000323	6.76941
40.300000000000324	3.87172
40.400000000000325	3.87172
40.500000000000327	5.22472
40.600000000000328	7.46048
40.70000000000033	3.73024
40.800000000000331	4.4838
40.900000000000333	6.19957
41.000000000000334	6.51808
41.100000000000335	3.25904
41.200000000000337	3.25904
41.300000000000338	1
41.40000000000034	2.5
41.500000000000341	5.19763
41.600000000000342	7.02286
41.700000000000344	3.79622
41.800000000000345	5.36338
41.900000000000347	6.85675
42.000000000000348	3.98887
42.10000000000035	5.49908
42.200000000000351	2.74954
42.300000000000352	3.11324
42.400000000000354	4.48001
42.500000000000355	6.19685
42.600000000000357	8.04141
42.700000000000358	4.43744
42.80000000000036	4.43744
42.900000000000