10	1
10.1	1
10.199999999999999	1
10.299999999999999	1
10.399999999999999	1
10.499999999999998	1
10.599999999999998	1
10.699999999999998	1
10.799999999999997	1
10.899999999999997	1
10.999999999999996	1
11.099999999999996	1
11.199999999999996	1
11.299999999999995	1
11.399999999999995	1
11.499999999999995	1
11.599999999999994	1
11.699999999999994	1
11.799999999999994	1
11.899999999999993	1
11.999999999999993	1
12.099999999999993	1
12.199999999999992	1
12.299999999999992	1
12.399999999999991	1
12.499999999999991	1
12.599999999999991	1
12.69999999999999	1
12.79999999999999	16
12.89999999999999	23.5
12.999999999999989	23.5
13.099999999999989	3
13.199999999999989	11.0909
13.299999999999988	11.0909
13.399999999999988	11.0909
13.499999999999988	11.0909
13.599999999999987	4
13.699999999999987	8.21603
13.799999999999986	11.9951
13.899999999999986	6.28351
13.999999999999986	8.10802
14.099999999999985	11.7522
14.199999999999985	16.3843
14.299999999999985	8.46285
14.399999999999984	11.573
14.499999999999984	16.2565
14.599999999999984	9.51884
14.699999999999983	12.1182
14.799999999999983	16.8874
14.899999999999983	20.6248
14.999999999999982	11.5958
15.099999999999982	6.45953
15.199999999999982	4.24266
15.299999999999981	6.51439
15.399999999999981	11.0893
15.49999999999998	14.8751
15.59999999999998	18.5874
15.69999999999998	23.2748
15.799999999999979	27.2374
15.899999999999979	31.1449
15.999999999999979	16.6589
16.09999999999998	20.9224
16.199999999999982	24.6964
16.299999999999983	12.7274
16.399999999999984	17.3867
16.499999999999986	10.47
16.599999999999987	13.3366
16.699999999999989	8.54627
16.79999999999999	5.1873
16.899999999999991	8.80016
16.999999999999993	13.3364
17.099999999999994	8.07075
17.199999999999996	5.03387
17.299999999999997	7.46589
17.399999999999999	4.95375
17.5	4.14055
17.600000000000001	8.47775
17.700000000000003	12.1752
17.800000000000004	16.016
17.900000000000006	20.7067
18.000000000000007	24.3912
18.100000000000009	13.6844
18.20000000000001	13.6844
18.300000000000011	13.6844
18.400000000000013	6.79157
18.500000000000014	10.3222
18.600000000000016	6.80442
18.700000000000017	10.4274
18.800000000000018	15.0698
18.90000000000002	18.9031
19.000000000000021	11.2446
19.100000000000023	15.7091
19.200000000000024	8.47173
19.300000000000026	5.87578
19.400000000000027	8.99751
19.500000000000028	12.5415
19.60000000000003	16.2957
19.700000000000031	10.4139
19.800000000000033	5.88584
19.900000000000034	3.78958
20.000000000000036	8.07037
20.100000000000037	11.7263
20.200000000000038	15.4202
20.30000000000004	4.10745
20.400000000000041	5.00742
20.500000000000043	8.46201
20.600000000000044	13.1166
20.700000000000045	16.9795
20.800000000000047	20.7003
20.900000000000048	12.4969
21.00000000000005	12.4969
21.100000000000051	6.28847
21.200000000000053	10.1006
21.300000000000054	13.8687
21.400000000000055	17.5664
21.500000000000057	10.5245
21.600000000000058	8.00113
21.70000000000006	11.5927
21.800000000000061	7.5275
21.900000000000063	4.92274
22.000000000000064	8.04557
22.100000000000065	11.6233
22.200000000000067	16.1068
22.300000000000068	10.7306
22.40000000000007	14.4028
22.500000000000071	9.25064
22.600000000000072	13.0353
22.700000000000074	8.55761
22.800000000000075	6.98065
22.900000000000077	10.4468
23.000000000000078	6.50684
23.10000000000008	10.0387
23.200000000000081	13.678
23.300000000000082	17.4163
23.400000000000084	22.2165
23.500000000000085	13.4186
23.600000000000087	17.2136
23.700000000000088	8.97705
23.80000000000009	12.3656
23.900000000000091	7.60214
24.000000000000092	11.2332
24.100000000000094	6.1293
24.200000000000095	6.1293
24.300000000000097	2
24.400000000000098	5.62582
24.500000000000099	9.17299
24.600000000000101	5.30106
24.700000000000102	4.649
24.800000000000104	8.13516
24.900000000000105	5.05965
25.000000000000107	6.77469
25.100000000000108	10.3111
25.200000000000109	6.68169
25.300000000000111	6.68169
25.400000000000112	2
25.500000000000114	6.306
25.600000000000115	10.0116
25.700000000000117	14.0917
25.800000000000118	9.18735
25.900000000000119	12.9906
26.000000000000121	17.0007
26.100000000000122	10.3347
26.200000000000124	12.5299
26.300000000000125	8.05375
26.400000000000126	12.2181
26.500000000000128	7.87615
26.600000000000129	6.78704
26.700000000000131	10.9794
26.800000000000132	14.5888
26.900000000000134	7.98554
27.000000000000135	11.495
27.100000000000136	8.04845
27.200000000000138	5.54753
27.300000000000139	8.78864
27.400000000000141	13.0244
27.500000000000142	16.6698
27.600000000000144	11.2147
27.700000000000145	7.14163
27.800000000000146	3.9721
27.900000000000148	7.77569
28.000000000000149	11.3509
28.100000000000151	5.80657
28.200000000000152	5.80657
28.300000000000153	3.24483
28.400000000000155	3.24483
28.500000000000156	3.24483
28.600000000000158	3.24483
28.700000000000159	1
28.800000000000161	5.19763
28.900000000000162	3.93475
29.000000000000163	7.21809
29.100000000000165	11.8575
29.200000000000166	8.08968
29.300000000000168	11.4802
29.400000000000169	8.20426
29.500000000000171	5.73688
29.600000000000172	7.15086
29.700000000000173	2.60632
29.800000000000175	5.24618
29.900000000000176	8.83457
30.000000000000178	13.3591
30.100000000000179	17.1673
30.20000000000018	8.7283
30.300000000000182	10.5057
30.400000000000183	14.8566
30.500000000000185	8.20239
30.600000000000186	5.53104
30.700000000000188	4.51216
30.800000000000189	8.05905
30.90000000000019	4.21287
31.000000000000192	3.51608
31.100000000000193	7.00484
31.200000000000195	4.09959
31.300000000000196	6.73144
31.400000000000198	5.3181
31.500000000000199	8.9896
31.6000000000002	6.78933
31.700000000000202	10.3207
31.800000000000203	5.16035
31.900000000000205	7.81342
32.000000000000206	11.3766
32.100000000000207	7.38488
32.200000000000209	12.0428
32.30000000000021	7.60366
32.400000000000212	10.3986
32.500000000000213	15.1164
32.600000000000215	9.8175
32.700000000000216	6.50161
32.800000000000217	11.0819
32.900000000000219	14.802
33.00000000000022	18.529
33.100000000000222	22.3497
33.200000000000223	14.2686
33.300000000000225	9.38824
33.400000000000226	5.00509
33.500000000000227	9.14664
33.600000000000229	12.8843
33.70000000000023	16.5607
33.800000000000232	21.3192
33.900000000000233	11.2543
34.000000000000234	15.0649
34.100000000000236	19.6779
34.200000000000237	9.83895
34.300000000000239	13.3082
34.40000000000024	6.80438
34.500000000000242	5.29438
34.600000000000243	8.97576
34.700000000000244	13.4525
34.800000000000246	8.4792
34.900000000000247	5.10105
35.000000000000249	8.27713
35.10000000000025	5.35919
35.200000000000252	9.01369
35.300000000000253	13.4778
35.400000000000254	8.12379
35.500000000000256	5.50232
35.600000000000257	9.09856
35.700000000000259	5.85314
35.80000000000026	9.09419
35.900000000000261	6.74784
36.000000000000263	5.98774
36.100000000000264	3.81107
36.200000000000266	6.24738
36.300000000000267	10.8437
36.400000000000269	14.348
36.50000000000027	18.1687
36.600000000000271	11.3018
36.700000000000273	6.89197
36.800000000000274	5.11536
36.900000000000276	9.52869
37.000000000000277	13.2335
37.100000000000279	17.0699
37.20000000000028	9.4005
37.300000000000281	9.4005
37.400000000000283	2
37.500000000000284	6.67249
37.600000000000286	4.15852
37.700000000000287	7.60973
37.800000000000288	5.48352
37.90000000000029	9.08732
38.000000000000291	5.59581
38.100000000000293	10.095
38.200000000000294	6.32723
38.300000000000296	8.01704
38.400000000000297	11.3412
38.500000000000298	16.0926
38.6000000000003	9.45039
38.700000000000301	13.1774
38.800000000000303	17.9988
38.900000000000304	10.7287
39.000000000000306	6.77014
39.100000000000307	4.6948
39.200000000000308	7.78163
39.30000000000031	4.87967
39.400000000000311	9.18977
39.500000000000313	5.97318
39.600000000000314	9.17125
39.700000000000315	6.34881
39.800000000000317	10.0384
39.900000000000318	13.6777
40.00000000000032	8.76539
40.100000000000321	9.21316
40.200000000000323	5.94007
40.300000000000324	4.44044
40.400000000000325	8.01983
40.500000000000327	11.6056
40.600000000000328	7.01569
40.70000000000033	8.68534
40.800000000000331	5.56066
40.900000000000333	9.13358
41.000000000000334	6.12151
41.100000000000335	9.69208
41.200000000000337	13.1241
41.300000000000338	9.13201
41.40000000000034	12.8739
41.500000000000341	6.74138
41.600000000000342	11.2232
41.700000000000344	15.0417
41.800000000000345	9.44668
41.900000000000347	14.1295
42.000000000000348	17.9968
42.10000000000035	21.6812
42.200000000000351	12.7132
42.300000000000352	16.4281
42.400000000000354	8.77598
42.500000000000355	7.22594
42.600000000000357	10.8916
42.700000000000358	5.97928
42.80000000000036	10.1135
42.900000000000361	6.92018
43.000000000000362	4.26484
43.100000000000364	8.6549
43.200000000000365	12.2988
43.300000000000367	16.11
43.400000000000368	20.9235
43.500000000000369	12.5541
43.600000000000371	7.72077
43.700000000000372	5.1028
43.800000000000374	4.08418
43.900000000000375	3.29835
44.000000000000377	2.30354
44.100000000000378	3.98618
44.200000000000379	3.98618
44.300000000000381	2.9
44.400000000000382	2.91723
44.500000000000384	6.10515
44.600000000000385	4.94366
44.700000000000387	6.37958
44.800000000000388	9.75331
44.900000000000389	7.22361
45.000000000000391	4.36957
45.100000000000392	7.59307
45.200000000000394	5.43174
45.300000000000395	8.11853
45.400000000000396	11.8444
45.500000000000398	16.4505
45.600000000000399	10.2634
45.700000000000401	6.1953
45.800000000000402	7.78541
45.900000000000404	11.3575
46.000000000000405	5.80981
46.100000000000406	4.01714
46.200000000000408	7.39997
46.300000000000409	5.13561
46.400000000000411	8.65463
46.500000000000412	6.27047
46.600000000000414	7.5836
46.700000000000415	11.2207
46.800000000000416	6.32506
46.900000000000418	9.07583
47.000000000000419	5.16971
47.100000000000421	9.6622
47.200000000000422	6.51264
47.300000000000423	9.31534
47.400000000000425	14.0423
47.500000000000426	9.08328
47.600000000000428	12.7612
47.700000000000429	4.18041
47.800000000000431	7.62146
47.900000000000432	11.2462
48.000000000000433	15.7103
48.100000000000435	8.70672
48.200000000000436	12.3352
48.300000000000438	8.03851
48.400000000000439	5.55461
48.500000000000441	9.12994
48.600000000000442	6.79
48.700000000000443	10.3211
48.800000000000445	7.34494
48.900000000000446	11.5934
49.000000000000448	15.6431
49.100000000000449	19.4145
49.20000000000045	23.1754
49.300000000000452	28.0231
49.400000000000453	15.4223
49.500000000000455	17.0278
49.600000000000456	21.5913
49.700000000000458	25.4234
49.800000000000459	14.0402
49.90000000000046	4.88916
50.000000000000462	6.79993
50.100000000000463	4.67865
50.200000000000465	9.08637
50.300000000000466	12.7634
50.400000000000468	16.4669
50.500000000000469	21.2465
50.60000000000047	11.9769
50.700000000000472	15.547
50.800000000000473	4.95295
50.900000000000475	7.80982
51.000000000000476	11.3742
51.100000000000477	15.7384
51.200000000000479	7.8692
51.30000000000048	11.4148
51.400000000000482	16.1445
51.500000000000483	20.0215
51.600000000000485	11.0806
51.700000000000486	14.801
51.800000000000487	19.4768
51.900000000000489	11.2193
52.00000000000049	11.2193
52.100000000000492	1
52.200000000000493	5.57776
52.300000000000495	2.87852
52.400000000000496	5.91872
52.500000000000497	5.03074
52.600000000000499	4.14926
52.7000000000005	8.48191
52.800000000000502	12.1781
52.900000000000503	15.8294
53.000000000000504	9.53044
53.100000000000506	6.14755
53.200000000000507	4.42038
53.300000000000509	7.35235
53.40000000000051	11.0665
53.500000000000512	14.7905
53.600000000000513	9.47375
53.700000000000514	5.1438
53.800000000000516	7.53964
53.900000000000517	5.59792
54.000000000000519	4.32149
54.10000000000052	3.47807
54.200000000000522	7.80529
54.300000000000523	11.3711
54.400000000000524	15.0193
54.500000000000526	10.1339
54.600000000000527	6.34276
54.700000000000529	4.56581
54.80000000000053	8.08869
54.900000000000531	12.6442
55.000000000000533	16.3748
55.100000000000534	9.41109
55.200000000000536	13.301
55.300000000000537	17.1222
55.400000000000539	21.0089
55.50000000000054	11.9321
55.600000000000541	11.9321
55.700000000000543	1
55.800000000000544	7.96694
55.900000000000546	5.14424
56.000000000000547	8.65969
56.100000000000549	13.1686
56.20000000000055	7.44201
56.300000000000551	9.98396
56.400000000000553	5.42594
56.500000000000554	8.82796
56.600000000000556	4.58177
56.700000000000557	7.17273
56.800000000000558	