10	1
10.1	1
10.199999999999999	1
10.299999999999999	1
10.399999999999999	1
10.499999999999998	1
10.599999999999998	1
10.699999999999998	1
10.799999999999997	1
10.899999999999997	1
10.999999999999996	1
11.099999999999996	1
11.199999999999996	1
11.299999999999995	1
11.399999999999995	1
11.499999999999995	1
11.599999999999994	1
11.699999999999994	1
11.799999999999994	1
11.899999999999993	1
11.999999999999993	1
12.099999999999993	1
12.199999999999992	1
12.299999999999992	1
12.399999999999991	1
12.499999999999991	1
12.599999999999991	1
12.69999999999999	1
12.79999999999999	1
12.89999999999999	1
12.999999999999989	1
13.099999999999989	1
13.199999999999989	1
13.299999999999988	1
13.399999999999988	1
13.499999999999988	1
13.599999999999987	1
13.699999999999987	1
13.799999999999986	1
13.899999999999986	1
13.999999999999986	1
14.099999999999985	1
14.199999999999985	1
14.299999999999985	1
14.399999999999984	1
14.499999999999984	1
14.599999999999984	1
14.699999999999983	1
14.799999999999983	1
14.899999999999983	1
14.999999999999982	1
15.099999999999982	1
15.199999999999982	1
15.299999999999981	1
15.399999999999981	1
15.49999999999998	1
15.59999999999998	1
15.69999999999998	1
15.799999999999979	1
15.899999999999979	2
15.999999999999979	32
16.09999999999998	24.5
16.199999999999982	24.5
16.299999999999983	5
16.399999999999984	14.6355
16.499999999999986	17.4464
16.599999999999987	9.67659
16.699999999999989	13.3401
16.79999999999999	17.1526
16.899999999999991	20.0591
16.999999999999993	10.8218
17.099999999999994	10.8218
17.199999999999996	12.5403
17.299999999999997	16.2948
17.399999999999999	20.1428
17.5	24.0398
17.600000000000001	26.9448
17.700000000000003	15.1008
17.800000000000004	18.0614
17.900000000000006	20.9849
18.000000000000007	24.7493
18.100000000000009	28.5775
18.20000000000001	15.6745
18.300000000000011	16.3013
18.400000000000013	20.148
18.500000000000014	24.0441
18.600000000000016	26.9858
18.700000000000017	30.6
18.800000000000018	34.4743
18.90000000000002	17.9619
19.000000000000021	18.1284
19.100000000000023	10.4736
19.200000000000024	6.40113
19.300000000000026	7.28735
19.400000000000027	11.0237
19.500000000000028	6.88861
19.60000000000003	9.47493
19.700000000000031	13.0421
19.800000000000033	8.10194
19.900000000000034	11.748
20.000000000000036	14.4992
20.100000000000037	18.2882
20.200000000000038	22.1506
20.30000000000004	25.0754
20.400000000000041	28.8256
20.500000000000043	15.5482
20.600000000000044	16.1178
20.700000000000045	19.025
20.800000000000047	22.8064
20.900000000000048	12.8119
21.00000000000005	15.5672
21.100000000000051	9.99088
21.200000000000053	13.5693
21.300000000000054	17.3312
21.400000000000055	20.212
21.500000000000057	23.9728
21.600000000000058	6.51455
21.70000000000006	7.65522
21.800000000000061	11.1796
21.900000000000063	14.8751
22.000000000000064	8.5366
22.100000000000065	5.31729
22.200000000000067	6.03341
22.300000000000068	4.38118
22.40000000000007	6.28993
22.500000000000071	4.52578
22.600000000000072	4.52578
22.700000000000074	8.06655
22.800000000000075	10.8336
22.900000000000077	14.4795
23.000000000000078	18.2727
23.10000000000008	21.1669
23.200000000000081	10.7477
23.300000000000082	13.1039
23.400000000000084	16.9106
23.500000000000085	8.51432
23.600000000000087	10.0329
23.700000000000088	13.6002
23.80000000000009	16.4059
23.900000000000091	9.58264
24.000000000000092	6.9868
24.100000000000094	10.4509
24.200000000000095	13.2461
24.300000000000097	17.0796
24.400000000000098	9.923
24.500000000000099	11.6027
24.600000000000101	15.3265
24.700000000000102	19.1605
24.800000000000104	10.3102
24.900000000000105	10.3102
25.000000000000107	12.7481
25.100000000000108	16.4551
25.200000000000109	8.92819
25.300000000000111	11.1326
25.400000000000112	14.9744
25.500000000000114	8.43135
25.600000000000115	10.8323
25.700000000000117	14.4786
25.800000000000118	18.2719
25.900000000000119	21.1663
26.000000000000121	11.8335
26.100000000000122	6.1268
26.200000000000124	9.69539
26.300000000000125	12.4197
26.400000000000126	7.45709
26.500000000000128	10.3895
26.600000000000129	6.24755
26.700000000000131	8.32598
26.800000000000132	5.61144
26.900000000000134	9.16427
27.000000000000135	11.8424
27.100000000000136	7.0785
27.200000000000138	10.1225
27.300000000000139	12.9891
27.400000000000141	16.5819
27.500000000000142	20.3756
27.600000000000144	11.3719
27.700000000000145	11.3719
27.800000000000146	11.3719
27.900000000000148	4
28.000000000000149	7.30649
28.100000000000151	5.9877
28.200000000000152	9.39721
28.300000000000153	13.1394
28.400000000000155	16.0263
28.500000000000156	19.6735
28.600000000000158	11.4418
28.700000000000159	14.2525
28.800000000000161	8.23597
28.900000000000162	11.4087
29.000000000000163	15.1804
29.100000000000165	18.0726
29.200000000000166	9.30927
29.300000000000168	4.70834
29.400000000000169	6.51916
29.500000000000171	10.1462
29.600000000000172	6.96389
29.700000000000173	10.4357
29.800000000000175	6.51234
29.900000000000176	10.1418
30.000000000000178	13.9706
30.100000000000179	16.714
30.20000000000018	9.42707
30.300000000000182	11.5357
30.400000000000183	15.2759
30.500000000000185	18.1529
30.600000000000186	10.6758
30.700000000000188	14.3621
30.800000000000189	17.2178
30.90000000000019	10.4033
31.000000000000192	14.1612
31.100000000000193	7.45974
31.200000000000195	7.45974
31.300000000000196	3.33333
31.400000000000198	6.306
31.500000000000199	9.38974
31.6000000000002	13.1341
31.700000000000202	16.4539
31.800000000000203	9.1776
31.900000000000205	12.3502
32.000000000000206	16.1492
32.100000000000207	19.3643
32.200000000000209	11.5725
32.30000000000021	15.0395
32.400000000000212	9.39404
32.500000000000213	11.5957
32.600000000000215	15.3212
32.700000000000216	9.47751
32.800000000000217	12.1686
32.900000000000219	16.0109
33.00000000000022	19.7626
33.100000000000222	22.5985
33.200000000000223	11.9242
33.300000000000225	13.2776
33.400000000000226	16.9274
33.500000000000227	19.7152
33.600000000000229	23.5131
33.70000000000023	12.0301
33.800000000000232	7.13075
33.900000000000233	5.19097
34.000000000000234	8.8023
34.100000000000236	12.4026
34.200000000000237	15.2326
34.300000000000239	9.60356
34.40000000000024	13.2874
34.500000000000242	7.49458
34.600000000000243	11.0707
34.700000000000244	14.1707
34.800000000000246	7.08535
34.900000000000247	7.08535
35.000000000000249	3.33333
35.10000000000025	5.97588
35.200000000000252	9.38974
35.300000000000253	13.1341
35.400000000000254	16.022
35.500000000000256	19.7715
35.600000000000257	10.4039
35.700000000000259	12.7454
35.80000000000026	15.5126
35.900000000000261	19.2577
36.000000000000263	23.131
36.100000000000264	12.7783
36.200000000000266	15.604
36.300000000000267	9.61801
36.400000000000269	13.2978
36.50000000000027	16.1563
36.600000000000271	9.55504
36.700000000000273	11.1108
36.800000000000274	13.9886
36.900000000000276	17.6611
37.000000000000277	10.2764
37.100000000000279	14.0684
37.20000000000028	8.49509
37.300000000000281	12.1873
37.400000000000283	8.30122
37.500000000000284	11.0997
37.600000000000286	14.8828
37.700000000000287	18.3222
37.800000000000288	10.0007
37.90000000000029	12.738
38.000000000000291	7.62383
38.100000000000293	11.2478
38.200000000000294	14.0975
38.300000000000296	17.8599
38.400000000000297	5.14808
38.500000000000298	8.66194
38.6000000000003	11.3711
38.700000000000301	6.70393
38.800000000000303	10.2651
38.900000000000304	13.1003
39.000000000000306	16.9078
39.100000000000307	20.6415
39.200000000000308	11.047
39.30000000000031	14.0811
39.400000000000311	7.68978
39.500000000000313	11.2924
39.600000000000314	14.1331
39.700000000000315	17.9996
39.800000000000317	21.6835
39.900000000000318	24.5417
40.00000000000032	28.3979
40.100000000000321	32.2268
40.200000000000323	36.1481
40.300000000000324	19.3439
40.400000000000325	9.80094
40.500000000000327	6.1295
40.600000000000328	8.4793
40.70000000000033	6.23029
40.800000000000331	9.96444
40.900000000000333	13.5499
41.000000000000334	16.3642
41.100000000000335	9.79755
41.200000000000337	12.5795
41.300000000000338	7.4903
41.40000000000034	10.3163
41.500000000000341	14.0975
41.600000000000342	17.9159
41.700000000000344	20.7153
41.800000000000345	10.3818
41.900000000000347	10.3818
42.000000000000348	6.73066
42.10000000000035	10.2825
42.200000000000351	13.9296
42.300000000000352	8.33987
42.400000000000354	10.8544
42.500000000000355	14.4951
42.600000000000357	18.285
42.700000000000358	20.651
42.80000000000036	11.5637
42.900000000000361	7.11538
43.000000000000362	4.77153
43.100000000000364	7.29372
43.200000000000365	11.0279
43.300000000000367	14.6936
43.400000000000368	8.18622
43.500000000000369	11.9748
43.600000000000371	7.09872
43.700000000000372	10.1366
43.800000000000374	13
43.900000000000375	16.7108
44.000000000000377	20.0857
44.100000000000378	11.7907
44.200000000000379	15.4691
44.300000000000381	10.0023
44.400000000000382	13.6513
44.500000000000384	16.4482
44.600000000000385	20.2671
44.700000000000387	24.1439
44.800000000000388	27.0748
44.900000000000389	15.439
45.000000000000391	19.1985
45.100000000000392	23.0817
45.200000000000394	26.017
45.300000000000395	13.901
45.400000000000396	7.95886
45.500000000000398	9.13687
45.600000000000399	5.46954
45.700000000000401	5.46954
45.800000000000402	2
45.900000000000404	5.19763
46.000000000000405	8.80618
46.100000000000406	12.4054
46.200000000000408	15.1027
46.300000000000409	10.1647
46.400000000000411	13.9872
46.500000000000412	17.6032
46.600000000000414	20.3474
46.700000000000415	10.7721
46.800000000000416	6.32852
46.900000000000418	6.32852
47.000000000000419	9.61624
47.100000000000421	5.30497
47.200000000000422	7.78014
47.300000000000423	4.70965
47.400000000000425	7.79047
47.500000000000426	5.07654
47.600000000000428	7.62784
47.700000000000429	10.3193
47.800000000000431	5.62528
47.900000000000432	7.06216
48.000000000000433	9.70538
48.100000000000435	13.361
48.200000000000436	17.1688
48.300000000000438	20.0729
48.400000000000439	11.3693
48.500000000000441	12.3021
48.600000000000442	16.1125
48.700000000000443	18.5406
48.800000000000445	22.3145
48.900000000000446	26.1935
49.000000000000448	29.0207
49.100000000000449	14.5103
49.20000000000045	14.5103
49.300000000000452	7.14286
49.400000000000453	9.76398
49.500000000000455	5.77721
49.600000000000456	5.77721
49.700000000000458	2
49.800000000000459	5.19763
49.90000000000046	8.09095
50.000000000000462	11.7404
50.100000000000463	15.0362
50.200000000000465	9.60316
50.300000000000466	12.5094
50.400000000000468	6.97487
50.500000000000469	9.53752
50.60000000000047	13.0106
50.700000000000472	16.7191
50.800000000000473	19.8922
50.900000000000475	12.5363
51.000000000000476	7.57921
51.100000000000477	9.98609
51.200000000000479	13.5657
51.30000000000048	8.46519
51.400000000000482	5.29449
51.500000000000483	8.02827
51.600000000000485	11.6114
51.700000000000486	15.3331
51.800000000000487	18.201
51.900000000000489	9.12795
52.00000000000049	9.86904
52.100000000000492	13.4054
52.200000000000493	16.0588
52.300000000000495	10.6185
52.400000000000496	14.3197
52.500000000000497	17.1824
52.600000000000499	21.058
52.7000000000005	24.771
52.800000000000502	13.7451
52.900000000000503	7.36539
53.000000000000504	3.75058
53.100000000000506	5.70053
53.200000000000507	8.29914
53.300000000000509	12.052
53.40000000000051	8.13018
53.500000000000512	11.8524
53.600000000000513	14.5149
53.700000000000514	18.3007
53.800000000000516	10.7828
53.900000000000517	12.6661
54.000000000000519	16.3918
54.10000000000052	20.2213
54.200000000000522	11.457
54.300000000000523	14.2647
54.400000000000524	18.1031
54.500000000000526	21.9981
54.600000000000527	24.8201
54.700000000000529	12.8264
54.80000000000053	12.8264
54.900000000000531	2
55.000000000000533	8.0183
55.100000000000534	4.82068
55.200000000000536	7.32555
55.300000000000537	11.0489
55.400000000000539	14.7773
55.50000000000054	7.84904
55.600000000000541	11.2235
55.700000000000543	7.07459
55.800000000000544	9.39873
55.900000000000546	12.1901
56.000000000000547	16.0272
56.100000000000549	19.7758
56.20000000000055	10.7377
56.300000000000551	14.4081
56.400000000000553	9.38812
56.500000000000554	13.1329
56.600000000000556	16.021
56.700000000000557	19.7708
56.800000000000558	11.034
56.90000000000056	11.3921
57.000000000000561	15.168
57.100000000000563	18.6084
57.200000000000564	10.9137
57.300000000000566	11.1863
57.400000000000567	15.0143
57.500