10	1
10.1	1
10.199999999999999	1
10.299999999999999	1
10.399999999999999	1
10.499999999999998	1
10.599999999999998	1
10.699999999999998	1
10.799999999999997	1
10.899999999999997	1
10.999999999999996	1
11.099999999999996	1
11.199999999999996	1
11.299999999999995	1
11.399999999999995	1
11.499999999999995	1
11.599999999999994	8
11.699999999999994	21.5
11.799999999999994	21.5
11.899999999999993	22.6783
11.999999999999993	12.1694
12.099999999999993	12.1694
12.199999999999992	14.7066
12.299999999999992	17.5059
12.399999999999991	20.362
12.499999999999991	23.2539
12.599999999999991	27.1459
12.69999999999999	30.0832
12.79999999999999	33.0317
12.89999999999999	35.9886
12.999999999999989	38.8749
13.099999999999989	42.7475
13.199999999999989	45.6664
13.299999999999988	48.5333
13.399999999999988	24.645
13.499999999999988	12.6827
13.599999999999987	14.5254
13.699999999999987	17.3541
13.799999999999986	20.2316
13.899999999999986	23.1399
13.999999999999986	13.302
14.099999999999985	16.1598
14.199999999999985	19.0605
14.299999999999985	21.9874
14.399999999999984	25.7605
14.499999999999984	28.6306
14.599999999999984	31.5247
14.699999999999983	34.4368
14.799999999999983	18.3027
14.899999999999983	18.4661
14.999999999999982	10.1377
15.099999999999982	11.8715
15.199999999999982	14.5993
15.299999999999981	18.3676
15.399999999999981	21.2489
15.49999999999998	11.9125
15.59999999999998	13.0383
15.69999999999998	8.49827
15.799999999999979	11.2473
15.899999999999979	13.8821
15.999999999999979	7.63377
16.09999999999998	11.2546
16.199999999999982	14.1029
16.299999999999983	17.0023
16.399999999999984	19.8301
16.499999999999986	22.6576
16.599999999999987	26.4863
16.699999999999989	29.3875
16.79999999999999	32.3067
16.899999999999991	17.0278
16.999999999999993	20.8362
17.099999999999994	23.6701
17.199999999999996	26.5404
17.299999999999997	29.4363
17.399999999999999	15.6089
17.5	15.9267
17.600000000000001	18.7035
17.700000000000003	21.4466
17.800000000000004	24.3328
17.900000000000006	28.1821
18.000000000000007	31.118
18.100000000000009	34.0649
18.20000000000001	37.0203
18.300000000000011	40.9219
18.400000000000013	43.8255
18.500000000000014	46.7412
18.600000000000016	49.6669
18.700000000000017	52.6009
18.800000000000018	26.8276
18.90000000000002	13.7454
19.000000000000021	13.7454
19.100000000000023	13.8182
19.200000000000024	13.8182
19.300000000000026	13.8182
19.400000000000027	2
19.500000000000028	7.22412
19.60000000000003	10.0259
19.700000000000031	12.7577
19.800000000000033	16.4625
19.900000000000034	19.3178
20.000000000000036	10.4796
20.100000000000037	13.2687
20.200000000000038	17.0971
20.30000000000004	20.0117
20.400000000000041	22.8605
20.500000000000043	25.7045
20.600000000000044	28.5802
20.700000000000045	32.4492
20.800000000000047	35.37
20.900000000000048	38.303
21.00000000000005	41.2455
21.100000000000051	45.1806
21.200000000000053	22.5903
21.300000000000054	11.7299
21.400000000000055	11.7299
21.500000000000057	14.3454
21.600000000000058	17.7201
21.70000000000006	20.5463
21.800000000000061	23.2868
21.900000000000063	26.1991
22.000000000000064	13.3268
22.100000000000065	13.3268
22.200000000000067	6.16667
22.300000000000068	8.96692
22.40000000000007	12.2769
22.500000000000071	7.26659
22.600000000000072	10.2543
22.700000000000074	13.0918
22.800000000000075	15.9874
22.900000000000077	9.18879
23.000000000000078	11.6908
23.10000000000008	14.9975
23.200000000000081	8.61779
23.300000000000082	11.1591
23.400000000000084	6.65227
23.500000000000085	9.83089
23.600000000000087	12.5256
23.700000000000088	15.9729
23.80000000000009	18.7428
23.900000000000091	22.0784
24.000000000000092	11.785
24.100000000000094	14.5291
24.200000000000095	9.19094
24.300000000000097	12.031
24.400000000000098	15.0655
24.500000000000099	17.9763
24.600000000000101	21.385
24.700000000000102	11.9314
24.800000000000104	11.9314
24.900000000000105	14.1608
25.000000000000107	17.0504
25.100000000000108	20.8547
25.200000000000109	23.6864
25.300000000000111	13.0685
25.400000000000112	13.2967
25.500000000000114	17.1189
25.600000000000115	20.0303
25.700000000000117	22.9205
25.800000000000118	25.7578
25.900000000000119	29.5906
26.000000000000121	32.4915
26.100000000000122	35.4088
26.200000000000124	38.3388
26.300000000000125	41.2788
26.400000000000126	45.2109
26.500000000000128	23.3241
26.600000000000129	23.6226
26.700000000000131	26.498
26.800000000000132	13.9839
26.900000000000134	13.9839
27.000000000000135	2
27.100000000000136	6.64099
27.200000000000138	9.29742
27.300000000000139	13.0684
27.400000000000141	15.9054
27.500000000000142	18.6853
27.600000000000144	10.0401
27.700000000000145	5.8175
27.800000000000146	8.37927
27.900000000000148	11.158
28.000000000000149	14.026
28.100000000000151	17.7473
28.200000000000152	9.28821
28.300000000000153	12.1052
28.400000000000155	14.9917
28.500000000000156	17.746
28.600000000000158	21.5201
28.700000000000159	24.3975
28.800000000000161	27.3011
28.900000000000162	30.2234
29.000000000000163	16.5344
29.100000000000165	8.79557
29.200000000000166	8.79557
29.300000000000168	8.79557
29.400000000000169	2.84431
29.500000000000171	4.96687
29.600000000000172	7.94645
29.700000000000173	10.5561
29.800000000000175	13.3291
29.900000000000176	16.67
30.000000000000178	19.4948
30.100000000000179	22.8518
30.20000000000018	12.615
30.300000000000182	16.2293
30.400000000000183	19.1195
30.500000000000185	22.0839
30.600000000000186	25.0165
30.700000000000188	13.7833
30.800000000000189	16.5579
30.90000000000019	19.399
31.000000000000192	9.90383
31.100000000000193	5.1994
31.200000000000195	5.93021
31.300000000000196	8.45731
31.400000000000198	4.99232
31.500000000000199	7.43826
31.6000000000002	11.1235
31.700000000000202	13.9987
31.800000000000203	16.7375
31.900000000000205	19.5524
32.000000000000206	22.4151
32.100000000000207	26.2792
32.200000000000209	29.201
32.30000000000021	32.1371
32.400000000000212	16.2543
32.500000000000213	9.1422
32.600000000000215	11.6543
32.700000000000216	14.4235
32.800000000000217	8.37368
32.900000000000219	6.07019
33.00000000000022	8.67222
33.100000000000222	11.3789
33.200000000000223	14.2022
33.300000000000225	17.0847
33.400000000000226	20.9784
33.500000000000227	11.2493
33.600000000000229	14.0987
33.70000000000023	16.9988
33.800000000000232	20.7162
33.900000000000233	23.5645
34.000000000000234	26.4462
34.100000000000236	14.4004
34.200000000000237	16.3554
34.300000000000239	8.35945
34.40000000000024	9.05322
34.500000000000242	5.34151
34.600000000000243	5.88474
34.700000000000244	9.33251
34.800000000000246	12.1392
34.900000000000247	15.0191
35.000000000000249	17.8254
35.10000000000025	21.5856
35.200000000000252	12.1689
35.300000000000253	15.0431
35.400000000000254	17.9016
35.500000000000256	9.00658
35.600000000000257	12.1416
35.700000000000259	14.887
35.80000000000026	8.56978
35.900000000000261	8.56978
36.000000000000263	11.0315
36.100000000000264	13.7811
36.200000000000266	8.22358
36.300000000000267	11.0419
36.400000000000269	13.8619
36.50000000000027	17.561
36.600000000000271	20.4093
36.700000000000273	11.2987
36.800000000000274	11.2987
36.900000000000276	11.2987
37.000000000000277	5.57776
37.100000000000279	8.21603
37.20000000000028	10.9449
37.300000000000281	14.5629
37.400000000000283	17.3855
37.500000000000284	9.9799
37.600000000000286	11.9909
37.700000000000287	6.70756
37.800000000000288	10.2674
37.90000000000029	13.1021
38.000000000000291	15.9958
38.100000000000293	18.7623
38.200000000000294	10.0759
38.300000000000296	10.0759
38.400000000000297	11.6477
38.500000000000298	14.4182
38.6000000000003	18.2241
38.700000000000301	10.3953
38.800000000000303	10.3953
38.900000000000304	10.3953
39.000000000000306	4
39.100000000000307	7.5777
39.200000000000308	10.2825
39.30000000000031	13.7849
39.400000000000311	16.5592
39.500000000000313	9.43846
39.600000000000314	11.0109
39.700000000000315	14.2653
39.800000000000317	17.1372
39.900000000000318	20.0459
40.00000000000032	10.5827
40.100000000000321	5.61368
40.200000000000323	8.83013
40.300000000000324	11.3235
40.400000000000325	14.4383
40.500000000000327	17.2814
40.600000000000328	20.5626
40.70000000000033	23.3869
40.800000000000331	26.9275
40.900000000000333	29.7857
41.000000000000334	33.0952
41.100000000000335	18.3283
41.200000000000337	21.2149
41.300000000000338	24.253
41.40000000000034	12.3716
41.500000000000341	14.5333
41.600000000000342	8.44643
41.700000000000344	8.44643
41.800000000000345	9.97545
41.900000000000347	13.5579
42.000000000000348	16.3709
42.10000000000035	19.2398
42.200000000000351	22.1429
42.300000000000352	12.3968
42.400000000000354	16.1848
42.500000000000355	8.97291
42.600000000000357	11.6091
42.700000000000358	14.387
42.80000000000036	7.9858
42.900000000000361	9.69371
43.000000000000362	12.4184
43.100000000000364	15.2454
43.200000000000365	8.86812
43.300000000000367	8.86812
43.400000000000368	4.49044
43.500000000000369	6.36549
43.600000000000371	9.10387
43.700000000000372	12.8541
43.800000000000374	7.30434
43.900000000000375	10.0836
44.000000000000377	5.78394
44.100000000000378	6.44702
44.200000000000379	9.1607
44.300000000000381	12.0079
44.400000000000382	14.7783
44.500000000000384	18.5101
44.600000000000385	21.3721
44.700000000000387	12.0092
44.800000000000388	14.0134
44.900000000000389	16.5694
45.000000000000391	10.141
45.100000000000392	13.0034
45.200000000000394	15.7887
45.300000000000395	18.3694
45.400000000000396	11.0701
45.500000000000398	13.8843
45.600000000000399	16.642
45.700000000000401	19.3159
45.800000000000402	10.5508
45.900000000000404	14.2696
46.000000000000405	17.1408
46.100000000000406	20.049
46.200000000000408	10.9322
46.300000000000409	12.5559
46.400000000000411	15.3575
46.500000000000412	18.2215
46.600000000000414	21.0753
46.700000000000415	24.9868
46.800000000000416	27.8289
46.900000000000418	14.8198
47.000000000000419	17.5441
47.100000000000421	10.1024
47.200000000000422	13.87
47.300000000000423	16.63
47.400000000000425	8.7837
47.500000000000426	10.3595
47.600000000000428	6.73764
47.700000000000429	8.58136
47.800000000000431	11.3101
47.900000000000432	14.1472
48.000000000000433	8.49006
48.100000000000435	11.0611
48.200000000000436	13.8771
48.300000000000438	16.636
48.400000000000439	9.06701
48.500000000000441	9.06701
48.600000000000442	10.7882
48.700000000000443	13.5134
48.800000000000445	7.4281
48.900000000000446	9.56195
49.000000000000448	12.3161
49.100000000000449	15.1622
49.20000000000045	18.0574
49.300000000000452	20.9814
49.400000000000453	24.7464
49.500000000000455	27.6133
49.600000000000456	14.0224
49.700000000000458	7.04685
49.800000000000459	10.0005
49.90000000000046	5.91989
50.000000000000462	6.41297
50.100000000000463	9.13692
50.200000000000465	12.8774
50.300000000000466	15.6212
50.400000000000468	18.4442
50.500000000000469	10.0785
50.60000000000047	12.7991
50.700000000000472	8.79059
50.800000000000473	11.4692
50.900000000000475	6.19717
51.000000000000476	6.81922
51.100000000000477	10.1441
51.200000000000479	13.0058
51.30000000000048	15.7907
51.400000000000482	18.5879
51.500000000000483	21.4395
51.600000000000485	12.0184
51.700000000000486	14.0926
51.800000000000487	16.9938
51.900000000000489	19.7722
52.00000000000049	23.5609
52.100000000000492	12.4214
52.200000000000493	12.4214
52.300000000000495	6.78936
52.400000000000496	10.2229
52.500000000000497	12.7566
52.600000000000499	7.26735
52.7000000000005	10.0569
52.800000000000502	12.8603
52.900000000000503	16.5421
53.000000000000504	8.62797
53.100000000000506	11.3454
53.200000000000507	14.1753
53.300000000000509	18.0328
53.40000000000051	10.2629
53.500000000000512	10.2629
53.600000000000513	11.5519
53.700000000000514	6.28065
53.800000000000516	9.04515
53.900000000000517	11.7506
54.000000000000519	7.11107
54.10000000000052	3.8289
54.200000000000522	6.57364
54.300000000000523	3.9814
54.400000000000524	6.35046
54.500000000000526	9.09344
54.600000000000527	12.7684
54.700000000000529	15.5315
54.80000000000053	18.3683
54.900000000000531	21.2495
55.000000000000533	11.5075
55.100000000000534	15.2547
55.200000000000536	18.135
55.300000000000537	9.759
55.400000000000539	9.759
55.50000000000054	2
55.600000000000541	5.68862
55.700000000000543	8.29104
55.800000000000544	11.0921
55.900000000000546	14.8771
56.000000000000547	8.23899
56.100000000000549	5.29465
56.20000000000055	7.23532
56.300000000000551	10.0339
56.400000000000553	13.6744
56.500