10	1
10.1	1
10.199999999999999	1
10.299999999999999	1
10.399999999999999	1
10.499999999999998	1
10.599999999999998	1
10.699999999999998	1
10.799999999999997	1
10.899999999999997	1
10.999999999999996	1
11.099999999999996	1
11.199999999999996	1
11.299999999999995	1
11.399999999999995	1
11.499999999999995	1
11.599999999999994	1
11.699999999999994	1
11.799999999999994	1
11.899999999999993	1
11.999999999999993	1
12.099999999999993	1
12.199999999999992	1
12.299999999999992	1
12.399999999999991	1
12.499999999999991	1
12.599999999999991	1
12.69999999999999	1
12.79999999999999	1
12.89999999999999	1
12.999999999999989	1
13.099999999999989	1
13.199999999999989	1
13.299999999999988	1
13.399999999999988	1
13.499999999999988	1
13.599999999999987	1
13.699999999999987	1
13.799999999999986	1
13.899999999999986	1
13.999999999999986	1
14.099999999999985	1
14.199999999999985	1
14.299999999999985	1
14.399999999999984	1
14.499999999999984	1
14.599999999999984	1
14.699999999999983	1
14.799999999999983	1
14.899999999999983	1
14.999999999999982	1
15.099999999999982	1
15.199999999999982	1
15.299999999999981	1
15.399999999999981	1
15.49999999999998	1
15.59999999999998	1
15.69999999999998	1
15.799999999999979	1
15.899999999999979	1
15.999999999999979	1
16.09999999999998	1
16.199999999999982	1
16.299999999999983	1
16.399999999999984	1
16.499999999999986	1
16.599999999999987	1
16.699999999999989	1
16.79999999999999	1
16.899999999999991	1
16.999999999999993	1
17.099999999999994	1
17.199999999999996	1
17.299999999999997	1
17.399999999999999	1
17.5	1
17.600000000000001	1
17.700000000000003	1
17.800000000000004	1
17.900000000000006	1
18.000000000000007	1
18.100000000000009	1
18.20000000000001	1
18.300000000000011	1
18.400000000000013	1
18.500000000000014	1
18.600000000000016	1
18.700000000000017	1
18.800000000000018	1
18.90000000000002	1
19.000000000000021	1
19.100000000000023	1
19.200000000000024	1
19.300000000000026	1
19.400000000000027	1
19.500000000000028	1
19.60000000000003	1
19.700000000000031	1
19.800000000000033	1
19.900000000000034	1
20.000000000000036	1
20.100000000000037	1
20.200000000000038	1
20.30000000000004	1
20.400000000000041	1
20.500000000000043	1
20.600000000000044	1
20.700000000000045	1
20.800000000000047	1
20.900000000000048	1
21.00000000000005	1
21.100000000000051	1
21.200000000000053	1
21.300000000000054	1
21.400000000000055	1
21.500000000000057	1
21.600000000000058	1
21.70000000000006	1
21.800000000000061	1
21.900000000000063	1
22.000000000000064	1
22.100000000000065	1
22.200000000000067	1
22.300000000000068	1
22.40000000000007	1
22.500000000000071	1
22.600000000000072	1
22.700000000000074	1
22.800000000000075	1
22.900000000000077	1
23.000000000000078	1
23.10000000000008	1
23.200000000000081	1
23.300000000000082	1
23.400000000000084	1
23.500000000000085	1
23.600000000000087	1
23.700000000000088	1
23.80000000000009	1
23.900000000000091	1
24.000000000000092	1
24.100000000000094	1
24.200000000000095	1
24.300000000000097	1
24.400000000000098	1
24.500000000000099	1
24.600000000000101	1
24.700000000000102	1
24.800000000000104	1
24.900000000000105	1
25.000000000000107	1
25.100000000000108	1
25.200000000000109	1
25.300000000000111	1
25.400000000000112	1
25.500000000000114	1
25.600000000000115	1
25.700000000000117	1
25.800000000000118	1
25.900000000000119	1
26.000000000000121	1
26.100000000000122	1
26.200000000000124	1
26.300000000000125	1
26.400000000000126	1
26.500000000000128	1
26.600000000000129	1
26.700000000000131	1
26.800000000000132	1
26.900000000000134	1
27.000000000000135	1
27.100000000000136	1
27.200000000000138	1
27.300000000000139	1
27.400000000000141	1
27.500000000000142	1
27.600000000000144	1
27.700000000000145	1
27.800000000000146	1
27.900000000000148	1
28.000000000000149	1
28.100000000000151	1
28.200000000000152	1
28.300000000000153	1
28.400000000000155	1
28.500000000000156	1
28.600000000000158	1
28.700000000000159	1
28.800000000000161	1
28.900000000000162	1
29.000000000000163	1
29.100000000000165	1
29.200000000000166	1
29.300000000000168	1
29.400000000000169	8
29.500000000000171	11
29.600000000000172	12.3741
29.700000000000173	17.1302
29.800000000000175	21.0154
29.900000000000176	12.4719
30.000000000000178	15.9937
30.100000000000179	20.6411
30.20000000000018	24.4586
30.300000000000182	28.2554
30.400000000000183	17.6724
30.500000000000185	10.2037
30.600000000000186	12.7412
30.700000000000188	16.266
30.800000000000189	20.9961
30.90000000000019	12.1784
31.000000000000192	7.08154
31.100000000000193	11.6037
31.200000000000195	15.3272
31.300000000000196	19.1611
31.400000000000198	24.0286
31.500000000000199	14.3881
31.6000000000002	18.0345
31.700000000000202	21.8045
31.800000000000203	13.6949
31.900000000000205	17.4296
32.000000000000206	21.2601
32.100000000000207	26.0421
32.200000000000209	29.9388
32.30000000000021	16.526
32.400000000000212	19.5263
32.500000000000213	23.355
32.600000000000215	14.0186
32.700000000000216	9.04655
32.800000000000217	13.5738
32.900000000000219	17.3347
33.00000000000022	21.1824
33.100000000000222	25.9402
33.200000000000223	15.6976
33.300000000000225	19.4069
33.400000000000226	11.0994
33.500000000000227	15.7336
33.600000000000229	9.48333
33.70000000000023	5.33978
33.800000000000232	9.22311
33.900000000000233	13.0158
34.000000000000234	16.7231
34.100000000000236	10.3938
34.200000000000237	14.1542
34.300000000000239	18.0162
34.40000000000024	10.5444
34.500000000000242	6.81422
34.600000000000243	10.337
34.700000000000244	6.83986
34.800000000000246	4.04391
34.900000000000247	3.62894
35.000000000000249	7.0604
35.10000000000025	11.5039
35.200000000000252	15.252
35.300000000000253	19.101
35.400000000000254	22.826
35.500000000000256	27.5902
35.600000000000257	15.6168
35.700000000000259	19.3933
35.80000000000026	23.923
35.900000000000261	13.0634
36.000000000000263	8.77272
36.100000000000264	12.3817
36.200000000000266	17.1357
36.300000000000267	9.58834
36.400000000000269	12.9707
36.50000000000027	17.5654
36.600000000000271	21.3715
36.700000000000273	25.1178
36.800000000000274	14.2777
36.900000000000276	18.1133
37.000000000000277	11.4566
37.100000000000279	15.0841
37.20000000000028	19.8445
37.300000000000281	23.6216
37.400000000000283	13.0793
37.500000000000284	17.6456
37.600000000000286	21.4374
37.700000000000287	12.1247
37.800000000000288	7.83127
37.90000000000029	11.3888
38.000000000000291	7.14025
38.100000000000293	4.93226
38.200000000000294	8.65428
38.300000000000296	12.2984
38.400000000000297	8.03048
38.500000000000298	12.5274
38.6000000000003	16.0369
38.700000000000301	19.8342
38.800000000000303	23.6129
38.900000000000304	28.4211
39.000000000000306	14.8138
39.100000000000307	16.11
39.200000000000308	4.82503
39.30000000000031	8.23546
39.400000000000311	12.0084
39.500000000000313	16.6291
39.600000000000314	10.5281
39.700000000000315	14.2529
39.800000000000317	18.0937
39.900000000000318	22.9264
40.00000000000032	12.6067
40.100000000000321	6.34301
40.200000000000323	10.1344
40.300000000000324	13.8209
40.400000000000325	7.47217
40.500000000000327	12.0962
40.600000000000328	15.8931
40.70000000000033	9.52718
40.800000000000331	13.2324
40.900000000000333	17.6461
41.000000000000334	10.4589
41.100000000000335	11.6403
41.200000000000337	15.9314
41.300000000000338	7.96572
41.40000000000034	7.96572
41.500000000000341	3.33333
41.600000000000342	2.98794
41.700000000000344	6.13761
41.800000000000345	9.3861
41.900000000000347	14.0179
42.000000000000348	7.91714
42.10000000000035	11.4478
42.200000000000351	16.1678
42.300000000000352	10.2503
42.400000000000354	6.84396
42.500000000000355	3.96829
42.600000000000357	8.02897
42.700000000000358	11.2608
42.80000000000036	6.42138
42.900000000000361	8.80641
43.000000000000362	12.4055
43.100000000000364	16.1915
43.200000000000365	21.0339
43.300000000000367	11.4511
43.400000000000368	6.46626
43.500000000000369	10.0127
43.600000000000371	8.06373
43.700000000000372	11.7218
43.800000000000374	15.3516
43.900000000000375	5.07936
44.000000000000377	6.48444
44.100000000000378	10.1241
44.200000000000379	13.8134
44.300000000000381	18.4689
44.400000000000382	10.6917
44.500000000000384	10.6917
44.600000000000385	7.3067
44.700000000000387	4.40387
44.800000000000388	7.6125
44.900000000000389	5.37036
45.0000000000