10	1
10.1	1
10.199999999999999	1
10.299999999999999	1
10.399999999999999	1
10.499999999999998	1
10.599999999999998	1
10.699999999999998	1
10.799999999999997	1
10.899999999999997	1
10.999999999999996	1
11.099999999999996	1
11.199999999999996	1
11.299999999999995	1
11.399999999999995	1
11.499999999999995	1
11.599999999999994	1
11.699999999999994	1
11.799999999999994	1
11.899999999999993	1
11.999999999999993	1
12.099999999999993	1
12.199999999999992	1
12.299999999999992	1
12.399999999999991	1
12.499999999999991	1
12.599999999999991	1
12.69999999999999	1
12.79999999999999	1
12.89999999999999	1
12.999999999999989	1
13.099999999999989	1
13.199999999999989	1
13.299999999999988	1
13.399999999999988	1
13.499999999999988	1
13.599999999999987	1
13.699999999999987	8
13.799999999999986	13.5
13.899999999999986	13.5741
13.999999999999986	4
14.099999999999985	9.07844
14.199999999999985	5.35219
14.299999999999985	6.99408
14.399999999999984	10.4557
14.499999999999984	6.85499
14.599999999999984	11.2913
14.699999999999983	15.0925
14.799999999999983	18.9212
14.899999999999983	10.8875
14.999999999999982	10.8875
15.099999999999982	14.3113
15.199999999999982	8.84681
15.299999999999981	12.4341
15.399999999999981	7.9507
15.49999999999998	7.9507
15.59999999999998	7.9507
15.69999999999998	4.16441
15.799999999999979	8.12537
15.899999999999979	11.8491
15.999999999999979	16.022
16.09999999999998	9.36563
16.199999999999982	11.9985
16.299999999999983	16.1326
16.399999999999984	20.0119
16.499999999999986	24.2212
16.599999999999987	28.1215
16.699999999999989	14.9238
16.79999999999999	18.0252
16.899999999999991	21.7968
16.999999999999993	25.598
17.099999999999994	6.98024
17.199999999999996	10.4465
17.299999999999997	14.1929
17.399999999999999	8.45661
17.5	5.65257
17.600000000000001	7.08379
17.700000000000003	11.605
17.800000000000004	15.3283
17.900000000000006	8.14189
18.000000000000007	11.8604
18.100000000000009	7.1224
18.20000000000001	11.0984
18.300000000000011	5.54921
18.400000000000013	8.19685
18.500000000000014	4.83099
18.600000000000016	8.2389
18.700000000000017	12.0108
18.800000000000018	16.6308
18.90000000000002	20.4154
19.000000000000021	10.9871
19.100000000000023	10.9871
19.200000000000024	3
19.300000000000026	6.57866
19.400000000000027	4.99248
19.500000000000028	7.16177
19.60000000000003	10.8494
19.700000000000031	14.4914
19.800000000000033	18.282
19.900000000000034	22.1455
20.000000000000036	12.4955
20.100000000000037	15.1105
20.200000000000038	10.0683
20.30000000000004	13.7726
20.400000000000041	17.4907
20.500000000000043	11.6934
20.600000000000044	15.3952
20.700000000000045	9.12664
20.800000000000047	12.5545
20.900000000000048	16.3058
21.00000000000005	8.69069
21.100000000000051	13.2647
21.200000000000053	17.0941
21.300000000000054	9.85329
21.400000000000055	9.85329
21.500000000000057	12.3821
21.600000000000058	16.1736
21.70000000000006	10.3458
21.800000000000061	14.1191
21.900000000000063	17.9886
22.000000000000064	21.7205
22.100000000000065	12.6484
22.200000000000067	7.14327
22.300000000000068	10.8372
22.40000000000007	6.43464
22.500000000000071	9.36929
22.600000000000072	13.1195
22.700000000000074	16.9818
22.800000000000075	21.6477
22.900000000000077	25.4713
23.000000000000078	13.6277
23.10000000000008	16.3062
23.200000000000081	20.0524
23.300000000000082	23.9223
23.400000000000084	14.6193
23.500000000000085	8.48342
23.600000000000087	11.4134
23.700000000000088	7.60278
23.80000000000009	11.2337
23.900000000000091	15.0495
24.000000000000092	19.6151
24.100000000000094	23.4293
24.200000000000095	27.2962
24.300000000000097	15.0782
24.400000000000098	18.9098
24.500000000000099	11.3332
24.600000000000101	11.3332
24.700000000000102	12.1866
24.800000000000104	15.7725
24.900000000000105	8.61873
25.000000000000107	12.2735
25.100000000000108	8.17271
25.200000000000109	5.03567
25.300000000000111	8.47853
25.400000000000112	12.1758
25.500000000000114	16.0164
25.600000000000115	19.7163
25.700000000000117	10.7799
25.800000000000118	11.5009
25.900000000000119	15.2497
26.000000000000121	8.92624
26.100000000000122	11.999
26.200000000000124	15.6282
26.300000000000125	20.3102
26.400000000000126	24.1801
26.500000000000128	28.0861
26.600000000000129	32.015
26.700000000000131	17.4574
26.800000000000132	17.4574
26.900000000000134	17.4574
27.000000000000135	9.06232
27.100000000000136	6.0687
27.200000000000138	9.55443
27.300000000000139	13.252
27.400000000000141	18.0534
27.500000000000142	21.9116
27.600000000000144	25.6959
27.700000000000145	14.5139
27.800000000000146	18.2999
27.900000000000148	22.1603
28.000000000000149	6.97266
28.100000000000151	9.84712
28.200000000000152	13.464
28.300000000000153	7.86505
28.400000000000155	10.105
28.500000000000156	6.89971
28.600000000000158	10.198
28.700000000000159	7.09079
28.800000000000161	10.7095
28.900000000000162	14.3872
29.000000000000163	18.1996
29.100000000000165	10.5763
29.200000000000166	14.2885
29.300000000000168	7.41953
29.400000000000169	9.12457
29.500000000000171	12.8687
29.600000000000172	7.06571
29.700000000000173	11.1527
29.800000000000175	14.9893
29.900000000000176	8.438
30.000000000000178	5.33088
30.100000000000179	8.99708
30.20000000000018	12.5412
30.300000000000182	17.2511
30.400000000000183	10.1706
30.500000000000185	11.5572
30.600000000000186	15.2922
30.700000000000188	19.1331
30.800000000000189	10.4423
30.90000000000019	14.1897
31.000000000000192	8.29918
31.100000000000193	8.8851
31.200000000000195	12.4613
31.300000000000196	16.2342
31.400000000000198	10.9825
31.500000000000199	7.16403
31.6000000000002	10.8509
31.700000000000202	14.4925
31.800000000000203	18.2829
31.900000000000205	22.1462
32.000000000000206	13.6476
32.100000000000207	17.3925
32.200000000000209	21.2297
32.30000000000021	12.8779
32.400000000000212	7.61679
32.500000000000213	11.5947
32.600000000000215	16.0238
32.700000000000216	19.773
32.800000000000217	23.5616
32.900000000000219	27.4099
33.00000000000022	31.2959
33.100000000000222	8.28998
33.200000000000223	11.3596
33.300000000000225	14.9437
33.400000000000226	4.58353
33.500000000000227	7.5842
33.600000000000229	10.8573
33.70000000000023	7.4695
33.800000000000232	4.00251
33.900000000000233	2.90079
34.000000000000234	6.0977
34.100000000000236	9.67719
34.200000000000237	13.3405
34.300000000000239	8.55353
34.40000000000024	12.2279
34.500000000000242	16.056
34.600000000000243	19.8496
34.700000000000244	11.469
34.800000000000246	14.4835
34.900000000000247	18.2758
35.000000000000249	11.3665
35.10000000000025	7.17094
35.200000000000252	10.8554
35.300000000000253	14.4959
35.400000000000254	8.48953
35.500000000000256	5.01282
35.600000000000257	8.46516
35.700000000000259	12.1665
35.80000000000026	16.0093
35.900000000000261	19.4549
36.000000000000263	9.72746
36.100000000000264	13.3018
36.200000000000266	17.1228
36.300000000000267	20.9617
36.400000000000269	13.1177
36.50000000000027	16.9803
36.600000000000271	10.302
36.700000000000273	12.9755
36.800000000000274	16.5713
36.900000000000276	10.7197
37.000000000000277	14.3947
37.100000000000279	19.1701
37.20000000000028	11.42
37.300000000000281	14.1645
37.400000000000283	8.73901
37.500000000000284	12.3579
37.600000000000286	7.5734
37.700000000000287	12.1586
37.800000000000288	7.18212
37.90000000000029	10.7699
38.000000000000291	6.37377
38.100000000000293	10.0541
38.200000000000294	5.85743
38.300000000000296	9.09693
38.400000000000297	12.7709
38.500000000000298	16.4727
38.6000000000003	20.2869
38.700000000000301	24.1606
38.800000000000303	12.7061
38.900000000000304	6.39242
39.000000000000306	8.31435
39.100000000000307	11.979
39.200000000000308	8.25824
39.30000000000031	12.024
39.400000000000311	16.6404
39.500000000000313	10.3892
39.600000000000314	14.1508
39.700000000000315	8.13382
39.800000000000317	11.5981
39.900000000000318	15.323
40.00000000000032	20.1263
40.100000000000321	24.0259
40.200000000000323	6.91819
40.300000000000324	7.47931
40.400000000000325	11.1509
40.500000000000327	14.718
40.600000000000328	10.1231
40.70000000000033	13.885
40.800000000000331	8.29113
40.900000000000333	5.55673
41.000000000000334	9.13121
41.100000000000335	13.7765
41.200000000000337	17.4938
41.300000000000338	21.3127
41.40000000000034	12.3529
41.500000000000341	14.3787
41.600000000000342	18.1929
41.700000000000344	23.0482
41.800000000000345	5.99856
41.900000000000347	9.40407
42.000000000000348	13.1443
42.10000000000035	17.0009
42.200000000000351	20.7661
42.300000000000352	12.5665
42.400000000000354	6.51833
42.500000000000355	8.16801
42.600000000000357	11.7935
42.700000000000358	8.31376
42.80000000000036	12.062
42.900000000000361	7.10628
43.000000000000362	10.7198
43.100000000000364	6.30953
43.200000000000365	4.24588
43.300000000000367	5.12048
43.400000000000368	9.4253
43.500000000000369	13.1595
43.600000000000371	17.0126
43.700000000000372	20.7757
43.800000000000374	24.5723
43.900000000000375	12.96
44.000000000000377	12.96
44.100000000000378	16.3767
44.200000000000379	10.4289
44.300000000000381	14.18
44.400000000000382	7.66729
44.500000000000384	10.7297
44.600000000000385	15.3455
44.700000000000387	9.02284
44.800000000000388	12.6392
44.900000000000389	16.371
45.000000000000391	20.2045
45.100000000000392	13.3539
45.200000000000394	17.1633
45.300000000000395	21.0424
45.400000000000396	12.257
45.500000000000398	12.257
45.600000000000399	6.89842
45.700000000000401	9.69179
45.800000000000402	4.8459
45.900000000000404	4.8459
46.000000000000405	2.9
46.100000000000406	6.09735
46.200000000000408	4.17408
46.300000000000409	7.61807
46.400000000000411	10.4091
46.500000000000412	14.9235
46.600000000000414	4.58378
46.700000000000415	2.88293
46.800000000000416	4.32847
46.900000000000418	7.95956
47.000000000000419	11.477
47.100000000000421	16.0642
47.200000000000422	10.6205
47.300000000000423	6.31105
47.400000000000425	10.0147
47.500000000000426	13.6604
47.600000000000428	9.4023
47.700000000000429	5.97167
47.800000000000431	7.33959
47.900000000000432	11.0581
48.000000000000433	6.86597
48.100000000000435	4.10248
48.200000000000436	8.21806
48.300000000000438	11.9965
48.400000000000439	6.96539
48.500000000000441	9.20859
48.600000000000442	13.0056
48.700000000000443	7.92691
48.800000000000445	10.2516
48.900000000000446	14.0503
49.000000000000448	17.8227
49.100000000000449	10.4858
49.20000000000045	10.4858
49.300000000000452	1
49.400000000000453	6.42297
49.500000000000455	11.0363
49.600000000000456	14.4939
49.700000000000458	18.284
49.800000000000459	21.6905
49.90000000000046	10.8452
50.000000000000462	10.8452
50.100000000000463	7.96694
50.200000000000465	11.4821
50.300000000000466	15.4317
50.400000000000468	19.2447
50.500000000000469	23.1201
50.60000000000047	13.254
50.700000000000472	17.1443
50.800000000000473	10.6142
50.900000000000475	7.51787
51.000000000000476	5.14313
51.100000000000477	8.65904
51.200000000000479	12.3017
51.30000000000048	7.96226
51.400000000000482	8.68824
51.500000000000483	5.51647
51.600000000000485	3.55984
51.700000000000486	6.26512
51.800000000000487	10.8538
51.900000000000489	14.4947
52.00000000000049	18.2847
52.100000000000492	10.5175
52.200000000000493	12.197
52.300000000000495	7.46607
52.400000000000496	10.9603
52.500000000000497	6.17483
52.600000000000499	9.82839
52.7000000000005	6.14046
52.800000000000502	9.70396
52.900000000000503	13.3599
53.000000000000504	8.46648
53.100000000000506	11.4009
53.200000000000507	15.1084
53.300000000000509	18.9866
53.40000000000051	9.88216
53.500000000000512	6.2042
53.600000000000513	10.6318
53.700000000000514	7.52401
53.800000000000516	11.1808
53.900000000000517	15.0102
54.000000000000519	18.7491
54.10000000000052	11.5792
54.200000000000522	15.3087
54.300000000000523	19.1463
54.400000000000524	23.0384
54.500000000000526	12.4784
54.600000000000527	13.2579
54.700000000000529	8.98492
54.80000000000053	12.5325
54.900000000000531	8.27653
55.000000000000533	12.0365
55.100000000000534	7.47214
55.200000000000536	11.1461
55.300000000000537	8.42103
55.400000000000539	5.73718
55.50000000000054	9.24103
55.600000000000541	13.0285
55.700000000000543	7.80902
55.800000000000544	11.285
55.900000000000546	15.0213
56.000000000000547	10.035
56.100000000000549	13.3035
56.20000000000055	6.65177
56.300000000000551	9.19634
56.400000000000553	13.6002
56.500000000000554	17.3554
56.600000000000556	10.3405
56.700000000000557	6.38778
56.800000000000558	10.0629
56.90000000000056	5.9523
57