10	1
10.1	1
10.199999999999999	1
10.299999999999999	1
10.399999999999999	1
10.499999999999998	1
10.599999999999998	1
10.699999999999998	1
10.799999999999997	1
10.899999999999997	1
10.999999999999996	1
11.099999999999996	1
11.199999999999996	1
11.299999999999995	1
11.399999999999995	1
11.499999999999995	1
11.599999999999994	1
11.699999999999994	1
11.799999999999994	1
11.899999999999993	1
11.999999999999993	1
12.099999999999993	1
12.199999999999992	1
12.299999999999992	1
12.399999999999991	1
12.499999999999991	1
12.599999999999991	1
12.69999999999999	1
12.79999999999999	1
12.89999999999999	1
12.999999999999989	1
13.099999999999989	1
13.199999999999989	1
13.299999999999988	1
13.399999999999988	1
13.499999999999988	1
13.599999999999987	1
13.699999999999987	1
13.799999999999986	1
13.899999999999986	1
13.999999999999986	1
14.099999999999985	1
14.199999999999985	1
14.299999999999985	1
14.399999999999984	1
14.499999999999984	1
14.599999999999984	1
14.699999999999983	1
14.799999999999983	1
14.899999999999983	1
14.999999999999982	1
15.099999999999982	1
15.199999999999982	1
15.299999999999981	1
15.399999999999981	1
15.49999999999998	1
15.59999999999998	1
15.69999999999998	1
15.799999999999979	1
15.899999999999979	1
15.999999999999979	1
16.09999999999998	1
16.199999999999982	1
16.299999999999983	1
16.399999999999984	1
16.499999999999986	1
16.599999999999987	1
16.699999999999989	1
16.79999999999999	1
16.899999999999991	1
16.999999999999993	1
17.099999999999994	1
17.199999999999996	1
17.299999999999997	1
17.399999999999999	1
17.5	1
17.600000000000001	1
17.700000000000003	1
17.800000000000004	1
17.900000000000006	1
18.000000000000007	1
18.100000000000009	1
18.20000000000001	1
18.300000000000011	1
18.400000000000013	1
18.500000000000014	1
18.600000000000016	1
18.700000000000017	1
18.800000000000018	1
18.90000000000002	1
19.000000000000021	1
19.100000000000023	1
19.200000000000024	1
19.300000000000026	1
19.400000000000027	1
19.500000000000028	1
19.60000000000003	1
19.700000000000031	1
19.800000000000033	1
19.900000000000034	1
20.000000000000036	1
20.100000000000037	1
20.200000000000038	1
20.30000000000004	1
20.400000000000041	1
20.500000000000043	1
20.600000000000044	1
20.700000000000045	1
20.800000000000047	1
20.900000000000048	1
21.00000000000005	1
21.100000000000051	1
21.200000000000053	1
21.300000000000054	1
21.400000000000055	1
21.500000000000057	1
21.600000000000058	1
21.70000000000006	1
21.800000000000061	1
21.900000000000063	1
22.000000000000064	1
22.100000000000065	1
22.200000000000067	1
22.300000000000068	1
22.40000000000007	1
22.500000000000071	1
22.600000000000072	1
22.700000000000074	1
22.800000000000075	1
22.900000000000077	1
23.000000000000078	1
23.10000000000008	1
23.200000000000081	1
23.300000000000082	1
23.400000000000084	1
23.500000000000085	1
23.600000000000087	1
23.700000000000088	1
23.80000000000009	1
23.900000000000091	1
24.000000000000092	1
24.100000000000094	1
24.200000000000095	1
24.300000000000097	1
24.400000000000098	1
24.500000000000099	1
24.600000000000101	1
24.700000000000102	1
24.800000000000104	1
24.900000000000105	1
25.000000000000107	1
25.100000000000108	1
25.200000000000109	1
25.300000000000111	1
25.400000000000112	1
25.500000000000114	1
25.600000000000115	1
25.700000000000117	1
25.800000000000118	1
25.900000000000119	1
26.000000000000121	1
26.100000000000122	1
26.200000000000124	1
26.300000000000125	1
26.400000000000126	1
26.500000000000128	1
26.600000000000129	1
26.700000000000131	1
26.800000000000132	1
26.900000000000134	1
27.000000000000135	1
27.100000000000136	1
27.200000000000138	1
27.300000000000139	1
27.400000000000141	1
27.500000000000142	1
27.600000000000144	1
27.700000000000145	1
27.800000000000146	1
27.900000000000148	1
28.000000000000149	1
28.100000000000151	1
28.200000000000152	1
28.300000000000153	1
28.400000000000155	1
28.500000000000156	1
28.600000000000158	1
28.700000000000159	1
28.800000000000161	1
28.900000000000162	1
29.000000000000163	1
29.100000000000165	1
29.200000000000166	1
29.300000000000168	1
29.400000000000169	1
29.500000000000171	1
29.600000000000172	1
29.700000000000173	1
29.800000000000175	1
29.900000000000176	11
30.000000000000178	5.72578
30.100000000000179	5.45942
30.20000000000018	8.96851
30.300000000000182	9.31669
30.400000000000183	5.37827
30.500000000000185	3.02686
30.600000000000186	2.53135
30.700000000000188	7.11891
30.800000000000189	10.207
30.90000000000019	11.9837
31.000000000000192	5.22737
31.100000000000193	5.22737
31.200000000000195	1
31.300000000000196	2.96434
31.400000000000198	2.96434
31.500000000000199	2.536
31.6000000000002	3.31571
31.700000000000202	5.19996
31.800000000000203	15.8165
31.900000000000205	9.4918
32.000000000000206	9.4918
32.100000000000207	7.25303
32.200000000000209	5.89876
32.30000000000021	5.46391
32.400000000000212	8.50812
32.500000000000213	10.2962
32.600000000000215	5.08688
32.700000000000216	15.4595
32.800000000000217	7.68
32.900000000000219	7.81021
33.00000000000022	7.81021
33.100000000000222	6.77034
33.200000000000223	6.77034
33.300000000000225	4.40454
33.400000000000226	4.63916
33.500000000000227	14.3758
33.600000000000229	9.40701
33.70000000000023	9.1284
33.800000000000232	6.41117
33.900000000000233	11.5995
34.000000000000234	4.24206
34.100000000000236	2.68555
34.200000000000237	2.68555
34.300000000000239	5.19763
34.40000000000024	17.0943
34.500000000000242	7.42734
34.600000000000243	5.08019
34.700000000000244	12.1679
34.800000000000246	12.2845
34.900000000000247	11.13
35.000000000000249	12.0811
35.10000000000025	5.04177
35.200000000000252	4.23064
35.300000000000253	7.46949
35.400000000000254	6.97811
35.500000000000256	5.93791
35.600000000000257	10.4278
35.700000000000259	9.5308
35.80000000000026	11.7186
35.900000000000261	12.2837
36.000000000000263	15.972
36.100000000000264	11.1292
36.200000000000266	11.1292
36.300000000000267	2.87852
36.400000000000269	5.61265
36.50000000000027	10.243
36.600000000000271	22.4434
36.700000000000273	1.10615
36.800000000000274	9.68603
36.900000000000276	7.14864
37.000000000000277	8.83193
37.100000000000279	8.83193
37.20000000000028	8.83193
37.300000000000281	2.54172
37.400000000000283	2.54172
37.500000000000284	1
37.600000000000286	7.23061
37.700000000000287	8.38691
37.800000000000288	5.59076
37.90000000000029	5.47004
38.000000000000291	10.4918
38.100000000000293	6.17099
38.200000000000294	6.17099
38.300000000000296	9.38974
38.400000000000297	2.95792
38.500000000000298	4.46884
38.6000000000003	11.1322
38.700000000000301	8.15308
38.800000000000303	7.26664
38.900000000000304	8.49239
39.000000000000306	7.49485
39.100000000000307	11.85
39.200000000000308	4.43899
39.30000000000031	10.294
39.400000000000311	6.75909
39.500000000000313	9.38579
39.600000000000314	20.6612
39.700000000000315	7.95394
39.800000000000317	8.91734
39.900000000000318	7.4849
40.00000000000032	5.15622
40.100000000000321	5.15622
40.200000000000323	3.4501
40.300000000000324	4.97106
40.400000000000325	11.1103
40.500000000000327	13.9562
40.600000000000328	10.847
40.70000000000033	8.47464
40.800000000000331	7.07417
40.900000000000333	9.50493
41.000000000000334	20.6184
41.100000000000335	21.2369
41.200000000000337	7.82797
41.300000000000338	7.82797
41.40000000000034	4.16441
41.500000000000341	4.16441
41.600000000000342	2
41.700000000000344	6.21689
41.800000000000345	5.24075
41.900000000000347	7.96354
42.000000000000348	8.05632
42.10000000000035	11.138
42.200000000000351	13.3438
42.300000000000352	14.444
42.400000000000354	6.35076
42.500000000000355	4.91867
42.600000000000357	4.91867
42.700000000000358	6.09735
42.80000000000036	5.59906
42.900000000000361	15.6967
43.000000000000362	12.7953
43.100000000000364	7.53716
43.200000000000365	5.50586
43.300000000000367	9.70017
43.400000000000368	4.05853
43.500000000000369	4.05853
43.600000000000371	2.9
43.700000000000372	6.44071
43.800000000000374	11.9241
43.900000000000375	6.82619
44.000000000000377	6.82619
44.100000000000378	3.33333
44.200000000000379	3.33333
44.300000000000381	4.09525
44.400000000000382	7.21187
44.500000000000384	3.75427
44.600000000000385	7.99631
44.700000000000387	9.43836
44.800000000000388	8.45899
44.900000000000389	10.1245
45.000000000000391	5.11161
45.100000000000392	5.11161
45.2000000000