10	1
10.1	1
10.199999999999999	1
10.299999999999999	1
10.399999999999999	1
10.499999999999998	1
10.599999999999998	1
10.699999999999998	1
10.799999999999997	1
10.899999999999997	1
10.999999999999996	1
11.099999999999996	1
11.199999999999996	1
11.299999999999995	1
11.399999999999995	1
11.499999999999995	1
11.599999999999994	1
11.699999999999994	1
11.799999999999994	1
11.899999999999993	1
11.999999999999993	1
12.099999999999993	1
12.199999999999992	1
12.299999999999992	1
12.399999999999991	1
12.499999999999991	1
12.599999999999991	1
12.69999999999999	1
12.79999999999999	1
12.89999999999999	1
12.999999999999989	1
13.099999999999989	1
13.199999999999989	1
13.299999999999988	1
13.399999999999988	1
13.499999999999988	1
13.599999999999987	1
13.699999999999987	1
13.799999999999986	1
13.899999999999986	1
13.999999999999986	1
14.099999999999985	1
14.199999999999985	1
14.299999999999985	1
14.399999999999984	1
14.499999999999984	1
14.599999999999984	1
14.699999999999983	1
14.799999999999983	1
14.899999999999983	1
14.999999999999982	1
15.099999999999982	1
15.199999999999982	1
15.299999999999981	1
15.399999999999981	1
15.49999999999998	1
15.59999999999998	1
15.69999999999998	1
15.799999999999979	1
15.899999999999979	1
15.999999999999979	1
16.09999999999998	1
16.199999999999982	1
16.299999999999983	1
16.399999999999984	1
16.499999999999986	1
16.599999999999987	1
16.699999999999989	1
16.79999999999999	1
16.899999999999991	1
16.999999999999993	1
17.099999999999994	1
17.199999999999996	1
17.299999999999997	1
17.399999999999999	1
17.5	1
17.600000000000001	1
17.700000000000003	1
17.800000000000004	1
17.900000000000006	1
18.000000000000007	1
18.100000000000009	1
18.20000000000001	1
18.300000000000011	1
18.400000000000013	1
18.500000000000014	1
18.600000000000016	1
18.700000000000017	1
18.800000000000018	1
18.90000000000002	1
19.000000000000021	1
19.100000000000023	1
19.200000000000024	1
19.300000000000026	1
19.400000000000027	1
19.500000000000028	1
19.60000000000003	1
19.700000000000031	1
19.800000000000033	1
19.900000000000034	1
20.000000000000036	1
20.100000000000037	1
20.200000000000038	1
20.30000000000004	1
20.400000000000041	1
20.500000000000043	1
20.600000000000044	1
20.700000000000045	1
20.800000000000047	1
20.900000000000048	1
21.00000000000005	1
21.100000000000051	1
21.200000000000053	1
21.300000000000054	1
21.400000000000055	1
21.500000000000057	1
21.600000000000058	1
21.70000000000006	1
21.800000000000061	1
21.900000000000063	1
22.000000000000064	1
22.100000000000065	1
22.200000000000067	1
22.300000000000068	1
22.40000000000007	1
22.500000000000071	1
22.600000000000072	1
22.700000000000074	1
22.800000000000075	1
22.900000000000077	1
23.000000000000078	1
23.10000000000008	1
23.200000000000081	1
23.300000000000082	1
23.400000000000084	1
23.500000000000085	1
23.600000000000087	1
23.700000000000088	1
23.80000000000009	1
23.900000000000091	1
24.000000000000092	1
24.100000000000094	1
24.200000000000095	1
24.300000000000097	1
24.400000000000098	1
24.500000000000099	1
24.600000000000101	1
24.700000000000102	1
24.800000000000104	1
24.900000000000105	1
25.000000000000107	1
25.100000000000108	1
25.200000000000109	1
25.300000000000111	1
25.400000000000112	1
25.500000000000114	1
25.600000000000115	1
25.700000000000117	1
25.800000000000118	1
25.900000000000119	1
26.000000000000121	1
26.100000000000122	1
26.200000000000124	1
26.300000000000125	1
26.400000000000126	8
26.500000000000128	32
26.600000000000129	32
26.700000000000131	2
26.800000000000132	18.3886
26.900000000000134	24.1746
27.000000000000135	30.0438
27.100000000000136	35.8721
27.200000000000138	18.6604
27.300000000000139	18.6604
27.400000000000141	9.54248
27.500000000000142	15.0171
27.600000000000144	20.6357
27.700000000000145	26.3833
27.800000000000146	32.2223
27.900000000000148	38.111
28.000000000000149	43.1807
28.100000000000151	49.0989
28.200000000000152	54.7796
28.300000000000153	60.654
28.400000000000155	66.5357
28.500000000000156	72.0769
28.600000000000158	77.2215
28.700000000000159	81.4813
28.800000000000161	86.0654
28.900000000000162	90.2181
29.000000000000163	94.3788
29.100000000000165	98.3636
29.200000000000166	102.193
29.300000000000168	105.884
29.400000000000169	109.03
29.500000000000171	112.497
29.600000000000172	115.705
29.700000000000173	118.977
29.800000000000175	122.162
29.900000000000176	125.266
30.000000000000178	128.295
30.100000000000179	130.903
30.20000000000018	133.805
30.300000000000182	136.513
30.400000000000183	139.297
30.500000000000185	142.027
30.600000000000186	144.706
30.700000000000188	147.336
30.800000000000189	149.612
30.90000000000019	152.157
31.000000000000192	154.544
31.100000000000193	157.009
31.200000000000195	159.436
31.300000000000196	161.827
31.400000000000198	164.17
31.500000000000199	166.216
31.6000000000002	168.511
31.700000000000202	170.669
31.800000000000203	172.904
31.900000000000205	175.111
32.000000000000206	177.291
32.100000000000207	179.444
32.200000000000209	181.317
32.30000000000021	183.423
32.400000000000212	185.408
32.500000000000213	187.467
32.600000000000215	16.2943
32.700000000000216	16.2943
32.800000000000217	16.2943
32.900000000000219	9.80842
33.00000000000022	15.3184
33.100000000000222	21.0944
33.200000000000223	26.9299
33.300000000000225	32.6713
33.400000000000226	38.4912
33.500000000000227	44.359
33.600000000000229	49.2729
33.70000000000023	55.19
33.800000000000232	29.9834
33.900000000000233	15.3544
34.000000000000234	15.3544
34.100000000000236	18.3831
34.200000000000237	24.1705
34.300000000000239	29.0585
34.40000000000024	34.9082
34.500000000000242	40.703
34.600000000000243	46.5496
34.700000000000244	52.4308
34.800000000000246	58.336
34.900000000000247	64.2588
35.000000000000249	69.0598
35.10000000000025	74.4133
35.200000000000252	79.4066
35.300000000000253	84.1039
35.400000000000254	88.5523
35.500000000000256	92.7877
35.600000000000257	96.7864
35.700000000000259	100.088
35.80000000000026	103.854
35.900000000000261	32
36.000000000000263	16.2943
36.100000000000264	16.2943
36.200000000000266	8
36.300000000000267	13.2857
36.400000000000269	18.1886
36.50000000000027	24.023
36.600000000000271	29.7879
36.700000000000273	35.5738
36.800000000000274	41.4204
36.900000000000276	47.3052
37.000000000000277	25.0691
37.100000000000279	12.8694
37.20000000000028	15.806
37.300000000000281	21.4507
37.400000000000283	27.2465
37.500000000000284	33.1145
37.600000000000286	39.0222
37.700000000000287	20.9571
37.800000000000288	13.016
37.90000000000029	18.595
38.000000000000291	24.332
38.100000000000293	30.1705
38.200000000000294	36.0616
38.300000000000296	41.9594
38.400000000000297	46.8049
38.500000000000298	52.6385
38.6000000000003	27.2528
38.700000000000301	13.9887
38.800000000000303	14.1313
38.900000000000304	19.8503
39.000000000000306	25.5399
39.100000000000307	30.372
39.200000000000308	18.5282
39.30000000000031	24.281
39.400000000000311	30.1294
39.500000000000313	36.0272
39.600000000000314	41.8821
39.700000000000315	23.2606
39.800000000000317	23.2606
39.900000000000318	2
40.00000000000032	13.3113
40.100000000000321	19.067
40.200000000000323	24.8156
40.300000000000324	30.5618
40.400000000000325	17.6532
40.500000000000327	23.3648
40.600000000000328	29.1914
40.70000000000033	16.4944
40.800000000000331	16.4944
40.900000000000333	2
41.000000000000334	11.4174
41.100000000000335	17.1103
41.200000000000337	22.8704
41.300000000000338	28.5881
41.40000000000034	34.4015
41.500000000000341	40.2693
41.600000000000342	45.1856
41.700000000000344	51.1063
41.800000000000345	57.0436
41.900000000000347	30.6599
42.000000000000348	15.3299
42.10000000000035	16.4035
42.200000000000351	22.167
42.300000000000352	27.0476
42.400000000000354	32.8599
42.500000000000355	38.6514
42.600000000000357	44.498
42.700000000000358	50.3805
42.80000000000036	56.2877
42.900000000000361	62.2126
43.000000000000362	67.1155
43.100000000000364	72.6124
43.200000000000365	77.7215
43.300000000000367	82.5148
43.400000000000368	87.0445
43.500000000000369	91.3498
43.600000000000371	95.4612
43.700000000000372	98.7566
43.800000000000374	16.2943
43.900000000000375	16.2943
44.000000000000377	3
44.100000000000378	12.508
44.200000000000379	18.1886
44.300000000000381	24.023
44.400000000000382	28.832
44.5000000000003