10	1
10.1	1
10.199999999999999	1
10.299999999999999	1
10.399999999999999	1
10.499999999999998	1
10.599999999999998	1
10.699999999999998	1
10.799999999999997	1
10.899999999999997	1
10.999999999999996	1
11.099999999999996	1
11.199999999999996	1
11.299999999999995	1
11.399999999999995	1
11.499999999999995	1
11.599999999999994	1
11.699999999999994	1
11.799999999999994	1
11.899999999999993	1
11.999999999999993	1
12.099999999999993	1
12.199999999999992	1
12.299999999999992	1
12.399999999999991	1
12.499999999999991	1
12.599999999999991	1
12.69999999999999	1
12.79999999999999	1
12.89999999999999	1
12.999999999999989	1
13.099999999999989	1
13.199999999999989	1
13.299999999999988	1
13.399999999999988	1
13.499999999999988	1
13.599999999999987	1
13.699999999999987	1
13.799999999999986	1
13.899999999999986	1
13.999999999999986	1
14.099999999999985	1
14.199999999999985	1
14.299999999999985	1
14.399999999999984	1
14.499999999999984	1
14.599999999999984	1
14.699999999999983	1
14.799999999999983	1
14.899999999999983	1
14.999999999999982	1
15.099999999999982	1
15.199999999999982	1
15.299999999999981	1
15.399999999999981	1
15.49999999999998	1
15.59999999999998	1
15.69999999999998	1
15.799999999999979	1
15.899999999999979	1
15.999999999999979	1
16.09999999999998	1
16.199999999999982	1
16.299999999999983	1
16.399999999999984	1
16.499999999999986	1
16.599999999999987	1
16.699999999999989	1
16.79999999999999	1
16.899999999999991	1
16.999999999999993	1
17.099999999999994	1
17.199999999999996	1
17.299999999999997	1
17.399999999999999	1
17.5	1
17.600000000000001	1
17.700000000000003	1
17.800000000000004	1
17.900000000000006	1
18.000000000000007	1
18.100000000000009	1
18.20000000000001	1
18.300000000000011	1
18.400000000000013	1
18.500000000000014	1
18.600000000000016	1
18.700000000000017	1
18.800000000000018	1
18.90000000000002	1
19.000000000000021	1
19.100000000000023	1
19.200000000000024	1
19.300000000000026	1
19.400000000000027	1
19.500000000000028	1
19.60000000000003	1
19.700000000000031	1
19.800000000000033	1
19.900000000000034	1
20.000000000000036	1
20.100000000000037	1
20.200000000000038	1
20.30000000000004	1
20.400000000000041	1
20.500000000000043	1
20.600000000000044	1
20.700000000000045	1
20.800000000000047	1
20.900000000000048	1
21.00000000000005	1
21.100000000000051	1
21.200000000000053	1
21.300000000000054	1
21.400000000000055	1
21.500000000000057	1
21.600000000000058	1
21.70000000000006	1
21.800000000000061	1
21.900000000000063	1
22.000000000000064	1
22.100000000000065	1
22.200000000000067	1
22.300000000000068	1
22.40000000000007	1
22.500000000000071	1
22.600000000000072	1
22.700000000000074	1
22.800000000000075	1
22.900000000000077	1
23.000000000000078	1
23.10000000000008	1
23.200000000000081	1
23.300000000000082	1
23.400000000000084	1
23.500000000000085	1
23.600000000000087	1
23.700000000000088	1
23.80000000000009	1
23.900000000000091	1
24.000000000000092	1
24.100000000000094	1
24.200000000000095	1
24.300000000000097	1
24.400000000000098	1
24.500000000000099	1
24.600000000000101	1
24.700000000000102	1
24.800000000000104	1
24.900000000000105	1
25.000000000000107	1
25.100000000000108	1
25.200000000000109	1
25.300000000000111	1
25.400000000000112	1
25.500000000000114	1
25.600000000000115	1
25.700000000000117	1
25.800000000000118	1
25.900000000000119	1
26.000000000000121	1
26.100000000000122	1
26.200000000000124	1
26.300000000000125	1
26.400000000000126	1
26.500000000000128	1
26.600000000000129	1
26.700000000000131	1
26.800000000000132	1
26.900000000000134	1
27.000000000000135	1
27.100000000000136	1
27.200000000000138	1
27.300000000000139	1
27.400000000000141	1
27.500000000000142	1
27.600000000000144	1
27.700000000000145	1
27.800000000000146	1
27.900000000000148	1
28.000000000000149	1
28.100000000000151	1
28.200000000000152	1
28.300000000000153	16
28.400000000000155	32
28.500000000000156	32
28.600000000000158	32
28.700000000000159	8
28.800000000000161	8.60338
28.900000000000162	9.38647
29.000000000000163	13.1318
29.100000000000165	16.0201
29.200000000000166	19.77
29.300000000000168	22.605
29.400000000000169	26.4413
29.500000000000171	29.347
29.600000000000172	16.7909
29.700000000000173	19.5982
29.800000000000175	23.4151
29.900000000000176	26.3132
30.000000000000178	30.208
30.100000000000179	15.9106
30.20000000000018	19.6305
30.300000000000182	22.4832
30.400000000000183	26.3373
30.500000000000185	29.2533
30.600000000000186	15.5066
30.700000000000188	17.5664
30.800000000000189	9.78202
30.90000000000019	12.4873
31.000000000000192	16.2541
31.100000000000193	19.1406
31.200000000000195	23.0336
31.300000000000196	25.9358
31.400000000000198	29.7456
31.500000000000199	32.6021
31.6000000000002	17.7128
31.700000000000202	19.4895
31.800000000000203	11.2915
31.900000000000205	11.2915
32.000000000000206	14.4132
32.100000000000207	17.2604
32.200000000000209	21.1217
32.30000000000021	24.0469
32.400000000000212	12.9453
32.500000000000213	15.6131
32.600000000000215	19.3904
32.700000000000216	22.2739
32.800000000000217	26.1589
32.900000000000219	29.0928
33.00000000000022	16.7401
33.100000000000222	19.5547
33.200000000000223	23.3787
33.300000000000225	26.2808
33.400000000000226	29.7457
33.500000000000227	33.1197
33.600000000000229	36.0416
33.70000000000023	39.9888
33.800000000000232	42.8856
33.900000000000233	46.7681
34.000000000000234	24.1417
34.100000000000236	27.91
34.200000000000237	13.955
34.300000000000239	17.5776
34.40000000000024	20.4236
34.500000000000242	24.2754
34.600000000000243	27.1921
34.700000000000244	31.041
34.800000000000246	15.934
34.900000000000247	17.3775
35.000000000000249	20.2517
35.10000000000025	24.1311
35.200000000000252	27.0633
35.300000000000253	15.6756
35.400000000000254	18.4903
35.500000000000256	22.3177
35.600000000000257	25.223
35.700000000000259	29.1264
35.80000000000026	32.0693
35.900000000000261	36.0077
36.000000000000263	38.9183
36.100000000000264	21.5462
36.200000000000266	24.4206
36.300000000000267	28.2933
36.400000000000269	31.2188
36.50000000000027	16.5882
36.600000000000271	9.47763
36.700000000000273	11.4899
36.800000000000274	14.2912
36.900000000000276	7.75112
37.000000000000277	8.37603
37.100000000000279	12.1049
37.20000000000028	14.9914
37.300000000000281	18.6805
37.400000000000283	21.5199
37.500000000000284	25.3627
37.600000000000286	28.2733
37.700000000000287	14.26
37.800000000000288	14.26
37.90000000000029	17.2493
38.000000000000291	9.82224
38.100000000000293	12.5188
38.200000000000294	16.2783
38.300000000000296	19.1611
38.400000000000297	23.0506
38.500000000000298	12.464
38.6000000000003	15.1508
38.700000000000301	18.0478
38.800000000000303	21.8613
38.900000000000304	24.6989
39.000000000000306	13.9298
39.100000000000307	15.8799
39.200000000000308	19.6057
39.30000000000031	10.4456
39.400000000000311	10.4456
39.500000000000313	5.75704
39.600000000000314	9.25326
39.700000000000315	12.0785
39.800000000000317	15.8797
39.900000000000318	18.6635
40.00000000000032	22.4613
40.100000000000321	25.3502
40.200000000000323	29.2366
40.300000000000324	32.1694
40.400000000000325	36.0692
40.500000000000327	39.0265
40.600000000000328	42.9553
40.70000000000033	45.8609
40.800000000000331	25.5717
40.900000000000333	28.4609
41.000000000000334	15.9854
41.100000000000335	17.9904
41.200000000000337	21.7219
41.300000000000338	24.5757
41.40000000000034	28.4273
41.500000000000341	31.3402
41.600000000000342	16.6905
41.700000000000344	19.5123
41.800000000000345	11.1264
41.900000000000347	14.001
42.000000000000348	7.5183
42.10000000000035	9.63194
42.200000000000351	13.3078
42.300000000000352	7.79836
42.400000000000354	9.10884
42.500000000000355	11.9685
42.600000000000357	7.44083
42.700000000000358	8.57373
42.80000000000036	11.3043
42.900000000000361	15.1022
43.000000000000362	18.007
43.100000000000364	21.7817
43.200000000000365	11.8377
43.300000000000367	14.4337
43.400000000000368	7.75246
43.500000000000369	10.975
43.600000000000371	13.6627
43.700000000000372	17.4044
43.800000000000374	20.2748
43.900000000000375	11.1261
44.000000000000377	11.1261
44.100000000000378	13.638
44.200000000000379	16.4372
44.300000000000381	20.2581
44.400000000000382	23.163
44.500000000000384	27.0681
44.600000000000385	30.0131
44.700000000000387	33.866
44.800000000000388	36.755