10	1
10.1	1
10.199999999999999	1
10.299999999999999	1
10.399999999999999	1
10.499999999999998	1
10.599999999999998	15.5
10.699999999999998	15.5
10.799999999999997	3
10.899999999999997	13.5523
10.999999999999996	10.3723
11.099999999999996	18.0038
11.199999999999996	25.583
11.299999999999995	15.2698
11.399999999999995	15.2698
11.499999999999995	7.95625
11.599999999999994	12.3995
11.699999999999994	10.1583
11.799999999999994	17.6563
11.899999999999993	25.3003
11.999999999999993	16.3934
12.099999999999993	24.1067
12.199999999999992	15.7273
12.299999999999992	15.7273
12.399999999999991	9.16276
12.499999999999991	16.6299
12.599999999999991	24.2679
12.69999999999999	12.2571
12.79999999999999	12.2571
12.89999999999999	6.52493
12.999999999999989	13.4649
13.099999999999989	21.1129
13.199999999999989	28.8456
13.299999999999988	17.4087
13.399999999999988	17.4087
13.499999999999988	17.4087
13.599999999999987	5.16382
13.699999999999987	12.3102
13.799999999999986	10.2055
13.899999999999986	17.74
13.999999999999986	25.3587
14.099999999999985	15.9318
14.199999999999985	8.33469
14.299999999999985	13.0352
14.399999999999984	20.5029
14.499999999999984	28.2257
14.599999999999984	35.9852
14.699999999999983	24.5773
14.799999999999983	32.3159
14.899999999999983	21.031
14.999999999999982	13.6104
15.099999999999982	21.2058
15.199999999999982	29.0173
15.299999999999981	15.8121
15.399999999999981	8.2775
15.49999999999998	14.8021
15.59999999999998	22.3498
15.69999999999998	12.7833
15.799999999999979	13.6189
15.899999999999979	10.2362
15.999999999999979	17.8139
16.09999999999998	25.4104
16.199999999999982	15.4587
16.299999999999983	8.04693
16.399999999999984	12.4576
16.499999999999986	8.38884
16.599999999999987	15.2635
16.699999999999989	23.0084
16.79999999999999	30.6541
16.899999999999991	17.9849
16.999999999999993	24.8149
17.099999999999994	32.4969
17.199999999999996	20.5218
17.299999999999997	28.2394
17.399999999999999	35.8567
17.5	18.4785
17.600000000000001	9.23927
17.700000000000003	7.2425
17.800000000000004	13.155
17.900000000000006	20.7729
18.000000000000007	28.4223
18.100000000000009	15.0833
18.20000000000001	8.30504
18.300000000000011	15.7993
18.400000000000013	23.3669
18.500000000000014	17.2434
18.600000000000016	25.0142
18.700000000000017	16.5741
18.800000000000018	11.1242
18.90000000000002	18.3916
19.000000000000021	25.973
19.100000000000023	18.5204
19.200000000000024	26.2174
19.300000000000026	16.0902
19.400000000000027	23.7336
19.500000000000028	15.4269
19.60000000000003	23.1169
19.700000000000031	14.6512
19.800000000000033	10.14
19.900000000000034	17.6458
20.000000000000036	25.293
20.100000000000037	33.106
20.200000000000038	19.9887
20.30000000000004	13.9713
20.400000000000041	21.4389
20.500000000000043	15.8835
20.600000000000044	11.9704
20.700000000000045	19.3849
20.800000000000047	27.1314
20.900000000000048	8.59881
21.00000000000005	16.08
21.100000000000051	23.6845
21.200000000000053	13.6115
21.300000000000054	13.685
21.400000000000055	13.685
21.500000000000057	8.14301
21.600000000000058	15.5228
21.70000000000006	11.3285
21.800000000000061	16.2695
21.900000000000063	24.0226
22.000000000000064	31.7075
22.100000000000065	39.4662
22.200000000000067	10.4872
22.300000000000068	10.4872
22.40000000000007	14.2228
22.500000000000071	9.14522
22.600000000000072	15.2364
22.700000000000074	22.9904
22.800000000000075	30.6079
22.900000000000077	38.2239
23.000000000000078	9.83992
23.10000000000008	9.83992
23.200000000000081	15.3385
23.300000000000082	23.0581
23.400000000000084	14.2293
23.500000000000085	7.32293
23.600000000000087	13.866
23.700000000000088	21.3706
23.80000000000009	28.1598
23.900000000000091	18.9207
24.000000000000092	13.3723
24.100000000000094	21.054
24.200000000000095	28.733
24.300000000000097	36.4667
24.400000000000098	20.7484
24.500000000000099	13.032
24.600000000000101	9.64658
24.700000000000102	16.2967
24.800000000000104	12.8725
24.900000000000105	10.184
25.000000000000107	17.7277
25.100000000000108	11.9013
25.200000000000109	17.6646
25.300000000000111	13.2957
25.400000000000112	12.3398
25.500000000000114	20.0189
25.600000000000115	12.8772
25.700000000000117	20.3539
25.800000000000118	28.1177
25.900000000000119	35.9562
26.000000000000121	19.0586
26.100000000000122	9.52929
26.200000000000124	14.1847
26.300000000000125	21.855
26.400000000000126	13.2086
26.500000000000128	20.8548
26.600000000000129	28.4822
26.700000000000131	36.2695
26.800000000000132	11.711
26.900000000000134	15.0132
27.000000000000135	22.5345
27.100000000000136	30.2671
27.200000000000138	8.34545
27.300000000000139	11.5748
27.400000000000141	8.69578
27.500000000000142	8.38237
27.600000000000144	15.9031
27.700000000000145	10.4305
27.800000000000146	14.5302
27.900000000000148	22.1709
28.000000000000149	15.6561
28.100000000000151	10.7034
28.200000000000152	18.196
28.300000000000153	25.9895
28.400000000000155	33.6409
28.500000000000156	18.8668
28.600000000000158	9.64337
28.700000000000159	15.0812
28.800000000000161	22.6683
28.900000000000162	13.3237
29.000000000000163	21.0233
29.100000000000165	27.7174
29.200000000000166	15.7511
29.300000000000168	23.1621
29.400000000000169	16.896
29.500000000000171	13.1813
29.600000000000172	20.8376
29.700000000000173	14.4652
29.800000000000175	10.3392
29.900000000000176	16.2281
30.000000000000178	11.7444
30.100000000000179	15.6274
30.20000000000018	13.2509
30.300000000000182	20.9295
30.400000000000183	13.3631
30.500000000000185	7.15263
30.600000000000186	13.5574
30.700000000000188	10.5224
30.800000000000189	18.0904
30.90000000000019	25.7608
31.000000000000192	33.4646
31.100000000000193	21.0023
31.200000000000195	28.6253
31.300000000000196	17.4757
31.400000000000198	17.59
31.500000000000199	9.01988
31.6000000000002	14.4856
31.700000000000202	22.1418
31.800000000000203	28.9919
31.900000000000205	36.671
32.000000000000206	6.79425
32.100000000000207	16.0131
32.200000000000209	23.5543
32.30000000000021	16.0293
32.400000000000212	23.5653
32.500000000000213	12.9752
32.600000000000215	6.97186
32.700000000000216	6.97186
32.800000000000217	6.77034
32.900000000000219	14.0917
33.00000000000022	11.3594
33.100000000000222	19.0145
33.200000000000223	26.6062
33.300000000000225	16.989
33.400000000000226	24.5152
33.500000000000227	32.2687
33.600000000000229	18.3943
33.70000000000023	9.49186
33.800000000000232	9.49186
33.900000000000233	16.0818
34.000000000000234	23.6857
34.100000000000236	31.3894
34.200000000000237	16.2275
34.300000000000239	10.704
34.40000000000024	18.1964
34.500000000000242	12.2434
34.600000000000243	10.4793
34.700000000000244	8.13102
34.800000000000246	15.5165
34.900000000000247	23.1768
35.000000000000249	31.0073
35.10000000000025	38.7257
35.200000000000252	46.5173
35.300000000000253	29.329
35.400000000000254	19.844
35.500000000000256	13.2697
35.600000000000257	20.9891
35.700000000000259	15.2115
35.80000000000026	22.9303
35.900000000000261	15.5135
36.000000000000263	11.2455
36.100000000000264	18.8409
36.200000000000266	26.4446
36.300000000000267	34.2283
36.400000000000269	42.0926
36.50000000000027	23.2914
36.600000000000271	14.2768
36.700000000000273	22.0059
36.800000000000274	29.6405
36.900000000000276	18.539
37.000000000000277	25.2984
37.100000000000279	17.3126
37.20000000000028	25.0618
37.300000000000281	15.1846
37.400000000000283	7.94698
37.500000000000284	13.3294
37.600000000000286	21.0269
37.700000000000287	28.6782
37.800000000000288	36.4236
37.90000000000029	21.3825
38.000000000000291	10.8076
38.100000000000293	10.8076
38.200000000000294	3
38.300000000000296	11.9951
38.400000000000297	19.4001
38.500000000000298	27.1422
38.6000000000003	16.8459
38.700000000000301	11.3146
38.800000000000303	15.5673
38.900000000000304	23.2108
39.000000000000306	31.0327
39.100000000000307	8.26593
39.200000000000308	9.18869
39.30000000000031	16.6442
39.400000000000311	24.2777
39.500000000000313	8.46549
39.600000000000314	15.1078
39.700000000000315	22.7301
39.800000000000317	30.4129
39.900000000000318	18.1763
40.00000000000032	24.9939
40.100000000000321	32.6338
40.200000000000323	21.0931
40.300000000000324	11.2582
40.400000000000325	17.4696
40.500000000000327	25.1705
40.600000000000328	14.6438
40.70000000000033	22.2454
40.800000000000331	30.0526
40.900000000000333	37.8337
41.000000000000334	21.4215
41.100000000000335	10.9419
41.200000000000337	10.9419
41.300000000000338	10.9419
41.40000000000034	9.47297
41.500000000000341	17.039
41.600000000000342	24.6312
41.700000000000344	17.3639
41.800000000000345	24.9774
41.900000000000347	19.1415
42.000000000000348	26.8837
42.10000000000035	34.5686
42.200000000000351	22.4155
42.300000000000352	14.7541
42.400000000000354	15.5478
42.500000000000355	10.4273
42.600000000000357	18.0355
42.700000000000358	13.1403
42.80000000000036	9.55303
42.900000000000361	6.33128
43.000000000000362	13.6697
43.100000000000364	21.2439
43.200000000000365	29.045
43.300000000000367	36.7947
43.400000000000368	44.565
43.500000000000369	11.6086
43.600000000000371	11.6086
43.700000000000372	7.16422
43.800000000000374	14.4926
43.900000000000375	12.2068
44.000000000000377	18.9062
44.100000000000378	26.4912
44.200000000000379	7.47539
44.300000000000381	14.0897
44.400000000000382	12.1921
44.500000000000384	19.7771
44.600000000000385	27.4128
44.700000000000387	16.9829
44.800000000000388	8.75284
44.900000000000389	10.5261
45.000000000000391	18.0926
45.100000000000392	25.7623
45.200000000000394	15.2635
45.300000000000395	23.0084
45.400000000000396	14.09
45.500000000000398	12.9693
45.600000000000399	9.65144
45.700000000000401	16.1141
45.800000000000402	23.7498
45.900000000000404	31.4378
46.000000000000405	39.2499
46.100000000000406	22.6534
46.200000000000408	11.5021
46.300000000000409	11.5021
46.400000000000411	15.1186
46.500000000000412	22.7372
46.600000000000414	16.4346
46.700000000000415	11.4938
46.800000000000416	18.1815
46.900000000000418	12.3377
47.000000000000419	18.2376
47.100000000000421	13.3954
47.200000000000422	21.0687
47.300000000000423	14.1672
47.400000000000425	10.2357
47.500000000000426	15.2699
47.600000000000428	10.814
47.700000000000429	18.2611
47.800000000000431	26.035
47.900000000000432	33.7355
48.000000000000433	19.9891
48.100000000000435	10.3875
48.200000000000436	16.8043
48.300000000000438	24.3876
48.400000000000439	7.48028
48.500000000000441	13.2108
48.600000000000442	20.8563
48.700000000000443	28.4833
48.800000000000445	17.5607
48.900000000000446	13.0698
49.000000000000448	20.5736
49.100000000000449	14.1427
49.20000000000045	10.3972
49.300000000000452	17.738
49.400000000000453	24.3917
49.500000000000455	32.175
49.600000000000456	17.6446
49.700000000000458	9.12915
49.800000000000459	12.636
49.90000000000046	8.80516
50.000000000000462	16.1908
50.100000000000463	23.9277
50.200000000000465	31.5723
50.300000000000466	18.7948
50.400000000000468	18.7948
50.500000000000469	2
50.60000000000047	6.20816
50.700000000000472	12.5399
50.800000000000473	8.77082
50.900000000000475	16.1722
51.000000000000476	12.1696
51.100000000000477	19.7632
51.200000000000479	27.4028
51.30000000000048	35.1164
51.400000000000482	23.1639
51.500000000000483	30.9977
51.600000000000485	38.6921
51.700000000000486	46.4894
51.800000000000487	25.7554
51.900000000000489	13.0897
52.00000000000049	13.0897
52.100000000000492	13.1661
52.200000000000493	13.1661
52.300000000000495	7.08293
52.400000000000496	14.3833
52.500000000000497	21.1013
52.600000000000499	28.8371
52.7000000000005	36.5488
52.800000000000502	9.57197
52.900000000000503	10.4744
53.000000000000504	8.64394
53.100000000000506	16.1041
53.200000000000507	23.743
53.300000000000509	14.0169
53.40000000000051	10.67
53.500000000000512	18.1764
53.600000000000513	6.88698
53.700000000000514	14.1476
53.800000000000516	21.785
53.900000000000517	14.4681
54.000000000000519	11.8603
54.10000000000052	19.3172
54.200000000000522	12.547
54.300000000000523	20.147
54.400000000000524	27.9326
54.500000000000526	16.9737
54.600000000000527	16.9737
54.700000000000529	8.77696
54.80000000000053	10.5461
54.900000000000531	18.1042
55.000000000000533	25.7704
55.100000000000534	33.472
55.200000000000536	40.3059
55.300000000000537	25.2651
55.400000000000539	16.8163
55.50000000000054	24.2313
55.600000000000541	17.8094
55.700000000000543	25.4073
55.800000000000544	16.416
55.900000000000546	11.7293
56.000000000000547	19.2372
56.100000000000549	27.0261
56.20000000000055	