10	1
10.1	1
10.199999999999999	1
10.299999999999999	1
10.399999999999999	1
10.499999999999998	1
10.599999999999998	1
10.699999999999998	1
10.799999999999997	1
10.899999999999997	1
10.999999999999996	1
11.099999999999996	1
11.199999999999996	1
11.299999999999995	1
11.399999999999995	1
11.499999999999995	1
11.599999999999994	1
11.699999999999994	1
11.799999999999994	1
11.899999999999993	1
11.999999999999993	1
12.099999999999993	1
12.199999999999992	1
12.299999999999992	1
12.399999999999991	1
12.499999999999991	1
12.599999999999991	1
12.69999999999999	1
12.79999999999999	1
12.89999999999999	1
12.999999999999989	1
13.099999999999989	1
13.199999999999989	1
13.299999999999988	1
13.399999999999988	1
13.499999999999988	1
13.599999999999987	1
13.699999999999987	1
13.799999999999986	1
13.899999999999986	1
13.999999999999986	1
14.099999999999985	1
14.199999999999985	1
14.299999999999985	1
14.399999999999984	1
14.499999999999984	1
14.599999999999984	1
14.699999999999983	1
14.799999999999983	1
14.899999999999983	1
14.999999999999982	1
15.099999999999982	1
15.199999999999982	1
15.299999999999981	1
15.399999999999981	1
15.49999999999998	1
15.59999999999998	1
15.69999999999998	1
15.799999999999979	1
15.899999999999979	1
15.999999999999979	1
16.09999999999998	1
16.199999999999982	1
16.299999999999983	1
16.399999999999984	1
16.499999999999986	1
16.599999999999987	1
16.699999999999989	1
16.79999999999999	1
16.899999999999991	1
16.999999999999993	1
17.099999999999994	1
17.199999999999996	1
17.299999999999997	1
17.399999999999999	1
17.5	1
17.600000000000001	1
17.700000000000003	1
17.800000000000004	1
17.900000000000006	1
18.000000000000007	1
18.100000000000009	1
18.20000000000001	1
18.300000000000011	1
18.400000000000013	1
18.500000000000014	1
18.600000000000016	1
18.700000000000017	1
18.800000000000018	1
18.90000000000002	1
19.000000000000021	1
19.100000000000023	1
19.200000000000024	1
19.300000000000026	1
19.400000000000027	1
19.500000000000028	1
19.60000000000003	1
19.700000000000031	1
19.800000000000033	1
19.900000000000034	1
20.000000000000036	1
20.100000000000037	1
20.200000000000038	1
20.30000000000004	1
20.400000000000041	1
20.500000000000043	1
20.600000000000044	1
20.700000000000045	1
20.800000000000047	1
20.900000000000048	1
21.00000000000005	1
21.100000000000051	1
21.200000000000053	1
21.300000000000054	1
21.400000000000055	1
21.500000000000057	1
21.600000000000058	1
21.70000000000006	1
21.800000000000061	1
21.900000000000063	1
22.000000000000064	1
22.100000000000065	1
22.200000000000067	1
22.300000000000068	1
22.40000000000007	1
22.500000000000071	1
22.600000000000072	1
22.700000000000074	1
22.800000000000075	1
22.900000000000077	1
23.000000000000078	1
23.10000000000008	1
23.200000000000081	1
23.300000000000082	1
23.400000000000084	1
23.500000000000085	1
23.600000000000087	1
23.700000000000088	1
23.80000000000009	1
23.900000000000091	1
24.000000000000092	1
24.100000000000094	1
24.200000000000095	1
24.300000000000097	1
24.400000000000098	1
24.500000000000099	4
24.600000000000101	8
24.700000000000102	32
24.800000000000104	26
24.900000000000105	26
25.000000000000107	26
25.100000000000108	2
25.200000000000109	6
25.300000000000111	8
25.400000000000112	13.3802
25.500000000000114	15.1378
25.600000000000115	16.1001
25.700000000000117	18.0369
25.800000000000118	19.01
25.900000000000119	20.9159
26.000000000000121	21.8522
26.100000000000122	22.7939
26.200000000000124	24.6504
26.300000000000125	25.6062
26.400000000000126	27.5273
26.500000000000128	28.4919
26.600000000000129	29.4588
26.700000000000131	15.181
26.800000000000132	16.0786
26.900000000000134	18.0176
27.000000000000135	18.9918
27.100000000000136	19.9182
27.200000000000138	21.7905
27.300000000000139	22.7347
27.400000000000141	24.6363
27.500000000000142	25.5927
27.600000000000144	26.5523
27.700000000000145	28.4797
27.800000000000146	29.447
27.900000000000148	31.3877
28.000000000000149	32.3608
28.100000000000151	34.3115
28.200000000000152	35.2889
28.300000000000153	36.2675
28.400000000000155	38.2281
28.500000000000156	39.2098
28.600000000000158	41.176
28.700000000000159	42.1127
28.800000000000161	43.0988
28.900000000000162	45.0727
29.000000000000163	46.0605
29.100000000000165	48.0376
29.200000000000166	49.0269
29.300000000000168	50.0166
29.400000000000169	51.9971
29.500000000000171	52.969
29.600000000000172	54.9158
29.700000000000173	55.8907
29.800000000000175	28.3539
29.900000000000176	28.3539
30.000000000000178	1
30.100000000000179	12
30.20000000000018	14.6986
30.300000000000182	8.09546
30.400000000000183	8.09546
30.500000000000185	8.34065
30.600000000000186	10.1866
30.700000000000188	11.1291
30.800000000000189	13.039
30.90000000000019	14.0031
31.000000000000192	14.9047
31.100000000000193	8.10071
31.200000000000195	9.04058
31.300000000000196	10.8589
31.400000000000198	11.7471
31.500000000000199	13.5698
31.6000000000002	14.4985
31.700000000000202	15.436
31.800000000000203	17.3316
31.900000000000205	18.2877
32.000000000000206	20.2123
32.100000000000207	21.1798
32.200000000000209	22.1502
32.30000000000021	11.8184
32.400000000000212	11.8184
32.500000000000213	11.8184
32.600000000000215	5
32.700000000000216	6.09935
32.800000000000217	7.5777
32.900000000000219	3.78885
33.00000000000022	2.78885
33.100000000000222	4.29953
33.200000000000223	6.0694
33.300000000000225	6.9987
33.400000000000226	7.81622
33.500000000000227	9.55487
33.600000000000229	10.4588
33.70000000000023	12.3106
33.800000000000232	13.2523
33.900000000000233	14.2019
34.000000000000234	16.1189
34.100000000000236	17.0845
34.200000000000237	19.0259
34.300000000000239	20.0009
34.40000000000024	20.9782
34.500000000000242	22.7633
34.600000000000243	23.7109
34.700000000000244	25.618
34.800000000000246	26.5767
34.900000000000247	28.5025
35.000000000000249	29.469
35.10000000000025	30.4378
35.200000000000252	15.5441
35.300000000000253	15.6084
35.400000000000254	7.80422
35.500000000000256	8.30473
35.600000000000257	9.22357
35.700000000000259	11.1023
35.80000000000026	12.0558
35.900000000000261	13.9818
36.000000000000263	14.8847
36.100000000000264	15.7992
36.200000000000266	17.5989
36.300000000000267	8.79947
36.400000000000269	10.3728
36.50000000000027	11.2996
36.600000000000271	13.1847
36.700000000000273	14.1388
36.800000000000274	15.0988
36.900000000000276	17.0321
37.000000000000277	18.0041
37.100000000000279	19.906
37.20000000000028	20.8398
37.300000000000281	21.7333
37.400000000000283	23.6309
37.500000000000284	24.5858
37.600000000000286	12.7916
37.700000000000287	12.7916
37.800000000000288	13.3292
37.90000000000029	15.159
38.000000000000291	16.1201
38.100000000000293	18.0547
38.200000000000294	19.0269
38.300000000000296	20.9791
38.400000000000297	21.9127
38.500000000000298	22.8518
38.6000000000003	24.7444
38.700000000000301	25.6968
38.800000000000303	27.6115
38.900000000000304	28.5031
39.000000000000306	29.4697
39.100000000000307	31.409
39.200000000000308	32.3814
39.30000000000031	34.3309
39.400000000000311	35.3078
39.500000000000313	36.2859
39.600000000000314	38.2455
39.700000000000315	39.2269
39.800000000000317	41.1922
39.900000000000318	20.8375
40.00000000000032	20.8855
40.100000000000321	22.766
40.200000000000323	23.7135
40.300000000000324	25.6205
40.400000000000325	26.5414
40.500000000000327	28.4344
40.600000000000328	29.4032
40.70000000000033	30.374
40.800000000000331	32.3209
40.900000000000333	33.2967
41.000000000000334	35.2523
41.100000000000335	36.232
41.200000000000337	37.2127
41.300000000000338	19.1761
41.40000000000034	20.1438
41.500000000000341	22.0877
41.600000000000342	23.0632
41.700000000000344	24.0406
41.800000000000345	26.0006
41.900000000000347	26.9827
42.000000000000348	28.8814
42.10000000000035	29.8357
42.200000000000351	31.7526
42.300000000000352	32.7148
42.400000000000354	33.6792
42.500000000000355	35.6138
42.600000000000357	36.5837
42.700000000000358	38.5282
42.80000000000036	39.5025
42.900000000000361	40.478
43.000000000000362	42.4325
43.100000000000364	43.4113
43.200000000000365	45.3716
43.300000000000367	46.3531
43.400000000000368	47.3353
43.500000000000369	49.2409
43.600000000000371	24.6205
43.700000000000372	24.7421
43.800000000000374	25.4598
43.900000000000375	12.7299
44.000000000000377	12.7299
44.100000000000378	1
44.