10	1
10.1	1
10.199999999999999	1
10.299999999999999	1
10.399999999999999	1
10.499999999999998	1
10.599999999999998	1
10.699999999999998	1
10.799999999999997	1
10.899999999999997	1
10.999999999999996	1
11.099999999999996	1
11.199999999999996	1
11.299999999999995	1
11.399999999999995	1
11.499999999999995	1
11.599999999999994	1
11.699999999999994	1
11.799999999999994	1
11.899999999999993	1
11.999999999999993	1
12.099999999999993	1
12.199999999999992	1
12.299999999999992	1
12.399999999999991	1
12.499999999999991	1
12.599999999999991	1
12.69999999999999	1
12.79999999999999	1
12.89999999999999	1
12.999999999999989	1
13.099999999999989	1
13.199999999999989	1
13.299999999999988	1
13.399999999999988	1
13.499999999999988	1
13.599999999999987	1
13.699999999999987	1
13.799999999999986	1
13.899999999999986	1
13.999999999999986	1
14.099999999999985	1
14.199999999999985	1
14.299999999999985	1
14.399999999999984	1
14.499999999999984	1
14.599999999999984	1
14.699999999999983	1
14.799999999999983	1
14.899999999999983	1
14.999999999999982	1
15.099999999999982	1
15.199999999999982	1
15.299999999999981	1
15.399999999999981	1
15.49999999999998	1
15.59999999999998	1
15.69999999999998	1
15.799999999999979	1
15.899999999999979	1
15.999999999999979	1
16.09999999999998	1
16.199999999999982	1
16.299999999999983	1
16.399999999999984	1
16.499999999999986	1
16.599999999999987	1
16.699999999999989	1
16.79999999999999	1
16.899999999999991	1
16.999999999999993	1
17.099999999999994	1
17.199999999999996	1
17.299999999999997	1
17.399999999999999	1
17.5	1
17.600000000000001	1
17.700000000000003	1
17.800000000000004	4
17.900000000000006	8
18.000000000000007	4
18.100000000000009	4
18.20000000000001	1
18.300000000000011	3.55301
18.400000000000013	1.77651
18.500000000000014	3.45548
18.600000000000016	5.13304
18.700000000000017	3.03931
18.800000000000018	4.65624
18.90000000000002	7.21984
19.000000000000021	9.07506
19.100000000000023	4.53753
19.200000000000024	4.53753
19.300000000000026	2.58469
19.400000000000027	3.3081
19.500000000000028	5.03764
19.60000000000003	6.75842
19.700000000000031	8.47969
19.800000000000033	10.3005
19.900000000000034	5.29454
20.000000000000036	2.74171
20.100000000000037	3.42835
20.200000000000038	4.47543
20.30000000000004	6.19359
20.400000000000041	8.0389
20.500000000000043	5.02115
20.600000000000044	5.02115
20.700000000000045	6.43931
20.800000000000047	8.22875
20.900000000000048	4.4664
21.00000000000005	6.02107
21.100000000000051	3.40507
21.200000000000053	4.45796
21.300000000000054	6.18114
21.400000000000055	8.02937
21.500000000000057	4.4983
21.600000000000058	6.20993
21.70000000000006	8.05144
21.800000000000061	4.20923
21.900000000000063	5.47601
22.000000000000064	8.14793
22.100000000000065	10.0298
22.200000000000067	5.16302
22.300000000000068	5.54339
22.40000000000007	7.28047
22.500000000000071	9.01223
22.600000000000072	10.8354
22.700000000000074	6.07289
22.800000000000075	7.14454
22.900000000000077	3.97341
23.000000000000078	5.10341
23.10000000000008	6.95404
23.200000000000081	3.95247
23.300000000000082	3.95247
23.400000000000084	1
23.500000000000085	3.55301
23.600000000000087	5.19763
23.700000000000088	2.96434
23.80000000000009	4.13958
23.900000000000091	2.41318
24.000000000000092	3.49557
24.100000000000094	5.15946
24.200000000000095	6.99491
24.300000000000097	8.66863
24.400000000000098	4.33431
24.500000000000099	4.33431
24.600000000000101	4.56503
24.700000000000102	4.56503
24.800000000000104	1
24.900000000000105	2.9
25.000000000000107	4.33944
25.100000000000108	5.92867
25.200000000000109	3.60456
25.300000000000111	5.23221
25.400000000000112	5.78605
25.500000000000114	2.89303
25.600000000000115	3.23868
25.700000000000117	4.33496
25.800000000000118	2.16748
25.900000000000119	3.34155
26.000000000000121	3.34155
26.100000000000122	1.67077
26.200000000000124	1.67077
26.300000000000125	1
26.400000000000126	1
26.500000000000128	1
26.600000000000129	1
26.700000000000131	2
26.800000000000132	3.55301
26.900000000000134	2.04763
27.000000000000135	3.27158
27.100000000000136	5.01443
27.200000000000138	5.01443
27.300000000000139	2.50721
27.400000000000141	2.50721
27.500000000000142	2.5
27.600000000000144	3.55301
27.700000000000145	3.55301
27.800000000000146	1
27.900000000000148	2.9
28.000000000000149	3.55301
28.100000000000151	3.55301
28.200000000000152	2
28.300000000000153	3.55301
28.400000000000155	5.19763
28.500000000000156	5.39003
28.600000000000158	2.69501
28.700000000000159	2.69501
28.800000000000161	2.69501
28.900000000000162	2
29.000000000000163	3.55301
29.100000000000165	5.19763
29.200000000000166	3.13068
29.300000000000168	4.25687
29.400000000000169	5.51227
29.500000000000171	3.43958
29.600000000000172	4.48387
29.700000000000173	3.95365
29.800000000000175	4.20658
29.900000000000176	2.10329
30.000000000000178	2.96652
30.100000000000179	4.38258
30.20000000000018	4.82764
30.300000000000182	2.41382
30.400000000000183	2.41382
30.500000000000185	1
30.600000000000186	1
30.700000000000188	1
30.800000000000189	1
30.90000000000019	1
31.000000000000192	2.9
31.100000000000193	3.83446
31.200000000000195	2.91723
31.300000000000196	4.35055
31.400000000000198	6.10515
31.500000000000199	3.36795
31.6000000000002	3.93773
31.700000000000202	5.07606
31.800000000000203	3.57862
31.900000000000205	5.21477
32.000000000000206	7.03545
32.100000000000207	8.81618
32.200000000000209	10.387
32.30000000000021	5.1935
32.400000000000212	5.1935
32.500000000000213	5.38605
32.600000000000215	2.69303
32.700000000000216	2.69303
32.800000000000217	2.69303
32.900000000000219	1
33.00000000000022	1
33.100000000000222	1
33.200000000000223	1
33.300000000000225	1
33.400000000000226	2.5
33.500000000000227	2.5
33.600000000000229	2.5
33.70000000000023	2.5
33.800000000000232	2.5
33.900000000000233	2.5
34.000000000000234	2.5
34.100000000000236	2.5
34.200000000000237	2.5
34.300000000000239	1
34.40000000000024	2.9
34.500000000000242	4.33944
34.600000000000243	6.09735
34.700000000000244	7.96541
34.800000000000246	9.67696
34.900000000000247	5.18927
35.000000000000249	5.18927
35.10000000000025	5.18927
35.200000000000252	1
35.300000000000253	1
35.400000000000254	1
35.500000000000256	1
35.600000000000257	2
35.700000000000259	2.9
35.80000000000026	4.09525
35.900000000000261	2.04763
36.000000000000263	3.57724
36.100000000000264	5.21385
36.200000000000266	5.94283
36.300000000000267	2.97142
36.400000000000269	3.30796
36.50000000000027	3.30796
36.600000000000271	1
36.700000000000273	2.9
36.800000000000274	4.33944
36.900000000000276	2.28494
37.000000000000277	3.08989
37.100000000000279	4.6883
37.20000000000028	6.34732
37.300000000000281	3.25243
37.400000000000283	3.25243
37.500000000000284	1
37.600000000000286	2.9
37.700000000000287	4.33944
37.800000000000288	5.19763
37.90000000000029	5.19763
38.000000000000291	2
38.100000000000293	3.24483
38.200000000000294	3.24483
38.300000000000296	3.24483
38.400000000000297	3.24483
38.500000000000298	2
38.6000000000003	3.55301
38.700000000000301	4.78871
38.800000000000303	2.39435
38.900000000000304	4.03562
39.000000000000306	5.71331
39.100000000000307	5.71331
39.200000000000308	1
39.30000000000031	2.9
39.400000000000311	4.33944
39.500000000000313	4.56988
39.600000000000314	2.28494
39.700000000000315	2.28494
39.800000000000317	3.97627
39.900000000000318	5.4901
40.00000000000032	7.24027
40.100000000000321	9.09126
40.200000000000323	4.81799
40.300000000000324	3.29896
40.400000000000325	3.60209
40.500000000000327	3.60209
40.600000000000328	1
40.70000000000033	2.5
40.800000000000331	4.09525
40.900000000000333	5.39003
41.000000000000334	3.06607
41.100000000000335	4.67315
41.200000000000337	6.33626
41.300000000000338	3.47279
41.40000000000034	2.47279
41.500000000000341	2.47279
41.600000000000342	2
41.700000000000344	3.24483
41.800000000000345	4.56988
41.900000000000347	5.92867
42.000000000000348	3.30168
42.10000000000035	5.03355
42.200000000000351	6.75539
42.300000000000352	3.99389
42.400000000000354	3.99389
42.500000000000355	1
42.600000000000357	3.55301
42.700000000000358	5.19763
42.80000000000036	3.06607
42.900000000000361	3.95823
43.000000000000362	3.95823
43.100000000000364	2
43.200000000000365	2.9
43.300000000000367	2.9
43.400000000000368	2.9
43.500000000000369	2.9
43.60000000