10	1
10.1	1
10.199999999999999	1
10.299999999999999	1
10.399999999999999	1
10.499999999999998	1
10.599999999999998	1
10.699999999999998	1
10.799999999999997	1
10.899999999999997	1
10.999999999999996	1
11.099999999999996	1
11.199999999999996	1
11.299999999999995	1
11.399999999999995	1
11.499999999999995	1
11.599999999999994	1
11.699999999999994	1
11.799999999999994	1
11.899999999999993	1
11.999999999999993	1
12.099999999999993	1
12.199999999999992	1
12.299999999999992	1
12.399999999999991	1
12.499999999999991	1
12.599999999999991	1
12.69999999999999	1
12.79999999999999	1
12.89999999999999	1
12.999999999999989	1
13.099999999999989	1
13.199999999999989	1
13.299999999999988	1
13.399999999999988	1
13.499999999999988	1
13.599999999999987	1
13.699999999999987	1
13.799999999999986	1
13.899999999999986	1
13.999999999999986	1
14.099999999999985	1
14.199999999999985	1
14.299999999999985	1
14.399999999999984	1
14.499999999999984	1
14.599999999999984	1
14.699999999999983	1
14.799999999999983	1
14.899999999999983	1
14.999999999999982	1
15.099999999999982	1
15.199999999999982	1
15.299999999999981	1
15.399999999999981	1
15.49999999999998	1
15.59999999999998	1
15.69999999999998	1
15.799999999999979	1
15.899999999999979	1
15.999999999999979	1
16.09999999999998	1
16.199999999999982	1
16.299999999999983	1
16.399999999999984	1
16.499999999999986	1
16.599999999999987	1
16.699999999999989	1
16.79999999999999	1
16.899999999999991	1
16.999999999999993	1
17.099999999999994	1
17.199999999999996	1
17.299999999999997	1
17.399999999999999	1
17.5	1
17.600000000000001	1
17.700000000000003	1
17.800000000000004	1
17.900000000000006	1
18.000000000000007	1
18.100000000000009	1
18.20000000000001	1
18.300000000000011	1
18.400000000000013	1
18.500000000000014	1
18.600000000000016	1
18.700000000000017	1
18.800000000000018	1
18.90000000000002	1
19.000000000000021	1
19.100000000000023	1
19.200000000000024	1
19.300000000000026	1
19.400000000000027	1
19.500000000000028	1
19.60000000000003	1
19.700000000000031	1
19.800000000000033	1
19.900000000000034	1
20.000000000000036	1
20.100000000000037	1
20.200000000000038	1
20.30000000000004	1
20.400000000000041	1
20.500000000000043	1
20.600000000000044	1
20.700000000000045	1
20.800000000000047	1
20.900000000000048	1
21.00000000000005	1
21.100000000000051	1
21.200000000000053	1
21.300000000000054	1
21.400000000000055	1
21.500000000000057	1
21.600000000000058	7.5
21.70000000000006	11.6056
21.800000000000061	9.70523
21.900000000000063	8.83152
22.000000000000064	3.60641
22.100000000000065	1.80321
22.200000000000067	1.80321
22.300000000000068	3.55301
22.40000000000007	4.10727
22.500000000000071	3.36801
22.600000000000072	2.4354
22.700000000000074	8.19673
22.800000000000075	5.38448
22.900000000000077	3.58056
23.000000000000078	5.21608
23.10000000000008	5.21608
23.200000000000081	1
23.300000000000082	1
23.400000000000084	1
23.500000000000085	1
23.600000000000087	2.9
23.700000000000088	2.9
23.80000000000009	2.9
23.900000000000091	2.9
24.000000000000092	2.9
24.100000000000094	2.9
24.200000000000095	2.9
24.300000000000097	2.9
24.400000000000098	3.55301
24.500000000000099	5.57555
24.600000000000101	5.57555
24.700000000000102	2.9
24.800000000000104	2.9
24.900000000000105	2.9
25.000000000000107	2.9
25.100000000000108	2.9
25.200000000000109	7.96541
25.300000000000111	4.34556
25.400000000000112	4.34556
25.500000000000114	1.45
25.600000000000115	2.45
25.700000000000117	2.45
25.800000000000118	1
25.900000000000119	1
26.000000000000121	1
26.100000000000122	1
26.200000000000124	5.19763
26.300000000000125	4.40309
26.400000000000126	6.305
26.500000000000128	4.02402
26.600000000000129	2.76212
26.700000000000131	2.76212
26.800000000000132	1
26.900000000000134	1
27.000000000000135	1
27.100000000000136	1
27.200000000000138	1
27.300000000000139	1
27.400000000000141	1
27.500000000000142	1
27.600000000000144	1
27.700000000000145	1
27.800000000000146	1
27.900000000000148	1
28.000000000000149	4.09525
28.100000000000151	7.70809
28.200000000000152	7.70809
28.300000000000153	2
28.400000000000155	2.52689
28.500000000000156	2.70084
28.600000000000158	2.70084
28.700000000000159	1
28.800000000000161	6.09735
28.900000000000162	3.65241
29.000000000000163	3.65241
29.100000000000165	2
29.200000000000166	2
29.300000000000168	2
29.400000000000169	2
29.500000000000171	2.9
29.600000000000172	3.24483
29.700000000000173	4.03562
29.800000000000175	5.00379
29.900000000000176	4.50415
30.000000000000178	4.50415
30.100000000000179	2
30.20000000000018	3.36442
30.300000000000182	2.36442
30.400000000000183	2.36442
30.500000000000185	2
30.600000000000186	2
30.700000000000188	2
30.800000000000189	2
30.90000000000019	2.5
31.000000000000192	2.5
31.100000000000193	2.5
31.200000000000195	2.5
31.300000000000196	2.5
31.400000000000198	2.5
31.500000000000199	2.5
31.6000000000002	2.5
31.700000000000202	2.9
31.800000000000203	4.76457
31.900000000000205	1.68416
32.000000000000206	6.94165
32.100000000000207	3.61342
32.200000000000209	3.61342
32.30000000000021	1.91723
32.400000000000212	7.17187
32.500000000000213	5.25268
32.600000000000215	4.63601
32.700000000000216	4.63601
32.800000000000217	2.5
32.900000000000219	3.55301
33.00000000000022	3.45548
33.100000000000222	3.96897
33.200000000000223	3.88707
33.300000000000225	4.18288
33.400000000000226	5.63239
33.500000000000227	2.14303
33.600000000000229	2.14303
33.70000000000023	2.14303
33.800000000000232	5.92867
33.900000000000233	5.81524
34.000000000000234	5.26676
34.100000000000236	4.2492
34.200000000000237	4.46236
34.300000000000239	3.82294
34.40000000000024	8.45117
34.500000000000242	2.74422
34.600000000000243	5.11656
34.700000000000244	4.52398
34.800000000000246	2.17588
34.900000000000247	2.95986
35.000000000000249	2.95986
35.10000000000025	1
35.200000000000252	1
35.300000000000253	1
35.400000000000254	1
35.500000000000256	1
35.600000000000257	3.20804
35.700000000000259	3.45624
35.80000000000026	4.32083
35.900000000000261	1
36.000000000000263	6.09735
36.100000000000264	5.879
36.200000000000266	3.76875
36.300000000000267	3.76875
36.400000000000269	2.9
36.50000000000027	2.9
36.600000000000271	2.9
36.700000000000273	2.9
36.800000000000274	1
36.900000000000276	4.33944
37.000000000000277	4.33944
37.100000000000279	2.9
37.20000000000028	8.57449
37.300000000000281	4.34556
37.400000000000283	4.34556
37.500000000000284	4.33944
37.600000000000286	1.94816
37.700000000000287	2.9
37.800000000000288	2.9
37.90000000000029	3.24483
38.000000000000291	3.06607
38.100000000000293	8.97214
38.200000000000294	5.53875
38.300000000000296	3.42392
38.400000000000297	5.01269
38.500000000000298	4.60412
38.6000000000003	2.30206
38.700000000000301	2.30206
38.800000000000303	4.99753
38.900000000000304	5.06168
39.000000000000306	4.71048
39.100000000000307	1.72904
39.200000000000308	1.72904
39.30000000000031	1.72904
39.400000000000311	3.55301
39.500000000000313	3.55301
39.600000000000314	2.9
39.700000000000315	3.24483
39.800000000000317	3.24483
39.900000000000318	2.5
40.00000000000032	2.5
40.100000000000321	2.5
40.200000000000323	2.5
40.300000000000324	2
40.400000000000325	2
40.500000000000327	2
40.600000000000328	2
40.70000000000033	2
40.800000000000331	2
40.900000000000333	2
41.000000000000334	2
41.100000000000335	3.55301
41.200000000000337	3.55301
41.300000000000338	1
41.40000000000034	6.09735
41.500000000000341	4.62597
41.600000000000342	4.62597
41.700000000000344	2
41.800000000000345	2
41.900000000000347	2
42.000000000000348	2
42.10000000000035	1
42.200000000000351	2.28494
42.300000000000352	2.72259
42.400000000000354	2.72259
42.500000000000355	5.19763
42.600000000000357	2.69501
42.700000000000358	2.69501
42.80000000000036	2.9
42.900000000000361	1.62241
43.000000000000362	1.62241
43.100000000000364	2.5
43.200000000000365	3.55301
43.300000000000367	3.55301
43.400000000000368	2.39435
43.500000000000369	2.39435
43.600000000000371	1
43.700000000000372	5.57555
43.800000000000374	3.18694
43.900000000000375	4.18821
44.000000000000377	5.21413
44.100000000000378	3.29487
44.200000000000379	3.29487
44.300000000000381	3.55301
44.400000000000382	3.21053
44.500000000000384	2.58849
44.600000000000385	3.22675
44.700000000000387	7.01487
44.800000000000388	3.50743
44.900000000000389	3.50743
45.000000