10	1
10.1	1
10.199999999999999	1
10.299999999999999	1
10.399999999999999	1
10.499999999999998	1
10.599999999999998	1
10.699999999999998	1
10.799999999999997	1
10.899999999999997	1
10.999999999999996	1
11.099999999999996	1
11.199999999999996	1
11.299999999999995	1
11.399999999999995	1
11.499999999999995	1
11.599999999999994	1
11.699999999999994	1
11.799999999999994	1
11.899999999999993	1
11.999999999999993	1
12.099999999999993	1
12.199999999999992	16
12.299999999999992	14
12.399999999999991	14
12.499999999999991	17.7267
12.599999999999991	20.552
12.69999999999999	23.4204
12.79999999999999	27.2886
12.89999999999999	30.2121
12.999999999999989	15.7862
13.099999999999989	7.92476
13.199999999999989	8.05095
13.299999999999988	11.627
13.399999999999988	14.4015
13.499999999999988	17.2506
13.599999999999987	21.1136
13.699999999999987	11.3563
13.799999999999986	12.5325
13.899999999999986	16.2888
13.999999999999986	19.17
14.099999999999985	22.0824
14.199999999999985	13.3069
14.299999999999985	16.1638
14.399999999999984	20.0371
14.499999999999984	22.9264
14.599999999999984	25.7631
14.699999999999983	14.5933
14.799999999999983	14.5933
14.899999999999983	16.7063
14.999999999999982	20.4769
15.099999999999982	23.3546
15.199999999999982	12.4046
15.299999999999981	12.8026
15.399999999999981	15.5596
15.49999999999998	19.3473
15.59999999999998	22.2364
15.69999999999998	25.1512
15.799999999999979	29.0642
15.899999999999979	15.1226
15.999999999999979	16.5161
16.09999999999998	20.3221
16.199999999999982	23.219
16.299999999999983	27.116
16.399999999999984	30.0563
16.499999999999986	33.0072
16.599999999999987	36.8725
16.699999999999989	18.799
16.79999999999999	20.7726
16.899999999999991	24.5697
16.999999999999993	27.4551
17.099999999999994	30.3625
17.199999999999996	15.5234
17.299999999999997	16.5844
17.399999999999999	20.3776
17.5	10.8318
17.600000000000001	10.8318
17.700000000000003	2
17.800000000000004	6.09935
17.900000000000006	9.25326
18.000000000000007	12.0785
18.100000000000009	14.9702
18.20000000000001	18.6635
18.300000000000011	10.1786
18.400000000000013	10.9396
18.500000000000014	13.6344
18.600000000000016	16.4342
18.700000000000017	20.2557
18.800000000000018	23.1609
18.90000000000002	26.0873
19.000000000000021	30.0114
19.100000000000023	32.9056
19.200000000000024	35.7891
19.300000000000026	39.6606
19.400000000000027	20.5122
19.500000000000028	21.6519
19.60000000000003	24.5138
19.700000000000031	27.4051
19.800000000000033	31.2917
19.900000000000034	16.817
20.000000000000036	16.817
20.100000000000037	16.817
20.200000000000038	7
20.30000000000004	10.1112
20.400000000000041	13.8764
20.500000000000043	16.6354
20.600000000000044	20.4191
20.700000000000045	23.3039
20.800000000000047	26.2143
20.900000000000048	15.08
21.00000000000005	8.53713
21.100000000000051	8.53713
21.200000000000053	11.0063
21.300000000000054	13.7609
21.400000000000055	17.4815
21.500000000000057	20.3409
21.600000000000058	23.2355
21.70000000000006	27.1301
21.800000000000061	30.069
21.900000000000063	33.0188
22.000000000000064	36.91
22.100000000000065	39.8048
22.200000000000067	42.7141
22.300000000000068	46.611
22.40000000000007	24.1693
22.500000000000071	12.4919
22.600000000000072	12.4919
22.700000000000074	14.1482
22.800000000000075	18.0115
22.900000000000077	20.8461
23.000000000000078	11.5397
23.10000000000008	12.6989
23.200000000000081	15.4745
23.300000000000082	18.3202
23.400000000000084	22.177
23.500000000000085	25.0987
23.600000000000087	29.0188
23.700000000000088	15.6538
23.80000000000009	15.6538
23.900000000000091	18.7409
24.000000000000092	10.263
24.100000000000094	11.9785
24.200000000000095	15.6125
24.300000000000097	8.33524
24.400000000000098	12.0768
24.500000000000099	14.9017
24.600000000000101	17.67
24.700000000000102	11.1024
24.800000000000104	13.982
24.900000000000105	16.7235
25.000000000000107	10.4224
25.100000000000108	13.2237
25.200000000000109	16.0954
25.300000000000111	19.982
25.400000000000112	22.7906
25.500000000000114	26.6001
25.600000000000115	13.6897
25.700000000000117	16.4801
25.800000000000118	20.2929
25.900000000000119	10.9759
26.000000000000121	12.1891
26.100000000000122	16.0265
26.200000000000124	18.8418
26.300000000000125	10.3116
26.400000000000126	7.81044
26.500000000000128	10.4545
26.600000000000129	14.1987
26.700000000000131	8.18147
26.800000000000132	8.18147
26.900000000000134	11.3696
27.000000000000135	14.1947
27.100000000000136	17.0785
27.200000000000138	20.9256
27.300000000000139	23.7488
27.400000000000141	13.6028
27.500000000000142	13.6028
27.600000000000144	15.722
27.700000000000145	19.4781
27.800000000000146	22.3502
27.900000000000148	11.4407
28.000000000000149	11.9555
28.100000000000151	14.6676
28.200000000000152	17.4732
28.300000000000153	21.2958
28.400000000000155	24.2
28.500000000000156	28.1032
28.600000000000158	14.7804
28.700000000000159	14.7804
28.800000000000161	3
28.900000000000162	8.55584
29.000000000000163	11.4672
29.100000000000165	15.0921
29.200000000000166	17.9986
29.300000000000168	20.8829
29.400000000000169	24.5002
29.500000000000171	27.3929
29.600000000000172	15.8974
29.700000000000173	18.6249
29.800000000000175	21.4716
29.900000000000176	25.3218
30.000000000000178	28.2366
30.100000000000179	31.1673
30.20000000000018	16.4883
30.300000000000182	8.27448
30.400000000000183	10.2314
30.500000000000185	13.0739
30.600000000000186	15.9727
30.700000000000188	19.6809
30.800000000000189	22.5271
30.90000000000019	12.4456
31.000000000000192	12.4456
31.100000000000193	12.9202
31.200000000000195	15.6564
31.300000000000196	19.4252
31.400000000000198	22.3042
31.500000000000199	26.0314
31.6000000000002	6.54626
31.700000000000202	7.8123
31.800000000000203	11.3759
31.900000000000205	14.1997
32.000000000000206	17.0827
32.100000000000207	20.929
32.200000000000209	23.7518
32.30000000000021	13.0981
32.400000000000212	14.2705
32.500000000000213	17.1415
32.600000000000215	21.0246
32.700000000000216	11.7702
32.800000000000217	12.8306
32.900000000000219	6.83167
33.00000000000022	9.21812
33.100000000000222	12.0517
33.200000000000223	15.796
33.300000000000225	18.5924
33.400000000000226	22.4023
33.500000000000227	25.2979
33.600000000000229	28.2152
33.70000000000023	15.1176
33.800000000000232	15.2496
33.900000000000233	18.1307
34.000000000000234	22.0208
34.100000000000236	24.8805
34.200000000000237	12.4604
34.300000000000239	16.0472
34.40000000000024	18.9124
34.500000000000242	10.1211
34.600000000000243	10.6058
34.700000000000244	13.3685
34.800000000000246	17.1746
34.900000000000247	20.0779
35.000000000000249	23.0056
35.10000000000025	26.8219
35.200000000000252	29.6903
35.300000000000253	32.5823
35.400000000000254	36.4653
35.500000000000256	39.342
35.600000000000257	43.2654
35.700000000000259	46.2164
35.80000000000026	24.3722
35.900000000000261	24.3722
36.000000000000263	24.3722
36.100000000000264	12.1661
36.200000000000266	15.693
36.300000000000267	18.505
36.400000000000269	9.77993
36.50000000000027	11.4808
36.600000000000271	15.0359
36.700000000000273	18.1181
36.800000000000274	21.0337
36.900000000000276	12.0494
37.000000000000277	15.1465
37.100000000000279	18.0442
37.20000000000028	21.4421
37.300000000000281	24.6963
37.400000000000283	12.961
37.500000000000284	12.961
37.600000000000286	13.0382
37.700000000000287	13.0382
37.800000000000288	1
37.90000000000029	6.16667
38.000000000000291	9.51131
38.100000000000293	12.2769
38.200000000000294	14.9974
38.300000000000296	8.26612
38.400000000000297	11.0735
38.500000000000298	13.6687
38.6000000000003	3.76853
38.700000000000301	5.7121
38.800000000000303	9.11594
38.900000000000304	11.9739
39.000000000000306	14.6826
39.100000000000307	18.4338
39.200000000000308	10.1969
39.30000000000031	10.1969
39.400000000000311	12.6568
39.500000000000313	15.44
39.600000000000314	19.147
39.700000000000315	11.3057
39.800000000000317	14.1437
39.900000000000318	18.0079
40.00000000000032	20.843
40.100000000000321	23.6761
40.200000000000323	27.5084
40.300000000000324	30.4107
40.400000000000325	15.7864
40.500000000000327	18.148
40.600000000000328	20.6272
40.70000000000033	24.4469
40.800000000000331	13.5829
40.900000000000333	16.3916
41.000000000000334	9.98602
41.100000000000335	11.1279
41.200000000000337	14.0021
41.300000000000338	17.7284
41.40000000000034	20.5535
41.500000000000341	23.3361
41.600000000000342	27.2163
41.700000000000344	30.1468
41.800000000000345	34.0727
41.900000000000347	17.7834
42.000000000000348	17.7834
42.10000000000035	19.9088
42.200000000000351	22.7265
42.300000000000352	25.5854
42.400000000000354	15.0433
42.500000000000355	17.9018
42.600000000000357	20.7032
42.700000000000358	24.511
42.80000000000036	12.9116
42.900000000000361	12.9116
43.000000000000362	2
43.100000000000364	6.64099
43.200000000000365	10.2244
43.300000000000367	13.0684
43.400000000000368	15.9054
43.500000000000369	19.6263
43.600000000000371	22.4795
43.700000000000372	12.2419
43.800000000000374	15.1021
43.900000000000375	18.0069
44.000000000000377	21.7817
44.100000000000378	24.6285
44.200000000000379	13.0444
44.300000000000381	14.2915
44.400000000000382	17.159
44.500000000000384	20.0646
44.600000000000385	23.9325
44.700000000000387	13.218
44.800000000000388	6.79728
44.900000000000389	9.40908
45.000000000000391	4.91362
45.100000000000392	7.38628
45.200000000000394	10.1428
45.300000000000395	13.0048
45.400000000000396	16.7146
45.500000000000398	19.5329
45.600000000000399	22.7527
45.700000000000401	26.2646
45.800000000000402	29.1879
45.900000000000404	33.1068
46.000000000000405	36.0576
46.100000000000406	39.0157
46.200000000000408	42.9223
46.300000000000409	22.4968
46.400000000000411	25.3816
46.500000000000412	29.2638
46.600000000000414	15.7357
46.700000000000415	18.9155
46.800000000000416	21.6779
46.900000000000418	24.5368
47.000000000000419	28.3937
47.100000000000421	31.3097
47.200000000000422	34.2402
47.300000000000423	38.1641
47.400000000000425	19.7391
47.500000000000426	19.7391
47.600000000000428	2
47.700000000000429	10.0554
47.800000000000431	13.7632
47.900000000000432	16.5412
48.000000000000433	19.3848
48.100000000000435	23.2368
48.200000000000436	11.979
48.300000000000438	12.8673
48.400000000000439	16.5475
48.500000000000441	19.3902
48.600000000000442	22.8942
48.700000000000443	26.1204
48.800000000000445	29.0583
48.900000000000446	16.2534
49.000000000000448	19.1399
49.100000000000449	22.0563
49.20000000000045	25.9353
49.300000000000452	28.7879
49.400000000000453	31.6677
49.500000000000455	17.2405
49.600000000000456	9.45154
49.700000000000458	12.3937
49.800000000000459	15.2253
49.90000000000046	18.1103
50.000000000000462	10.7489
50.100000000000463	10.7489
50.200000000000465	13.0281
50.300000000000466	16.7327
50.400000000000468	19.5484
50.500000000000469	22.4115
50.60000000000047	26.2761
50.700000000000472	13.4207
50.800000000000473	16.4413
50.900000000000475	8.63665
51.000000000000476	11.1737
51.100000000000477	5.76372
51.200000000000479	6.58448
51.30000000000048	9.25738
51.400000000000482	6.41863
51.500000000000483	9.14087
51.600000000000485	12.8802
51.700000000000486	15.6235
51.800000000000487	9.08632
51.900000000000489	12.0351
52.00000000000049	14.8004
52.100000000000492	17.5848
52.200000000000493	10.5523
52.300000000000495	11.7242
52.400000000000496	14.48
52.500000000000497	18.273
52.600000000000499	10.3715
52.7000000000005	13.8513
52.800000000000502	6.92565
52.900000000000503	8.37595
53.000000000000504	12.1048
53.100000000000506	14.9914
53.200000000000507	17.7457
53.300000000000509	21.5198
53.40000000000051	24.3973
53.500000000000512	27.3009
53.600000000000513	31.2006
53.700000000000514	34.1404
53.800000000000516	19.4165
53.900000000000517	22.2966
54.000000000000519	11.95
54.10000000000052	14.1056
54.200000000000522	17.0046
54.300000000000523	9.39755
54.400000000000524	9.39755
54.500000000000526	9.39755
54.600000000000527	4.92064
54.700000000000529	8.0443
54.80000000000053	10.7238
54.900000000000531	14.3978
55.000000000000533	17.2475
55.100000000000534	20.4853
55.200000000000536	10.8594
55.300000000000537	12.1672
55.400000000000539	15.0417
55.50000000000054	18.8276
55.600000000000541	21.6476
55.700000000000543	12.4976
55.800000000000544	14.4338
55.900000000000546	7.35449
56.000000000000547	8.96033
56.100000000000549	11.5994
56.20000000000055	13.7374
56.300000000000551	6.86871
56.400000000000553	6.86871
56.500000000000554	5.25165
56.600000000000556	8.48916
56.700