10	1
10.1	1
10.199999999999999	1
10.299999999999999	1
10.399999999999999	1
10.499999999999998	1
10.599999999999998	1
10.699999999999998	1
10.799999999999997	1
10.899999999999997	1
10.999999999999996	1
11.099999999999996	1
11.199999999999996	1
11.299999999999995	1
11.399999999999995	1
11.499999999999995	1
11.599999999999994	1
11.699999999999994	1
11.799999999999994	1
11.899999999999993	1
11.999999999999993	1
12.099999999999993	1
12.199999999999992	27
12.299999999999992	13.5
12.399999999999991	13.5
12.499999999999991	7.49112
12.599999999999991	11.1588
12.69999999999999	14.9938
12.79999999999999	18.6825
12.89999999999999	9.44783
12.999999999999989	9.44783
13.099999999999989	4
13.199999999999989	6.96893
13.299999999999988	10.439
13.399999999999988	7.07052
13.499999999999988	10.6962
13.599999999999987	6.97631
13.699999999999987	9.84969
13.799999999999986	13.4659
13.899999999999986	17.2505
13.999999999999986	10.3696
14.099999999999985	7.0717
14.199999999999985	10.697
14.299999999999985	6.68299
14.399999999999984	9.10904
14.499999999999984	12.8577
14.599999999999984	16.54
14.699999999999983	9.43007
14.799999999999983	11.5381
14.899999999999983	7.09465
14.999999999999982	10.5229
15.099999999999982	5.30896
15.199999999999982	8.64163
15.299999999999981	12.2895
15.399999999999981	8.09223
15.49999999999998	11.7413
15.59999999999998	7.32507
15.69999999999998	4.52409
15.799999999999979	4.52409
15.899999999999979	8.06562
15.999999999999979	12.6295
16.09999999999998	16.3635
16.199999999999982	8.63056
16.299999999999983	12.2817
16.399999999999984	6.87303
16.499999999999986	10.0809
16.599999999999987	13.7818
16.699999999999989	9.0954
16.79999999999999	12.4516
16.899999999999991	6.99126
16.999999999999993	4.29328
17.099999999999994	7.81286
17.199999999999996	4.09537
17.299999999999997	6.57687
17.399999999999999	10.1831
17.5	14.0005
17.600000000000001	8.66356
17.700000000000003	9.11639
17.800000000000004	12.5471
17.900000000000006	6.27354
18.000000000000007	3.52737
18.100000000000009	3.04143
18.20000000000001	3.66694
18.300000000000011	4.29697
18.400000000000013	7.81484
18.500000000000014	11.3776
18.600000000000016	7.18083
18.700000000000017	10.8619
18.800000000000018	14.5007
18.90000000000002	8.57962
19.000000000000021	11.2196
19.100000000000023	6.70931
19.200000000000024	6.70931
19.300000000000026	10.2686
19.400000000000027	14.0627
19.500000000000028	17.8325
19.60000000000003	21.5914
19.700000000000031	11.3605
19.800000000000033	13.7569
19.900000000000034	10.0327
20.000000000000036	13.6735
20.100000000000037	8.29397
20.200000000000038	8.29397
20.30000000000004	11.6245
20.400000000000041	7.43937
20.500000000000043	7.96322
20.600000000000044	11.4796
20.700000000000045	7.4841
20.800000000000047	10.3119
20.900000000000048	14.0943
21.00000000000005	8.64368
21.100000000000051	8.64368
21.200000000000053	10.3389
21.300000000000054	6.4637
21.400000000000055	8.12467
21.500000000000057	5.75239
21.600000000000058	3.9818
21.70000000000006	6.66182
21.800000000000061	4.16251
21.900000000000063	8.48825
22.000000000000064	5.05535
22.100000000000065	8.37062
22.200000000000067	12.1011
22.300000000000068	7.29083
22.40000000000007	8.20213
22.500000000000071	5.42115
22.600000000000072	7.59808
22.700000000000074	3.99315
22.800000000000075	7.24934
22.900000000000077	10.9987
23.000000000000078	6.84213
23.10000000000008	10.3553
23.200000000000081	6.11144
23.300000000000082	8.46634
23.400000000000084	4.68457
23.500000000000085	6.34459
23.600000000000087	10.0357
23.700000000000088	13.6758
23.80000000000009	18.3663
23.900000000000091	22.2151
24.000000000000092	13.2681
24.100000000000094	8.46741
24.200000000000095	12.1681
24.300000000000097	7.18609
24.400000000000098	5.20979
24.500000000000099	8.46363
24.600000000000101	6.95806
24.700000000000102	4.70956
24.800000000000104	4.70956
24.900000000000105	1
25.000000000000107	4.33944
25.100000000000108	3.30168
25.200000000000109	6.75539
25.300000000000111	10.2005
25.400000000000112	6.60726
25.500000000000114	10.2026
25.600000000000115	6.64926
25.700000000000117	4.65165
25.800000000000118	7.07559
25.900000000000119	10.5101
26.000000000000121	5.88592
26.100000000000122	6.69134
26.200000000000124	10.1585
26.300000000000125	7.36035
26.400000000000126	5.51286
26.500000000000128	9.10487
26.600000000000129	6.06603
26.700000000000131	9.0109
26.800000000000132	5.37605
26.900000000000134	3.99305
27.000000000000135	7.24928
27.100000000000136	4.65846
27.200000000000138	6.48364
27.300000000000139	3.24182
27.400000000000141	5.75327
27.500000000000142	3.72023
27.600000000000144	6.1937
27.700000000000145	3.76026
27.800000000000146	7.12686
27.900000000000148	10.8265
28.000000000000149	6.77196
28.100000000000151	6.77196
28.200000000000152	6.77196
28.300000000000153	3.33333
28.400000000000155	7.20419
28.500000000000156	10.9692
28.600000000000158	6.3338
28.700000000000159	6.3338
28.800000000000161	2
28.900000000000162	5.44207
29.000000000000163	9.06265
29.100000000000165	12.7465
29.200000000000166	16.4539
29.300000000000168	9.73266
29.400000000000169	9.73266
29.500000000000171	5.12105
29.600000000000172	2.84305
29.700000000000173	5.16755
29.800000000000175	2.58377
29.900000000000176	2.58377
30.000000000000178	2.5
30.100000000000179	6.09735
30.20000000000018	4.48323
30.300000000000182	7.78846
30.400000000000183	5.45434
30.500000000000185	8.25646
30.600000000000186	4.85625
30.700000000000188	6.47109
30.800000000000189	10.1156
30.90000000000019	13.8796
31.000000000000192	17.575
31.100000000000193	9.86148
31.200000000000195	11.1972
31.300000000000196	6.84796
31.400000000000198	5.00241
31.500000000000199	3.65406
31.6000000000002	6.78117
31.700000000000202	10.3154
31.800000000000203	6.4543
31.900000000000205	6.60924
32.000000000000206	6.60924
32.100000000000207	4.16441
32.200000000000209	3.82402
32.30000000000021	7.15982
32.400000000000212	10.7551
32.500000000000213	6.71893
32.600000000000215	4.04137
32.700000000000216	7.41285
32.800000000000217	11.1066
32.900000000000219	7.0284
33.00000000000022	7.0284
33.100000000000222	10.3823
33.200000000000223	6.83224
33.300000000000225	6.02095
33.400000000000226	9.52443
33.500000000000227	4.918
33.600000000000229	4.918
33.70000000000023	2.9
33.800000000000232	6.5768
33.900000000000233	10.1831
34.000000000000234	14.0005
34.100000000000236	8.18868
34.200000000000237	12.6289
34.300000000000239	7.44404
34.40000000000024	9.5743
34.500000000000242	13.2663
34.600000000000243	7.84643
34.700000000000244	11.3992
34.800000000000246	15.1733
34.900000000000247	7.6196
35.000000000000249	10.1165
35.10000000000025	13.8802
35.200000000000252	17.5755
35.300000000000253	9.99069
35.400000000000254	5.91574
35.500000000000256	5.91574
35.600000000000257	8.44724
35.700000000000259	12.0712
35.80000000000026	7.39146
35.900000000000261	4.67993
36.000000000000263	3.12868
36.100000000000264	6.52258
36.200000000000266	5.13347
36.300000000000267	3.36849
36.400000000000269	2.84614
36.50000000000027	6.07323
36.600000000000271	9.66191
36.700000000000273	6.15622
36.800000000000274	9.39819
36.900000000000276	13.1401
37.000000000000277	6.86853
37.100000000000279	3.50706
37.20000000000028	6.55284
37.300000000000281	4.68543
37.400000000000283	3.3283
37.500000000000284	5.97317
37.600000000000286	4.49764
37.700000000000287	8.05107
37.800000000000288	11.6271
37.90000000000029	7.87793
38.000000000000291	5.99542
38.100000000000293	5.33542
38.200000000000294	8.99974
38.300000000000296	5.12656
38.400000000000297	7.66085
38.500000000000298	3.83043
38.6000000000003	6.09486
38.700000000000301	9.67541
38.800000000000303	6.48902
38.900000000000304	10.0273
39.000000000000306	2.70246
39.100000000000307	5.29174
39.200000000000308	3.96535
39.30000000000031	7.23442
39.400000000000311	4.6527
39.500000000000313	2.43381
39.600000000000314	4.96708
39.700000000000315	8.1963
39.800000000000317	5.3922
39.900000000000318	9.03313
40.00000000000032	12.6466
40.100000000000321	7.31576
40.200000000000323	7.31576
40.300000000000324	3
40.400000000000325	3
40.500000000000327	3
40.600000000000328	3
40.70000000000033	1
40.800000000000331	3.83446
40.900000000000333	4.35055
41.000000000000334	7.97135
41.100000000000335	10.9481
41.200000000000337	5.47407
41.300000000000338	9.08169
41.40000000000034	5.40026
41.500000000000341	3.65616
41.600000000000342	6.78227
41.700000000000344	10.3161
41.800000000000345	6.6893
41.900000000000347	4.38807
42.000000000000348	2.80654
42.10000000000035	4.27998
42.200000000000351	3.26917
42.300000000000352	5.0129
42.400000000000354	8.46521
42.500000000000355	6.18552
42.600000000000357	4.10112
42.700000000000358	7.57919
42.80000000000036	11.2178
42.900000000000361	6.70854
43.000000000000362	9.01681
43.100000000000364	5.13707
43.200000000000365	5.13707
43.300000000000367	2
43.400000000000368	1.62241
43.500000000000369	2.5
43.600000000000371	2.5
43.700000000000372	2.9
43.800000000000374	6.09735
43.900000000000375	9.67696
44.000000000000377	5.65466
44.100000000000378	4.95763
44.200000000000379	4.12802
44.300000000000381	3.14122
44.400000000000382	4.93301
44.500000000000384	8.05178
44.600000000000385	5.52557
44.700000000000387	9.0014
44.800000000000388	4.5007
44.900000000000389	4.5007
45.000000000000391	7.122
45.100000000000392	4.88191
45.200000000000394	8.26843
45.300000000000395	5.02478
45.400000000000396	8.47216
45.500000000000398	4.90871
45.600000000000399	8.28406
45.700000000000401	12.0417
45.800000000000402	8.18752
45.900000000000404	4.82704
46.000000000000405	3.45195
46.100000000000406	6.97393
46.200000000000408	10.4423
46.300000000000409	6.50506
46.400000000000411	8.03298
46.500000000000412	5.56361
46.600000000000414	5.13577
46.700000000000415	8.65472
46.800000000000416	12.6207
46.900000000000418	16.5395
47.000000000000419	9.1331
47.100000000000421	11.6472
47.200000000000422	7.06845
47.300000000000423	4.92833
47.400000000000425	8.29554
47.500000000000426	6.21242
47.600000000000428	4.2159
47.700000000000429	7.77146
47.800000000000431	11.348
47.900000000000432	6.98184
48.000000000000433	6.98184
48.100000000000435	6.98184
48.200000000000436	4.16441
48.300000000000438	7.61288
48.400000000000439	11.1508
48.500000000000441	7.3356
48.600000000000442	10.8723
48.700000000000443	7.33865
48.800000000000445	4.2427
48.900000000000446	7.38679
49.000000000000448	5.40713
49.100000000000449	7.58816
49.20000000000045	5.16842
49.300000000000452	3.9167
49.400000000000453	6.92254
49.500000000000455	4.64267
49.600000000000456	8.0067
49.700000000000458	5.40302
49.800000000000459	9.03952
49.90000000000046	5.99995
50.000000000000462	8.96689
50.100000000000463	12.5196
50.200000000000465	7.22642
50.300000000000466	3.6824
50.400000000000468	6.33365
50.500000000000469	9.61959
50.60000000000047	4.8098
50.700000000000472	4.8098
50.800000000000473	2.9
50.900000000000475	2.9
51.000000000000476	2.9
51.100000000000477	2.9
51.200000000000479	2
51.30000000000048	5.19763
51.400000000000482	8.33628
51.500000000000483	11.9102
51.600000000000485	8.23349
51.700000000000486	5.70347
51.800000000000487	8.42161
51.900000000000489	4.98425
52.00000000000049	8.32843
52.100000000000492	11.7349
52.200000000000493	6.70525
52.300000000000495	3.42719
52.400000000000496	4.63158
52.500000000000497	3.39717
52.600000000000499	6.94792
52.7000000000005	10.4251
52.800000000000502	6.34191
52.900000000000503	6.34191
53.000000000000504	9.83168
53.100000000000506	4.96669
53.200000000000507	7.42128
53.300000000000509	4.83066
53.40000000000051	5.61141
53.500000000000512	3.59651
53.600000000000513	6.12209
53.700000000000514	9.58815
53.800000000000516	7.02648
53.900000000000517	10.2837
54.000000000000519	5.70478
54.10000000000052	4.02782
54.200000000000522	7.26806
54.300000000000523	4.50112
54.400000000000524	7.40036
54.500000000000526	5.38503
54.600000000000527	8.33308
54.700000000000529	4.8493
54.80000000000053	2.81369
54.900000000000531	3.48464
55.000000000000533	2.36961
55.100000000000534	2.36961
55.200000000000536	2
55.300000000000537	5.19763
55.400000000000539	8.80618
55.50000000000054	5.92138
55.600000000000541	9.35545
55.700000000000543	4.98972
55.800000000000544	4.67118
55.900000000000546	8.14765
56.000000000000547	11.8643
56.100000000000549	7.331
56.20000000000055	7.331
56.300000000000551	4.29838
56.400000000000553	6.0686
56.500000000000554	4.47368
56.600000000000556	3.26937
56.700000000000557	6.74026
56.800000000000558	4.11193
56.900000000000