10	1
10.1	1
10.199999999999999	1
10.299999999999999	1
10.399999999999999	1
10.499999999999998	1
10.599999999999998	1
10.699999999999998	1
10.799999999999997	1
10.899999999999997	1
10.999999999999996	1
11.099999999999996	4
11.199999999999996	25
11.299999999999995	25
11.399999999999995	1
11.499999999999995	12
11.599999999999994	15.5002
11.699999999999994	8.3751
11.799999999999994	12.1042
11.899999999999993	16.8179
11.999999999999993	10.4841
12.099999999999993	14.2205
12.199999999999992	7.9425
12.299999999999992	10.361
12.399999999999991	14.0591
12.499999999999991	18.7602
12.599999999999991	10.2725
12.69999999999999	14.0655
12.79999999999999	17.8347
12.89999999999999	22.5458
12.999999999999989	11.3613
13.099999999999989	11.3613
13.199999999999989	15.6653
13.299999999999988	9.04965
13.399999999999988	12.6583
13.499999999999988	7.65545
13.599999999999987	4.92085
13.699999999999987	7.25316
13.799999999999986	11.0013
13.899999999999986	15.6006
13.999999999999986	9.34825
14.099999999999985	11.3837
14.199999999999985	16.1226
14.299999999999985	20.0038
14.399999999999984	23.7976
14.499999999999984	27.613
14.599999999999984	15.6414
14.699999999999983	9.81585
14.799999999999983	13.4412
14.899999999999983	18.1926
14.999999999999982	10.5529
15.099999999999982	13.9873
15.199999999999982	18.5992
15.299999999999981	11.4094
15.399999999999981	15.1809
15.49999999999998	19.0443
15.59999999999998	12.1592
15.69999999999998	16.0038
15.799999999999979	19.7568
15.899999999999979	24.5061
15.999999999999979	28.3671
16.09999999999998	16.1169
16.199999999999982	9.61681
16.299999999999983	13.5213
16.399999999999984	17.2937
16.499999999999986	21.1488
16.599999999999987	12.3838
16.699999999999989	15.3484
16.79999999999999	19.178
16.899999999999991	11.7473
16.999999999999993	14.5676
17.099999999999994	17.6751
17.199999999999996	21.4617
17.299999999999997	26.2832
17.399999999999999	30.1819
17.5	16.3633
17.600000000000001	8.36329
17.700000000000003	9.7002
17.800000000000004	13.3572
17.900000000000006	17.6265
18.000000000000007	8.81324
18.100000000000009	8.81324
18.20000000000001	5.09458
18.300000000000011	9.51771
18.400000000000013	13.2256
18.500000000000014	17.0638
18.600000000000016	10.5103
18.700000000000017	14.2397
18.800000000000018	18.0834
18.90000000000002	11.5726
19.000000000000021	15.3038
19.100000000000023	19.1424
19.200000000000024	23.0351
19.300000000000026	13.7549
19.400000000000027	7.30168
19.500000000000028	8.80358
19.60000000000003	13.1875
19.700000000000031	7.61665
19.800000000000033	7.61665
19.900000000000034	11.1533
20.000000000000036	6.26234
20.100000000000037	9.98435
20.200000000000038	13.5645
20.30000000000004	18.1186
20.400000000000041	4.80296
20.500000000000043	7.97386
20.600000000000044	5.6554
20.700000000000045	9.08086
20.800000000000047	12.7594
20.900000000000048	16.0946
21.00000000000005	11.6245
21.100000000000051	15.343
21.200000000000053	8.82536
21.300000000000054	8.82536
21.400000000000055	4.68903
21.500000000000057	8.15773
21.600000000000058	12.7671
21.70000000000006	16.4698
21.800000000000061	9.58392
21.900000000000063	5.56781
22.000000000000064	9.35547
22.100000000000065	13.1097
22.200000000000067	7.71966
22.300000000000068	12.2498
22.40000000000007	7.07811
22.500000000000071	10.7012
22.600000000000072	14.381
22.700000000000074	8.90316
22.800000000000075	12.4742
22.900000000000077	16.2441
23.000000000000078	21.0744
23.10000000000008	24.986
23.200000000000081	14.6193
23.300000000000082	9.30008
23.400000000000084	12.1969
23.500000000000085	16.0324
23.600000000000087	19.8306
23.700000000000088	24.5655
23.80000000000009	28.348
23.900000000000091	14.3668
24.000000000000092	7.21821
24.100000000000094	9.50684
24.200000000000095	13.2178
24.300000000000097	7.82432
24.400000000000098	4.72786
24.500000000000099	7.12526
24.600000000000101	4.38689
24.700000000000102	8.23921
24.800000000000104	11.7576
24.900000000000105	8.42162
25.000000000000107	13.0907
25.100000000000108	16.9004
25.200000000000109	20.6355
25.300000000000111	25.4172
25.400000000000112	29.2946
25.500000000000114	16.1576
25.600000000000115	16.1576
25.700000000000117	19.2677
25.800000000000118	23.1393
25.900000000000119	27.0478
26.000000000000121	31.6503
26.100000000000122	16.1382
26.200000000000124	16.1382
26.300000000000125	8.58053
26.400000000000126	11.2203
26.500000000000128	6.59654
26.600000000000129	8.10694
26.700000000000131	12.6558
26.800000000000132	16.1993
26.900000000000134	9.78749
27.000000000000135	14.359
27.100000000000136	18.1773
27.200000000000138	22.0138
27.300000000000139	25.8218
27.400000000000141	30.5767
27.500000000000142	16.636
27.600000000000144	8.6138
27.700000000000145	11.5973
27.800000000000146	15.3224
27.900000000000148	19.1572
28.000000000000149	24.0255
28.100000000000151	27.8814
28.200000000000152	31.6781
28.300000000000153	17.2743
28.400000000000155	22.1054
28.500000000000156	26.0156
28.600000000000158	29.7816
28.700000000000159	17.2719
28.800000000000161	21.131
28.900000000000162	11.69
29.000000000000163	14.5903
29.100000000000165	8.76158
29.200000000000166	8.76158
29.300000000000168	5.49986
29.400000000000169	8.98581
29.500000000000171	12.1262
29.600000000000172	8.18809
29.700000000000173	6.0298
29.800000000000175	8.16485
29.900000000000176	11.8761
30.000000000000178	15.4695
30.100000000000179	10.0983
30.20000000000018	13.867
30.300000000000182	17.5651
30.400000000000183	22.2434
30.500000000000185	26.1329
30.600000000000186	30.0511
30.700000000000188	34.946
30.800000000000189	18.8766
30.90000000000019	22.6386
31.000000000000192	12.9498
31.100000000000193	17.3779
31.200000000000195	10.2733
31.300000000000196	13.2588
31.400000000000198	18.0584
31.500000000000199	21.9157
31.6000000000002	25.6994
31.700000000000202	15.2736
31.800000000000203	20.0888
31.900000000000205	12.2503
32.000000000000206	16.073
32.100000000000207	10.6673
32.200000000000209	14.3558
32.30000000000021	18.1749
32.400000000000212	10.4698
32.500000000000213	5.51519
32.600000000000215	8.04984
32.700000000000216	5.31966
32.800000000000217	9.53354
32.900000000000219	13.161
33.00000000000022	4.10875
33.100000000000222	7.17282
33.200000000000223	10.67
33.300000000000225	14.3578
33.400000000000226	18.6657
33.500000000000227	22.4632
33.600000000000229	12.3377
33.70000000000023	16.1397
33.800000000000232	20.8506
33.900000000000233	10.8948
34.000000000000234	14.1761
34.100000000000236	19.0067
34.200000000000237	10.8594
34.300000000000239	14.4988
34.40000000000024	8.86947
34.500000000000242	13.3821
34.600000000000243	17.1852
34.700000000000244	21.0603
34.800000000000246	12.2238
34.900000000000247	14.1976
35.000000000000249	18.0503
35.10000000000025	22.8045
35.200000000000252	26.612
35.300000000000253	30.4686
35.400000000000254	16.003
35.500000000000256	9.09119
35.600000000000257	12.7668
35.700000000000259	16.4695
35.80000000000026	21.2486
35.900000000000261	11.9336
36.000000000000263	15.5781
36.100000000000264	11.0449
36.200000000000266	14.7744
36.300000000000267	18.507
36.400000000000269	22.3315
36.50000000000027	27.1826
36.600000000000271	31.0971
36.700000000000273	16.1792
36.800000000000274	16.1792
36.900000000000276	18.3273
37.000000000000277	10.4924
37.100000000000279	6.29731
37.20000000000028	10.9643
37.300000000000281	14.5085
37.400000000000283	8.28735
37.500000000000284	13.0051
37.600000000000286	8.51692
37.700000000000287	12.2024
37.800000000000288	17.0068
37.90000000000029	20.771
38.000000000000291	24.5683
38.100000000000293	12.6652
38.200000000000294	12.6652
38.300000000000296	2
38.400000000000297	8.26582
38.500000000000298	12.0292
38.6000000000003	15.7152
38.700000000000301	20.4262
38.800000000000303	24.2777
38.900000000000304	28.1701
39.000000000000306	15.842
39.100000000000307	19.4209
39.200000000000308	10.1145
39.30000000000031	13.5867
39.400000000000311	18.2454
39.500000000000313	22.07
39.600000000000314	25.7923
39.700000000000315	14.6917
39.800000000000317	18.4411
39.900000000000318	22.277
40.00000000000032	12.89
40.100000000000321	7.75139
40.200000000000323	11.1557
40.300000000000324	6.34092
40.400000000000325	10.7115
40.500000000000327	14.3886
40.600000000000328	18.2007
40.70000000000033	11.0863
40.800000000000331	8.06884
40.900000000000333	11.6394
41.000000000000334	15.3542
41.100000000000335	10.9893
41.200000000000337	7.05365
41.300000000000338	9.16613
41.40000000000034	13.8721
41.500000000000341	8.55342
41.600000000000342	11.3775
41.700000000000344	16.0559
41.800000000000345	19.8496
41.900000000000347	10.4659
42.000000000000348	14.2071
42.10000000000035	7.93653
42.200000000000351	11.3732
42.300000000000352	15.1538
42.400000000000354	19.9979
42.500000000000355	10.6063
42.600000000000357	13.592
42.700000000000358	17.349
42.80000000000036	22.1186
42.900000000000361	26.0268
43.000000000000362	13.9594
43.100000000000364	7.08663
43.200000000000365	8.02155
43.300000000000367	11.6068
43.400000000000368	16.2805
43.500000000000369	20.1313
43.600000000000371	11.4392
43.700000000000372	15.2033
43.800000000000374	9.73895
43.900000000000375	10.9986
44.000000000000377	14.6032
44.100000000000378	8.50598
44.200000000000379	10.6101
44.300000000000381	14.3134
44.400000000000382	19.1093
44.500000000000384	9.81314
44.600000000000385	11.8527
44.700000000000387	15.5164
44.800000000000388	20.2738
44.900000000000389	24.1495
45.000000000000391	28.0598
45.100000000000392	14.8105
45.200000000000394	17.9874
45.300000000000395	11.117
45.400000000000396	14.8957
45.500000000000398	19.5488
45.600000000000399	23.3738
45.700000000000401	27.2486
45.800000000000402	8.08931
45.900000000000404	10.1818
46.000000000000405	13.9996
46.100000000000406	18.6084
46.200000000000408	22.4156
46.300000000000409	26.2796
46.400000000000411	14.8079
46.500000000000412	19.482
46.600000000000414	10.9738
46.700000000000415	14.5845
46.800000000000416	19.3129
46.900000000000418	10.477
47.000000000000419	13.4915
47.100000000000421	18.2297
47.200000000000422	22.1024
47.300000000000423	26.0131
47.400000000000425	13.7544
47.500000000000426	17.6475
47.600000000000428	9.04444
47.700000000000429	12.8506
47.800000000000431	4.52199
47.900000000000432	8.06446
48.000000000000433	11.7223
48.100000000000435	6.88428
48.200000000000436	9.25699
48.300000000000438	13.0398
48.400000000000439	16.8015
48.500000000000441	21.5067
48.600000000000442	25.3516
48.700000000000443	29.2377
48.800000000000445	14.8565
48.900000000000446	8.37908
49.000000000000448	9.18156
49.100000000000449	12.9865
49.20000000000045	17.577
49.300000000000452	10.191
49.400000000000453	14.0063
49.500000000000455	18.6672
49.600000000000456	22.4644
49.700000000000458	26.3212
49.800000000000459	31.1926
49.90000000000046	17.8711
50.000000000000462	21.6233
50.100000000000463	25.4505
50.200000000000465	15.8785
50.300000000000466	9.56967
50.400000000000468	12.4032
50.500000000000469	17.1512
50.60000000000047	21.0326
50.700000000000472	12.6791
50.800000000000473	16.7642
50.900000000000475	20.7667
51.000000000000476	10.9007
51.100000000000477	13.3051
51.200000000000479	18.0924
51.30000000000048	9.58373
51.400000000000482	9.58373
51.500000000000483	5.91734
51.600000000000485	8.08271
51.700000000000486	11.7348
51.800000000000487	15.4266
51.900000000000489	20.006
52.00000000000049	11.2737
52.100000000000492	15.0794
52.200000000000493	19.638
52.300000000000495	23.4484
52.400000000000496	12.1023
52.500000000000497	12.1023
52.600000000000499	3
52.7000000000005	9.82331
52.800000000000502	5.49112
52.900000000000503	8.03352
53.000000000000504	11.615
53.100000000000506	16.2864
53.200000000000507	20.136
53.300000000000509	12.633
53.40000000000051	8.39886
53.500000000000512	5.49571
53.600000000000513	8.98329
53.700000000000514	12.7692
53.800000000000516	17.244
53.900000000000517	21.1082
54.000000000000519	10.9498
54.10000000000052	14.4283
54.200000000000522	8.16078
54.300000000000523	11.8733
54.400000000000524	8.08215
54.500000000000526	10.6583
54.600000000000527	6.04382
54.700000000000529	9.53877
54.80000000000053	14.1911
54.900000000000531	7.30438
55.000000000000533	3.72064
55.100000000000534	6.35539
55.200000000000536	10.0425
55.300000000000537	6.06303
55.400000000000539	8.31138
55.50000000000054	12.0604
55.600000000000541	15.8027
55.700000000000543	19.3372
55.800000000000544	24.1692
55.900000000000546	12.4718
56.000000000000547	15.2232
56.100000000000549	20.0505
56.20000000000055	11.469
56.300000000000551	15.0935
56.4000