10	1
10.1	1
10.199999999999999	1
10.299999999999999	1
10.399999999999999	1
10.499999999999998	1
10.599999999999998	1
10.699999999999998	1
10.799999999999997	1
10.899999999999997	1
10.999999999999996	1
11.099999999999996	1
11.199999999999996	1
11.299999999999995	1
11.399999999999995	1
11.499999999999995	2
11.599999999999994	4
11.699999999999994	16
11.799999999999994	32
11.899999999999993	64
11.999999999999993	32
12.099999999999993	32
12.199999999999992	32
12.299999999999992	2
12.399999999999991	7
12.499999999999991	11
12.599999999999991	16.3101
12.69999999999999	16.4325
12.79999999999999	18.4429
12.89999999999999	19.3957
12.999999999999989	20.3529
13.099999999999989	22.2785
13.199999999999989	23.2459
13.299999999999988	24.216
13.399999999999988	25.1486
13.499999999999988	13.3481
13.599999999999987	14.2913
13.699999999999987	15.2416
13.799999999999986	17.1588
13.899999999999986	18.124
13.999999999999986	19.0927
14.099999999999985	20.0644
14.199999999999985	22.0153
14.299999999999985	22.9939
14.399999999999984	23.9324
14.499999999999984	25.8231
14.599999999999984	26.7744
14.699999999999983	27.7291
14.799999999999983	28.6869
14.899999999999983	30.6105
14.999999999999982	31.5759
15.099999999999982	32.5433
15.199999999999982	34.4837
15.299999999999981	35.4563
15.399999999999981	36.4305
15.49999999999998	37.4059
15.59999999999998	39.3606
15.69999999999998	40.3396
15.799999999999979	20.2564
15.899999999999979	20.2564
15.999999999999979	20.2564
16.09999999999998	2
16.199999999999982	3
16.299999999999983	8
16.399999999999984	10.2971
16.499999999999986	10.4904
16.599999999999987	11.6685
16.699999999999989	12.579
16.79999999999999	13.5019
16.899999999999991	14.435
16.999999999999993	16.3246
17.099999999999994	17.2786
17.199999999999996	18.1824
17.299999999999997	20.1172
17.399999999999999	21.0891
17.5	22.0634
17.600000000000001	23.0399
17.700000000000003	24.9984
17.800000000000004	25.9414
17.900000000000006	26.8885
18.000000000000007	28.7934
18.100000000000009	29.7505
18.20000000000001	30.7103
18.300000000000011	31.6726
18.400000000000013	33.6038
18.500000000000014	34.5723
18.600000000000016	35.5425
18.700000000000017	37.4876
18.800000000000018	38.4623
18.90000000000002	39.4382
19.000000000000021	40.4153
19.100000000000023	21.0561
19.200000000000024	21.1036
19.300000000000026	22.0773
19.400000000000027	24.0311
19.500000000000028	25.0106
19.60000000000003	25.9917
19.700000000000031	26.9371
19.800000000000033	28.8388
19.900000000000034	29.7944
20.000000000000036	30.7529
20.100000000000037	15.762
20.200000000000038	15.762
20.30000000000004	15.762
20.400000000000041	1
20.500000000000043	7.42017
20.600000000000044	8.31709
20.700000000000045	9.34296
20.800000000000047	11.1115
20.900000000000048	12.0643
21.00000000000005	13.1008
21.100000000000051	14.0606
21.200000000000053	15.8057
21.300000000000054	16.7295
21.400000000000055	17.8309
21.500000000000057	19.5456
21.600000000000058	20.4958
21.70000000000006	21.5901
21.800000000000061	22.5427
21.900000000000063	24.3362
22.000000000000064	25.3039
22.100000000000065	26.3881
22.200000000000067	13.6964
22.300000000000068	13.6964
22.40000000000007	13.6964
22.500000000000071	1
22.600000000000072	4
22.700000000000074	6.64099
22.800000000000075	7.49836
22.900000000000077	9.29742
23.000000000000078	10.2244
23.10000000000008	11.1636
23.200000000000081	12.1123
23.300000000000082	14.0305
23.400000000000084	14.9974
23.500000000000085	15.8423
23.600000000000087	8.53342
23.700000000000088	9.42973
23.80000000000009	4.76789
23.900000000000091	4.76789
24.000000000000092	4.76789
24.100000000000094	2
24.200000000000095	2.5
24.300000000000097	4.56988
24.400000000000098	5.39003
24.500000000000099	6.26135
24.600000000000101	7.16526
24.700000000000102	9.03185
24.800000000000104	9.98374
24.900000000000105	10.8517
25.000000000000107	12.6456
25.100000000000108	13.564
25.200000000000109	14.4931
25.300000000000111	15.4309
25.400000000000112	17.3271
25.500000000000114	18.2834
25.600000000000115	19.244
25.700000000000117	21.1761
25.800000000000118	22.1466
25.900000000000119	11.2971
26.000000000000121	11.2971
26.100000000000122	1
26.200000000000124	2
26.300000000000125	5.39231
26.400000000000126	5.75704
26.500000000000128	6.87924
26.600000000000129	8.57591
26.700000000000131	9.46815
26.800000000000132	10.3797
26.900000000000134	11.3059
27.000000000000135	13.1901
27.100000000000136	14.1439
27.200000000000138	15.1035
27.300000000000139	17.0363
27.400000000000141	18.0081
27.500000000000142	18.9827
27.600000000000144	19.9096
27.700000000000145	21.7826
27.800000000000146	22.7272
27.900000000000148	23.6762
28.000000000000149	25.586
28.100000000000151	26.5458
28.200000000000152	27.5085
28.300000000000153	28.4737
28.400000000000155	30.3779
28.500000000000156	15.1889
28.600000000000158	16.0236
28.700000000000159	17.9128
28.800000000000161	18.8393
28.900000000000162	19.7729
29.000000000000163	20.7127
29.100000000000165	11.0802
29.200000000000166	11.1704
29.300000000000168	12.1186
29.400000000000169	14.0359
29.500000000000171	15.0025
29.600000000000172	15.973
29.700000000000173	16.8877
29.800000000000175	18.7429
29.900000000000176	19.6811
30.000000000000178	20.6251
30.100000000000179	22.5274
30.20000000000018	11.6567
30.300000000000182	11.7425
30.400000000000183	12.6476
30.500000000000185	14.4947
30.600000000000186	7.55213
30.700000000000188	7.68455
30.800000000000189	9.44776
30.90000000000019	10.3611
31.000000000000192	11.2889
31.100000000000193	12.2278
31.200000000000195	14.1303
31.300000000000196	7.34342
31.400000000000198	7.34342
31.500000000000199	8.00077
31.6000000000002	4.36175
31.700000000000202	4.36175
31.800000000000203	1
31.900000000000205	2
32.000000000000206	3.55301
32.100000000000207	4.33944
32.200000000000209	5.19763
32.30000000000021	7.02286
32.400000000000212	7.96541
32.500000000000213	8.80618
32.600000000000215	10.5704
32.700000000000216	11.4811
32.800000000000217	12.4054
32.900000000000219	13.3404
33.00000000000022	15.1689
33.100000000000222	7.58444
33.200000000000223	8.22223
33.300000000000225	10.0901
33.400000000000226	11.0409
33.500000000000227	11.9994
33.600000000000229	12.8863
33.70000000000023	14.7034
33.800000000000232	15.6285
33.900000000000233	7.94145
34.000000000000234	8.19132
34.100000000000236	9.12174
34.200000000000237	10.065
34.300000000000239	11.018
34.40000000000024	12.8667
34.500000000000242	13.7702
34.600000000000243	14.6862
34.700000000000244	16.547
34.800000000000246	17.4888
34.900000000000247	18.4367
35.000000000000249	19.3898
35.10000000000025	10.1243
35.200000000000252	10.981
35.300000000000253	11.86
35.400000000000254	13.6676
35.500000000000256	14.59
35.600000000000257	15.5219
35.700000000000259	16.4617
35.80000000000026	8.64636
35.900000000000261	9.42584
36.000000000000263	10.3412
36.100000000000264	12.2109
36.200000000000266	13.1598
36.300000000000267	13.8286
36.400000000000269	6.91432
36.50000000000027	6.91432
36.600000000000271	7.47574
36.700000000000273	8.36661
36.800000000000274	10.2079
36.900000000000276	11.1485
37.000000000000277	12.0984
37.100000000000279	13.0555
37.20000000000028	14.9862
37.300000000000281	15.8948
37.400000000000283	16.8137
37.500000000000284	18.6763
37.600000000000286	19.6177
37.700000000000287	20.5646
37.800000000000288	10.2823
37.90000000000029	10.2823
38.000000000000291	10.2823
38.100000000000293	2
38.200000000000294	5.57776
38.300000000000296	6.42297
38.400000000000297	7.30649
38.500000000000298	8.21603
38.6000000000003	10.0851
38.700000000000301	10.8528
38.800000000000303	5.42639
38.900000000000304	7.05061
39.000000000000306	7.98983
39.100000000000307	8.82824
39.200000000000308	9.69702
39.30000000000031	5.43477
39.400000000000311	5.43477
39.500000000000313	5.43477
39.600000000000314	6.76452
39.700000000000315	7.60771
39.800000000000317	8.48453
39.900000000000318	9.38556
40.00000000000032	11.237
40.100000000000321	12.1799
40.200000000000323	13.1311
40.300000000000324	15.052
40.400000000000325	16.0195
40.500000000000327	16.9907
40.600000000000328	17.9091
40.70000000000033	19.7696
40.800000000000331	20.7095
40.900000000000333	21.6547
41.000000000000334	11.1913
41.100000000000335	12.1379
41.200000000000337	13.0921
41.300000000000338	14.0526
41.40000000000034	15.9876
41.500000000000341	16.9015
41.600000000000342	17.8245
41.700000000000344	19.693
41.800000000000345	20.6364
41.900000000000347	21.5848
42.000000000000348	22.5377
42.10000000000035	24.4546
42.200000000000351	25.4179
42.300000000000352	26.3838
42.400000000000354	28.3227
42.500000000000355	29.2952
42.600000000000357	14.8511
42.700000000000358	14.8511
42.80000000000036	14.8511
42.900000000000361	2
43.000000000000362	4
43.100000000000364	7.14286
43.200000000000365	8.31709
43.300000000000367	9.23468
43.400000000000368	10.1674
43.500000000000369	12.0643
43.600000000000371	13.024
43.700000000000372	13.9891
43.800000000000374	15.8057
43.900000000000375	16.7295
44.000000000000377	17.6615
44.100000000000378	18.6006
44.200000000000379	20.3979
44.300000000000381	10.1989
44.400000000000382	11.0498
44.500000000000384	12.9715
44.600000000000385	13.8682
44.700000000000387	14.778
44.800000000000388	15.6988
44.900000000000389	17.566
45.000000000000391	18.5099
45.100000000000392	19.4594
45.200000000000394	10.4731
45.300000000000395	10.4731
45.400000000000396	10.4731
45.500000000000398	1
45.600000000000399	5.93074
45.700000000000401	6.73066
45.800000000000402	7.96694
45.900000000000404	9.36133
46.000000000000405	4.89077
46.100000000000406	4.89077
46.200000000000408	5.2915
46.300000000000409	6.49679
46.400000000000411	6.49679
46.500000000000412	3.24839
46.600000000000414	3.24839
46.700000000000415	3.24839
46.800000000000416	2.9
46.900000000000418	3.83446
47.000000000000419	4.56988
47.100000000000421	4.56988
47.200000000000422	1
47.300000000000423	2.5
47.400000000000425	3.55301
47.500000000000426	4.33944
47.600000000000428	2.16972
47.700000000000429	3.34289
47.800000000000431	4.17193
47.900000000000432	5.05992
48.000000000000433	5.98104
48.100000000000435	7.61691
48.200000000000436	8.25216
48.300000000000438	4.12608
48.400000000000439	5.59791
48.500000000000441	5.77655
48.600000000000442	2.88827
48.700000000000443	2.88827
48.800000000000445	4.3319
48.900000000000446	4.3319
49.000000000000448	1
49.100000000000449	2.5
49.20000000000045	2.9
49.300000000000452	4.09525
49.400000000000453	4.99753
49.500000000000455	6.26135
49.600000000000456	7.16526
49.700000000000458	8.33628
49.800000000000459	9.98374
49.90000000000046	10.8517
50.000000000000462	11.9941
50.100000000000463	5.99707
50.200000000000465	7.08046
50.300000000000466	8.01612
50.400000000000468	9.18669
50.500000000000469	10.7028
50.60000000000047	5.35138
50.700000000000472	5.35138
50.800000000000473	5.35138
50.900000000000475	6.69813
51.000000000000476	7.54889
51.100000000000477	8.66747
51.200000000000479	10.2613
51.30000000000048	11.0166
51.400000000000482	11.9771
51.500000000000483	12.8655
51.600000000000485	14.6852
51.700000000000486	15.6114
51.800000000000487	7.96454
51.900000000000489	8.21371
52.00000000000049	9.14182
52.100000000000492	10.0832
52.200000000000493	10.7581
52.300000000000495	5.37904
52.400000000000496	6.08768
52.500000000000497	7.0145
52.600000000000499	8.79953
52.7000000000005	9.67093
52.800000000000502	4.93832
52.900000000000503	5.14082
53.000000000000504	3.02462
53.100000000000506	3.02462
53.200000000000507	3.02462
53.300000000000509	4.647
53.40000000000051	5.45511
53.500000000000512	6.31721
53.600000000000513	7.21397
53.700000000000514	9.0704
53.800000000000516	10.0186
53.900000000000517	10.9756
54.000000000000519	11.855
54.10000000000052	13.6632
54.200000000000522	14.5859
54.300000000000523	15.5181
54.400000000000524	8.52798
54.500000000000526	8.52798
54.600000000000527	8.76091
54.700000000000529	9.63584
54.80000000000053	11.4465
54.900000000000531	12.3734
55.000000000000533	13.3107
55.100000000000534	15.2088
55.200000000000536	16.1669
55.300000000000537	17.1297
55.400000000000539	18.0965
55.50000000000054	20.0396
55.600000000000541	21.015
55.700000000000543	21.9927
55.800000000000544	11.1545
55.900000000000546	11.1545
56.000000000000547	11.4213
56.100000000000549	12.3501
56.20000000000055	14.2361
56.300000000000551	15.1899
56.400000000000553	16.1491
56.500000000000554	18.0806
56.600000000000556	19.0515
56.700000000000557	19.9752
56.800000000000558	9.98758
56.90000000000056	11.571