10	8.78802
10.1	10.5553
10.199999999999999	11.4672
10.299999999999999	12.3925
10.399999999999999	13.3285
10.499999999999998	14.2729
10.599999999999998	15.2244
10.699999999999998	17.1435
10.799999999999997	18.1095
10.899999999999997	19.079
10.999999999999996	20.0514
11.099999999999996	21.0263
11.199999999999996	22.9825
11.299999999999995	23.9214
11.399999999999995	24.8651
11.499999999999995	25.813
11.599999999999994	26.7646
11.699999999999994	28.6778
11.799999999999994	29.6386
11.899999999999993	14.853
11.999999999999993	14.853
12.099999999999993	15.5131
12.199999999999992	17.4003
12.299999999999992	18.3528
12.399999999999991	19.31
12.499999999999991	9.98636
12.599999999999991	10.0865
12.69999999999999	11.0376
12.79999999999999	12.8834
12.89999999999999	13.7859
12.999999999999989	14.7009
13.099999999999989	15.6261
13.199999999999989	16.56
13.299999999999988	18.4484
13.399999999999988	19.4009
13.499999999999988	20.3578
13.599999999999987	21.3187
13.699999999999987	22.283
13.799999999999986	24.2201
13.899999999999986	25.1924
13.999999999999986	26.1666
14.099999999999985	27.1428
14.199999999999985	28.1205
14.299999999999985	29.0998
14.399999999999984	31.0623
14.499999999999984	32.0452
14.599999999999984	33.0292
14.699999999999983	16.9038
14.799999999999983	16.9038
14.899999999999983	17.0806
14.999999999999982	17.8267
15.099999999999982	8.91334
15.199999999999982	8.91334
15.299999999999981	9.77448
15.399999999999981	11.5633
15.49999999999998	12.4814
15.59999999999998	13.4111
15.69999999999998	14.3501
15.799999999999979	15.2967
15.899999999999979	17.2078
15.999999999999979	17.7803
16.09999999999998	8.89017
16.199999999999982	8.89017
16.299999999999983	8.89017
16.399999999999984	1
16.499999999999986	4.25
16.599999999999987	5.31903
16.699999999999989	6.20063
16.79999999999999	7.11243
16.899999999999991	8.0443
16.999999999999993	4.26527
17.099999999999994	4.26527
17.199999999999996	4.26527
17.299999999999997	1
17.399999999999999	3.24483
17.5	4.99753
17.600000000000001	5.75491
17.700000000000003	7.02286
17.800000000000004	7.96541
17.900000000000006	8.80618
18.000000000000007	9.67696
18.100000000000009	11.1258
18.20000000000001	12.0775
18.300000000000011	13.3404
18.400000000000013	14.2841
18.500000000000014	15.2348
18.600000000000016	16.7987
18.700000000000017	17.7271
18.800000000000018	19.0873
18.90000000000002	20.0593
19.000000000000021	21.0338
19.100000000000023	22.4608
19.200000000000024	23.4207
19.300000000000026	24.8715
19.400000000000027	25.8191
19.500000000000028	26.7706
19.60000000000003	13.5709
19.700000000000031	14.5685
19.800000000000033	15.5017
19.900000000000034	16.4427
20.000000000000036	17.3902
20.100000000000037	18.3432
20.200000000000038	20.2625
20.30000000000004	21.2278
20.400000000000041	22.196
20.500000000000043	23.1669
20.600000000000044	24.1401
20.700000000000045	26.0926
20.800000000000047	27.0714
20.900000000000048	28.0517
21.00000000000005	29.0333
21.100000000000051	30.0161
21.200000000000053	31.9535
21.300000000000054	32.9098
21.400000000000055	33.8686
21.500000000000057	34.8298
21.600000000000058	17.7421
21.70000000000006	17.7421
21.800000000000061	17.9107
21.900000000000063	18.4614
22.000000000000064	9.23069
22.100000000000065	9.23069
22.200000000000067	9.23069
22.300000000000068	2
22.40000000000007	3
22.500000000000071	4
22.600000000000072	5.31903
22.700000000000074	6.20063
22.800000000000075	8.0443
22.900000000000077	8.99015
23.000000000000078	9.84449
23.10000000000008	10.7238
23.200000000000081	11.6224
23.300000000000082	12.5362
23.400000000000084	14.3978
23.500000000000085	7.23361
23.600000000000087	7.77158
23.700000000000088	8.63153
23.80000000000009	9.51849
23.900000000000091	11.3481
24.000000000000092	12.2824
24.100000000000094	13.2262
24.200000000000095	14.1775
24.300000000000097	15.135
24.400000000000098	17.0642
24.500000000000099	18.0345
24.600000000000101	19.0078
24.700000000000102	19.9836
24.800000000000104	20.9139
24.900000000000105	11.0843
25.000000000000107	11.0843
25.100000000000108	11.0843
25.200000000000109	11.3528
25.300000000000111	12.2868
25.400000000000112	13.2303
25.500000000000114	15.1385
25.600000000000115	16.1008
25.700000000000117	17.0674
25.800000000000118	18.0375
25.900000000000119	19.0106
26.000000000000121	20.9165
26.100000000000122	21.8527
26.200000000000124	22.7944
26.300000000000125	23.6563
26.400000000000126	11.8282
26.500000000000128	12.5685
26.600000000000129	13.4921
26.700000000000131	14.4258
26.800000000000132	15.3678
26.900000000000134	16.3165
27.000000000000135	17.2709
27.100000000000136	19.1935
27.200000000000138	20.1604
27.300000000000139	21.1302
27.400000000000141	22.1028
27.500000000000142	23.0776
27.600000000000144	25.0331
27.700000000000145	26.0134
27.800000000000146	13.3671
27.900000000000148	13.3671
28.000000000000149	13.5164
28.100000000000151	15.389
28.200000000000152	16.3365
28.300000000000153	17.2898
28.400000000000155	18.2481
28.500000000000156	19.2105
28.600000000000158	10.4058
28.700000000000159	10.4058
28.800000000000161	10.4058
28.900000000000162	1
29.000000000000163	5
29.100000000000165	6.09935
29.200000000000166	7.5777
29.300000000000168	8.45768
29.400000000000169	9.67822
29.500000000000171	10.5715
29.600000000000172	11.4821
29.700000000000173	13.1138
29.800000000000175	14.0728
29.900000000000176	15.2356
30.000000000000178	16.1921
30.100000000000179	8.33987
30.20000000000018	8.33987
30.300000000000182	8.33987
30.400000000000183	9.57562
30.500000000000185	10.4777
30.600000000000186	11.3959
30.700000000000188	12.3266
30.800000000000189	14.0026
30.90000000000019	14.9713
31.000000000000192	16.1312
31.100000000000193	17.096
31.200000000000195	18.0646
31.300000000000196	19.6064
31.400000000000198	20.5538
31.500000000000199	21.9208
31.6000000000002	22.8597
31.700000000000202	23.8035
31.800000000000203	25.3509
31.900000000000205	13.0643
32.000000000000206	13.0643
32.100000000000207	13.2169
32.200000000000209	14.1688
32.30000000000021	16.0899
32.400000000000212	17.057
32.500000000000213	18.0277
32.600000000000215	19.0013
32.700000000000216	19.9775
32.800000000000217	20.908
32.900000000000219	22.7867
33.00000000000022	23.7334
33.100000000000222	24.6842
33.200000000000223	25.6388
33.300000000000225	26.5967
33.400000000000226	28.5212
33.500000000000227	14.2606
33.600000000000229	15.0805
33.70000000000023	16.0463
33.800000000000232	17.0159
33.900000000000233	18.9116
34.000000000000234	19.8417
34.100000000000236	20.7784
34.200000000000237	21.7206
34.300000000000239	22.6678
34.40000000000024	23.6193
34.500000000000242	11.8941
34.600000000000243	11.8941
34.700000000000244	11.9782
34.800000000000246	11.9782
34.900000000000247	1
35.000000000000249	2
35.10000000000025	4
35.200000000000252	6.42297
35.300000000000253	7.0246
35.400000000000254	3.5123
35.500000000000256	4.06038
35.600000000000257	4.9693
35.700000000000259	6.55556
35.80000000000026	7.423
35.900000000000261	8.31961
36.000000000000263	9.23695
36.100000000000264	10.1695
36.200000000000266	11.469
36.300000000000267	13.0256
36.400000000000269	13.9906
36.50000000000027	14.893
36.600000000000271	15.807
36.700000000000273	16.7307
36.800000000000274	18.6017
36.900000000000276	19.5467
37.000000000000277	20.4968
37.100000000000279	21.4515
37.20000000000028	22.41
37.300000000000281	24.3371
37.400000000000283	25.3048
37.500000000000284	26.2749
37.600000000000286	27.2471
37.700000000000287	28.2213
37.800000000000288	30.1746
37.90000000000029	15.3013
38.000000000000291	15.3013
38.100000000000293	15.3013
38.200000000000294	1
38.300000000000296	5
38.400000000000297	8.31709
38.500000000000298	9.23468
38.6000000000003	4.88199
38.700000000000301	4.88199
38.800000000000303	5.08682
38.900000000000304	2.54341
39.000000000000306	3.27712
39.100000000000307	4.36308
39.200000000000308	5.21722
39.30000000000031	6.11396
39.400000000000311	7.58941
39.500000000000313	8.46815
39.600000000000314	4.35135
39.700000000000315	4.35135
39.800000000000317	4.79945
39.900000000000318	5.58473
40.00000000000032	7.31177
40.100000000000321	8.22072
40.200000000000323	9.1481
40.300000000000324	10.0889
40.400000000000325	11.0398
40.500000000000327	12.8853
40.600000000000328	13.7877
40.70000000000033	14.7025
40.800000000000331	15.6277
40.900000000000333	16.5615
41.000000000000334	18.4497
41.100000000000335	19.4021
41.200000000000337	20.359
41.300000000000338	21.3199
41.40000000000034	22.2841
41.500000000000341	24.2211
41.600000000000342	25.1933
41.700000000000344	26.1676
41.800000000000345	27.1437
41.900000000000347	28.1214
42.000000000000348	29.1006
42.10000000000035	15.3696
42.200000000000351	15.3696
42.300000000000352	15.3696
42.400000000000354	1
42.500000000000355	2
42.600000000000357	4
42.700000000000358	7.42017
42.80000000000036	8.31709
42.900000000000361	9.23468
43.000000000000362	10.1674
43.100000000000364	12.0643
43.200000000000365	13.024
43.300000000000367	13.9891
43.400000000000368	14.8916
43.500000000000369	15.8057
43.600000000000371	16.7295
43.700000000000372	18.6006
43.800000000000374	19.5456
43.900000000000375	20.4958
44.000000000000377	21.4505
44.100000000000378	22.4091
44.200000000000379	24.3362
44.300000000000381	25.3039
44.400000000000382	26.0829
44.500000000000384	13.0415
44.600000000000385	13.0415
44.700000000000387	14.0054
44.800000000000388	14.9739
44.900000000000389	15.8833
45.000000000000391	16.8028
45.100000000000392	17.731
45.200000000000394	19.6084
45.300000000000395	20.5557
45.400000000000396	21.5077
45.500000000000398	22.4639
45.600000000000399	11.2986
45.700000000000401	11.8196
45.800000000000402	13.6325
45.900000000000404	7.03345
46.000000000000405	7.17563
46.100000000000406	7.97472
46.200000000000408	3.98736
46.300000000000409	5.11413
46.400000000000411	6.02671
46.500000000000412	6.96185
46.600000000000414	7.78331
46.700000000000415	8.64207
46.800000000000416	10.4343
46.900000000000418	11.356
47.000000000000419	12.2898
47.100000000000421	13.233
47.200000000000422	14.1839
47.300000000000423	15.1409
47.400000000000425	17.0695
47.500000000000426	8.68023
47.600000000000428	8.68023
47.700000000000429	8.68023
47.800000000000431	9.02137
47.900000000000432	4.93649
48.000000000000433	5.33365
48.100000000000435	6.21312
48.200000000000436	7.12328
48.300000000000438	8.05388
48.400000000000439	9.8523
48.500000000000441	10.731
48.600000000000442	11.629
48.700000000000443	12.5423
48.800000000000445	13.4678
48.900000000000446	15.3464
49.000000000000448	16.2964
49.100000000000449	17.252
49.20000000000045	18.2122
49.300000000000452	19.1764
49.400000000000453	20.1441
49.500000000000455	22.0879
49.600000000000456	23.0634
49.700000000000458	24.0408
49.800000000000459	25.02
49.90000000000046	26.0008
50.000000000000462	27.9305
50.100000000000463	28.8816
50.200000000000465	29.8359
50.300000000000466	30.793
50.400000000000468	31.7528
50.500000000000469	33.6794
50.60000000000047	17.061
50.700000000000472	17.061
50.800000000000473	17.178
50.900000000000475	18.1422
51.000000000000476	19.11
51.100000000000477	21.0544
51.200000000000479	22.0303
51.30000000000048	11.0605
51.400000000000482	11.6786
51.500000000000483	12.5883
51.600000000000485	14.4431
51.700000000000486	15.3839
51.800000000000487	7.75683
51.900000000000489	7.75683
52.00000000000049	7.75683
52.100000000000492	2
52.200000000000493	3.33333
52.300000000000495	4.63158
52.400000000000496	5.44207
52.500000000000497	5.44207
52.600000000000499	2.72103
52.7000000000005	2.72103
52.800000000000502	3.41232
52.900000000000503	4.22681
53.000000000000504	5.10482
53.100000000000506	5.67154
53.200000000000507	2.83577
53.300000000000509	3.50204
53.40000000000051	4.29843
53.500000000000512	5.16374
53.600000000000513	6.06864
53.700000000000514	7.81563
53.800000000000516	8.67114
53.900000000000517	9.55439
54.000000000000519	10.4584
54.10000000000052	11.3781
54.200000000000522	13.252
54.300000000000523	14.2016
54.400000000000524	15.1575
54.500000000000526	16.1187
54.600000000000527	17.0842
54.700000000000529	18.0534
54.80000000000053	19.9506
54.900000000000531	9.97528
55.000000000000533	10.657
55.100000000000534	11.5609
55.200000000000536	12.4792
55.300000000000537	14.3482
55.400000000000539	15.2949
55.50000000000054	16.2479
55.600000000000541	8.39686
55.700000000000543	8.39686
55.800000000000544	8.39686
55.900000000000546	2
56.000000000000547	4
56.100000000000549	5.31903
56.20000000000055	6.20063
56.300000000000551	7.11243
56.4000000000