10	21.443
10.1	26.2679
10.199999999999999	13.8569
10.299999999999999	17.0946
10.399999999999999	21.8282
10.499999999999998	26.5078
10.599999999999998	16.0876
10.699999999999998	20.8583
10.799999999999997	25.5983
10.899999999999997	14.9452
10.999999999999996	17.9873
11.099999999999996	22.4001
11.199999999999996	26.494
11.299999999999995	31.3385
11.399999999999995	15.8754
11.499999999999995	15.8754
11.599999999999994	9.72722
11.699999999999994	14.3181
11.799999999999994	19.1127
11.899999999999993	23.9901
11.999999999999993	14.9858
12.099999999999993	19.6174
12.199999999999992	11.9482
12.299999999999992	15.7173
12.399999999999991	19.4743
12.499999999999991	24.2378
12.599999999999991	13.9267
12.69999999999999	9.06715
12.79999999999999	13.3642
12.89999999999999	10.053
12.999999999999989	14.6779
13.099999999999989	19.2279
13.199999999999989	11.8335
13.299999999999988	16.4427
13.399999999999988	21.2278
13.499999999999988	11.1217
13.599999999999987	14.8992
13.699999999999987	10.0618
13.799999999999986	14.6155
13.899999999999986	7.70823
13.999999999999986	7.70823
14.099999999999985	4.16441
14.199999999999985	3.32262
14.299999999999985	7.60838
14.399999999999984	12.0144
14.499999999999984	3.75206
14.599999999999984	5.33281
14.699999999999983	9.54079
14.799999999999983	7.15319
14.899999999999983	11.7331
14.999999999999982	7.17511
15.099999999999982	11.7464
15.199999999999982	16.3802
15.299999999999981	21.0372
15.399999999999981	25.8218
15.49999999999998	7.22466
15.59999999999998	10.3225
15.69999999999998	15.0643
15.799999999999979	9.68904
15.899999999999979	14.2219
15.999999999999979	4.52674
16.09999999999998	9.0105
16.199999999999982	12.4706
16.299999999999983	17.1999
16.399999999999984	21.7272
16.499999999999986	13.0216
16.599999999999987	16.7277
16.699999999999989	9.08153
16.79999999999999	13.2231
16.899999999999991	8.76262
16.999999999999993	12.4554
17.099999999999994	7.67049
17.199999999999996	9.22073
17.299999999999997	6.39042
17.399999999999999	9.9642
17.5	7.29439
17.600000000000001	11.9878
17.700000000000003	16.5539
17.800000000000004	9.65137
17.900000000000006	14.1963
18.000000000000007	8.42181
18.100000000000009	13.014
18.20000000000001	17.6542
18.300000000000011	22.4033
18.400000000000013	12.9235
18.500000000000014	8.4452
18.600000000000016	4.51076
18.700000000000017	4.51076
18.800000000000018	8.66074
18.90000000000002	7.22863
19.000000000000021	11.8639
19.100000000000023	16.4645
19.200000000000024	9.66501
19.300000000000026	14.276
19.400000000000027	8.27575
19.500000000000028	12.2835
19.60000000000003	16.888
19.700000000000031	10.4093
19.800000000000033	13.4391
19.900000000000034	7.36039
20.000000000000036	11.4288
20.100000000000037	7.43199
20.200000000000038	12.0716
20.30000000000004	8.03133
20.400000000000041	11.8699
20.500000000000043	7.92441
20.600000000000044	9.32524
20.700000000000045	14.0489
20.800000000000047	18.7526
20.900000000000048	12.1916
21.00000000000005	15.5847
21.100000000000051	20.2767
21.200000000000053	24.8465
21.300000000000054	13.8879
21.400000000000055	18.4162
21.500000000000057	10.0902
21.600000000000058	13.7886
21.70000000000006	7.81426
21.800000000000061	9.44742
21.900000000000063	14.0589
22.000000000000064	18.7601
22.100000000000065	12.5006
22.200000000000067	7.52415
22.300000000000068	4.67299
22.40000000000007	2.44349
22.500000000000071	2.44349
22.600000000000072	3.55301
22.700000000000074	7.44171
22.800000000000075	3.72086
22.900000000000077	3.72086
23.000000000000078	4.09525
23.10000000000008	8.33628
23.200000000000081	13.0362
23.300000000000082	17.6705
23.400000000000084	9.70018
23.500000000000085	7.61452
23.600000000000087	5.39285
23.700000000000088	7.02501
23.80000000000009	11.4824
23.900000000000091	7.74832
24.000000000000092	11.4205
24.100000000000094	8.11486
24.200000000000095	6.26212
24.300000000000097	10.8521
24.400000000000098	7.42277
24.500000000000099	4.88298
24.600000000000101	8.1463
24.700000000000102	5.11349
24.800000000000104	7.38378
24.900000000000105	5.12984
25.000000000000107	9.53636
25.100000000000108	6.26931
25.200000000000109	7.97163
25.300000000000111	12.2466
25.400000000000112	8.0972
25.500000000000114	10.2862
25.600000000000115	7.29086
25.700000000000117	11.9857
25.800000000000118	7.8729
25.900000000000119	4.85266
26.000000000000121	9.06537
26.100000000000122	12.5901
26.200000000000124	8.36148
26.300000000000125	12.8197
26.400000000000126	9.01929
26.500000000000128	6.32335
26.600000000000129	10.9791
26.700000000000131	7.43042
26.800000000000132	10.3705
26.900000000000134	15.0971
27.000000000000135	9.38855
27.100000000000136	4.90379
27.200000000000138	8.98108
27.300000000000139	12.2872
27.400000000000141	7.70527
27.500000000000142	6.73897
27.600000000000144	11.1319
27.700000000000145	6.89445
27.800000000000146	5.14929
27.900000000000148	9.54669
28.000000000000149	6.73582
28.100000000000151	10.2858
28.200000000000152	5.83134
28.300000000000153	5.83134
28.400000000000155	2.9
28.500000000000156	7.02286
28.600000000000158	10.665
28.700000000000159	15.2348
28.800000000000161	9.75124
28.900000000000162	4.92689
29.000000000000163	4.92689
29.100000000000165	2
29.200000000000166	6.09735
29.300000000000168	5.06724
29.400000000000169	5.00177
29.500000000000171	9.36226
29.600000000000172	6.36472
29.700000000000173	11.0028
29.800000000000175	15.6016
29.900000000000176	9.48165
30.000000000000178	11.5803
30.100000000000179	7.32014
30.20000000000018	3.99659
30.300000000000182	8.16699
30.400000000000183	12.773
30.500000000000185	8.14616
30.600000000000186	6.75231
30.700000000000188	5.46762
30.800000000000189	4.53892
30.90000000000019	7.00305
31.000000000000192	11.4691
31.100000000000193	6.73983
31.200000000000195	8.34511
31.300000000000196	5.66286
31.400000000000198	4.43059
31.500000000000199	8.96352
31.6000000000002	5.92929
31.700000000000202	9.9841
31.800000000000203	14.424
31.900000000000205	9.08736
32.000000000000206	13.3779
32.100000000000207	7.29822
32.200000000000209	4.74407
32.30000000000021	8.189
32.400000000000212	12.7083
32.500000000000213	17.1406
32.600000000000215	11.5858
32.700000000000216	16.2656
32.800000000000217	10.479
32.900000000000219	6.92982
33.00000000000022	5.37978
33.100000000000222	9.87703
33.200000000000223	14.3503
33.300000000000225	7.41559
33.400000000000226	7.41559
33.500000000000227	3.33333
33.600000000000229	8.00038
33.70000000000023	5.53019
33.800000000000232	8.42668
33.900000000000233	7.01501
34.000000000000234	5.71377
34.100000000000236	10.1601
34.200000000000237	7.59052
34.300000000000239	5.71407
34.40000000000024	9.9605
34.500000000000242	5.68649
34.600000000000243	10.145
34.700000000000244	3.48268
34.800000000000246	6.22288
34.900000000000247	10.2581
35.000000000000249	5.9931
35.10000000000025	10.3182
35.200000000000252	15.0614
35.300000000000253	11.0042
35.400000000000254	8.22068
35.500000000000256	12.7287
35.600000000000257	6.89382
35.700000000000259	10.1941
35.80000000000026	14.9768
35.900000000000261	8.95212
36.000000000000263	12.2661
36.100000000000264	17.0525
36.200000000000266	8.92795
36.300000000000267	6.38609
36.400000000000269	11.0151
36.50000000000027	15.6103
36.600000000000271	9.97739
36.700000000000273	5.42292
36.800000000000274	9.6951
36.900000000000276	14.0844
37.000000000000277	7.04219
37.100000000000279	10.4878
37.20000000000028	13.7209
37.300000000000281	9.55951
37.400000000000283	4.77976
37.500000000000284	4.77976
37.600000000000286	3.83446
37.700000000000287	8.09095
37.800000000000288	12.6456
37.90000000000029	7.03597
38.000000000000291	11.2239
38.100000000000293	15.8847
38.200000000000294	9.46993
38.300000000000296	6.44827
38.400000000000297	4.41296
38.500000000000298	8.25286
38.6000000000003	6.10822
38.700000000000301	4.23201
38.800000000000303	4.46831
38.900000000000304	4.46831
39.000000000000306	4.33944
39.100000000000307	8.80618
39.200000000000308	7.23758
39.30000000000031	5.58613
39.400000000000311	4.29066
39.500000000000313	7.27647
39.600000000000314	5.37242
39.700000000000315	9.02147
39.800000000000317	6.41564
39.900000000000318	10.9407
40.00000000000032	15.4935
40.100000000000321	20.2068
40.200000000000323	12.0722
40.300000000000324	16.7351
40.400000000000325	10.2989
40.500000000000327	12.0925
40.600000000000328	16.8095
40.70000000000033	11.0616
40.800000000000331	6.56756
40.900000000000333	8.08347
41.000000000000334	12.4812
41.100000000000335	7.38456
41.200000000000337	12.0426
41.300000000000338	9.00654
41.40000000000034	13.473
41.500000000000341	8.65698
41.600000000000342	13.0136
41.700000000000344	8.42038
41.800000000000345	11.5421
41.900000000000347	16.2346
42.000000000000348	8.36049
42.10000000000035	6.04709
42.200000000000351	9.54083
42.300000000000352	14.1925
42.400000000000354	8.05533
42.500000000000355	8.05533
42.600000000000357	3
42.700000000000358	8.16862
42.80000000000036	6.06473
42.900000000000361	3.7269
43.000000000000362	8.04199
43.100000000000364	12.4544
43.200000000000365	3.1939
43.300000000000367	7.14329
43.400000000000368	4.52288
43.500000000000369	8.78232
43.600000000000371	13.097
43.700000000000372	17.1406
43.800000000000374	4.83663
43.900000000000375	2.71622
44.000000000000377	2.92288
44.100000000000378	6.73822
44.200000000000379	11.2213
44.300000000000381	16.0085
44.400000000000382	10.2289
44.500000000000384	12.7613
44.600000000000385	8.18317
44.700000000000387	6.36776
44.800000000000388	11.0045
44.900000000000389	15.6029
45.000000000000391	8.62482
45.100000000000392	12.1132
45.200000000000394	3.66836
45.300000000000395	6.78867
45.400000000000396	5.47853
45.500000000000398	10.0312
45.600000000000399	6.73789
45.700000000000401	3.92278
45.800000000000402	3.46295
45.900000000000404	7.12249
46.000000000000405	5.27659
46.100000000000406	5.00478
46.200000000000408	4.48519
46.300000000000409	8.9901
46.400000000000411	5.36188
46.500000000000412	8.78917
46.600000000000414	6.47377
46.700000000000415	3.81033
46.800000000000416	7.15271
46.900000000000418	5.23603
47.000000000000419	3.94719
47.100000000000421	3.12299
47.200000000000422	7.25381
47.300000000000423	4.60594
47.400000000000425	8.11102
47.500000000000426	12.6584
47.600000000000428	8.06969
47.700000000000429	11.4662
47.800000000000431	7.18267
47.900000000000432	5.14668
48.000000000000433	8.42539
48.100000000000435	4.87685
48.200000000000436	4.00898
48.300000000000438	8.17291
48.400000000000439	5.98288
48.500000000000441	7.48475
48.600000000000442	6.12225
48.700000000000443	10.4893
48.800000000000445	8.36533
48.900000000000446	6.54625
49.000000000000448	11.1079
49.100000000000449	7.31941
49.20000000000045	4.89558
49.300000000000452	8.15375
49.400000000000453	4.31687
49.500000000000455	4.31687
49.600000000000456	2.5
49.700000000000458	3.24483
49.800000000000459	3.24483
49.90000000000046	3.24483
50.000000000000462	3.24483
50.100000000000463	4.33944
50.200000000000465	3.78805
50.300000000000466	6.99828
50.400000000000468	11.3783
50.500000000000469	7.47896
50.60000000000047	10.8771
50.700000000000472	3.75333
50.800000000000473	7.40136
50.900000000000475	11.099
51.000000000000476	6.0679
51.100000000000477	8.55372
51.200000000000479	5.86266
51.30000000000048	7.52485
51.400000000000482	11.962
51.500000000000483	8.97983
51.600000000000485	7.07528
51.700000000000486	11.4255
51.800000000000487	7.95803
51.900000000000489	5.60524
52.00000000000049	7.98604
52.100000000000492	4.355
52.200000000000493	3.73396
52.300000000000495	8.04516
52.400000000000496	12.5368
52.500000000000497	17.2479
52.600000000000499	4.48308
52.7000000000005	7.65779
52.800000000000502	5.70354
52.900000000000503	10.1544
53.000000000000504	6.31132
53.100000000000506	5.19163
53.200000000000507	3.71878
53.300000000000509	2.55719
53.40000000000051	3.87005
53.500000000000512	5.21638
53.600000000000513	4.07451
53.700000000000514	8.32635
53.800000000000516	13.0299
53.900000000000517	9.0673
54.000000000000519	13.6612
54.10000000000052	9.48193
54.200000000000522	6.36795
54.300000000000523	10.2484
54.400000000000524	13.9046
54.500000000000526	6.95228
54.600000000000527	6.95228
54.700000000000529	5.44207
54.80000000000053	10.0116
54.900000000000531	6.99103
55.000000000000533	5.17857
55.100000000000534	8.79508
55.200000000000536	5.97079
55.300000000000537	10.3054
55.400000000000539	6.97324
55.50000000000054	10.2476
55.600000000000541	14.0474
55.700000000000543	7.89696
55.800000000000544	12.2803
55.900000000000546	8.45521
56.000000000000