10	1
10.1	1
10.199999999999999	1
10.299999999999999	1
10.399999999999999	1
10.499999999999998	1
10.599999999999998	1
10.699999999999998	1
10.799999999999997	1
10.899999999999997	1
10.999999999999996	1
11.099999999999996	1
11.199999999999996	1
11.299999999999995	1
11.399999999999995	1
11.499999999999995	1
11.599999999999994	1
11.699999999999994	1
11.799999999999994	1
11.899999999999993	1
11.999999999999993	1
12.099999999999993	1
12.199999999999992	1
12.299999999999992	1
12.399999999999991	1
12.499999999999991	1
12.599999999999991	1
12.69999999999999	1
12.79999999999999	1
12.89999999999999	1
12.999999999999989	1
13.099999999999989	1
13.199999999999989	1
13.299999999999988	1
13.399999999999988	1
13.499999999999988	1
13.599999999999987	1
13.699999999999987	1
13.799999999999986	1
13.899999999999986	1
13.999999999999986	1
14.099999999999985	1
14.199999999999985	1
14.299999999999985	1
14.399999999999984	1
14.499999999999984	1
14.599999999999984	1
14.699999999999983	1
14.799999999999983	1
14.899999999999983	1
14.999999999999982	1
15.099999999999982	1
15.199999999999982	1
15.299999999999981	1
15.399999999999981	1
15.49999999999998	1
15.59999999999998	1
15.69999999999998	1
15.799999999999979	1
15.899999999999979	1
15.999999999999979	1
16.09999999999998	1
16.199999999999982	1
16.299999999999983	1
16.399999999999984	1
16.499999999999986	1
16.599999999999987	1
16.699999999999989	1
16.79999999999999	1
16.899999999999991	1
16.999999999999993	1
17.099999999999994	1
17.199999999999996	1
17.299999999999997	1
17.399999999999999	1
17.5	1
17.600000000000001	1
17.700000000000003	1
17.800000000000004	1
17.900000000000006	1
18.000000000000007	1
18.100000000000009	1
18.20000000000001	1
18.300000000000011	1
18.400000000000013	1
18.500000000000014	1
18.600000000000016	1
18.700000000000017	1
18.800000000000018	1
18.90000000000002	1
19.000000000000021	1
19.100000000000023	1
19.200000000000024	1
19.300000000000026	1
19.400000000000027	1
19.500000000000028	1
19.60000000000003	1
19.700000000000031	1
19.800000000000033	1
19.900000000000034	1
20.000000000000036	1
20.100000000000037	1
20.200000000000038	1
20.30000000000004	1
20.400000000000041	1
20.500000000000043	1
20.600000000000044	1
20.700000000000045	1
20.800000000000047	1
20.900000000000048	1
21.00000000000005	1
21.100000000000051	1
21.200000000000053	1
21.300000000000054	1
21.400000000000055	1
21.500000000000057	1
21.600000000000058	1
21.70000000000006	1
21.800000000000061	1
21.900000000000063	1
22.000000000000064	1
22.100000000000065	1
22.200000000000067	1
22.300000000000068	1
22.40000000000007	1
22.500000000000071	1
22.600000000000072	1
22.700000000000074	1
22.800000000000075	1
22.900000000000077	1
23.000000000000078	1
23.10000000000008	1
23.200000000000081	1
23.300000000000082	1
23.400000000000084	1
23.500000000000085	1
23.600000000000087	1
23.700000000000088	1
23.80000000000009	1
23.900000000000091	1
24.000000000000092	1
24.100000000000094	1
24.200000000000095	1
24.300000000000097	1
24.400000000000098	1
24.500000000000099	1
24.600000000000101	2
24.700000000000102	4
24.800000000000104	8
24.900000000000105	16
25.000000000000107	32
25.100000000000108	32
25.200000000000109	32
25.300000000000111	32
25.400000000000112	1
25.500000000000114	2
25.600000000000115	9
25.700000000000117	14
25.800000000000118	16.6746
25.900000000000119	8.33729
26.000000000000121	9.25285
26.100000000000122	10.1839
26.200000000000124	12.0782
26.300000000000125	13.0369
26.400000000000126	14.0011
26.500000000000128	14.9699
26.600000000000129	15.8795
26.700000000000131	17.7276
26.800000000000132	18.6633
26.900000000000134	19.6053
27.000000000000135	20.5528
27.100000000000136	21.5049
27.200000000000138	23.4211
27.300000000000139	24.3841
27.400000000000141	25.3501
27.500000000000142	26.3185
27.600000000000144	27.2892
27.700000000000145	29.2364
27.800000000000146	30.2126
27.900000000000148	31.1903
28.000000000000149	32.1693
28.100000000000151	33.1496
28.200000000000152	34.131
28.300000000000153	36.0968
28.400000000000155	37.0811
28.500000000000156	38.0662
28.600000000000158	39.052
28.700000000000159	40.0385
28.800000000000161	42.0135
28.900000000000162	21.1254
29.000000000000163	21.5477
29.100000000000165	22.5022
29.200000000000166	23.4604
29.300000000000168	25.3864
29.400000000000169	26.3535
29.500000000000171	27.3229
29.600000000000172	28.2945
29.700000000000173	29.2679
29.800000000000175	30.2431
29.900000000000176	32.1979
30.000000000000178	33.1773
30.100000000000179	34.1579
30.20000000000018	35.1396
30.300000000000182	36.1223
30.400000000000183	38.0903
30.500000000000185	39.0756
30.600000000000186	40.0615
30.700000000000188	41.0481
30.800000000000189	42.0354
30.90000000000019	44.0116
31.000000000000192	45.0005
31.100000000000193	45.9898
31.200000000000195	46.9583
31.300000000000196	47.9281
31.400000000000198	48.8991
31.500000000000199	50.8445
31.6000000000002	51.8187
31.700000000000202	52.7939
31.800000000000203	53.7701
31.900000000000205	54.747
32.000000000000206	56.7034
32.100000000000207	57.6827
32.200000000000209	58.6626
32.30000000000021	59.6433
32.400000000000212	60.6246
32.500000000000213	62.5889
32.600000000000215	63.5719
32.700000000000216	64.5554
32.800000000000217	65.5394
32.900000000000219	66.5089
33.00000000000022	68.4066
33.100000000000222	69.3359
33.200000000000223	70.253
33.300000000000225	71.1583
33.400000000000226	72.0521
33.500000000000227	72.9351
33.600000000000229	74.6696
33.70000000000023	75.5219
33.800000000000232	76.3647
33.900000000000233	77.1983
34.000000000000234	78.023
34.100000000000236	79.6468
34.200000000000237	80.4464
34.300000000000239	81.2381
34.40000000000024	82.0222
34.500000000000242	82.7989
34.600000000000243	84.3307
34.700000000000244	85.0863
34.800000000000246	85.8352
34.900000000000247	86.5777
35.000000000000249	87.3138
35.10000000000025	88.0438
35.200000000000252	89.4859
35.300000000000253	90.1983
35.400000000000254	90.9051
35.500000000000256	91.6065
35.600000000000257	92.3025
35.700000000000259	32
35.80000000000026	32
35.900000000000261	32.0937
36.000000000000263	32.65
36.100000000000264	16.325
36.200000000000266	16.325
36.300000000000267	16.325
36.400000000000269	2
36.50000000000027	6
36.600000000000271	8.24808
36.700000000000273	10.308
36.800000000000274	11.2402
36.900000000000276	12.1829
37.000000000000277	13.1339
37.100000000000279	14.0914
37.20000000000028	15.0544
37.300000000000281	16.9928
37.400000000000283	17.9111
37.500000000000284	18.8377
37.600000000000286	19.7714
37.700000000000287	20.7112
37.800000000000288	22.6062
37.90000000000029	23.5602
38.000000000000291	24.5178
38.100000000000293	25.4787
38.200000000000294	26.4424
38.300000000000296	28.3773
38.400000000000297	29.348
38.500000000000298	30.3206
38.6000000000003	31.2949
38.700000000000301	32.2707
38.800000000000303	33.248
38.900000000000304	35.2063
39.000000000000306	36.1872
39.100000000000307	37.1691
39.200000000000308	38.1519
39.30000000000031	39.1356
39.400000000000311	41.1052
39.500000000000313	42.0911
39.600000000000314	43.0777
39.700000000000315	44.0648
39.800000000000317	45.0525
39.900000000000318	23.2689
40.00000000000032	23.2689
40.100000000000321	23.2689
40.200000000000323	1
40.300000000000324	3
40.400000000000325	11.0909
40.500000000000327	12.0454
40.600000000000328	13.1598
40.70000000000033	14.1156
40.800000000000331	15.077
40.900000000000333	16.043
41.000000000000334	17.6486
41.100000000000335	18.5883
41.200000000000337	19.8391
41.300000000000338	20.7759
41.40000000000034	21.7182
41.500000000000341	23.3614
41.600000000000342	24.3268
41.700000000000344	25.5312
41.800000000000345	26.493
41.900000000000347	27.4575
42.000000000000348	29.1887
42.10000000000035	30.1664
42.200000000000351	31.3377
42.300000000000352	32.3122
42.400000000000354	33.2883
42.500000000000355	34.2657
42.600000000000357	36.0581
42.700000000000358	37.0434
42.80000000000036	38.187
42.900000000000361	39.1698
43.000000000000362	40.1534
43.100000000000364	41.9564
43.200000000000365	42.9228
43.300000000000367	44.0952
43.400000000000368	45.0823
43.500000000000369	46.0699
43.600000000000371	47.7752
43.700000000000372	48.7493
43.800000000000374	50.0252
43.900000000000375	51.0151
44.000000000000377	52.0053
44.100000000000378	53.6338
44.200000000000379	54.6132
44.300