10	1
10.1	1
10.199999999999999	1
10.299999999999999	1
10.399999999999999	1
10.499999999999998	1
10.599999999999998	1
10.699999999999998	1
10.799999999999997	1
10.899999999999997	1
10.999999999999996	1
11.099999999999996	1
11.199999999999996	1
11.299999999999995	1
11.399999999999995	1
11.499999999999995	1
11.599999999999994	1
11.699999999999994	1
11.799999999999994	1
11.899999999999993	1
11.999999999999993	1
12.099999999999993	1
12.199999999999992	1
12.299999999999992	1
12.399999999999991	1
12.499999999999991	1
12.599999999999991	1
12.69999999999999	1
12.79999999999999	1
12.89999999999999	1
12.999999999999989	1
13.099999999999989	1
13.199999999999989	1
13.299999999999988	1
13.399999999999988	1
13.499999999999988	1
13.599999999999987	1
13.699999999999987	1
13.799999999999986	1
13.899999999999986	1
13.999999999999986	1
14.099999999999985	1
14.199999999999985	1
14.299999999999985	1
14.399999999999984	1
14.499999999999984	1
14.599999999999984	1
14.699999999999983	1
14.799999999999983	1
14.899999999999983	1
14.999999999999982	1
15.099999999999982	1
15.199999999999982	1
15.299999999999981	1
15.399999999999981	1
15.49999999999998	1
15.59999999999998	1
15.69999999999998	1
15.799999999999979	1
15.899999999999979	1
15.999999999999979	1
16.09999999999998	1
16.199999999999982	1
16.299999999999983	1
16.399999999999984	1
16.499999999999986	1
16.599999999999987	1
16.699999999999989	1
16.79999999999999	1
16.899999999999991	1
16.999999999999993	1
17.099999999999994	1
17.199999999999996	1
17.299999999999997	1
17.399999999999999	1
17.5	1
17.600000000000001	1
17.700000000000003	1
17.800000000000004	1
17.900000000000006	1
18.000000000000007	32
18.100000000000009	32
18.20000000000001	16.0156
18.300000000000011	9.28599
18.400000000000013	10.0168
18.500000000000014	18.356
18.600000000000016	15.0223
18.700000000000017	23.4972
18.800000000000018	18.1373
18.90000000000002	26.8208
19.000000000000021	36.4645
19.100000000000023	45.2756
19.200000000000024	23.5368
19.300000000000026	11.9373
19.400000000000027	15.3868
19.500000000000028	24.0666
19.60000000000003	33.7274
19.700000000000031	42.4708
19.800000000000033	14.2998
19.900000000000034	13.195
20.000000000000036	22.73
20.100000000000037	13.7387
20.200000000000038	24.1189
20.30000000000004	32.8638
20.400000000000041	23.1044
20.500000000000043	15.1335
20.600000000000044	23.053
20.700000000000045	32.6771
20.800000000000047	20.5568
20.900000000000048	30.2154
21.00000000000005	11.1545
21.100000000000051	20.5678
21.200000000000053	29.247
21.300000000000054	39.0599
21.400000000000055	25.6347
21.500000000000057	9.85766
21.600000000000058	17.4857
21.70000000000006	13.1406
21.800000000000061	10.5517
21.900000000000063	11.6211
22.000000000000064	20.1396
22.100000000000065	5.41815
22.200000000000067	12.9706
22.300000000000068	11.6216
22.40000000000007	20.1398
22.500000000000071	15.2023
22.600000000000072	11.5708
22.700000000000074	19.2976
22.800000000000075	28.1207
22.900000000000077	18.6216
23.000000000000078	9.54972
23.10000000000008	13.2486
23.200000000000081	22.805
23.300000000000082	31.4387
23.400000000000084	9.71717
23.500000000000085	18.1397
23.600000000000087	13.7812
23.700000000000088	22.2801
23.80000000000009	15.8962
23.900000000000091	8.28752
24.000000000000092	17.1876
24.100000000000094	25.881
24.200000000000095	21.0101
24.300000000000097	15.4469
24.400000000000098	25.0817
24.500000000000099	16.8193
24.600000000000101	11.8452
24.700000000000102	18.0202
24.800000000000104	13.2582
24.900000000000105	21.5932
25.000000000000107	31.2512
25.100000000000108	21.5969
25.200000000000109	14.7052
25.300000000000111	23.253
25.400000000000112	16.0893
25.500000000000114	11.9714
25.600000000000115	17.137
25.700000000000117	26.3838
25.800000000000118	16.7358
25.900000000000119	10.3477
26.000000000000121	12.2164
26.100000000000122	21.7214
26.200000000000124	15.5449
26.300000000000125	5.52579
26.400000000000126	13.7642
26.500000000000128	10.6993
26.600000000000129	15.0604
26.700000000000131	12.0342
26.800000000000132	19.6803
26.900000000000134	13.9074
27.000000000000135	7.27083
27.100000000000136	12.8623
27.200000000000138	10.3939
27.300000000000139	19.9169
27.400000000000141	14.0804
27.500000000000142	8.81261
27.600000000000144	17.1561
27.700000000000145	26.7727
27.800000000000146	17.5003
27.900000000000148	25.2711
28.000000000000149	34.0724
28.100000000000151	20.5494
28.200000000000152	29.1656
28.300000000000153	38.999
28.400000000000155	23.8183
28.500000000000156	19.3201
28.600000000000158	28.0649
28.700000000000159	18.3842
28.800000000000161	27.0992
28.900000000000162	21.0831
29.000000000000163	30.1473
29.100000000000165	20.4547
29.200000000000166	29.8458
29.300000000000168	21.3553
29.400000000000169	17.1606
29.500000000000171	12.6826
29.600000000000172	22.1677
29.700000000000173	30.9474
29.800000000000175	19.6859
29.900000000000176	14.0525
30.000000000000178	22.6705
30.100000000000179	31.3413
30.20000000000018	22.8677
30.300000000000182	6.81662
30.400000000000183	16.0414
30.500000000000185	24.5714
30.600000000000186	19.618
30.700000000000188	14.0288
30.800000000000189	21.846
30.90000000000019	15.4468
31.000000000000192	25.0817
31.100000000000193	18.2221
31.200000000000195	10.8192
31.300000000000196	8.53812
31.400000000000198	17.9902
31.500000000000199	15.9834
31.6000000000002	13.4787
31.700000000000202	12.626
31.800000000000203	22.1354
31.900000000000205	30.8919
32.000000000000206	19.966
32.100000000000207	10.2307
32.200000000000209	6.38139
32.30000000000021	13.5455
32.400000000000212	22.1353
32.500000000000213	16.6356
32.600000000000215	11.8226
32.700000000000216	9.5698
32.800000000000217	8.48758
32.900000000000219	16.6347
33.00000000000022	5.8948
33.100000000000222	15.023
33.200000000000223	23.4976
33.300000000000225	16.2208
33.400000000000226	24.28
33.500000000000227	8.06632
33.600000000000229	16.3639
33.70000000000023	11.5779
33.800000000000232	9.1721
33.900000000000233	12.7459
34.000000000000234	21.236
34.100000000000236	14.561
34.200000000000237	10.9825
34.300000000000239	10.3415
34.40000000000024	7.23333
34.500000000000242	16.1595
34.600000000000243	12.2689
34.700000000000244	5.24601
34.800000000000246	12.9782
34.900000000000247	4.05241
35.000000000000249	4.05241
35.10000000000025	1
35.200000000000252	1
35.300000000000253	1
35.400000000000254	1
35.500000000000256	2.9
35.600000000000257	10.5704
35.700000000000259	11.9883
35.80000000000026	20.3531
35.900000000000261	7.65011
36.000000000000263	17.0096
36.100000000000264	11.9338
36.200000000000266	5.7278
36.300000000000267	11.7273
36.400000000000269	9.30917
36.50000000000027	9.03272
36.600000000000271	8.57723
36.700000000000273	17.037
36.800000000000274	14.2264
36.900000000000276	22.8662
37.000000000000277	8.8633
37.100000000000279	7.66662
37.20000000000028	16.5393
37.300000000000281	12.5379
37.400000000000283	12.0158
37.500000000000284	20.4184
37.600000000000286	15.3966
37.700000000000287	24.0729
37.800000000000288	14.7467
37.90000000000029	23.2793
38.000000000000291	17.6566
38.100000000000293	12.9065
38.200000000000294	10.8062
38.300000000000296	16.6495
38.400000000000297	14.6874
38.500000000000298	9.69535
38.6000000000003	18.9386
38.700000000000301	8.99008
38.800000000000303	9.06748
38.900000000000304	17.4033
39.000000000000306	12.877
39.100000000000307	6.66805
39.200000000000308	10.2418
39.30000000000031	9.11183
39.400000000000311	18.4318
39.500000000000313	11.4012
39.600000000000314	9.4405
39.700000000000315	17.1383
39.800000000000317	25.7707
39.900000000000318	19.3881
40.00000000000032	15.4218
40.100000000000321	13.6507
40.200000000000323	10.2561
40.300000000000324	18.1041
40.400000000000325	9.69312
40.500000000000327	8.63516
40.600000000000328	8.05046
40.70000000000033	3.97693
40.800000000000331	4.86633
40.900000000000333	10.1204
41.000000000000334	18.521
41.100000000000335	28.1682
41.200000000000337	8.74603
41.300000000000338	8.90515
41.40000000000034	15.6162
41.500000000000341	10.797
41.600000000000342	8.84689
41.700000000000344	15.9014
41.800000000000345	11.9945
41.900000000000347	12.7515
42.000000000000348	21.2394
42.10000000000035	31.0079
42.200000000000351	39.6956
42.300000000000352	10.828
42.400000000000354	17.1378
42.500000000000355	26.7236
42.600000000000357	35.418
42.700000000000358	10.1879
42.80000000000036	5.33744
42.900000000000361	14.4739
43.000000000000362	11.9846
43.100000000000364	9.41258
43.200000000000365	11.5941
43.300000000000367	20.124
43.400000000000368	15.4771
43.500000000000369	13.2235
43.600000000000371	11.491
43.700000000000372	9.75825
43.800000000000374	19.1285
43.900000000000375	15.145
44.000000000000377	11.1386
44.100000000000378	9.30838
44.200000000000379	18.3665
44.300000000000381	15.0597
44.400000000000382	14.3964
44.500000000000384	5.86449
44.600000000000385	15.0113
44.700000000000387	23.4901
44.800000000000388	9.98565
44.900000000000389	9.32943
45.000000000000391	18.7547
45.100000000000392	13.3135
45.200000000000394	10.0457
45.300000000000395	10.6998
45.400000000000396	10.9182
45.500000000000398	5.62431
45.600000000000399	6.45116
45.700000000000401	13.0509
45.800000000000402	10.1502
45.900000000000404	18.5912
46.000000000000405	28.2144
46.100000000000406	9.81446
46.200000000000408	10.4264
46.300000000000409	8.68166
46.400000000000411	9.20242
46.500000000000412	9.07281
46.600000000000414	11.7446
46.700000000000415	4.56972
46.800000000000416	6.12124
46.900000000000418	6.28461
47.000000000000419	6.28461
47.100000000000421	9.06265
47.200000000000422	8.22764
47.300000000000423	10.0999
47.400000000000425	18.5099
47.500000000000426	12.338
47.600000000000428	9.49941
47.700000000000429	9.06763
47.800000000000431	17.1131
47.900000000000432	6.87413
48.000000000000433	14.4915
48.100000000000435	13.263
48.200000000000436	9.59804
48.300000000000438	12.3068
48.400000000000439	9.61645
48.500000000000441	9.61645
48.600000000000442	1
48.700000000000443	11.0012
48.800000000000445	10.1158
48.900000000000446	19.4676
49.000000000000448	13.8324
49.100000000000449	21.4423
49.20000000000045	30.1681
49.300000000000452	21.1849
49.400000000000453	16.435
49.500000000000455	12.3952
49.600000000000456	21.0278
49.700000000000458	14.8217
49.800000000000459	23.1545
49.90000000000046	9.8253
50.000000000000462	8.73375
50.100000000000463	17.2325
50.200000000000465	26.9334
50.300000000000466	17.5944
50.400000000000468	11.768
50.500000000000469	11.4967
50.60000000000047	11.0633
50.700000000000472	19.467
50.800000000000473	14.6452
50.900000000000475	13.864
51.000000000000476	11.1207
51.100000000000477	19.3966
51.200000000000479	15.2768
51.30000000000048	11.7473
51.400000000000482	10.0909
51.500000000000483	11.211
51.600000000000485	7.58865
51.700000000000486	4.02675
51.800000000000487	5.96033
51.900000000000489	14.0851
52.00000000000049	10.8036
52.100000000000492	9.16055
52.200000000000493	18.51
52.300000000000495	12.6018
52.400000000000496	9.71261
52.500000000000497	18.1373
52.600000000000499	13.1276
52.7000000000005	9.48159
52.800000000000502	7.84867
52.900000000000503	15.1744
53.000000000000504	24.7539
53.100000000000506	18.9092
53.200000000000507	16.7321
53.300000000000509	11.2734
53.40000000000051	5.33939
53.500000000000512	14.3354
53.600000000000513	14.2853
53.700000000000514	13.4715
53.800000000000516	22.0902
53.900000000000517	15.4657
54.000000000000519	11.9124
54.10000000000052	10.5297
54.200000000000522	10.3073
54.300000000000523	19.771
54.400000000000524	28.377
54.500000000000526	38.1517
54.600000000000527	10.3915
54.700000000000529	16.6269
54.80000000000053	12.9975
54.900000000000531	12.5258
55.000000000000533	21.1049
55.100000000000534	10.9024
55.200000000000536	10.9024
55.300000000000537	4.19929
55.400000000000539	5.93054
55.50000000000054	14.2848
55.600000000000541	10.6175
55.700000000000543	20.0841
55.800000000000544	14.2693
55.900000000000546	23.9192
56.000000000000547	9.98474
56.100000000000549	10.0437
56.20000000000055	19.0136
56.300000000000551	14.4954
56.400000000000553	24.0962
56.500000000000554	32.8167
56.600000000000556	16.4236
56.700000000000557	8.51131
56.800000000000558	12.1985
56.90000000000056	20.7687
57.000000000000561	30.3598
57.100000000000563	18.0409
57.200000000000564	9.10332
57.300000000000566	9.10332
57.400000000000567	6.95656
57.500000000000568	6.50044
57.60000000000057	6.50044
57.700000000000571	2
57.800000000000573	11.2405
57.900000000000574	8.81475
5