10	1
10.1	1
10.199999999999999	1
10.299999999999999	1
10.399999999999999	1
10.499999999999998	1
10.599999999999998	1
10.699999999999998	1
10.799999999999997	1
10.899999999999997	1
10.999999999999996	1
11.099999999999996	1
11.199999999999996	1
11.299999999999995	1
11.399999999999995	1
11.499999999999995	1
11.599999999999994	1
11.699999999999994	1
11.799999999999994	1
11.899999999999993	1
11.999999999999993	1
12.099999999999993	1
12.199999999999992	1
12.299999999999992	1
12.399999999999991	1
12.499999999999991	1
12.599999999999991	1
12.69999999999999	1
12.79999999999999	1
12.89999999999999	1
12.999999999999989	1
13.099999999999989	1
13.199999999999989	1
13.299999999999988	1
13.399999999999988	1
13.499999999999988	1
13.599999999999987	1
13.699999999999987	1
13.799999999999986	1
13.899999999999986	1
13.999999999999986	1
14.099999999999985	1
14.199999999999985	1
14.299999999999985	1
14.399999999999984	1
14.499999999999984	1
14.599999999999984	1
14.699999999999983	1
14.799999999999983	1
14.899999999999983	1
14.999999999999982	1
15.099999999999982	1
15.199999999999982	1
15.299999999999981	1
15.399999999999981	1
15.49999999999998	1
15.59999999999998	1
15.69999999999998	1
15.799999999999979	1
15.899999999999979	1
15.999999999999979	1
16.09999999999998	1
16.199999999999982	1
16.299999999999983	1
16.399999999999984	1
16.499999999999986	1
16.599999999999987	1
16.699999999999989	1
16.79999999999999	1
16.899999999999991	2
16.999999999999993	2.5
17.099999999999994	2.5
17.199999999999996	1
17.299999999999997	2
17.399999999999999	2.5
17.5	2.5
17.600000000000001	1
17.700000000000003	1
17.800000000000004	1
17.900000000000006	1
18.000000000000007	1
18.100000000000009	2
18.20000000000001	3.55301
18.300000000000011	4.33944
18.400000000000013	5.19763
18.500000000000014	6.09735
18.600000000000016	7.02286
18.700000000000017	3.65241
18.800000000000018	3.65241
18.90000000000002	4.1809
19.000000000000021	2.53362
19.100000000000023	2.92831
19.200000000000024	3.57564
19.300000000000026	3.85531
19.400000000000027	4.5872
19.500000000000028	5.40461
19.60000000000003	6.11019
19.700000000000031	3.0551
19.800000000000033	3.38242
19.900000000000034	3.94995
20.000000000000036	1.97497
20.100000000000037	2.97497
20.200000000000038	3.31111
20.30000000000004	3.31111
20.400000000000041	1.65556
20.500000000000043	2.65556
20.600000000000044	2.65556
20.700000000000045	1
20.800000000000047	2
20.900000000000048	2.9
21.00000000000005	4.33944
21.100000000000051	4.78871
21.200000000000053	2.39435
21.300000000000054	2.812
21.400000000000055	3.16762
21.500000000000057	3.16762
21.600000000000058	1.58381
21.70000000000006	2.58381
21.800000000000061	4.14409
21.900000000000063	5.03722
22.000000000000064	5.03722
22.100000000000065	2.51861
22.200000000000067	2.51861
22.300000000000068	2.51861
22.40000000000007	3.25863
22.500000000000071	4.10599
22.600000000000072	5.00624
22.700000000000074	6.58336
22.800000000000075	7.4475
22.900000000000077	8.34143
23.000000000000078	9.25658
23.10000000000008	4.7357
23.200000000000081	4.7357
23.300000000000082	4.7357
23.400000000000084	1
23.500000000000085	3.24483
23.600000000000087	4.99753
23.700000000000088	5.75491
23.80000000000009	6.42106
23.900000000000091	7.30482
24.000000000000092	7.44171
24.100000000000094	3.72086
24.200000000000095	4.4761
24.300000000000097	5.31134
24.400000000000098	6.19407
24.500000000000099	3.17776
24.600000000000101	4.04341
24.700000000000102	4.9556
24.800000000000104	5.15739
24.900000000000105	2.57869
25.000000000000107	2.57869
25.100000000000108	3.30359
25.200000000000109	3.88358
25.300000000000111	3.88358
25.400000000000112	2.94179
25.500000000000114	3.28172
25.600000000000115	3.28172
25.700000000000117	1.64086
25.800000000000118	1
25.900000000000119	2.5
26.000000000000121	3.24483
26.100000000000122	3.55301
26.200000000000124	3.55301
26.300000000000125	1
26.400000000000126	2.5
26.500000000000128	2.9
26.600000000000129	2.9
26.700000000000131	1
26.800000000000132	2
26.900000000000134	3.24483
27.000000000000135	4.09525
27.100000000000136	4.99753
27.200000000000138	5.75491
27.300000000000139	6.09735
27.400000000000141	3.9451
27.500000000000142	4.66215
27.600000000000144	4.66215
27.700000000000145	2.33107
27.800000000000146	2.33107
27.900000000000148	2.76006
28.000000000000149	3.44264
28.100000000000151	4.25093
28.200000000000152	6.03557
28.300000000000153	6.96949
28.400000000000155	7.79013
28.500000000000156	8.6482
28.600000000000158	9.5336
28.700000000000159	10.2451
28.800000000000161	5.12254
28.900000000000162	5.12254
29.000000000000163	1
29.100000000000165	2
29.200000000000166	2.9
29.300000000000168	4.33944
29.400000000000169	4.99753
29.500000000000171	5.75491
29.600000000000172	6.5768
29.700000000000173	7.44171
29.800000000000175	7.96541
29.900000000000176	3.9827
30.000000000000178	4.6937
30.100000000000179	5.49468
30.20000000000018	6.95924
30.300000000000182	7.51724
30.400000000000183	8.40365
30.500000000000185	9.31261
30.600000000000186	4.81556
30.700000000000188	4.81556
30.800000000000189	5.2223
30.90000000000019	5.5985
31.000000000000192	2.79925
31.100000000000193	2.79925
31.200000000000195	2.79925
31.300000000000196	3.47329
31.400000000000198	4.2754
31.500000000000199	4.94243
31.6000000000002	2.47121
31.700000000000202	2.87587
31.800000000000203	3.53381
31.900000000000205	5.18483
32.000000000000206	5.9175
32.100000000000207	6.71904
32.200000000000209	7.15606
32.30000000000021	3.57803
32.400000000000212	2.57803
32.500000000000213	2.57803
32.600000000000215	3.85751
32.700000000000216	4.58903
32.800000000000217	2.29452
32.900000000000219	2.29452
33.00000000000022	1
33.100000000000222	2
33.200000000000223	2.5
33.300000000000225	3.55301
33.400000000000226	3.83446
33.500000000000227	1.91723
33.600000000000229	2.91723
33.70000000000023	3.56677
33.800000000000232	4.35055
33.900000000000233	6.10515
34.000000000000234	6.88436
34.100000000000236	3.44218
34.200000000000237	3.44218
34.300000000000239	4.0006
34.40000000000024	4.92112
34.500000000000242	5.31947
34.600000000000243	2.65974
34.700000000000244	2.65974
34.800000000000246	1
34.900000000000247	2
35.000000000000249	3.55301
35.10000000000025	3.55301
35.200000000000252	1
35.300000000000253	2
35.400000000000254	2.9
35.500000000000256	3.55301
35.600000000000257	4.33944
35.700000000000259	5.19763
35.80000000000026	6.09735
35.900000000000261	6.09735
36.000000000000263	1
36.100000000000264	3
36.200000000000266	3.63333
36.300000000000267	4.63158
36.400000000000269	5.44207
36.50000000000027	5.97588
36.600000000000271	2.98794
36.700000000000273	2.98794
36.800000000000274	3.62359
36.900000000000276	4.39661
37.000000000000277	6.13761
37.100000000000279	6.76527
37.20000000000028	3.38263
37.300000000000281	3.38263
37.400000000000283	3.38263
37.500000000000284	3.38263
37.600000000000286	1
37.700000000000287	2
37.800000000000288	2.5
37.90000000000029	2.5
38.000000000000291	1
38.100000000000293	2
38.200000000000294	3.24483
38.300000000000296	4.33944
38.400000000000297	5.19763
38.500000000000298	6.09735
38.6000000000003	7.02286
38.700000000000301	3.58263
38.800000000000303	3.58263
38.900000000000304	4.1207
39.000000000000306	5.01819
39.100000000000307	5.77277
39.200000000000308	2.88638
39.30000000000031	2.88638
39.400000000000311	2.88638
39.500000000000313	1
39.600000000000314	2
39.700000000000315	2.9
39.800000000000317	3.24483
39.900000000000318	4.09525
40.00000000000032	4.99753
40.100000000000321	5.39003
40.200000000000323	5.57555
40.300000000000324	2.78778
40.400000000000325	2.78778
40.500000000000327	2.78778
40.600000000000328	3.14649
40.70000000000033	3.75296
40.800000000000331	4.26821
40.900000000000333	5.13884
41.000000000000334	2.56942
41.100000000000335	2.56942
41.200000000000337	4.13561
41.300000000000338	5.03032
41.40000000000034	5.95617
41.500000000000341	6.75301
41.600000000000342	7.59751
41.700000000000344	3.92925
41.800000000000345	4.18376
41.900000000000347	5.06958
42.000000000000348	5.98917
42.10000000000035	7.62326
42.200000000000351	8.49845
42.300000000000352	4.42335
42.400000000000354	4.42335
42.500000000000355	1
42.600000000000357	2
42.700000000000358	2.5
42.80000000000036	3.55301
42.900000000000361	4.33944
43.000000000000362	5.19763
43.100000000000364	5.19763
43.200000000000