10	1
10.1	1
10.199999999999999	1
10.299999999999999	1
10.399999999999999	1
10.499999999999998	1
10.599999999999998	1
10.699999999999998	1
10.799999999999997	1
10.899999999999997	1
10.999999999999996	1
11.099999999999996	1
11.199999999999996	1
11.299999999999995	1
11.399999999999995	1
11.499999999999995	1
11.599999999999994	1
11.699999999999994	1
11.799999999999994	1
11.899999999999993	1
11.999999999999993	1
12.099999999999993	1
12.199999999999992	1
12.299999999999992	1
12.399999999999991	1
12.499999999999991	1
12.599999999999991	1
12.69999999999999	1
12.79999999999999	1
12.89999999999999	1
12.999999999999989	1
13.099999999999989	1
13.199999999999989	1
13.299999999999988	1
13.399999999999988	1
13.499999999999988	1
13.599999999999987	1
13.699999999999987	1
13.799999999999986	1
13.899999999999986	1
13.999999999999986	1
14.099999999999985	1
14.199999999999985	1
14.299999999999985	1
14.399999999999984	1
14.499999999999984	1
14.599999999999984	1
14.699999999999983	1
14.799999999999983	1
14.899999999999983	1
14.999999999999982	1
15.099999999999982	1
15.199999999999982	1
15.299999999999981	1
15.399999999999981	1
15.49999999999998	1
15.59999999999998	1
15.69999999999998	1
15.799999999999979	1
15.899999999999979	1
15.999999999999979	1
16.09999999999998	1
16.199999999999982	1
16.299999999999983	1
16.399999999999984	1
16.499999999999986	1
16.599999999999987	1
16.699999999999989	1
16.79999999999999	1
16.899999999999991	1
16.999999999999993	1
17.099999999999994	1
17.199999999999996	1
17.299999999999997	1
17.399999999999999	1
17.5	1
17.600000000000001	1
17.700000000000003	1
17.800000000000004	1
17.900000000000006	1
18.000000000000007	1
18.100000000000009	1
18.20000000000001	1
18.300000000000011	1
18.400000000000013	1
18.500000000000014	1
18.600000000000016	1
18.700000000000017	1
18.800000000000018	1
18.90000000000002	1
19.000000000000021	1
19.100000000000023	1
19.200000000000024	1
19.300000000000026	1
19.400000000000027	1
19.500000000000028	1
19.60000000000003	1
19.700000000000031	1
19.800000000000033	1
19.900000000000034	1
20.000000000000036	1
20.100000000000037	1
20.200000000000038	1
20.30000000000004	1
20.400000000000041	1
20.500000000000043	1
20.600000000000044	1
20.700000000000045	1
20.800000000000047	1
20.900000000000048	1
21.00000000000005	1
21.100000000000051	1
21.200000000000053	1
21.300000000000054	1
21.400000000000055	1
21.500000000000057	1
21.600000000000058	1
21.70000000000006	1
21.800000000000061	1
21.900000000000063	1
22.000000000000064	1
22.100000000000065	1
22.200000000000067	1
22.300000000000068	1
22.40000000000007	1
22.500000000000071	1
22.600000000000072	1
22.700000000000074	1
22.800000000000075	1
22.900000000000077	2
23.000000000000078	32
23.10000000000008	32
23.200000000000081	32.65
23.300000000000082	16.325
23.400000000000084	17.3945
23.500000000000085	10.7329
23.600000000000087	15.0177
23.700000000000088	21.5846
23.80000000000009	28.3226
23.900000000000091	34.1812
24.000000000000092	41.0675
24.100000000000094	47.8194
24.200000000000095	25.2624
24.300000000000097	13.0213
24.400000000000098	17.0242
24.500000000000099	23.6252
24.600000000000101	14.6831
24.700000000000102	20.2463
24.800000000000104	27.0593
24.900000000000105	33.859
25.000000000000107	40.6277
25.100000000000108	10.7261
25.200000000000109	17.1324
25.300000000000111	23.8716
25.400000000000112	30.563
25.500000000000114	36.3631
25.600000000000115	43.2255
25.700000000000117	50.1058
25.800000000000118	57.0327
25.900000000000119	30.8902
26.000000000000121	15.718
26.100000000000122	15.845
26.200000000000124	22.4368
26.300000000000125	28.2426
26.400000000000126	35.0979
26.500000000000128	22.7971
26.600000000000129	29.4952
26.700000000000131	36.3067
26.800000000000132	43.1781
26.900000000000134	50.0649
27.000000000000135	56.944
27.100000000000136	62.807
27.200000000000138	69.4609
27.300000000000139	75.6367
27.400000000000141	81.3448
27.500000000000142	86.6778
27.600000000000144	91.6684
27.700000000000145	32
27.800000000000146	16.3709
27.900000000000148	17.4376
28.000000000000149	24.1743
28.100000000000151	31.0265
28.200000000000152	37.694
28.300000000000153	44.3284
28.400000000000155	22.2543
28.500000000000156	14.249
28.600000000000158	21.0101
28.700000000000159	26.7145
28.800000000000161	33.4648
28.900000000000162	40.2998
29.000000000000163	20.4211
29.100000000000165	24.4377
29.200000000000166	31.2322
29.300000000000168	38.0742
29.400000000000169	22.2259
29.500000000000171	28.0754
29.600000000000172	34.7338
29.700000000000173	41.5285
29.800000000000175	48.2987
29.900000000000176	28.014
30.000000000000178	34.7419
30.100000000000179	41.5353
30.20000000000018	48.3873
30.300000000000182	54.2904
30.400000000000183	29.5615
30.500000000000185	15.1154
30.600000000000186	15.2475
30.700000000000188	22.0194
30.800000000000189	28.69
30.90000000000019	35.4588
31.000000000000192	19.959
31.100000000000193	20.2083
31.200000000000195	15.2144
31.300000000000196	21.9966
31.400000000000198	28.6376
31.500000000000199	35.4165
31.6000000000002	21.777
31.700000000000202	28.4694
31.800000000000203	34.303
31.900000000000205	41.1689
32.000000000000206	48.0732
32.100000000000207	12.4829
32.200000000000209	15.1001
32.30000000000021	21.7803
32.400000000000212	28.4719
32.500000000000213	35.2826
32.600000000000215	41.1706
32.700000000000216	48.0747
32.800000000000217	54.9664
32.900000000000219	61.7853
33.00000000000022	15.8775
33.100000000000222	15.8775
33.200000000000223	19.7563
33.300000000000225	26.4311
33.400000000000226	32.2615
33.500000000000227	39.128
33.600000000000229	45.9473
33.70000000000023	52.757
33.800000000000232	59.6106
33.900000000000233	66.4795
34.000000000000234	16.279
34.100000000000236	16.279
34.200000000000237	3
34.300000000000239	7.14699
34.40000000000024	12.8713
34.500000000000242	19.3928
34.600000000000243	26.1607
34.700000000000244	33.0245
34.800000000000246	39.8096
34.900000000000247	46.615
35.000000000000249	25.5492
35.10000000000025	13.1795
35.200000000000252	18.1665
35.300000000000253	24.9868
35.400000000000254	31.6635
35.500000000000256	19.5263
35.600000000000257	26.2216
35.700000000000259	33.0424
35.80000000000026	39.8496
35.900000000000261	46.6492
36.000000000000263	24.9811
36.100000000000264	12.8655
36.200000000000266	14.8885
36.300000000000267	21.4484
36.400000000000269	28.2189
36.50000000000027	35.0788
36.600000000000271	41.9607
36.700000000000273	48.7119
36.800000000000274	54.5616
36.900000000000276	61.4417
37.000000000000277	15.7225
37.100000000000279	15.7225
37.20000000000028	21.4828
37.300000000000281	28.2451
37.400000000000283	35.0428
37.500000000000284	21.7292
37.600000000000286	27.4662
37.700000000000287	15.3338
37.800000000000288	17.5288
37.90000000000029	24.2401
38.000000000000291	31.0779
38.100000000000293	37.9214
38.200000000000294	23.1874
38.300000000000296	30.0319
38.400000000000297	35.8342
38.500000000000298	23.2113
38.6000000000003	30.0503
38.700000000000301	36.8677
38.800000000000303	43.6508
38.900000000000304	50.493
39.000000000000306	57.3731
39.100000000000307	31.4713
39.200000000000308	16.0192
39.30000000000031	16.0192
39.400000000000311	20.9973
39.500000000000313	15.1504
39.600000000000314	21.861
39.700000000000315	28.5336
39.800000000000317	17.3376
39.900000000000318	17.3376
40.00000000000032	9.09174
40.100000000000321	13.4556
40.200000000000323	8.8222
40.300000000000324	8.8222
40.400000000000325	14.2939
40.500000000000327	11.5313
40.600000000000328	18.1501
40.70000000000033	24.6522
40.800000000000331	30.4293
40.900000000000333	18.5235
41.000000000000334	25.2474
41.100000000000335	14.8627
41.200000000000337	17.7504
41.300000000000338	24.4007
41.40000000000034	15.5568
41.500000000000341	22.1442
41.600000000000342	28.0107
41.700000000000344	34.7393
41.800000000000345	20.2068
41.900000000000347	26.7693
42.000000000000348	33.5085
42.10000000000035	40.3362
42.200000000000351	47.214
42.300000000000352	54.123
42.400000000000354	60.0117
42.500000000000355	15.3327
42.600000000000357	15.3327
42.700000000000358	21.1995
42.80000000000036	27.8871
42.900000000000361	16.6275
43.000000000000362	23.2553
43.100000000000364	14.8261
43.200000000000365	20.4484
43.300000000000367	13.102
43.400000000000368	19.6995
43.500000000000369	26.3887
43.600000000000371	33.2053
43.70