10	1
10.1	1
10.199999999999999	1
10.299999999999999	1
10.399999999999999	1
10.499999999999998	1
10.599999999999998	1
10.699999999999998	1
10.799999999999997	1
10.899999999999997	1
10.999999999999996	1
11.099999999999996	1
11.199999999999996	1
11.299999999999995	1
11.399999999999995	1
11.499999999999995	1
11.599999999999994	1
11.699999999999994	1
11.799999999999994	1
11.899999999999993	1
11.999999999999993	1
12.099999999999993	1
12.199999999999992	1
12.299999999999992	1
12.399999999999991	1
12.499999999999991	1
12.599999999999991	1
12.69999999999999	1
12.79999999999999	1
12.89999999999999	1
12.999999999999989	1
13.099999999999989	1
13.199999999999989	1
13.299999999999988	1
13.399999999999988	1
13.499999999999988	1
13.599999999999987	1
13.699999999999987	1
13.799999999999986	1
13.899999999999986	1
13.999999999999986	1
14.099999999999985	1
14.199999999999985	1
14.299999999999985	1
14.399999999999984	1
14.499999999999984	1
14.599999999999984	1
14.699999999999983	1
14.799999999999983	1
14.899999999999983	1
14.999999999999982	1
15.099999999999982	1
15.199999999999982	1
15.299999999999981	1
15.399999999999981	1
15.49999999999998	1
15.59999999999998	1
15.69999999999998	1
15.799999999999979	1
15.899999999999979	1
15.999999999999979	1
16.09999999999998	1
16.199999999999982	1
16.299999999999983	1
16.399999999999984	1
16.499999999999986	1
16.599999999999987	1
16.699999999999989	1
16.79999999999999	1
16.899999999999991	1
16.999999999999993	1
17.099999999999994	1
17.199999999999996	1
17.299999999999997	1
17.399999999999999	1
17.5	1
17.600000000000001	1
17.700000000000003	1
17.800000000000004	1
17.900000000000006	1
18.000000000000007	1
18.100000000000009	1
18.20000000000001	1
18.300000000000011	1
18.400000000000013	1
18.500000000000014	1
18.600000000000016	1
18.700000000000017	1
18.800000000000018	1
18.90000000000002	1
19.000000000000021	1
19.100000000000023	1
19.200000000000024	1
19.300000000000026	1
19.400000000000027	1
19.500000000000028	1
19.60000000000003	1
19.700000000000031	1
19.800000000000033	1
19.900000000000034	1
20.000000000000036	1
20.100000000000037	1
20.200000000000038	1
20.30000000000004	1
20.400000000000041	1
20.500000000000043	1
20.600000000000044	1
20.700000000000045	1
20.800000000000047	1
20.900000000000048	1
21.00000000000005	1
21.100000000000051	1
21.200000000000053	1
21.300000000000054	1
21.400000000000055	1
21.500000000000057	1
21.600000000000058	1
21.70000000000006	1
21.800000000000061	1
21.900000000000063	1
22.000000000000064	1
22.100000000000065	1
22.200000000000067	1
22.300000000000068	1
22.40000000000007	1
22.500000000000071	1
22.600000000000072	1
22.700000000000074	1
22.800000000000075	1
22.900000000000077	1
23.000000000000078	1
23.10000000000008	1
23.200000000000081	1
23.300000000000082	1
23.400000000000084	1
23.500000000000085	1
23.600000000000087	1
23.700000000000088	1
23.80000000000009	1
23.900000000000091	1
24.000000000000092	1
24.100000000000094	1
24.200000000000095	1
24.300000000000097	1
24.400000000000098	1
24.500000000000099	1
24.600000000000101	1
24.700000000000102	1
24.800000000000104	1
24.900000000000105	1
25.000000000000107	1
25.100000000000108	1
25.200000000000109	1
25.300000000000111	1
25.400000000000112	1
25.500000000000114	1
25.600000000000115	1
25.700000000000117	1
25.800000000000118	1
25.900000000000119	1
26.000000000000121	1
26.100000000000122	1
26.200000000000124	1
26.300000000000125	1
26.400000000000126	1
26.500000000000128	1
26.600000000000129	16
26.700000000000131	13.5
26.800000000000132	9.20985
26.900000000000134	15.7912
27.000000000000135	10.0947
27.100000000000136	16.0739
27.200000000000138	11.7433
27.300000000000139	18.2852
27.400000000000141	14.2128
27.500000000000142	10.1133
27.600000000000144	16.6366
27.700000000000145	23.3048
27.800000000000146	12.7397
27.900000000000148	13.5041
28.000000000000149	9.15955
28.100000000000151	15.6983
28.200000000000152	12.1423
28.300000000000153	10.334
28.400000000000155	17.0086
28.500000000000156	10.6955
28.600000000000158	17.23
28.700000000000159	13.1555
28.800000000000161	10.4685
28.900000000000162	17.0904
29.000000000000163	23.7994
29.100000000000165	15.027
29.200000000000166	21.5911
29.300000000000168	28.3275
29.400000000000169	16.0688
29.500000000000171	22.7278
29.600000000000172	29.4417
29.700000000000173	17.023
29.800000000000175	13.072
29.900000000000176	19.6796
30.000000000000178	26.3739
30.100000000000179	34.1737
30.20000000000018	41.0612
30.300000000000182	23.4849
30.400000000000183	30.063
30.500000000000185	36.8781
30.600000000000186	22.6641
30.700000000000188	29.3925
30.800000000000189	36.2233
30.90000000000019	43.1081
31.000000000000192	50.0245
31.100000000000193	27.6882
31.200000000000195	14.0771
31.300000000000196	14.0771
31.400000000000198	7.9453
31.500000000000199	14.2729
31.6000000000002	21.0263
31.700000000000202	13.568
31.800000000000203	17.5027
31.900000000000205	13.3208
32.000000000000206	21.0214
32.100000000000207	27.6799
32.200000000000209	16.8402
32.30000000000021	21.1144
32.400000000000212	27.9303
32.500000000000213	18.0487
32.600000000000215	24.6996
32.700000000000216	7.51033
32.800000000000217	10.0348
32.900000000000219	16.468
33.00000000000022	10.3128
33.100000000000222	5.88403
33.200000000000223	11.9724
33.300000000000225	10.1175
33.400000000000226	16.6392
33.500000000000227	23.3067
33.600000000000229	14.1772
33.70000000000023	20.9137
33.800000000000232	27.5619
33.900000000000233	14.5579
34.000000000000234	14.5579
34.100000000000236	2
34.200000000000237	11.7269
34.300000000000239	18.2747
34.40000000000024	25.0655
34.500000000000242	16.2258
34.600000000000243	13.2013
34.700000000000244	19.917
34.800000000000246	11.9674
34.900000000000247	15.2795
35.000000000000249	22.0415
35.10000000000025	6.93102
35.200000000000252	11.1588
35.300000000000253	8.35049
35.400000000000254	13.5727
35.500000000000256	20.2143
35.600000000000257	26.9612
35.700000000000259	19.1331
35.80000000000026	25.9303
35.900000000000261	32.6284
36.000000000000263	21.0673
36.100000000000264	11.7917
36.200000000000266	8.88053
36.300000000000267	12.1317
36.400000000000269	18.7514
36.50000000000027	25.4149
36.600000000000271	15.5933
36.700000000000273	10.4815
36.800000000000274	14.4978
36.900000000000276	10.4745
37.000000000000277	17.0941
37.100000000000279	12.1553
37.20000000000028	8.52326
37.300000000000281	15.0738
37.400000000000283	21.716
37.500000000000284	6.69921
37.600000000000286	9.33886
37.700000000000287	15.9923
37.800000000000288	22.541
37.90000000000029	14.5116
38.000000000000291	21.236
38.100000000000293	15.2987
38.200000000000294	10.4206
38.300000000000296	14.103
38.400000000000297	20.7673
38.500000000000298	27.4511
38.6000000000003	34.2605
38.700000000000301	20.4945
38.800000000000303	11.3826
38.900000000000304	6.43597
39.000000000000306	12.6531
39.100000000000307	19.249
39.200000000000308	26.0543
39.30000000000031	15.5965
39.400000000000311	7.83032
39.500000000000313	11.3882
39.600000000000314	7.84238
39.700000000000315	5.91431
39.800000000000317	11.9871
39.900000000000318	11.2905
40.00000000000032	17.9984
40.100000000000321	10.5843
40.200000000000323	14.9791
40.300000000000324	8.72536
40.400000000000325	15.1223
40.500000000000327	10.524
40.600000000000328	16.3461
40.70000000000033	12.0257
40.800000000000331	18.5216
40.900000000000333	10.8306
41.000000000000334	14.2681
41.100000000000335	21.023
41.200000000000337	13.4742
41.300000000000338	10.4275
41.40000000000034	17.0654
41.500000000000341	23.7394
41.600000000000342	17.0365
41.700000000000344	10.7994
41.800000000000345	4.51878
41.900000000000347	10.1607
42.000000000000348	9.8194
42.10000000000035	16.2766
42.200000000000351	10.435
42.300000000000352	17.0699
42.400000000000354	23.7426
42.500000000000355	16.3771
42.600000000000357	13.1912
42.700000000000358	11.3801
42.80000000000036	5.69003
42.900000000000361	12.0471
43.000000000000362	18.5894
43.100000000000364	13.026
43.200000000000365	10.4054
43.300000000000367	17.0519
43.400000000000368	6.0878
43.500000000000369	12.4007
43.600000000000371	18.9791
43.700000000000372	15.0504
43.800000000000374	22.6036
43.900000000000375	29.3459
44.000000000000377	17.4036
44.100000000000378	24.1498
44.200000000000379	15.0139
44.300000000000381	21.5819
44.400000000000382