10	7.30139
10.1	2.45552
10.199999999999999	2.45552
10.299999999999999	6.09735
10.399999999999999	3.9428
10.499999999999998	13.5941
10.599999999999998	13.3664
10.699999999999998	24.8452
10.799999999999997	9.98459
10.899999999999997	20.3077
10.999999999999996	11.0961
11.099999999999996	11.0961
11.199999999999996	8.9211
11.299999999999995	5.80373
11.399999999999995	8.23826
11.499999999999995	7.73917
11.599999999999994	18.7826
11.699999999999994	6.89239
11.799999999999994	4.17994
11.899999999999993	8.15896
11.999999999999993	10.2825
12.099999999999993	5.1902
12.199999999999992	3.44799
12.299999999999992	4.32513
12.399999999999991	4.32513
12.499999999999991	2.5
12.599999999999991	1.78778
12.69999999999999	1.78778
12.79999999999999	3.83446
12.89999999999999	10.4794
12.999999999999989	11.1059
13.099999999999989	9.25938
13.199999999999989	5.39078
13.299999999999988	9.68461
13.399999999999988	2.80671
13.499999999999988	2.80671
13.599999999999987	3.33666
13.699999999999987	6.76799
13.799999999999986	5.47232
13.899999999999986	5.47232
13.999999999999986	6.42106
14.099999999999985	8.12656
14.199999999999985	18.9444
14.299999999999985	10.3688
14.399999999999984	11.0326
14.499999999999984	8.75206
14.599999999999984	6.14559
14.699999999999983	3.32056
14.799999999999983	13.5815
14.899999999999983	8.2561
14.999999999999982	8.2561
15.099999999999982	1
15.199999999999982	1
15.299999999999981	1
15.399999999999981	1
15.49999999999998	6.26135
15.59999999999998	3.87647
15.69999999999998	3.08802
15.799999999999979	6.55019
15.899999999999979	7.58857
15.999999999999979	9.08961
16.09999999999998	4.24561
16.199999999999982	4.24561
16.299999999999983	2
16.399999999999984	4.09455
16.499999999999986	4.40679
16.599999999999987	2.92346
16.699999999999989	2.92346
16.79999999999999	2.87745
16.899999999999991	2.87745
16.999999999999993	2
17.099999999999994	2
17.199999999999996	2
17.299999999999997	2
17.399999999999999	2
17.5	3.55301
17.600000000000001	3.55301
17.700000000000003	4.32497
17.800000000000004	3.28371
17.900000000000006	3.28371
18.000000000000007	5.92867
18.100000000000009	9.35705
18.20000000000001	6.43963
18.300000000000011	6.43963
18.400000000000013	5.80357
18.500000000000014	9.04228
18.600000000000016	7.23019
18.700000000000017	3.95693
18.800000000000018	6.68749
18.90000000000002	8.75474
19.000000000000021	12.016
19.100000000000023	6.73297
19.200000000000024	2.08113
19.300000000000026	4.29562
19.400000000000027	3.05099
19.500000000000028	3.05099
19.60000000000003	1
19.700000000000031	9.5725
19.800000000000033	10.7994
19.900000000000034	4.72603
20.000000000000036	3.03799
20.100000000000037	3.36715
20.200000000000038	3.36715
20.30000000000004	5.80542
20.400000000000041	2.98884
20.500000000000043	2.98884
20.600000000000044	3.36442
20.700000000000045	6.93713
20.800000000000047	7.78976
20.900000000000048	9.52824
21.00000000000005	5.45259
21.100000000000051	5.45259
21.200000000000053	5.01443
21.300000000000054	6.04219
21.400000000000055	4.9934
21.500000000000057	3.66825
21.600000000000058	3.66825
21.70000000000006	2
21.800000000000061	2.9
21.900000000000063	2.9
22.000000000000064	2.5
22.100000000000065	2.5
22.200000000000067	2.5
22.300000000000068	2.5
22.40000000000007	4.04547
22.500000000000071	9.14688
22.600000000000072	3.716
22.700000000000074	3.716
22.800000000000075	4.33944
22.900000000000077	6.34732
23.000000000000078	5.58446
23.10000000000008	4.55549
23.200000000000081	4.77501
23.300000000000082	4.77501
23.400000000000084	4.92653
23.500000000000085	11.0276
23.600000000000087	7.56856
23.700000000000088	8.01152
23.80000000000009	3.29185
23.900000000000091	2.93687
24.000000000000092	2.93687
24.100000000000094	7.96541
24.200000000000095	4.57128
24.300000000000097	4.57128
24.400000000000098	2.78778
24.500000000000099	5.13773
24.600000000000101	5.14375
24.700000000000102	3.63347
24.800000000000104	3.63347
24.900000000000105	6.5768
25.000000000000107	3.2884
25.100000000000108	3.2884
25.200000000000109	4.62136
25.300000000000111	2.65581
25.400000000000112	2.65581
25.500000000000114	3.83446
25.600000000000115	4.73343
25.700000000000117	4.73343
25.800000000000118	3.83446
25.900000000000119	3.83446
26.000000000000121	1
26.100000000000122	2.9827
26.200000000000124	2.13342
26.300000000000125	2.60215
26.400000000000126	2.60215
26.500000000000128	1
26.600000000000129	1
26.700000000000131	1
26.800000000000132	1
26.900000000000134	9.5725
27.000000000000135	3.47993
27.100000000000136	3.53701
27.200000000000138	3.81973
27.300000000000139	3.81973
27.400000000000141	5.03355
27.500000000000142	2.97944
27.600000000000144	2.97944
27.700000000000145	2.5
27.800000000000146	2.5
27.900000000000148	2.5
28.000000000000149	2.5
28.100000000000151	7.16526
28.200000000000152	3.58263
28.300000000000153	3.58263
28.400000000000155	3.48332
28.500000000000156	3.48332
28.600000000000158	1
28.700000000000159	1
28.800000000000161	1
28.900000000000162	1
29.000000000000163	2.9
29.100000000000165	7.05897
29.200000000000166	6.21285
29.300000000000168	6.21285
29.400000000000169	5.05378
29.500000000000171	2.47014
29.600000000000172	2.20813
29.700000000000173	6.12948
29.800000000000175	4.49577
29.900000000000176	2.1879
30.000000000000178	2.1879
30.100000000000179	1
30.20000000000018	1
30.300000000000182	1
30.400000000000183	1
30.500000000000185	2.5
30.600000000000186	2.35314
30.700000000000188	6.14675
30.800000000000189	3.07337
30.90000000000019	3.07337
31.000000000000192	1
31.100000000000193	1
31.200000000000195	1
31.300000000000196	1
31.400000000000198	2
31.500000000000199	2
31.6000000000002	2
31.700000000000202	2
31.800000000000203	2
31.900000000000205	2
32.000000000000206	2
32.100000000000207	2
32.200000000000209	8.57449
32.30000000000021	3.62686
32.400000000000212	2.81087
32.500000000000213	2.81087
32.600000000000215	1
32.700000000000216	1
32.800000000000217	1
32.900000000000219	1
33.00000000000022	5.75491
33.100000000000222	3.2884
33.200000000000223	3.2884
33.300000000000225	6.42106
33.400000000000226	2.3151
33.500000000000227	1.55554
33.600000000000229	1.55554
33.70000000000023	2.59882
33.800000000000232	5.33503
33.900000000000233	1.99044
34.000000000000234	2.65385
34.100000000000236	2.65385
34.200000000000237	2.9
34.300000000000239	2.9
34.40000000000024	1.45
34.500000000000242	11.1156
34.600000000000243	5.38635
34.700000000000244	5.38635
34.800000000000246	2.5
34.900000000000247	4.15613
35.000000000000249	2.61223
35.10000000000025	2.36989
35.200000000000252	2.36989
35.300000000000253	2.36989
35.400000000000254	6.42846
35.500000000000256	3.00325
35.600000000000257	3.00325
35.700000000000259	3.55301
35.80000000000026	4.33862
35.900000000000261	2.82984
36.000000000000263	2.82984
36.100000000000264	1
36.200000000000266	4.9687
36.300000000000267	4.40106
36.400000000000269	2.82005
36.50000000000027	2.82005
36.600000000000271	1
36.700000000000273	4.44835
36.800000000000274	7.60082
36.900000000000276	5.21886
37.000000000000277	3.54926
37.100000000000279	4.57834
37.20000000000028	5.78033
37.300000000000281	3.09592
37.400000000000283	7.11744
37.500000000000284	4.12814
37.600000000000286	6.35266
37.700000000000287	3.17633
37.800000000000288	3.17633
37.90000000000029	4.43676
38.000000000000291	5.6351
38.100000000000293	4.97434
38.200000000000294	2.94991
38.300000000000296	5.33892
38.400000000000297	4.71911
38.500000000000298	8.54875
38.6000000000003	5.71888
38.700000000000301	4.56007
38.800000000000303	4.56007
38.900000000000304	2.5
39.000000000000306	2.5
39.100000000000307	2.5
39.200000000000308	2.5
39.30000000000031	3.55301
39.400000000000311	4.33944
39.500000000000313	4.33944
39.600000000000314	1.91723
39.700000000000315	1.91723
39.800000000000317	3.55301
39.900000000000318	3.174
40.00000000000032	3.77567
40.100000000000321	3.77567
40.200000000000323	9.14257
40.300000000000324	6.04057
40.400000000000325	6.04057
40.500000000000327	6.61927
40.600000000000328	5.61226
40.70000000000033	5.61226
40.800000000000331	5.19763
40.900000000000333	9.25984
41.000000000000334	1.97174
41.100000000000335	2.97174
41.200000000000337	2.97174
41.300000000000338	2.93032
41.40000000000034	2.93032
41.500000000000341	3.55301
41.600000000000342	3.55301
41.700000000000344	1
41.800000000000345	3.45548
41.900000000000347	3.45548
42.00