10	1
10.1	1
10.199999999999999	1
10.299999999999999	1
10.399999999999999	1
10.499999999999998	1
10.599999999999998	1
10.699999999999998	1
10.799999999999997	1
10.899999999999997	1
10.999999999999996	1
11.099999999999996	1
11.199999999999996	1
11.299999999999995	1
11.399999999999995	1
11.499999999999995	1
11.599999999999994	1
11.699999999999994	1
11.799999999999994	1
11.899999999999993	1
11.999999999999993	1
12.099999999999993	1
12.199999999999992	1
12.299999999999992	1
12.399999999999991	1
12.499999999999991	1
12.599999999999991	1
12.69999999999999	1
12.79999999999999	1
12.89999999999999	1
12.999999999999989	1
13.099999999999989	1
13.199999999999989	1
13.299999999999988	1
13.399999999999988	1
13.499999999999988	1
13.599999999999987	1
13.699999999999987	1
13.799999999999986	1
13.899999999999986	1
13.999999999999986	1
14.099999999999985	1
14.199999999999985	1
14.299999999999985	1
14.399999999999984	1
14.499999999999984	1
14.599999999999984	1
14.699999999999983	1
14.799999999999983	1
14.899999999999983	1
14.999999999999982	1
15.099999999999982	1
15.199999999999982	1
15.299999999999981	1
15.399999999999981	1
15.49999999999998	1
15.59999999999998	1
15.69999999999998	1
15.799999999999979	1
15.899999999999979	1
15.999999999999979	1
16.09999999999998	1
16.199999999999982	1
16.299999999999983	1
16.399999999999984	1
16.499999999999986	1
16.599999999999987	1
16.699999999999989	1
16.79999999999999	1
16.899999999999991	1
16.999999999999993	1
17.099999999999994	1
17.199999999999996	1
17.299999999999997	1
17.399999999999999	1
17.5	1
17.600000000000001	1
17.700000000000003	1
17.800000000000004	1
17.900000000000006	1
18.000000000000007	1
18.100000000000009	1
18.20000000000001	1
18.300000000000011	1
18.400000000000013	1
18.500000000000014	1
18.600000000000016	1
18.700000000000017	1
18.800000000000018	1
18.90000000000002	1
19.000000000000021	1
19.100000000000023	1
19.200000000000024	1
19.300000000000026	1
19.400000000000027	1
19.500000000000028	1
19.60000000000003	1
19.700000000000031	1
19.800000000000033	1
19.900000000000034	1
20.000000000000036	1
20.100000000000037	1
20.200000000000038	1
20.30000000000004	1
20.400000000000041	1
20.500000000000043	1
20.600000000000044	1
20.700000000000045	1
20.800000000000047	1
20.900000000000048	1
21.00000000000005	1
21.100000000000051	1
21.200000000000053	1
21.300000000000054	1
21.400000000000055	1
21.500000000000057	1
21.600000000000058	1
21.70000000000006	1
21.800000000000061	1
21.900000000000063	1
22.000000000000064	1
22.100000000000065	1
22.200000000000067	1
22.300000000000068	1
22.40000000000007	1
22.500000000000071	1
22.600000000000072	1
22.700000000000074	1
22.800000000000075	1
22.900000000000077	1
23.000000000000078	1
23.10000000000008	1
23.200000000000081	1
23.300000000000082	1
23.400000000000084	1
23.500000000000085	1
23.600000000000087	1
23.700000000000088	1
23.80000000000009	1
23.900000000000091	1
24.000000000000092	1
24.100000000000094	1
24.200000000000095	1
24.300000000000097	1
24.400000000000098	1
24.500000000000099	1
24.600000000000101	1
24.700000000000102	1
24.800000000000104	1
24.900000000000105	1
25.000000000000107	1
25.100000000000108	1
25.200000000000109	1
25.300000000000111	1
25.400000000000112	1
25.500000000000114	1
25.600000000000115	1
25.700000000000117	1
25.800000000000118	1
25.900000000000119	1
26.000000000000121	1
26.100000000000122	1
26.200000000000124	1
26.300000000000125	1
26.400000000000126	1
26.500000000000128	1
26.600000000000129	3
26.700000000000131	3
26.800000000000132	7.58253
26.900000000000134	5.67206
27.000000000000135	9.00079
27.100000000000136	10.0208
27.200000000000138	9.86568
27.300000000000139	9.0012
27.400000000000141	6.15072
27.500000000000142	4.92733
27.600000000000144	3.62794
27.700000000000145	3.62794
27.800000000000146	2.96434
27.900000000000148	2.96434
28.000000000000149	3.72871
28.100000000000151	3.72871
28.200000000000152	5.94283
28.300000000000153	3.37064
28.400000000000155	3.37064
28.500000000000156	10.6353
28.600000000000158	4.96913
28.700000000000159	9.84957
28.800000000000161	5.05736
28.900000000000162	8.22628
29.000000000000163	5.31837
29.100000000000165	6.32362
29.200000000000166	4.94032
29.300000000000168	9.84955
29.400000000000169	5.01047
29.500000000000171	9.6721
29.600000000000172	7.11784
29.700000000000173	5.02357
29.800000000000175	6.39413
29.900000000000176	10.11
30.000000000000178	9.50782
30.100000000000179	7.12305
30.20000000000018	5.03678
30.300000000000182	8.99458
30.400000000000183	5.32469
30.500000000000185	5.33429
30.600000000000186	6.32983
30.700000000000188	5.59677
30.800000000000189	9.86124
30.90000000000019	7.09662
31.000000000000192	7.09662
31.100000000000193	6.56083
31.200000000000195	7.14593
31.300000000000196	8.06008
31.400000000000198	6.21694
31.500000000000199	5.60847
31.6000000000002	5.60847
31.700000000000202	5.05004
31.800000000000203	5.05004
31.900000000000205	1
32.000000000000206	1
32.100000000000207	1
32.200000000000209	1
32.30000000000021	5.0521
32.400000000000212	9.03175
32.500000000000213	6.06603
32.600000000000215	6.06603
32.700000000000216	4.86047
32.800000000000217	4.3257
32.900000000000219	4.77633
33.00000000000022	4.77633
33.100000000000222	2
33.200000000000223	2
33.300000000000225	2
33.400000000000226	2
33.500000000000227	2.83928
33.600000000000229	2.83928
33.70000000000023	2.60593
33.800000000000232	2.60593
33.900000000000233	6.09735
34.000000000000234	9.05384
34.100000000000236	7.12988
34.200000000000237	6.21656
34.300000000000239	9.38106
34.40000000000024	7.60881
34.500000000000242	6.65813
34.600000000000243	6.65813
34.700000000000244	6.25818
34.800000000000246	5.67512
34.900000000000247	7.80163
35.000000000000249	6.42231
35.10000000000025	8.25305
35.200000000000252	7.14665
35.300000000000253	5.37929
35.400000000000254	5.31638
35.500000000000256	10.1277
35.600000000000257	6.21675
35.700000000000259	6.43679
35.80000000000026	10.2422
35.900000000000261	4.9124
36.000000000000263	3.01413
36.100000000000264	3.01413
36.200000000000266	4.63434
36.300000000000267	2.89412
36.400000000000269	2.89412
36.50000000000027	2.5
36.600000000000271	2.5
36.700000000000273	2.5
36.800000000000274	2.5
36.900000000000276	5.67096
37.000000000000277	4.94188
37.100000000000279	4.94091
37.20000000000028	5.86378
37.300000000000281	5.33308
37.400000000000283	9.81773
37.500000000000284	15.2536
37.600000000000286	5.91871
37.700000000000287	9.98339
37.800000000000288	9.18175
37.90000000000029	7.16424
38.000000000000291	5.86203
38.100000000000293	8.1793
38.200000000000294	8.1793
38.300000000000296	8.29104
38.400000000000297	4.23366
38.500000000000298	4.91742
38.6000000000003	3.82397
38.700000000000301	3.82397
38.800000000000303	3.96781
38.900000000000304	3.98234
39.000000000000306	3.98234
39.100000000000307	7.9672
39.200000000000308	5.30966
39.30000000000031	5.62709
39.400000000000311	8.06005
39.500000000000313	5.33775
39.600000000000314	5.02313
39.700000000000315	7.16659
39.800000000000317	10.0902
39.900000000000318	4.66328
40.00000000000032	5.58713
40.100000000000321	4.92724
40.200000000000323	6.22078
40.300000000000324	10.0998
40.400000000000325	9.26491
40.500000000000327	5.10286
40.600000000000328	3.37272
40.70000000000033	3.37272
40.800000000000331	8.48587
40.900000000000333	10.1058
41.000000000000334	4.92716
41.100000000000335	8.37745
41.200000000000337	5.86202
41.300000000000338	6.23595
41.40000000000034	6.14777
41.500000000000341	6.14777
41.600000000000342	5.71373
41.700000000000344	5.71373
41.800000000000345	2.28494
41.900000000000347	2
42.000000000000348	2
42.10000000000035	5.43424
42.200000000000351	5.68353
42.300000000000352	5.68353
42.400000000000354	6.09735
42.500000000000355	4.46747
42.600000000000357	4.46747
42.700000000000358	2.5
42.80000000000036	9.08927
42.900000000000361	5.30773
43.000000000000362	7.54369
43.100000000000364	10.3697
43.200000000000365	4.87808
43.300000000000367	7.58869
43.400000000000368	3.74217
43.500000000000369	3.74217
43.600000000000371	9.14539
43.700000000000372	4.99433
43.800000000000374	4.99433
43.900000000000375	10.0936
44.000000000000377	6.81796
44.100000000000378	9.94434
44.200000000000379	9.94434
44.300000000000381	5.12236
44.400000000000382	5.12236
44.500000000000384	2.99722
44.600000000000385	3.08978
44.