10	1
10.1	1
10.199999999999999	1
10.299999999999999	1
10.399999999999999	1
10.499999999999998	1
10.599999999999998	1
10.699999999999998	1
10.799999999999997	1
10.899999999999997	1
10.999999999999996	1
11.099999999999996	1
11.199999999999996	1
11.299999999999995	1
11.399999999999995	1
11.499999999999995	1
11.599999999999994	1
11.699999999999994	1
11.799999999999994	1
11.899999999999993	1
11.999999999999993	1
12.099999999999993	1
12.199999999999992	1
12.299999999999992	1
12.399999999999991	1
12.499999999999991	1
12.599999999999991	1
12.69999999999999	1
12.79999999999999	1
12.89999999999999	1
12.999999999999989	1
13.099999999999989	1
13.199999999999989	1
13.299999999999988	1
13.399999999999988	1
13.499999999999988	1
13.599999999999987	1
13.699999999999987	1
13.799999999999986	1
13.899999999999986	1
13.999999999999986	1
14.099999999999985	1
14.199999999999985	1
14.299999999999985	1
14.399999999999984	1
14.499999999999984	1
14.599999999999984	1
14.699999999999983	1
14.799999999999983	1
14.899999999999983	1
14.999999999999982	1
15.099999999999982	1
15.199999999999982	1
15.299999999999981	1
15.399999999999981	1
15.49999999999998	1
15.59999999999998	1
15.69999999999998	1
15.799999999999979	1
15.899999999999979	1
15.999999999999979	1
16.09999999999998	1
16.199999999999982	1
16.299999999999983	1
16.399999999999984	1
16.499999999999986	1
16.599999999999987	1
16.699999999999989	1
16.79999999999999	1
16.899999999999991	1
16.999999999999993	1
17.099999999999994	1
17.199999999999996	1
17.299999999999997	1
17.399999999999999	1
17.5	1
17.600000000000001	1
17.700000000000003	2
17.800000000000004	4
17.900000000000006	8
18.000000000000007	16
18.100000000000009	32
18.20000000000001	32
18.300000000000011	32
18.400000000000013	32
18.500000000000014	1
18.600000000000016	2
18.700000000000017	6
18.800000000000018	10
18.90000000000002	16.1248
19.000000000000021	16.4933
19.100000000000023	17.5526
19.200000000000024	19.4472
19.300000000000026	20.402
19.400000000000027	21.3609
19.500000000000028	22.3234
19.60000000000003	23.289
19.700000000000031	25.2281
19.800000000000033	26.201
19.900000000000034	27.1759
20.000000000000036	28.1525
20.100000000000037	29.1307
20.200000000000038	30.1103
20.30000000000004	32.0733
20.400000000000041	33.0564
20.500000000000043	34.0405
20.600000000000044	35.0255
20.700000000000045	36.0113
20.800000000000047	37.9587
20.900000000000048	38.9216
21.00000000000005	39.8863
21.100000000000051	40.8526
21.200000000000053	41.8206
21.300000000000054	43.7608
21.400000000000055	44.7329
21.500000000000057	45.7061
21.600000000000058	46.6805
21.70000000000006	47.656
21.800000000000061	49.6098
21.900000000000063	50.5881
22.000000000000064	51.5672
22.100000000000065	52.547
22.200000000000067	26.359
22.300000000000068	27.2182
22.40000000000007	28.1934
22.500000000000071	29.1702
22.600000000000072	30.1485
22.700000000000074	31.1282
22.800000000000075	32.6652
22.900000000000077	34.0743
23.000000000000078	35.0583
23.10000000000008	17.7137
23.200000000000081	17.7137
23.300000000000082	17.7137
23.400000000000084	2
23.500000000000085	6
23.600000000000087	8.4888
23.700000000000088	9.38942
23.80000000000009	10.308
23.900000000000091	12.1829
24.000000000000092	13.1339
24.100000000000094	14.0914
24.200000000000095	15.0544
24.300000000000097	16.0218
24.400000000000098	17.9111
24.500000000000099	18.8377
24.600000000000101	19.7714
24.700000000000102	20.7112
24.800000000000104	21.6564
24.900000000000105	23.5602
25.000000000000107	24.5178
25.100000000000108	25.4787
25.200000000000109	26.4424
25.300000000000111	27.2622
25.400000000000112	13.6311
25.500000000000114	13.6311
25.600000000000115	14.4868
25.700000000000117	15.425
25.800000000000118	16.3704
25.900000000000119	17.3219
26.000000000000121	19.2394
26.100000000000122	20.204
26.200000000000124	21.1719
26.300000000000125	22.1426
26.400000000000126	23.1157
26.500000000000128	25.0683
26.600000000000129	26.0472
26.700000000000131	26.9535
26.800000000000132	13.4767
26.900000000000134	14.3417
27.000000000000135	16.2422
27.100000000000136	17.2008
27.200000000000138	18.1637
27.300000000000139	19.1304
27.400000000000141	20.1003
27.500000000000142	22.048
27.600000000000144	23.0252
27.700000000000145	24.0042
27.800000000000146	24.9848
27.900000000000148	25.9283
28.000000000000149	27.8271
28.100000000000151	28.7816
28.200000000000152	29.7391
28.300000000000153	30.6993
28.400000000000155	31.6619
28.500000000000156	33.5937
28.600000000000158	34.5625
28.700000000000159	35.533
28.800000000000161	36.5051
28.900000000000162	37.4786
29.000000000000163	38.4535
29.100000000000165	40.407
29.200000000000166	41.3853
29.300000000000168	42.3647
29.400000000000169	43.345
29.500000000000171	22.0613
29.600000000000172	11.2107
29.700000000000173	11.3884
29.800000000000175	12.3197
29.900000000000176	13.2608
30.000000000000178	14.2098
30.100000000000179	16.1259
30.20000000000018	17.091
30.300000000000182	18.0598
30.400000000000183	19.0318
30.500000000000185	20.0065
30.600000000000186	21.9169
30.700000000000188	22.8559
30.800000000000189	23.7999
30.90000000000019	24.7482
31.000000000000192	25.7004
31.100000000000193	27.6149
31.200000000000195	28.5765
31.300000000000196	29.5407
31.400000000000198	30.5071
31.500000000000199	31.4756
31.6000000000002	32.446
31.700000000000202	34.3919
31.800000000000203	35.3671
31.900000000000205	36.3436
32.000000000000206	37.3214
32.100000000000207	38.3003
32.200000000000209	40.2611
32.30000000000021	41.243
32.400000000000212	20.682
32.500000000000213	20.682
32.600000000000215	20.9227
32.700000000000216	22.8001
32.800000000000217	23.7463
32.900000000000219	24.6966
33.00000000000022	25.6508
33.100000000000222	26.6082
33.200000000000223	28.5319
33.300000000000225	29.4975
33.400000000000226	30.4653
33.500000000000227	31.4351
33.600000000000229	32.4067
33.70000000000023	34.3548
33.800000000000232	35.331
33.900000000000233	36.3085
34.000000000000234	37.2872
34.100000000000236	38.267
34.200000000000237	40.2295
34.300000000000239	41.2121
34.40000000000024	42.1955
34.500000000000242	43.1797
34.600000000000243	44.1645
34.700000000000244	45.1501
34.800000000000246	47.1229
34.900000000000247	48.1102
35.000000000000249	49.098
35.10000000000025	50.0263
35.200000000000252	25.0131
35.300000000000253	26.4521
35.400000000000254	13.5807
35.500000000000256	13.5807
35.600000000000257	13.5807
35.700000000000259	13.8004
35.80000000000026	15.6389
35.900000000000261	16.5721
36.000000000000263	17.5126
36.100000000000264	18.4592
36.200000000000266	19.4112
36.300000000000267	21.3281
36.400000000000269	22.292
36.50000000000027	23.2588
36.600000000000271	24.2284
36.700000000000273	25.2003
36.800000000000274	27.1501
36.900000000000276	28.1276
37.000000000000277	29.1067
37.100000000000279	30.0871
37.20000000000028	31.0687
37.300000000000281	33.0352
37.400000000000283	34.0199
37.500000000000284	35.0055
37.600000000000286	35.9918
37.700000000000287	36.9518
37.800000000000288	37.9139
37.90000000000029	39.8436
38.000000000000291	40.811
38.100000000000293	41.7799
38.200000000000294	42.7502
38.300000000000296	43.7219
38.400000000000297	45.6689
38.500000000000298	46.6441
38.6000000000003	47.6203
38.700000000000301	48.5974
38.800000000000303	49.5755
38.900000000000304	51.5342
39.000000000000306	52.5147
39.100000000000307	53.4959
39.200000000000308	54.4778
39.30000000000031	55.4603
39.400000000000311	57.4272
39.500000000000313	58.3772
39.600000000000314	59.3625
39.700000000000315	60.3484
39.800000000000317	61.3347
39.900000000000318	63.3086
40.00000000000032	64.2961
40.100000000000321	32
40.200000000000323	32.0312
40.300000000000324	32.5886
40.400000000000325	16.2943
40.500000000000327	16.2943
40.600000000000328	16.2943
40.70000000000033	2
40.800000000000331	6
40.900000000000333	8.4888
41.000000000000334	4.64503
41.100000000000335	5.45344
41.200000000000337	6.31578
41.300000000000338	7.21272
41.40000000000034	8.13292
41.500000000000341	10.0177
41.600000000000342	10.9748
41.700000000000344	11.8542
41.800000000000345	12.7513
41.900000000000347	13.6626
42.000000000000348	15.5175
42.10000000000035	16.4576
42.200000000000351	17.4043
42.300000000000352	18.3565
42.400000000000354	19.3135
42.500000000000355	21.2393
42.600000000000357	22.207
42.700000000000358	23.1775
