10	1
10.1	1
10.199999999999999	1
10.299999999999999	1
10.399999999999999	1
10.499999999999998	1
10.599999999999998	1
10.699999999999998	1
10.799999999999997	1
10.899999999999997	1
10.999999999999996	1
11.099999999999996	1
11.199999999999996	1
11.299999999999995	1
11.399999999999995	1
11.499999999999995	1
11.599999999999994	1
11.699999999999994	1
11.799999999999994	1
11.899999999999993	1
11.999999999999993	1
12.099999999999993	1
12.199999999999992	1
12.299999999999992	1
12.399999999999991	1
12.499999999999991	1
12.599999999999991	1
12.69999999999999	1
12.79999999999999	1
12.89999999999999	1
12.999999999999989	1
13.099999999999989	1
13.199999999999989	1
13.299999999999988	1
13.399999999999988	1
13.499999999999988	1
13.599999999999987	1
13.699999999999987	1
13.799999999999986	1
13.899999999999986	1
13.999999999999986	1
14.099999999999985	1
14.199999999999985	1
14.299999999999985	1
14.399999999999984	1
14.499999999999984	1
14.599999999999984	1
14.699999999999983	1
14.799999999999983	1
14.899999999999983	1
14.999999999999982	1
15.099999999999982	1
15.199999999999982	1
15.299999999999981	1
15.399999999999981	1
15.49999999999998	1
15.59999999999998	1
15.69999999999998	1
15.799999999999979	1
15.899999999999979	1
15.999999999999979	1
16.09999999999998	1
16.199999999999982	1
16.299999999999983	1
16.399999999999984	1
16.499999999999986	1
16.599999999999987	1
16.699999999999989	1
16.79999999999999	1
16.899999999999991	1
16.999999999999993	1
17.099999999999994	1
17.199999999999996	1
17.299999999999997	1
17.399999999999999	1
17.5	1
17.600000000000001	1
17.700000000000003	1
17.800000000000004	1
17.900000000000006	1
18.000000000000007	1
18.100000000000009	1
18.20000000000001	1
18.300000000000011	1
18.400000000000013	1
18.500000000000014	1
18.600000000000016	1
18.700000000000017	1
18.800000000000018	1
18.90000000000002	1
19.000000000000021	1
19.100000000000023	1
19.200000000000024	1
19.300000000000026	1
19.400000000000027	1
19.500000000000028	1
19.60000000000003	1
19.700000000000031	1
19.800000000000033	1
19.900000000000034	1
20.000000000000036	1
20.100000000000037	1
20.200000000000038	1
20.30000000000004	1
20.400000000000041	1
20.500000000000043	1
20.600000000000044	1
20.700000000000045	1
20.800000000000047	1
20.900000000000048	1
21.00000000000005	1
21.100000000000051	1
21.200000000000053	1
21.300000000000054	1
21.400000000000055	1
21.500000000000057	1
21.600000000000058	1
21.70000000000006	1
21.800000000000061	1
21.900000000000063	1
22.000000000000064	1
22.100000000000065	1
22.200000000000067	1
22.300000000000068	1
22.40000000000007	1
22.500000000000071	1
22.600000000000072	1
22.700000000000074	1
22.800000000000075	1
22.900000000000077	1
23.000000000000078	1
23.10000000000008	1
23.200000000000081	1
23.300000000000082	1
23.400000000000084	1
23.500000000000085	1
23.600000000000087	1
23.700000000000088	1
23.80000000000009	1
23.900000000000091	1
24.000000000000092	1
24.100000000000094	1
24.200000000000095	1
24.300000000000097	1
24.400000000000098	1
24.500000000000099	1
24.600000000000101	1
24.700000000000102	1
24.800000000000104	1
24.900000000000105	1
25.000000000000107	1
25.100000000000108	1
25.200000000000109	1
25.300000000000111	1
25.400000000000112	1
25.500000000000114	1
25.600000000000115	1
25.700000000000117	1
25.800000000000118	1
25.900000000000119	1
26.000000000000121	1
26.100000000000122	1
26.200000000000124	1
26.300000000000125	1
26.400000000000126	1
26.500000000000128	1
26.600000000000129	1
26.700000000000131	1
26.800000000000132	1
26.900000000000134	8
27.000000000000135	14.5
27.100000000000136	14.5
27.200000000000138	14.5
27.300000000000139	7.14286
27.400000000000141	9.96775
27.500000000000142	5.9484
27.600000000000144	7.18151
27.700000000000145	9.99535
27.800000000000146	13.2737
27.900000000000148	6.63686
28.000000000000149	9.18563
28.100000000000151	12.0269
28.200000000000152	14.7937
28.300000000000153	8.95888
28.400000000000155	8.95888
28.500000000000156	11.2468
28.600000000000158	13.9537
28.700000000000159	8.53699
28.800000000000161	12.2164
28.900000000000162	15.0815
29.000000000000163	17.9897
29.100000000000165	20.7791
29.200000000000166	11.2464
29.300000000000168	15.059
29.400000000000169	17.915
29.500000000000171	20.7146
29.600000000000172	23.5632
29.700000000000173	26.445
29.800000000000175	30.3228
29.900000000000176	33.2501
30.000000000000178	36.1891
30.100000000000179	39.1373
30.20000000000018	20.4069
30.300000000000182	10.5413
30.400000000000183	10.5413
30.500000000000185	5.31808
30.600000000000186	6.36112
30.700000000000188	9.10083
30.800000000000189	12.8519
30.90000000000019	15.6002
31.000000000000192	8.96529
31.100000000000193	9.29585
31.200000000000195	12.1111
31.300000000000196	15.9045
31.400000000000198	18.6846
31.500000000000199	21.5234
31.6000000000002	24.4004
31.700000000000202	13.5784
31.800000000000203	16.4488
31.900000000000205	19.3061
32.000000000000206	22.2005
32.100000000000207	25.1195
32.200000000000209	28.0553
32.30000000000021	31.988
32.400000000000212	34.8614
32.500000000000213	18.4619
32.600000000000215	20.0231
32.700000000000216	11.1246
32.800000000000217	13.1882
32.900000000000219	16.0663
33.00000000000022	9.17188
33.100000000000222	12.0164
33.200000000000223	14.7852
33.300000000000225	18.5156
33.400000000000226	21.3769
33.500000000000227	24.2714
33.600000000000229	27.1885
33.70000000000023	30.1217
33.800000000000232	15.5996
33.900000000000233	18.4259
34.000000000000234	21.2993
34.100000000000236	24.203
34.200000000000237	12.746
34.300000000000239	12.746
34.40000000000024	2
34.500000000000242	7.08293
34.600000000000243	9.82331
34.700000000000244	12.5196
34.800000000000246	16.2789
34.900000000000247	19.1616
35.000000000000249	22.0751
35.10000000000025	25.0087
35.200000000000252	12.5443
35.300000000000253	12.5443
35.400000000000254	3
35.500000000000256	8.14301
35.600000000000257	10.9822
35.700000000000259	13.6685
35.80000000000026	17.4089
35.900000000000261	9.42272
36.000000000000263	10.6258
36.100000000000264	13.3843
36.200000000000266	16.2275
36.300000000000267	20.0885
36.400000000000269	10.9503
36.50000000000027	11.6607
36.600000000000271	14.4286
36.700000000000273	17.2733
36.800000000000274	9.90584
36.900000000000276	5.0034
37.000000000000277	6.10212
37.100000000000279	8.80946
37.20000000000028	11.4836
37.300000000000281	15.2367
37.400000000000283	17.9533
37.500000000000284	9.7294
37.600000000000286	12.4462
37.700000000000287	15.2681
37.800000000000288	19.1138
37.90000000000029	22.0336
38.000000000000291	24.932
38.100000000000293	27.7797
38.200000000000294	30.6563
38.300000000000296	33.7625
38.400000000000297	37.4434
38.500000000000298	19.391
38.6000000000003	19.494
38.700000000000301	9.95035
38.800000000000303	9.95035
38.900000000000304	2
39.000000000000306	6.20063
39.100000000000307	8.99015
39.200000000000308	11.6224
39.30000000000031	14.3978
39.400000000000311	18.208
39.500000000000313	21.1111
39.600000000000314	24.0377
39.700000000000315	12.3879
39.800000000000317	12.3879
39.900000000000318	7.90101
40.00000000000032	9.83087
40.100000000000321	12.5255
40.200000000000323	7.43406
40.300000000000324	8.56787
40.400000000000325	12.2379
40.500000000000327	15.0989
40.600000000000328	18.0043
40.70000000000033	9.95307
40.800000000000331	10.6363
40.900000000000333	14.3328
41.000000000000334	17.1934
41.100000000000335	20.094
41.200000000000337	23.0196
41.300000000000338	25.8848
41.40000000000034	29.7012
41.500000000000341	15.7342
41.600000000000342	9.1065
41.700000000000344	11.0963
41.800000000000345	13.9771
41.900000000000347	17.652
42.000000000000348	20.4876
42.10000000000035	11.2454
42.200000000000351	11.2454
42.300000000000352	11.8538
42.400000000000354	15.5171
42.500000000000355	18.3562
42.600000000000357	21.239
42.700000000000358	11.0129
42.80000000000036	13.7662
42.900000000000361	17.4856
43.000000000000362	20.3445
43.100000000000364	23.2386
43.200000000000365	26.1563
43.300000000000367	29.0905
43.400000000000368	15.3485
43.500000000000369	15.3485
43.600000000000371	3
43.700000000000372	8.78802
43.800000000000374	11.4672
43.900000000000375	15.0921
44.000000000000377	17.9986
44.100000000000378	21.0263
44.200000000000379	23.9214
44.300000000000381	26.7646
44.400000000000382	30.3722
44.500000000000384	15.5764
44.