10	16.0822
10.1	18.9949
10.199999999999999	22.7373
10.299999999999999	25.595
10.399999999999999	13.1066
10.499999999999998	15.2293
10.599999999999998	18.1137
10.699999999999998	9.85127
10.799999999999997	11.1882
10.899999999999997	14.05
10.999999999999996	16.8994
11.099999999999996	19.6912
11.199999999999996	10.6044
11.299999999999995	5.84478
11.399999999999995	8.39808
11.499999999999995	5.06747
11.599999999999994	7.35232
11.699999999999994	11.0665
11.799999999999994	6.72944
11.899999999999993	9.36045
11.999999999999993	12.1606
12.099999999999993	7.11166
12.199999999999992	10.7233
12.299999999999992	13.4617
12.399999999999991	16.2914
12.499999999999991	8.96528
12.599999999999991	10.703
12.69999999999999	14.1007
12.79999999999999	17.0005
12.89999999999999	9.7102
12.999999999999989	11.596
13.099999999999989	14.3764
13.199999999999989	18.1911
13.299999999999988	21.0491
13.399999999999988	23.9832
13.499999999999988	26.8199
13.599999999999987	29.6885
13.699999999999987	33.5489
13.799999999999986	36.4639
13.899999999999986	19.4915
13.999999999999986	19.7467
14.099999999999985	11.4682
14.199999999999985	11.7279
14.299999999999985	14.4829
14.399999999999984	17.0857
14.499999999999984	20.002
14.599999999999984	23.7961
14.699999999999983	13.3294
14.799999999999983	16.1823
14.899999999999983	8.45574
14.999999999999982	11.2153
15.099999999999982	15.0359
15.199999999999982	17.8956
15.299999999999981	9.72627
15.399999999999981	12.4438
15.49999999999998	15.2661
15.59999999999998	19.1122
15.69999999999998	22.0323
15.799999999999979	24.9308
15.899999999999979	27.7786
15.999999999999979	30.6554
16.09999999999998	16.2929
16.199999999999982	9.02165
16.299999999999983	4.6751
16.399999999999984	7.09082
16.499999999999986	9.82897
16.599999999999987	13.4508
16.699999999999989	16.2824
16.79999999999999	19.1645
16.899999999999991	22.0322
16.999999999999993	24.9307
17.099999999999994	13.2439
17.199999999999996	15.3476
17.299999999999997	18.2132
17.399999999999999	20.441
17.5	23.3231
17.600000000000001	12.2884
17.700000000000003	12.2884
17.800000000000004	14.6006
17.900000000000006	17.4171
18.000000000000007	20.2856
18.100000000000009	11.8708
18.20000000000001	13.75
18.300000000000011	8.15044
18.400000000000013	4.86332
18.500000000000014	7.35333
18.600000000000016	10.7915
18.700000000000017	13.516
18.800000000000018	16.3363
18.90000000000002	19.2103
19.000000000000021	22.1173
19.100000000000023	25.9487
19.200000000000024	14.6443
19.300000000000026	17.3962
19.400000000000027	20.2677
19.500000000000028	23.1714
19.60000000000003	27.0383
19.700000000000031	15.1949
19.800000000000033	17.9737
19.900000000000034	9.88874
20.000000000000036	12.4103
20.100000000000037	16.1951
20.200000000000038	19.0905
20.30000000000004	22.0134
20.400000000000041	12.3791
20.500000000000043	15.2134
20.600000000000044	19.0702
20.700000000000045	21.9958
20.800000000000047	24.8181
20.900000000000048	27.6414
21.00000000000005	14.7996
21.100000000000051	17.4124
21.200000000000053	9.37103
21.300000000000054	9.79083
21.400000000000055	12.086
21.500000000000057	7.49428
21.600000000000058	10.2214
21.70000000000006	13.0661
21.800000000000061	15.9035
21.900000000000063	18.6837
22.000000000000064	11.4877
22.100000000000065	14.2894
22.200000000000067	17.1572
22.300000000000068	20.0631
22.40000000000007	22.73
22.500000000000071	26.5105
22.600000000000072	29.4093
22.700000000000074	32.3265
22.800000000000075	35.2575
22.900000000000077	38.1729
23.000000000000078	20.0451
23.10000000000008	10.147
23.200000000000081	13.0081
23.300000000000082	15.7926
23.400000000000084	18.5895
23.500000000000085	22.3999
23.600000000000087	25.2958
23.700000000000088	13.1525
23.80000000000009	7.22985
23.900000000000091	8.51089
24.000000000000092	12.1982
24.100000000000094	15.0668
24.200000000000095	17.9774
24.300000000000097	20.7685
24.400000000000098	23.6106
24.500000000000099	13.4684
24.600000000000101	14.5422
24.700000000000102	17.3681
24.800000000000104	9.6923
24.900000000000105	12.0898
25.000000000000107	15.8883
25.100000000000108	18.5092
25.200000000000109	10.1573
25.300000000000111	12.8611
25.400000000000112	15.6077
25.500000000000114	19.386
25.600000000000115	10.8389
25.700000000000117	12.7139
25.800000000000118	15.4868
25.900000000000119	18.2758
26.000000000000121	11.3665
26.100000000000122	7.06971
26.200000000000124	4.55603
26.300000000000125	7.15656
26.400000000000126	9.97753
26.500000000000128	13.5595
26.600000000000129	16.3722
26.700000000000131	8.72057
26.800000000000132	11.4157
26.900000000000134	6.29319
27.000000000000135	8.4797
27.100000000000136	11.2333
27.200000000000138	13.4301
27.300000000000139	16.2653
27.400000000000141	19.15
27.500000000000142	22.867
27.600000000000144	25.7103
27.700000000000145	28.5854
27.800000000000146	31.4837
27.900000000000148	34.3993
28.000000000000149	17.4451
28.100000000000151	17.4451
28.200000000000152	19.4535
28.300000000000153	11.0092
28.400000000000155	13.6167
28.500000000000156	17.1944
28.600000000000158	8.88372
28.700000000000159	8.88372
28.800000000000161	10.54
28.900000000000162	13.4662
29.000000000000163	17.0756
29.100000000000165	9.42968
29.200000000000166	5.27436
29.300000000000168	3.7475
29.400000000000169	6.52772
29.500000000000171	9.21733
29.600000000000172	12.0511
29.700000000000173	14.8809
29.800000000000175	17.6525
29.900000000000176	10.5094
30.000000000000178	12.4344
30.100000000000179	7.5373
30.20000000000018	10.2528
30.300000000000182	13.0907
30.400000000000183	7.61262
30.500000000000185	4.42922
30.600000000000186	6.93353
30.700000000000188	9.50747
30.800000000000189	5.25578
30.90000000000019	7.48205
31.000000000000192	10.2125
31.100000000000193	13.0591
31.200000000000195	15.8977
31.300000000000196	18.6789
31.400000000000198	9.86219
31.500000000000199	12.5501
31.6000000000002	15.3527
31.700000000000202	18.1072
31.800000000000203	9.45933
31.900000000000205	6.12391
32.000000000000206	3.7317
32.100000000000207	6.03472
32.200000000000209	8.64761
32.30000000000021	11.092
32.400000000000212	8.07077
32.500000000000213	10.8367
32.600000000000215	13.5521
32.700000000000216	16.366
32.800000000000217	19.2356
32.900000000000219	10.0006
33.00000000000022	11.6691
33.100000000000222	6.64019
33.200000000000223	9.29685
33.300000000000225	5.44496
33.400000000000226	7.34512
33.500000000000227	10.113
33.600000000000229	12.9817
33.70000000000023	15.7071
33.800000000000232	18.517
33.900000000000233	22.3398
34.000000000000234	12.7238
34.100000000000236	15.4949
34.200000000000237	8.42877
34.300000000000239	9.65301
34.40000000000024	5.98743
34.500000000000242	6.15444
34.600000000000243	6.15444
34.700000000000244	2
34.800000000000246	5.05378
34.900000000000247	3.23229
35.000000000000249	4.56122
35.10000000000025	8.08615
35.200000000000252	10.8481
35.300000000000253	13.5612
35.400000000000254	7.71503
35.500000000000256	10.3837
35.600000000000257	14.1468
35.700000000000259	7.61915
35.80000000000026	7.61915
35.900000000000261	10.1162
36.000000000000263	5.79814
36.100000000000264	7.47499
36.200000000000266	9.70248
36.300000000000267	5.70748
36.400000000000269	8.05755
36.50000000000027	10.8269
36.600000000000271	7.17624
36.700000000000273	9.99158
36.800000000000274	12.6518
36.900000000000276	7.18082
37.000000000000277	9.99486
37.100000000000279	13.5722
37.20000000000028	16.2599
37.300000000000281	8.72741
37.400000000000283	11.421
37.500000000000284	6.7207
37.600000000000286	10.0785
37.700000000000287	12.7991
37.800000000000288	7.28018
37.90000000000029	10.0662
38.000000000000291	6.19548
38.100000000000293	6.19548
38.200000000000294	2
38.300000000000296	5.05378
38.400000000000297	7.61288
38.500000000000298	10.9692
38.6000000000003	6.3748
38.700000000000301	9.11034
38.800000000000303	11.9697
38.900000000000304	14.6791
39.000000000000306	18.4311
39.100000000000307	21.1623
39.200000000000308	24.0826
39.30000000000031	12.2269
39.400000000000311	12.2269
39.500000000000313	4
39.600000000000314	6.64099
39.700000000000315	9.51131
39.800000000000317	5.72204
39.900000000000318	8.31381
40.00000000000032	11.8945
40.100000000000321	6.23552
40.200000000000323	6.85401
40.300000000000324	9.44993
40.400000000000325	12.2295
40.500000000000327	7.34411
40.600000000000328	7.34411
40.70000000000033	9.06355
40.800000000000331	11.8498
40.900000000000333	14.5817
41.000000000000334	18.3536
41.100000000000335	21.2368
41.200000000000337	23.6878
41.300000000000338	26.5184
41.40000000000034	15.031
41.500000000000341	8.71954
41.600000000000342	11.4149
41.700000000000344	14.231
41.800000000000345	17.05
41.900000000000347	19.7193
42.000000000000348	23.3885
42.10000000000035	26.2132
42.200000000000351	13.9391
42.300000000000352	7.00543
42.400000000000354	7.00543
42.500000000000355	9.97154
42.600000000000357	6.16686
42.700000000000358	8.96705
42.80000000000036	11.6046
42.900000000000361	14.3135
43.000000000000362	9.56618
43.100000000000364	12.3193
43.200000000000365	15.1649
43.300000000000367	18.0596
43.400000000000368	10.0281
43.500000000000369	12.5214
43.600000000000371	15.3294
43.700000000000372	18.032
43.800000000000374	20.7676
43.900000000000375	12.247
44.000000000000377	16.0705
44.100000000000378	18.6121
44.200000000000379	21.367
44.300000000000381	24.18
44.400000000000382	13.4443
44.500000000000384	17.2336
44.600000000000385	9.01446
44.700000000000387	10.6503
44.800000000000388	13.4037
44.900000000000389	16.2435
45.000000000000391	20.1014
45.100000000000392	23.0261
45.200000000000394	11.6212
45.300000000000395	12.8512
45.400000000000396	15.5352
45.500000000000398	19.1717
45.600000000000399	8.58585
45.700000000000401	12.0048
45.800000000000402	14.6395
45.900000000000404	18.3995
46.000000000000405	9.93544
46.100000000000406	12.6076
46.200000000000408	15.3998
46.300000000000409	18.2571
46.400000000000411	21.8976
46.500000000000412	11.4858
46.600000000000414	14.2879
46.700000000000415	17.156
46.800000000000416	20.062
46.900000000000418	23.5509
47.000000000000419	12.9493
47.100000000000421	13.1796
47.200000000000422	15.8077
47.300000000000423	8.75064
47.400000000000425	12.3661
47.500000000000426	15.1368
47.600000000000428	18.0361
47.700000000000429	20.9153
47.800000000000431	10.8107
47.900000000000432	13.5313
48.000000000000433	16.3489
48.100000000000435	19.221
48.200000000000436	22.1266
48.300000000000438	11.7223
48.400000000000439	14.6162
48.500000000000441	17.4301
48.600000000000442	20.2475
48.700000000000443	11.7746
48.800000000000445	14.5207
48.900000000000446	18.0297
49.000000000000448	20.9097
49.100000000000449	23.7349
49.20000000000045	12.2615
49.300000000000452	6.33356
49.400000000000453	10.0288
49.500000000000455	12.7601
49.600000000000456	15.46
49.700000000000458	8.58949
49.800000000000459	11.1373
49.90000000000046	14.9779
50.000000000000462	17.7343
50.100000000000463	20.5098
50.200000000000465	23.0818
50.300000000000466	26.0171
50.400000000000468	14.7583
50.500000000000469	17.5493
50.60000000000047	9.56687
50.700000000000472	5.74505
50.800000000000473	8.32953
50.900000000000475	12.0729
51.000000000000476	14.8311
51.100000000000477	9.01035
51.200000000000479	11.7239
51.30000000000048	7.10889
51.400000000000482	4.82146
51.500000000000483	3.30021
51.600000000000485	5.23132
51.700000000000486	7.98719
51.800000000000487	10.5867
51.900000000000489	14.2962
52.00000000000049	17.1628
52.100000000000492	20.0679
52.200000000000493	22.8659
52.300000000000495	11.5419
52.400000000000496	5.94231
52.500000000000497	7.31584
52.600000000000499	10.0918
52.7000000000005	6.20591
52.800000000000502	8.1726
52.900000000000503	11.9656
53.000000000000504	14.6758
53.100000000000506	8.08512
53.200000000000507	8.08512
53.300000000000509	10.8473
53.40000000000051	14.4898
53.500000000000512	17.3244
53.600000000000513	20.2061
53.700000000000514	22.9873
53.800000000000516	12.6939
53.900000000000517	15.4704
54.000000000000519	18.3167
54.10000000000052	21.2049
54.200000000000522	11.3547
54.300000000000523	12.6109
54.400000000000524	15.4024
54.500000000000526	18.2594
54.600000000000527	10.1182
54.700000000000529	10.7908
54.80000000000053	7.57989
54.900000000000531	10.2841
55.000000000000533	13.1151
55.100000000000534	7.38453
55.200000000000536	7.38453
55.300000000000537	9.73703
55.400000000000539	12.4522
55.50000000000054	7.02213
55.600000000000541	9.67643
55.700000000000543	11.6542
55.800000000000544	15.1023
55.900000000000546	8.43395
56.000000000000547	11.199
56