10	11.4174
10.1	15.187
10.199999999999999	19.0492
10.299999999999999	22.8704
10.399999999999999	26.6685
10.499999999999998	30.5179
10.599999999999998	35.3764
10.699999999999998	18.8657
10.799999999999997	22.6296
10.899999999999997	26.4623
10.999999999999996	15.4338
11.099999999999996	19.2464
11.199999999999996	23.1216
11.299999999999995	27.0327
11.399999999999995	30.9014
11.499999999999995	34.7133
11.599999999999994	38.5891
11.699999999999994	21.1377
11.799999999999994	21.3732
11.899999999999993	25.2385
11.999999999999993	29.1397
12.099999999999993	33.0643
12.199999999999992	37.0049
12.299999999999992	40.8835
12.399999999999991	44.7611
12.499999999999991	49.6352
12.599999999999991	53.5512
12.69999999999999	57.4787
12.79999999999999	61.4156
12.89999999999999	31.3524
12.999999999999989	31.4162
13.099999999999989	15.9921
13.199999999999989	15.9921
13.299999999999988	2
13.399999999999988	9.01415
13.499999999999988	12.6331
13.599999999999987	16.3662
13.699999999999987	20.2006
13.799999999999986	24.0882
13.899999999999986	28.007
13.999999999999986	31.8515
14.099999999999985	18.2003
14.199999999999985	22.0781
14.299999999999985	25.9924
14.399999999999984	30.7535
14.499999999999984	34.6106
14.599999999999984	38.4967
14.699999999999983	42.404
14.799999999999983	46.3269
14.899999999999983	50.262
14.999999999999982	54.1696
15.099999999999982	27.8139
15.199999999999982	13.9069
15.299999999999981	13.9069
15.399999999999981	7.33923
15.49999999999998	9.05961
15.59999999999998	12.7444
15.69999999999998	16.4522
15.799999999999979	9.62851
15.899999999999979	13.1538
15.999999999999979	17.0082
16.09999999999998	20.7721
16.199999999999982	12.591
16.299999999999983	17.2873
16.399999999999984	9.68287
16.499999999999986	13.3447
16.599999999999987	17.1561
16.699999999999989	21.0365
16.79999999999999	24.8738
16.899999999999991	28.6853
16.999999999999993	32.5419
17.099999999999994	17.0222
17.199999999999996	18.216
17.299999999999997	22.0911
17.399999999999999	26.0034
17.5	13.9844
17.600000000000001	16.5448
17.700000000000003	20.3455
17.800000000000004	24.2098
17.900000000000006	28.076
18.000000000000007	32.0061
18.100000000000009	35.8679
18.20000000000001	40.4305
18.300000000000011	44.5951
18.400000000000013	48.4851
18.500000000000014	52.3916
18.600000000000016	27.2806
18.700000000000017	27.4634
18.800000000000018	14.0558
18.90000000000002	14.0558
19.000000000000021	4
19.100000000000023	9.66047
19.200000000000024	13.3285
19.300000000000026	17.1435
19.400000000000027	21.0263
19.500000000000028	24.8651
19.60000000000003	28.6778
19.700000000000031	32.5352
19.800000000000033	17.865
19.900000000000034	20.0817
20.000000000000036	23.905
20.100000000000037	13.6747
20.200000000000038	18.3109
20.30000000000004	22.0335
20.400000000000041	13.7693
20.500000000000043	17.4881
20.600000000000044	10.5121
20.700000000000045	13.3696
20.800000000000047	17.1755
20.900000000000048	21.0523
21.00000000000005	24.9273
21.100000000000051	28.7317
21.200000000000053	32.5521
21.300000000000054	16.9682
21.400000000000055	20.0521
21.500000000000057	11.877
21.600000000000058	14.6723
21.70000000000006	18.4256
21.800000000000061	22.2642
21.900000000000063	12.0392
22.000000000000064	12.0392
22.100000000000065	1
22.200000000000067	6.93882
22.300000000000068	11.342
22.40000000000007	15.1305
22.500000000000071	19.0042
22.600000000000072	22.4795
22.700000000000074	11.2397
22.800000000000075	13.0569
22.900000000000077	16.8147
23.000000000000078	20.5654
23.10000000000008	12.053
23.200000000000081	14.1221
23.300000000000082	17.991
23.400000000000084	9.35033
23.500000000000085	11.9866
23.600000000000087	7.0683
23.700000000000088	10.1154
23.80000000000009	13.8795
23.900000000000091	7.18809
24.000000000000092	10.0001
24.100000000000094	13.6497
24.200000000000095	8.16302
24.300000000000097	12.7705
24.400000000000098	16.4724
24.500000000000099	20.2867
24.600000000000101	24.1189
24.700000000000102	28.0334
24.800000000000104	14.8318
24.900000000000105	17.0329
25.000000000000107	9.30335
25.100000000000108	12.3628
25.200000000000109	16.1588
25.300000000000111	9.31731
25.400000000000112	9.31731
25.500000000000114	5.54735
25.600000000000115	9.12558
25.700000000000117	12.7912
25.800000000000118	16.4885
25.900000000000119	20.2997
26.000000000000121	10.3935
26.100000000000122	11.8388
26.200000000000124	16.0768
26.300000000000125	20.2656
26.400000000000126	24.1427
26.500000000000128	28.0182
26.600000000000129	31.8614
26.700000000000131	35.7108
26.800000000000132	19.6046
26.900000000000134	19.6046
27.000000000000135	11.6944
27.100000000000136	7.05999
27.200000000000138	10.4036
27.300000000000139	7.57891
27.400000000000141	5.14468
27.500000000000142	8.65995
27.600000000000144	12.3023
27.700000000000145	16.1127
27.800000000000146	8.82765
27.900000000000148	12.0099
28.000000000000149	15.7005
28.100000000000151	19.4607
28.200000000000152	11.6073
28.300000000000153	7.54286
28.400000000000155	11.1934
28.500000000000156	15.0195
28.600000000000158	9.02456
28.700000000000159	11.1199
28.800000000000161	14.8978
28.900000000000162	8.54523
29.000000000000163	10.6415
29.100000000000165	14.3367
29.200000000000166	18.1598
29.300000000000168	11.3196
29.400000000000169	15.1137
29.500000000000171	8.07212
29.600000000000172	4.79104
29.700000000000173	3.51222
29.800000000000175	6.55552
29.900000000000176	10.1694
30.000000000000178	13.9188
30.100000000000179	17.5489
30.20000000000018	10.1256
30.300000000000182	7.17379
30.400000000000183	10.8573
30.500000000000185	14.428
30.600000000000186	18.2318
30.700000000000188	22.1041
30.800000000000189	26.0145
30.90000000000019	13.9361
31.000000000000192	7.91109
31.100000000000193	11.1773
31.200000000000195	14.8059
31.300000000000196	9.11114
31.400000000000198	6.20295
31.500000000000199	9.84594
31.6000000000002	5.9038
31.700000000000202	9.34443
31.800000000000203	13.1018
31.900000000000205	16.909
32.000000000000206	8.86117
32.100000000000207	12.4443
32.200000000000209	7.89145
32.30000000000021	10.1255
32.400000000000212	6.29971
32.500000000000213	7.73914
32.600000000000215	11.326
32.700000000000216	15.1184
32.800000000000217	18.9946
32.900000000000219	9.75734
33.00000000000022	6.04244
33.100000000000222	9.53791
33.200000000000223	13.2401
33.300000000000225	17.075
33.400000000000226	20.9227
33.500000000000227	11.9989
33.600000000000229	13.1935
33.70000000000023	17.0389
33.800000000000232	9.54515
33.900000000000233	11.7182
34.000000000000234	15.414
34.100000000000236	19.2305
34.200000000000237	10.8158
34.300000000000239	5.45415
34.40000000000024	8.25634
34.500000000000242	11.684
34.600000000000243	6.49901
34.700000000000244	10.1334
34.800000000000246	13.8925
34.900000000000247	17.5852
35.000000000000249	21.3877
35.10000000000025	10.9711
35.200000000000252	14.1641
35.300000000000253	18.0239
35.400000000000254	21.7957
35.500000000000256	11.3919
35.600000000000257	13.9993
35.700000000000259	17.6128
35.80000000000026	9.41255
35.900000000000261	13.1504
36.000000000000263	17.0056
36.100000000000264	20.6248
36.200000000000266	12.0208
36.300000000000267	15.7088
36.400000000000269	19.4675
36.50000000000027	23.3059
36.600000000000271	12.6416
36.700000000000273	12.6416
36.800000000000274	16.0015
36.900000000000276	9.24922
37.000000000000277	10.1806
37.100000000000279	13.9987
37.20000000000028	8.58112
37.300000000000281	4.94415
37.400000000000283	8.18261
37.500000000000284	11.9724
37.600000000000286	15.6078
37.700000000000287	9.18922
37.800000000000288	12.6
37.90000000000029	16.3407
38.000000000000291	9.60705
38.100000000000293	13.1381
38.200000000000294	8.76435
38.300000000000296	12.3758
38.400000000000297	16.1688
38.500000000000298	9.69451
38.6000000000003	13.3531
38.700000000000301	7.97703
38.800000000000303	5.56705
38.900000000000304	8.33065
39.000000000000306	11.9902
39.100000000000307	8.2623
39.200000000000308	6.03239
39.30000000000031	4.4617
39.400000000000311	8.03141
39.500000000000313	11.6135
39.600000000000314	15.3347
39.700000000000315	19.1671
39.800000000000317	11.1527
39.900000000000318	11.1527
40.00000000000032	11.1527
40.100000000000321	7.30649
40.200000000000323	11.7415
40.300000000000324	7.14246
40.400000000000325	10.1671
40.500000000000327	6.78468
40.600000000000328	10.3177
40.70000000000033	6.09552
40.800000000000331	8.45493
40.900000000000333	12.1594
41.000000000000334	7.48431
41.100000000000335	4.75013
41.200000000000337	3.45144
41.300000000000338	6.97369
41.40000000000034	10.4422
41.500000000000341	5.85564
41.600000000000342	5.85564
41.700000000000344	2.5
41.800000000000345	6.09735
41.900000000000347	9.67696
42.000000000000348	13.3404
42.10000000000035	17.1528
42.200000000000351	20.8906
42.300000000000352	11.186
42.400000000000354	7.58885
42.500000000000355	11.2243
42.600000000000357	14.9087
42.700000000000358	9.99312
42.80000000000036	6.98245
42.900000000000361	10.448
43.000000000000362	14.1939
43.100000000000364	18.0474
43.200000000000365	21.8609
43.300000000000367	10.9533
43.400000000000368	11.5772
43.500000000000369	7.98687
43.600000000000371	11.4959
43.700000000000372	15.246
43.800000000000374	8.28648
43.900000000000375	5.76624
44.000000000000377	7.97354
44.100000000000378	11.4867
44.200000000000379	15.239
44.300000000000381	19.0907
44.400000000000382	11.7117
44.500000000000384	11.7117
44.600000000000385	13.2396
44.700000000000387	7.80148
44.800000000000388	9.22125
44.900000000000389	13.0145
45.000000000000391	16.7221
45.100000000000392	20.4898
45.200000000000394	24.3311
45.300000000000395	28.2162
45.400000000000396	15.2662
45.500000000000398	15.2662
45.600000000000399	8.50244
45.700000000000401	10.6073
45.800000000000402	14.2411
45.900000000000404	9.53924
46.000000000000405	5.98383
46.100000000000406	8.49471
46.200000000000408	12.187
46.300000000000409	7.25772
46.400000000000411	10.3456
46.500000000000412	14.1189
46.600000000000414	17.9885
46.700000000000415	21.7204
46.800000000000416	25.5331
46.900000000000418	13.8566
47.000000000000419	13.8566
47.100000000000421	3.55398
47.200000000000422	5.75549
47.300000000000423	9.2523
47.400000000000425	13.0365
47.500000000000426	16.7989
47.600000000000428	8.57649
47.700000000000429	5.39569
47.800000000000431	4.20034
47.900000000000432	7.76321
48.000000000000433	11.3423
48.100000000000435	15.1307
48.200000000000436	18.9516
48.300000000000438	12.0845
48.400000000000439	16.8037
48.500000000000441	20.5564
48.600000000000442	24.3873
48.700000000000443	28.2646
48.800000000000445	14.7057
48.900000000000446	18.4522
49.000000000000448	22.2862
49.100000000000449	26.1693
49.20000000000045	14.3956
49.300000000000452	7.37078
49.400000000000453	10.71
49.500000000000455	14.1769
49.600000000000456	7.76781
49.700000000000458	11.3455
49.800000000000459	14.933
49.90000000000046	10.2011
50.000000000000462	13.8698
50.100000000000463	9.40211
50.200000000000465	6.96414
50.300000000000466	10.4358
50.400000000000468	7.02148
50.500000000000469	10.474
50.60000000000047	6.20229
50.700000000000472	9.32091
50.800000000000473	12.9309
50.900000000000475	6.46545
51.000000000000476	6.46545
51.100000000000477	4.16441
51.200000000000479	7.61288
51.30000000000048	5.36141
51.400000000000482	8.90267
51.500000000000483	12.4738
51.600000000000485	7.58772
51.700000000000486	11.2235
51.800000000000487	14.9752
51.900000000000489	10.0178
52.00000000000049	13.6627
52.100000000000492	17.4043
52.200000000000493	10.1374
52.300000000000495	10.1374
52.400000000000496	13.4555
52.500000000000497	7.43557
52.600000000000499	8.20898
52.7000000000005	11.9903
52.800000000000502	15.6216
52.900000000000503	19.3455
53.000000000000504	23.1609
53.100000000000506	12.872
53.200000000000507	16.5511
53.300000000000509	9.64963
53.40000000000051	5.27268
53.500000000000512	7.07811
53.600000000000513	5.69817
53.700000000000514	9.2171
53.800000000000516	13.0116
53.900000000000517	16.7198
54.000000000000519	9.72195
54.10000000000052	13.373
54.200000000000522	8.10982
54.300000000000523	11.7534
54.400000000000524	15.3757
54.500000000000526	9.73629
54.600000000000527	14.3242
54.700000000000529	18.0947
54.80000000000053	10.6745
54.900000000000531	6.29216
55.000000000000533	10.0029
55.100000000000534	13.6518
55.200000000000536	17.3958
55.300000000000537	9.85824
55.400000000000539	9.85824
55.50000000000054	13.2469
55.600000000000541	7.37545
55.700000000000543	10.4281
55.800000000000544	14.1794
55.900000000000546	8.35492
56.000000000000547	11.