10	1
10.1	1
10.199999999999999	1
10.299999999999999	1
10.399999999999999	1
10.499999999999998	1
10.599999999999998	1
10.699999999999998	1
10.799999999999997	1
10.899999999999997	1
10.999999999999996	1
11.099999999999996	1
11.199999999999996	1
11.299999999999995	1
11.399999999999995	1
11.499999999999995	1
11.599999999999994	1
11.699999999999994	1
11.799999999999994	1
11.899999999999993	1
11.999999999999993	1
12.099999999999993	1
12.199999999999992	1
12.299999999999992	1
12.399999999999991	1
12.499999999999991	1
12.599999999999991	1
12.69999999999999	1
12.79999999999999	1
12.89999999999999	1
12.999999999999989	1
13.099999999999989	1
13.199999999999989	1
13.299999999999988	1
13.399999999999988	1
13.499999999999988	1
13.599999999999987	1
13.699999999999987	1
13.799999999999986	1
13.899999999999986	1
13.999999999999986	1
14.099999999999985	1
14.199999999999985	1
14.299999999999985	1
14.399999999999984	1
14.499999999999984	1
14.599999999999984	1
14.699999999999983	1
14.799999999999983	1
14.899999999999983	1
14.999999999999982	1
15.099999999999982	1
15.199999999999982	1
15.299999999999981	1
15.399999999999981	1
15.49999999999998	1
15.59999999999998	1
15.69999999999998	1
15.799999999999979	1
15.899999999999979	1
15.999999999999979	1
16.09999999999998	1
16.199999999999982	1
16.299999999999983	1
16.399999999999984	1
16.499999999999986	1
16.599999999999987	1
16.699999999999989	1
16.79999999999999	1
16.899999999999991	1
16.999999999999993	1
17.099999999999994	1
17.199999999999996	1
17.299999999999997	1
17.399999999999999	1
17.5	1
17.600000000000001	1
17.700000000000003	1
17.800000000000004	1
17.900000000000006	1
18.000000000000007	1
18.100000000000009	1
18.20000000000001	1
18.300000000000011	1
18.400000000000013	1
18.500000000000014	1
18.600000000000016	1
18.700000000000017	1
18.800000000000018	1
18.90000000000002	1
19.000000000000021	1
19.100000000000023	1
19.200000000000024	1
19.300000000000026	1
19.400000000000027	1
19.500000000000028	1
19.60000000000003	1
19.700000000000031	1
19.800000000000033	1
19.900000000000034	1
20.000000000000036	1
20.100000000000037	1
20.200000000000038	1
20.30000000000004	1
20.400000000000041	1
20.500000000000043	1
20.600000000000044	1
20.700000000000045	1
20.800000000000047	1
20.900000000000048	1
21.00000000000005	1
21.100000000000051	1
21.200000000000053	1
21.300000000000054	1
21.400000000000055	1
21.500000000000057	1
21.600000000000058	1
21.70000000000006	1
21.800000000000061	1
21.900000000000063	1
22.000000000000064	1
22.100000000000065	1
22.200000000000067	1
22.300000000000068	1
22.40000000000007	1
22.500000000000071	1
22.600000000000072	1
22.700000000000074	1
22.800000000000075	1
22.900000000000077	1
23.000000000000078	1
23.10000000000008	1
23.200000000000081	1
23.300000000000082	1
23.400000000000084	1
23.500000000000085	1
23.600000000000087	1
23.700000000000088	1
23.80000000000009	1
23.900000000000091	1
24.000000000000092	1
24.100000000000094	1
24.200000000000095	1
24.300000000000097	1
24.400000000000098	1
24.500000000000099	1
24.600000000000101	1
24.700000000000102	1
24.800000000000104	1
24.900000000000105	1
25.000000000000107	1
25.100000000000108	1
25.200000000000109	1
25.300000000000111	2
25.400000000000112	4
25.500000000000114	16
25.600000000000115	26
25.700000000000117	13
25.800000000000118	13
25.900000000000119	13
26.000000000000121	2
26.100000000000122	3
26.200000000000124	6.64099
26.300000000000125	7.49836
26.400000000000126	8.3868
26.500000000000128	9.29742
26.600000000000129	11.0733
26.700000000000131	5.53665
26.800000000000132	6.06189
26.900000000000134	7.41282
27.000000000000135	8.66645
27.100000000000136	9.55014
27.200000000000138	10.4545
27.300000000000139	5.64523
27.400000000000141	6.48141
27.500000000000142	7.35777
27.600000000000144	8.26158
27.700000000000145	9.71684
27.800000000000146	4.85842
27.900000000000148	4.85842
28.000000000000149	4.85842
28.100000000000151	3.24483
28.200000000000152	4.33944
28.300000000000153	5.19763
28.400000000000155	6.5768
28.500000000000156	7.02286
28.600000000000158	3.51143
28.700000000000159	3.51143
28.800000000000161	4.30596
28.900000000000162	6.0739
29.000000000000163	7.00259
29.100000000000165	7.94758
29.200000000000166	8.79008
29.300000000000168	10.557
29.400000000000169	11.4688
29.500000000000171	5.94915
29.600000000000172	6.28072
29.700000000000173	7.18213
29.800000000000175	8.10587
29.900000000000176	9.04519
30.000000000000178	4.79254
30.100000000000179	4.79254
30.20000000000018	4.79254
30.300000000000182	3.24483
30.400000000000183	4.09525
30.500000000000185	5.19763
30.600000000000186	6.09735
30.700000000000188	7.44171
30.800000000000189	3.78805
30.90000000000019	3.78805
31.000000000000192	4.53145
31.100000000000193	5.35771
31.200000000000195	6.06891
31.300000000000196	3.03446
31.400000000000198	3.9344
31.500000000000199	3.9344
31.6000000000002	1.9672
31.700000000000202	3.60686
31.800000000000203	4.38302
31.900000000000205	5.23377
32.000000000000206	6.12802
32.100000000000207	7.98878
32.200000000000209	8.82729
32.30000000000021	9.69616
32.400000000000212	5.38799
32.500000000000213	5.38799
32.600000000000215	5.38799
32.700000000000216	5.92683
32.800000000000217	7.57465
32.900000000000219	8.45495
33.00000000000022	8.91852
33.100000000000222	4.45926
33.200000000000223	4.45926
33.300000000000225	5.10123
33.400000000000226	6.01583
33.500000000000227	3.40276
33.600000000000229	3.40276
33.70000000000023	3.40276
33.800000000000232	4.68064
33.900000000000233	4.68064
34.000000000000234	2.34032
34.100000000000236	2.34032
34.200000000000237	4.006
34.300000000000239	4.92546
34.40000000000024	5.69277
34.500000000000242	6.9723
34.600000000000243	7.79264
34.700000000000244	8.65046
34.800000000000246	9.53564
34.900000000000247	11.3624
35.000000000000249	12.2957
35.10000000000025	6.2289
35.200000000000252	6.2289
35.300000000000253	6.2289
35.400000000000254	2
35.500000000000256	2
35.600000000000257	2
35.700000000000259	2
35.80000000000026	1
35.900000000000261	2
36.000000000000263	3.55301
36.100000000000264	4.33944
36.200000000000266	5.19763
36.300000000000267	7.02286
36.400000000000269	7.96541
36.50000000000027	8.80618
36.600000000000271	4.45987
36.700000000000273	5.48653
36.800000000000274	6.34424
36.900000000000276	7.23758
37.000000000000277	4.0152
37.100000000000279	4.0152
37.20000000000028	4.0152
37.300000000000281	4.26426
37.400000000000283	4.26426
37.500000000000284	1
37.600000000000286	2.9
37.700000000000287	3.55301
37.800000000000288	4.33944
37.90000000000029	6.09735
38.000000000000291	7.02286
38.100000000000293	7.96541
38.200000000000294	8.80618
38.300000000000296	10.4749
38.400000000000297	5.23744
38.500000000000298	5.23744
38.6000000000003	6.60808
38.700000000000301	7.46931
38.800000000000303	8.36087
38.900000000000304	9.27408
39.000000000000306	11.1442
39.100000000000307	12.0944
39.200000000000308	13.0519
39.30000000000031	6.60234
39.400000000000311	6.90186
39.500000000000313	7.18866
39.600000000000314	3.59433
39.700000000000315	3.59433
39.800000000000317	3.59433
39.900000000000318	2
40.00000000000032	3.55301
40.100000000000321	4.33944
40.200000000000323	5.75491
40.300000000000324	2.87745
40.400000000000325	2.87745
40.500000000000327	3.53506
40.600000000000328	5.18566
40.70000000000033	6.0872
40.800000000000331	7.01409
40.900000000000333	8.79921
41.000000000000334	4.56793
41.100000000000335	4.56793
41.200000000000337	4.99575
41.300000000000338	6.57546
41.40000000000034	7.16403
41.500000000000341	3.58201
41.600000000000342	5.01776
41.700000000000344	5.94563
41.800000000000345	6.74375
41.900000000000347	7.31852
42.000000000000348	3.65926
42.10000000000035	3.65926
42.200000000000351	4.42567
42.300000000000352	6.15819
42.400000000000354	3.16029
42.500000000000355	3.16029
42.600000000000357	3.16029
42.700000000000358	4.94478
42.80000000000036	5.7094
42.900000000000361	6.53716
43.000000000000362	8.30519
43.100000000000364	9.22398
43.200000000000365	9.43954
43.300000000000367	4.71977
43.400000000000368	4.71977
43.500000000000369	4.71977
43.600000000000371	2
43.700000000000372	3.83446
43.800000000000374	4.56988
43.900000000000375	5.75491
44.000000000000377	6.5768
44.100000000000378	6.5768
44.200000000000379	3.2884
44.300000000000381	3.2884
44.400000000000382	3.2884
44.5000