10	1
10.1	1
10.199999999999999	1
10.299999999999999	1
10.399999999999999	1
10.499999999999998	1
10.599999999999998	1
10.699999999999998	1
10.799999999999997	1
10.899999999999997	1
10.999999999999996	1
11.099999999999996	1
11.199999999999996	1
11.299999999999995	1
11.399999999999995	1
11.499999999999995	29.5
11.599999999999994	29.5
11.699999999999994	16.6187
11.799999999999994	25.1116
11.899999999999993	17.7007
11.999999999999993	27.1982
12.099999999999993	17.044
12.199999999999992	26.5507
12.299999999999992	15.8676
12.399999999999991	21.7277
12.499999999999991	17.0721
12.599999999999991	12.1636
12.69999999999999	16.5002
12.79999999999999	16.1155
12.89999999999999	6.51584
12.999999999999989	15.4702
13.099999999999989	12.3294
13.199999999999989	12.9898
13.299999999999988	22.0287
13.399999999999988	14.7799
13.499999999999988	24.1855
13.599999999999987	15.8209
13.699999999999987	22.4645
13.799999999999986	17.2648
13.899999999999986	25.7774
13.999999999999986	17.2972
14.099999999999985	18.3644
14.199999999999985	13.1763
14.299999999999985	22.5866
14.399999999999984	14.7684
14.499999999999984	10.5719
14.599999999999984	9.75573
14.699999999999983	18.1051
14.799999999999983	27.6445
14.899999999999983	12.7394
14.999999999999982	21.185
15.099999999999982	14.9009
15.199999999999982	11.6026
15.299999999999981	18.6305
15.399999999999981	15.5311
15.49999999999998	7.89354
15.59999999999998	7.89354
15.69999999999998	7.343
15.799999999999979	7.1867
15.899999999999979	9.42678
15.999999999999979	7.25632
16.09999999999998	9.53462
16.199999999999982	9.23929
16.299999999999983	8.63582
16.399999999999984	18.0365
16.499999999999986	14.1337
16.599999999999987	7.32587
16.699999999999989	5.19665
16.79999999999999	7.96604
16.899999999999991	5.07245
16.999999999999993	8.05435
17.099999999999994	8.05435
17.199999999999996	1
17.299999999999997	3.69545
17.399999999999999	3.82091
17.5	5.71397
17.600000000000001	8.33018
17.700000000000003	6.36037
17.800000000000004	6.36037
17.900000000000006	5.05378
18.000000000000007	13.0575
18.100000000000009	22.2943
18.20000000000001	8.02792
18.300000000000011	17.2399
18.400000000000013	13.3091
18.500000000000014	13.9647
18.600000000000016	11.3963
18.700000000000017	8.08186
18.800000000000018	17.3229
18.90000000000002	12.2518
19.000000000000021	6.16672
19.100000000000023	6.16672
19.200000000000024	7.0626
19.300000000000026	16.0844
19.400000000000027	12.7245
19.500000000000028	10.8708
19.60000000000003	20.0696
19.700000000000031	13.6848
19.800000000000033	12.1949
19.900000000000034	20.7665
20.000000000000036	10.3715
20.100000000000037	12.7394
20.200000000000038	5.92005
20.30000000000004	13.7803
20.400000000000041	9.33008
20.500000000000043	7.2369
20.600000000000044	5.58592
20.700000000000045	5.58592
20.800000000000047	2
20.900000000000048	8.80618
21.00000000000005	18.1183
21.100000000000051	6.86248
21.200000000000053	6.1171
21.300000000000054	6.56101
21.400000000000055	6.21278
21.500000000000057	3.19653
21.600000000000058	11.0218
21.70000000000006	7.96631
21.800000000000061	16.5589
21.900000000000063	13.7627
22.000000000000064	12.0973
22.100000000000065	7.72318
22.200000000000067	7.72318
22.300000000000068	2
22.40000000000007	2
22.500000000000071	2
22.600000000000072	2
22.700000000000074	3.55301
22.800000000000075	11.4811
22.900000000000077	13.1428
23.000000000000078	9.50474
23.10000000000008	19.0009
23.200000000000081	13.6166
23.300000000000082	22.0884
23.400000000000084	7.98151
23.500000000000085	9.83847
23.600000000000087	5.11949
23.700000000000088	7.74476
23.80000000000009	6.04597
23.900000000000091	4.14705
24.000000000000092	12.1774
24.100000000000094	11.2912
24.200000000000095	9.6958
24.300000000000097	16.869
24.400000000000098	11.8241
24.500000000000099	20.4538
24.600000000000101	8.26675
24.700000000000102	17.4094
24.800000000000104	13.1211
24.900000000000105	22.5545
25.000000000000107	9.16961
25.100000000000108	10.0282
25.200000000000109	3.75689
25.300000000000111	3.75689
25.400000000000112	4.33944
25.500000000000114	5.19763
25.600000000000115	5.19763
25.700000000000117	7.96541
25.800000000000118	6.20268
25.900000000000119	6.20268
26.000000000000121	3.33333
26.100000000000122	3.30964
26.200000000000124	3.30964
26.300000000000125	6.09735
26.400000000000126	14.2841
26.500000000000128	7.34393
26.600000000000129	13.6586
26.700000000000131	10.6654
26.800000000000132	8.37097
26.900000000000134	9.42084
27.000000000000135	18.9064
27.100000000000136	11.913
27.200000000000138	8.96592
27.300000000000139	8.59459
27.400000000000141	10.8561
27.500000000000142	5.57184
27.600000000000144	7.98716
27.700000000000145	8.12533
27.800000000000146	7.03381
27.900000000000148	6.12439
28.000000000000149	12.4185
28.100000000000151	9.80661
28.200000000000152	17.457
28.300000000000153	9.57273
28.400000000000155	17.6707
28.500000000000156	6.77253
28.600000000000158	6.77253
28.700000000000159	4.16441
28.800000000000161	6.80819
28.900000000000162	7.07292
29.000000000000163	11.1207
29.100000000000165	4.20769
29.200000000000166	12.2796
29.300000000000168	9.31871
29.400000000000169	4.19139
29.500000000000171	5.07755
29.600000000000172	6.01541
29.700000000000173	7.1034
29.800000000000175	7.7641
29.900000000000176	8.29922
30.000000000000178	10.2214
30.100000000000179	6.10966
30.20000000000018	3.95762
30.300000000000182	3.4109
30.400000000000183	3.4109
30.500000000000185	4.33944
30.600000000000186	5.69666
30.700000000000188	6.40155
30.800000000000189	8.26426
30.90000000000019	9.54853
31.000000000000192	8.72211
31.100000000000193	8.28802
31.200000000000195	16.0423
31.300000000000196	11.8612
31.400000000000198	10.0151
31.500000000000199	4.28572
31.6000000000002	5.55274
31.700000000000202	5.56216
31.800000000000203	6.70493
31.900000000000205	6.35436
32.000000000000206	3.28863
32.100000000000207	3.87627
32.200000000000209	4.13425
32.30000000000021	4.13425
32.400000000000212	1
32.500000000000213	1
32.600000000000215	1
32.700000000000216	1
32.800000000000217	2.9
32.900000000000219	2.9
33.00000000000022	6.09735
33.100000000000222	6.44071
33.200000000000223	15.3739
33.300000000000225	11.41
33.400000000000226	11.41
33.500000000000227	11.41
33.600000000000229	10.2825
33.70000000000023	6.15635
33.800000000000232	3.19856
33.900000000000233	4.33736
34.000000000000234	3.72026
34.100000000000236	10.7198
34.200000000000237	8.24346
34.300000000000239	5.65711
34.40000000000024	8.15112
34.500000000000242	16.2213
34.600000000000243	7.062
34.700000000000244	7.22134
34.800000000000246	5.67014
34.900000000000247	6.99416
35.000000000000249	15.0894
35.10000000000025	7.93318
35.200000000000252	7.93318
35.300000000000253	3.50249
35.400000000000254	5.25117
35.500000000000256	6.76518
35.600000000000257	8.96864
35.700000000000259	8.5447
35.80000000000026	8.97958
35.900000000000261	5.4932
36.000000000000263	5.93617
36.100000000000264	4.17079
36.200000000000266	11.5944
36.300000000000267	11.9926
36.400000000000269	10.1138
36.50000000000027	9.15559
36.600000000000271	4.59285
36.700000000000273	4.96769
36.800000000000274	4.53619
36.900000000000276	5.90645
37.000000000000277	6.35725
37.100000000000279	2.89929
37.20000000000028	10.5702
37.300000000000281	9.56979
37.400000000000283	7.87529
37.500000000000284	15.5146
37.600000000000286	9.36603
37.700000000000287	10.5663
37.800000000000288	13.07
37.90000000000029	13.3374
38.000000000000291	10.3002
38.100000000000293	9.95802
38.200000000000294	7.5798
38.300000000000296	7.51901
38.400000000000297	7.38264
38.500000000000298	9.04606
38.6000000000003	8.06503
38.700000000000301	10.0953
38.800000000000303	19.3019
38.900000000000304	11.8233
39.000000000000306	9.87807
39.100000000000307	18.005
39.200000000000308	27.1033
39.30000000000031	19.2841
39.400000000000311	7.87212
39.500000000000313	8.84236
39.600000000000314	2.94754
39.700000000000315	2.94754
39.800000000000317	5.19763
39.900000000000318	3.46627
40.00000000000032	6.01626
40.100000000000321	4.63666
40.200000000000323	5.62126
40.300000000000324	2.15368
40.400000000000325	2.42374
40.500000000000327	4.27721
40.600000000000328	11.3703
40.70000000000033	5.40566
40.800000000000331	11.8326
40.900000000000333	3.00665
41.000000000000334	9.39176
41.100000000000335	17.6873
41.200000000000337	13.2633
41.300000000000338	10.3726
41.40000000000034	11.0524
41.500000000000341	10.2211
41.600000000000342	18.4679
41.700000000000344	8.08345
41.800000000000345	16.2494
41.900000000000347	4.36638
42.000000000000348	4.84441
42.10000000000035	5.99335
42.200000000000351	1.49378
42.300000000000352	9.35851
42.400000000000354	18.3373
42.500000000000355	9.77651
42.600000000000357	8.41898
42.700000000000358	5.34956
42.80000000000036	5.98813
42.900000000000361	14.3086
43.000000000000362	11.7488
43.100000000000364	4.59357
43.200000000000365	13.0444
43.300000000000367	11.1735
43.400000000000368	7.16061
43.500000000000369	7.16061
43.600000000000371	4.84749
43.700000000000372	6.43923
43.800000000000374	7.23442
43.900000000000375	7.24024
44.000000000000377	15.5302
44.100000000000378	4.5518
44.200000000000379	4.5518
44.300000000000381	4.33944
44.400000000000382	7.13753
44.500000000000384	3.37968
44.600000000000385	6.2219
44.700000000000387	4.97595
44.800000000000388	7.78517
44.900000000000389	16.104
45.000000000000391	13.2534
45.100000000000392	10.3716
45.200000000000394	5.27943
45.300000000000395	13.5211
45.400000000000396	5.14856
45.500000000000398	7.50909
45.600000000000399	8.12551
45.700000000000401	4.46055
45.800000000000402	3.29966
45.900000000000404	5.00507
46.000000000000405	5.20305
46.100000000000406	7.23853
46.200000000000408	9.38449
46.300000000000409	10.0607
46.400000000000411	8.8665
46.500000000000412	8.74149
46.600000000000414	5.05074
46.700000000000415	7.88654
46.800000000000416	8.16898
46.900000000000418	7.02276
47.000000000000419	15.8789
47.100000000000421	8.06466
47.200000000000422	8.06466
47.300000000000423	8.16862
47.400000000000425	10.559
47.500000000000426	6.91652
47.600000000000428	16.975
47.700000000000429	9.36497
47.800000000000431	5.82929
47.900000000000432	5.82929
48.000000000000433	4.33944
48.100000000000435	7.57572
48.200000000000436	3.97827
48.300000000000438	11.353
48.400000000000439	4.59243
48.500000000000441	12.4135
48.600000000000442	10.4321
48.700000000000443	10.3145
48.800000000000445	11.039
48.900000000000446	8.75101
49.000000000000448	8.75101
49.100000000000449	4
49.20000000000045	4.14552
49.300000000000452	2.4157
49.400000000000453	2.4157
49.500000000000455	7.96541
49.600000000000456	7.25342
49.700000000000458	6.78258
49.800000000000459	8.02359
49.90000000000046	7.60055
50.000000000000462	8.39437
50.100000000000463	6.72568
50.200000000000465	6.72568
50.300000000000466	5.05378
50.400000000000468	6.05025
50.500000000000469	12.6232
50.60000000000047	9.53714
50.700000000000472	18.3197
50.800000000000473	10.365
50.900000000000475	7.64934
51.000000000000476	10.7051
51.100000000000477	8.95985
51.200000000000479	11.3552
51.30000000000048	5.02595
51.400000000000482	6.07953
51.500000000000483	7.15176
51.600000000000485	8.42075
51.700000000000486	7.44112
51.800000000000487	4.22786
51.900000000000489	4.22786
52.00000000000049	3.04867
52.100000000000492	4.51449
52.200000000000493	5.85972
52.300000000000495	5.40727
52.400000000000496	5.40727
52.500000000000497	2
52.600000000000499	2
52.7000000000005	2
52.800000000000502	2
52.900000000000503	1
53.000000000000504	9.25194
53.100000000000506	4.64547
53.200000000000507	2.96538
53.300000000000509	11.142
53.40000000000051	4.43659
53.500000000000512	7.23207
53.600000000000513	8.60521
53.700000000000514	7.82064
53.800000000000516	8.82008
53.900000000000517	7.77068
54.000000000000519	7.3659
54.10000000000052	6.87175
54.200000000000522	11.2122
54.300000000000523	3.97623
54.400000000000524	5.40427
54.500000000000526	5.83057
54.600000000000527	4.37557
54.700000000000529	3.81876
54.80000000000053	6.1312
54.900000000000531	14.2281
55.000000000000533	3.87764
55.100000000000534	5.09946
55.200000000000536	13.3782
55.300000000000537	12.0926
55.400000000000539	3.84894
55.50000000000054	5.16664
55.600000000000541	7.60187
55.700000000000543	16.7506
55.800000000000544	12.5652
55.900000000000546	21.0809
56.000000000000547	7.95821
56.100000000000549	6.45571
56.20000000000055	6.41028
56.300000000000551	7.46188
56.400000000000553	3.91076
56.500000000000554	3.5417
56.600000000000556	4.56917
56.700000000000557	