10	1
10.1	1
10.199999999999999	1
10.299999999999999	1
10.399999999999999	1
10.499999999999998	1
10.599999999999998	1
10.699999999999998	1
10.799999999999997	1
10.899999999999997	1
10.999999999999996	1
11.099999999999996	1
11.199999999999996	1
11.299999999999995	1
11.399999999999995	1
11.499999999999995	1
11.599999999999994	1
11.699999999999994	1
11.799999999999994	1
11.899999999999993	1
11.999999999999993	1
12.099999999999993	1
12.199999999999992	1
12.299999999999992	1
12.399999999999991	1
12.499999999999991	1
12.599999999999991	1
12.69999999999999	1
12.79999999999999	1
12.89999999999999	1
12.999999999999989	1
13.099999999999989	1
13.199999999999989	1
13.299999999999988	1
13.399999999999988	1
13.499999999999988	1
13.599999999999987	1
13.699999999999987	1
13.799999999999986	1
13.899999999999986	1
13.999999999999986	1
14.099999999999985	1
14.199999999999985	1
14.299999999999985	1
14.399999999999984	1
14.499999999999984	1
14.599999999999984	1
14.699999999999983	1
14.799999999999983	1
14.899999999999983	1
14.999999999999982	1
15.099999999999982	1
15.199999999999982	1
15.299999999999981	1
15.399999999999981	1
15.49999999999998	1
15.59999999999998	1
15.69999999999998	1
15.799999999999979	1
15.899999999999979	1
15.999999999999979	1
16.09999999999998	1
16.199999999999982	1
16.299999999999983	1
16.399999999999984	1
16.499999999999986	1
16.599999999999987	1
16.699999999999989	1
16.79999999999999	1
16.899999999999991	1
16.999999999999993	1
17.099999999999994	1
17.199999999999996	1
17.299999999999997	1
17.399999999999999	1
17.5	1
17.600000000000001	1
17.700000000000003	1
17.800000000000004	1
17.900000000000006	1
18.000000000000007	1
18.100000000000009	1
18.20000000000001	1
18.300000000000011	1
18.400000000000013	1
18.500000000000014	1
18.600000000000016	1
18.700000000000017	1
18.800000000000018	1
18.90000000000002	1
19.000000000000021	1
19.100000000000023	1
19.200000000000024	1
19.300000000000026	1
19.400000000000027	1
19.500000000000028	1
19.60000000000003	1
19.700000000000031	1
19.800000000000033	1
19.900000000000034	1
20.000000000000036	1
20.100000000000037	1
20.200000000000038	1
20.30000000000004	1
20.400000000000041	1
20.500000000000043	1
20.600000000000044	1
20.700000000000045	1
20.800000000000047	1
20.900000000000048	1
21.00000000000005	1
21.100000000000051	1
21.200000000000053	1
21.300000000000054	1
21.400000000000055	1
21.500000000000057	1
21.600000000000058	1
21.70000000000006	1
21.800000000000061	1
21.900000000000063	1
22.000000000000064	1
22.100000000000065	1
22.200000000000067	1
22.300000000000068	1
22.40000000000007	2.5
22.500000000000071	3.06558
22.600000000000072	5.65958
22.700000000000074	3.49732
22.800000000000075	5.35439
22.900000000000077	2.6772
23.000000000000078	4.20003
23.10000000000008	2.43894
23.200000000000081	5.73063
23.300000000000082	2.95257
23.400000000000084	3.59509
23.500000000000085	6.59896
23.600000000000087	4.60787
23.700000000000088	2.51607
23.80000000000009	2.91352
23.900000000000091	2.91352
24.000000000000092	2.9
24.100000000000094	6.09735
24.200000000000095	3.13068
24.300000000000097	3.13068
24.400000000000098	2.5
24.500000000000099	6.09735
24.600000000000101	3.43873
24.700000000000102	3.43873
24.800000000000104	1
24.900000000000105	1
25.000000000000107	1
25.100000000000108	1
25.200000000000109	2
25.300000000000111	5.19763
25.400000000000112	3.39222
25.500000000000114	6.64807
25.600000000000115	3.32403
25.700000000000117	4.15711
25.800000000000118	3.22998
25.900000000000119	3.22998
26.000000000000121	3.22998
26.100000000000122	2
26.200000000000124	5.19763
26.300000000000125	4.13958
26.400000000000126	3.06335
26.500000000000128	3.06335
26.600000000000129	1
26.700000000000131	4.33944
26.800000000000132	7.96541
26.900000000000134	8.45624
27.000000000000135	4.22812
27.100000000000136	4.22812
27.200000000000138	2.9
27.300000000000139	4.78871
27.400000000000141	4.03562
27.500000000000142	2.76628
27.600000000000144	4.25479
27.700000000000145	7.3936
27.800000000000146	3.6968
27.900000000000148	3.6968
28.000000000000149	1
28.100000000000151	3.24483
28.200000000000152	4.16703
28.300000000000153	5.05591
28.400000000000155	5.05591
28.500000000000156	3.55301
28.600000000000158	5.19763
28.700000000000159	2.59882
28.800000000000161	2.59882
28.900000000000162	2
29.000000000000163	5.19763
29.100000000000165	3.78805
29.200000000000166	5.72472
29.300000000000168	4.31533
29.400000000000169	7.6948
29.500000000000171	3.8474
29.600000000000172	3.8474
29.700000000000173	2.5
29.800000000000175	2.16972
29.900000000000176	2.16972
30.000000000000178	2
30.100000000000179	1.62241
30.20000000000018	5.05591
30.300000000000182	3.61252
30.400000000000183	4.61553
30.500000000000185	2.30777
30.600000000000186	5.31047
30.700000000000188	4.65154
30.800000000000189	2.43326
30.90000000000019	4.05733
31.000000000000192	4.05733
31.100000000000193	1
31.200000000000195	4.33944
31.300000000000196	2.89896
31.400000000000198	2.89896
31.500000000000199	2
31.6000000000002	3.55301
31.700000000000202	3.55301
31.800000000000203	2.9
31.900000000000205	6.09735
32.000000000000206	3.85404
32.100000000000207	3.85404
32.200000000000209	2
32.30000000000021	4.99753
32.400000000000212	8.21454
32.500000000000213	4.58059
32.600000000000215	2.29029
32.700000000000216	5.49213
32.800000000000217	3.4052
32.900000000000219	3.4052
33.00000000000022	1
33.100000000000222	4.56988
33.200000000000223	5.39003
33.300000000000225	5.39003
33.400000000000226	2
33.500000000000227	2
33.600000000000229	2
33.70000000000023	2
33.800000000000232	2.9
33.900000000000233	3.83446
34.000000000000234	2.91723
34.100000000000236	5.39889
34.200000000000237	2.69944
34.300000000000239	3.96112
34.40000000000024	3.61763
34.500000000000242	7.05477
34.600000000000243	3.59826
34.700000000000244	3.59826
34.800000000000246	6.1231
34.900000000000247	4.57981
35.000000000000249	5.00658
35.10000000000025	2.50329
35.200000000000252	2.50329
35.300000000000253	3.55301
35.400000000000254	4.99753
35.500000000000256	3.24391
35.600000000000257	6.57637
35.700000000000259	4.64617
35.80000000000026	6.62936
35.900000000000261	3.31468
36.000000000000263	4.14977
36.100000000000264	4.14977
36.200000000000266	2.9
36.300000000000267	2.536
36.400000000000269	5.94283
36.50000000000027	3.85946
36.600000000000271	4.11856
36.700000000000273	4.11856
36.800000000000274	1
36.900000000000276	4.33944
37.000000000000277	7.57609
37.100000000000279	4.53145
37.20000000000028	6.39411
37.300000000000281	6.39411
37.400000000000283	2
37.500000000000284	5.05378
37.600000000000286	2.52689
37.700000000000287	5.01013
37.800000000000288	3.82193
37.90000000000029	3.56176
38.000000000000291	2.90152
38.100000000000293	3.83558
38.200000000000294	1.91779
38.300000000000296	1.91779
38.400000000000297	2.9
38.500000000000298	5.75491
38.6000000000003	3.81794
38.700000000000301	4.34522
38.800000000000303	3.21245
38.900000000000304	3.80753
39.000000000000306	3.55601
39.100000000000307	6.57837
39.200000000000308	3.58335
39.30000000000031	2.90786
39.400000000000311	4.3445
39.500000000000313	4.3445
39.600000000000314	1
39.700000000000315	1
39.800000000000317	1
39.900000000000318	1
40.00000000000032	2.9
40.100000000000321	5.57555
40.200000000000323	4.01942
40.300000000000324	7.40118
40.400000000000325	4.45327
40.500000000000327	2.64613
40.600000000000328	2.64613
40.70000000000033	2
40.800000000000331	5.19763
40.900000000000333	7.16526
41.000000000000334	3.58263
41.100000000000335	3.58263
41.200000000000337	2.5
41.300000000000338	6.09735
41.40000000000034	3.85404
41.500000000000341	6.88813
41.600000000000342	4.48724
41.700000000000344	3.06117
41.800000000000345	3.85341
41.900000000000347	3.57435
42.000000000000348	1.92706
42.10000000000035	4.35691
42.200000000000351	2.79451
42.300000000000352	4.93987
42.400000000000354	7.92982
42.500000000000355	4.67876
42.600000000000357	2.44624
42.700000000000358	4.06464
42.80000000000036	4.06464
42.900000000000361	1
43.000000000000362	3.83446
43.100000000000364	1.91723
43.200000000000365	5.20683
43.300000000000367	8.0968
43.400000000000368	4.74905
43.500000000000369	6.70101
43.600000000000371	3.3505
43.700000000000372	3.92302
43.800000000000374	1.96151
43.900000000000375	1.96151
44.000000000000377	2.9
44.100000000000378	4.56988
44.2