10	8.01256
10.1	8.9618
10.199999999999999	9.81864
10.299999999999999	9.81864
10.399999999999999	10.7001
10.499999999999998	10.7001
10.599999999999998	11.6006
10.699999999999998	12.516
10.799999999999997	12.516
10.899999999999997	13.4433
10.999999999999996	13.4433
11.099999999999996	14.3801
11.199999999999996	15.3249
11.299999999999995	15.3249
11.399999999999995	16.2761
11.499999999999995	17.2328
11.599999999999994	17.2328
11.699999999999994	8.78905
11.799999999999994	8.78905
11.899999999999993	8.90283
11.999999999999993	9.76491
12.099999999999993	9.76491
12.199999999999992	10.6509
12.299999999999992	10.6509
12.399999999999991	11.5552
12.499999999999991	12.4739
12.599999999999991	12.4739
12.69999999999999	6.51235
12.79999999999999	6.51235
12.89999999999999	6.6659
12.999999999999989	7.52038
13.099999999999989	7.52038
13.199999999999989	8.40645
13.299999999999988	9.31513
13.399999999999988	9.31513
13.499999999999988	9.73736
13.599999999999987	9.73736
13.699999999999987	4.86868
13.799999999999986	4.86868
13.899999999999986	4.86868
13.999999999999986	1
14.099999999999985	1
14.199999999999985	2
14.299999999999985	2.5
14.399999999999984	2.5
14.499999999999984	3.55301
14.599999999999984	3.55301
14.699999999999983	1
14.799999999999983	1
14.899999999999983	2
14.999999999999982	2.9
15.099999999999982	3.55301
15.199999999999982	3.55301
15.299999999999981	4.33944
15.399999999999981	4.33944
15.49999999999998	5.19763
15.59999999999998	6.09735
15.69999999999998	6.09735
15.799999999999979	7.02286
15.899999999999979	7.02286
15.999999999999979	7.70809
16.09999999999998	3.85404
16.199999999999982	3.85404
16.299999999999983	4.35661
16.399999999999984	4.35661
16.499999999999986	5.21186
16.599999999999987	6.10941
16.699999999999989	6.10941
16.79999999999999	7.03331
16.899999999999991	7.97459
16.999999999999993	7.97459
17.099999999999994	8.81448
17.199999999999996	8.81448
17.299999999999997	9.47458
17.399999999999999	4.73729
17.5	4.73729
17.600000000000001	4.73729
17.700000000000003	4.73729
17.800000000000004	5.34462
17.900000000000006	6.2225
18.000000000000007	6.2225
18.100000000000009	7.13143
18.20000000000001	7.13143
18.300000000000011	8.06108
18.400000000000013	9.00514
18.500000000000014	9.00514
18.600000000000016	9.95961
18.700000000000017	10.8295
18.800000000000018	10.8295
18.90000000000002	11.72
19.000000000000021	11.72
19.100000000000023	12.4667
19.200000000000024	6.23336
19.300000000000026	6.23336
19.400000000000027	6.99799
19.500000000000028	6.99799
19.60000000000003	7.81559
19.700000000000031	8.6711
19.800000000000033	8.6711
19.900000000000034	4.39322
20.000000000000036	4.39322
20.100000000000037	4.39322
20.200000000000038	4.39322
20.30000000000004	1
20.400000000000041	2.9
20.500000000000043	3.55301
20.600000000000044	3.83446
20.700000000000045	4.33944
20.800000000000047	4.56988
20.900000000000048	5.39003
21.00000000000005	6.09735
21.100000000000051	6.26135
21.200000000000053	7.02286
21.300000000000054	7.16526
21.400000000000055	8.09095
21.500000000000057	8.80618
21.600000000000058	9.03185
21.70000000000006	9.67696
21.800000000000061	9.98374
21.900000000000063	10.8517
22.000000000000064	5.5176
22.100000000000065	5.5176
22.200000000000067	5.69884
22.300000000000068	6.52797
22.40000000000007	6.52797
22.500000000000071	7.39872
22.600000000000072	7.39872
22.700000000000074	8.29799
22.800000000000075	9.21751
22.900000000000077	9.21751
23.000000000000078	10.1518
23.10000000000008	10.1518
23.200000000000081	10.9148
23.300000000000082	5.45739
23.400000000000084	5.45739
23.500000000000085	6.15674
23.600000000000087	6.15674
23.700000000000088	7.07432
23.80000000000009	8.01071
23.900000000000091	8.01071
24.000000000000092	8.96015
24.100000000000094	4.53588
24.200000000000095	4.53588
24.300000000000097	4.75634
24.400000000000098	4.75634
24.500000000000099	5.54795
24.600000000000101	6.39721
24.700000000000102	6.39721
24.800000000000104	7.28392
24.900000000000105	7.28392
25.000000000000107	8.196
25.100000000000108	9.12593
25.200000000000109	9.12593
25.300000000000111	10.0688
25.400000000000112	10.0688
25.500000000000114	11.0214
25.600000000000115	11.9815
25.700000000000117	11.9815
25.800000000000118	12.7915
25.900000000000119	6.39574
26.000000000000121	6.39574
26.100000000000122	6.99977
26.200000000000124	6.99977
26.300000000000125	3.57131
26.400000000000126	3.57131
26.500000000000128	3.57131
26.600000000000129	1
26.700000000000131	1
26.800000000000132	2.9
26.900000000000134	3.55301
27.000000000000135	3.83446
27.100000000000136	4.56988
27.200000000000138	4.56988
27.300000000000139	5.39003
27.400000000000141	5.39003
27.500000000000142	2.69501
27.600000000000144	2.69501
27.700000000000145	2.69501
27.800000000000146	3.39222
27.900000000000148	3.39222
28.000000000000149	4.21087
28.100000000000151	5.09176
28.200000000000152	5.09176
28.300000000000153	6.00785
28.400000000000155	6.94558
28.500000000000156	6.94558
28.600000000000158	7.76879
28.700000000000159	7.76879
28.800000000000161	8.62902
28.900000000000162	9.51622
29.000000000000163	9.51622
29.100000000000165	10.4235
29.200000000000166	10.4235
29.300000000000168	10.8947
29.400000000000169	5.44735
29.500000000000171	5.44735
29.600000000000172	5.44735
29.700000000000173	5.44735
29.800000000000175	1
29.900000000000176	2
30.000000000000178	2
30.100000000000179	2
30.20000000000018	2
30.300000000000182	1
30.400000000000183	1
30.500000000000185	2
30.600000000000186	2
30.700000000000188	2.5
30.800000000000189	3.55301
30.90000000000019	3.55301
31.000000000000192	4.33944
31.100000000000193	4.33944
31.200000000000195	5.19763
31.300000000000196	5.57555
31.400000000000198	5.57555
31.500000000000199	1
31.6000000000002	1
31.700000000000202	2
31.800000000000203	2.9
31.900000000000205	2.9
32.000000000000206	3.55301
32.100000000000207	4.33944
32.200000000000209	4.33944
32.30000000000021	5.19763
32.400000000000212	5.19763
32.500000000000213	6.09735
32.600000000000215	7.02286
32.700000000000216	7.02286
32.800000000000217	7.96541
32.900000000000219	7.96541
33.00000000000022	8.80618
33.100000000000222	9.67696
33.200000000000223	9.67696
33.300000000000225	10.5704
33.400000000000226	11.4811
33.500000000000227	11.4811
33.600000000000229	5.78409
33.70000000000023	5.78409
33.800000000000232	5.78409
33.900000000000233	5.78409
34.000000000000234	1
34.100000000000236	2
34.200000000000237	2
34.300000000000239	2.9
34.40000000000024	3.83446
34.500000000000242	3.83446
34.600000000000243	4.56988
34.700000000000244	4.56988
34.800000000000246	5.39003
34.900000000000247	6.26135
35.000000000000249	6.26135
35.10000000000025	7.16526
35.200000000000252	8.09095
35.300000000000253	8.09095
35.400000000000254	8.91974
35.500000000000256	8.91974
35.600000000000257	4.45987
35.700000000000259	4.89758
35.80000000000026	4.89758
35.900000000000261	5.66879
36.000000000000263	5.66879
36.100000000000264	6.50187
36.200000000000266	7.37575
36.300000000000267	7.37575
36.400000000000269	8.27756
36.50000000000027	8.27756
36.600000000000271	9.19915
36.700000000000273	10.1352
36.800000000000274	10.1352
36.900000000000276	11.082
37.000000000000277	12.0372
37.100000000000279	12.0372
37.20000000000028	12.9989
37.300000000000281	12.9989
37.400000000000283	13.8938
37.500000000000284	7.19502
37.600000000000286	7.19502
37.700000000000287	7.19502
37.800000000000288	7.19502
37.90000000000029	1
38.000000000000291	1
38.100000000000293	2
38.200000000000294	3.33333
38.300000000000296	3.33333
38.400000000000297	4.16441
38.500000000000298	4.63158
38.6000000000003	5.05378
38.700000000000301	5.97588
38.800000000000303	6.306
38.900000000000304	6.77034
39.000000000000306	7.20419
39.100000000000307	7.61288
39.200000000000308	3.93668
39.30000000000031	3.93668
39.400000000000311	3.93668
39.500000000000313	4.42933
39.600000000000314	4.42933
39.700000000000315	5.27229
39.800000000000317	5.27229
39.900000000000318	6.16078
40.00000000000032	7.07783
40.100000000000321	7.07783
40.200000000000323	8.0138
40.300000000000324	8.0138
40.400000000000325	8.73543
40.500000000000327	4.36772
40.600000000000328	4.36772
40.70000000000033	4.36772
40.800000000000331	4.36772
40.900000000000333	4.81422
41.000000000000334	5.59735
41.100000000000335	5.59735
41.200000000000337	6.43992
41.300000000000338	7.32135
41.40000000000034	7.32135
41.500000000000341	8.22922
41.600000000000342	8.22922
41.700000000000344	9.15574
41.800000000000345	9.99579
41.900000000000347	9.99579
42.000000000000348	4.99789
42.10000000000035	4.99789
42.200000000000351	5.39036
42.300000000000352	6.26164
42.400000000000354	6.26164
42.500000000000355	7.16551
42.600000000000357	8.09117
42.700000000000358	8.09117
42.80000000000036	9.03204
42.900000000000361	9.03204
43.000000000000362	9.98392
43.100000000000364	10.8518
43.200000000000365	10.8518
43.300000000000367	11.7406
43.400000000000368	11.7406
43.500000000000369	12.6458
43.600000000000371	13.5642
43.700000000000372	13.5642
43.800000000000374	14.4932
43.900000000000375	14.4932
44.000000000000377	15.431
44.100000000000378	16.2532
44.200000000000379	16.2532
44.300000000000381	8.12661
44.400000000000382	8.95205
44.500000000000384	8.95205
44.600000000000385	9.80976
44.700000000000387	9.80976
44.800000000000388	10.692
44.900000000000389	11.5931
45.000000000000391	11.5931
45.100000000000392	12.509
45.200000000000394	12.509
45.300000000000395	6.29448
45.400000000000396	6.29448
45.500000000000398	6.29448
45.600000000000399	1
45.700000000000401	1
45.800000000000402	2
45.900000000000404	3.33333
46.000000000000405	3.33333
46.100000000000406	4.63158
46.200000000000408	5.44207
46.300000000000409	5.44207
46.400000000000411	5.80357
46.500000000000412	5.80357
46.600000000000414	2.90179
46.700000000000415	1.90179
46.800000000000416	1.90179
46.900000000000418	3.2464
47.000000000000419	3.2464
47.100000000000421	4.09648
47.200000000000422	4.99852
47.300000000000423	4.99852
47.400000000000425	5.39094
47.500000000000426	5.39094
47.600000000000428	2.69547
47.700000000000429	2.69547
47.800000000000431	2.69547
47.900000000000432	3.39257
48.000000000000433	4.21115
48.100000000000435	4.21115
48.200000000000436	2.10558
48.300000000000438	2.10558
48.400000000000439	2.58051
48.500000000000441	3.30495
48.600000000000442	3.30495
48.700000000000443	4.14214
48.800000000000445	4.14214
48.900000000000446	5.03563
49.000000000000448	5.96063
49.100000000000449	5.96063
49.20000000000045	6.75693
49.300000000000452	6.75693
49.400000000000453	7.1916
49.500000000000455	7.46706
49.600000000000456	7.46706
49.700000000000458	3.73353
49.800000000000459	3.73353
49.90000000000046	3.73353
50.000000000000462	1
50.100000000000463	1
50.200000000000465	2.5
50.300000000000466	3.24483
50.400000000000468	3.55301
50.500000000000469	4.33944
50.60000000000047	4.33944
50.700000000000472	5.19763
50.800000000000473	5.75491
50.900000000000475	6.09735
51.000000000000476	7.02286
51.100000000000477	7.02286
51.200000000000479	7.96541
51.30000000000048	8.33628
51.400000000000482	8.80618
51.500000000000483	4.51592
51.600000000000485	4.51592
51.700000000000486	4.73736
51.800000000000487	5.53179
51.900000000000489	5.53179
52.00000000000049	5.88762
52.100000000000492	2.94381
52.200000000000493	2.94381
52.300000000000495	3.58806
52.400000000000496	3.58806
52.500000000000497	4.36778
52.600000000000499	4.59673
52.7000000000005	4.59673
52.800000000000502	2.29836
52.900000000000503	2.29836
53.000000000000504	2.29836
53.100000000000506	2.29836
53.200000000000507	3.09929
53.300000000000509	3.98342
53.40000000000051	3.98342
53.500000000000512	4.6943
53.600000000000513	5.49519
53.700000000000514	5.49519
53.800000000000516	6.02416
53.900000000000517	6.02416
54.000000000000519	3.01208
54.10000000000052	3.01208
54.200000000000522	3.01208
54.300000000000523	3.64311
54.400000000000524	3.64311
54.500000000000526	4.4125
54.600000000000527	5.25828
54.700000000000529	5.25828
54.80000000000053	6.14886
54.900000000000531	6.14886
55.000000000000533	6.92304
55.100000000000534	3.46152
55.200000000000536	3.46152
55.300000000000537	3.75041
55.400000000000539	4.5004
55.50000000000054	4.5004
55.600000000000541	5.33168
55.700000000000543	5.33168
55.800000000000544	5.70042
55.900000000000546	2.85021
56.000000000000547	2.85021
56.100000000000549	3.20106
56.20000000000055	3.20106
56.300000000000551	4.06137
56.400000000000553	4.9701
56.500000000000554	4.9701
56.600000000000556	5.73123
56.700000000000557	5.73123
56.800000000