10	1
10.1	1
10.199999999999999	1
10.299999999999999	1
10.399999999999999	1
10.499999999999998	1
10.599999999999998	1
10.699999999999998	1
10.799999999999997	1
10.899999999999997	1
10.999999999999996	1
11.099999999999996	1
11.199999999999996	1
11.299999999999995	1
11.399999999999995	1
11.499999999999995	1
11.599999999999994	1
11.699999999999994	1
11.799999999999994	1
11.899999999999993	1
11.999999999999993	1
12.099999999999993	1
12.199999999999992	1
12.299999999999992	1
12.399999999999991	1
12.499999999999991	1
12.599999999999991	1
12.69999999999999	1
12.79999999999999	1
12.89999999999999	1
12.999999999999989	1
13.099999999999989	1
13.199999999999989	1
13.299999999999988	1
13.399999999999988	1
13.499999999999988	1
13.599999999999987	1
13.699999999999987	1
13.799999999999986	1
13.899999999999986	1
13.999999999999986	1
14.099999999999985	1
14.199999999999985	1
14.299999999999985	1
14.399999999999984	1
14.499999999999984	1
14.599999999999984	1
14.699999999999983	1
14.799999999999983	1
14.899999999999983	1
14.999999999999982	1
15.099999999999982	1
15.199999999999982	1
15.299999999999981	1
15.399999999999981	1
15.49999999999998	1
15.59999999999998	1
15.69999999999998	1
15.799999999999979	1
15.899999999999979	1
15.999999999999979	1
16.09999999999998	1
16.199999999999982	1
16.299999999999983	1
16.399999999999984	1
16.499999999999986	1
16.599999999999987	1
16.699999999999989	1
16.79999999999999	1
16.899999999999991	1
16.999999999999993	1
17.099999999999994	1
17.199999999999996	1
17.299999999999997	1
17.399999999999999	21.5
17.5	11.0031
17.600000000000001	24.0801
17.700000000000003	10.822
17.800000000000004	20.2787
17.900000000000006	12.1023
18.000000000000007	15.4644
18.100000000000009	35.7489
18.20000000000001	9.79858
18.300000000000011	16.3761
18.400000000000013	10.02
18.500000000000014	17.0175
18.600000000000016	14.2873
18.700000000000017	18.4645
18.800000000000018	14.9286
18.90000000000002	8.77808
19.000000000000021	17.5829
19.100000000000023	18.2886
19.200000000000024	10.4032
19.300000000000026	22.0787
19.400000000000027	5.74598
19.500000000000028	22.4139
19.60000000000003	16.914
19.700000000000031	27.2891
19.800000000000033	10.1101
19.900000000000034	7.13633
20.000000000000036	12.2604
20.100000000000037	15.809
20.200000000000038	11.9827
20.30000000000004	11.9827
20.400000000000041	12.8824
20.500000000000043	11.4978
20.600000000000044	30.6134
20.700000000000045	23.3755
20.800000000000047	16.2152
20.900000000000048	36.4656
21.00000000000005	35.5397
21.100000000000051	10.3118
21.200000000000053	13.1967
21.300000000000054	10.4386
21.400000000000055	15.1529
21.500000000000057	20.2473
21.600000000000058	10.965
21.70000000000006	8.12331
21.800000000000061	16.2071
21.900000000000063	17.0398
22.000000000000064	17.0974
22.100000000000065	7.17797
22.200000000000067	7.17797
22.300000000000068	8.48916
22.40000000000007	13.9755
22.500000000000071	13.8383
22.600000000000072	10.3454
22.700000000000074	21.3194
22.800000000000075	10.9739
22.900000000000077	17.1736
23.000000000000078	24.0972
23.10000000000008	11.7986
23.200000000000081	11.3563
23.300000000000082	9.42809
23.400000000000084	16.5572
23.500000000000085	21.3222
23.600000000000087	22.3044
23.700000000000088	6.03468
23.80000000000009	15.1159
23.900000000000091	5.95976
24.000000000000092	17.0144
24.100000000000094	23.7985
24.200000000000095	9.29692
24.300000000000097	6.33506
24.400000000000098	15.1281
24.500000000000099	21.1757
24.600000000000101	20.4026
24.700000000000102	15.1528
24.800000000000104	34.3573
24.900000000000105	20.9197
25.000000000000107	24.2509
25.100000000000108	24.7494
25.200000000000109	27.4021
25.300000000000111	10.3845
25.400000000000112	13.9916
25.500000000000114	6.94455
25.600000000000115	26.6003
25.700000000000117	8.2738
25.800000000000118	27.1228
25.900000000000119	11.378
26.000000000000121	30.5032
26.100000000000122	9.48286
26.200000000000124	20.1418
26.300000000000125	23.0529
26.400000000000126	23.8608
26.500000000000128	25.5897
26.600000000000129	29.2997
26.700000000000131	15.1312
26.800000000000132	21.6461
26.900000000000134	15.8114
27.000000000000135	10.9358
27.100000000000136	15.377
27.200000000000138	24.7614
27.300000000000139	10.8146
27.400000000000141	7.5918
27.500000000000142	27.403
27.600000000000144	14.13
27.700000000000145	18.4274
27.800000000000146	6.45939
27.900000000000148	11.9902
28.000000000000149	19.3276
28.100000000000151	14.578
28.200000000000152	6.47506
28.300000000000153	11.7603
28.400000000000155	4.648
28.500000000000156	7.60508
28.600000000000158	10.4252
28.700000000000159	11.1329
28.800000000000161	20.2848
28.900000000000162	15.5074
29.000000000000163	18.2901
29.100000000000165	8.4441
29.200000000000166	20.4272
29.300000000000168	10.5549
29.400000000000169	14.6019
29.500000000000171	34.9011
29.600000000000172	10.4721
29.700000000000173	13.9162
29.800000000000175	7.53334
29.900000000000176	9.25319
30.000000000000178	11.0781
30.100000000000179	6.76249
30.20000000000018	6.76249
30.300000000000182	6.86565
30.400000000000183	10.0615
30.500000000000185	6.35868
30.600000000000186	13.8855
30.700000000000188	10.1918
30.800000000000189	9.17165
30.90000000000019	8.86978
31.000000000000192	22.036
31.100000000000193	26.9389
31.200000000000195	16.1082
31.300000000000196	16.1082
31.400000000000198	14.3732
31.500000000000199	13.0271
31.6000000000002	8.27581
31.700000000000202	10.0543
31.800000000000203	8.31124
31.900000000000205	9.70487
32.000000000000206	6.95292
32.100000000000207	13.0783
32.200000000000209	4.74359
32.30000000000021	11.4984
32.400000000000212	13.4424
32.500000000000213	12.4029
32.600000000000215	12.4029
32.700000000000216	10.7044
32.800000000000217	5.5463
32.900000000000219	3.77721
33.00000000000022	9.69519
33.100000000000222	9.38853
33.200000000000223	12.9761
33.300000000000225	5.16992
33.400000000000226	14.1325
33.500000000000227	9.78812
33.600000000000229	6.09307
33.70000000000023	9.58963
33.800000000000232	15.5077
33.900000000000233	12.0622
34.000000000000234	19.3074
34.100000000000236	11.317
34.200000000000237	13.228
34.300000000000239	17.4154
34.40000000000024	13.3382
34.500000000000242	12.9859
34.600000000000243	16.9883
34.700000000000244	25.073
34.800000000000246	17.3961
34.900000000000247	14.5984
35.000000000000249	10.4694
35.10000000000025	14.1532
35.200000000000252	33.3342
35.300000000000253	11.1119
35.400000000000254	10.4971
35.500000000000256	16.1895
35.600000000000257	13.774
35.700000000000259	16.039
35.80000000000026	22.0704
35.900000000000261	11.3915
36.000000000000263	20.988
36.100000000000264	27.9302
36.200000000000266	27.9665
36.300000000000267	15.5143
36.400000000000269	17.3515
36.50000000000027	10.7494
36.600000000000271	13.7571
36.700000000000273	20.0248
36.800000000000274	9.69976
36.900000000000276	13.6485
37.000000000000277	32.0802
37.100000000000279	19.8348
37.20000000000028	9.55925
37.300000000000281	7.21501
37.400000000000283	6.75713
37.500000000000284	6.28378
37.600000000000286	11.2475
37.700000000000287	6.96248
37.800000000000288	7.20489
37.90000000000029	10.0566
38.000000000000291	15.3575
38.100000000000293	11.5992
38.200000000000294	17.3338
38.300000000000296	14.992
38.400000000000297	3.6132
38.500000000000298	9.3657
38.6000000000003	9.39777
38.700000000000301	18.2088
38.800000000000303	21.0237
38.900000000000304	18.5138
39.000000000000306	9.9956
39.100000000000307	15.1405
39.200000000000308	6.88401
39.30000000000031	16.5425
39.400000000000311	10.1143
39.500000000000313	5.26226
39.600000000000314	11.074
39.700000000000315	9.08633
39.800000000000317	4.94412
39.900000000000318	8.04342
40.00000000000032	16.2777
40.100000000000321	10.2239
40.200000000000323	16.3044
40.300000000000324	9.98138
40.400000000000325	14.4564
40.500000000000327	15.4319
40.600000000000328	10.5433
40.70000000000033	13.5657
40.800000000000331	15.2022
40.900000000000333	17.5869
41.000000000000334	19.715
41.100000000000335	26.3262
41.200000000000337	15.4211
41.300000000000338	23.1178
41.40000000000034	3.5115
41.500000000000341	13.141
41.600000000000342	11.2232
41.700000000000344	17.4451
41.800000000000345	5.57716
41.900000000000347	23.9284
42.000000000000348	8.88501
42.10000000000035	12.0675
42.200000000000351	10.0002
42.300000000000352	6.51695
42.400000000000354	7.64619
42.500000000000355	9.6635
42.600000000000357	16.8104
42.700000000000358	10.5236
42.80000000000036	17.4148
42.900000000000361	6.06509
43.000000000000362	24.7021
43.100000000000364	12.9345
43.200000000000365	15.907
43.300000000000367	11.8601
43.400000000000368	8.95928
43.500000000000369	8.95928
43.600000000000371	10.4441
43.700000000000372	9.26149
43.800000000000374	4.13146
43.900000000000375	12.642
44.000000000000377	7.26602
44.100000000000378	10.0059
44.200000000000379	5.9073
44.300000000000381	5.31694
44.400000000000382	6.08735
44.500000000000384	14.7028
44.600000000000385	17.2846
44.700000000000387	21.0324
44.800000000000388	23.433
44.900000000000389	8.33706
45.000000000000391	15.813
45.100000000000392	18.0425
45.200000000000394	9.10183
45.300000000000395	17.1462
45.400000000000396	10.7971
45.500000000000398	7.31592
45.600000000000399	8.48083
45.700000000000401	10.5578
45.800000000000402	17.7381
45.900000000000404	11.1572
46.000000000000405	10.6409
46.100000000000406	7.34223
46.200000000000408	14.8024
46.300000000000409	11.4624
46.400000000000411	11.4624
46.500000000000412	12.6466
46.600000000000414	31.8569
46.700000000000415	16.8943
46.800000000000416	17.451
46.900000000000418	16.2862
47.000000000000419	11.7429
47.100000000000421	31.8574
47.200000000000422	16.2631
47.300000000000423	19.1771
47.400000000000425	24.8624
47.500000000000426	10.702
47.600000000000428	12.4174
47.700000000000429	9.71773
47.800000000000431	17.2869
47.900000000000432	20.7827
48.000000000000433	11.2041
48.100000000000435	7.31625
48.200000000000436	10.1965
48.300000000000438	17.8998
48.400000000000439	14.1286
48.500000000000441	10.6703
48.600000000000442	8.05115
48.700000000000443	14.2525
48.800000000000445	11.0189
48.900000000000446	7.31304
49.000000000000448	7.86013
49.100000000000449	8.15869
49.20000000000045	12.4668
49.300000000000452	8.39021
49.400000000000453	21.3098
49.500000000000455	17.0191
49.600000000000456	7.60968
49.700000000000458	11.5893
49.800000000000459	6.13626
49.90000000000046	12.1144
50.000000000000462	5.68862
50.100000000000463	18.4314
50.200000000000465	14.3827
50.300000000000466	4.14563
50.400000000000468	13.8836
50.500000000000469	15.3554
50.60000000000047	15.0046
50.700000000000472	16.4767
50.800000000000473	17.8919
50.900000000000475	11.611
51.000000000000476	17.1738
51.100000000000477	19.7575
51.200000000000479	8.3439
51.30000000000048	11.9024
51.400000000000482	18.1858
51.500000000000483	12.6444
51.600000000000485	8.41184
51.700000000000486	11.0829
51.800000000000487	10.0154
51.900000000000489	9.98993
52.00000000000049	8.47174
52.100000000000492	13.558
52.200000000000493	10.1801
52.300000000000495	10.3438
52.400000000000496	14.0394
52.500000000000497	20.136
52.600000000000499	23.2697
52.7000000000005	15.0091
52.800000000000502	21.1094
52.900000000000503	11.6283
53.000000000000504	8.96542
53.100000000000506	18.1902
53.200000000000507	12.8182
53.300000000000509	12.8182
53.40000000000051	13.0684
53.500000000000512	9.7947
53.600000000000513	28.7927
53.700000000000514	14.1574
53.800000000000516	8.12866
53.900000000000517	17.1887
54.000000000000519	13.4007
54.10000000000052	19.052
54.200000000000522	23.0071
54.300000000000523	11.0645
54.400000000000524	30.2891
54.500000000000526	32.0323
54.600000000000527	13.0035
54.700000000000529	11.4636
54.80000000000053	11.4636
54.900000000000531	9.98495
55.000000000000533	7.46411
55.100000000000534	12.9515
55.200000000000536	13.3862
55.300000000000537	12.8957
55.400000000000539	15.2099
55.50000000000054	8.57152
55.600000000000541	19.395
55.700000000000543	22.952
55.800000000000544	19.3133
55.900000000000546	22.4787
56.000000000000547	10.8651
56.100000000000549	13.2196
56.20000000000055	16.1123
56.300000000000551	10.5192
56.400000000000553	7.5417
56.500000000000554	15.1958
56.600000000000556	9.70415
56.700000000000557	5.9563
56.800000000000558	8.40804
56.90000000000056	11.7667
57.000000000000561	12.3242
57.100000000000563	10.496
57.200000000000564	6.91628
57.300000000000566	26.5553
57.400000000000567	11.108
57.500000000000568	15.9769
57.60000000000057	15.7956
57.70