10	30.0812
10.1	38.8733
10.199999999999999	47.6166
10.299999999999999	13.9864
10.399999999999999	20.8811
10.499999999999998	16.4136
10.599999999999998	25.6487
10.699999999999998	34.3533
10.799999999999997	11.5206
10.899999999999997	20.0819
10.999999999999996	16.0533
11.099999999999996	12.5333
11.199999999999996	21.1094
11.299999999999995	18.3146
11.399999999999995	14.2522
11.499999999999995	22.926
11.599999999999994	32.4954
11.699999999999994	41.2818
11.799999999999994	22.4737
11.899999999999993	22.4737
11.999999999999993	12.773
12.099999999999993	11.9758
12.199999999999992	7.80523
12.299999999999992	6.95526
12.399999999999991	7.77743
12.499999999999991	9.81202
12.599999999999991	17.9689
12.69999999999999	8.98447
12.79999999999999	8.98447
12.89999999999999	8.29104
12.999999999999989	17.6494
13.099999999999989	26.2659
13.199999999999989	36.0585
13.299999999999988	22.0137
13.399999999999988	13.7188
13.499999999999988	20.7031
13.599999999999987	29.3422
13.699999999999987	19.4513
13.799999999999986	9.92941
13.899999999999986	9.92941
13.999999999999986	8.41165
14.099999999999985	16.8954
14.199999999999985	12.8453
14.299999999999985	21.2957
14.399999999999984	16.8876
14.499999999999984	25.4086
14.599999999999984	16.4946
14.699999999999983	12.4951
14.799999999999983	21.0868
14.899999999999983	16.2167
14.999999999999982	11.554
15.099999999999982	20.101
15.199999999999982	29.4692
15.299999999999981	18.9925
15.399999999999981	12.3184
15.49999999999998	12.3184
15.59999999999998	17.265
15.69999999999998	26.8426
15.799999999999979	19.0915
15.899999999999979	12.2414
15.999999999999979	11.0368
16.09999999999998	19.4004
16.199999999999982	29.0995
16.299999999999983	37.882
16.399999999999984	21.5126
16.499999999999986	15.6218
16.599999999999987	12.2977
16.699999999999989	10.698
16.79999999999999	13.2159
16.899999999999991	21.8441
16.999999999999993	17.2815
17.099999999999994	12.8778
17.199999999999996	10.5636
17.299999999999997	19.0836
17.399999999999999	27.7229
17.5	18.3633
17.600000000000001	26.2596
17.700000000000003	16.8376
17.800000000000004	11.9148
17.900000000000006	20.1119
18.000000000000007	14.4186
18.100000000000009	22.9861
18.20000000000001	16.8213
18.300000000000011	12.0552
18.400000000000013	19.0207
18.500000000000014	15.4033
18.600000000000016	24.0772
18.700000000000017	33.735
18.800000000000018	42.4768
18.90000000000002	12.3535
19.000000000000021	21.9815
19.100000000000023	30.5535
19.200000000000024	40.2963
19.300000000000026	49.112
19.400000000000027	13.3233
19.500000000000028	18.9701
19.60000000000003	14.0128
19.700000000000031	11.7276
19.800000000000033	9.47824
19.900000000000034	17.6198
20.000000000000036	12.3269
20.100000000000037	9.98081
20.200000000000038	18.2818
20.30000000000004	27.8684
20.400000000000041	9.89944
20.500000000000043	17.3944
20.600000000000044	13.7843
20.700000000000045	11.3255
20.800000000000047	10.6005
20.900000000000048	19.104
21.00000000000005	12.2841
21.100000000000051	5.44885
21.200000000000053	13.1369
21.300000000000054	11.6585
21.400000000000055	11.9833
21.500000000000057	12.0154
21.600000000000058	20.3198
21.70000000000006	29.0733
21.800000000000061	18.3677
21.900000000000063	10.8344
22.000000000000064	18.5991
22.100000000000065	12.9834
22.200000000000067	21.3792
22.300000000000068	31.1038
22.40000000000007	21.1693
22.500000000000071	11.5806
22.600000000000072	20.1163
22.700000000000074	12.5196
22.800000000000075	9.88938
22.900000000000077	17.5035
23.000000000000078	25.8217
23.10000000000008	35.0581
23.200000000000081	23.8024
23.300000000000082	8.27441
23.400000000000084	16.0353
23.500000000000085	24.5674
23.600000000000087	20.1835
23.700000000000088	28.9436
23.80000000000009	17.9997
23.900000000000091	12.7922
24.000000000000092	21.2638
24.100000000000094	13.7878
24.200000000000095	13.7878
24.300000000000097	4
24.400000000000098	5.5893
24.500000000000099	14.7722
24.600000000000101	12.7648
24.700000000000102	11.3635
24.800000000000104	20.9222
24.900000000000105	13.8207
25.000000000000107	23.2278
25.100000000000108	31.9664
25.200000000000109	18.5203
25.300000000000111	18.5203
25.400000000000112	1
25.500000000000114	15.0171
25.600000000000115	10.8466
25.700000000000117	10.0075
25.800000000000118	18.351
25.900000000000119	13.4899
26.000000000000121	14.0774
26.100000000000122	10.8008
26.200000000000124	11.2607
26.300000000000125	19.8336
26.400000000000126	14.1465
26.500000000000128	23.6778
26.600000000000129	14.9572
26.700000000000131	10.3725
26.800000000000132	19.9059
26.900000000000134	13.3715
27.000000000000135	22.6124
27.100000000000136	31.2993
27.200000000000138	20.4485
27.300000000000139	17.2617
27.400000000000141	14.369
27.500000000000142	13.4376
27.600000000000144	4.93198
27.700000000000145	7.16866
27.800000000000146	8.14296
27.900000000000148	16.4625
28.000000000000149	13.0166
28.100000000000151	21.446
28.200000000000152	12.8082
28.300000000000153	22.2397
28.400000000000155	31.0312
28.500000000000156	18.0101
28.600000000000158	26.5472
28.700000000000159	8.65103
28.800000000000161	17.5941
28.900000000000162	26.2289
29.000000000000163	4.1752
29.100000000000165	12.1867
29.200000000000166	10.5544
29.300000000000168	10.9945
29.400000000000169	19.3247
29.500000000000171	12.9595
29.600000000000172	10.4457
29.700000000000173	19.0188
29.800000000000175	7.41949
29.900000000000176	9.38273
30.000000000000178	5.18467
30.100000000000179	7.99095
30.20000000000018	9.16896
30.300000000000182	9.03812
30.400000000000183	14.147
30.500000000000185	22.7291
30.600000000000186	8.86852
30.700000000000188	17.1847
30.800000000000189	14.6748
30.90000000000019	23.1907
31.000000000000192	7.83806
31.100000000000193	7.23505
31.200000000000195	15.5278
31.300000000000196	12.4891
31.400000000000198	10.3925
31.500000000000199	7.35445
31.6000000000002	8.05584
31.700000000000202	16.3587
31.800000000000203	12.6933
31.900000000000205	11.4312
32.000000000000206	9.15981
32.100000000000207	5.71298
32.200000000000209	13.9836
32.30000000000021	23.3249
32.400000000000212	16.8019
32.500000000000213	13.4702
32.600000000000215	9.79736
32.700000000000216	18.1826
32.800000000000217	15.004
32.900000000000219	10.7643
33.00000000000022	18.0107
33.100000000000222	27.5102
33.200000000000223	18.219
33.300000000000225	11.813
33.400000000000226	12.4149
33.500000000000227	5.68711
33.600000000000229	7.20702
33.70000000000023	7.62717
33.800000000000232	15.0618
33.900000000000233	13.0204
34.000000000000234	12.7675
34.100000000000236	10.5189
34.200000000000237	19.0589
34.300000000000239	12.9764
34.40000000000024	11.1738
34.500000000000242	11.26
34.600000000000243	20.7702
34.700000000000244	14.2453
34.800000000000246	19.5255
34.900000000000247	13.9608
35.000000000000249	10.0158
35.10000000000025	18.0251
35.200000000000252	26.5574
35.300000000000253	19.3554
35.400000000000254	29.0695
35.500000000000256	10.2605
35.600000000000257	8.47426
35.700000000000259	7.69691
35.80000000000026	7.75166
35.900000000000261	5.57796
36.000000000000263	13.785
36.100000000000264	22.1924
36.200000000000266	9.22417
36.300000000000267	6.69814
36.400000000000269	6.39366
36.50000000000027	12.6319
36.600000000000271	8.16367
36.700000000000273	8.77475
36.800000000000274	17.1367
36.900000000000276	11.4669
37.000000000000277	9.38061
37.100000000000279	10.1103
37.20000000000028	10.0995
37.300000000000281	18.127
37.400000000000283	10.2067
37.500000000000284	18.3512
37.600000000000286	10.0605
37.700000000000287	10.0605
37.800000000000288	3.5123
37.90000000000029	11.7286
38.000000000000291	10.6178
38.100000000000293	10.3927
38.200000000000294	18.9898
38.300000000000296	1
38.400000000000297	11.9951
38.500000000000298	11.4234
38.6000000000003	5.8868
38.700000000000301	5.8868
38.800000000000303	6.09735
38.900000000000304	14.2841
39.000000000000306	10.6822
39.100000000000307	10.6822
39.200000000000308	2
39.30000000000031	12.8824
39.400000000000311	21.3181
39.500000000000313	7.11308
39.600000000000314	5.98162
39.700000000000315	14.0228
39.800000000000317	6.25759
39.900000000000318	10.8495
40.00000000000032	10.094
40.100000000000321	8.52077
40.200000000000323	15.2705
40.300000000000324	24.732
40.400000000000325	16.8855
40.500000000000327	25.3284
40.600000000000328	16.7018
40.70000000000033	11.996
40.800000000000331	21.3185
40.900000000000333	17.5954
41.000000000000334	14.6733
41.100000000000335	13.9942
41.200000000000337	22.4123
41.300000000000338	15.546
41.40000000000034	11.1365
41.500000000000341	19.6109
41.600000000000342	13.8287
41.700000000000344	9.61979
41.800000000000345	19.0585
41.900000000000347	7.19538
42.000000000000348	4.47194
42.10000000000035	13.003
42.200000000000351	21.4378
42.300000000000352	13.7648
42.400000000000354	23.0214
42.500000000000355	17.8851
42.600000000000357	6.99557
42.700000000000358	15.1564
42.80000000000036	10.1061
42.900000000000361	10.1738
43.000000000000362	10.4909
43.100000000000364	19.867
43.200000000000365	14.2635
43.300000000000367	22.933
43.400000000000368	32.377
43.500000000000369	11.8309
43.600000000000371	10.4306
43.700000000000372	10.3779
43.800000000000374	9.99125
43.900000000000375	12.8807
44.000000000000377	21.2229
44.100000000000378	17.5095
44.200000000000379	26.1722
44.300000000000381	16.3968
44.400000000000382	12.4925
44.500000000000384	21.0853
44.600000000000385	9.40588
44.700000000000387	17.8638
44.800000000000388	15.176
44.900000000000389	12.32
45.000000000000391	20.8401
45.100000000000392	13.5515
45.200000000000394	8.85878
45.300000000000395	6.57694
45.400000000000396	15.6885
45.500000000000398	7.56691
45.600000000000399	16.0003
45.700000000000401	25.4652
45.800000000000402	14.2734
45.900000000000404	23.7116
46.000000000000405	7.42944
46.100000000000406	15.1629
46.200000000000408	12.4639
46.300000000000409	21.0683
46.400000000000411	30.6961
46.500000000000412	19.4839
46.600000000000414	19.6375
46.700000000000415	10.8626
46.800000000000416	11.051
46.900000000000418	8.08218
47.000000000000419	16.3716
47.100000000000421	14.249
47.200000000000422	23.8653
47.300000000000423	19.1012
47.400000000000425	14.9696
47.500000000000426	23.4209
47.600000000000428	17.5348
47.700000000000429	13.3406
47.800000000000431	10.5784
47.900000000000432	20.0635
48.000000000000433	14.8952
48.100000000000435	6.45622
48.200000000000436	15.7028
48.300000000000438	24.2696
48.400000000000439	16.0257
48.500000000000441	14.7915
48.600000000000442	11.3271
48.700000000000443	18.1873
48.800000000000445	13.1067
48.900000000000446	16.371
49.000000000000448	11.3643
49.100000000000449	9.48237
49.20000000000045	11.2399
49.300000000000452	9.33915
49.400000000000453	10.0163
49.500000000000455	19.2609
49.600000000000456	28.0242
49.700000000000458	7.87248
49.800000000000459	15.2526
49.90000000000046	11.3912
50.000000000000462	16.9753
50.100000000000463	5.69051
50.200000000000465	14.8778
50.300000000000466	10.8498
50.400000000000468	10.649
50.500000000000469	20.1007
50.60000000000047	15.4865
50.700000000000472	25.1061
50.800000000000473	6.4826
50.900000000000475	5.25622
51.000000000000476	12.9823
51.100000000000477	12.1112
51.200000000000479	10.0647
51.30000000000048	9.13641
51.400000000000482	16.0011
51.500000000000483	13.5957
51.600000000000485	22.166
51.700000000000486	14.4187
51.800000000000487	14.6258
51.900000000000489	9.27566
52.00000000000049	15.5743
52.100000000000492	12.6493
52.200000000000493	9.98456
52.300000000000495	10.2146
52.400000000000496	8.70219
52.500000000000497	18.0682
52.600000000000499	26.5866
52.7000000000005	14.958
52.800000000000502	23.6262
52.900000000000503	14.4603
53.000000000000504	9.35414
53.100000000000506	17.8928
53.200000000000507	7.34237
53.300000000000509	8.38623
53.40000000000051	6.13824
53.500000000000512	5.52318
53.600000000000513	13.4686
53.700000000000514	13.039
53.800000000000516	10.6907
53.900000000000517	9.27496
54.000000000000519	17.7391
54.10000000000052	11.8212
54.200000000000522	17.6676
54.300000000000523	5.69395
54.400000000000524	5.69395
54.500000000000526	2
54.600000000000527	9.25194
54.700000000000529	7.6829
54.80000000000053	15.8035
54.900000000000531	12.1115
55.000000000000533	12.978
55.100000000000534	9.78399
55.200000000000536	9.81602
55.300000000000537	18.7351
55.400000000000539	14.4402
55.50000000000054	12.7498
55.600000000000541	9.88683
55.700000000000543	7.2536
55.800000000000544	16.5361
55.900000000000546	13.8649
56.000000000000547	13.2155
56.100000000