10	1
10.1	1
10.199999999999999	1
10.299999999999999	1
10.399999999999999	1
10.499999999999998	1
10.599999999999998	1
10.699999999999998	1
10.799999999999997	1
10.899999999999997	1
10.999999999999996	1
11.099999999999996	1
11.199999999999996	1
11.299999999999995	1
11.399999999999995	1
11.499999999999995	1
11.599999999999994	1
11.699999999999994	1
11.799999999999994	1
11.899999999999993	1
11.999999999999993	1
12.099999999999993	1
12.199999999999992	1
12.299999999999992	1
12.399999999999991	1
12.499999999999991	1
12.599999999999991	1
12.69999999999999	2
12.79999999999999	8
12.89999999999999	16
12.999999999999989	29
13.099999999999989	14.5
13.199999999999989	14.5
13.299999999999988	1
13.399999999999988	4
13.499999999999988	7
13.599999999999987	7.6873
13.699999999999987	3.84365
13.799999999999986	4.34749
13.899999999999986	5.2043
13.999999999999986	7.02776
14.099999999999985	7.96971
14.199999999999985	8.81007
14.299999999999985	10.5736
14.399999999999984	11.4841
14.499999999999984	12.4081
14.599999999999984	14.2865
14.699999999999983	15.237
14.799999999999983	16.1935
14.899999999999983	18.1202
14.999999999999982	19.0891
15.099999999999982	20.061
15.199999999999982	22.0122
15.299999999999981	22.9909
15.399999999999981	23.9295
15.49999999999998	25.8204
15.59999999999998	26.7718
15.69999999999998	27.7266
15.799999999999979	29.6451
15.899999999999979	30.6083
15.999999999999979	32.5412
16.09999999999998	33.5105
16.199999999999982	34.4817
16.299999999999983	36.4286
16.399999999999984	18.5948
16.499999999999986	18.6485
16.599999999999987	20.5393
16.699999999999989	21.4921
16.79999999999999	22.4489
16.899999999999991	24.3729
16.999999999999993	25.3392
17.099999999999994	26.308
17.199999999999996	28.2521
17.299999999999997	29.227
17.399999999999999	30.2035
17.5	15.9868
17.600000000000001	16.0493
17.700000000000003	17.0188
17.800000000000004	18.9142
17.900000000000006	19.8442
18.000000000000007	20.7808
18.100000000000009	22.67
18.20000000000001	23.6213
18.300000000000011	24.5766
18.400000000000013	26.4968
18.500000000000014	13.4731
18.600000000000016	13.5473
18.700000000000017	15.4162
18.800000000000018	16.3621
18.90000000000002	17.314
19.000000000000021	19.2323
19.100000000000023	20.1973
19.200000000000024	21.1655
19.300000000000026	23.1099
19.400000000000027	11.6841
19.500000000000028	11.6841
19.60000000000003	11.6841
19.700000000000031	2
19.800000000000033	5.39231
19.900000000000034	5.93074
20.000000000000036	7.0246
20.100000000000037	8.80756
20.200000000000038	9.67822
20.30000000000004	10.5715
20.400000000000041	12.4063
20.500000000000043	13.3413
20.600000000000044	14.2849
20.700000000000045	16.1921
20.800000000000047	17.1535
20.900000000000048	18.119
21.00000000000005	20.0599
21.100000000000051	21.0344
21.200000000000053	22.0112
21.300000000000054	23.9285
21.400000000000055	24.872
21.500000000000057	25.8196
21.600000000000058	27.7259
21.70000000000006	28.6837
21.800000000000061	29.6444
21.900000000000063	15.547
22.000000000000064	15.6113
22.100000000000065	16.5461
22.200000000000067	18.4358
22.300000000000068	19.3889
22.40000000000007	20.3465
22.500000000000071	22.2726
22.600000000000072	23.2403
22.700000000000074	24.2106
22.800000000000075	26.1578
22.900000000000077	27.1342
23.000000000000078	29.0919
23.10000000000008	30.0727
23.200000000000081	31.0548
23.300000000000082	33.0222
23.400000000000084	34.0072
23.500000000000085	34.9932
23.600000000000087	36.9131
23.700000000000088	37.8761
23.80000000000009	38.841
23.900000000000091	40.7759
24.000000000000092	41.7456
24.100000000000094	42.7168
24.200000000000095	44.6628
24.300000000000097	45.6376
24.400000000000098	46.6134
24.500000000000099	48.568
24.600000000000101	49.5466
24.700000000000102	50.5261
24.800000000000104	52.4874
24.900000000000105	53.4691
25.000000000000107	54.4515
25.100000000000108	56.4181
25.200000000000109	57.4022
25.300000000000111	58.3869
25.400000000000112	60.3578
25.500000000000114	61.344
25.600000000000115	62.3306
25.700000000000117	64.305
25.800000000000118	65.2928
25.900000000000119	32
26.000000000000121	32
26.100000000000122	32.0625
26.200000000000124	32.3111
26.300000000000125	16.1556
26.400000000000126	16.1556
26.500000000000128	2
26.600000000000129	4
26.700000000000131	8.24808
26.800000000000132	9.60123
26.900000000000134	10.308
27.000000000000135	5.154
27.100000000000136	6.0604
27.200000000000138	6.99092
27.300000000000139	7.80927
27.400000000000141	9.5492
27.500000000000142	10.4536
27.600000000000144	11.3738
27.700000000000145	13.2482
27.800000000000146	14.1981
27.900000000000148	15.1542
28.000000000000149	17.0813
28.100000000000151	18.0506
28.200000000000152	19.0231
28.300000000000153	20.9278
28.400000000000155	21.8636
28.500000000000156	22.8048
28.600000000000158	24.701
28.700000000000159	25.655
28.800000000000161	26.6123
28.900000000000162	28.5357
29.000000000000163	29.5011
29.100000000000165	30.4688
29.200000000000166	32.4101
29.300000000000168	33.3832
29.400000000000169	34.358
29.500000000000171	36.2288
29.600000000000172	18.1144
29.700000000000173	18.1144
29.800000000000175	19.7032
29.900000000000176	20.6461
30.000000000000178	22.5466
30.100000000000179	23.503
30.20000000000018	24.4629
30.300000000000182	26.3914
30.400000000000183	27.3595
30.500000000000185	28.3298
30.600000000000186	30.2761
30.700000000000188	31.2518
30.800000000000189	32.229
30.90000000000019	34.1872
31.000000000000192	35.1681
31.100000000000193	36.15
31.200000000000195	38.1166
31.300000000000196	39.1012
31.400000000000198	40.0865
31.500000000000199	42.0592
31.6000000000002	43.0465
31.700000000000202	44.0343
31.800000000000203	46.0116
31.900000000000205	47.0009
32.000000000000206	23.8804
32.100000000000207	23.8804
32.200000000000209	23.8804
32.30000000000021	2
32.400000000000212	5
32.500000000000213	11.0909
32.600000000000215	12.6942
32.700000000000216	13.9728
32.800000000000217	14.8762
32.900000000000219	16.4135
33.00000000000022	17.6486
33.100000000000222	18.5883
33.200000000000223	20.2389
33.300000000000225	21.4399
33.400000000000226	22.3989
33.500000000000227	24.3268
33.600000000000229	25.2949
33.70000000000023	27.0537
33.800000000000232	28.2125
33.900000000000233	29.1887
34.000000000000234	30.9845
34.100000000000236	32.1259
34.200000000000237	33.1075
34.300000000000239	34.816
34.40000000000024	36.0581
34.500000000000242	37.0434
34.600000000000243	38.6815
34.700000000000244	40.0037
34.800000000000246	40.9917
34.900000000000247	42.5718
35.000000000000249	43.8906
35.10000000000025	44.8599
35.200000000000252	46.4806
35.300000000000253	47.7752
35.400000000000254	24.0025
35.500000000000256	24.0025
35.600000000000257	24.0857
35.700000000000259	24.4159
35.80000000000026	12.2079
35.900000000000261	12.2079
36.000000000000263	12.2079
36.100000000000264	4
36.200000000000266	6.32883
36.300000000000267	7.22412
36.400000000000269	9.07844
36.50000000000027	10.0259
36.600000000000271	11.1636
36.700000000000273	12.7577
36.800000000000274	13.6685
36.900000000000276	14.9974
37.000000000000277	16.4625
37.100000000000279	17.4089
37.20000000000028	19.3178
37.300000000000281	20.2787
37.400000000000283	21.2431
37.500000000000284	23.181
37.600000000000286	24.1537
37.700000000000287	25.1284
37.800000000000288	27.0835
37.90000000000029	28.0633
38.000000000000291	29.0445
38.100000000000293	31.0105
38.200000000000294	31.995
38.300000000000296	32.9501
38.400000000000297	16.6412
38.500000000000298	16.6412
38.6000000000003	16.8208
38.700000000000301	8.70309
38.800000000000303	8.70309
38.900000000000304	8.70309
39.000000000000306	2
39.100000000000307	3
39.200000000000308	4.92064
39.30000000000031	6.51909
39.400000000000311	7.3909
39.500000000000313	8.29104
39.600000000000314	10.1462
39.700000000000315	11.0921
39.800000000000317	12.0464
39.900000000000318	13.9737
40.00000000000032	14.8771
40.100000000000321	16.7166
40.200000000000323	17.6494
40.300000000000324	18.589
40.400000000000325	20.4853
40.500000000000327	21.4405
40.600000000000328	22.3995
40.70000000000033	24.3274
40.800000000000331	12.4885
40.900000000000333	12.5685
41.000000000000334	14.4259
41.100000000000335	15.3678
41.200000000000337	16.3166
41.300000000000338	18.2302
41.40000000000034	19.1936
41.500000000000341	20.1604
41.600000000000342	22.1028
41.700000000000344	23.0776
41.800000000000345	24.0545
41.900000000000347	26.0134
42.000000000000348	26.9951
42.10000000000035	27.9422
42.200000000000351	29.8468
42.300000000000352	30.8037
42.400000000000354	31.7631
42.500000000000355	33.6891
42.600000000000357	34.6552
42.700000000000358	35.6232
42.80000000000036	18.5408
42.900000000000361	18.5948
43.000000000000362	19.5401
43.100000000000364	21.4455
43.200000000000365	22.4043
43.300000000000367	23.3665
43.400000000000368	25.2997
43.500000000000369	26.27
43.600000000000371	28.2167
43.700000000000372	29.1928
43.800000000000374	14.9854
43.900000000000375	15.1185
44.000000000000377	16.082
44.100000000000378	17.0496
44.200000000000379	18.9947
44.300000000000381	19.921
44.400000000000382	20.8541
44.500000000000384	22.7372
44.600000000000385	23.6858
44.700000000000387	24.6386
44.800000000000388	26.5544
44.900000000000389	27.5167
45.000000000000391	28.4465
45.100000000000392	15.0452
45.200000000000394	16.0131
45.300000000000395	16.9847
45.400000000000396	18.8303
45.500000000000398	19.7644
45.600000000000399	20.7045
45.700000000000401	22.6001
45.800000000000402	23.5543
45.900000000000404	24.5122
46.000000000000405	26.4371
46.100000000000406	27.4036
46.200000000000408	28.3724
46.300000000000409	30.316
46.400000000000411	31.2904
46.500000000000412	32.2664
46.600000000000414	34.2225
46.700000000000415	35.2024
46.800000000000416	36.1834
46.900000000000418	38.1482
47.000000000000419	39.1064
47.100000000000421	20.4052
47.200000000000422	21.3639
47.300000000000423	22.3262
47.400000000000425	24.2599
47.500000000000426	25.2306
47.600000000000428	26.2035
47.700000000000429	28.1548
47.800000000000431	29.1329
47.900000000000432	30.1125
48.000000000000433	32.0753
48.100000000000435	33.0583
48.200000000000436	34.0424
48.300000000000438	36.013
48.400000000000439	36.9995
48.500000000000441	37.9604
48.600000000000442	39.8879
48.700000000000443	40.8542
48.800000000000445	41.8221
48.900000000000446	43.7622
49.000000000000448	44.7343
49.100000000000449	45.7075
49.20000000000045	47.6573
49.300000000000452	48.6337
49.400000000000453	49.6111
49.500000000000455	51.5684
49.600000000000456	52.5482
49.700000000000458	26.6802
49.800000000000459	26.6802
49.90000000000046	26.6802
50.000000000000462	3
50.100000000000463	12
50.200000000000465	13.8225
50.300000000000466	15.0048
50.400000000000468	16.5905
50.500000000000469	17.53
50.60000000000047	18.7448
50.700000000000472	20.3826
50.800000000000473	21.3424
50.900000000000475	23.2719
51.000000000000476	24.241
51.100000000000477	25.4101
51.200000000000479	27.1613
51.30000000000048	28.1385
51.400000000000482	29.2885
51.500000000000483	31.0785
51.600000000000485	32.0609
51.700000000000486	16.5071
51.800000000000487	17.3359
51.900000000000489	18.2917
52.00000000000049	19.4074
52.100000000000492	21.1833
52.200000000000493	22.1535
52.300000000000495	23.2557
52.400000000000496	25.0779
52.500000000000497	26.0565
52.600000000000499	27.1474
52.7000000000005	29.0008
52.800000000000502	29.9847
52.900000000000503	15.1583
53.000000000000504	15.1583
53.100000000000506	15.1583
53.200000000000507	5
53.300000000000509	8.31709
53.40000000000051	9.23468
53.500000000000512	10.2658
53.600000000000513	12.0643
53.700000000000514	13.024
53.800000000000516	14.0606
53.900000000000517	15.8057
54.000000000000519	16.7295
54.10000000000052	17.8309
54.200000000000522	19.5456
54.300000000000523	20.4958
54.400000000000524	22.4091
54.500000000000526	23.3711
54.600000000000527	24.4593
54.700000000000529	26.2741
54.80000000000053	27.2464
54.900000000000531	13.9856
55.000000000000533	14.1283
55.100000000000534	15.0889
55.200000000000536	16.0542
55.300000000000537	17.9958
55.400000000000539	18.9183
55.50000000000054	19.8481
55.600000000000541	21.7265
55.700000000000543	22.6734
55.800000000000544	11.6201
55.900000000000546	11.7916
56.000000000000547	12.6931
56.100000000000549	13.6083
56.20000000000055	15.4698
56.300000000000551	16.4126
56.400000000000553	17.3617
56.500000000000554	8.99256
56.600000000000556	9.21361
56.700000000000557	10.1483
56.800000000000558	12.0482
56.90000000000056	13.0091
57.000000000000561	1