10	1
10.1	1
10.199999999999999	1
10.299999999999999	1
10.399999999999999	1
10.499999999999998	1
10.599999999999998	1
10.699999999999998	1
10.799999999999997	1
10.899999999999997	1
10.999999999999996	1
11.099999999999996	1
11.199999999999996	1
11.299999999999995	1
11.399999999999995	1
11.499999999999995	1
11.599999999999994	1
11.699999999999994	1
11.799999999999994	1
11.899999999999993	1
11.999999999999993	1
12.099999999999993	1
12.199999999999992	1
12.299999999999992	1
12.399999999999991	1
12.499999999999991	1
12.599999999999991	1
12.69999999999999	1
12.79999999999999	1
12.89999999999999	1
12.999999999999989	1
13.099999999999989	1
13.199999999999989	1
13.299999999999988	1
13.399999999999988	1
13.499999999999988	1
13.599999999999987	1
13.699999999999987	1
13.799999999999986	1
13.899999999999986	1
13.999999999999986	1
14.099999999999985	1
14.199999999999985	1
14.299999999999985	1
14.399999999999984	1
14.499999999999984	1
14.599999999999984	1
14.699999999999983	1
14.799999999999983	1
14.899999999999983	1
14.999999999999982	1
15.099999999999982	1
15.199999999999982	1
15.299999999999981	1
15.399999999999981	1
15.49999999999998	1
15.59999999999998	1
15.69999999999998	1
15.799999999999979	1
15.899999999999979	1
15.999999999999979	1
16.09999999999998	1
16.199999999999982	1
16.299999999999983	1
16.399999999999984	1
16.499999999999986	1
16.599999999999987	1
16.699999999999989	1
16.79999999999999	1
16.899999999999991	1
16.999999999999993	1
17.099999999999994	1
17.199999999999996	1
17.299999999999997	1
17.399999999999999	1
17.5	1
17.600000000000001	1
17.700000000000003	1
17.800000000000004	1
17.900000000000006	1
18.000000000000007	1
18.100000000000009	1
18.20000000000001	1
18.300000000000011	1
18.400000000000013	1
18.500000000000014	1
18.600000000000016	1
18.700000000000017	1
18.800000000000018	1
18.90000000000002	1
19.000000000000021	1
19.100000000000023	1
19.200000000000024	1
19.300000000000026	1
19.400000000000027	1
19.500000000000028	1
19.60000000000003	1
19.700000000000031	1
19.800000000000033	1
19.900000000000034	1
20.000000000000036	1
20.100000000000037	1
20.200000000000038	1
20.30000000000004	1
20.400000000000041	1
20.500000000000043	1
20.600000000000044	1
20.700000000000045	1
20.800000000000047	1
20.900000000000048	1
21.00000000000005	1
21.100000000000051	1
21.200000000000053	1
21.300000000000054	1
21.400000000000055	1
21.500000000000057	1
21.600000000000058	1
21.70000000000006	1
21.800000000000061	1
21.900000000000063	1
22.000000000000064	1
22.100000000000065	1
22.200000000000067	1
22.300000000000068	1
22.40000000000007	1
22.500000000000071	1
22.600000000000072	1
22.700000000000074	1
22.800000000000075	1
22.900000000000077	1
23.000000000000078	1
23.10000000000008	1
23.200000000000081	1
23.300000000000082	1
23.400000000000084	1
23.500000000000085	1
23.600000000000087	1
23.700000000000088	1
23.80000000000009	1
23.900000000000091	1
24.000000000000092	1
24.100000000000094	1
24.200000000000095	1
24.300000000000097	1
24.400000000000098	1
24.500000000000099	1
24.600000000000101	1
24.700000000000102	1
24.800000000000104	1
24.900000000000105	1
25.000000000000107	1
25.100000000000108	1
25.200000000000109	1
25.300000000000111	1
25.400000000000112	1
25.500000000000114	1
25.600000000000115	1
25.700000000000117	1
25.800000000000118	2
25.900000000000119	2
26.000000000000121	4
26.100000000000122	4
26.200000000000124	7
26.300000000000125	3.5
26.400000000000126	3.5
26.500000000000128	3.78571
26.600000000000129	4.52952
26.700000000000131	4.52952
26.800000000000132	5.3561
26.900000000000134	5.3561
27.000000000000135	6.2323
27.100000000000136	7.13997
27.200000000000138	7.13997
27.300000000000139	8.06861
27.400000000000141	8.06861
27.500000000000142	9.01187
27.600000000000144	9.96569
27.700000000000145	9.96569
27.800000000000146	10.8351
27.900000000000148	11.7251
28.000000000000149	11.7251
28.100000000000151	12.6314
28.200000000000152	12.6314
28.300000000000153	13.5508
28.400000000000155	14.4807
28.500000000000156	14.4807
28.600000000000158	15.4192
28.700000000000159	15.4192
28.800000000000161	16.365
28.900000000000162	17.1423
29.000000000000163	17.1423
29.100000000000165	8.57116
29.200000000000166	8.57116
29.300000000000168	8.57116
29.400000000000169	1
29.500000000000171	1
29.600000000000172	2
29.700000000000173	4.25
29.800000000000175	4.25
29.900000000000176	5.12386
30.000000000000178	5.12386
30.100000000000179	6.03493
30.20000000000018	6.96893
30.300000000000182	6.96893
30.400000000000183	7.78963
30.500000000000185	8.64776
30.600000000000186	8.64776
30.700000000000188	9.53319
30.800000000000189	9.53319
30.90000000000019	10.439
31.000000000000192	11.3604
31.100000000000193	11.3604
31.200000000000195	12.2938
31.300000000000196	12.2938
31.400000000000198	13.2367
31.500000000000199	14.1873
31.6000000000002	14.1873
31.700000000000202	15.1442
31.800000000000203	15.1442
31.900000000000205	16.1061
32.000000000000206	17.0724
32.100000000000207	17.0724
32.200000000000209	8.82468
32.30000000000021	8.82468
32.400000000000212	8.82468
32.500000000000213	1
32.600000000000215	1
32.700000000000216	2
32.800000000000217	3
32.900000000000219	3
33.00000000000022	4.92064
33.100000000000222	4.92064
33.200000000000223	5.68862
33.300000000000225	6.51909
33.400000000000226	6.51909
33.500000000000227	7.3909
33.600000000000229	8.29104
33.70000000000023	8.29104
33.800000000000232	8.64776
33.900000000000233	8.64776
34.000000000000234	4.32388
34.100000000000236	4.32388
34.200000000000237	4.32388
34.300000000000239	1
34.40000000000024	1
34.500000000000242	3.24483
34.600000000000243	4.09525
34.700000000000244	4.33944
34.800000000000246	5.19763
34.900000000000247	5.75491
35.000000000000249	6.09735
35.10000000000025	6.5768
35.200000000000252	7.02286
35.300000000000253	7.96541
35.400000000000254	8.33628
35.500000000000256	8.80618
35.600000000000257	9.67696
35.700000000000259	9.67696
35.80000000000026	10.5704
35.900000000000261	11.1258
36.000000000000263	11.4811
36.100000000000264	12.4054
36.200000000000266	13.0362
36.300000000000267	13.3404
36.400000000000269	14.0005
36.50000000000027	14.2841
36.600000000000271	15.2348
36.700000000000273	15.8789
36.800000000000274	16.1914
36.900000000000276	17.1528
37.000000000000277	17.1528
37.100000000000279	8.66354
37.20000000000028	8.66354
37.300000000000281	8.66354
37.400000000000283	1
37.500000000000284	1
37.600000000000286	4
37.700000000000287	4.92064
37.800000000000288	5.12386
37.90000000000029	6.03493
38.000000000000291	6.51909
38.100000000000293	6.96893
38.200000000000294	7.78963
38.300000000000296	7.78963
38.400000000000297	8.64776
38.500000000000298	9.21125
38.6000000000003	9.42712
38.700000000000301	4.71356
38.800000000000303	4.71356
38.900000000000304	5.12873
39.000000000000306	5.69298
39.100000000000307	6.03904
39.200000000000308	6.97248
39.30000000000031	7.39424
39.400000000000311	7.7928
39.500000000000313	8.6506
39.600000000000314	8.6506
39.700000000000315	9.53577
39.800000000000317	10.1486
39.900000000000318	10.4414
40.00000000000032	11.3625
40.100000000000321	11.3625
40.200000000000323	12.2958
40.300000000000324	13.0093
40.400000000000325	13.2386
40.500000000000327	14.1891
40.600000000000328	14.8788
40.70000000000033	15.1458
40.800000000000331	7.73655
40.900000000000333	7.73655
41.000000000000334	7.73655
41.100000000000335	7.99294
41.200000000000337	7.99294
41.300000000000338	8.60005
41.40000000000034	8.60005
41.500000000000341	4.30002
41.600000000000342	4.96359
41.700000000000344	4.96359
41.800000000000345	5.72561
41.900000000000347	6.55127
42.000000000000348	6.55127
42.10000000000035	7.41923
42.200000000000351	7.41923
42.300000000000352	8.31625
42.400000000000354	9.23392
42.500000000000355	9.23392
42.600000000000357	10.1667
42.700000000000358	10.1667
42.80000000000036	11.1109
42.900000000000361	12.0637
43.000000000000362	12.0637
43.100000000000364	6.19598
43.200000000000365	6.19598
43.300000000000367	6.19598
43.400000000000368	6.51468
43.500000000000369	6.51468
43.600000000000371	7.38702
43.700000000000372	8.28758
43.800000000000374	8.28758
43.900000000000375	9.20815
44.000000000000377	9.20815
44.100000000000378	10.1433
44.200000000000379	11.0895
44.300000000000381	11.0895
44.400000000000382	12.0441
44.500000000000384	12.0441
44.600000000