10	1
10.1	1
10.199999999999999	1
10.299999999999999	1
10.399999999999999	1
10.499999999999998	1
10.599999999999998	1
10.699999999999998	1
10.799999999999997	1
10.899999999999997	1
10.999999999999996	1
11.099999999999996	1
11.199999999999996	1
11.299999999999995	1
11.399999999999995	1
11.499999999999995	1
11.599999999999994	1
11.699999999999994	1
11.799999999999994	1
11.899999999999993	1
11.999999999999993	1
12.099999999999993	1
12.199999999999992	1
12.299999999999992	1
12.399999999999991	1
12.499999999999991	1
12.599999999999991	1
12.69999999999999	1
12.79999999999999	1
12.89999999999999	1
12.999999999999989	1
13.099999999999989	1
13.199999999999989	1
13.299999999999988	1
13.399999999999988	1
13.499999999999988	1
13.599999999999987	1
13.699999999999987	1
13.799999999999986	1
13.899999999999986	1
13.999999999999986	1
14.099999999999985	1
14.199999999999985	1
14.299999999999985	1
14.399999999999984	1
14.499999999999984	1
14.599999999999984	1
14.699999999999983	1
14.799999999999983	1
14.899999999999983	1
14.999999999999982	1
15.099999999999982	1
15.199999999999982	1
15.299999999999981	1
15.399999999999981	1
15.49999999999998	1
15.59999999999998	1
15.69999999999998	1
15.799999999999979	1
15.899999999999979	1
15.999999999999979	1
16.09999999999998	1
16.199999999999982	1
16.299999999999983	1
16.399999999999984	1
16.499999999999986	1
16.599999999999987	1
16.699999999999989	1
16.79999999999999	1
16.899999999999991	1
16.999999999999993	1
17.099999999999994	1
17.199999999999996	1
17.299999999999997	1
17.399999999999999	1
17.5	1
17.600000000000001	1
17.700000000000003	1
17.800000000000004	1
17.900000000000006	1
18.000000000000007	1
18.100000000000009	1
18.20000000000001	1
18.300000000000011	1
18.400000000000013	1
18.500000000000014	1
18.600000000000016	1
18.700000000000017	1
18.800000000000018	1
18.90000000000002	1
19.000000000000021	1
19.100000000000023	1
19.200000000000024	1
19.300000000000026	1
19.400000000000027	1
19.500000000000028	1
19.60000000000003	1
19.700000000000031	1
19.800000000000033	1
19.900000000000034	1
20.000000000000036	1
20.100000000000037	1
20.200000000000038	1
20.30000000000004	1
20.400000000000041	1
20.500000000000043	1
20.600000000000044	1
20.700000000000045	1
20.800000000000047	1
20.900000000000048	1
21.00000000000005	1
21.100000000000051	1
21.200000000000053	1
21.300000000000054	1
21.400000000000055	1
21.500000000000057	1
21.600000000000058	1
21.70000000000006	1
21.800000000000061	1
21.900000000000063	1
22.000000000000064	1
22.100000000000065	1
22.200000000000067	1
22.300000000000068	1
22.40000000000007	1
22.500000000000071	1
22.600000000000072	1
22.700000000000074	1
22.800000000000075	1
22.900000000000077	1
23.000000000000078	1
23.10000000000008	1
23.200000000000081	1
23.300000000000082	1
23.400000000000084	1
23.500000000000085	1
23.600000000000087	1
23.700000000000088	1
23.80000000000009	1
23.900000000000091	1
24.000000000000092	1
24.100000000000094	1
24.200000000000095	1
24.300000000000097	1
24.400000000000098	1
24.500000000000099	1
24.600000000000101	1
24.700000000000102	1
24.800000000000104	1
24.900000000000105	1
25.000000000000107	1
25.100000000000108	1
25.200000000000109	1
25.300000000000111	1
25.400000000000112	1
25.500000000000114	1
25.600000000000115	1
25.700000000000117	1
25.800000000000118	1
25.900000000000119	1
26.000000000000121	1
26.100000000000122	1
26.200000000000124	1
26.300000000000125	1
26.400000000000126	1
26.500000000000128	1
26.600000000000129	1
26.700000000000131	1
26.800000000000132	1
26.900000000000134	1
27.000000000000135	1
27.100000000000136	1
27.200000000000138	1
27.300000000000139	1
27.400000000000141	1
27.500000000000142	1
27.600000000000144	29
27.700000000000145	14.5
27.800000000000146	14.5
27.900000000000148	6
28.000000000000149	4.46726
28.100000000000151	8.03444
28.200000000000152	12.5299
28.300000000000153	9.30704
28.400000000000155	13.0753
28.500000000000156	17.8121
28.600000000000158	22.5279
28.700000000000159	11.2862
28.800000000000161	15.611
28.900000000000162	19.3886
29.000000000000163	12.0222
29.100000000000165	12.0222
29.200000000000166	1
29.300000000000168	7.76276
29.400000000000169	5.0628
29.500000000000171	8.37506
29.600000000000172	5.53717
29.700000000000173	9.11946
29.800000000000175	6.35409
29.900000000000176	10.7192
30.000000000000178	6.94914
30.100000000000179	10.711
30.20000000000018	15.3325
30.300000000000182	19.1653
30.400000000000183	24.032
30.500000000000185	13.1874
30.600000000000186	13.1874
30.700000000000188	9.1238
30.800000000000189	13.7716
30.90000000000019	17.4899
31.000000000000192	22.2742
31.100000000000193	12.6125
31.200000000000195	16.3504
31.300000000000196	9.29481
31.400000000000198	13.0666
31.500000000000199	17.7494
31.6000000000002	22.4784
31.700000000000202	26.3332
31.800000000000203	14.5563
31.900000000000205	19.2916
32.000000000000206	23.1592
32.100000000000207	13.3275
32.200000000000209	13.3275
32.30000000000021	13.3275
32.400000000000212	7.02987
32.500000000000213	9.47204
32.600000000000215	13.1929
32.700000000000216	8.6976
32.800000000000217	6.12356
32.900000000000219	9.37699
33.00000000000022	14.0832
33.100000000000222	18.8316
33.200000000000223	9.80648
33.300000000000225	14.2317
33.400000000000226	8.56174
33.500000000000227	12.2336
33.600000000000229	17.0292
33.70000000000023	9.87601
33.800000000000232	13.4105
33.900000000000233	8.81477
34.000000000000234	12.4114
34.100000000000236	17.1572
34.200000000000237	9.88066
34.300000000000239	11.653
34.40000000000024	16.3135
34.500000000000242	21.1279
34.600000000000243	12.3974
34.700000000000244	7.96787
34.800000000000246	5.1446
34.900000000000247	8.6599
35.000000000000249	13.2446
35.10000000000025	18.048
35.200000000000252	21.7236
35.300000000000253	12.4948
35.400000000000254	17.2175
35.500000000000256	21.0866
35.600000000000257	25.9394
35.700000000000259	30.7086
35.80000000000026	34.5708
35.900000000000261	39.4369
36.000000000000263	20.5749
36.100000000000264	10.5754
36.200000000000266	10.5754
36.300000000000267	1
36.400000000000269	7.30649
36.50000000000027	11.9951
36.600000000000271	15.6253
36.700000000000273	20.3572
36.800000000000274	25.1918
36.900000000000276	29.0993
37.000000000000277	16.4841
37.100000000000279	10.0986
37.20000000000028	13.5749
37.300000000000281	18.2915
37.400000000000283	23.126
37.500000000000284	12.4387
37.600000000000286	6.61027
37.700000000000287	8.11807
37.800000000000288	11.8441
37.90000000000029	6.97221
38.000000000000291	10.2469
38.100000000000293	14.0469
38.200000000000294	18.7511
38.300000000000296	12.4365
38.400000000000297	16.2152
38.500000000000298	20.9568
38.6000000000003	13.192
38.700000000000301	18.0095
38.800000000000303	10.2068
38.900000000000304	14.0178
39.000000000000306	18.6758
39.100000000000307	23.431
39.200000000000308	27.2977
39.30000000000031	32.1765
39.400000000000311	18.4897
39.500000000000313	21.4013
39.600000000000314	12.1051
39.700000000000315	16.5786
39.800000000000317	20.3729
39.900000000000318	25.2045
40.00000000000032	15.7166
40.100000000000321	19.4737
40.200000000000323	13.1188
40.300000000000324	8.49706
40.400000000000325	12.1886
40.500000000000327	8.34982
40.600000000000328	11.3148
40.70000000000033	15.1101
40.800000000000331	19.9146
40.900000000000333	11.8441
41.000000000000334	16.4503
41.100000000000335	21.2336
41.200000000000337	11.3019
41.300000000000338	11.3019
41.40000000000034	2
41.500000000000341	7.96694
41.600000000000342	6.95967
41.700000000000344	4.65646
41.800000000000345	8.9636
41.900000000000347	13.4445
42.000000000000348	8.10846
42.10000000000035	2.92559
42.200000000000351	6.73934
42.300000000000352	10.2881
42.400000000000354	6.67554
42.500000000000355	11.0939
42.600000000000357	7.94558
42.700000000000358	12.3927
42.80000000000036	17.1436
42.900000000000361	21.0264
43.000000000000362	25.8131
43.100000000000364	14.4447
43.200000000000365	8.0167
43.300000000000367	12.5186
43.400000000000368	16.2782
43.500000000000369	9.60745
43.600000000000371	14.2372
43.700000000000372	18.0814
43.800000000000374	11.1314
43.900000000000375	7.62639
44.000000000000377	11.2496
44.100000000000378	7.66729
44.200000000000379	12.217
44.300000000000381	16.0477
44.400000000000382	10.1213
44.500000000000384	10.1213
44.600000000000385	7.03005
44.700000000