10	15.4918
10.1	17.3814
10.199999999999999	19.2929
10.299999999999999	22.0533
10.399999999999999	24.0091
10.499999999999998	12.2112
10.599999999999998	13.3116
10.699999999999998	15.2096
10.799999999999997	7.86395
10.899999999999997	7.86395
10.999999999999996	10.2031
11.099999999999996	5.48124
11.199999999999996	7.09261
11.299999999999995	8.97454
11.399999999999995	10.5215
11.499999999999995	12.3638
11.599999999999994	13.9637
11.699999999999994	6.98187
11.799999999999994	8.42234
11.899999999999993	10.155
11.999999999999993	11.9703
12.099999999999993	13.7633
12.199999999999992	15.6063
12.299999999999992	18.4315
12.399999999999991	20.3426
12.499999999999991	22.2241
12.599999999999991	11.8126
12.69999999999999	13.6265
12.79999999999999	15.421
12.89999999999999	8.57193
12.999999999999989	9.98154
13.099999999999989	12.2408
13.199999999999989	14.1415
13.299999999999988	16.0658
13.399999999999988	18.0062
13.499999999999988	19.9079
13.599999999999987	10.5639
13.699999999999987	11.6488
13.799999999999986	13.4848
13.899999999999986	15.3614
13.999999999999986	17.2652
14.099999999999985	19.1884
14.199999999999985	21.0781
14.299999999999985	10.7274
14.399999999999984	10.7274
14.499999999999984	4
14.599999999999984	6.26331
14.699999999999983	8.09245
14.799999999999983	4.22884
14.899999999999983	5.49091
14.999999999999982	3.55002
15.099999999999982	4.5676
15.199999999999982	5.75311
15.299999999999981	7.30341
15.399999999999981	9.14144
15.49999999999998	11.0343
15.59999999999998	12.8806
15.69999999999998	7.42114
15.799999999999979	9.23546
15.899999999999979	11.1121
15.999999999999979	12.8696
16.09999999999998	14.6204
16.199999999999982	16.4886
16.299999999999983	18.5471
16.399999999999984	21.2633
16.499999999999986	11.4914
16.599999999999987	11.4914
16.699999999999989	1
16.79999999999999	3
16.899999999999991	5.2
16.999999999999993	5.2
17.099999999999994	5.2
17.199999999999996	5.2
17.299999999999997	2
17.399999999999999	3.55301
17.5	5.19763
17.600000000000001	2.59882
17.700000000000003	2.59882
17.800000000000004	3.31877
17.900000000000006	5.04446
18.000000000000007	5.61748
18.100000000000009	2.80874
18.20000000000001	2.80874
18.300000000000011	2.80874
18.400000000000013	2.5
18.500000000000014	4.33944
18.600000000000016	6.09735
18.700000000000017	7.96541
18.800000000000018	4.22812
18.90000000000002	6.01977
19.000000000000021	3.34212
19.100000000000023	5.98063
19.200000000000024	7.61659
19.300000000000026	9.39274
19.400000000000027	11.243
19.500000000000028	13.1362
19.60000000000003	14.8554
19.700000000000031	16.9947
19.800000000000033	9.42315
19.900000000000034	5.16936
20.000000000000036	5.16936
20.100000000000037	6.55464
20.200000000000038	8.31889
20.30000000000004	9.86791
20.400000000000041	11.9821
20.500000000000043	6.55096
20.600000000000044	6.55096
20.700000000000045	6.55096
20.800000000000047	2
20.900000000000048	3.63333
21.00000000000005	5.62582
21.100000000000051	7.343
21.200000000000053	10.1115
21.300000000000054	11.9335
21.400000000000055	13.7313
21.500000000000057	7.32485
21.600000000000058	7.32485
21.70000000000006	7.32485
21.800000000000061	9.69203
21.900000000000063	11.4938
22.000000000000064	5.87642
22.100000000000065	5.87642
22.200000000000067	6.52986
22.300000000000068	8.17718
22.40000000000007	10.0536
22.500000000000071	11.9687
22.600000000000072	14.6099
22.700000000000074	16.4794
22.800000000000075	8.91135
22.900000000000077	8.91135
23.000000000000078	8.91135
23.10000000000008	1
23.200000000000081	3
23.300000000000082	6.51909
23.400000000000084	8.29104
23.500000000000085	4.3817
23.600000000000087	5.03402
23.700000000000088	2.51701
23.80000000000009	2.51701
23.900000000000091	4.10506
24.000000000000092	6.7347
24.100000000000094	8.21932
24.200000000000095	4.10966
24.300000000000097	5.00922
24.400000000000098	2.70042
24.500000000000099	3.39639
24.600000000000101	5.09447
24.700000000000102	7.09148
24.800000000000104	3.61625
24.900000000000105	3.61625
25.000000000000107	5.2401
25.100000000000108	7.05408
25.200000000000109	8.831
25.300000000000111	10.591
25.400000000000112	13.2057
25.500000000000114	15.0506
25.600000000000115	8.13326
25.700000000000117	8.13326
25.800000000000118	8.6144
25.900000000000119	10.2166
26.000000000000121	5.85089
26.100000000000122	7.51573
26.200000000000124	10.2371
26.300000000000125	12.123
26.400000000000126	14.0397
26.500000000000128	15.9764
26.600000000000129	8.01947
26.700000000000131	8.50714
26.800000000000132	10.3231
26.900000000000134	12.9922
27.000000000000135	7.01559
27.100000000000136	7.01559
27.200000000000138	3.57906
27.300000000000139	4.58983
27.400000000000141	6.27575
27.500000000000142	3.5889
27.600000000000144	3.5889
27.700000000000145	5.22168
27.800000000000146	6.28121
27.900000000000148	3.1406
28.000000000000149	4.01492
28.100000000000151	5.33009
28.200000000000152	6.68125
28.300000000000153	3.34062
28.400000000000155	5.05846
28.500000000000156	2.7232
28.600000000000158	3.414
28.700000000000159	5.10592
28.800000000000161	6.809
28.900000000000162	8.5199
29.000000000000163	9.93697
29.100000000000165	12.122
29.200000000000166	6.50025
29.300000000000168	6.50025
29.400000000000169	6.65409
29.500000000000171	6.65409
29.600000000000172	2
29.700000000000173	4.16441
29.800000000000175	5.97588
29.900000000000176	7.61288
30.000000000000178	10.3083
30.100000000000179	5.66471
30.20000000000018	5.66471
30.300000000000182	2.92062
30.400000000000183	4.1094
30.500000000000185	5.93829
30.600000000000186	7.31259
30.700000000000188	4.18426
30.800000000000189	2.53499
30.90000000000019	3.27083
31.000000000000192	5.01395
31.100000000000193	6.27437
31.200000000000195	3.45594
31.300000000000196	5.13335
31.400000000000198	6.97584
31.500000000000199	9.4322
31.6000000000002	5.12469
31.700000000000202	6.36257
31.800000000000203	8.16913
31.900000000000205	9.74227
32.000000000000206	11.5361
32.100000000000207	6.10612
32.200000000000209	8.34266
32.30000000000021	10.5754
32.400000000000212	12.4096
32.500000000000213	14.0043
32.600000000000215	7.00215
32.700000000000216	8.19689
32.800000000000217	4.57273
32.900000000000219	6.2634
33.00000000000022	3.43966
33.100000000000222	4.70695
33.200000000000223	6.36095
33.300000000000225	3.55579
33.400000000000226	4.34168
33.500000000000227	2.286
33.600000000000229	3.41419
33.70000000000023	5.10604
33.800000000000232	2.74525
33.900000000000233	2.74525
34.000000000000234	4.24174
34.100000000000236	6.0292
34.200000000000237	7.78522
34.300000000000239	9.5296
34.40000000000024	10.9064
34.500000000000242	5.45318
34.600000000000243	5.45318
34.700000000000244	2
34.800000000000246	2.9
34.900000000000247	4.99753
35.000000000000249	2.69501
35.10000000000025	3.39222
35.200000000000252	6.00785
35.300000000000253	7.36891
35.400000000000254	9.19368
35.500000000000256	11.0775
35.600000000000257	5.89009
35.700000000000259	5.89009
35.80000000000026	7.2737
35.900000000000261	3.90443
36.000000000000263	3.90443
36.100000000000264	1
36.200000000000266	3.55301
36.300000000000267	5.19763
36.400000000000269	7.02286
36.50000000000027	8.69112
36.600000000000271	4.68001
36.700000000000273	4.68001
36.800000000000274	5.48307
36.900000000000276	6.65283
37.000000000000277	3.32642
37.100000000000279	3.32642
37.20000000000028	3.32642
37.300000000000281	5.04935
37.400000000000283	6.30248
37.500000000000284	7.33998
37.600000000000286	4.43443
37.700000000000287	7.08097
37.800000000000288	8.5044
37.90000000000029	10.3208
38.000000000000291	12.1937
38.100000000000293	6.64782
38.200000000000294	6.94534
38.300000000000296	8.51133
38.400000000000297	4.91395
38.500000000000298	4.91395
38.6000000000003	4.91395
38.700000000000301	2
38.800000000000303	2.9
38.900000000000304	4.56988
39.000000000000306	6.26135
39.100000000000307	6.5768
39.200000000000308	3.2884
39.30000000000031	4.1292
39.400000000000311	5.95179
39.500000000000313	7.59409
39.600000000000314	9.04691
39.700000000000315	4.84915
39.800000000000317	6.46582
39.900000000000318	8.00137
40.00000000000032	10.0124
40.100000000000321	5.34588
40.200000000000323	5.88869
40.300000000000324	7.27257
40.400000000000325	3.63629
40.500000000000327	4.40694
40.600000000000328	6.14492
40.70000000000033	8.00168
40.800000000000331	10.692
40.900000000000333	12.509
41.000000000000334	14.3741
41.100000000000335	7.49429
41.200000000000337	7.49429
41.300000000000338	4.19158
41.40000000000034	4.65588
41.500000000000341	6.32367
41.600000000000342	9.07487
41.700000000000344	4.85855
41.800000000000345	4.85855
41.900000000000347	4.85855
42.000000000000348	2
42.10000000000035	3.55301
42.200000000000351	5.19763
42.300000000000352	7.02286
42.400000000000354	8.69112
42.500000000000355	4.94127
42.600000000000357	6.21689
42.700000000000358	8.05677
42.80000000000036	9.85466
42.900000000000361	5.27215
43.000000000000362	6.48114
43.100000000000364	8.13849
43.200000000000365	9.81957
43.300000000000367	12.4363
43.400000000000368	6.37743
43.500000000000369	6.37743
43.600000000000371	3.26712
43.700000000000372	4.35575
43.800000000000374	6.1088
43.900000000000375	6.73921
44.000000000000377	8.34461
44.100000000000378	11.0415
44.200000000000379	12.8087
44.300000000000381	14.6355
44.400000000000382	7.65335
44.500000000000384	4.209
44.600000000000385	6.00656
44.700000000000387	7.7678
44.800000000000388	10.326
44.900000000000389	11.9487
45.000000000000391	5.97436
45.100000000000392	6.46318
45.200000000000394	8.24735
45.300000000000395	9.49529
45.400000000000396	4.74765
45.500000000000398	4.74765
45.600000000000399	6.23031
45.700000000000401	3.43616
45.800000000000402	3.43616
45.900000000000404	1
46.000000000000405	2
46.100000000000406	2
46.200000000000408	2
46.300000000000409	2
46.400000000000411	2
46.500000000000412	3.55301
46.600000000000414	5.19763
46.700000000000415	7.02286
46.800000000000416	8.80618
46.900000000000418	11.4811
47.000000000000419	13.3404
47.100000000000421	7.28103
47.200000000000422	7.28103
47.300000000000423	7.94363
47.400000000000425	4.22359
47.500000000000426	5.66918
47.600000000000428	8.03068
47.700000000000429	4.43259
47.800000000000431	5.64758
47.900000000000432	7.22108
48.000000000000433	9.07604
48.100000000000435	10.9802
48.200000000000436	12.756
48.300000000000438	14.8617
48.400000000000439	7.85693
48.500000000000441	7.85693
48.600000000000442	9.2681
48.700000000000443	10.9575
48.800000000000445	6.00919
48.900000000000446	7.63891
49.000000000000448	9.4108
49.100000000000449	5.16373
49.20000000000045	6.23341
49.300000000000452	8.06946
49.400000000000453	9.3415
49.500000000000455	4.67075
49.600000000000456	4.67075
49.700000000000458	1
49.800000000000459	2.9
49.90000000000046	4.33944
50.000000000000462	7.02286
50.100000000000463	8.45624
50.200000000000465	4.46463
50.300000000000466	6.18589
50.400000000000468	8.03301
50.500000000000469	4.43364
50.60000000000047	4.87382
50.700000000000472	7.22172
50.800000000000473	8.965
50.900000000000475	9.92337
51.000000000000476	4.96169
51.100000000000477	4.96169
51.200000000000479	6.233
51.30000000000048	3.49883
51.400000000000482	4.96
51.500000000000483	6.54858
51.600000000000485	7.94221
51.700000000000486	9.55325
51.800000000000487	11.3772
51.900000000000489	13.0989
52.00000000000049	7.28027
52.100000000000492	4.10268
52.200000000000493	2.6978
52.300000000000495	3.39436
52.400000000000496	5.09315
52.500000000000497	6.49517
52.600000000000499	3.81939
52.7000000000005	2.81939
52.800000000000502	1.9097
52.900000000000503	2.9097
53.000000000000504	2.9097
53.100000000000506	2
53.200000000000507	4.33944
53.300000000000509	4.56988
53.40000000000051	2.28494
53.500000000000512	2.28494
53.600000000000513	3.97627
53.700000000000514	5.4901
53.800000000000516	3.17366
53.900000000000517	4.52099
54.000000000000519	6.22618
54.10000000000052	7.67968
54.200000000000522	9.33671
54.300000000000523	10.6445
54.400000000000524	5.50773
54.500000000000526	5.50773
54.600000000000527	6.82291
54.700000000000529	3.95924
54.80000000000053	4.88795
54.900000000000531	2.85315
55.000000000000533	3.80021
55.100000000000534	5.17284
55.200000000000536	7.0047
55.300000000000537	3.91079
55.400000000000539	5.97731
55.50000000000054	7.614
55.600000000000541	9.39065
55.700000000000543	4.80121
55.800000000000544	4.80121
55.900000000000546	4.80121
56.000000000000547	2
56.100000000000549	3.83446
56.20000000000055	2.63061
56.300000000000551	4.17193
56.400000000000553	2.62877
56.500000000000554	3.3415
56.600000000000556	3.