10	1
10.1	1
10.199999999999999	1
10.299999999999999	1
10.399999999999999	1
10.499999999999998	1
10.599999999999998	1
10.699999999999998	1
10.799999999999997	1
10.899999999999997	1
10.999999999999996	1
11.099999999999996	1
11.199999999999996	1
11.299999999999995	1
11.399999999999995	1
11.499999999999995	1
11.599999999999994	1
11.699999999999994	1
11.799999999999994	1
11.899999999999993	1
11.999999999999993	1
12.099999999999993	1
12.199999999999992	1
12.299999999999992	1
12.399999999999991	1
12.499999999999991	1
12.599999999999991	1
12.69999999999999	1
12.79999999999999	1
12.89999999999999	1
12.999999999999989	1
13.099999999999989	1
13.199999999999989	1
13.299999999999988	1
13.399999999999988	1
13.499999999999988	1
13.599999999999987	1
13.699999999999987	1
13.799999999999986	1
13.899999999999986	1
13.999999999999986	1
14.099999999999985	1
14.199999999999985	1
14.299999999999985	1
14.399999999999984	1
14.499999999999984	1
14.599999999999984	1
14.699999999999983	1
14.799999999999983	1
14.899999999999983	1
14.999999999999982	1
15.099999999999982	1
15.199999999999982	1
15.299999999999981	1
15.399999999999981	1
15.49999999999998	1
15.59999999999998	1
15.69999999999998	1
15.799999999999979	1
15.899999999999979	1
15.999999999999979	1
16.09999999999998	1
16.199999999999982	1
16.299999999999983	1
16.399999999999984	1
16.499999999999986	1
16.599999999999987	1
16.699999999999989	1
16.79999999999999	1
16.899999999999991	1
16.999999999999993	1
17.099999999999994	1
17.199999999999996	1
17.299999999999997	1
17.399999999999999	1
17.5	1
17.600000000000001	1
17.700000000000003	1
17.800000000000004	1
17.900000000000006	1
18.000000000000007	1
18.100000000000009	2
18.20000000000001	4
18.300000000000011	8
18.400000000000013	32
18.500000000000014	24
18.600000000000016	24
18.700000000000017	24
18.800000000000018	1
18.90000000000002	2
19.000000000000021	4
19.100000000000023	10
19.200000000000024	12.2483
19.300000000000026	13.3457
19.400000000000027	14.289
19.500000000000028	15.2394
19.60000000000003	15.9463
19.700000000000031	7.97316
19.800000000000033	7.97316
19.900000000000034	8.69821
20.000000000000036	9.57893
20.100000000000037	10.4808
20.200000000000038	11.3987
20.30000000000004	12.3292
20.400000000000041	13.2696
20.500000000000043	15.1729
20.600000000000044	16.1332
20.700000000000045	17.0979
20.800000000000047	18.0108
20.900000000000048	18.9853
21.00000000000005	19.9121
21.100000000000051	21.7849
21.200000000000053	11.2095
21.300000000000054	11.2095
21.400000000000055	11.2095
21.500000000000057	11.475
21.600000000000058	12.3997
21.70000000000006	13.3352
21.800000000000061	15.2302
21.900000000000063	16.1871
22.000000000000064	17.1487
22.100000000000065	18.1145
22.200000000000067	19.0836
22.300000000000068	20.0558
22.40000000000007	21.0305
22.500000000000071	22.9863
22.600000000000072	11.5149
22.700000000000074	11.5149
22.800000000000075	12.1097
22.900000000000077	13.066
23.000000000000078	14.0282
23.10000000000008	14.9953
23.200000000000081	16.8218
23.300000000000082	17.749
23.400000000000084	18.6836
23.500000000000085	19.6247
23.600000000000087	20.5712
23.700000000000088	21.5226
23.80000000000009	23.4373
23.900000000000091	24.3997
24.000000000000092	25.365
24.100000000000094	26.3329
24.200000000000095	13.5041
24.300000000000097	13.5782
24.400000000000098	14.5063
24.500000000000099	16.3877
24.600000000000101	17.3382
24.700000000000102	18.2939
24.800000000000104	19.254
24.900000000000105	20.218
25.000000000000107	21.1852
25.100000000000108	22.1553
25.200000000000109	24.1027
25.300000000000111	25.0795
25.400000000000112	26.058
25.500000000000114	27.0381
25.600000000000115	28.0195
25.700000000000117	29.0022
25.800000000000118	29.986
25.900000000000119	31.8939
26.000000000000121	32.852
26.100000000000122	33.8124
26.200000000000124	34.7751
26.300000000000125	35.7398
26.400000000000126	36.7064
26.500000000000128	38.541
26.600000000000129	19.2705
26.700000000000131	19.2705
26.800000000000132	19.7833
26.900000000000134	10.0423
27.000000000000135	10.0423
27.100000000000136	10.2405
27.200000000000138	12.1259
27.300000000000139	13.0811
27.400000000000141	6.8403
27.500000000000142	6.8403
27.600000000000144	7.12963
27.700000000000145	8.05948
27.800000000000146	9.00371
27.900000000000148	10.8283
28.000000000000149	11.7189
28.100000000000151	12.5459
28.200000000000152	6.27296
28.300000000000153	6.27296
28.400000000000155	6.88801
28.500000000000156	7.71748
28.600000000000158	9.36774
28.700000000000159	10.1902
28.800000000000161	11.1323
28.900000000000162	12.0835
29.000000000000163	13.0417
29.100000000000165	14.0057
29.200000000000166	7.75016
29.300000000000168	7.87919
29.400000000000169	8.72839
29.500000000000171	9.60631
29.600000000000172	10.5058
29.700000000000173	11.4217
29.800000000000175	12.3504
29.900000000000176	14.2364
30.000000000000178	15.1902
30.100000000000179	16.1494
30.20000000000018	17.1132
30.300000000000182	18.0808
30.400000000000183	19.0517
30.500000000000185	20.0254
30.600000000000186	21.8885
30.700000000000188	22.8287
30.800000000000189	23.7737
30.90000000000019	24.723
31.000000000000192	25.5981
31.100000000000193	26.5575
31.200000000000195	27.5197
31.300000000000196	29.4517
31.400000000000198	15.0451
31.500000000000199	15.0451
31.6000000000002	15.1778
31.700000000000202	16.1377
31.800000000000203	17.1022
31.900000000000205	19.0419
32.000000000000206	20.0161
32.100000000000207	20.9926
32.200000000000209	21.9256
32.30000000000021	22.8643
32.400000000000212	23.8079
32.500000000000213	24.7559
32.600000000000215	26.6633
32.700000000000216	27.6218
32.800000000000217	28.5832
32.900000000000219	29.5471
33.00000000000022	30.5133
33.100000000000222	31.4817
33.200000000000223	32.4519
33.300000000000225	34.3974
33.400000000000226	35.3442
33.500000000000227	36.3213
33.600000000000229	37.2997
33.70000000000023	38.2791
33.800000000000232	39.2596
33.900000000000233	19.7821
34.000000000000234	19.7821
34.100000000000236	19.7821
34.200000000000237	3
34.300000000000239	7
34.40000000000024	9.54248
34.500000000000242	10.4475
34.600000000000243	11.3681
34.700000000000244	13.0911
34.800000000000246	14.0516
34.900000000000247	15.15
35.000000000000249	7.70617
35.10000000000025	7.83593
35.200000000000252	8.68942
35.300000000000253	10.4735
35.400000000000254	11.392
35.500000000000256	12.323
35.600000000000257	13.2639
35.700000000000259	14.2127
35.80000000000026	15.1679
35.900000000000261	16.1284
36.000000000000263	18.0621
36.100000000000264	19.034
36.200000000000266	20.0086
36.300000000000267	20.9855
36.400000000000269	21.9188
36.50000000000027	11.2301
36.600000000000271	11.2301
36.700000000000273	12.3373
36.800000000000274	13.2771
36.900000000000276	14.225
37.000000000000277	15.1795
37.100000000000279	16.0147
37.20000000000028	16.9862
37.300000000000281	17.9048
37.400000000000283	9.60016
37.500000000000284	9.70432
37.600000000000286	10.5954
37.700000000000287	11.5041
37.800000000000288	12.4267
37.90000000000029	13.3602
38.000000000000291	15.2521
38.100000000000293	16.2077
38.200000000000294	17.1682
38.300000000000296	18.1329
38.400000000000297	19.1011
38.500000000000298	20.0724
38.6000000000003	21.0464
38.700000000000301	23.0008
38.800000000000303	23.9808
38.900000000000304	24.9223
39.000000000000306	25.8681
39.100000000000307	26.8178
39.200000000000308	27.771
39.30000000000031	28.7274
39.400000000000311	30.6484
39.500000000000313	31.6126
39.600000000000314	32.5789
39.700000000000315	33.5472
39.800000000000317	17.1569
39.900000000000318	17.2152
40.00000000000032	18.1774
40.100000000000321	9.57214
40.200000000000323	10.4746
40.300000000000324	11.393
40.400000000000325	12.3239
40.500000000000327	13.2647
40.600000000000328	14.2135
40.70000000000033	15.752
40.800000000000331	16.6788
40.900000000000333	17.6136
41.000000000000334	18.555
41.100000000000335	19.5023
41.200000000000337	20.4545
41.300000000000338	21.411
41.40000000000034	23.3349
41.500000000000341	24.0531
41.600000000000342	24.9115
41.700000000000344	12.4558
41.800000000000345	12.4558
41.900000000000347	12.4558
42.000000000000348	1
42.10000000000035	7.36254
42.200000000000351	8.26582
42.300000000000352	9.29742
42.400000000000354	10.2244
42.500000000000355	11.1636
42.600000000000357	12.1123
42.700000000000358	13.0684
42.80000000000036	14.7956
42.900000000000361	15.7152
43.000000000000362	16.8237
43.100000000000364	17.7508
43.200000000000365	18.6317
43.300000000000367	19.4726
43.400000000000368	21.2431
43.500000000000369	22.1204
43.600000000000371	11.1506
43.700000000000372	12.1003
43.800000000000374	12.8248
43.900000000000375	13.5103
44.000000000000377	14.4428
44.100000000000378	16.3315
44.200000000000379	17.2851
44.300000000000381	18.2436
44.400000000000382	19.2063
44.500000000000384	20.1725
44.600000000000385	21.1418
44.700000000000387	10.8282
44.800000000000388	11.0121
44.900000000000389	11.9729
45.000000000000391	12.8617
45.100000000000392	13.7656
45.200000000000394	14.6818
45.300000000000395	15.6082
45.400000000000396	16.5431
45.500000000000398	18.4332
45.600000000000399	19.3864
45.700000000000401	20.3441
45.800000000000402	21.3056
45.900000000000404	10.7696
46.000000000000405	10.7696
46.100000000000406	11.0458
46.200000000000408	11.92
46.300000000000409	12.8125
46.400000000000411	13.7196
46.500000000000412	14.6387
46.600000000000414	15.5677
46.700000000000415	16.5049
46.800000000000416	18.399
46.900000000000418	19.3539
47.000000000000419	20.3131
47.100000000000421	21.276
47.200000000000422	22.2421
47.300000000000423	23.2111
47.400000000000425	24.1825
47.500000000000426	26.1318
47.600000000000428	27.1092
47.700000000000429	28.0882
47.800000000000431	29.0685
47.900000000000432	30.0502
48.000000000000433	31.033
48.100000000000435	32.0168
48.200000000000436	33.9873
48.300000000000438	34.9452
48.400000000000439	35.9053
48.500000000000441	17.9666
48.600000000000442	17.9666
48.700000000000443	18.5156
48.800000000000445	20.4188
48.900000000000446	21.3769
49.000000000000448	22.2938
49.100000000000449	23.2606
49.20000000000045	24.2301
49.300000000000452	24.9224
49.400000000000453	25.8682
49.500000000000455	27.7711
49.600000000000456	28.7275
49.700000000000458	29.6867
49.800000000000459	30.6485
49.90000000000046	31.6127
50.000000000000462	15.9951
50.100000000000463	16.0576
50.200000000000465	17.9989
50.300000000000466	18.9212
50.400000000000468	19.8509
50.500000000000469	20.7872
50.60000000000047	21.729
50.700000000000472	22.6316
50.800000000000473	11.3158
50.900000000000475	12.813
51.000000000000476	13.7201
51.100000000000477	14.6392
51.200000000000479	15.5682
51.30000000000048	16.5053
51.400000000000482	17.4494
51.500000000000483	19.3542
51.600000000000485	20.3134
51.700000000000486	21.2763
51.800000000000487	22.2424
51.900000000000489	23.2114
52.00000000000049	24.1828
52.100000000000492	25.1565
52.200000000000493	27.1095
52.300000000000495	28.0884
52.400000000000496	29.0688
52.500000000000497	30.0504
52.600000000000499	31.0332
52.7000000000005	32.017
52.800000000000502	16.4249
52.900000000000503	16.5465
53.000000000000504	17.4883
53.100000000000506	18.4362
53.200000000000507	19.3893
53.300000000000509	20.3468
53.40000000000051	21.3082
53.500000000000512	22.2729
53.600000000000513	24.1695
53.700000000000514	12.0848
53.800000000000516	12.0848
53.900000000000517	12.0848
54.000000000000519	1
54.10000000000052	6.79157
54.200000000000522	8.50603
54.300000000000523	9.40498
54.400000000000524	10.419
54.500000000000526	10.7978
54.600000000000527	5.3989
54.700000000000529	5.3989
54.80000000000053	5.3989
54.900000000000531	2.9
55.000000000000533	3.24483
55.100000000000534	5.19763
55.200000000000536	6.09735
55.300000000000537	7.02286
55.400000000000539	7.96541
55.50000000000054	8.80618
55.600000000000541	9.98374
55.700000000000543	10.8517
55.800000000000544	12.4054
55.900000000000546	13.3404
56.000000000000547	14.2841
56.100000000000549	15.2348
56.20000000000055	16.1914
56.300000000000551	17.3271
56.400000000000553	18.2834
56.500000000000554	20.0593
56.600000000000556	21.0338
56.700000000000557	22.0106
56.800000000000558	22.9894
56.90000000000056	24.0948
57.000000000000561	12.2737
57.100000000000563	13.2938
57.200000000000564	14.17
57.300000000000566	7.22509
57.400000000000567	7.3635
57.500000000000568	8.26667
57.60000000000057	9.18936
57.700000000000571	4.64909
57.800000000000573	5.64013
57.900000000000574	6.47699
58.000000000000576	7.35389
58.100000000