10	1
10.1	1
10.199999999999999	1
10.299999999999999	1
10.399999999999999	1
10.499999999999998	1
10.599999999999998	1
10.699999999999998	1
10.799999999999997	1
10.899999999999997	1
10.999999999999996	1
11.099999999999996	1
11.199999999999996	1
11.299999999999995	1
11.399999999999995	1
11.499999999999995	1
11.599999999999994	1
11.699999999999994	1
11.799999999999994	1
11.899999999999993	1
11.999999999999993	1
12.099999999999993	1
12.199999999999992	1
12.299999999999992	1
12.399999999999991	1
12.499999999999991	1
12.599999999999991	1
12.69999999999999	1
12.79999999999999	1
12.89999999999999	1
12.999999999999989	1
13.099999999999989	1
13.199999999999989	1
13.299999999999988	1
13.399999999999988	1
13.499999999999988	1
13.599999999999987	1
13.699999999999987	1
13.799999999999986	1
13.899999999999986	1
13.999999999999986	1
14.099999999999985	1
14.199999999999985	1
14.299999999999985	1
14.399999999999984	1
14.499999999999984	1
14.599999999999984	1
14.699999999999983	1
14.799999999999983	1
14.899999999999983	1
14.999999999999982	1
15.099999999999982	1
15.199999999999982	1
15.299999999999981	1
15.399999999999981	1
15.49999999999998	1
15.59999999999998	1
15.69999999999998	1
15.799999999999979	1
15.899999999999979	1
15.999999999999979	1
16.09999999999998	1
16.199999999999982	1
16.299999999999983	1
16.399999999999984	1
16.499999999999986	1
16.599999999999987	1
16.699999999999989	1
16.79999999999999	1
16.899999999999991	1
16.999999999999993	1
17.099999999999994	1
17.199999999999996	1
17.299999999999997	1
17.399999999999999	1
17.5	1
17.600000000000001	1
17.700000000000003	1
17.800000000000004	1
17.900000000000006	1
18.000000000000007	1
18.100000000000009	1
18.20000000000001	1
18.300000000000011	1
18.400000000000013	1
18.500000000000014	1
18.600000000000016	1
18.700000000000017	4
18.800000000000018	16
18.90000000000002	32
19.000000000000021	32
19.100000000000023	32
19.200000000000024	32
19.300000000000026	2
19.400000000000027	6
19.500000000000028	16.1248
19.60000000000003	16.554
19.700000000000031	8.27699
19.800000000000033	8.27699
19.900000000000034	2
20.000000000000036	4.48529
20.100000000000037	6.20063
20.200000000000038	8.0443
20.30000000000004	8.99015
20.400000000000041	10.7238
20.500000000000043	12.5362
20.600000000000044	14.3978
20.700000000000045	15.3414
20.800000000000047	17.2475
20.900000000000048	19.1724
21.00000000000005	20.1403
21.100000000000051	22.0845
21.200000000000053	24.0377
21.300000000000054	25.9978
21.400000000000055	13.2279
21.500000000000057	13.3035
21.600000000000058	6.65173
21.70000000000006	6.65173
21.800000000000061	6.80206
21.900000000000063	8.51438
22.000000000000064	10.329
22.100000000000065	11.2595
22.200000000000067	5.76192
22.300000000000068	6.8833
22.40000000000007	7.71329
22.500000000000071	9.47109
22.600000000000072	11.3084
22.700000000000074	12.9621
22.800000000000075	13.8594
22.900000000000077	15.691
23.000000000000078	17.4446
23.10000000000008	8.7223
23.200000000000081	9.38897
23.300000000000082	5.34516
23.400000000000084	5.34516
23.500000000000085	5.88805
23.600000000000087	3.27015
23.700000000000088	4.35797
23.80000000000009	5.21298
23.900000000000091	6.74062
24.000000000000092	8.22416
24.100000000000094	10.0917
24.200000000000095	11.0423
24.300000000000097	12.9651
24.400000000000098	14.7724
24.500000000000099	15.6295
24.600000000000101	7.81475
24.700000000000102	7.81475
24.800000000000104	2
24.900000000000105	2
25.000000000000107	2
25.100000000000108	2
25.200000000000109	1
25.300000000000111	2
25.400000000000112	3.55301
25.500000000000114	5.19763
25.600000000000115	6.09735
25.700000000000117	7.96541
25.800000000000118	9.67696
25.900000000000119	5.5176
26.000000000000121	5.5176
26.100000000000122	6.68116
26.200000000000124	8.4185
26.300000000000125	9.326
26.400000000000126	11.1874
26.500000000000128	13.0887
26.600000000000129	15.0151
26.700000000000131	15.9848
26.800000000000132	17.822
26.900000000000134	19.6907
27.000000000000135	20.6342
27.100000000000136	10.6985
27.200000000000138	5.97011
27.300000000000139	7.05773
27.400000000000141	7.99609
27.500000000000142	9.70217
27.600000000000144	11.5023
27.700000000000145	12.425
27.800000000000146	14.3011
27.900000000000148	16.2064
28.000000000000149	18.1317
28.100000000000151	19.1
28.200000000000152	9.75747
28.300000000000153	9.75747
28.400000000000155	10.1612
28.500000000000156	12.0591
28.600000000000158	13.6214
28.700000000000159	6.81071
28.800000000000161	6.81071
28.900000000000162	7.51567
29.000000000000163	9.31134
29.100000000000165	10.237
29.200000000000166	12.123
29.300000000000168	14.0397
29.400000000000169	7.29987
29.500000000000171	7.29987
29.600000000000172	7.29987
29.700000000000173	4.16441
29.800000000000175	5.25165
29.900000000000176	7.0626
30.000000000000178	8.48916
30.100000000000179	10.3083
30.20000000000018	11.5053
30.300000000000182	6.25927
30.400000000000183	7.57438
30.500000000000185	9.03041
30.600000000000186	10.8505
30.700000000000188	12.1592
30.800000000000189	14.071
30.90000000000019	15.43
31.000000000000192	17.3263
31.100000000000193	18.8225
31.200000000000195	20.1582
31.300000000000196	22.1008
31.400000000000198	23.4202
31.500000000000199	25.3492
31.6000000000002	26.882
31.700000000000202	28.7873
31.800000000000203	30.2119
31.900000000000205	15.6108
32.000000000000206	15.7387
32.100000000000207	17.3148
32.200000000000209	19.233
32.30000000000021	20.4443
32.400000000000212	22.362
32.500000000000213	11.4026
32.600000000000215	11.4026
32.700000000000216	11.7494
32.800000000000217	13.5718
32.900000000000219	15.3727
33.00000000000022	16.3211
33.100000000000222	18.2343
33.200000000000223	20.1641
33.300000000000225	21.1338
33.400000000000226	23.0809
33.500000000000227	11.8612
33.600000000000229	11.8612
33.70000000000023	5.97276
33.800000000000232	5.97276
33.900000000000233	7.20161
34.000000000000234	8.12309
34.100000000000236	10.0097
34.200000000000237	11.8475
34.300000000000239	13.6567
34.40000000000024	14.5799
34.500000000000242	16.4528
34.600000000000243	18.3522
34.700000000000244	19.3094
34.800000000000246	21.2356
34.900000000000247	23.174
35.000000000000249	25.122
35.10000000000025	12.8563
35.200000000000252	13.0114
35.300000000000253	14.8806
35.400000000000254	15.7953
35.500000000000256	8.41955
35.600000000000257	8.41955
35.700000000000259	8.88499
35.80000000000026	9.74866
35.900000000000261	11.5415
36.000000000000263	13.3924
36.100000000000264	14.3326
36.200000000000266	16.2342
36.300000000000267	18.1013
36.400000000000269	20.0439
36.50000000000027	21.0192
36.600000000000271	10.7684
36.700000000000273	11.0446
36.800000000000274	12.0028
36.900000000000276	13.864
37.000000000000277	15.6951
37.100000000000279	17.3331
37.20000000000028	18.289
37.300000000000281	9.67659
37.400000000000283	11.1255
37.500000000000284	12.0772
37.600000000000286	14.0003
37.700000000000287	15.8787
37.800000000000288	17.7269
37.90000000000029	18.6627
38.000000000000291	20.5522
38.100000000000293	22.4606
38.200000000000294	23.886
38.300000000000296	12.2123
38.400000000000297	6.50393
38.500000000000298	6.80789
38.6000000000003	3.54928
38.700000000000301	4.56703
38.800000000000303	6.2593
38.900000000000304	8.08937
39.000000000000306	9.03043
39.100000000000307	10.8505
39.200000000000308	12.4043
39.30000000000031	6.20217
39.400000000000311	6.20217
39.500000000000313	7.66031
39.600000000000314	9.42812
39.700000000000315	10.3432
39.800000000000317	12.2127
39.900000000000318	14.1172
40.00000000000032	15.0785
40.100000000000321	17.0142
40.200000000000323	18.697
40.300000000000324	9.34848
40.400000000000325	10.0732
40.500000000000327	11.9851
40.600000000000328	13.7762
40.70000000000033	14.6918
40.800000000000331	7.34588
40.900000000000333	7.34588
41.000000000000334	8.95329
41.100000000000335	9.81088
41.200000000000337	11.594
41.300000000000338	6.17423
41.40000000000034	6.648
41.500000000000341	8.39232
41.600000000000342	10.2289
41.700000000000344	5.80425
41.800000000000345	5.97654
41.900000000000347	7.6134
42.000000000000348	9.39016
42.10000000000035	10.3087
42.200000000000351	12.1835
42.300000000000352	14.0919
42.400000000000354	16.0222
42.500000000000355	8.16594
42.600000000000357	8.40905
42.700000000000358	10.2426
42.80000000000036	11.1803
42.900000000000361	13.0827
43.0000