10	1
10.1	1
10.199999999999999	1
10.299999999999999	1
10.399999999999999	1
10.499999999999998	1
10.599999999999998	1
10.699999999999998	1
10.799999999999997	1
10.899999999999997	1
10.999999999999996	1
11.099999999999996	1
11.199999999999996	1
11.299999999999995	1
11.399999999999995	1
11.499999999999995	1
11.599999999999994	1
11.699999999999994	1
11.799999999999994	1
11.899999999999993	1
11.999999999999993	1
12.099999999999993	1
12.199999999999992	1
12.299999999999992	1
12.399999999999991	1
12.499999999999991	1
12.599999999999991	1
12.69999999999999	1
12.79999999999999	1
12.89999999999999	1
12.999999999999989	1
13.099999999999989	1
13.199999999999989	1
13.299999999999988	1
13.399999999999988	1
13.499999999999988	1
13.599999999999987	1
13.699999999999987	1
13.799999999999986	1
13.899999999999986	1
13.999999999999986	1
14.099999999999985	1
14.199999999999985	1
14.299999999999985	1
14.399999999999984	1
14.499999999999984	1
14.599999999999984	1
14.699999999999983	1
14.799999999999983	1
14.899999999999983	1
14.999999999999982	1
15.099999999999982	1
15.199999999999982	1
15.299999999999981	1
15.399999999999981	1
15.49999999999998	1
15.59999999999998	1
15.69999999999998	1
15.799999999999979	1
15.899999999999979	1
15.999999999999979	1
16.09999999999998	1
16.199999999999982	1
16.299999999999983	1
16.399999999999984	1
16.499999999999986	1
16.599999999999987	1
16.699999999999989	1
16.79999999999999	1
16.899999999999991	1
16.999999999999993	1
17.099999999999994	1
17.199999999999996	1
17.299999999999997	1
17.399999999999999	1
17.5	1
17.600000000000001	1
17.700000000000003	1
17.800000000000004	1
17.900000000000006	1
18.000000000000007	1
18.100000000000009	1
18.20000000000001	1
18.300000000000011	1
18.400000000000013	1
18.500000000000014	1
18.600000000000016	1
18.700000000000017	1
18.800000000000018	1
18.90000000000002	1
19.000000000000021	1
19.100000000000023	1
19.200000000000024	1
19.300000000000026	1
19.400000000000027	1
19.500000000000028	1
19.60000000000003	1
19.700000000000031	1
19.800000000000033	1
19.900000000000034	1
20.000000000000036	1
20.100000000000037	1
20.200000000000038	2
20.30000000000004	4
20.400000000000041	8
20.500000000000043	32
20.600000000000044	24.5
20.700000000000045	24.5
20.800000000000047	24.5
20.900000000000048	2
21.00000000000005	5
21.100000000000051	9
21.200000000000053	13.1183
21.300000000000054	14.0769
21.400000000000055	15.0408
21.500000000000057	16.9808
21.600000000000058	17.8437
21.70000000000006	9.08868
21.800000000000061	9.30742
21.900000000000063	10.2334
22.000000000000064	11.1719
22.100000000000065	12.12
22.200000000000067	14.0371
22.300000000000068	15.0036
22.40000000000007	15.974
22.500000000000071	17.8123
22.600000000000072	18.7438
22.700000000000074	19.6819
22.800000000000075	21.5748
22.900000000000077	22.5281
23.000000000000078	23.4852
23.10000000000008	25.4093
23.200000000000081	26.3756
23.300000000000082	27.3443
23.400000000000084	28.3151
23.500000000000085	30.2623
23.600000000000087	31.2064
23.700000000000088	15.6032
23.80000000000009	17.3657
23.900000000000091	18.32
24.000000000000092	19.2788
24.100000000000094	21.2077
24.200000000000095	22.1768
24.300000000000097	23.1485
24.400000000000098	24.1225
24.500000000000099	26.0763
24.600000000000101	27.0557
24.700000000000102	28.0365
24.800000000000104	30.0019
24.900000000000105	15.1833
25.000000000000107	15.1833
25.100000000000108	15.38
25.200000000000109	16.328
25.300000000000111	17.2818
25.400000000000112	9.01029
25.500000000000114	9.96426
25.600000000000115	10.8338
25.700000000000117	11.7239
25.800000000000118	13.5497
25.900000000000119	14.4797
26.000000000000121	15.4183
26.100000000000122	17.3159
26.200000000000124	18.2728
26.300000000000125	19.234
26.400000000000126	21.167
26.500000000000128	22.1379
26.600000000000129	23.0679
26.700000000000131	25.0242
26.800000000000132	26.0048
26.900000000000134	13.1554
27.000000000000135	13.1554
27.100000000000136	13.3822
27.200000000000138	14.3231
27.300000000000139	15.2714
27.400000000000141	17.1852
27.500000000000142	18.149
27.600000000000144	19.1165
27.700000000000145	21.0603
27.800000000000146	22.0359
27.900000000000148	11.2205
28.000000000000149	11.3096
28.100000000000151	13.1933
28.200000000000152	14.1468
28.300000000000153	15.1062
28.400000000000155	17.0387
28.500000000000156	18.0104
28.600000000000158	18.9849
28.700000000000159	9.75262
28.800000000000161	9.95662
28.900000000000162	10.8268
29.000000000000163	12.4643
29.100000000000165	13.3952
29.200000000000166	14.3353
29.300000000000168	7.23723
29.400000000000169	8.51714
29.500000000000171	9.41502
29.600000000000172	10.0353
29.700000000000173	5.01764
29.800000000000175	5.59351
29.900000000000176	6.43659
30.000000000000178	8.10322
30.100000000000179	4.05161
30.20000000000018	4.53107
30.300000000000182	6.23342
30.400000000000183	7.14094
30.500000000000185	8.06947
30.600000000000186	9.01264
30.700000000000188	10.8357
30.800000000000189	11.7257
30.90000000000019	12.632
31.000000000000192	14.4812
31.100000000000193	15.4197
31.200000000000195	16.3654
31.300000000000196	18.2739
31.400000000000198	19.2351
31.500000000000199	10.0003
31.6000000000002	10.0003
31.700000000000202	5.05017
31.800000000000203	5.62259
31.900000000000205	6.46178
32.000000000000206	8.24626
32.100000000000207	9.17103
32.200000000000209	10.1097
32.30000000000021	11.8476
32.400000000000212	12.5068
32.500000000000213	6.25339
32.600000000000215	8.08482
32.700000000000216	9.02636
32.800000000000217	9.97878
32.900000000000219	10.8471
33.00000000000022	12.5621
33.100000000000222	13.4862
33.200000000000223	14.4203
33.300000000000225	16.0641
33.400000000000226	8.09416
33.500000000000227	8.09416
33.600000000000229	8.2177
33.70000000000023	4.10885
33.800000000000232	4.35223
33.900000000000233	6.10633
34.000000000000234	7.03064
34.100000000000236	7.97225
34.200000000000237	8.81236
34.300000000000239	10.5755
34.40000000000024	11.4858
34.500000000000242	12.4097
34.600000000000243	14.2879
34.700000000000244	15.2384
34.800000000000246	16.1947
34.900000000000247	18.1213
35.000000000000249	19.0901
35.10000000000025	20.062
35.200000000000252	20.7006
35.300000000000253	10.3503
35.400000000000254	10.3503
35.500000000000256	1
35.600000000000257	3
35.700000000000259	5.57776
35.80000000000026	6.42297
35.900000000000261	8.21603
36.000000000000263	9.14389
36.100000000000264	10.0851
36.200000000000266	11.9951
36.300000000000267	12.8043
36.400000000000269	6.40213
36.50000000000027	7.00559
36.600000000000271	8.79246
36.700000000000273	9.6645
36.800000000000274	10.559
36.900000000000276	12.3957
37.000000000000277	13.2559
37.100000000000279	14.2053
37.20000000000028	7.17285
37.300000000000281	7.17285
37.400000000000283	1
37.500000000000284	3
37.600000000000286	4.40454
37.700000000000287	5.25165
37.800000000000288	6.14322
37.90000000000029	8.00038
38.000000000000291	8.72314
38.100000000000293	4.36157
38.200000000000294	4.80867
38.300000000000296	5.59261
38.400000000000297	6.43581
38.500000000000298	8.22603
38.6000000000003	9.15287
38.700000000000301	10.0932
38.800000000000303	11.0437
38.900000000000304	12.9663
39.000000000000306	13.8633
39.100000000000307	14.7735
39.200000000000308	7.71933
39.30000000000031	8.58458
39.400000000000311	9.47599
39.500000000000313	10.9517
39.600000000000314	5.47585
39.700000000000315	5.47585
39.800000000000317	7.22955
39.900000000000318	8.14782
40.00000000000032	9.08275
40.100000000000321	10.0298
40.200000000000323	5.2114
40.300000000000324	5.2114
40.400000000000325	5.7673
40.500000000000327	7.45124
40.600000000000328	8.34477
40.70000000000033	9.25959
40.800000000000331	5.095
40.900000000000333	5.095
41.000000000000334	5.095
41.100000000000335	2
41.200000000000337	2.9
41.300000000000338	4.09525
41.40000000000034	4.99753
41.500000000000341	6.5768
41.600000000000342	7.44171
41.700000000000344	8.33628
41.800000000000345	10.1831
41.900000000000347	11.1258
42.000000000000348	12.0775
42.10000000000035	14.0005
42.200000000000351	7.24653
42.300000000000352	7.24653
42.400000000000354	7.65293
42.500000000000355	8.52503
42.600000000000357	9.42214
42.700000000000358	10.3378
42.80000000000036	12.2081
42.900000000000361	13.1572
43.000000000000362	14.1132
43.100000000000364	16.0409
43.200000000000365	17.0109
43.30