10	32.5397
10.1	28.3926
10.199999999999999	16.2925
10.299999999999999	21.1935
10.399999999999999	11.7374
10.499999999999998	24.5052
10.599999999999998	24.5187
10.699999999999998	23.0287
10.799999999999997	12.5534
10.899999999999997	15.224
10.999999999999996	14.0747
11.099999999999996	17.0548
11.199999999999996	7.26973
11.299999999999995	12.241
11.399999999999995	12.002
11.499999999999995	27.1821
11.599999999999994	24.7527
11.699999999999994	20.3931
11.799999999999994	20.195
11.899999999999993	19.4907
11.999999999999993	15.2507
12.099999999999993	17.0417
12.199999999999992	33.333
12.299999999999992	31.6213
12.399999999999991	28.1858
12.499999999999991	11.3531
12.599999999999991	15.8862
12.69999999999999	15.178
12.79999999999999	4.42193
12.89999999999999	12.3103
12.999999999999989	28.5725
13.099999999999989	25.9259
13.199999999999989	17.4199
13.299999999999988	8.2774
13.399999999999988	14.1926
13.499999999999988	22.0793
13.599999999999987	22.0311
13.699999999999987	10.0095
13.799999999999986	26.0989
13.899999999999986	11.8646
13.999999999999986	5.91714
14.099999999999985	10.8586
14.199999999999985	14.0793
14.299999999999985	5.95412
14.399999999999984	10.115
14.499999999999984	6.21838
14.599999999999984	12.3105
14.699999999999983	17.5012
14.799999999999983	8.46273
14.899999999999983	13.9704
14.999999999999982	8.81284
15.099999999999982	17.0614
15.199999999999982	9.66844
15.299999999999981	25.6994
15.399999999999981	6.83125
15.49999999999998	9.96353
15.59999999999998	16.9367
15.69999999999998	6.60338
15.799999999999979	14.9826
15.899999999999979	14.4839
15.999999999999979	16.197
16.09999999999998	20.3427
16.199999999999982	11.8474
16.299999999999983	18.5885
16.399999999999984	15.6852
16.499999999999986	19.023
16.599999999999987	8.96412
16.699999999999989	9.31517
16.79999999999999	13.3355
16.899999999999991	8.80719
16.999999999999993	15.7975
17.099999999999994	31.9416
17.199999999999996	12.5421
17.299999999999997	10.1584
17.399999999999999	16.8909
17.5	18.0056
17.600000000000001	7.38303
17.700000000000003	11.9841
17.800000000000004	28.1154
17.900000000000006	13.6809
18.000000000000007	19.3837
18.100000000000009	14.0899
18.20000000000001	14.0899
18.300000000000011	10.837
18.400000000000013	26.0446
18.500000000000014	19.8793
18.600000000000016	10.2129
18.700000000000017	10.736
18.800000000000018	18.3551
18.90000000000002	5.13795
19.000000000000021	5.02685
19.100000000000023	5.02685
19.200000000000024	10.1831
19.300000000000026	7.72868
19.400000000000027	7.39969
19.500000000000028	15.7961
19.60000000000003	18.1108
19.700000000000031	20.6329
19.800000000000033	9.4347
19.900000000000034	15.9103
20.000000000000036	22.8548
20.100000000000037	7.50309
20.200000000000038	20.428
20.30000000000004	23.0105
20.400000000000041	18.069
20.500000000000043	3.09002
20.600000000000044	6.30437
20.700000000000045	10.9953
20.800000000000047	18.4495
20.900000000000048	15.6118
21.00000000000005	9.58107
21.100000000000051	4.35201
21.200000000000053	4.35201
21.300000000000054	2.04763
21.400000000000055	7.55408
21.500000000000057	15.0625
21.600000000000058	6.48526
21.70000000000006	6.48526
21.800000000000061	4.16441
21.900000000000063	10.4286
22.000000000000064	9.02541
22.100000000000065	13.2438
22.200000000000067	15.143
22.300000000000068	10.4994
22.40000000000007	3.9941
22.500000000000071	8.48996
22.600000000000072	3.52682
22.700000000000074	11.8675
22.800000000000075	8.05354
22.900000000000077	4.78403
23.000000000000078	6.75124
23.10000000000008	11.8596
23.200000000000081	7.8102
23.300000000000082	12.2463
23.400000000000084	10.1323
23.500000000000085	11.7869
23.600000000000087	14.9765
23.700000000000088	31.1934
23.80000000000009	16.5453
23.900000000000091	17.019
24.000000000000092	9.22581
24.100000000000094	12.2004
24.200000000000095	11.9932
24.300000000000097	10.1521
24.400000000000098	6.56242
24.500000000000099	9.33089
24.600000000000101	6.74952
24.700000000000102	14.8009
24.800000000000104	10.2999
24.900000000000105	10.8494
25.000000000000107	12.9752
25.100000000000108	8.1919
25.200000000000109	7.21788
25.300000000000111	4.33782
25.400000000000112	12.8804
25.500000000000114	10.6927
25.600000000000115	6.3319
25.700000000000117	5.47939
25.800000000000118	8.87703
25.900000000000119	8.87703
26.000000000000121	4.25
26.100000000000122	11.4886
26.200000000000124	6.21989
26.300000000000125	13.175
26.400000000000126	9.06513
26.500000000000128	5.50991
26.600000000000129	4.28328
26.700000000000131	9.21709
26.800000000000132	12.1555
26.900000000000134	7.94165
27.000000000000135	11.4032
27.100000000000136	7.58813
27.200000000000138	7.58813
27.300000000000139	5.45358
27.400000000000141	7.44112
27.500000000000142	14.7841
27.600000000000144	13.075
27.700000000000145	10.9747
27.800000000000146	8.13578
27.900000000000148	4.34537
28.000000000000149	4.34537
28.100000000000151	2
28.200000000000152	2.49877
28.300000000000153	2.49877
28.400000000000155	4.65348
28.500000000000156	3.94303
28.600000000000158	3.94303
28.700000000000159	3.65565
28.800000000000161	4.26467
28.900000000000162	8.15419
29.000000000000163	5.07876
29.100000000000165	3.89906
29.200000000000166	3.89906
29.300000000000168	2.5
29.400000000000169	9.33648
29.500000000000171	3.23269
29.600000000000172	3.17725
29.700000000000173	6.26095
29.800000000000175	6.26095
29.900000000000176	5.62582
30.000000000000178	14.9538
30.100000000000179	6.05631
30.20000000000018	3.11071
30.300000000000182	3.11071
30.400000000000183	4.69951
30.500000000000185	4.69951
30.600000000000186	5.19763
30.700000000000188	19.8081
30.800000000000189	19.0259
30.90000000000019	15.155
31.000000000000192	14.3752
31.100000000000193	3.75976
31.200000000000195	6.81571
31.300000000000196	11.8448
31.400000000000198	9.08449
31.500000000000199	10.1535
31.6000000000002	5.63521
31.700000000000202	6.05118
31.800000000000203	5.43912
31.900000000000205	13.1274
32.000000000000206	3.92548
32.100000000000207	3.7314
32.200000000000209	3.78874
32.30000000000021	9.28118
32.400000000000212	6.67225
32.500000000000213	10.2515
32.600000000000215	3.66345
32.700000000000216	12.8924
32.800000000000217	20.0014
32.900000000000219	8.59494
33.00000000000022	8.59494
33.100000000000222	6.36191
33.200000000000223	6.48155
33.300000000000225	4.01305
33.400000000000226	3.45461
33.500000000000227	6.30789
33.600000000000229	2.85951
33.70000000000023	2.85951
33.800000000000232	2.9
33.900000000000233	2.9
34.000000000000234	2.9
34.100000000000236	2.9
34.200000000000237	2
34.300000000000239	5.48207
34.40000000000024	5.94613
34.500000000000242	4.27299
34.600000000000243	6.35048
34.700000000000244	14.8508
34.800000000000246	7.80957
34.900000000000247	3.58635
35.000000000000249	3.58635
35.10000000000025	6.09735
35.200000000000252	5.98461
35.300000000000253	8.04283
35.400000000000254	9.36535
35.500000000000256	6.28592
35.600000000000257	8.80659
35.700000000000259	13.8638
35.80000000000026	12.0911
35.900000000000261	6.62039
36.000000000000263	6.62039
36.100000000000264	6.77034
36.200000000000266	15.7089
36.300000000000267	11.9925
36.400000000000269	4.42216
36.50000000000027	4.42216
36.600000000000271	7.16526
36.700000000000273	10.0099
36.800000000000274	7.81609
36.900000000000276	8.66965
37.000000000000277	7.32922
37.100000000000279	4.6656
37.20000000000028	3.37986
37.300000000000281	3.10056
37.400000000000283	3.10056
37.500000000000284	7.96541
37.600000000000286	7.03748
37.700000000000287	12.9969
37.800000000000288	8.81066
37.90000000000029	10.0459
38.000000000000291	7.38864
38.100000000000293	4.99745
38.200000000000294	9.52468
38.300000000000296	12.3018
38.400000000000297	4.04249
38.500000000000298	5.00826
38.6000000000003	5.00826
38.700000000000301	1
38.800000000000303	11.2315
38.900000000000304	6.4086
39.000000000000306	4.96479
39.100000000000307	3.47754
39.200000000000308	3.47754
39.30000000000031	6.09735
39.400000000000311	4.92866
39.500000000000313	9.0799
39.600000000000314	7.59804
39.700000000000315	7.95626
39.800000000000317	12.0984
39.900000000000318	8.9784
40.00000000000032	7.55254
40.100000000000321	8.7485
40.200000000000323	9.01683
40.300000000000324	7.21221
40.400000000000325	16.0217
40.500000000000327	10.8557
40.600000000000328	7.65948
40.70000000000033	4.49525
40.800000000000331	4.49525
40.900000000000333	12.4054
41.000000000000334	8.12983
41.100000000000335	7.3427
41.200000000000337	10.7593
41.300000000000338	16.0406
41.40000000000034	21.6496
41.500000000000341	9.30938
41.600000000000342	5.48489
41.700000000000344	5.48489
41.800000000000345	3.55301
41.900000000000347	3.47811
42.000000000000348	10.7098
42.10000000000035	5.11588
42.200000000000351	10.0538
42.300000000000352	6.35384
42.400000000000354	12.0364
42.500000000000355	9.55625
42.600000000000357	4.68175
42.700000000000358	6.0676
42.80000000000036	6.5878
42.900000000000361	6.5878
43.000000000000362	7.20419
43.100000000000364	13.66
43.200000000000365	5.3798
43.300000000000367	12.8539
43.400000000000368	18.3625
43.500000000000369	10.3166
43.600000000000371	13.0345
43.700000000000372	9.96373
43.800000000000374	11.0324
43.900000000000375	7.09287
44.000000000000377	8.32188
44.100000000000378	12.1502
44.200000000000379	11.2038
44.300000000000381	7.33218
44.400000000000382	6.61131
44.500000000000384	6.60314
44.600000000000385	7.08629
44.700000000000387	6.01511
44.800000000000388	7.00816
44.900000000000389	7.7288
45.000000000000391	8.37188
45.100000000000392	10.5561
45.200000000000394	15.4002
45.300000000000395	8.53971
45.400000000000396	12.8607
45.500000000000398	6.95479
45.600000000000399	6.95479
45.700000000000401	4.5865
45.800000000000402	4.79392
45.900000000000404	4.79392
46.000000000000405	6.72885
46.100000000000406	9.06818
46.200000000000408	6.72933
46.300000000000409	8.86365
46.400000000000411	8.86365
46.500000000000412	3
46.600000000000414	11.4681
46.700000000000415	8.49158
46.800000000000416	2.50231
46.900000000000418	2.50231
47.000000000000419	5.19763
47.100000000000421	12.151
47.200000000000422	6.12776
47.300000000000423	12.8585
47.400000000000425	8.37207
47.500000000000426	8.06996
47.600000000000428	4.11749
47.700000000000429	5.25899
47.800000000000431	7.1117
47.900000000000432	14.4757
48.000000000000433	5.98486
48.100000000000435	10.3913
48.200000000000436	8.49191
48.300000000000438	15.0177
48.400000000000439	14.4251
48.500000000000441	4.61436
48.600000000000442	8.03977
48.700000000000443	10.727
48.800000000000445	4.85462
48.900000000000446	4.30066
49.000000000000448	4.30066
49.100000000000449	12.3242
49.20000000000045	7.11346
49.300000000000452	6.69054
49.400000000000453	6.41637
49.500000000000455	8.79984
49.600000000000456	5.19165
49.700000000000458	6.23553
49.800000000000459	7.53395
49.90000000000046	5.51741
50.000000000000462	3.56148
50.100000000000463	10.827
50.200000000000465	5.75575
50.300000000000466	21.0341
50.400000000000468	4.15248
50.500000000000469	8.42115
50.60000000000047	14.1409
50.700000000000472	7.38472
50.800000000000473	9.83491
50.900000000000475	4.42192
51.000000000000476	3.32079
51.100000000000477	17.3408
51.200000000000479	15.4841
51.30000000000048	10.4498
51.400000000000482	5.68746
51.500000000000483	4.46085
51.600000000000485	3.94767
51.700000000000486	3.94767
51.800000000000487	7.01409
51.900000000000489	12.7375
52.00000000000049	9.5273
52.100000000000492	5.45267
52.200000000000493	5.45267
52.300000000000495	2
52.400000000000496	3.27158
52.500000000000497	3.27158
52.600000000000499	10.5704
52.7000000000005	9.5069
52.800000000000502	6.24741
52.900000000000503	4.37117
53.000000000000504	8.0385
53.100000000000506	16.0536
53.200000000000507	3.22871
53.300000000000509	11.0961
53.40000000000051	4.53094
53.500000000000512	6.14031
53.600000000000513	5.34228
53.700000000000514	4.17531
53.800000000000516	6.39113
53.900000000000517	11.4343
54.000000000000519	15.7119
54.10000000000052	9.04161
54.200000000000522	9.04161
54.300000000000523	2.84431
54.400000000000524	2.84431
54.500000000000526	7.02286
54.600000000000527	3.57853
54.700000000000529	4.05458
54.80000000000053	6.66416
54.900000000000531	6.66416
55.000000000000533	4.84749
55.100000000000534	9.17299
55.200000000000536	9.17299
55.300000000000537	6.40217
55.400000000000539	2.38381
55.50000000000054	2.38381
55.600000000000541	6.09735
55.700000000000543	3.9262
55.800000000000544	3.9262
55.900000000000546	8.66387
56.000000000000547	9.3944
56.100000000000549	4.30977
56.200000