10	1
10.1	1
10.199999999999999	1
10.299999999999999	1
10.399999999999999	1
10.499999999999998	1
10.599999999999998	1
10.699999999999998	1
10.799999999999997	1
10.899999999999997	1
10.999999999999996	1
11.099999999999996	1
11.199999999999996	1
11.299999999999995	1
11.399999999999995	1
11.499999999999995	1
11.599999999999994	1
11.699999999999994	1
11.799999999999994	1
11.899999999999993	1
11.999999999999993	1
12.099999999999993	1
12.199999999999992	1
12.299999999999992	1
12.399999999999991	1
12.499999999999991	1
12.599999999999991	1
12.69999999999999	1
12.79999999999999	1
12.89999999999999	1
12.999999999999989	1
13.099999999999989	1
13.199999999999989	1
13.299999999999988	1
13.399999999999988	1
13.499999999999988	1
13.599999999999987	1
13.699999999999987	1
13.799999999999986	1
13.899999999999986	1
13.999999999999986	1
14.099999999999985	1
14.199999999999985	1
14.299999999999985	1
14.399999999999984	1
14.499999999999984	1
14.599999999999984	1
14.699999999999983	1
14.799999999999983	1
14.899999999999983	1
14.999999999999982	1
15.099999999999982	1
15.199999999999982	1
15.299999999999981	1
15.399999999999981	1
15.49999999999998	1
15.59999999999998	1
15.69999999999998	1
15.799999999999979	1
15.899999999999979	1
15.999999999999979	1
16.09999999999998	1
16.199999999999982	1
16.299999999999983	1
16.399999999999984	1
16.499999999999986	1
16.599999999999987	1
16.699999999999989	1
16.79999999999999	1
16.899999999999991	1
16.999999999999993	1
17.099999999999994	1
17.199999999999996	1
17.299999999999997	1
17.399999999999999	1
17.5	1
17.600000000000001	1
17.700000000000003	1
17.800000000000004	1
17.900000000000006	1
18.000000000000007	1
18.100000000000009	1
18.20000000000001	1
18.300000000000011	1
18.400000000000013	1
18.500000000000014	1
18.600000000000016	1
18.700000000000017	1
18.800000000000018	1
18.90000000000002	1
19.000000000000021	1
19.100000000000023	1
19.200000000000024	1
19.300000000000026	1
19.400000000000027	1
19.500000000000028	1
19.60000000000003	1
19.700000000000031	1
19.800000000000033	1
19.900000000000034	1
20.000000000000036	1
20.100000000000037	1
20.200000000000038	1
20.30000000000004	1
20.400000000000041	1
20.500000000000043	1
20.600000000000044	1
20.700000000000045	1
20.800000000000047	1
20.900000000000048	1
21.00000000000005	1
21.100000000000051	1
21.200000000000053	1
21.300000000000054	1
21.400000000000055	1
21.500000000000057	1
21.600000000000058	1
21.70000000000006	1
21.800000000000061	1
21.900000000000063	1
22.000000000000064	1
22.100000000000065	1
22.200000000000067	1
22.300000000000068	1
22.40000000000007	1
22.500000000000071	1
22.600000000000072	1
22.700000000000074	1
22.800000000000075	1
22.900000000000077	1
23.000000000000078	1
23.10000000000008	1
23.200000000000081	1
23.300000000000082	1
23.400000000000084	1
23.500000000000085	1
23.600000000000087	1
23.700000000000088	1
23.80000000000009	1
23.900000000000091	1
24.000000000000092	1
24.100000000000094	1
24.200000000000095	1
24.300000000000097	1
24.400000000000098	1
24.500000000000099	1
24.600000000000101	1
24.700000000000102	1
24.800000000000104	1
24.900000000000105	1
25.000000000000107	1
25.100000000000108	1
25.200000000000109	1
25.300000000000111	1
25.400000000000112	1
25.500000000000114	1
25.600000000000115	1
25.700000000000117	1
25.800000000000118	1
25.900000000000119	1
26.000000000000121	1
26.100000000000122	1
26.200000000000124	1
26.300000000000125	1
26.400000000000126	7
26.500000000000128	7.81738
26.600000000000129	12.3113
26.700000000000131	6.512
26.800000000000132	6.512
26.900000000000134	4.37907
27.000000000000135	7.98665
27.100000000000136	6.1023
27.200000000000138	4.22989
27.300000000000139	7.24149
27.400000000000141	2.62157
27.500000000000142	6.30737
27.600000000000144	4.95577
27.700000000000145	4.66264
27.800000000000146	3.40755
27.900000000000148	7.77525
28.000000000000149	5.74246
28.100000000000151	3.97824
28.200000000000152	6.34852
28.300000000000153	9.52433
28.400000000000155	5.55291
28.500000000000156	3.12063
28.600000000000158	3.12063
28.700000000000159	3.55301
28.800000000000161	7.70809
28.900000000000162	6.10941
29.000000000000163	3.79288
29.100000000000165	7.94603
29.200000000000166	5.73385
29.300000000000168	9.01857
29.400000000000169	13.5552
29.500000000000171	8.51429
29.600000000000172	9.83045
29.700000000000173	7.97526
29.800000000000175	6.42506
29.900000000000176	3.78973
30.000000000000178	2.37673
30.100000000000179	5.70655
30.20000000000018	4.56566
30.300000000000182	3.20905
30.400000000000183	5.73553
30.500000000000185	9.24002
30.600000000000186	5.42076
30.700000000000188	3.37667
30.800000000000189	2.43831
30.90000000000019	3.4395
31.000000000000192	6.96799
31.100000000000193	4.92191
31.200000000000195	2.75408
31.300000000000196	4.24722
31.400000000000198	8.64642
31.500000000000199	2.30465
31.6000000000002	6.02634
31.700000000000202	4.71924
31.800000000000203	9.10698
31.900000000000205	5.8564
32.000000000000206	9.20621
32.100000000000207	6.42435
32.200000000000209	4.51708
32.30000000000021	3.49456
32.400000000000212	6.06445
32.500000000000213	3.93272
32.600000000000215	3.23945
32.700000000000216	5.75198
32.800000000000217	10.1814
32.900000000000219	6.36171
33.00000000000022	7.11225
33.100000000000222	4.43868
33.200000000000223	4.00148
33.300000000000225	3.01795
33.400000000000226	6.31416
33.500000000000227	4.00339
33.600000000000229	4.00339
33.70000000000023	2
33.800000000000232	7.02286
33.900000000000233	4.57128
34.000000000000234	5.19885
34.100000000000236	9.67761
34.200000000000237	6.86939
34.300000000000239	5.50292
34.40000000000024	10.0444
34.500000000000242	5.81025
34.600000000000243	10.1153
34.700000000000244	6.76901
34.800000000000246	11.2397
34.900000000000247	8.08278
35.000000000000249	5.33499
35.10000000000025	3.10713
35.200000000000252	7.10659
35.300000000000253	11.6189
35.400000000000254	7.12969
35.500000000000256	4.93191
35.600000000000257	3.69916
35.700000000000259	6.18138
35.80000000000026	10.7128
35.900000000000261	3.17148
36.000000000000263	6.54236
36.100000000000264	11.1056
36.200000000000266	7.59239
36.300000000000267	6.07389
36.400000000000269	4.15962
36.50000000000027	7.61032
36.600000000000271	6.06226
36.700000000000273	4.21557
36.800000000000274	8.15114
36.900000000000276	12.7629
37.000000000000277	16.4665
37.100000000000279	10.3391
37.20000000000028	7.06186
37.300000000000281	5.54403
37.400000000000283	10.0667
37.500000000000284	6.43548
37.600000000000286	5.41966
37.700000000000287	9.99957
37.800000000000288	5.47913
37.90000000000029	4.2026
38.000000000000291	2.33287
38.100000000000293	2.86708
38.200000000000294	3.12348
38.300000000000296	6.20179
38.400000000000297	4.3821
38.500000000000298	7.32979
38.6000000000003	4.29786
38.700000000000301	3.35128
38.800000000000303	1.63136
38.900000000000304	6.31118
39.000000000000306	3.46138
39.100000000000307	3.46138
39.200000000000308	2.5
39.30000000000031	7.02286
39.400000000000311	5.39904
39.500000000000313	4.1102
39.600000000000314	7.31303
39.700000000000315	10.9493
39.800000000000317	3.818
39.900000000000318	7.43347
40.00000000000032	2.47976
40.100000000000321	6.0897
40.200000000000323	9.35509
40.300000000000324	3.32556
40.400000000000325	5.97169
40.500000000000327	4.47408
40.600000000000328	5.11411
40.70000000000033	4.37059
40.800000000000331	8.70639
40.900000000000333	7.31285
41.000000000000334	4.90486
41.100000000000335	9.20296
41.200000000000337	13.0016
41.300000000000338	7.44004
41.40000000000034	11.48
41.500000000000341	7.34912
41.600000000000342	4.92851
41.700000000000344	7.92284
41.800000000000345	6.1763
41.900000000000347	10.7099
42.000000000000348	7.96865
42.10000000000035	4.9032
42.200000000000351	3.17427
42.300000000000352	6.69647
42.400000000000354	5.06335
42.500000000000355	3.60542
42.600000000000357	3.49578
42.700000000000358	5.5402
42.80000000000036	4.25717
42.900000000000361	8.65121
43.000000000000362	4.82059
43.100000000000364	4.82059
43.200000000000365	3.55301
43.300000000000367	7.96541
43.400000000000368	11.7404
43.500000000000369	6.59459
43.600000000000371	6.59459
43.700000000000372	4.16441
43.800000000000374	8.48916
43.900000000000375	12.5082
44.000000000000377	9.27295
44.100000000000378	5.96323
44.200000000000379	10.1041
44.300000000000381	5.83805
44.4