10	1
10.1	1
10.199999999999999	1
10.299999999999999	1
10.399999999999999	1
10.499999999999998	1
10.599999999999998	1
10.699999999999998	1
10.799999999999997	1
10.899999999999997	1
10.999999999999996	1
11.099999999999996	1
11.199999999999996	1
11.299999999999995	1
11.399999999999995	1
11.499999999999995	1
11.599999999999994	1
11.699999999999994	1
11.799999999999994	1
11.899999999999993	1
11.999999999999993	1
12.099999999999993	1
12.199999999999992	1
12.299999999999992	1
12.399999999999991	1
12.499999999999991	1
12.599999999999991	1
12.69999999999999	1
12.79999999999999	1
12.89999999999999	1
12.999999999999989	1
13.099999999999989	1
13.199999999999989	1
13.299999999999988	1
13.399999999999988	1
13.499999999999988	1
13.599999999999987	1
13.699999999999987	1
13.799999999999986	1
13.899999999999986	1
13.999999999999986	1
14.099999999999985	1
14.199999999999985	1
14.299999999999985	1
14.399999999999984	1
14.499999999999984	1
14.599999999999984	1
14.699999999999983	1
14.799999999999983	1
14.899999999999983	1
14.999999999999982	1
15.099999999999982	1
15.199999999999982	1
15.299999999999981	1
15.399999999999981	1
15.49999999999998	1
15.59999999999998	1
15.69999999999998	1
15.799999999999979	1
15.899999999999979	1
15.999999999999979	1
16.09999999999998	1
16.199999999999982	1
16.299999999999983	1
16.399999999999984	1
16.499999999999986	1
16.599999999999987	1
16.699999999999989	1
16.79999999999999	1
16.899999999999991	1
16.999999999999993	1
17.099999999999994	1
17.199999999999996	1
17.299999999999997	1
17.399999999999999	1
17.5	1
17.600000000000001	1
17.700000000000003	1
17.800000000000004	1
17.900000000000006	1
18.000000000000007	1
18.100000000000009	1
18.20000000000001	1
18.300000000000011	1
18.400000000000013	1
18.500000000000014	1
18.600000000000016	1
18.700000000000017	1
18.800000000000018	1
18.90000000000002	1
19.000000000000021	1
19.100000000000023	1
19.200000000000024	1
19.300000000000026	1
19.400000000000027	1
19.500000000000028	1
19.60000000000003	1
19.700000000000031	1
19.800000000000033	1
19.900000000000034	1
20.000000000000036	1
20.100000000000037	1
20.200000000000038	1
20.30000000000004	1
20.400000000000041	1
20.500000000000043	1
20.600000000000044	1
20.700000000000045	1
20.800000000000047	1
20.900000000000048	1
21.00000000000005	1
21.100000000000051	1
21.200000000000053	1
21.300000000000054	1
21.400000000000055	1
21.500000000000057	1
21.600000000000058	1
21.70000000000006	1
21.800000000000061	1
21.900000000000063	1
22.000000000000064	1
22.100000000000065	1
22.200000000000067	1
22.300000000000068	1
22.40000000000007	1
22.500000000000071	1
22.600000000000072	1
22.700000000000074	1
22.800000000000075	1
22.900000000000077	1
23.000000000000078	1
23.10000000000008	1
23.200000000000081	1
23.300000000000082	1
23.400000000000084	1
23.500000000000085	1
23.600000000000087	1
23.700000000000088	1
23.80000000000009	1
23.900000000000091	8
24.000000000000092	13
24.100000000000094	13
24.200000000000095	7.53572
24.300000000000097	7.92705
24.400000000000098	10.5416
24.500000000000099	13.3176
24.600000000000101	16.1726
24.700000000000102	9.37687
24.800000000000104	9.37687
24.900000000000105	1
25.000000000000107	4.92064
25.100000000000108	7.3909
25.200000000000109	10.1462
25.300000000000111	5.93933
25.400000000000112	8.22219
25.500000000000114	10.7645
25.600000000000115	13.4945
25.700000000000117	7.14642
25.800000000000118	9.23742
25.900000000000119	12.0664
26.000000000000121	14.8933
26.100000000000122	8.00134
26.200000000000124	10.6917
26.300000000000125	6.09188
26.400000000000126	8.57064
26.500000000000128	11.3019
26.600000000000129	6.63553
26.700000000000131	9.29355
26.800000000000132	12.0262
26.900000000000134	7.40695
27.000000000000135	4.55719
27.100000000000136	4.98597
27.200000000000138	7.43405
27.300000000000139	10.1775
27.400000000000141	6.16728
27.500000000000142	8.96734
27.600000000000144	11.2535
27.700000000000145	6.46539
27.800000000000146	9.17356
27.900000000000148	12.0177
28.000000000000149	6.71951
28.100000000000151	9.24519
28.200000000000152	11.8203
28.300000000000153	14.4194
28.400000000000155	8.95536
28.500000000000156	11.5956
28.600000000000158	6.29565
28.700000000000159	6.29565
28.800000000000161	3.80217
28.900000000000162	5.73389
29.000000000000163	7.56024
29.100000000000165	10.2696
29.200000000000166	5.77893
29.300000000000168	5.77893
29.400000000000169	5.77893
29.500000000000171	8.10792
29.600000000000172	5.54575
29.700000000000173	7.81682
29.800000000000175	10.0676
29.900000000000176	5.37175
30.000000000000178	6.2457
30.100000000000179	9.66692
30.20000000000018	5.55855
30.300000000000182	7.00945
30.400000000000183	9.66728
30.500000000000185	12.3978
30.600000000000186	7.27783
30.700000000000188	7.27783
30.800000000000189	7.27783
30.90000000000019	3
31.000000000000192	5.44207
31.100000000000193	8.12537
31.200000000000195	4.95873
31.300000000000196	7.41601
31.400000000000198	9.96467
31.500000000000199	12.6306
31.6000000000002	6.779
31.700000000000202	9.39596
31.800000000000203	12.1879
31.900000000000205	14.9918
32.000000000000206	8.32019
32.100000000000207	5.03532
32.200000000000209	7.33044
32.30000000000021	10.1024
32.400000000000212	12.8959
32.500000000000213	7.45737
32.600000000000215	8.58805
32.700000000000216	5.49178
32.800000000000217	8.15843
32.900000000000219	10.9936
33.00000000000022	5.72058
33.100000000000222	6.69964
33.200000000000223	3.34982
33.300000000000225	5.98479
33.400000000000226	8.49538
33.500000000000227	4.30655
33.600000000000229	6.55549
33.70000000000023	9.2369
33.800000000000232	12.066
33.900000000000233	7.21546
34.000000000000234	9.71403
34.100000000000236	12.4342
34.200000000000237	15.2583
34.300000000000239	18.138
34.40000000000024	9.91309
34.500000000000242	9.91309
34.600000000000243	6.10504
34.700000000000244	8.34188
34.800000000000246	4.57383
34.900000000000247	2.39623
35.000000000000249	4.28439
35.10000000000025	6.98958
35.200000000000252	3.90404
35.300000000000253	4.6278
35.400000000000254	7.20179
35.500000000000256	10.0099
35.600000000000257	5.88132
35.700000000000259	8.18067
35.80000000000026	5.33567
35.900000000000261	8.05521
36.000000000000263	10.732
36.100000000000264	5.36598
36.200000000000266	7.00456
36.300000000000267	9.66376
36.400000000000269	12.3951
36.50000000000027	6.63048
36.600000000000271	9.28996
36.700000000000273	11.8553
36.800000000000274	14.5862
36.900000000000276	8.46915
37.000000000000277	10.389
37.100000000000279	5.95966
37.20000000000028	8.11353
37.300000000000281	10.9605
37.400000000000283	13.6511
37.500000000000284	8.19988
37.600000000000286	10.6537
37.700000000000287	5.51458
37.800000000000288	3.44048
37.90000000000029	3.44048
38.000000000000291	1
38.100000000000293	3.55301
38.200000000000294	6.09735
38.300000000000296	8.69112
38.400000000000297	4.89015
38.500000000000298	6.94767
38.6000000000003	9.41149
38.700000000000301	11.9506
38.800000000000303	5.97528
38.900000000000304	8.24801
39.000000000000306	10.8769
39.100000000000307	6.25559
39.200000000000308	8.80211
39.30000000000031	4.6781
39.400000000000311	6.17801
39.500000000000313	8.39509
39.600000000000314	11.1698
39.700000000000315	13.8918
39.800000000000317	7.05335
39.900000000000318	7.05335
40.00000000000032	8.83042
40.100000000000321	11.412
40.200000000000323	14.0871
40.300000000000324	7.88448
40.400000000000325	10.3168
40.500000000000327	5.71961
40.600000000000328	3.27303
40.70000000000033	4.80733
40.800000000000331	7.17756
40.900000000000333	9.58167
41.000000000000334	5.57737
41.100000000000335	7.57742
41.200000000000337	4.28783
41.300000000000338	4.28783
41.40000000000034	4.28783
41.500000000000341	2.5
41.600000000000342	4.99753
41.700000000000344	7.30482
41.800000000000345	10.0839
41.900000000000347	6.25222
42.000000000000348	9.02556
42.10000000000035	11.7356
42.200000000000351	14.4892
42.300000000000352	17.3238
42.400000000000354	9.92788
42.500000000000355	9.92788
42.600000000000357	5.44647
42.700000000000358	7.20749
42.80000000000036	10.0139
42.900000000000361	12.7484
43.000000000000362	7.18858
43.100000000000364	9.89939
43.200000000000365	5.14873
43.300000000000367	7.40798
43.400000000000368	10.1585
43.500000000000369	5.22553
43.600000000000371	6.12102
43.700000000000372	8.82247
43.800000000000374	5.2947
43.900