10	1
10.1	1
10.199999999999999	1
10.299999999999999	1
10.399999999999999	1
10.499999999999998	1
10.599999999999998	1
10.699999999999998	1
10.799999999999997	1
10.899999999999997	1
10.999999999999996	1
11.099999999999996	1
11.199999999999996	1
11.299999999999995	1
11.399999999999995	1
11.499999999999995	1
11.599999999999994	1
11.699999999999994	1
11.799999999999994	1
11.899999999999993	1
11.999999999999993	1
12.099999999999993	1
12.199999999999992	1
12.299999999999992	1
12.399999999999991	1
12.499999999999991	1
12.599999999999991	1
12.69999999999999	1
12.79999999999999	1
12.89999999999999	1
12.999999999999989	1
13.099999999999989	1
13.199999999999989	1
13.299999999999988	1
13.399999999999988	1
13.499999999999988	1
13.599999999999987	1
13.699999999999987	1
13.799999999999986	1
13.899999999999986	1
13.999999999999986	1
14.099999999999985	1
14.199999999999985	1
14.299999999999985	1
14.399999999999984	1
14.499999999999984	1
14.599999999999984	1
14.699999999999983	1
14.799999999999983	1
14.899999999999983	1
14.999999999999982	1
15.099999999999982	1
15.199999999999982	1
15.299999999999981	1
15.399999999999981	1
15.49999999999998	1
15.59999999999998	1
15.69999999999998	1
15.799999999999979	1
15.899999999999979	1
15.999999999999979	1
16.09999999999998	1
16.199999999999982	1
16.299999999999983	1
16.399999999999984	1
16.499999999999986	1
16.599999999999987	1
16.699999999999989	1
16.79999999999999	1
16.899999999999991	1
16.999999999999993	1
17.099999999999994	1
17.199999999999996	1
17.299999999999997	1
17.399999999999999	1
17.5	1
17.600000000000001	1
17.700000000000003	1
17.800000000000004	1
17.900000000000006	1
18.000000000000007	1
18.100000000000009	1
18.20000000000001	1
18.300000000000011	1
18.400000000000013	1
18.500000000000014	1
18.600000000000016	1
18.700000000000017	1
18.800000000000018	1
18.90000000000002	1
19.000000000000021	1
19.100000000000023	1
19.200000000000024	1
19.300000000000026	1
19.400000000000027	1
19.500000000000028	1
19.60000000000003	1
19.700000000000031	1
19.800000000000033	1
19.900000000000034	1
20.000000000000036	1
20.100000000000037	1
20.200000000000038	1
20.30000000000004	1
20.400000000000041	1
20.500000000000043	1
20.600000000000044	1
20.700000000000045	1
20.800000000000047	1
20.900000000000048	1
21.00000000000005	1
21.100000000000051	1
21.200000000000053	1
21.300000000000054	1
21.400000000000055	1
21.500000000000057	1
21.600000000000058	1
21.70000000000006	1
21.800000000000061	1
21.900000000000063	1
22.000000000000064	1
22.100000000000065	1
22.200000000000067	1
22.300000000000068	1
22.40000000000007	1
22.500000000000071	1
22.600000000000072	1
22.700000000000074	1
22.800000000000075	1
22.900000000000077	1
23.000000000000078	1
23.10000000000008	8
23.200000000000081	32
23.300000000000082	32.0937
23.400000000000084	16.325
23.500000000000085	11.4608
23.600000000000087	22.0001
23.700000000000088	31.5652
23.80000000000009	21.4424
23.900000000000091	32.1276
24.000000000000092	17.046
24.100000000000094	15.1719
24.200000000000095	14.0029
24.300000000000097	23.4221
24.400000000000098	34.1317
24.500000000000099	43.9912
24.600000000000101	53.7162
24.700000000000102	64.4795
24.800000000000104	16.3403
24.900000000000105	16.4625
25.000000000000107	26.1051
25.100000000000108	35.83
25.200000000000109	46.5194
25.300000000000111	29.4818
25.400000000000112	39.236
25.500000000000114	11.4448
25.600000000000115	18.9073
25.700000000000117	29.3927
25.800000000000118	39.1691
25.900000000000119	49.0351
26.000000000000121	59.8217
26.100000000000122	69.4895
26.200000000000124	32.0937
26.300000000000125	16.325
26.400000000000126	22.1994
26.500000000000128	32.9425
26.600000000000129	42.6083
26.700000000000131	52.3992
26.800000000000132	14.1152
26.900000000000134	15.209
27.000000000000135	13.4399
27.100000000000136	23.0471
27.200000000000138	32.6729
27.300000000000139	43.3798
27.400000000000141	53.1602
27.500000000000142	29.8418
27.600000000000144	15.2689
27.700000000000145	19.219
27.800000000000146	29.8967
27.900000000000148	39.5486
28.000000000000149	49.3388
28.100000000000151	60.1873
28.200000000000152	69.876
28.300000000000153	16.279
28.400000000000155	16.4016
28.500000000000156	26.0668
28.600000000000158	36.7126
28.700000000000159	46.4549
28.800000000000161	56.2872
28.900000000000162	14.6551
29.000000000000163	19.4694
29.100000000000165	29.1455
29.200000000000166	17.8582
29.300000000000168	23.605
29.400000000000169	34.2574
29.500000000000171	20.951
29.600000000000172	10.9429
29.700000000000173	21.1283
29.800000000000175	30.8023
29.900000000000176	23.0338
30.000000000000178	32.6329
30.100000000000179	42.3694
30.20000000000018	53.192
30.300000000000182	63.0838
30.400000000000183	16.3624
30.500000000000185	22.2269
30.600000000000186	32.0063
30.700000000000188	24.0726
30.800000000000189	33.7317
30.90000000000019	43.452
31.000000000000192	54.2614
31.100000000000193	64.1441
31.200000000000195	32.0312
31.300000000000196	16.2943
31.400000000000198	9.45587
31.500000000000199	19.1343
31.6000000000002	28.7842
31.700000000000202	18.979
31.800000000000203	25.0695
31.900000000000205	34.7391
32.000000000000206	44.3965
32.100000000000207	12.6917
32.200000000000209	17.5329
32.30000000000021	28.1403
32.400000000000212	37.9497
32.500000000000213	23.0346
32.600000000000215	16.6278
32.700000000000216	26.2096
32.800000000000217	36.0175
32.900000000000219	21.4561
33.00000000000022	17.6653
33.100000000000222	28.2229
33.200000000000223	19.8339
33.300000000000225	29.3901
33.400000000000226	40.1508
33.500000000000227	50.0231
33.600000000000229	30.052
33.70000000000023	15.3553
33.800000000000232	15.4853
33.900000000000233	26.0829
34.000000000000234	35.7859
34.100000000000236	45.5069
34.200000000000237	56.3124
34.300000000000239	15.32
34.40000000000024	16.3942
34.500000000000242	12.8786
34.600000000000243	22.2802
34.700000000000244	16.4138
34.800000000000246	26.0744
34.900000000000247	35.7798
35.000000000000249	24.1396
35.10000000000025	15.5661
35.200000000000252	26.1309
35.300000000000253	35.9046
35.400000000000254	45.6002
35.500000000000256	56.3879
35.600000000000257	66.2401
35.700000000000259	16.279
35.80000000000026	16.279
35.900000000000261	23.1378
36.000000000000263	33.6412
36.100000000000264	43.3819
36.200000000000266	14.5552
36.300000000000267	25.1078
36.400000000000269	34.8242
36.50000000000027	44.5306
36.600000000000271	27.5553
36.700000000000273	14.1361
36.800000000000274	21.0292
36.900000000000276	30.604
37.000000000000277	40.3098
37.100000000000279	51.0991
37.20000000000028	14.0874
37.300000000000281	18.075
37.400000000000283	28.5861
37.500000000000284	38.3074
37.600000000000286	49.1295
37.700000000000287	28.4599
37.800000000000288	38.2134
37.90000000000029	23.5504
38.000000000000291	33.241
38.100000000000293	10.5081
38.200000000000294	20.0267
38.300000000000296	29.5881
38.400000000000297	40.296
38.500000000000298	22.4158
38.6000000000003	11.6459
38.700000000000301	20.1041
38.800000000000303	29.7417
38.900000000000304	22.0686
39.000000000000306	31.7078
39.100000000000307	41.4205
39.200000000000308	52.2292
39.30000000000031	14.6673
39.400000000000311	20.4319
39.500000000000313	31.1108
39.600000000000314	18.6284
39.700000000000315	28.2743
39.800000000000317	38.0228
39.900000000000318	47.7489
40.00000000000032	58.5163
40.100000000000321	16.3403
40.200000000000323	16.3403
40.300000000000324	26.1051
40.400000000000325	35.83
40.500000000000327	46.5194
40.600000000000328	12.4354
40.70000000000033	20.7159
40.800000000000331	16.3722
40.900000000000333	26.0483
41.000000000000334	35.7047
41.100000000000335	24.0079
41.200000000000337	17.1573
41.300000000000338	27.365
41.40000000000034	37.1369
41.500000000000341	47.0041
41.600000000000342	57.7026
41.700000000000344	67.4814
41.800000000000345	16.3097
41.900000000000347	17.3801
42.000000000000348	27.065
42.10000000000035	37.7206
42.200000000000351	47.4666
42.300000000000352	12.7359
42.400000000000354	22.9955
42.500000000000355	32.5445
42.600000000000357	22.8585
42.700000000000358	14.9062
42.80000000000036	20.7008
42.900000000000361	31.288
43.000000000000362	41.1
43.100000000000364	50.9649
43.200000000000365	61.7059
43.300000000000367	16.2943
43.400000000000368	16.2943
43.500000000000369	23.1486
43.600000000000371	32.8969
43.7