10	1
10.1	1
10.199999999999999	1
10.299999999999999	1
10.399999999999999	1
10.499999999999998	1
10.599999999999998	1
10.699999999999998	1
10.799999999999997	1
10.899999999999997	1
10.999999999999996	1
11.099999999999996	1
11.199999999999996	1
11.299999999999995	1
11.399999999999995	1
11.499999999999995	1
11.599999999999994	1
11.699999999999994	1
11.799999999999994	1
11.899999999999993	1
11.999999999999993	1
12.099999999999993	1
12.199999999999992	1
12.299999999999992	1
12.399999999999991	1
12.499999999999991	1
12.599999999999991	1
12.69999999999999	1
12.79999999999999	1
12.89999999999999	1
12.999999999999989	1
13.099999999999989	1
13.199999999999989	1
13.299999999999988	1
13.399999999999988	1
13.499999999999988	1
13.599999999999987	1
13.699999999999987	1
13.799999999999986	1
13.899999999999986	1
13.999999999999986	1
14.099999999999985	1
14.199999999999985	1
14.299999999999985	1
14.399999999999984	1
14.499999999999984	1
14.599999999999984	1
14.699999999999983	1
14.799999999999983	1
14.899999999999983	1
14.999999999999982	1
15.099999999999982	1
15.199999999999982	1
15.299999999999981	1
15.399999999999981	1
15.49999999999998	1
15.59999999999998	1
15.69999999999998	1
15.799999999999979	1
15.899999999999979	1
15.999999999999979	1
16.09999999999998	1
16.199999999999982	1
16.299999999999983	1
16.399999999999984	1
16.499999999999986	1
16.599999999999987	1
16.699999999999989	1
16.79999999999999	1
16.899999999999991	1
16.999999999999993	1
17.099999999999994	1
17.199999999999996	1
17.299999999999997	1
17.399999999999999	1
17.5	1
17.600000000000001	1
17.700000000000003	1
17.800000000000004	1
17.900000000000006	1
18.000000000000007	1
18.100000000000009	1
18.20000000000001	1
18.300000000000011	1
18.400000000000013	1
18.500000000000014	1
18.600000000000016	1
18.700000000000017	1
18.800000000000018	1
18.90000000000002	1
19.000000000000021	1
19.100000000000023	1
19.200000000000024	1
19.300000000000026	1
19.400000000000027	1
19.500000000000028	1
19.60000000000003	1
19.700000000000031	1
19.800000000000033	1
19.900000000000034	1
20.000000000000036	1
20.100000000000037	1
20.200000000000038	1
20.30000000000004	1
20.400000000000041	1
20.500000000000043	1
20.600000000000044	1
20.700000000000045	1
20.800000000000047	1
20.900000000000048	1
21.00000000000005	1
21.100000000000051	1
21.200000000000053	1
21.300000000000054	1
21.400000000000055	1
21.500000000000057	4
21.600000000000058	26.5
21.70000000000006	26.5
21.800000000000061	8
21.900000000000063	19.1151
22.000000000000064	26.7904
22.100000000000065	16.2784
22.200000000000067	12.5139
22.300000000000068	20.1264
22.40000000000007	27.8819
22.500000000000071	34.5777
22.600000000000072	20.0735
22.700000000000074	27.7717
22.800000000000075	34.5179
22.900000000000077	23.3378
23.000000000000078	14.7215
23.10000000000008	9.74471
23.200000000000081	17.191
23.300000000000082	11.6601
23.400000000000084	13.194
23.500000000000085	10.1058
23.600000000000087	16.0184
23.700000000000088	22.6039
23.80000000000009	30.2527
23.900000000000091	38.098
24.000000000000092	20.4308
24.100000000000094	7.88654
24.200000000000095	12.109
24.300000000000097	18.6832
24.400000000000098	26.1036
24.500000000000099	33.8771
24.600000000000101	19.3645
24.700000000000102	12.8186
24.800000000000104	20.3169
24.900000000000105	28.0196
25.000000000000107	34.8614
25.100000000000108	22.9799
25.200000000000109	30.6001
25.300000000000111	15.6717
25.400000000000112	12.0308
25.500000000000114	19.4736
25.600000000000115	26.2206
25.700000000000117	34.0262
25.800000000000118	21.659
25.900000000000119	13.5586
26.000000000000121	10.9911
26.100000000000122	18.3663
26.200000000000124	25.1323
26.300000000000125	32.9531
26.400000000000126	40.597
26.500000000000128	23.5067
26.600000000000129	30.312
26.700000000000131	18.0624
26.800000000000132	11.7327
26.900000000000134	9.75573
27.000000000000135	17.1972
27.100000000000136	24.0016
27.200000000000138	31.66
27.300000000000139	39.4281
27.400000000000141	22.7745
27.500000000000142	11.8186
27.600000000000144	18.2788
27.700000000000145	5.43975
27.800000000000146	7.03901
27.900000000000148	14.2919
28.000000000000149	21.0392
28.100000000000151	28.6872
28.200000000000152	15.9771
28.300000000000153	9.34644
28.400000000000155	9.34644
28.500000000000156	3
28.600000000000158	10.9095
28.700000000000159	18.3177
28.800000000000161	11.638
28.900000000000162	9.0894
29.000000000000163	16.3464
29.100000000000165	11.0627
29.200000000000166	18.5176
29.300000000000168	11.9704
29.400000000000169	17.0776
29.500000000000171	24.6985
29.600000000000172	32.3772
29.700000000000173	19.1091
29.800000000000175	12.5472
29.900000000000176	20.1471
30.000000000000178	15.1775
30.100000000000179	22.8641
30.20000000000018	30.4147
30.300000000000182	37.1921
30.400000000000183	20.9725
30.500000000000185	10.8152
30.600000000000186	12.6144
30.700000000000188	10.4202
30.800000000000189	18.0314
30.90000000000019	24.687
31.000000000000192	32.2135
31.100000000000193	9.8118
31.200000000000195	12.103
31.300000000000196	12.3018
31.400000000000198	19.9955
31.500000000000199	14.3638
31.6000000000002	22.017
31.700000000000202	29.6149
31.800000000000203	18.1369
31.900000000000205	25.8709
32.000000000000206	33.4897
32.100000000000207	18.191
32.200000000000209	9.12297
32.30000000000021	4.72398
32.400000000000212	9.10939
32.500000000000213	5.129
32.600000000000215	4.61133
32.700000000000216	6.3541
32.800000000000217	5.02086
32.900000000000219	10.2924
33.00000000000022	6.7492
33.100000000000222	6.46064
33.200000000000223	13.8748
33.300000000000225	12.0455
33.400000000000226	18.9089
33.500000000000227	14.1328
33.600000000000229	10.561
33.70000000000023	12.8737
33.800000000000232	8.30646
33.900000000000233	14.1963
34.000000000000234	12.367
34.100000000000236	20.0356
34.200000000000237	27.636
34.300000000000239	34.4088
34.40000000000024	19.9507
34.500000000000242	19.9507
34.600000000000243	2
34.700000000000244	9
34.800000000000246	9
34.900000000000247	9
35.000000000000249	9
35.10000000000025	6.51909
35.200000000000252	6.56365
35.300000000000253	13.7778
35.400000000000254	21.3135
35.500000000000256	28.1166
35.600000000000257	35.9554
35.700000000000259	22.1883
35.80000000000026	29.0274
35.900000000000261	19.2063
36.000000000000263	26.8182
36.100000000000264	15.5835
36.200000000000266	13.758
36.300000000000267	12.2811
36.400000000000269	8.82199
36.50000000000027	16.1999
36.600000000000271	12.4484
36.700000000000273	7.64422
36.800000000000274	7.12959
36.900000000000276	14.4756
37.000000000000277	8.24125
37.100000000000279	12.9759
37.20000000000028	11.2932
37.300000000000281	17.8885
37.400000000000283	12.6407
37.500000000000284	9.27902
37.600000000000286	15.8947
37.700000000000287	23.4314
37.800000000000288	16.3721
37.90000000000029	9.59432
38.000000000000291	16.0177
38.100000000000293	23.4723
38.200000000000294	30.2192
38.300000000000296	19.0117
38.400000000000297	26.6041
38.500000000000298	33.3767
38.6000000000003	41.1852
38.700000000000301	49.0754
38.800000000000303	55.969
38.900000000000304	14.4712
39.000000000000306	14.4712
39.100000000000307	4
39.200000000000308	5.86981
39.30000000000031	5.76923
39.400000000000311	10.8592
39.500000000000313	18.178
39.600000000000314	24.9951
39.700000000000315	32.5426
39.800000000000317	19.6674
39.900000000000318	12.1142
40.00000000000032	18.6866
40.100000000000321	26.2207
40.200000000000323	16.4784
40.300000000000324	11.6903
40.400000000000325	10.2974
40.500000000000327	7.81755
40.600000000000328	11.2909
40.70000000000033	18.7615
40.800000000000331	12.1742
40.900000000000333	10.9768
41.000000000000334	4.86808
41.100000000000335	11.0693
41.200000000000337	9.18425
41.300000000000338	16.5209
41.40000000000034	11.0819
41.500000000000341	7.36706
41.600000000000342	12.6021
41.700000000000344	19.2155
41.800000000000345	27.0107
41.900000000000347	17.2469
42.000000000000348	23.0596
42.10000000000035	30.7577
42.200000000000351	38.5001
42.300000000000352	21.9795
42.400000000000354	11.4142
42.500000000000355	17.0495
42.600000000000357	23.6858
42.700000000000358	31.3894
42.80000000000036	19.142
42.900000000000361	25.9369
43.000000000000362	18.4794
43.100000000000364	26.1885
43.200000000000365	32.9859
43.300000000000367	19.4956
43.400000000000368	27.2105
43.500