10	1
10.1	1
10.199999999999999	1
10.299999999999999	1
10.399999999999999	1
10.499999999999998	1
10.599999999999998	1
10.699999999999998	1
10.799999999999997	1
10.899999999999997	1
10.999999999999996	1
11.099999999999996	1
11.199999999999996	1
11.299999999999995	1
11.399999999999995	1
11.499999999999995	1
11.599999999999994	1
11.699999999999994	1
11.799999999999994	1
11.899999999999993	1
11.999999999999993	1
12.099999999999993	1
12.199999999999992	1
12.299999999999992	1
12.399999999999991	1
12.499999999999991	1
12.599999999999991	1
12.69999999999999	1
12.79999999999999	1
12.89999999999999	1
12.999999999999989	1
13.099999999999989	1
13.199999999999989	1
13.299999999999988	1
13.399999999999988	1
13.499999999999988	1
13.599999999999987	1
13.699999999999987	1
13.799999999999986	1
13.899999999999986	1
13.999999999999986	1
14.099999999999985	1
14.199999999999985	1
14.299999999999985	1
14.399999999999984	4
14.499999999999984	32
14.599999999999984	25.5
14.699999999999983	25.5
14.799999999999983	2
14.899999999999983	10
14.999999999999982	12.2483
15.099999999999982	12.2483
15.199999999999982	12.2483
15.299999999999981	12.2483
15.399999999999981	2
15.49999999999998	2
15.59999999999998	2
15.69999999999998	2
15.799999999999979	2
15.899999999999979	2
15.999999999999979	2
16.09999999999998	2
16.199999999999982	2
16.299999999999983	3.55301
16.399999999999984	6.09735
16.499999999999986	8.80618
16.599999999999987	10.5704
16.699999999999989	13.3404
16.79999999999999	7.51808
16.899999999999991	3.95515
16.999999999999993	5.47507
17.099999999999994	8.1473
17.199999999999996	9.82686
17.299999999999997	12.3611
17.399999999999999	15.1988
17.5	17.1209
17.600000000000001	19.982
17.700000000000003	10.2872
17.800000000000004	5.19222
17.900000000000006	7.57242
18.000000000000007	10.2786
18.100000000000009	12.0752
18.20000000000001	14.9004
18.300000000000011	8.63379
18.400000000000013	10.5234
18.500000000000014	12.3654
18.600000000000016	15.2023
18.700000000000017	17.9242
18.800000000000018	8.96208
18.90000000000002	11.6008
19.000000000000021	14.3803
19.100000000000023	7.25953
19.200000000000024	8.53605
19.300000000000026	11.2758
19.400000000000027	13.1643
19.500000000000028	7.09533
19.60000000000003	9.41428
19.700000000000031	5.01729
19.800000000000033	7.45485
19.900000000000034	4.70463
20.000000000000036	6.35926
20.100000000000037	9.09954
20.200000000000038	11.7925
20.30000000000004	14.5352
20.400000000000041	16.4132
20.500000000000043	19.2758
20.600000000000044	22.1742
20.700000000000045	11.5297
20.800000000000047	11.5297
20.900000000000048	14.2529
21.00000000000005	16.1639
21.100000000000051	8.65073
21.200000000000053	10.6321
21.300000000000054	12.458
21.400000000000055	15.2776
21.500000000000057	18.1543
21.600000000000058	9.79356
21.70000000000006	9.79356
21.800000000000061	9.89567
21.900000000000063	9.89567
22.000000000000064	4
22.100000000000065	5.68862
22.200000000000067	3.25955
22.300000000000068	3.25955
22.40000000000007	4.79841
22.500000000000071	3.48647
22.600000000000072	5.15344
22.700000000000074	3.19279
22.800000000000075	5.16636
22.900000000000077	3.60936
23.000000000000078	6.12945
23.10000000000008	7.98987
23.200000000000081	10.5887
23.300000000000082	6.36999
23.400000000000084	6.36999
23.500000000000085	3.26349
23.600000000000087	5.20893
23.700000000000088	7.03116
23.80000000000009	9.68296
23.900000000000091	12.2473
24.000000000000092	14.1471
24.100000000000094	7.81409
24.200000000000095	8.89893
24.300000000000097	5.09273
24.400000000000098	7.76942
24.500000000000099	10.424
24.600000000000101	12.2811
24.700000000000102	14.9339
24.800000000000104	8.08002
24.900000000000105	4.16284
25.000000000000107	6.14217
25.100000000000108	4.21442
25.200000000000109	6.94769
25.300000000000111	8.63071
25.400000000000112	11.3474
25.500000000000114	6.18163
25.600000000000115	3.1717
25.700000000000117	5.15379
25.800000000000118	2.76741
25.900000000000119	2.76741
26.000000000000121	5.12838
26.100000000000122	7.79257
26.200000000000124	9.53559
26.300000000000125	12.2956
26.400000000000126	7.48035
26.500000000000128	8.9519
26.600000000000129	11.5929
26.700000000000131	14.374
26.800000000000132	16.2707
26.900000000000134	19.1546
27.000000000000135	10.3562
27.100000000000136	5.55252
27.200000000000138	8.07523
27.300000000000139	10.84
27.400000000000141	6.19758
27.500000000000142	8.04197
27.600000000000144	4.71256
27.700000000000145	6.36507
27.800000000000146	8.17107
27.900000000000148	11.003
28.000000000000149	6.2689
28.100000000000151	6.2689
28.200000000000152	1
28.300000000000153	3.63333
28.400000000000155	5.44207
28.500000000000156	7.61288
28.600000000000158	9.38974
28.700000000000159	5.15415
28.800000000000161	6.69558
28.900000000000162	8.4299
29.000000000000163	11.1959
29.100000000000165	14.0562
29.200000000000166	7.61013
29.300000000000168	9.38752
29.400000000000169	12.1814
29.500000000000171	14.0902
29.600000000000172	8.01034
29.700000000000173	10.0195
29.800000000000175	11.8558
29.900000000000176	14.5866
30.000000000000178	7.39563
30.100000000000179	3.96121
30.20000000000018	3.96121
30.300000000000182	1
30.400000000000183	2.5
30.500000000000185	1.25
30.600000000000186	3.68661
30.700000000000188	2.84331
30.800000000000189	3.79306
30.90000000000019	3.55024
31.000000000000192	6.09578
31.100000000000193	6.09578
31.200000000000195	3.04789
31.300000000000196	4.43624
31.400000000000198	6.16569
31.500000000000199	8.96625
31.6000000000002	11.604
31.700000000000202	13.4462
31.800000000000203	15.7149
31.900000000000205	8.4744
32.000000000000206	10.0991
32.100000000000207	5.04955
32.200000000000209	5.24759
32.30000000000021	5.24759
32.400000000000212	1
32.500000000000213	2.9
32.600000000000215	5.19763
32.700000000000216	7.96541
32.800000000000217	9.67696
32.900000000000219	12.4054
33.00000000000022	6.24299
33.100000000000222	6.24299
33.200000000000223	2
33.300000000000225	3.63333
33.400000000000226	6.46458
33.500000000000227	9.17299
33.600000000000229	11.0604
33.70000000000023	6.6806
33.800000000000232	7.79656
33.900000000000233	3.89828
34.000000000000234	4.39549
34.100000000000236	4.39549
34.200000000000237	2
34.300000000000239	4.33944
34.40000000000024	5.92867
34.500000000000242	3.43873
34.600000000000243	5.12207
34.700000000000244	6.82102
34.800000000000246	9.21027
34.900000000000247	5.45434
35.000000000000249	5.98702
35.10000000000025	7.35202
35.200000000000252	3.94804
35.300000000000253	6.33003
35.400000000000254	8.14394
35.500000000000256	10.6108
35.600000000000257	6.0622
35.700000000000259	7.81066
35.80000000000026	10.3581
35.900000000000261	6.11819
36.000000000000263	3.37385
36.100000000000264	5.46623
36.200000000000266	7.88994
36.300000000000267	9.6151
36.400000000000269	12.3573
36.50000000000027	7.12458
36.600000000000271	8.99973
36.700000000000273	11.6298
36.800000000000274	7.03487
36.900000000000276	8.81572
37.000000000000277	11.4884
37.100000000000279	6.89504
37.20000000000028	8.10585
37.300000000000281	9.99578
37.400000000000283	12.5756
37.500000000000284	15.3736
37.600000000000286	17.218
37.700000000000287	9.46779
37.800000000000288	5.2407
37.90000000000029	6.61065
38.000000000000291	4.38384
38.100000000000293	2.89403
38.200000000000294	4.09117
38.300000000000296	6.41851
38.400000000000297	9.14078
38.500000000000298	5.28441
38.6000000000003	7.22789
38.700000000000301	4.37133
38.800000000000303	4.81748
38.900000000000304	7.32347
39.000000000000306	9.48121
39.100000000000307	11.3169
39.200000000000308	6.40695
39.30000000000031	6.40695
39.400000000000311	6.86431
39.500000000000313	9.35042
39.600000000000314	12.1529
39.700000000000315	15.0302
39.800000000000317	16.9123
39.900000000000318	9.6716
40.00000000000032	10.7539
40.100000000000321	12.5619
40.200000000000323	7.48295
40.300000000000324	9.39273
40.400000000000325	5.29964
40.500000000000327	7.23894
40.600000000000328	4.31799
40.70000000000033	5.17989
40.800000000000331	7.95397
40.900000000000333	10.5618
41.000000000000334	5.64842
41.100000000000335	3.62048
41.200000000000337	3.89668
41.300000000000338	1.94834
41.40000000000034	3.87012
41.500000000000341	5.95132
41.600000000000342	7.45967
41.700000000000344	10.0971
41.800000000000345	12.9693
41.900000000000347	14.7761
42.000000000000348	8.52727
42.10000000000035	11.2692
42.200000000000351	14.1145
42.300000000000352	16.0421
42.400000000000354	8.32746
42.500000000000355	8.32746
42.600000000000357	3
42.700000000000358	6.20063
42.80000000000036	7.78963
42.900000000000361	9.84449
43.000000000000362	12.5362
43.100000000000364	6.26811
43.200000000000365	6.8836
43.300000000000367	4.05462
43.400000000000368	5.72653
43.500000000000369	8.31687
43.600000000000371	5.03395
43.700000000000372	6.29024
43.800000000000374	3.99401
43.900000000000375	5.11925
44.000000000000377	6.96557
44.100000000000378	4.38037
44.200000000000379	4.82564
44.300000000000381	2.82727
44.400000000000382	2.14652
44.500000000000384	4.16105
44.600000000000385	6.76832
44.700000000000387	8.48755
44.800000000000388	11.2393
44.900000000000389	14.0907
45.000000000000391	16.0211
45.100000000000392	18.7305
45.200000000000394	9.96111
45.300000000000395	9.96111
45.400000000000396	1
45.500000000000398	4.92064
45.600000000000399	6.51909
45.700000000000401	9.21125
45.800000000000402	5.31758
45.900000000000404	7.11135
46.000000000000405	4.62591
46.100000000000406	7.2006
46.200000000000408	9.05981
46.300000000000409	5.0045
46.400000000000411	5.0045
46.500000000000412	5.93452
46.600000000000414	8.4603
46.700000000000415	11.2188
46.800000000000416	13.1155
46.900000000000418	16.0068
47.000000000000419	8.92084
47.100000000000421	8.92084
47.200000000000422	4.73788
47.300000000000423	7.27204
47.400000000000425	3.63602
47.500000000000426	5.25347
47.600000000000428	8.00156
47.700000000000429	4.90485
47.800000000000431	4.90485
47.900000000000432	7.24245
48.000000000000433	10.039
48.100000000000435	5.54259
48.200000000000436	6.70171
48.300000000000438	9.23233
48.400000000000439	4.88088
48.500000000000441	6.48942
48.600000000000442	9.08028
48.700000000000443	10.7059
48.800000000000445	5.67396
48.900000000000446	4.05243
49.000000000000448	5.725
49.100000000000449	8.31583
49.20000000000045	10.5543
49.300000000000452	13.1763
49.400000000000453	15.0914
49.500000000000455	7.83884
49.600000000000456	10.0847
49.700000000000458	11.9948
49.800000000000459	14.6996
49.90000000000046	17.5001
50.000000000000462	19.3999
50.100000000000463	10.9395
50.200000000000465	13.3369
50.300000000000466	15.2317
50.400000000000468	17.9491
50.500000000000469	10.7108
50.60000000000047	12.4447
50.700000000000472	15.0686
50.800000000000473	17.9789
50.900000000000475	19.6807
51.000000000000476	22.3485
51.100000000000477	12.4254
51.200000000000479	13.4339
51.30000000000048	16.2684
51.400000000000482	8.52508
51.500000000000483	4.55261
51.600000000000485	7.15442
51.700000000000486	9.976
51.800000000000487	6.07698
51.900000000000489	6.40175
52.00000000000049	9.1291
52.100000000000492	5.33232
52.200000000000493	7.12229
52.300000000000495	9.85159
52.400000000000496	6.20219
52.500000000000497	8.0455
52.600000000000499	4.81954
52.7000000000005	5.78041
52.800000000000502	2.89021
52.900000000000503	5.19242
53.000000000000504	7.96205
53.100000000000506	9.67421
53.200000000000507	5.56406
53.300000000000509	8.20682
53.40000000000051	10.0776
53.500000000000512	5.99629
53.600000000000513	8.50343
53.700000000000514	4.64752
53.800000000000516	6.31759
53.900000000000517	3.47537
54.000000000000519	4.94385
54.10000000000052	7.40619
54.200000000000522	10.1572
54.300000000000523	13.0161
54.400000000000524	14.7494
54.500000000000526	7.93122
54.600000000000527	8.0573
54.700000000000529	4.27687
54.80000000000053	6.98506
54.900000000000531	4.63229
55.000000000000533	6.30652
55.100000000000534	4.06935
55.200000000000536	6.56102
55.300000000000537	8.32389
55.400000000000539	4.93606
55.50000000000054	6.37374
55.600000000000541	8.17779
55.700000000000543	5.08709
55.800000000000544	7.76577
55.900000000000546	9.51376
56.000000000000547	5.8891
56.100000000000549	7.4104
56.20000000000055	9.22686
56.300000000000551	12.0583
56.400000000000553	6.99561
56.500000000000554	4.39227
56.600000000000556	4.8364
56.700000000000557	7.33577
56.800000000000558	10.1062
56.90000000000056	5.43874
57.000000000000561	8.12316
57.100000000000563	10.8756
57.200000000000564	5.79959
57.300000000000566	8.36694
57.400000000000567	5.10406
