10	1
10.1	1
10.199999999999999	1
10.299999999999999	1
10.399999999999999	1
10.499999999999998	1
10.599999999999998	1
10.699999999999998	1
10.799999999999997	1
10.899999999999997	1
10.999999999999996	1
11.099999999999996	1
11.199999999999996	1
11.299999999999995	1
11.399999999999995	1
11.499999999999995	1
11.599999999999994	1
11.699999999999994	1
11.799999999999994	1
11.899999999999993	1
11.999999999999993	1
12.099999999999993	1
12.199999999999992	1
12.299999999999992	1
12.399999999999991	1
12.499999999999991	1
12.599999999999991	1
12.69999999999999	1
12.79999999999999	1
12.89999999999999	1
12.999999999999989	1
13.099999999999989	1
13.199999999999989	1
13.299999999999988	1
13.399999999999988	1
13.499999999999988	1
13.599999999999987	1
13.699999999999987	1
13.799999999999986	1
13.899999999999986	1
13.999999999999986	1
14.099999999999985	1
14.199999999999985	1
14.299999999999985	1
14.399999999999984	1
14.499999999999984	1
14.599999999999984	1
14.699999999999983	1
14.799999999999983	1
14.899999999999983	1
14.999999999999982	1
15.099999999999982	1
15.199999999999982	1
15.299999999999981	1
15.399999999999981	1
15.49999999999998	1
15.59999999999998	1
15.69999999999998	1
15.799999999999979	1
15.899999999999979	1
15.999999999999979	1
16.09999999999998	1
16.199999999999982	1
16.299999999999983	1
16.399999999999984	1
16.499999999999986	1
16.599999999999987	1
16.699999999999989	1
16.79999999999999	1
16.899999999999991	1
16.999999999999993	1
17.099999999999994	1
17.199999999999996	8
17.299999999999997	32
17.399999999999999	32
17.5	1
17.600000000000001	10
17.700000000000003	12
17.800000000000004	12
17.900000000000006	12
18.000000000000007	12
18.100000000000009	6.16667
18.20000000000001	9.82331
18.300000000000011	13.2967
18.400000000000013	17.1188
18.500000000000014	10.6275
18.600000000000016	15.2744
18.700000000000017	9.13654
18.800000000000018	12.8772
18.90000000000002	16.5551
19.000000000000021	20.3539
19.100000000000023	24.0925
19.200000000000024	12.4547
19.300000000000026	15.1432
19.400000000000027	19.0143
19.500000000000028	22.7975
19.60000000000003	12.6869
19.700000000000031	15.5938
19.800000000000033	19.3748
19.900000000000034	11.0625
20.000000000000036	15.5795
20.100000000000037	19.3634
20.200000000000038	11.9966
20.30000000000004	15.6264
20.400000000000041	19.4011
20.500000000000043	22.9034
20.600000000000044	26.6968
20.700000000000045	30.5427
20.800000000000047	16.6354
20.900000000000048	20.4192
21.00000000000005	11.1246
21.100000000000051	14.6298
21.200000000000053	18.3373
21.300000000000054	22.1912
21.400000000000055	13.0443
21.500000000000057	14.7742
21.600000000000058	9.09478
21.70000000000006	12.7693
21.800000000000061	8.02688
21.900000000000063	11.3481
22.000000000000064	8.28112
22.100000000000065	12.0397
22.200000000000067	6.87544
22.300000000000068	6.87544
22.40000000000007	2
22.500000000000071	2.66667
22.600000000000072	5.99597
22.700000000000074	3.96982
22.800000000000075	7.23681
22.900000000000077	11.8688
23.000000000000078	15.5286
23.10000000000008	10.0258
23.200000000000081	13.6685
23.300000000000082	17.4089
23.400000000000084	9.55553
23.500000000000085	13.2528
23.600000000000087	7.90274
23.700000000000088	10.9902
23.80000000000009	14.5969
23.900000000000091	8.98997
24.000000000000092	11.0919
24.100000000000094	6.54657
24.200000000000095	4.6153
24.300000000000097	7.60315
24.400000000000098	10.9625
24.500000000000099	14.5761
24.600000000000101	18.3492
24.700000000000102	22.201
24.800000000000104	25.9815
24.900000000000105	14.2051
25.000000000000107	18.0562
25.100000000000108	21.9139
25.200000000000109	25.6979
25.300000000000111	6.74775
25.400000000000112	8.22998
25.500000000000114	12.0047
25.600000000000115	6.97387
25.700000000000117	10.3456
25.800000000000118	15.0801
25.900000000000119	18.8051
26.000000000000121	4.84592
26.100000000000122	7.06154
26.200000000000124	4.58609
26.300000000000125	5.2118
26.400000000000126	3.74476
26.500000000000128	7.11892
26.600000000000129	10.6341
26.700000000000131	14.1906
26.800000000000132	7.92912
26.900000000000134	7.92912
27.000000000000135	3
27.100000000000136	6.306
27.200000000000138	10.691
27.300000000000139	14.3734
27.400000000000141	18.3532
27.500000000000142	10.6418
27.600000000000144	5.36786
27.700000000000145	7.42581
27.800000000000146	11.1152
27.900000000000148	14.8944
28.000000000000149	8.91659
28.100000000000151	10.1803
28.200000000000152	13.9985
28.300000000000153	17.669
28.400000000000155	21.2692
28.500000000000156	25.1505
28.600000000000158	13.8441
28.700000000000159	13.8441
28.800000000000161	1
28.900000000000162	8.14301
29.000000000000163	11.8611
29.100000000000165	15.5228
29.200000000000166	19.3178
29.300000000000168	23.181
29.400000000000169	12.8595
29.500000000000171	14.0518
29.600000000000172	17.8239
29.700000000000173	21.5844
29.800000000000175	12.0861
29.900000000000176	15.8855
30.000000000000178	9.20012
30.100000000000179	12.9996
30.20000000000018	7.50222
30.300000000000182	10.5178
30.400000000000183	14.2453
30.500000000000185	8.50218
30.600000000000186	12.1922
30.700000000000188	16.0288
30.800000000000189	19.7771
30.90000000000019	11.4204
31.000000000000192	15.1892
31.100000000000193	19.051
31.200000000000195	11.5493
31.300000000000196	14.9548
31.400000000000198	18.6512
31.500000000000199	22.4511
31.6000000000002	12.105
31.700000000000202	14.7217
31.800000000000203	19.157
31.900000000000205	23.0038
32.000000000000206	14.1599
32.100000000000207	18.0207
32.200000000000209	21.6085
32.30000000000021	11.6966
32.400000000000212	15.3976
32.500000000000213	9.32245
32.600000000000215	13.0862
32.700000000000216	8.8076
32.800000000000217	12.4064
32.900000000000219	16.1921
33.00000000000022	9.87907
33.100000000000222	11.1227
33.200000000000223	15.4935
33.300000000000225	10.062
33.400000000000226	6.69948
33.500000000000227	8.66851
33.600000000000229	5.94687
33.70000000000023	8.81834
33.800000000000232	12.414
33.900000000000233	16.0113
34.000000000000234	8.86657
34.100000000000236	12.3673
34.200000000000237	16.0378
34.300000000000239	19.8349
34.40000000000024	10.9496
34.500000000000242	7.29416
34.600000000000243	11.0282
34.700000000000244	15.6195
34.800000000000246	8.83308
34.900000000000247	10.2063
35.000000000000249	14.0174
35.10000000000025	8.58872
35.200000000000252	12.2525
35.300000000000253	16.0747
35.400000000000254	8.43273
35.500000000000256	12.0611
35.600000000000257	15.8032
35.700000000000259	19.5437
35.80000000000026	23.3695
35.900000000000261	13.0599
36.000000000000263	13.8064
36.100000000000264	18.4637
36.200000000000266	10.453
36.300000000000267	6.50933
36.400000000000269	8.03643
36.50000000000027	11.617
36.600000000000271	8.03363
36.700000000000273	11.6151
36.800000000000274	15.3359
36.900000000000276	9.34595
37.000000000000277	11.3818
37.100000000000279	7.06686
37.20000000000028	10.2133
37.300000000000281	13.5127
37.400000000000283	9.27185
37.500000000000284	13.0503
37.600000000000286	17.7375
37.700000000000287	9.75594
37.800000000000288	13.2471
37.90000000000029	17.0804
38.000000000000291	10.4193
38.100000000000293	14.1729
38.200000000000294	8.91061
38.300000000000296	12.4795
38.400000000000297	7.21352
38.500000000000298	10.9753
38.6000000000003	14.5857
38.700000000000301	18.3568
38.800000000000303	10.5251
38.900000000000304	13.3046
39.000000000000306	18.092
39.100000000000307	10.7877
39.200000000000308	12.0201
39.30000000000031	15.7083
39.400000000000311	8.58735
39.500000000000313	12.2515
39.600000000000314	16.0115
39.700000000000315	10.5055
39.800000000000317	14.2362
39.900000000000318	18.0806
40.00000000000032	21.9341
40.100000000000321	12.5863
40.200000000000323	16.207
40.300000000000324	20.0719
40.400000000000325	23.9804
40.500000000000327	28.727
40.600000000000328	15.3892
40.70000000000033	15.3892
40.800000000000331	8.13762
40.900000000000333	11.6007
41.000000000000334	15.325
41.100000000000335	7.75998
41.200000000000337	10.0237
41.300000000000338	6.43213
41.40000000000034	4.19306
41.500000000000341	7.62827
41.600000000000342	5.16279
41.700000000000344	8.67059
41.800000000000345	12.3098
41.900000000000347	17.0839
42.000000000000348	8.88678
42.10000000000035	9.64662
42.200000000000351	13.3185
42.300000000000352	17.1357
42.400000000000354	10.6578
42.500000000000355	14.3488
42.600000000000357	18.1693
42.700000000000358	22.0526
42.80000000000036	11.9624
42.900000000000361	15.4063
43.000000000000362	9.51187
43.100000000000364	13.2214
43.200000000000365	17.0605
43.300000000000367	20.9109
43.400000000000368	25.563
43.500000000000369	12.7815
43.600000000000371	12.7815
43.700000000000372	4
43.800000000000374	9.07844
43.900000000000375	6.19104
44.000000000000377	9.83851
44.100000000000378	13.4577
44.200000000000379	17.2441
44.300000000000381	9.8678
44.400000000000382	11.982
44.500000000000384	6.77665
44.600000000000385	10.2145
44.700000000000387	14.0234
44.800000000000388	17.7452
44.900000000000389	21.4728
45.000000000000391	6.60342
45.100000000000392	9.37864
45.200000000000394	13.1262
45.300000000000395	16.9869
45.400000000000396	9.57438
45.500000000000398	5.99782
45.600000000000399	8.96547
45.700000000000401	12.5186
45.800000000000402	7.85721
45.900000000000404	10.296
46.000000000000405	5.71029
46.100000000000406	9.22452
46.200000000000408	13.0168
46.300000000000409	16.7239
46.400000000000411	20.4913
46.500000000000412	12.1045
46.600000000000414	7.69351
46.700000000000415	4.45359
46.800000000000416	7.23378
46.900000000000418	10.9886
47.000000000000419	14.4576
47.100000000000421	18.2553
47.200000000000422	9.50392
47.300000000000423	13.1396
47.400000000000425	16.9973
47.500000000000426	9.65707
47.600000000000428	12.4706
47.700000000000429	7.99633
47.800000000000431	10.9663
47.900000000000432	6.97813
48.000000000000433	10.4451
48.100000000000435	14.1918
48.200000000000436	18.0457
48.300000000000438	10.4138
48.400000000000439	14.0267
48.500000000000441	17.7478
48.600000000000442	21.5215
48.700000000000443	25.3642
48.800000000000445	29.2486
48.900000000000446	16.415
49.000000000000448	9.04919
49.100000000000449	9.04919
49.20000000000045	4
49.300000000000452	7.3909
49.400000000000453	11.0921
49.500000000000455	7.02266
49.600000000000456	9.25179
49.700000000000458	12.5659
49.800000000000459	7.98233
49.90000000000046	11.4928
50.000000000000462	6.97034
50.100000000000463	10.4399
50.200000000000465	7.07086
50.300000000000466	4.00383
50.400000000000468	6.52139
50.500000000000469	10.1476
50.60000000000047	6.70155
50.700000000000472	10.2635
50.800000000000473	14.059
50.900000000000475	8.48947
51.000000000000476	6.14752
51.100000000000477	9.8114
51.200000000000479	13.438
51.30000000000048	8.01256
51.400000000000482	11.6006
51.500000000000483	15.3249
51.600000000000485	8.53004
51.700000000000486	12.2116
51.800000000000487	16.0436
51.900000000000489	19.8396
52.00000000000049	10.9967
52.100000000000492	10.9967
52.200000000000493	14.3246
52.300000000000495	8.56406
52.400000000000496	4.83387
52.500000000000497	8.4815
52.600000000000499	12.0951
52.7000000000005	15.8923
52.800000000000502	19.6157
52.900000000000503	10.3559
53.000000000000504	14.1265
53.100000000000506	7.70786
53.200000000000507	10.0837
53.300000000000509	13.7839
53.40000000000051	17.4996
53.500000000000512	10.1289
53.600000000000513	12.6022
53.700000000000514	16.2194
53.800000000000516	9.6338
53.900000000000517	12.7708
54.000000000000519	8.4578
54.10000000000052	12.1614
54.200000000000522	7.03997
54.300000000000523	10.5817
54.400000000000524	14.2924
54.500000000000526	7.14621
54.600000000000527	7.14621
54.700000000000529	3.33333
54.80000000000053	7.20419
54.900000000000531	5.20266
55.000000000000533	6.58074
55.100000000000534	4.7876
55.200000000000536	7.3041
55.300000000000537	11.0347
55.400000000000539	7.42131
55.50000000000054	11.1123
55.600000000000541	14.8921
55.700000000000543	8.45774
55.800000000000544	11.7415
55.900000000000546	5.87076
56.000000000000547	4.46458
56.100000000000549	8.03298
56.20000000000055	11.6146
56.300000000000551	6.80437
56.400000000000553	10.0345
56.500000000000554	6.69819
56.600000000000556	5.20783
56.700000000000557	8.81213
56.800000000000558	6.21009
56.90000000000056	4.68279
57.000000000000561	8.1542
57.100000000000563	11.8688
57.200000000000564	7.40494
57.300000000000566	5.75611
57.400000000000567	4.22853
57.500000000000568	5.10623
57.60000000000057	3.25267
57.700000000000571	6.26527
57.800000000000573	9.9