10	1
10.1	1
10.199999999999999	1
10.299999999999999	1
10.399999999999999	1
10.499999999999998	1
10.599999999999998	1
10.699999999999998	1
10.799999999999997	1
10.899999999999997	1
10.999999999999996	1
11.099999999999996	1
11.199999999999996	1
11.299999999999995	1
11.399999999999995	1
11.499999999999995	1
11.599999999999994	1
11.699999999999994	1
11.799999999999994	1
11.899999999999993	1
11.999999999999993	1
12.099999999999993	1
12.199999999999992	1
12.299999999999992	1
12.399999999999991	1
12.499999999999991	1
12.599999999999991	1
12.69999999999999	1
12.79999999999999	1
12.89999999999999	1
12.999999999999989	1
13.099999999999989	1
13.199999999999989	1
13.299999999999988	1
13.399999999999988	1
13.499999999999988	1
13.599999999999987	1
13.699999999999987	1
13.799999999999986	1
13.899999999999986	1
13.999999999999986	1
14.099999999999985	1
14.199999999999985	1
14.299999999999985	1
14.399999999999984	1
14.499999999999984	1
14.599999999999984	1
14.699999999999983	1
14.799999999999983	1
14.899999999999983	1
14.999999999999982	1
15.099999999999982	1
15.199999999999982	1
15.299999999999981	1
15.399999999999981	1
15.49999999999998	1
15.59999999999998	1
15.69999999999998	1
15.799999999999979	1
15.899999999999979	1
15.999999999999979	1
16.09999999999998	1
16.199999999999982	1
16.299999999999983	1
16.399999999999984	1
16.499999999999986	1
16.599999999999987	1
16.699999999999989	1
16.79999999999999	1
16.899999999999991	1
16.999999999999993	1
17.099999999999994	1
17.199999999999996	1
17.299999999999997	1
17.399999999999999	1
17.5	1
17.600000000000001	1
17.700000000000003	1
17.800000000000004	1
17.900000000000006	1
18.000000000000007	1
18.100000000000009	1
18.20000000000001	1
18.300000000000011	1
18.400000000000013	1
18.500000000000014	1
18.600000000000016	1
18.700000000000017	1
18.800000000000018	1
18.90000000000002	1
19.000000000000021	1
19.100000000000023	1
19.200000000000024	1
19.300000000000026	1
19.400000000000027	1
19.500000000000028	1
19.60000000000003	1
19.700000000000031	1
19.800000000000033	1
19.900000000000034	1
20.000000000000036	1
20.100000000000037	1
20.200000000000038	1
20.30000000000004	1
20.400000000000041	1
20.500000000000043	1
20.600000000000044	1
20.700000000000045	1
20.800000000000047	1
20.900000000000048	1
21.00000000000005	1
21.100000000000051	1
21.200000000000053	1
21.300000000000054	1
21.400000000000055	1
21.500000000000057	1
21.600000000000058	1
21.70000000000006	1
21.800000000000061	1
21.900000000000063	1
22.000000000000064	1
22.100000000000065	1
22.200000000000067	1
22.300000000000068	1
22.40000000000007	1
22.500000000000071	1
22.600000000000072	1
22.700000000000074	1
22.800000000000075	1
22.900000000000077	1
23.000000000000078	1
23.10000000000008	1
23.200000000000081	1
23.300000000000082	1
23.400000000000084	1
23.500000000000085	1
23.600000000000087	1
23.700000000000088	1
23.80000000000009	1
23.900000000000091	1
24.000000000000092	1
24.100000000000094	1
24.200000000000095	1
24.300000000000097	1
24.400000000000098	1
24.500000000000099	1
24.600000000000101	1
24.700000000000102	1
24.800000000000104	1
24.900000000000105	1
25.000000000000107	1
25.100000000000108	1
25.200000000000109	1
25.300000000000111	1
25.400000000000112	1
25.500000000000114	1
25.600000000000115	1
25.700000000000117	1
25.800000000000118	1
25.900000000000119	1
26.000000000000121	1
26.100000000000122	1
26.200000000000124	1
26.300000000000125	1
26.400000000000126	1
26.500000000000128	4
26.600000000000129	30
26.700000000000131	15
26.800000000000132	15
26.900000000000134	2
27.000000000000135	8.31709
27.100000000000136	10.1674
27.200000000000138	6.16314
27.300000000000139	8.96451
27.400000000000141	11.6027
27.500000000000142	6.4949
27.600000000000144	8.39301
27.700000000000145	11.1682
27.800000000000146	14.0342
27.900000000000148	16.8862
28.000000000000149	18.7416
28.100000000000151	21.5729
28.200000000000152	11.9739
28.300000000000153	13.0944
28.400000000000155	15.02
28.500000000000156	17.8262
28.600000000000158	9.79626
28.700000000000159	10.5851
28.800000000000161	12.4179
28.900000000000162	7.07701
29.000000000000163	8.61875
29.100000000000165	5.48922
29.200000000000166	7.37774
29.300000000000168	9.20073
29.400000000000169	5.35739
29.500000000000171	5.35739
29.600000000000172	7.81563
29.700000000000173	9.55438
29.800000000000175	12.3102
29.900000000000176	7.10187
30.000000000000178	9.83691
30.100000000000179	11.616
30.20000000000018	6.76945
30.300000000000182	4.47513
30.400000000000183	6.35484
30.500000000000185	3.84386
30.600000000000186	5.3966
30.700000000000188	8.09528
30.800000000000189	10.8549
30.90000000000019	13.5666
31.000000000000192	15.4331
31.100000000000193	18.2853
31.200000000000195	9.46555
31.300000000000196	11.5671
31.400000000000198	6.40117
31.500000000000199	6.40117
31.6000000000002	8.79177
31.700000000000202	11.4701
31.800000000000203	14.2752
31.900000000000205	16.1836
32.000000000000206	8.88822
32.100000000000207	8.88822
32.200000000000209	2
32.30000000000021	5.68862
32.400000000000212	8.29104
32.500000000000213	10.7238
32.600000000000215	6.22962
32.700000000000216	8.31261
32.800000000000217	11.1081
32.900000000000219	13.9865
33.00000000000022	16.364
33.100000000000222	9.49036
33.200000000000223	5.10245
33.300000000000225	7.77572
33.400000000000226	10.2342
33.500000000000227	13.0761
33.600000000000229	15.1371
33.70000000000023	8.82163
33.800000000000232	8.82163
33.900000000000233	5.14724
34.000000000000234	7.54197
34.100000000000236	9.95797
34.200000000000237	5.98636
34.300000000000239	7.48751
34.40000000000024	10.2164
34.500000000000242	5.79877
34.600000000000243	7.20034
34.700000000000244	4.12255
34.800000000000246	4.12255
34.900000000000247	6.74517
35.000000000000249	9.3717
35.10000000000025	10.9538
35.200000000000252	7.23034
35.300000000000253	10.0303
35.400000000000254	12.7612
35.500000000000256	15.5256
35.600000000000257	17.4115
35.700000000000259	9.52957
35.80000000000026	5.07138
35.900000000000261	5.07138
36.000000000000263	2
36.100000000000264	4.33944
36.200000000000266	7.02286
36.300000000000267	3.9827
36.400000000000269	3.9827
36.50000000000027	2
36.600000000000271	3.24483
36.700000000000273	6.09735
36.800000000000274	8.80618
36.900000000000276	11.4811
37.000000000000277	14.2841
37.100000000000279	16.1914
37.20000000000028	19.0873
37.300000000000281	10.8259
37.400000000000283	13.5434
37.500000000000284	15.4128
37.600000000000286	18.2681
37.700000000000287	21.163
37.800000000000288	24.0832
37.90000000000029	12.41
38.000000000000291	6.24528
38.100000000000293	1
38.200000000000294	6
38.300000000000296	8.62359
38.400000000000297	10.419
38.500000000000298	13.0684
38.6000000000003	8.18064
38.700000000000301	11.0101
38.800000000000303	12.8599
38.900000000000304	15.6068
39.000000000000306	18.432
39.100000000000307	10.5614
39.200000000000308	12.3978
39.30000000000031	15.0299
39.400000000000311	8.98075
39.500000000000313	5.32328
39.600000000000314	3.36658
39.700000000000315	5.07517
39.800000000000317	3.25458
39.900000000000318	5.93382
40.00000000000032	8.45982
40.100000000000321	4.3473
40.200000000000323	5.93436
40.300000000000324	8.46019
40.400000000000325	11.2187
40.500000000000327	5.6539
40.600000000000328	6.33098
40.70000000000033	9.07994
40.800000000000331	11.8623
40.900000000000333	6.34317
41.000000000000334	8.1541
41.100000000000335	10.9904
41.200000000000337	13.6751
41.300000000000338	16.468
41.40000000000034	8.76438
41.500000000000341	8.76438
41.600000000000342	8.76438
41.700000000000344	4.25
41.800000000000345	6.36191
41.900000000000347	9.10138
42.000000000000348	11.9629
42.10000000000035	14.6051
42.200000000000351	17.4209
42.300000000000352	9.18613
42.400000000000354	9.18613
42.500000000000355	9.92283
42.600000000000357	12.5977
42.700000000000358	14.4513
42.80000000000036	7.76066
42.900000000000361	7.76066
43.000000000000362	2
43.100000000000364	4.16441
43.200000000000365	3.29139
43.300000000000367	5.95338
43.400000000000368	7.46131
43.500000000000369	3.73065
43.600000000000371	3.73065
43.700000000000372	5.31807
43.800000000000374	7.91737
43.900000000000375	5.09211
44.000000000000377	2.93882
44.100000000000378	5.21842
44.200000000000379	3.2189
44.300000000000381	4.98125
44.400000000000382	2.89213
44.500000000000384	5.19344
44.6000