10	11.104
10.1	12.0574
10.199999999999999	13.9832
10.299999999999999	15.8004
10.399999999999999	17.6568
10.499999999999998	18.4881
10.599999999999998	9.24405
10.699999999999998	10.845
10.799999999999997	12.6399
10.899999999999997	14.1379
10.999999999999996	15.4262
11.099999999999996	17.3229
11.199999999999996	9.08526
11.299999999999995	10.8035
11.399999999999995	11.8663
11.499999999999995	13.6731
11.599999999999994	7.29857
11.699999999999994	9.13759
11.799999999999994	10.0794
11.899999999999993	11.9904
11.999999999999993	6.39989
12.099999999999993	3.57317
12.199999999999992	3.85303
12.299999999999992	5.40302
12.399999999999991	7.17496
12.499999999999991	8.58258
12.599999999999991	4.29129
12.69999999999999	4.29129
12.79999999999999	5.71914
12.89999999999999	7.41426
12.999999999999989	8.31183
13.099999999999989	10.1631
13.199999999999989	5.32296
13.299999999999988	5.32296
13.399999999999988	6.20398
13.499999999999988	3.48595
13.599999999999987	4.51887
13.699999999999987	6.22466
13.799999999999986	7.13332
13.899999999999986	9.00663
13.999999999999986	10.8307
14.099999999999985	5.5073
14.199999999999985	5.86466
14.299999999999985	7.5264
14.399999999999984	9.31998
14.499999999999984	11.1824
14.599999999999984	12.1296
14.699999999999983	13.9019
14.799999999999983	7.64275
14.899999999999983	9.4139
14.999999999999982	10.3303
15.099999999999982	5.72569
15.199999999999982	7.41929
15.299999999999981	8.78728
15.399999999999981	4.39364
15.49999999999998	5.24259
15.59999999999998	7.05592
15.69999999999998	8.83246
15.799999999999979	9.70086
15.899999999999979	11.5012
15.999999999999979	5.92257
16.09999999999998	6.87222
16.199999999999982	3.43611
16.299999999999983	3.99544
16.399999999999984	5.50377
16.499999999999986	7.25057
16.599999999999987	3.69424
16.699999999999989	4.67878
16.79999999999999	2.33939
16.899999999999991	2.33939
16.999999999999993	3.12827
17.099999999999994	4.25515
17.199999999999996	4.25515
17.299999999999997	2.12757
17.399999999999999	2.12757
17.5	3.61925
17.600000000000001	5.24213
17.700000000000003	7.05558
17.800000000000004	7.9942
17.900000000000006	4.58381
18.000000000000007	5.01021
18.100000000000009	6.58635
18.20000000000001	3.29318
18.300000000000011	3.29318
18.400000000000013	5.02813
18.500000000000014	6.7514
18.600000000000016	7.59608
18.700000000000017	4.17721
18.800000000000018	5.45174
18.90000000000002	7.21145
19.000000000000021	8.1318
19.100000000000023	10.0168
19.200000000000024	5.30078
19.300000000000026	5.30078
19.400000000000027	5.30078
19.500000000000028	6.95512
19.60000000000003	8.63667
19.700000000000031	10.4298
19.800000000000033	11.352
19.900000000000034	6.06079
20.000000000000036	7.67935
20.100000000000037	4.15488
20.200000000000038	4.83937
20.30000000000004	6.45855
20.400000000000041	8.24374
20.500000000000043	10.1076
20.600000000000044	11.0569
20.700000000000045	12.9775
20.800000000000047	14.7833
20.900000000000048	7.75725
21.00000000000005	8.61864
21.100000000000051	10.415
21.200000000000053	12.2734
21.300000000000054	6.68435
21.400000000000055	6.68435
21.500000000000057	6.68435
21.600000000000058	2
21.70000000000006	3.63333
21.800000000000061	4.40454
21.900000000000063	6.14322
22.000000000000064	3.45902
22.100000000000065	4.26399
22.200000000000067	2.132
22.300000000000068	2.9855
22.40000000000007	2.9855
22.500000000000071	2.49275
22.600000000000072	3.23947
22.700000000000074	4.99416
22.800000000000075	2.49708
22.900000000000077	3.24267
23.000000000000078	4.09358
23.10000000000008	5.75373
23.200000000000081	7.44081
23.300000000000082	4.28686
23.400000000000084	4.28686
23.500000000000085	4.28686
23.600000000000087	3.24483
23.700000000000088	4.99753
23.80000000000009	6.09735
23.900000000000091	3.37668
24.000000000000092	4.66215
24.100000000000094	5.82778
24.200000000000095	2.91389
24.300000000000097	4.34839
24.400000000000098	5.20505
24.500000000000099	6.26747
24.600000000000101	3.13373
24.700000000000102	4.00966
24.800000000000104	4.92841
24.900000000000105	6.5249
25.000000000000107	8.29558
25.100000000000108	10.1499
25.200000000000109	11.0955
25.300000000000111	5.54773
25.400000000000112	5.54773
25.500000000000114	2
25.600000000000115	2.5
25.700000000000117	4.56988
25.800000000000118	5.57555
25.900000000000119	2.78778
26.000000000000121	3.4643
26.100000000000122	3.75296
26.200000000000124	1.87648
26.300000000000125	2.87648
26.400000000000126	3.53429
26.500000000000128	5.18515
26.600000000000129	7.01371
26.700000000000131	3.84988
26.800000000000132	3.84988
26.900000000000134	4.58269
27.000000000000135	4.58269
27.100000000000136	2.29134
27.200000000000138	2.29134
27.300000000000139	3.97968
27.400000000000141	5.49252
27.500000000000142	6.1878
27.600000000000144	3.41711
27.700000000000145	5.10795
27.800000000000146	6.95735
27.900000000000148	7.77929
28.000000000000149	3.95392
28.100000000000151	5.28498
28.200000000000152	2.91682
28.300000000000153	3.25966
28.400000000000155	5.00689
28.500000000000156	6.73573
28.600000000000158	8.34182
28.700000000000159	4.17091
28.800000000000161	4.63739
28.900000000000162	6.14756
29.000000000000163	3.39911
29.100000000000165	3.96407
29.200000000000166	5.48141
29.300000000000168	6.65147
29.400000000000169	3.32573
29.500000000000171	3.32573
29.600000000000172	5.04891
29.700000000000173	2.81073
29.800000000000175	3.48232
29.900000000000176	3.48232
30.000000000000178	1.74116
30.100000000000179	2.74116
30.20000000000018	4.23921
30.300000000000182	5.115
30.400000000000183	6.81576
30.500000000000185	3.40788
30.600000000000186	3.40788
30.700000000000188	2
30.800000000000189	3.55301
30.90000000000019	5.19763
31.000000000000192	2.87745
31.100000000000193	2.87745
31.200000000000195	3.81794
31.300000000000196	5.3785
31.400000000000198	7.15666
31.500000000000199	7.70011
31.6000000000002	3.85005
31.700000000000202	5.20895
31.800000000000203	7.03118
31.900000000000205	7.1734
32.000000000000206	3.5867
32.100000000000207	3.5867
32.200000000000209	1
32.30000000000021	2.9
32.400000000000212	4.33944
32.500000000000213	5.19763
32.600000000000215	7.02286
32.700000000000216	8.80618
32.800000000000217	4.62597
32.900000000000219	4.62597
33.00000000000022	4.62597
33.100000000000222	6.30193
33.200000000000223	6.91435
33.300000000000225	4.01335
33.400000000000226	5.69786
33.500000000000227	7.39796
33.600000000000229	3.83294
33.70000000000023	3.83294
33.800000000000232	5.38896
33.900000000000233	7.16446
34.000000000000234	8.09025
34.100000000000236	9.98317
34.200000000000237	11.3044
34.300000000000239	5.65218
34.40000000000024	5.65218
34.500000000000242	7.36307
34.600000000000243	9.18902
34.700000000000244	10.7982
34.800000000000246	11.691
34.900000000000247	6.01475
35.000000000000249	6.01475
35.10000000000025	2
35.200000000000252	4.16441
35.300000000000253	5.97588
35.400000000000254	7.0626
35.500000000000256	8.95093
35.600000000000257	4.95534
35.700000000000259	6.06305
35.80000000000026	6.99322
35.900000000000261	8.66727
36.000000000000263	10.2612
36.100000000000264	5.87025
36.200000000000266	6.6776
36.300000000000267	8.41569
36.400000000000269	4.49696
36.50000000000027	5.87324
36.600000000000271	2.93662
36.700000000000273	3.58229
36.800000000000274	4.36311
36.900000000000276	2.18155
37.000000000000277	3.01874
37.100000000000279	4.64331
37.20000000000028	6.31452
37.300000000000281	8.00707
37.400000000000283	8.9569
37.500000000000284	10.696
37.600000000000286	12.5125
37.700000000000287	6.3359
37.800000000000288	7.50431
37.90000000000029	9.30221
38.000000000000291	11.0773
38.100000000000293	12.0329
38.200000000000294	13.8901
38.300000000000296	7.15828
38.400000000000297	7.15828
38.500000000000298	7.70161
38.6000000000003	9.46161
38.700000000000301	5.46964
38.800000000000303	6.16757
38.900000000000304	3.08378
39.000000000000306	3.70148
39.100000000000307	4.89788
39.200000000000308	2.85728
39.30000000000031	3.51906
39.400000000000311	5.17502
39.500000000000313	7.00629
39.600000000000314	3.9115
39.700000000000315	4.16716
39.800000000000317	5.97777
39.900000000000318	7.61436
40.00000000000032	4.18551
40.100000000000321	4.18551
40.200000000000323	5.45803
40.300000000000324	7.21616
40.400000000000325	9.07213
40.500000000000327	10.0202
40.600000000000328	5.48852
40.70000000000033	5.67071
40.800000000000331	3.18805
40.900000000000333	4.05133
41.000000000000334	5.16352
41.100000000000335	2.58176
41.200000000000337	4.14288
41.300000000000338	5.03624
41.40000000000034	2.6174
41.500000000000341	2.6174
41.600000000000342	4.16403
41.700000000000344	5.05347
41.800000000000345	2.90165
41.900000000000347	4.09639
42.000000000000348	2.39483
42.10000000000035	2.39483
42.200000000000351	1
42.300000000000352	2
42.400000000000354	4.09525
42.500000000000355	5.19763
42.600000000000357	7.02286
42.700000000000358	8.33628
42.80000000000036	9.67696
42.900000000000361	5.47191
43.000000000000362	5.65466
43.100000000000364	5.65466
43.200000000000365	2
43.300000000000367	2.9
43.400000000000368	4.33944
43.500000000000369	6.09735
43.600000000000371	6.87746
43.700000000000372	3.72954
43.800000000000374	5.3173
43.900000000000375	7.11114
44.000000000000377	8.04317
44.100000000000378	9.84357
44.200000000000379	11.6216
44.300000000000381	6.18888
44.400000000000382	6.18888
44.500000000000384	1
44.600000000000385	2
44.700000000000387	3.63333
44.800000000000388	3.63333
44.900000000000389	3.63333
45.000000000000391	3.63333
45.100000000000392	1
45.200000000000394	2.5
45.300000000000395	2.5
45.400000000000396	2.5
45.500000000000398	2.5
45.600000000000399	2.5
45.700000000000401	2.5
45.800000000000402	2.5
45.900000000000404	2.5
46.000000000000405	1
46.100000000000406	2.5
46.200000000000408	3.55301
46.300000000000409	4.99753
46.400000000000411	6.42106
46.500000000000412	3.52201
46.600000000000414	4.31446
46.700000000000415	6.07984
46.800000000000416	3.03992
46.900000000000418	3.93851
47.000000000000419	4.65663
47.100000000000421	5.6463
47.200000000000422	2.82315
47.300000000000423	4.29044
47.400000000000425	4.74459
47.500000000000426	2.79383
47.600000000000428	4.272
47.700000000000429	5.88015
47.800000000000431	5.88015
47.900000000000432	2.94007
48.000000000000433	3.58506
48.100000000000435	5.2191
48.200000000000436	6.11556
48.300000000000438	3.29683
48.400000000000439	3.29683
48.500000000000441	5.03046
48.600000000000442	5.78338
48.700000000000443	3.23751
48.800000000000445	3.23751
48.900000000000446	1
49.000000000000448	2.5
49.100000000000449	4.33944
49.20000000000045	5.19763
49.300000000000452	7.02286
49.400000000000453	8.80618
49.500000000000455	4.40309
49.600000000000456	4.84618
49.700000000000458	6.46361
49.800000000000459	7.87257
49.90000000000046	3.93629
50.000000000000462	4.42898
50.100000000000463	6.16054
50.200000000000465	3.31766
50.300000000000466	4.39294
50.400000000000468	5.24201
50.500000000000469	7.05549
50.60000000000047	8.83212
50.700000000000472	9.16754
50.800000000000473	4.58377
50.900000000000475	4.58377
51.000000000000476	1
51.100000000000477	2.5
51.200000000000479	4.33944
51.30000000000048	5.19763
51.400000000000482	7.02286
51.500000000000483	3.86175
51.600000000000485	5.21747
51.700000000000486	6.11417
51.800000000000487	7.97822
51.900000000000489	4.29319
52.00000000000049	5.72055
52.100000000000492	6.54687
52.200000000000493	8.31279
52.300000000000495	10.1639
52.400000000000496	5.4194
52.500000000000497	6.28654
52.600000000000499	8.11036
52.7000000000005	9.99943
52.800000000000502	11.7538
52.900000000000503	12.658
53.000000000000504	6.56242
53.100000000000506	7.69586
53.200000000000507	9.45695
53.300000000000509	10.3695
53.40000000000051	5.47011
53.500000000000512	7.22523
53.600000000000513	8.96782
53.700000000000514	9.82413
53.800000000000516	5.2607
53.900000000000517	6.92487
54.000000000000519	3.46243
54.10000000000052	4.01783
54.200000000000522	5.33225
54.300000000000523	2.66613
54.400000000000524	3.0412
54.500000000000526	3.93947
54.600000000000527	5.46394
54.700000000000529	5.46394
54.80000000000053	1
54.900000000000531	2.9
55.000000000000533	4.33944
55.100000000000534	5.19763
55.200000000000536	7.02286
55.300000000000537	3.98961
55.400000000000539	4.69951
55.50000000000054	4.69951
55.600000000000541	2.34975
55.700000000000543	3.13565
55.800000000000544	3.13565
55.900000000000546	1.56782
56.000000000000547	2.56782
56.100000000000549	3.87673
56.20000000000055	1.93836
56.300000000000551	2.93836
56.400000000000553	4.36424
56.500000000000554