10	1
10.1	1
10.199999999999999	1
10.299999999999999	1
10.399999999999999	1
10.499999999999998	1
10.599999999999998	1
10.699999999999998	1
10.799999999999997	1
10.899999999999997	1
10.999999999999996	1
11.099999999999996	1
11.199999999999996	1
11.299999999999995	1
11.399999999999995	1
11.499999999999995	1
11.599999999999994	1
11.699999999999994	1
11.799999999999994	1
11.899999999999993	1
11.999999999999993	1
12.099999999999993	1
12.199999999999992	1
12.299999999999992	1
12.399999999999991	1
12.499999999999991	1
12.599999999999991	1
12.69999999999999	1
12.79999999999999	1
12.89999999999999	1
12.999999999999989	1
13.099999999999989	1
13.199999999999989	1
13.299999999999988	1
13.399999999999988	1
13.499999999999988	1
13.599999999999987	1
13.699999999999987	1
13.799999999999986	1
13.899999999999986	1
13.999999999999986	1
14.099999999999985	1
14.199999999999985	1
14.299999999999985	1
14.399999999999984	1
14.499999999999984	1
14.599999999999984	1
14.699999999999983	1
14.799999999999983	1
14.899999999999983	1
14.999999999999982	1
15.099999999999982	1
15.199999999999982	1
15.299999999999981	1
15.399999999999981	1
15.49999999999998	1
15.59999999999998	1
15.69999999999998	2
15.799999999999979	16
15.899999999999979	14.5
15.999999999999979	14.5
16.09999999999998	7.94421
16.199999999999982	11.4665
16.299999999999983	5.86306
16.399999999999984	5.86306
16.499999999999986	7.52516
16.599999999999987	11.1815
16.699999999999989	15.0107
16.79999999999999	17.8184
16.899999999999991	21.5797
16.999999999999993	13.0803
17.099999999999994	7.66899
17.199999999999996	8.17791
17.299999999999997	11.9692
17.399999999999999	15.6054
17.5	19.3841
17.600000000000001	23.2363
17.700000000000003	26.1542
17.800000000000004	30.0696
17.900000000000006	34.0045
18.000000000000007	37.8737
18.100000000000009	41.7434
18.20000000000001	44.6607
18.300000000000011	23.4661
18.400000000000013	11.9234
18.500000000000014	11.9234
18.600000000000016	2
18.700000000000017	6.73066
18.800000000000018	10.2825
18.90000000000002	14.0728
19.000000000000021	17.8965
19.100000000000023	20.6986
19.200000000000024	24.5071
19.300000000000026	13.5895
19.400000000000027	16.5188
19.500000000000028	20.3243
19.60000000000003	23.2209
19.700000000000031	27.1177
19.800000000000033	15.4247
19.900000000000034	19.2391
20.000000000000036	23.1155
20.100000000000037	26.047
20.200000000000038	29.943
20.30000000000004	33.7743
20.400000000000041	37.6406
20.500000000000043	41.5321
20.600000000000044	21.8802
20.700000000000045	11.1889
20.800000000000047	11.1889
20.900000000000048	2
21.00000000000005	6.73066
21.100000000000051	10.2825
21.200000000000053	6.47999
21.300000000000054	10.0215
21.400000000000055	13.6653
21.500000000000057	16.4599
21.600000000000058	20.2765
21.70000000000006	24.1518
21.800000000000061	28.0617
21.900000000000063	14.1374
22.000000000000064	16.4322
22.100000000000065	20.2541
22.200000000000067	24.133
22.300000000000068	13.514
22.40000000000007	17.1718
22.500000000000071	8.929
22.600000000000072	11.5753
22.700000000000074	15.3058
22.800000000000075	19.144
22.900000000000077	22.0598
23.000000000000078	25.9383
23.10000000000008	15.1767
23.200000000000081	19.041
23.300000000000082	10.8477
23.400000000000084	11.7367
23.500000000000085	15.4281
23.600000000000087	19.2418
23.700000000000088	23.1178
23.80000000000009	12.7741
23.900000000000091	7.81008
24.000000000000092	11.3743
24.100000000000094	15.1546
24.200000000000095	19.0234
24.300000000000097	22.8051
24.400000000000098	25.6552
24.500000000000099	29.5014
24.600000000000101	33.3834
24.700000000000102	18.9927
24.800000000000104	22.0652
24.900000000000105	25.5934
25.000000000000107	29.4476
25.100000000000108	33.3359
25.200000000000109	37.2478
25.300000000000111	40.1929
25.400000000000112	44.1312
25.500000000000114	23.3325
25.600000000000115	27.2132
25.700000000000117	31.1239
25.800000000000118	16.8729
25.900000000000119	17.6845
26.000000000000121	8.84224
26.100000000000122	5.25258
26.200000000000124	8.37026
26.300000000000125	11.1512
26.400000000000126	14.9882
26.500000000000128	18.678
26.600000000000129	22.4734
26.700000000000131	12.6039
26.800000000000132	15.3968
26.900000000000134	19.2167
27.000000000000135	23.0969
27.100000000000136	27.0115
27.200000000000138	29.8952
27.300000000000139	33.732
27.400000000000141	37.6026
27.500000000000142	19.9751
27.600000000000144	10.4049
27.700000000000145	11.24
27.800000000000146	15.0543
27.900000000000148	18.8376
28.000000000000149	22.6062
28.100000000000151	26.4423
28.200000000000152	14.4871
28.300000000000153	18.2786
28.400000000000155	22.1427
28.500000000000156	13.3505
28.600000000000158	16.9846
28.700000000000159	8.49229
28.800000000000161	12.0195
28.900000000000162	15.7078
29.000000000000163	19.4667
29.100000000000165	10.9209
29.200000000000166	13.7659
29.300000000000168	17.4854
29.400000000000169	10.7986
29.500000000000171	14.4534
29.600000000000172	17.294
29.700000000000173	21.1491
29.800000000000175	25.049
29.900000000000176	28.9413
30.000000000000178	16.3399
30.100000000000179	19.2134
30.20000000000018	23.0941
30.300000000000182	27.0091
30.400000000000183	30.7835
30.500000000000185	17.176
30.600000000000186	20.0792
30.700000000000188	23.9865
30.800000000000189	27.7758
30.90000000000019	31.6169
31.000000000000192	34.4922
31.100000000000193	20.0394
31.200000000000195	23.8695
31.300000000000196	27.6749
31.400000000000198	15.622
31.500000000000199	18.4449
31.6000000000002	22.2801
31.700000000000202	12.4751
31.800000000000203	15.4221
31.900000000000205	9.38134
32.000000000000206	9.69757
32.100000000000207	13.3553
32.200000000000209	17.1644
32.30000000000021	21.0433
32.400000000000212	24.8795
32.500000000000213	27.7326
32.600000000000215	14.4147
32.700000000000216	7.74448
32.800000000000217	11.3296
32.900000000000219	14.1627
33.00000000000022	18.0229
33.100000000000222	21.7948
33.200000000000223	25.5964
33.300000000000225	29.3822
33.400000000000226	32.3018
33.500000000000227	17.519
33.600000000000229	10.4294
33.70000000000023	11.6138
33.800000000000232	15.3349
33.900000000000233	18.2025
34.000000000000234	10.8135
34.100000000000236	14.4646
34.200000000000237	18.2608
34.300000000000239	22.128
34.40000000000024	25.0554
34.500000000000242	28.9468
34.600000000000243	32.7726
34.700000000000244	17.3361
34.800000000000246	20.2162
34.900000000000247	24.1012
35.000000000000249	28.0182
35.10000000000025	15.7583
35.200000000000252	19.5073
35.300000000000253	22.3757
35.400000000000254	26.2456
35.500000000000256	14.9092
35.600000000000257	18.6147
35.700000000000259	22.4208
35.80000000000026	25.3143
35.900000000000261	29.2054
36.000000000000263	15.4678
36.100000000000264	18.4779
36.200000000000266	22.3074
36.300000000000267	25.2139
36.400000000000269	12.8429
36.50000000000027	16.0363
36.600000000000271	9.23722
36.700000000000273	10.4619
36.800000000000274	14.0623
36.900000000000276	8.58126
37.000000000000277	12.2473
37.100000000000279	7.6521
37.20000000000028	8.75732
37.300000000000281	12.3708
37.400000000000283	7.77084
37.500000000000284	11.3475
37.600000000000286	15.1346
37.700000000000287	18.0342
37.800000000000288	9.84021
37.90000000000029	10.6258
38.000000000000291	14.325
38.100000000000293	8.0206
38.200000000000294	9.61836
38.300000000000296	13.298
38.400000000000297	8.01601
38.500000000000298	11.5161
38.6000000000003	14.3122
38.700000000000301	18.1405
38.800000000000303	22.0289
38.900000000000304	25.8734
39.000000000000306	14.4356
39.100000000000307	15.8897
39.200000000000308	19.6136
39.30000000000031	11.3229
39.400000000000311	11.3229
39.500000000000313	11.8429
39.600000000000314	7.26179
39.700000000000315	5.08653
39.800000000000317	8.62597
39.900000000000318	12.2785
40.00000000000032	16.0945
40.100000000000321	19.0053
40.200000000000323	22.79
40.300000000000324	26.5996
40.400000000000325	30.4577
40.500000000000327	34.3481
40.600000000000328	17.3767
40.70000000000033	17.3767
40.800000000000331	6
40.900000000000333	11.2402
41.000000000000334	14.233
41.100000000000335	18.0781
41.200000000000337	9.78389
41.300000000000338	11.3964
41.40000000000034	15.1712
41.500000000000341	18.6647
41.600000000000342	22.4624
41.700000000000344	25.7039
41.800000000000345	13.4233
41.900000000000347	16.6252
42.000000000000348	20.2632
42.10000000000035	24.1407
42.200000000000351	27.1825
42.300000000000352	31.097
42.400000000000354	35.0306
42.500000000000355	19.1653
42.600000000000357	19.1653
42.700000000000358	19.6808
42.80000000000036	9.84042
42.900000000000361	9.84042
43.000000000000362	5.31903
43.100000000000364	8.0443
43.200000000000365	11.6224
43.300000000000367	15.3414
43.400000000000368	19.1724
43.500000000000369	11.2689
43.600000000000371	14.1143
43.700000000000372	17.9849
43.800000000000374	21.7174
43.900000000000375	25.5305
44.000000000000377	29.393
44.100000000000378	32.3116
44.200000000000379	16.7188
44.300000000000381	17.4804
44.400000000000382	8.74019
44.500000000000384	8.74019
44.600000000000385	11.4307
44.700000000000387	15.1969
44.800000000000388	8.44174
44.900000000000389	11.1148
45.000000000000391	13.9918
45.100000000000392	17.6636
45.200000000000394	21.4522
45.300000000000395	25.3054
45.400000000000396	13.9505
45.500000000000398	16.0236
45.600000000000399	19.7728
45.700000000000401	23.5614
45.800000000000402	12.4015
45.900000000000404	12.8777
46.000000000000405	7.17538
46.100000000000406	9.03985
46.200000000000408	12.6513
46.300000000000409	16.3803
46.400000000000411	20.212
46.500000000000412	23.1227
46.600000000000414	27.0336
46.700000000000415	30.9023
46.800000000000416	34.7429
46.900000000000418	37.645
47.000000000000419	41.5361
47.100000000000421	23.128
47.200000000000422	13.743
47.300000000000423	17.4674
47.400000000000425	20.3288
47.500000000000426	24.1958
47.600000000000428	28.0996
47.700000000000429	32.0268
47.800000000000431	35.8863
47.900000000000432	19.699
48.000000000000433	11.0699
48.100000000000435	14.0991
48.200000000000436	17.9172
48.300000000000438	21.6614
48.400000000000439	24.5222
48.500000000000441	13.2046
48.600000000000442	17.0475
48.700000000000443	10.5275
48.800000000000445	13.1549
48.900000000000446	9.14302
49.000000000000448	12.8817
49.100000000000449	16.5587
49.20000000000045	20.3568
49.300000000000452	23.2493
49.400000000000453	27.142
49.500000000000455	31.0616
49.600000000000456	34.9991
49.700000000000458	38.8464
49.800000000000459	20.8285
49.90000000000046	10.8843
50.000000000000462	10.8843
50.100000000000463	14.3088
50.200000000000465	7.36157
50.300000000000466	9.6157
50.400000000000468	13.2961
50.500000000000469	16.8233
50.60000000000047	8.41164
50.700000000000472	10.0466
50.800000000000473	13.7568
50.900000000000475	17.4783
51.000000000000476	21.2999
51.100000000000477	12.7705
51.200000000000479	7.26766
51.30000000000048	10.9192
51.400000000000482	7.62531
51.500000000000483	11.2488
51.600000000000485	15.0609
51.700000000000486	17.9166
51.800000000000487	21.6609
51.900000000000489	12.5856
52.00000000000049	16.3297
52.100000000000492	20.171
52.200000000000493	23.0869
52.300000000000495	27.003
52.400000000000496	14.4331
52.500000000000497	9.20758
52.600000000000499	12.0436
52.7000000000005	15.7899
52.800000000000502	19.5329
52.900000000000503	11.5076
53.000000000000504	14.3752
53.100000000000506	17.2287
53.200000000000507	21.0958
53.300000000000509	24.964
53.40000000000051	15.1656
53.500000000000512	9.19812
53.600000000000513	12.0364
53.700000000000514	15.7208
53.800000000000516	9.60917
53.900000000000517	12.4336
54.000000000000519	16.213
54.10000000000052	19.1056
54.200000000000522	10.1869
54.300000000000523	6.52945
54.400000000000524	10.1528
54.500000000000526	6.27078
54.600000000000527	7.58386
54.700000000000529	11.2209
54.80000000000053	15.04
54.900000000000531	18.8263
55.000000000000533	21.6464
55.100000000000534	12.1522
55.200000000000536	15.9985
55.300000000000537	19.7018
55.400000000000539	23.5018
55.50000000000054	26.3904
55.600000000000541	15.0233
55.700000000000543	8.54149
55.800000000000544	9.95546
55.900000000000546	6.43626
56.000000000000547	9.15318
56.100000000000549	12.9665
56.20000000000055	16.6247
56.300000000000551	9.98202
56.400000000000553	11.9927
56.500000000000554	15.6234
56.600000000000556	19.3986
56.700000000000557	23.2484
56.800000000000558	12.851
56.90000000000056	12.851
57.000000000000561	12.851
57.100000000000563	5
57.200000000000564	9.51131
57.300000000000566	13.221
57.4000000000