10	1
10.1	1
10.199999999999999	1
10.299999999999999	1
10.399999999999999	1
10.499999999999998	1
10.599999999999998	1
10.699999999999998	1
10.799999999999997	1
10.899999999999997	1
10.999999999999996	1
11.099999999999996	1
11.199999999999996	1
11.299999999999995	1
11.399999999999995	1
11.499999999999995	1
11.599999999999994	1
11.699999999999994	1
11.799999999999994	1
11.899999999999993	1
11.999999999999993	1
12.099999999999993	1
12.199999999999992	1
12.299999999999992	1
12.399999999999991	1
12.499999999999991	1
12.599999999999991	1
12.69999999999999	1
12.79999999999999	1
12.89999999999999	1
12.999999999999989	1
13.099999999999989	1
13.199999999999989	1
13.299999999999988	1
13.399999999999988	1
13.499999999999988	1
13.599999999999987	1
13.699999999999987	1
13.799999999999986	1
13.899999999999986	1
13.999999999999986	1
14.099999999999985	1
14.199999999999985	1
14.299999999999985	1
14.399999999999984	1
14.499999999999984	1
14.599999999999984	1
14.699999999999983	1
14.799999999999983	1
14.899999999999983	1
14.999999999999982	1
15.099999999999982	1
15.199999999999982	1
15.299999999999981	1
15.399999999999981	1
15.49999999999998	1
15.59999999999998	1
15.69999999999998	1
15.799999999999979	1
15.899999999999979	1
15.999999999999979	1
16.09999999999998	1
16.199999999999982	1
16.299999999999983	1
16.399999999999984	1
16.499999999999986	1
16.599999999999987	1
16.699999999999989	1
16.79999999999999	1
16.899999999999991	1
16.999999999999993	1
17.099999999999994	1
17.199999999999996	1
17.299999999999997	1
17.399999999999999	1
17.5	1
17.600000000000001	1
17.700000000000003	1
17.800000000000004	1
17.900000000000006	1
18.000000000000007	1
18.100000000000009	1
18.20000000000001	1
18.300000000000011	1
18.400000000000013	1
18.500000000000014	1
18.600000000000016	1
18.700000000000017	1
18.800000000000018	1
18.90000000000002	1
19.000000000000021	1
19.100000000000023	1
19.200000000000024	1
19.300000000000026	1
19.400000000000027	1
19.500000000000028	1
19.60000000000003	1
19.700000000000031	1
19.800000000000033	1
19.900000000000034	1
20.000000000000036	1
20.100000000000037	1
20.200000000000038	1
20.30000000000004	1
20.400000000000041	1
20.500000000000043	1
20.600000000000044	1
20.700000000000045	1
20.800000000000047	1
20.900000000000048	1
21.00000000000005	1
21.100000000000051	1
21.200000000000053	1
21.300000000000054	1
21.400000000000055	1
21.500000000000057	1
21.600000000000058	1
21.70000000000006	1
21.800000000000061	1
21.900000000000063	1
22.000000000000064	1
22.100000000000065	1
22.200000000000067	1
22.300000000000068	1
22.40000000000007	1
22.500000000000071	1
22.600000000000072	1
22.700000000000074	1
22.800000000000075	1
22.900000000000077	1
23.000000000000078	1
23.10000000000008	1
23.200000000000081	1
23.300000000000082	1
23.400000000000084	1
23.500000000000085	1
23.600000000000087	1
23.700000000000088	1
23.80000000000009	1
23.900000000000091	1
24.000000000000092	1
24.100000000000094	1
24.200000000000095	1
24.300000000000097	1
24.400000000000098	1
24.500000000000099	1
24.600000000000101	1
24.700000000000102	1
24.800000000000104	1
24.900000000000105	1
25.000000000000107	8
25.100000000000108	24.5
25.200000000000109	24.5
25.300000000000111	24.5
25.400000000000112	8
25.500000000000114	14.2187
25.600000000000115	7.35193
25.700000000000117	7.35193
25.800000000000118	4.65858
25.900000000000119	7.22133
26.000000000000121	10.0239
26.100000000000122	13.6671
26.200000000000124	16.4613
26.300000000000125	19.3167
26.400000000000126	10.4548
26.500000000000128	10.8323
26.600000000000129	13.5486
26.700000000000131	7.5444
26.800000000000132	8.42791
26.900000000000134	11.7201
27.000000000000135	5.86006
27.100000000000136	7.38747
27.200000000000138	10.1437
27.300000000000139	13.0055
27.400000000000141	15.7904
27.500000000000142	9.07576
27.600000000000144	4.59297
27.700000000000145	7.58982
27.800000000000146	10.2913
27.900000000000148	13.1208
28.000000000000149	16.0111
28.100000000000151	9.03433
28.200000000000152	9.36242
28.300000000000153	12.1621
28.400000000000155	15.0376
28.500000000000156	8.92051
28.600000000000158	5.23777
28.700000000000159	7.33317
28.800000000000161	10.1044
28.900000000000162	5.52694
29.000000000000163	6.98457
29.100000000000165	9.54458
29.200000000000166	12.3026
29.300000000000168	7.40845
29.400000000000169	9.6515
29.500000000000171	12.3856
29.600000000000172	15.2187
29.700000000000173	18.1048
29.800000000000175	10.1229
29.900000000000176	10.1229
30.000000000000178	10.7018
30.100000000000179	14.3814
30.20000000000018	8.47039
30.300000000000182	10.39
30.400000000000183	13.1982
30.500000000000185	16.0745
30.600000000000186	18.9884
30.700000000000188	10.4976
30.800000000000189	5.96697
30.90000000000019	4.24708
31.000000000000192	6.96718
31.100000000000193	9.53192
31.200000000000195	12.2109
31.300000000000196	14.8763
31.400000000000198	17.4776
31.500000000000199	9.5106
31.6000000000002	5.84506
31.700000000000202	5.84506
31.800000000000203	8.39827
31.900000000000205	5.02454
32.000000000000206	7.59373
32.100000000000207	10.2942
32.200000000000209	6.21532
32.30000000000021	9.00022
32.400000000000212	11.6302
32.500000000000213	7.09795
32.600000000000215	9.83409
32.700000000000216	12.3669
32.800000000000217	6.83814
32.900000000000219	6.83814
33.00000000000022	6.83814
33.100000000000222	9.43848
33.200000000000223	12.2207
33.300000000000225	16.0505
33.400000000000226	18.809
33.500000000000227	10.1251
33.600000000000229	12.9911
33.70000000000023	15.7149
33.800000000000232	8.99082
33.900000000000233	11.6229
34.000000000000234	14.2583
34.100000000000236	18.0426
34.200000000000237	20.9208
34.300000000000239	23.7025
34.40000000000024	12.4283
34.500000000000242	13.6586
34.600000000000243	16.4543
34.700000000000244	9.39252
34.800000000000246	9.39252
34.900000000000247	10.9716
35.000000000000249	13.66
35.10000000000025	7.59444
35.200000000000252	9.58697
35.300000000000253	12.3354
35.400000000000254	14.9115
35.500000000000256	7.45576
35.600000000000257	10.0942
35.700000000000259	13.8641
35.80000000000026	7.97421
35.900000000000261	7.97421
36.000000000000263	10.2881
36.100000000000264	13.1182
36.200000000000266	16.009
36.300000000000267	18.8269
36.400000000000269	10.0314
36.50000000000027	10.5203
36.600000000000271	13.3008
36.700000000000273	16.1588
36.800000000000274	19.0597
36.900000000000276	21.8038
37.000000000000277	24.6481
37.100000000000279	13.0921
37.20000000000028	15.9876
37.300000000000281	19.6929
37.400000000000283	22.5377
37.500000000000284	25.4178
37.600000000000286	13.5106
37.700000000000287	7.18892
37.800000000000288	10.0007
37.90000000000029	12.738
38.000000000000291	15.5066
38.100000000000293	9.83942
38.200000000000294	6.06267
38.300000000000296	8.06501
38.400000000000297	10.7393
38.500000000000298	13.3247
38.6000000000003	16.1785
38.700000000000301	19.0764
38.800000000000303	21.8642
38.900000000000304	25.6555
39.000000000000306	14.1448
39.100000000000307	15.2365
39.200000000000308	8.75567
39.30000000000031	11.4425
39.400000000000311	6.61582
39.500000000000313	9.06015
39.600000000000314	11.8472
39.700000000000315	7.35821
39.800000000000317	7.35821
39.900000000000318	9.61315
40.00000000000032	12.3558
40.100000000000321	15.1945
40.200000000000323	18.0844
40.300000000000324	9.93908
40.400000000000325	9.93908
40.500000000000327	13.4569
40.600000000000328	16.2874
40.70000000000033	9.12956
40.800000000000331	10.6538
40.900000000000333	13.4065
41.000000000000334	16.2458
41.100000000000335	9.00042
41.200000000000337	11.7163
41.300000000000338	15.3474
41.40000000000034	18.213
41.500000000000341	10.5866
41.600000000000342	13.3532
41.700000000000344	16.2019
41.800000000000345	19.0963
41.900000000000347	22.0184
42.000000000000348	24.8381
42.10000000000035	28.4089
42.200000000000351	15.2096
42.300000000000352	18.0971
42.400000000000354	21.0156
42.500000000000355	23.8701
42.600000000000357	26.7188
42.700000000000358	14.1595
42.80000000000036	17.0493
42.900000000000361	20.6123
43.000000000000362	5.56241
43.100000000000364	7.43194
43.200000000000365	10.176
43.300000000000367	12.9535
43.400000000000368	8.01016
43.500000000000369	10.6983
43.600000000000371	6.17822
43.700000000000372	9.83051
43.800000000000374	5.98395
43.900000000000375	8.4948
44.000000000000377	11.2447
4