10	1
10.1	1
10.199999999999999	1
10.299999999999999	1
10.399999999999999	1
10.499999999999998	1
10.599999999999998	1
10.699999999999998	1
10.799999999999997	1
10.899999999999997	1
10.999999999999996	1
11.099999999999996	1
11.199999999999996	1
11.299999999999995	1
11.399999999999995	1
11.499999999999995	1
11.599999999999994	1
11.699999999999994	1
11.799999999999994	1
11.899999999999993	1
11.999999999999993	1
12.099999999999993	1
12.199999999999992	1
12.299999999999992	1
12.399999999999991	1
12.499999999999991	1
12.599999999999991	1
12.69999999999999	1
12.79999999999999	1
12.89999999999999	1
12.999999999999989	1
13.099999999999989	1
13.199999999999989	1
13.299999999999988	1
13.399999999999988	1
13.499999999999988	8
13.599999999999987	32
13.699999999999987	32
13.799999999999986	2
13.899999999999986	18.3886
13.999999999999986	11.8151
14.099999999999985	6.85103
14.199999999999985	12.0626
14.299999999999985	17.6604
14.399999999999984	11.987
14.499999999999984	17.4947
14.599999999999984	22.278
14.699999999999983	28.1166
14.799999999999983	15.8484
14.899999999999983	21.482
14.999999999999982	13.0929
15.099999999999982	9.19986
15.199999999999982	6.01888
15.299999999999981	11.2631
15.399999999999981	7.46897
15.49999999999998	12.7406
15.59999999999998	8.44087
15.69999999999998	14.0628
15.799999999999979	9.11072
15.899999999999979	10.6377
15.999999999999979	7.70605
16.09999999999998	9.98217
16.199999999999982	7.1074
16.299999999999983	4.71167
16.399999999999984	8.99191
16.499999999999986	3.23515
16.599999999999987	3.23515
16.699999999999989	1
16.79999999999999	5.19763
16.899999999999991	10.5704
16.999999999999993	7.90785
17.099999999999994	10.9939
17.199999999999996	16.4094
17.299999999999997	10.6049
17.399999999999999	6.75846
17.5	11.8424
17.600000000000001	7.59185
17.700000000000003	13.122
17.800000000000004	9.47465
17.900000000000006	15.1075
18.000000000000007	11.3104
18.100000000000009	7.28524
18.20000000000001	12.2309
18.300000000000011	17.9995
18.400000000000013	23.6274
18.500000000000014	13.9322
18.600000000000016	10.461
18.700000000000017	6.88673
18.800000000000018	10.3846
18.90000000000002	6.93056
19.000000000000021	9.50531
19.100000000000023	15.1267
19.200000000000024	4.07038
19.300000000000026	8.20246
19.400000000000027	7.77215
19.500000000000028	6.1184
19.60000000000003	6.21023
19.700000000000031	10.7293
19.800000000000033	16.2953
19.900000000000034	9.16424
20.000000000000036	7.77137
20.100000000000037	5.40198
20.200000000000038	5.40198
20.30000000000004	2
20.400000000000041	2.63061
20.500000000000043	4.09835
20.600000000000044	9.36135
20.700000000000045	15.037
20.800000000000047	10.7378
20.900000000000048	5.81765
21.00000000000005	5.81765
21.100000000000051	2.9
21.200000000000053	7.70809
21.300000000000054	13.0362
21.400000000000055	8.72707
21.500000000000057	6.94908
21.600000000000058	5.74582
21.70000000000006	11.1212
21.800000000000061	16.7359
21.900000000000063	4.53476
22.000000000000064	9.96802
22.100000000000065	14.4129
22.200000000000067	7.34521
22.300000000000068	7.34521
22.40000000000007	5.05378
22.500000000000071	10.3083
22.600000000000072	8.32972
22.700000000000074	13.9966
22.800000000000075	10.0413
22.900000000000077	7.20548
23.000000000000078	7.18927
23.10000000000008	12.7382
23.200000000000081	9.0362
23.300000000000082	5.09995
23.400000000000084	4.56582
23.500000000000085	3.85286
23.600000000000087	3.8585
23.700000000000088	8.81637
23.80000000000009	6.52154
23.900000000000091	11.0935
24.000000000000092	8.86889
24.100000000000094	4.43444
24.200000000000095	4.43444
24.300000000000097	4.33944
24.400000000000098	2.78778
24.500000000000099	2.78778
24.600000000000101	2.9
24.700000000000102	7.02286
24.800000000000104	12.3242
24.900000000000105	8.72116
25.000000000000107	5.00493
25.100000000000108	9.14655
25.200000000000109	13.7866
25.300000000000111	9.11525
25.400000000000112	5.94464
25.500000000000114	10.8603
25.600000000000115	6.82355
25.700000000000117	6.82355
25.800000000000118	2
25.900000000000119	6.77034
26.000000000000121	6.5233
26.100000000000122	5.07442
26.200000000000124	4.64655
26.300000000000125	3.50717
26.400000000000126	7.42066
26.500000000000128	7.10137
26.600000000000129	12.53
26.700000000000131	9.33478
26.800000000000132	2.66352
26.900000000000134	6.32378
27.000000000000135	6.56505
27.100000000000136	3.78296
27.200000000000138	3.78296
27.300000000000139	4.09525
27.400000000000141	8.33628
27.500000000000142	14.0005
27.600000000000144	9.22349
27.700000000000145	9.22349
27.800000000000146	1
27.900000000000148	6.51909
28.000000000000149	5.99476
28.100000000000151	11.2504
28.200000000000152	8.57248
28.300000000000153	6.99069
28.400000000000155	4.89051
28.500000000000156	4.71926
28.600000000000158	9.74708
28.700000000000159	7.30431
28.800000000000161	11.2154
28.900000000000162	6.89187
29.000000000000163	9.79038
29.100000000000165	6.80422
29.200000000000166	3.40211
29.300000000000168	3.40211
29.400000000000169	5.19763
29.500000000000171	4.22812
29.600000000000172	4.22812
29.700000000000173	2.5
29.800000000000175	7.44171
29.900000000000176	7.61807
30.000000000000178	4.2469
30.100000000000179	9.53184
30.20000000000018	6.48151
30.300000000000182	12.0263
30.400000000000183	7.73568
30.500000000000185	12.0118
30.600000000000186	9.40871
30.700000000000188	15.0664
30.800000000000189	10.7275
30.90000000000019	7.60729
31.000000000000192	11.5885
31.100000000000193	7.39152
31.200000000000195	6.37989
31.300000000000196	6.99871
31.400000000000198	6.73363
31.500000000000199	4.68173
31.6000000000002	9.41413
31.700000000000202	6.65156
31.800000000000203	4.45488
31.900000000000205	2.44653
32.000000000000206	6.07729
32.100000000000207	11.4706
32.200000000000209	6.88762
32.30000000000021	4.47995
32.400000000000212	3.21382
32.500000000000213	7.42881
32.600000000000215	6.12502
32.700000000000216	5.30206
32.800000000000217	4.14014
32.900000000000219	9.16226
33.00000000000022	13.8695
33.100000000000222	9.47387
33.200000000000223	15.107
33.300000000000225	10.016
33.400000000000226	7.0474
33.500000000000227	11.0507
33.600000000000229	8.33019
33.70000000000023	13.5603
33.800000000000232	9.33008
33.900000000000233	5.51586
34.000000000000234	10.0514
34.100000000000236	3.445
34.200000000000237	8.04576
34.300000000000239	5.94173
34.40000000000024	10.9508
34.500000000000242	8.39118
34.600000000000243	13.5237
34.700000000000244	9.38367
34.800000000000246	7.44143
34.900000000000247	13.0361
35.000000000000249	4.03512
35.10000000000025	9.22616
35.200000000000252	6.84687
35.300000000000253	10.261
35.400000000000254	5.46237
35.500000000000256	5.46237
35.600000000000257	4.33944
35.700000000000259	4.35661
35.80000000000026	9.68451
35.900000000000261	8.05219
36.000000000000263	12.5413
36.100000000000264	4.60108
36.200000000000266	4.60108
36.300000000000267	1
36.400000000000269	3.55301
36.50000000000027	5.13304
36.600000000000271	4.8733
36.700000000000273	3.81457
36.800000000000274	8.32741
36.900000000000276	6.20703
37.000000000000277	11.2751
37.100000000000279	4.40024
37.20000000000028	8.83568
37.300000000000281	6.29334
37.400000000000283	5.74476
37.500000000000284	5.37592
37.600000000000286	2.68796
37.700000000000287	2.68796
37.800000000000288	4.33944
37.90000000000029	8.80618
38.000000000000291	7.96395
38.100000000000293	5.78789
38.200000000000294	11.0522
38.300000000000296	7.35593
38.400000000000297	5.2247
38.500000000000298	5.02501
38.6000000000003	10.2944
38.700000000000301	6.79559
38.800000000000303	6.94821
38.900000000000304	6.21824
39.000000000000306	4.50111
39.100000000000307	4.50111
39.200000000000308	2
39.30000000000031	7.16526
39.400000000000311	4.51592
39.500000000000313	7.40922
39.600000000000314	6.27348
39.700000000000315	9.36809
39.800000000000317	5.95825
39.900000000000318	7.59913
40.00000000000032	12.9724
40.100000000000321	9.0167
40.200000000000323	14.4837
40.300000000000324	10.3532
40.400000000000325	14.8847
40.500000000000327	10.4985
40.600000000000328	8.97433
40.70000000000033	6.90963
40.800000000000331	5.46446
40.900000000000333	10.0236
41.000000000000334	8.52296
41.100000000000335	6.52645
41.200000000000337	12.0504
41.300000000000338	17.652
41.40000000000034	22.4016
41.500000000000341	7.35656
41.600000000000342	5.98432
41.700000000000344	11.1553
41.800000000000345	8.01254
41.900000000000347	8.01254
42.000000000000348	1
42.10000000000035	6.03493
42.200000000000351	6.15138
42.300000000000352	11.2449
42.400000000000354	3.8052
42.500000000000355	7.15005
42.600000000000357	5.28005
42.700000000000358	4.86045
42.80000000000036	8.95784
42.900000000000361	6.9043
43.000000000000362	9.05221
43.100000000000364	6.17916
43.200000000000365	5.64659
43.300000000000367	4.83046
43.400000000000368	5.5409
43.500000000000369	10.065
43.600000000000371	8.20188
43.700000000000372	5.52073
43.800000000000374	6.02765
43.900000000000375	5.81042
44.000000000000377	4.42112
44.100000000000378	9.28972
44.200000000000379	8.06748
44.300000000000381	2.7656
44.400000000000382	2.72348
44.500000000000384	6.95597
44.600000000000385	11.8711
44.700000000000387	6.87515
44.800000000000388	5.94534
44.900000000000389	11.2244
45.000000000000391	7.15133
45.100000000000392	6.25293
45.200000000000394	5.98507
45.300000000000395	6.0931
45.400000000000396	11.3026
45.500000000000398	7.51723
45.600000000000399	11.5299
45.700000000000401	9.96235
45.800000000000402	6.88428
45.900000000000404	4.84455
46.000000000000405	3.67054
46.100000000000406	8.26438
46.200000000000408	2.4358
46.300000000000409	3.11899
46.400000000000411	3.41072
46.500000000000412	3.00899
46.600000000000414	4.37679
46.700000000000415	4.05532
46.800000000000416	8.78814
46.900000000000418	2.89786
47.000000000000419	2.89786
47.100000000000421	2
47.200000000000422	2.96434
47.300000000000423	3.49557
47.400000000000425	4.38313
47.500000000000426	3.18188
47.600000000000428	3.50831
47.700000000000429	8.78888
47.800000000000431	4.61774
47.900000000000432	4.61774
48.000000000000433	4.56988
48.100000000000435	4.70628
48.200000000000436	5.20612
48.300000000000438	5.0638
48.400000000000439	4.75075
48.500000000000441	7.55249
48.600000000000442	7.81029
48.700000000000443	2.6946
48.800000000000445	1.69595
48.900000000000446	2.69595
49.000000000000448	2.69595
49.100000000000449	4.56988
49.20000000000045	2.28494
49.300000000000452	7.24027
49.400000000000453	12.7668
49.500000000000455	18.3673
49.600000000000456	10.3377
49.700000000000458	2
49.800000000000459	2
49.90000000000046	7.02286
50.000000000000462	5.9128
50.100000000000463	5.9128
50.200000000000465	5.9128
50.300000000000466	1.62241
50.400000000000468	6.77192
50.500000000000469	5.43912
50.60000000000047	3.93568
50.700000000000472	3.49132
50.800000000000473	8.66698
50.900000000000475	2.54578
51.000000000000476	5.94672
51.100000000000477	5.37495
51.200000000000479	5.25547
51.30000000000048	5.38363
51.400000000000482	10.8485
51.500000000000483	7.61717
51.600000000000485	4.95698
51.700000000000486	4.28731
51.800000000000487	4.63462
51.900000000000489	9.81014
52.00000000000049	8.86901
52.100000000000492	7.62995
52.200000000000493	13.1439
52.300000000000495	4.64613
52.400000000000496	9.91736
52.500000000000497	6.17605
52.600000000000499	4.71399
52.7000000000005	10.0493
52.800000000000502	15.5379
52.900000000000503	9.99674
53.000000000000504	6.12657
53.100000000000506	4.19933
53.200000000000507	8.96685
53.300000000000509	14.1017
53.40000000000051	5.07676
53.500000000000512	10.2216
53.600000000000513	7.50904
53.700000000000514	5.93393
53.800000000000516	10.087
53.900000000000517	8.42265
54.000000000000519	7.23087
54.10000000000052	6.08788
54.200000000000522	11.3883
54.300000000000523	6.47878
54.400000000000524	6.09456
54.500000000000526	5.45984
54.600000000000527	4.10218
54.700000000000529	4.23542
54.80000000000053	4.4592
54.900000000000531	9.83288
55.000000000000533	7.29866
55.100000000000534	9.2471
55.200000000000536	4.00473
55.300000000000537	9.21325
55.400000000000539	14.1886
55.50000000000054	11.0103
55.600000000000541	3.94106
55.700000000000543	8.3845
55.800000000000544	14.0291
55.900000000000546	7.36318
56.000000000000547	7.36318
56.100000000000549	5.05378
56.20000000000055	10.3083
56.300000000000551	7.01787
56.400000000000553	12.3214
56.500000000000554	3.84483
56.600000000000556	3.39501
56.700000000000557	3.94933
56.800000000000558	3.32145
56.90000000000056	2.81126
57.000000000000561	7.8073
57.10000000