10	1
10.1	1
10.199999999999999	1
10.299999999999999	1
10.399999999999999	1
10.499999999999998	1
10.599999999999998	1
10.699999999999998	1
10.799999999999997	1
10.899999999999997	1
10.999999999999996	1
11.099999999999996	1
11.199999999999996	1
11.299999999999995	1
11.399999999999995	1
11.499999999999995	1
11.599999999999994	1
11.699999999999994	1
11.799999999999994	1
11.899999999999993	1
11.999999999999993	1
12.099999999999993	1
12.199999999999992	1
12.299999999999992	1
12.399999999999991	1
12.499999999999991	1
12.599999999999991	1
12.69999999999999	1
12.79999999999999	1
12.89999999999999	1
12.999999999999989	1
13.099999999999989	1
13.199999999999989	1
13.299999999999988	1
13.399999999999988	1
13.499999999999988	1
13.599999999999987	1
13.699999999999987	1
13.799999999999986	1
13.899999999999986	1
13.999999999999986	1
14.099999999999985	1
14.199999999999985	1
14.299999999999985	1
14.399999999999984	1
14.499999999999984	1
14.599999999999984	1
14.699999999999983	1
14.799999999999983	1
14.899999999999983	1
14.999999999999982	1
15.099999999999982	1
15.199999999999982	1
15.299999999999981	1
15.399999999999981	1
15.49999999999998	1
15.59999999999998	1
15.69999999999998	1
15.799999999999979	1
15.899999999999979	1
15.999999999999979	1
16.09999999999998	1
16.199999999999982	1
16.299999999999983	1
16.399999999999984	1
16.499999999999986	1
16.599999999999987	1
16.699999999999989	1
16.79999999999999	1
16.899999999999991	1
16.999999999999993	1
17.099999999999994	1
17.199999999999996	1
17.299999999999997	1
17.399999999999999	1
17.5	1
17.600000000000001	1
17.700000000000003	1
17.800000000000004	1
17.900000000000006	1
18.000000000000007	1
18.100000000000009	1
18.20000000000001	1
18.300000000000011	1
18.400000000000013	1
18.500000000000014	1
18.600000000000016	1
18.700000000000017	1
18.800000000000018	1
18.90000000000002	1
19.000000000000021	1
19.100000000000023	1
19.200000000000024	1
19.300000000000026	1
19.400000000000027	1
19.500000000000028	1
19.60000000000003	1
19.700000000000031	1
19.800000000000033	1
19.900000000000034	1
20.000000000000036	1
20.100000000000037	1
20.200000000000038	1
20.30000000000004	1
20.400000000000041	1
20.500000000000043	1
20.600000000000044	1
20.700000000000045	1
20.800000000000047	1
20.900000000000048	1
21.00000000000005	1
21.100000000000051	1
21.200000000000053	1
21.300000000000054	1
21.400000000000055	1
21.500000000000057	1
21.600000000000058	1
21.70000000000006	1
21.800000000000061	1
21.900000000000063	1
22.000000000000064	1
22.100000000000065	1
22.200000000000067	1
22.300000000000068	1
22.40000000000007	1
22.500000000000071	1
22.600000000000072	1
22.700000000000074	1
22.800000000000075	1
22.900000000000077	1
23.000000000000078	1
23.10000000000008	1
23.200000000000081	1
23.300000000000082	1
23.400000000000084	1
23.500000000000085	1
23.600000000000087	1
23.700000000000088	1
23.80000000000009	1
23.900000000000091	1
24.000000000000092	1
24.100000000000094	1
24.200000000000095	1
24.300000000000097	1
24.400000000000098	1
24.500000000000099	1
24.600000000000101	1
24.700000000000102	1
24.800000000000104	1
24.900000000000105	1
25.000000000000107	1
25.100000000000108	1
25.200000000000109	1
25.300000000000111	1
25.400000000000112	1
25.500000000000114	1
25.600000000000115	1
25.700000000000117	1
25.800000000000118	1
25.900000000000119	1
26.000000000000121	1
26.100000000000122	1
26.200000000000124	1
26.300000000000125	1
26.400000000000126	1
26.500000000000128	1
26.600000000000129	1
26.700000000000131	4
26.800000000000132	11
26.900000000000134	5.5
27.000000000000135	5.5
27.100000000000136	6.96341
27.200000000000138	7.3857
27.300000000000139	9.2071
27.400000000000141	11.0886
27.500000000000142	12.771
27.600000000000144	14.6025
27.700000000000145	15.916
27.800000000000146	7.95801
27.900000000000148	9.13614
28.000000000000149	11.0299
28.100000000000151	12.4813
28.200000000000152	6.24064
28.300000000000153	6.24064
28.400000000000155	7.42437
28.500000000000156	9.23804
28.600000000000158	11.1143
28.700000000000159	13.0264
28.800000000000161	6.62767
28.900000000000162	6.62767
29.000000000000163	1
29.100000000000165	3
29.200000000000166	5.25165
29.300000000000168	7.0626
29.400000000000169	8.83778
29.500000000000171	9.7057
29.600000000000172	11.5053
29.700000000000173	13.1341
29.800000000000175	14.9879
29.900000000000176	16.6355
30.000000000000178	8.31777
30.100000000000179	9.12571
30.20000000000018	10.9298
30.300000000000182	12.7127
30.400000000000183	6.62671
30.500000000000185	3.53478
30.600000000000186	3.81768
30.700000000000188	5.37832
30.800000000000189	7.15652
30.90000000000019	8.7991
31.000000000000192	10.5645
31.100000000000193	12.0724
31.200000000000195	13.3357
31.300000000000196	7.06931
31.400000000000198	7.75035
31.500000000000199	4.24736
31.6000000000002	5.50502
31.700000000000202	6.0331
31.800000000000203	3.64674
31.900000000000205	5.26074
32.000000000000206	7.0693
32.100000000000207	8.9562
32.200000000000209	10.5059
32.30000000000021	10.9735
32.400000000000212	5.48675
32.500000000000213	5.48675
32.600000000000215	7.09684
32.700000000000216	8.97787
32.800000000000217	10.7135
32.900000000000219	11.613
33.00000000000022	13.4539
33.100000000000222	6.94695
33.200000000000223	8.14993
33.300000000000225	4.54232
33.400000000000226	4.97245
33.500000000000227	6.55793
33.600000000000229	8.32147
33.70000000000023	10.171
33.800000000000232	11.73
33.900000000000233	13.4808
34.000000000000234	14.4152
34.100000000000236	16.1838
34.200000000000237	8.09189
34.300000000000239	8.09189
34.40000000000024	4.70824
34.500000000000242	4.70824
34.600000000000243	4.70824
34.700000000000244	4.70824
34.800000000000246	1
34.900000000000247	2.5
35.000000000000249	3.55301
35.10000000000025	5.19763
35.200000000000252	7.02286
35.300000000000253	3.85404
35.400000000000254	4.35661
35.500000000000256	5.21186
35.600000000000257	2.70186
35.700000000000259	2.70186
35.80000000000026	4.21506
35.900000000000261	6.01074
36.000000000000263	3.24838
36.100000000000264	3.24838
36.200000000000266	1
36.300000000000267	2
36.400000000000269	3.55301
36.50000000000027	5.19763
36.600000000000271	7.02286
36.700000000000273	8.80618
36.800000000000274	10.4749
36.900000000000276	11.3933
37.000000000000277	5.87022
37.100000000000279	5.87022
37.20000000000028	5.87022
37.300000000000281	2.9
37.400000000000283	4.56988
37.500000000000284	5.75491
37.600000000000286	7.16526
37.700000000000287	3.86175
37.800000000000288	5.40913
37.90000000000029	7.03743
38.000000000000291	8.70285
38.100000000000293	9.89285
38.200000000000294	11.3139
38.300000000000296	12.7327
38.400000000000297	6.36635
38.500000000000298	6.36635
38.6000000000003	7.39472
38.700000000000301	3.69736
38.800000000000303	3.69736
38.900000000000304	3.69736
39.000000000000306	2.9
39.100000000000307	4.33944
39.200000000000308	4.99753
39.30000000000031	2.89896
39.400000000000311	4.33877
39.500000000000313	5.19708
39.600000000000314	6.87705
39.700000000000315	3.72935
39.800000000000317	5.31717
39.900000000000318	3.09952
40.00000000000032	3.09952
40.100000000000321	1
40.200000000000323	2
40.300000000000324	3.55301
40.400000000000325	5.19763
40.500000000000327	6.5768
40.600000000000328	3.36442
40.70000000000033	4.1889
40.800000000000331	5.07378
40.900000000000333	6.78515
41.000000000000334	8.50092
41.100000000000335	10.318
41.200000000000337	5.53469
41.300000000000338	5.53469
41.40000000000034	6.0601
41.500000000000341	7.80904
41.600000000000342	9.54902
41.700000000000344	11.3736
41.800000000000345	13.0958
41.900000000000347	6.54792
42.000000000000348	6.54792
42.10000000000035	1
42.200000000000351	4.63158
42.300000000000352	6.306
42.400000000000354	7.87337
42.500000000000355	9.60155
42.600000000000357	4.90436
42.700000000000358	5.30403
42.80000000000036	7.1013
42.900000000000361	8.98139
43.000000000000362	10.4315
43.100000000000364	12.0399
43.200000000000365	12.924
43.300000000000367	14.6683
43.400000000000368	16.5311
43.500000000000369	18.368
43.600000000000371	9.45267
43.700000000000372	9.45267
43.800000000000374	1
43.900000000000375	4.92064
44.000000000000377	2.46032
44.100000000000378	3.2156
44.200000000000379	4.0726
44.300000000000381	5.73906
44.400000000000382	7.42954
44.500000000000384	8.32544
44.600000000000385	10.1742
44.70000000000038