10	2.83633
10.1	5.22925
10.199999999999999	5.42048
10.299999999999999	5.42048
10.399999999999999	7.02286
10.499999999999998	17.0943
10.599999999999998	16.2506
10.699999999999998	10.728
10.799999999999997	12.0033
10.899999999999997	22.3316
10.999999999999996	17.2746
11.099999999999996	13.2367
11.199999999999996	10.8824
11.299999999999995	10.8824
11.399999999999995	10.8824
11.499999999999995	11.7415
11.599999999999994	5.56101
11.699999999999994	10.4363
11.799999999999994	7.23649
11.899999999999993	10.0625
11.999999999999993	20.346
12.099999999999993	8.97234
12.199999999999992	17.2963
12.299999999999992	17.291
12.399999999999991	12.702
12.499999999999991	10.0474
12.599999999999991	10.0474
12.69999999999999	1
12.79999999999999	11.9951
12.89999999999999	5.01707
12.999999999999989	7.42576
13.099999999999989	4.16103
13.199999999999989	4.16103
13.299999999999988	8.45624
13.399999999999988	18.6629
13.499999999999988	14.2956
13.599999999999987	7.56451
13.699999999999987	7.79778
13.799999999999986	4.05102
13.899999999999986	5.98976
13.999999999999986	12.1899
14.099999999999985	9.8116
14.199999999999985	5.45891
14.299999999999985	8.14863
14.399999999999984	9.28008
14.499999999999984	7.72385
14.599999999999984	8.48916
14.699999999999983	9.7038
14.799999999999983	4.69482
14.899999999999983	6.14438
14.999999999999982	5.10553
15.099999999999982	5.33618
15.199999999999982	3.99458
15.299999999999981	8.06603
15.399999999999981	7.4444
15.49999999999998	16.7999
15.59999999999998	10.7275
15.69999999999998	7.67199
15.799999999999979	9.11353
15.899999999999979	7.86773
15.999999999999979	7.99483
16.09999999999998	7.99483
16.199999999999982	2.20227
16.299999999999983	5.9333
16.399999999999984	6.73291
16.499999999999986	6.73291
16.599999999999987	10.2104
16.699999999999989	5.58459
16.79999999999999	9.22724
16.899999999999991	10.3704
16.999999999999993	9.9272
17.099999999999994	8.70045
17.199999999999996	5.65668
17.299999999999997	7.66489
17.399999999999999	3.49739
17.5	3.49739
17.600000000000001	1
17.700000000000003	5.33248
17.800000000000004	6.88097
17.900000000000006	9.5702
18.000000000000007	8.47681
18.100000000000009	4.92559
18.20000000000001	6.59488
18.300000000000011	8.99844
18.400000000000013	11.2229
18.500000000000014	5.65601
18.600000000000016	5.65601
18.700000000000017	4.39377
18.800000000000018	7.26891
18.90000000000002	3.2802
19.000000000000021	3.2802
19.100000000000023	2.9
19.200000000000024	4.73343
19.300000000000026	8.23763
19.400000000000027	11.0106
19.500000000000028	4.81433
19.60000000000003	6.36016
19.700000000000031	3.92699
19.800000000000033	8.30011
19.900000000000034	8.2101
20.000000000000036	8.2101
20.100000000000037	1
20.200000000000038	11.7085
20.30000000000004	6.02505
20.400000000000041	6.02505
20.500000000000043	2.98794
20.600000000000044	4.39661
20.700000000000045	4.39661
20.800000000000047	8.69112
20.900000000000048	8.61424
21.00000000000005	2.47032
21.100000000000051	6.57396
21.200000000000053	4.9149
21.300000000000054	8.65195
21.400000000000055	8.47901
21.500000000000057	7.31555
21.600000000000058	4.23173
21.70000000000006	7.4128
21.800000000000061	4.96108
21.900000000000063	5.53167
22.000000000000064	6.66118
22.100000000000065	2.46735
22.200000000000067	2.46735
22.300000000000068	2
22.40000000000007	6.76345
22.500000000000071	4.27702
22.600000000000072	6.77085
22.700000000000074	5.70899
22.800000000000075	5.70899
22.900000000000077	5.75491
23.000000000000078	3.72954
23.10000000000008	3.72954
23.200000000000081	7.96541
23.300000000000082	5.09402
23.400000000000084	3.81272
23.500000000000085	6.23976
23.600000000000087	11.729
23.700000000000088	9.7221
23.80000000000009	7.88995
23.900000000000091	7.88995
24.000000000000092	3
24.100000000000094	5.0052
24.200000000000095	7.58698
24.300000000000097	5.37113
24.400000000000098	7.41404
24.500000000000099	7.52549
24.600000000000101	3.87827
24.700000000000102	13.2773
24.800000000000104	3.23054
24.900000000000105	2.97994
25.000000000000107	2.97994
25.100000000000108	4.33944
25.200000000000109	3.71672
25.300000000000111	5.55422
25.400000000000112	4.44694
25.500000000000114	6.35357
25.600000000000115	6.76625
25.700000000000117	4.30188
25.800000000000118	4.77795
25.900000000000119	8.24172
26.000000000000121	1.84391
26.100000000000122	11.38
26.200000000000124	12.291
26.300000000000125	5.53081
26.400000000000126	5.53081
26.500000000000128	2
26.600000000000129	4.64023
26.700000000000131	3.08923
26.800000000000132	7.26968
26.900000000000134	2.46768
27.000000000000135	3.62813
27.100000000000136	3.81923
27.200000000000138	4.63618
27.300000000000139	4.46125
27.400000000000141	5.29892
27.500000000000142	5.29892
27.600000000000144	2.9
27.700000000000145	2.9
27.800000000000146	2.9
27.900000000000148	2.9
28.000000000000149	3.36442
28.100000000000151	6.52704
28.200000000000152	4.9457
28.300000000000153	6.11092
28.400000000000155	9.03939
28.500000000000156	5.64639
28.600000000000158	3.87481
28.700000000000159	3.58983
28.800000000000161	3.58983
28.900000000000162	1
29.000000000000163	10.4749
29.100000000000165	10.1192
29.200000000000166	6.29719
29.300000000000168	6.29719
29.400000000000169	8.12537
29.500000000000171	4.86871
29.600000000000172	4.86871
29.700000000000173	1
29.800000000000175	3.51143
29.900000000000176	3.51143
30.000000000000178	3.55301
30.100000000000179	2.62877
30.20000000000018	2.62877
30.300000000000182	2.9
30.400000000000183	5.75002
30.500000000000185	4.39923
30.600000000000186	7.60766
30.700000000000188	4.71474
30.800000000000189	3.89865
30.90000000000019	6.13614
31.000000000000192	5.14305
31.100000000000193	2.28024
31.200000000000195	1.98689
31.300000000000196	1.98689
31.400000000000198	6.09735
31.500000000000199	3.45026
31.6000000000002	7.28506
31.700000000000202	8.41585
31.800000000000203	4.8919
31.900000000000205	2.92024
32.000000000000206	2.92024
32.100000000000207	9.14257
32.200000000000209	9.67577
32.30000000000021	5.04459
32.400000000000212	5.04459
32.500000000000213	7.02286
32.600000000000215	5.32779
32.700000000000216	5.97261
32.800000000000217	3.75308
32.900000000000219	7.40043
33.00000000000022	9.11276
33.100000000000222	3.79717
33.200000000000223	5.97685
33.300000000000225	8.9878
33.400000000000226	6.47963
33.500000000000227	4.66624
33.600000000000229	4.66624
33.70000000000023	4.33944
33.800000000000232	3.85404
33.900000000000233	3.85404
34.000000000000234	5.75491
34.100000000000236	7.39261
34.200000000000237	3.61907
34.300000000000239	3.22563
34.40000000000024	5.44504
34.500000000000242	3.56647
34.600000000000243	11.3089
34.700000000000244	6.92994
34.800000000000246	6.92994
34.900000000000247	3.63333
35.000000000000249	3.63333
35.10000000000025	3.63333
35.200000000000252	3.63333
35.300000000000253	2.9
35.400000000000254	2.04727
35.500000000000256	4.48777
35.600000000000257	7.99418
35.700000000000259	6.60325
35.80000000000026	6.60325
35.900000000000261	4.40454
36.000000000000263	3.45902
36.100000000000264	3.45902
36.200000000000266	5.19763
36.300000000000267	4.75213
36.400000000000269	5.03145
36.50000000000027	7.85603
36.600000000000271	5.28719
36.700000000000273	3.3898
36.800000000000274	3.3898
36.900000000000276	2.9
37.000000000000277	1.81004
37.100000000000279	1.81004
37.20000000000028	1
37.300000000000281	1
37.400000000000283	1
37.500000000000284	1
37.600000000000286	1
37.700000000000287	5.09176
37.800000000000288	3.60934
37.90000000000029	6.61916
38.000000000000291	8.19872
38.100000000000293	5.01851
38.200000000000294	5.01851
38.300000000000296	2
38.400000000000297	7.16526
38.500000000000298	7.16526
38.6000000000003	1
38.700000000000301	1
38.800000000000303	1
38.900000000000304	1
39.000000000000306	2.5
39.100000000000307	2.5
39.200000000000308	2.5
39.30000000000031	2.5
39.400000000000311	2.5
39.500000000000313	2.5
39.600000000000314	2.5
39.700000000000315	2.5
39.800000000000317	2.5
39.900000000000318	2.5
40.00000000000032	2.5
40.100000000000321	2.5
40.200000000000323	2.5
40.300000000000324	2.5
40.400000000000325	2.5
40.500000000000327	2.5
40.600000000000328	2.5
40.70000000000033	2.5
40.800000000000331	2.5
40.900000000000333	2.5
41.000000000000334	2.5
41.100000000000335	2.5
41.200000000000337	2.5
41.300000000000338	2.5
41.40000000000034	1
41.500000000000341	4.9687
41.600000000000342	3.6687
41.700000000000344	3.36377
41.800000000000345	5.4602
41.900000000000347	5.4602
42.000000000000348	2.96434
42.10000000000035	3.35545
42.200000000000351	4.05274
42.300000000000352	4.28992
42.400000000000354	2.88109
42.500000000000355	2.88109
42.600000000000357	1.91723
42.700000000000358	1.92357
42.80000000000036	1.92357
42.900000000000361	4.33944
43.000000000000362	2.78778
43.100000000000364	2.78778
43.200000000000365	5.19763
43.300000000000367	5.19763
43.400000000000368	2
43.500000000000369	2.5
43.600000000000371	2.5
43.700000000000372	2.5
43.800000000000374	2.5
43.900000000000375	3.55301
44.000000000000377	3.55301
44.100000000000378	3.45548
44.200000000000379	7.08876
44.300000000000381	3.75117
44.400000000000382	3.08471
44.500000000000384	2.74365
44.600000000000385	2.74365
44.700000000000387	6.09735
44.800000000000388	5.04672
44.900000000000389	9.07353
45.000000000000391	5.39838
45.100000000000392	9.11086
45.200000000000394	6.16219
45.300000000000395	3.30798
45.400000000000396	3.30798
45.500000000000398	2.04763
45.600000000000399	4.52054
45.700000000000401	4.52054
45.800000000000402	2
45.900000000000404	9.67696
46.000000000000405	4.83848
46.100000000000406	4.83848
46.200000000000408	2.9
46.300000000000409	2.9
46.400000000000411	2.9
46.500000000000412	2.9
46.600000000000414	2.69501
46.700000000000415	2.69501
46.800000000000416	1
46.900000000000418	5.32446
47.000000000000419	5.04963
47.100000000000421	10.1076
47.200000000000422	4.24459
47.300000000000423	2.82918
47.400000000000425	2.82918
47.500000000000426	1
47.600000000000428	5.40913
47.700000000000429	5.99788
47.800000000000431	4.00488
47.900000000000432	2.98911
48.000000000000433	3.62937
48.100000000000435	7.41808
48.200000000000436	3.2934
48.300000000000438	5.37031
48.400000000000439	9.51363
48.500000000000441	1.38031
48.600000000000442	1.62629
48.700000000000443	7.30593
48.800000000000445	9.88538
48.900000000000446	5.17633
49.000000000000448	7.33127
49.100000000000449	3.27885
49.20000000000045	2.42805
49.300000000000452	5.02575
49.400000000000453	4.08163
49.500000000000455	3.20932
49.600000000000456	5.73579
49.700000000000458	5.97032
49.800000000000459	2.62928
49.90000000000046	4.63759
50.000000000000462	4.63759
50.100000000000463	2.87745
50.200000000000465	2.75564
50.300000000000466	2.75564
50.400000000000468	2
50.500000000000469	6.75539
50.60000000000047	8.35369
50.700000000000472	10.1336
50.800000000000473	6.90768
50.900000000000475	4.15069
51.000000000000476	4.15069
51.100000000000477	2.04763
51.200000000000479	2.04763
51.30000000000048	1
51.400000000000482	4.04547
51.500000000000483	3.16036
51.600000000000485	4.87694
51.700000000000486	6.17087
51.800000000000487	4.613
51.900000000000489	2.41489
52.00000000000049	2.41489
52.100000000000492	7.96541
52.200000000000493	4.99129
52.300000000000495	4.99129
52.400000000000496	4.99129
52.500000000000497	7.44171
52.600000000000499	4.31862
52.7000000000005	5.38564
52.800000000000502	5.38564
52.900000000000503	3.24483
53.000000000000504	3.27255
53.100000000000506	7.37168
53.200000000000507	4.20321
53.300000000000509	4.20321
53.40000000000051	7.44171
53.500000000000512	3.91817
53.600000000000513	3.91817
53.700000000000514	2.9
53.800000000000516	3.24483
53.900000000000517	3.24483
54.000000000000519	3.24483
54.10000000000052	3.24483
54.200000000000522	4.11607
54.300000000000523	5.6347
54.400000000000524	5.15655
54.500000000000526	5.74382
54.600000000000527	3.08393
54.700000000000529	5.70931
54.80000000000053	4.93347
54.900000000000531	4.64949
55.000000000000533	5.74015
55.100000000000534	4.55172
55.200000000000536	4.55172
55.300000000000537	6.09735
55.400000000000539	3.2884
55.50000000000054	3.2884
55.600000000000541	7.96541
55.700000000000543	3.15421
55.800000000000544	11.887
55.900000000000546	6.27205
56.000000000000547	6.27205
56.100000000000549	1
56.20000000000055	1
56.300000000000551	1
56.400000000000553	1
56.500000000000554	7.96541
56.600000000000556	4.03715
56.700000000000557	3.23886
56.800000000000558	6.10402
56.90000000000056	9.2609
57.000000000000561	5.46765
57.100000000000563	2.91376
57.2000000000005