10	1
10.1	1
10.199999999999999	1
10.299999999999999	1
10.399999999999999	1
10.499999999999998	1
10.599999999999998	1
10.699999999999998	1
10.799999999999997	1
10.899999999999997	1
10.999999999999996	1
11.099999999999996	1
11.199999999999996	1
11.299999999999995	1
11.399999999999995	1
11.499999999999995	1
11.599999999999994	1
11.699999999999994	1
11.799999999999994	1
11.899999999999993	1
11.999999999999993	1
12.099999999999993	1
12.199999999999992	1
12.299999999999992	1
12.399999999999991	1
12.499999999999991	1
12.599999999999991	1
12.69999999999999	1
12.79999999999999	1
12.89999999999999	1
12.999999999999989	1
13.099999999999989	1
13.199999999999989	1
13.299999999999988	1
13.399999999999988	1
13.499999999999988	1
13.599999999999987	1
13.699999999999987	1
13.799999999999986	1
13.899999999999986	1
13.999999999999986	1
14.099999999999985	1
14.199999999999985	1
14.299999999999985	1
14.399999999999984	1
14.499999999999984	1
14.599999999999984	1
14.699999999999983	1
14.799999999999983	1
14.899999999999983	1
14.999999999999982	1
15.099999999999982	1
15.199999999999982	1
15.299999999999981	1
15.399999999999981	1
15.49999999999998	1
15.59999999999998	1
15.69999999999998	1
15.799999999999979	1
15.899999999999979	1
15.999999999999979	1
16.09999999999998	1
16.199999999999982	1
16.299999999999983	1
16.399999999999984	1
16.499999999999986	1
16.599999999999987	1
16.699999999999989	1
16.79999999999999	1
16.899999999999991	16.5
16.999999999999993	16.5
17.099999999999994	12.1829
17.199999999999996	10.6417
17.299999999999997	10.6417
17.399999999999999	6.57866
17.5	12.9774
17.600000000000001	6.17993
17.700000000000003	9.0002
17.800000000000004	9.41624
17.900000000000006	7.60493
18.000000000000007	3.07063
18.100000000000009	6.79969
18.20000000000001	6.79969
18.300000000000011	3
18.400000000000013	7.60539
18.500000000000014	7.03496
18.600000000000016	5.93859
18.700000000000017	10.2187
18.800000000000018	6.60225
18.90000000000002	6.61837
19.000000000000021	10.0454
19.100000000000023	9.70304
19.200000000000024	7.94739
19.300000000000026	7.94739
19.400000000000027	7.20419
19.500000000000028	13.2032
19.60000000000003	12.4996
19.700000000000031	10.0259
19.800000000000033	6.51817
19.900000000000034	9.74775
20.000000000000036	8.98874
20.100000000000037	8.74541
20.200000000000038	6.86069
20.30000000000004	8.60222
20.400000000000041	13.7683
20.500000000000043	14.048
20.600000000000044	16.5568
20.700000000000045	5.67165
20.800000000000047	8.44491
20.900000000000048	21.0293
21.00000000000005	11.4492
21.100000000000051	11.4492
21.200000000000053	9.14389
21.300000000000054	4.62973
21.400000000000055	7.46015
21.500000000000057	3.98949
21.600000000000058	6.84038
21.70000000000006	13.7754
21.800000000000061	4.45093
21.900000000000063	5.78637
22.000000000000064	13.3416
22.100000000000065	7.87291
22.200000000000067	13.2453
22.300000000000068	20.1355
22.40000000000007	6.65256
22.500000000000071	9.6999
22.600000000000072	6.58774
22.700000000000074	6.4414
22.800000000000075	5.95196
22.900000000000077	9.05676
23.000000000000078	7.48182
23.10000000000008	7.48182
23.200000000000081	1
23.300000000000082	7.18776
23.400000000000084	5.94242
23.500000000000085	5.66175
23.600000000000087	9.34421
23.700000000000088	10.2968
23.80000000000009	16.2015
23.900000000000091	4.55755
24.000000000000092	5.09311
24.100000000000094	12.9783
24.200000000000095	6.93956
24.300000000000097	8.81326
24.400000000000098	9.68833
24.500000000000099	7.1274
24.600000000000101	11.1064
24.700000000000102	8.10813
24.800000000000104	13.5698
24.900000000000105	15.0017
25.000000000000107	7.95473
25.100000000000108	7.95473
25.200000000000109	5.71333
25.300000000000111	6.19227
25.400000000000112	4.43585
25.500000000000114	4.43585
25.600000000000115	10.5704
25.700000000000117	6.04254
25.800000000000118	6.28564
25.900000000000119	4.79791
26.000000000000121	4.79791
26.100000000000122	7.96541
26.200000000000124	9.43814
26.300000000000125	15.9892
26.400000000000126	8.11818
26.500000000000128	5.53698
26.600000000000129	13.7643
26.700000000000131	8.56845
26.800000000000132	14.0729
26.900000000000134	9.22765
27.000000000000135	8.58214
27.100000000000136	11.9973
27.200000000000138	5.40538
27.300000000000139	10.2983
27.400000000000141	7.28246
27.500000000000142	8.51304
27.600000000000144	2
27.700000000000145	2
27.800000000000146	6.0739
27.900000000000148	8.29757
28.000000000000149	10.2103
28.100000000000151	7.46686
28.200000000000152	7.26279
28.300000000000153	20.6348
28.400000000000155	15.8092
28.500000000000156	9.36482
28.600000000000158	14.9762
28.700000000000159	7.2607
28.800000000000161	7.59578
28.900000000000162	5.19404
29.000000000000163	2.42985
29.100000000000165	5.30761
29.200000000000166	4.90331
29.300000000000168	13.3497
29.400000000000169	3.44885
29.500000000000171	3.44885
29.600000000000172	10.8517
29.700000000000173	6.70381
29.800000000000175	6.1073
29.900000000000176	7.3893
30.000000000000178	10.4828
30.100000000000179	8.56352
30.20000000000018	9.82642
30.300000000000182	4.55298
30.400000000000183	7.08378
30.500000000000185	12.0142
30.600000000000186	4.96468
30.700000000000188	3.81728
30.800000000000189	9.66906
30.90000000000019	7.80016
31.000000000000192	6.96963
31.100000000000193	6.0459
31.200000000000195	7.70925
31.300000000000196	7.50156
31.400000000000198	5.53066
31.500000000000199	2.76533
31.6000000000002	2.76533
31.700000000000202	6.44071
31.800000000000203	5.09969
31.900000000000205	5.09969
32.000000000000206	4.56988
32.100000000000207	8.16183
32.200000000000209	9.57687
32.30000000000021	5.91469
32.400000000000212	2.95734
32.500000000000213	2.95734
32.600000000000215	14.2841
32.700000000000216	7.84424
32.800000000000217	7.84424
32.900000000000219	3.66239
33.00000000000022	11.9698
33.100000000000222	18.0065
33.200000000000223	7.96632
33.300000000000225	5.55648
33.400000000000226	6.31001
33.500000000000227	12.7411
33.600000000000229	8.01272
33.70000000000023	4.5891
33.800000000000232	4.84482
33.900000000000233	3.32154
34.000000000000234	3.71446
34.100000000000236	3.39876
34.200000000000237	1.84504
34.300000000000239	1.84504
34.40000000000024	2
34.500000000000242	2
34.600000000000243	2
34.700000000000244	2
34.800000000000246	4.33944
34.900000000000247	8.20824
35.000000000000249	7.58393
35.10000000000025	14.8986
35.200000000000252	10.7441
35.300000000000253	5.0858
35.400000000000254	5.13979
35.500000000000256	5.93267
35.600000000000257	4.74091
35.700000000000259	4.74091
35.80000000000026	4.99753
35.900000000000261	6.08582
36.000000000000263	6.2224
36.100000000000264	6.79965
36.200000000000266	10.9181
36.300000000000267	4.99822
36.400000000000269	5.7555
36.50000000000027	5.7555
36.600000000000271	3.24483
36.700000000000273	3.24483
36.800000000000274	3.24483
36.900000000000276	3.24483
37.000000000000277	7.23041
37.100000000000279	3.76977
37.20000000000028	3.76977
37.300000000000281	1
37.400000000000283	1
37.500000000000284	1
37.600000000000286	1
37.700000000000287	2
37.800000000000288	3.13068
37.90000000000029	3.13068
38.000000000000291	2.5
38.100000000000293	2.5
38.200000000000294	2.5
38.300000000000296	2.5
38.400000000000297	6.09735
38.500000000000298	8.09204
38.6000000000003	5.86982
38.700000000000301	9.34489
38.800000000000303	5.55622
38.900000000000304	4.03342
39.000000000000306	4.03342
39.100000000000307	3.55301
39.200000000000308	4.29266
39.30000000000031	4.29266
39.400000000000311	7.96541
39.500000000000313	8.252
39.600000000000314	4.18659
39.700000000000315	4.18659
39.800000000000317	3.55301
39.900000000000318	3.55301
40.00000000000032	3.55301
40.100000000000321	3.55301
40.200000000000323	1
40.300000000000324	1
40.400000000000325	1
40.500000000000327	1
40.600000000000328	1
40.70000000000033	1
40.800000000000331	1
40.900000000000333	1
41.000000000000334	3.72954
41.100000000000335	3.25884
41.200000000000337	3.25884
41.300000000000338	5.05992
41.40000000000034	3.55829
41.500000000000341	6.52217
41.600000000000342	3.49068
41.700000000000344	3.49068
41.800000000000345	4.33944
41.900000000000347	5.4157
42.000000000000348	13.2414
42.10000000000035	7.57815
42.200000000000351	5.82798
42.300000000000352	5.82798
42.400000000000354	9.25194
42.500000000000355	4.80222
42.600000000000357	2.57418
42.700000000000358	4.720