10	1
10.1	1
10.199999999999999	1
10.299999999999999	1
10.399999999999999	1
10.499999999999998	1
10.599999999999998	1
10.699999999999998	1
10.799999999999997	1
10.899999999999997	1
10.999999999999996	1
11.099999999999996	1
11.199999999999996	1
11.299999999999995	1
11.399999999999995	1
11.499999999999995	1
11.599999999999994	1
11.699999999999994	1
11.799999999999994	1
11.899999999999993	1
11.999999999999993	1
12.099999999999993	1
12.199999999999992	1
12.299999999999992	1
12.399999999999991	1
12.499999999999991	1
12.599999999999991	1
12.69999999999999	1
12.79999999999999	1
12.89999999999999	1
12.999999999999989	1
13.099999999999989	1
13.199999999999989	1
13.299999999999988	1
13.399999999999988	1
13.499999999999988	1
13.599999999999987	1
13.699999999999987	1
13.799999999999986	1
13.899999999999986	1
13.999999999999986	1
14.099999999999985	1
14.199999999999985	1
14.299999999999985	1
14.399999999999984	1
14.499999999999984	1
14.599999999999984	1
14.699999999999983	1
14.799999999999983	1
14.899999999999983	1
14.999999999999982	1
15.099999999999982	1
15.199999999999982	1
15.299999999999981	1
15.399999999999981	1
15.49999999999998	1
15.59999999999998	1
15.69999999999998	1
15.799999999999979	1
15.899999999999979	1
15.999999999999979	1
16.09999999999998	1
16.199999999999982	1
16.299999999999983	1
16.399999999999984	1
16.499999999999986	1
16.599999999999987	1
16.699999999999989	1
16.79999999999999	1
16.899999999999991	1
16.999999999999993	1
17.099999999999994	1
17.199999999999996	1
17.299999999999997	1
17.399999999999999	1
17.5	1
17.600000000000001	1
17.700000000000003	1
17.800000000000004	1
17.900000000000006	1
18.000000000000007	1
18.100000000000009	1
18.20000000000001	1
18.300000000000011	1
18.400000000000013	1
18.500000000000014	1
18.600000000000016	1
18.700000000000017	1
18.800000000000018	1
18.90000000000002	1
19.000000000000021	1
19.100000000000023	1
19.200000000000024	1
19.300000000000026	1
19.400000000000027	1
19.500000000000028	1
19.60000000000003	1
19.700000000000031	1
19.800000000000033	1
19.900000000000034	1
20.000000000000036	1
20.100000000000037	1
20.200000000000038	1
20.30000000000004	1
20.400000000000041	1
20.500000000000043	1
20.600000000000044	1
20.700000000000045	1
20.800000000000047	1
20.900000000000048	1
21.00000000000005	1
21.100000000000051	1
21.200000000000053	1
21.300000000000054	1
21.400000000000055	1
21.500000000000057	1
21.600000000000058	1
21.70000000000006	1
21.800000000000061	1
21.900000000000063	1
22.000000000000064	1
22.100000000000065	1
22.200000000000067	1
22.300000000000068	1
22.40000000000007	1
22.500000000000071	1
22.600000000000072	8
22.700000000000074	9.07979
22.800000000000075	12.7587
22.900000000000077	15.3939
23.000000000000078	19.1623
23.10000000000008	12.1671
23.200000000000081	15.0416
23.300000000000082	9.08901
23.400000000000084	11.1722
23.500000000000085	14.0373
23.600000000000087	17.8125
23.700000000000088	10.2399
23.80000000000009	12.0424
23.900000000000091	15.7253
24.000000000000092	8.71022
24.100000000000094	11.4079
24.200000000000095	15.1798
24.300000000000097	8.46367
24.400000000000098	10.2874
24.500000000000099	14.0764
24.600000000000101	17.8993
24.700000000000102	20.701
24.800000000000104	24.4274
24.900000000000105	13.3678
25.000000000000107	14.5182
25.100000000000108	18.3033
25.200000000000109	10.3608
25.300000000000111	12.6311
25.400000000000112	8.13274
25.500000000000114	4.80388
25.600000000000115	8.22327
25.700000000000117	4.23235
25.800000000000118	7.38096
25.900000000000119	11.0855
26.000000000000121	13.9685
26.100000000000122	7.95692
26.200000000000124	11.1198
26.300000000000125	13.9957
26.400000000000126	9.25844
26.500000000000128	13.0408
26.600000000000129	15.8827
26.700000000000131	19.5568
26.800000000000132	11.3646
26.900000000000134	12.4598
27.000000000000135	7.44018
27.100000000000136	10.3774
27.200000000000138	5.74005
27.300000000000139	8.79656
27.400000000000141	12.3986
27.500000000000142	15.2293
27.600000000000144	19.0829
27.700000000000145	10.8199
27.800000000000146	12.8547
27.900000000000148	7.60701
28.000000000000149	11.2365
28.100000000000151	13.8734
28.200000000000152	8.5043
28.300000000000153	11.8599
28.400000000000155	7.16341
28.500000000000156	10.8505
28.600000000000158	14.3532
28.700000000000159	17.2103
28.800000000000161	9.46428
28.900000000000162	12.0755
29.000000000000163	7.52844
29.100000000000165	6.00904
29.200000000000166	9.51696
29.300000000000168	12.2812
29.400000000000169	16.0966
29.500000000000171	9.47713
29.600000000000172	11.1345
29.700000000000173	7.56844
29.800000000000175	11.2106
29.900000000000176	7.3134
30.000000000000178	9.2587
30.100000000000179	13.041
30.20000000000018	7.38567
30.300000000000182	3.76053
30.400000000000183	6.05217
30.500000000000185	9.54403
30.600000000000186	12.3022
30.700000000000188	8.034
30.800000000000189	4.96888
30.90000000000019	7.14552
31.000000000000192	10.8387
31.100000000000193	14.2742
31.200000000000195	8.40105
31.300000000000196	12.1221
31.400000000000198	15.9757
31.500000000000199	18.7452
31.6000000000002	10.2893
31.700000000000202	6.08353
31.800000000000203	6.08353
31.900000000000205	9.35111
32.000000000000206	13.1066
32.100000000000207	15.9367
32.200000000000209	4.68126
32.30000000000021	7.50959
32.400000000000212	10.0342
32.500000000000213	13.6747
32.600000000000215	17.4138
32.700000000000216	20.2334
32.800000000000217	24.1157
32.900000000000219	12.978
33.00000000000022	15.7041
33.100000000000222	9.42267
33.200000000000223	13.1576
33.300000000000225	16.0412
33.400000000000226	9.10554
33.500000000000227	12.777
33.600000000000229	7.81127
33.70000000000023	5.0349
33.800000000000232	8.35844
33.900000000000233	4.17922
34.000000000000234	4.17922
34.100000000000236	2.5
34.200000000000237	6.09735
34.300000000000239	9.67696
34.40000000000024	6.20268
34.500000000000242	6.82422
34.600000000000243	4.02294
34.700000000000244	4.93909
34.800000000000246	7.40305
34.900000000000247	11.1001
35.000000000000249	6.6595
35.10000000000025	6.6595
35.200000000000252	10.1377
35.300000000000253	6.26468
35.400000000000254	6.88049
35.500000000000256	4.3578
35.600000000000257	7.71824
35.700000000000259	4.36107
35.80000000000026	3.29543
35.900000000000261	5.41966
36.000000000000263	8.11053
36.100000000000264	4.8543
36.200000000000266	8.25239
36.300000000000267	11.0633
36.400000000000269	6.13393
36.50000000000027	9.27591
36.600000000000271	5.52763
36.700000000000273	8.66076
36.800000000000274	4.82487
36.900000000000276	6.4478
37.000000000000277	10.1008
37.100000000000279	13.8688
37.20000000000028	16.6291
37.300000000000281	10.4805
37.400000000000283	14.2178
37.500000000000284	7.97356
37.600000000000286	5.6241
37.700000000000287	9.17195
37.800000000000288	12.0165
37.90000000000029	15.7056
38.000000000000291	9.55504
38.100000000000293	12.3107
38.200000000000294	7.17124
38.300000000000296	7.58174
38.400000000000297	5.1661
38.500000000000298	7.81718
38.6000000000003	11.3792
38.700000000000301	15.1583
38.800000000000303	7.67767
38.900000000000304	4.21428
39.000000000000306	2.83117
39.100000000000307	3.49841
39.200000000000308	6.99628
39.30000000000031	10.4572
39.400000000000311	12.9448
39.500000000000313	8.25453
39.600000000000314	5.63573
39.700000000000315	8.25515
39.800000000000317	5.71126
39.900000000000318	6.38209
40.00000000000032	9.11541
40.100000000000321	12.8622
40.200000000000323	16.5435
40.300000000000324	9.10749
40.400000000000325	10.8222
40.500000000000327	5.8566
40.600000000000328	8.16305
40.70000000000033	5.16897
40.800000000000331	5.16897
40.900000000000333	5.16897
41.000000000000334	3.55301
41.100000000000335	6.09735
41.200000000000337	4.64632
41.300000000000338	8.13365
41.40000000000034	10.9753
41.500000000000341	14.5857
41.600000000000342	9.37665
41.700000000000344	5.91937
41.800000000000345	8.79997
41.900000000000347	12.401
42.000000000000348	6.92631
42.10000000000035	6.92631
42.200000000000351	10.3138
42.300000000000352	6.29633
42.400000000000354	6.90925
42.500000000000355	10.3995
42.600000000000357	5.75001
42.700000000000358	7.30099
42.80000000000036	4.62446
42.900000000000361	6.30084
43.000000000000362	3.45668
43.100000000000364	6.04334
43.200000000000365	9.53848
43.300000000000367	12.2979
43.400000000000368	16.1093
43.50000000000