10	1
10.1	1
10.199999999999999	1
10.299999999999999	1
10.399999999999999	1
10.499999999999998	1
10.599999999999998	1
10.699999999999998	1
10.799999999999997	1
10.899999999999997	1
10.999999999999996	1
11.099999999999996	1
11.199999999999996	1
11.299999999999995	1
11.399999999999995	1
11.499999999999995	1
11.599999999999994	1
11.699999999999994	1
11.799999999999994	1
11.899999999999993	1
11.999999999999993	1
12.099999999999993	1
12.199999999999992	1
12.299999999999992	1
12.399999999999991	1
12.499999999999991	1
12.599999999999991	1
12.69999999999999	1
12.79999999999999	1
12.89999999999999	1
12.999999999999989	1
13.099999999999989	1
13.199999999999989	1
13.299999999999988	1
13.399999999999988	1
13.499999999999988	1
13.599999999999987	1
13.699999999999987	1
13.799999999999986	1
13.899999999999986	1
13.999999999999986	1
14.099999999999985	1
14.199999999999985	1
14.299999999999985	1
14.399999999999984	1
14.499999999999984	1
14.599999999999984	1
14.699999999999983	1
14.799999999999983	1
14.899999999999983	1
14.999999999999982	1
15.099999999999982	1
15.199999999999982	1
15.299999999999981	1
15.399999999999981	1
15.49999999999998	1
15.59999999999998	1
15.69999999999998	1
15.799999999999979	1
15.899999999999979	1
15.999999999999979	1
16.09999999999998	1
16.199999999999982	1
16.299999999999983	1
16.399999999999984	1
16.499999999999986	1
16.599999999999987	1
16.699999999999989	1
16.79999999999999	1
16.899999999999991	1
16.999999999999993	1
17.099999999999994	1
17.199999999999996	1
17.299999999999997	1
17.399999999999999	1
17.5	1
17.600000000000001	1
17.700000000000003	1
17.800000000000004	1
17.900000000000006	1
18.000000000000007	1
18.100000000000009	1
18.20000000000001	1
18.300000000000011	1
18.400000000000013	1
18.500000000000014	1
18.600000000000016	1
18.700000000000017	1
18.800000000000018	1
18.90000000000002	1
19.000000000000021	1
19.100000000000023	1
19.200000000000024	16
19.300000000000026	14
19.400000000000027	14
19.500000000000028	4
19.60000000000003	3.77747
19.700000000000031	3.77747
19.800000000000033	3.2566
19.900000000000034	3.36716
20.000000000000036	4.19105
20.100000000000037	4.30477
20.200000000000038	8.19665
20.30000000000004	5.39233
20.400000000000041	9.88379
20.500000000000043	7.56898
20.600000000000044	7.83095
20.700000000000045	5.05905
20.800000000000047	3.8814
20.900000000000048	8.11269
21.00000000000005	5.5845
21.100000000000051	1.92207
21.200000000000053	2.92207
21.300000000000054	2.92207
21.400000000000055	4.33944
21.500000000000057	2.16972
21.600000000000058	5.44775
21.70000000000006	3.23467
21.800000000000061	5.74939
21.900000000000063	9.46355
22.000000000000064	4.73177
22.100000000000065	2.94158
22.200000000000067	2.88748
22.300000000000068	5.74892
22.40000000000007	4.45795
22.500000000000071	3.40234
22.600000000000072	6.17969
22.700000000000074	4.25771
22.800000000000075	4.25771
22.900000000000077	1
23.000000000000078	4.56988
23.10000000000008	2.49877
23.200000000000081	6.57637
23.300000000000082	10.8514
23.400000000000084	6.518
23.500000000000085	7.91711
23.600000000000087	5.69958
23.700000000000088	6.04524
23.80000000000009	6.04524
23.900000000000091	2
24.000000000000092	2
24.100000000000094	2
24.200000000000095	2
24.300000000000097	2.9
24.400000000000098	7.02286
24.500000000000099	4.64632
24.600000000000101	7.62173
24.700000000000102	3.81086
24.800000000000104	3.81086
24.900000000000105	3.55301
25.000000000000107	3.04867
25.100000000000108	2.09929
25.200000000000109	2.09929
25.300000000000111	2
25.400000000000112	6.09735
25.500000000000114	9.67696
25.600000000000115	6.57253
25.700000000000117	4.81611
25.800000000000118	4.29056
25.900000000000119	3.42362
26.000000000000121	3.42362
26.100000000000122	1
26.200000000000124	2.04763
26.300000000000125	5.01443
26.400000000000126	9.04107
26.500000000000128	6.54306
26.600000000000129	2.42262
26.700000000000131	1.71131
26.800000000000132	4.45776
26.900000000000134	3.70698
27.000000000000135	3.0534
27.100000000000136	6.16829
27.200000000000138	5.84564
27.300000000000139	5.93932
27.400000000000141	3.58701
27.500000000000142	2.18347
27.600000000000144	2.18347
27.700000000000145	2.18347
27.800000000000146	4.33944
27.900000000000148	3.37668
28.000000000000149	6.93828
28.100000000000151	5.13074
28.200000000000152	9.32355
28.300000000000153	13.4647
28.400000000000155	3.61792
28.500000000000156	3.06718
28.600000000000158	3.06718
28.700000000000159	1
28.800000000000161	5.19763
28.900000000000162	3.36442
29.000000000000163	5.46059
29.100000000000165	9.18387
29.200000000000166	4.59194
29.300000000000168	4.59194
29.400000000000169	2.5
29.500000000000171	2.812
29.600000000000172	4.94931
29.700000000000173	3.22613
29.800000000000175	7.43392
29.900000000000176	5.56031
30.000000000000178	8.44629
30.100000000000179	6.53393
30.20000000000018	5.71273
30.300000000000182	4.10624
30.400000000000183	8.46144
30.500000000000185	6.46229
30.600000000000186	4.55252
30.700000000000188	2.87063
30.800000000000189	2.87063
30.90000000000019	2
31.000000000000192	5.19763
31.100000000000193	4.28725
31.200000000000195	4.74171
31.300000000000196	4.74171
31.400000000000198	3.55301
31.500000000000199	6.42106
31.6000000000002	10.8517
31.700000000000202	6.36236
31.800000000000203	3.33646
31.900000000000205	2.42479
32.000000000000206	3.78863
32.100000000000207	5.19461
32.200000000000209	3.3911
32.30000000000021	2.73829
32.400000000000212	2.73829
32.500000000000213	1
32.600000000000215	2.9
32.700000000000216	2.9
32.800000000000217	3.55301
32.900000000000219	3.2884
33.00000000000022	4.1292
33.100000000000222	4.1292
33.200000000000223	2
33.300000000000225	2.91723
33.400000000000226	2.96835
33.500000000000227	5.60976
33.600000000000229	4.51264
33.70000000000023	2.69952
33.800000000000232	6.94722
33.900000000000233	4.19686
34.000000000000234	5.64956
34.100000000000236	2.82478
34.200000000000237	6.99385
34.300000000000239	3.90594
34.40000000000024	7.06118
34.500000000000242	3.53059
34.600000000000243	3.5723
34.700000000000244	7.71671
34.800000000000246	4.6972
34.900000000000247	3.98104
35.000000000000249	5.10927
35.10000000000025	5.10927
35.200000000000252	2.5
35.300000000000253	2.5
35.400000000000254	2.5
35.500000000000256	2.5
35.600000000000257	1
35.700000000000259	2
35.80000000000026	2
35.900000000000261	2
36.000000000000263	2
36.100000000000264	2
36.200000000000266	2
36.300000000000267	2
36.400000000000269	2
36.50000000000027	4.33944
36.600000000000271	7.83782
36.700000000000273	4.64023
36.800000000000274	2.32011
36.900000000000276	2.32011
37.000000000000277	3.55301
37.100000000000279	2.39435
37.20000000000028	2.39435
37.300000000000281	1
37.400000000000283	1
37.500000000000284	1
37.600000000000286	1
37.700000000000287	2
37.800000000000288	6.09735
37.90000000000029	5.46793
38.000000000000291	4.00892
38.100000000000293	3.52895
38.200000000000294	2.87024
38.300000000000296	4.98109
38.400000000000297	4.08983
38.500000000000298	2.96249
38.6000000000003	1.94031
38.700000000000301	1.94031
38.800000000000303	2
38.900000000000304	2.536
39.000000000000306	2.05804
39.100000000000307	5.01818
39.200000000000308	9.15371
39.30000000000031	4.99697
39.400000000000311	4.99697
39.500000000000313	2
39.600000000000314	5.57555
39.700000000000315	3.13068
39.800000000000317	4.49178
39.900000000000318	5.12951
40.00000000000032	5.12951
40.100000000000321	1
40.200000000000323	1
40.300000000000324	1
40.400000000000325	1
40.500000000000327	3.83446
40.600000000000328	2.91723
40.70000000000033	2.81614
40.800000000000331	2.87969
40.900000000000333	5.37964
41.000000000000334	3.38822
41.100000000000335	3.38822
41.200000000000337	2
41.300000000000338	6.09735
41.40000000000034	4.28725
41.500000000000341	6.06084
41.600000000000342	3.77344
41.700000000000344	3.11252
41.800000000000345	6.96527
41.900000000000347	4.94885
42.000000000000348	4.29224
42.10000000000035	3.7074
42.200000000000351	5.10627
42.300000000000352	4.59734
42.400000000000354	3.59127
42.500000000000355	5.02424
42.600000000000357	3.52085
42.700000000000358	3.52085
42.80000000000036	2.9
42.900000000000361	5.75491
43.000000000000362	4.98506
43.100000000000364	4.33541
43.200000000000365	2.1677
43.300000000000367	2.1677
43.400000000000368	2.5
43.500000000000369	2.5
43.600000000000371	2.5
43.7000