10	1
10.1	1
10.199999999999999	1
10.299999999999999	1
10.399999999999999	1
10.499999999999998	1
10.599999999999998	1
10.699999999999998	1
10.799999999999997	1
10.899999999999997	1
10.999999999999996	1
11.099999999999996	1
11.199999999999996	1
11.299999999999995	1
11.399999999999995	1
11.499999999999995	1
11.599999999999994	1
11.699999999999994	1
11.799999999999994	1
11.899999999999993	1
11.999999999999993	1
12.099999999999993	1
12.199999999999992	1
12.299999999999992	1
12.399999999999991	1
12.499999999999991	1
12.599999999999991	1
12.69999999999999	1
12.79999999999999	1
12.89999999999999	1
12.999999999999989	1
13.099999999999989	1
13.199999999999989	1
13.299999999999988	1
13.399999999999988	1
13.499999999999988	1
13.599999999999987	1
13.699999999999987	1
13.799999999999986	1
13.899999999999986	1
13.999999999999986	1
14.099999999999985	1
14.199999999999985	1
14.299999999999985	1
14.399999999999984	1
14.499999999999984	2
14.599999999999984	27.5
14.699999999999983	27.5
14.799999999999983	27.5
14.899999999999983	6.80157
14.999999999999982	9.19595
15.099999999999982	13.8917
15.199999999999982	7.12399
15.299999999999981	7.12399
15.399999999999981	5.97588
15.49999999999998	11.2405
15.59999999999998	6.45148
15.69999999999998	11.498
15.799999999999979	16.2033
15.899999999999979	10.5987
15.999999999999979	16.2098
16.09999999999998	21.048
16.199999999999982	11.17
16.299999999999983	5.62978
16.399999999999984	5.62978
16.499999999999986	2.9
16.599999999999987	6.5768
16.699999999999989	12.0775
16.79999999999999	7.68557
16.899999999999991	12.2285
16.999999999999993	17.9978
17.099999999999994	11.6054
17.199999999999996	7.76173
17.299999999999997	12.3577
17.399999999999999	17.1184
17.5	9.42251
17.600000000000001	14.8067
17.700000000000003	19.4296
17.800000000000004	12.3668
17.900000000000006	12.3668
18.000000000000007	16.9486
18.100000000000009	10.834
18.20000000000001	10.834
18.300000000000011	14.3407
18.400000000000013	20.0996
18.500000000000014	12.2924
18.600000000000016	17.0714
18.700000000000017	10.9279
18.800000000000018	13.2519
18.90000000000002	18.9201
19.000000000000021	12.7167
19.100000000000023	17.3789
19.200000000000024	5.01393
19.300000000000026	8.2244
19.400000000000027	5.34499
19.500000000000028	10.7365
19.60000000000003	16.3001
19.700000000000031	10.7292
19.800000000000033	6.80725
19.900000000000034	6.80725
20.000000000000036	2
20.100000000000037	1.66667
20.200000000000038	1.66667
20.30000000000004	2.9
20.400000000000041	7.96541
20.500000000000043	13.1892
20.600000000000044	18.0074
20.700000000000045	11.5164
20.800000000000047	15.3269
20.900000000000048	8.70406
21.00000000000005	13.1215
21.100000000000051	8.17017
21.200000000000053	12.8533
21.300000000000054	18.4274
21.400000000000055	11.5952
21.500000000000057	5.84074
21.600000000000058	9.51879
21.70000000000006	14.1777
21.800000000000061	9.47758
21.900000000000063	7.5326
22.000000000000064	12.1334
22.100000000000065	17.8215
22.200000000000067	11.621
22.300000000000068	16.2907
22.40000000000007	9.48076
22.500000000000071	14.776
22.600000000000072	9.12361
22.700000000000074	14.342
22.800000000000075	9.80111
22.900000000000077	14.3682
23.000000000000078	20.1192
23.10000000000008	11.2794
23.200000000000081	15.3471
23.300000000000082	10.3208
23.400000000000084	15.0632
23.500000000000085	20.7658
23.600000000000087	14.0017
23.700000000000088	8.80734
23.80000000000009	7.76897
23.900000000000091	7.49979
24.000000000000092	11.862
24.100000000000094	7.40338
24.200000000000095	6.21459
24.300000000000097	11.5432
24.400000000000098	9.99326
24.500000000000099	14.4996
24.600000000000101	9.14428
24.700000000000102	9.25364
24.800000000000104	9.25364
24.900000000000105	2
25.000000000000107	3.27324
25.100000000000108	8.34691
25.200000000000109	6.36583
25.300000000000111	4.21306
25.400000000000112	9.51717
25.500000000000114	14.1766
25.600000000000115	4.38461
25.700000000000117	8.47904
25.800000000000118	12.9739
25.900000000000119	4.2256
26.000000000000121	4.54514
26.100000000000122	8.20104
26.200000000000124	6.44113
26.300000000000125	5.09782
26.400000000000126	9.51942
26.500000000000128	7.64564
26.600000000000129	6.28033
26.700000000000131	5.33801
26.800000000000132	9.22209
26.900000000000134	7.32565
27.000000000000135	7.10487
27.100000000000136	5.93709
27.200000000000138	9.03732
27.300000000000139	8.30881
27.400000000000141	13.8401
27.500000000000142	8.74845
27.600000000000144	3.14258
27.700000000000145	8.05228
27.800000000000146	5.86337
27.900000000000148	11.1817
28.000000000000149	15.7916
28.100000000000151	9.76799
28.200000000000152	7.13783
28.300000000000153	7.13783
28.400000000000155	1
28.500000000000156	2.81667
28.600000000000158	7.80913
28.700000000000159	13.2482
28.800000000000161	7.54779
28.900000000000162	13.0967
29.000000000000163	18.7586
29.100000000000165	12.4195
29.200000000000166	9.01526
29.300000000000168	13.553
29.400000000000169	7.8429
29.500000000000171	6.68674
29.600000000000172	11.1907
29.700000000000173	7.34002
29.800000000000175	5.48871
29.900000000000176	4.94516
30.000000000000178	4.6663
30.100000000000179	9.19026
30.20000000000018	5.30578
30.300000000000182	9.31236
30.400000000000183	14.393
30.500000000000185	7.60283
30.600000000000186	6.7471
30.700000000000188	5.58966
30.800000000000189	11.0422
30.90000000000019	16.6235
31.000000000000192	5.03033
31.100000000000193	7.46353
31.200000000000195	6.46163
31.300000000000196	11.0587
31.400000000000198	7.36251
31.500000000000199	5.75884
31.6000000000002	4.68528
31.700000000000202	10.0361
31.800000000000203	6.49966
31.900000000000205	4.37451
32.000000000000206	8.47393
32.100000000000207	13.1243
32.200000000000209	9.03834
32.30000000000021	7.46771
32.400000000000212	4.41405
32.500000000000213	5.12015
32.600000000000215	4.57907
32.700000000000216	9.03641
32.800000000000217	6.28467
32.900000000000219	8.10891
33.00000000000022	6.56198
33.100000000000222	4.28159
33.200000000000223	6.9879
33.300000000000225	7.81213
33.400000000000226	7.09602
33.500000000000227	6.29768
33.600000000000229	11.7597
33.70000000000023	6.82715
33.800000000000232	9.8478
33.900000000000233	9.01772
34.000000000000234	6.25182
34.100000000000236	6.3582
34.200000000000237	11.7065
34.300000000000239	3.64308
34.40000000000024	4.15801
34.500000000000242	9.38698
34.600000000000243	6.4241
34.700000000000244	11.9957
34.800000000000246	8.79063
34.900000000000247	7.12418
35.000000000000249	6.94895
35.10000000000025	5.65008
35.200000000000252	4.49296
35.300000000000253	9.74531
35.400000000000254	3.25561
35.500000000000256	3.5794
35.600000000000257	8.81649
35.700000000000259	13.196
35.80000000000026	9.99764
35.900000000000261	15.2439
36.000000000000263	8.69638
36.100000000000264	8.81137
36.200000000000266	8.81137
36.300000000000267	5.68862
36.400000000000269	5.15929
36.50000000000027	10.4562
36.600000000000271	3.25841
36.700000000000273	5.93585
36.800000000000274	11.2195
36.900000000000276	8.61731
37.000000000000277	6.45492
37.100000000000279	10.8716
37.20000000000028	3.99808
37.300000000000281	5.50566
37.400000000000283	10.4383
37.500000000000284	8.46932
37.600000000000286	14.0798
37.700000000000287	19.7124
37.800000000000288	11.1664
37.90000000000029	9.14236
38.000000000000291	14.699
38.100000000000293	8.83521
38.200000000000294	12.5864
38.300000000000296	6.29318
38.400000000000297	10.0036
38.500000000000298	7.25335
38.6000000000003	11.4486
38.700000000000301	7.70338
38.800000000000303	12.4025
38.900000000000304	17.1507
39.000000000000306	10.6168
39.100000000000307	8.06509
39.200000000000308	5.22749
39.30000000000031	3.94442
39.400000000000311	9.07775
39.500000000000313	13.6681
39.600000000000314	9.50638
39.700000000000315	14.9943
39.800000000000317	8.41047
39.900000000000318	10.1452
40.00000000000032	14.8764
40.100000000000321	4.71685
40.200000000000323	9.43134
40.300000000000324	7.32363
40.400000000000325	12.814
40.500000000000327	7.88044
40.600000000000328	9.39566
40.70000000000033	7.37001
40.800000000000331	6.24829
40.900000000000333	3.71538
41.000000000000334	2.74799
41.100000000000335	6.96501
41.200000000000337	12.2097
41.300000000000338	10.2857
41.40000000000034	15.0392
41.500000000000341	10.6935
41.600000000000342	8.66039
41.700000000000344	13.169
41.800000000000345	4.7216
41.900000000000347	7.26158
42.000000000000348	5.24993
42.10000000000035	3.4834
42.200000000000351	3.42145
42.300000000000352	2.74744
42.400000000000354	3.11142
42.500000000000355	3.11142
42.600000000000357	4.33944
42.700000000000358	8.69112
42.80000000000036	7.96395
42.900000000000361	13.3395
43.000000000000362	7.84387
43.100000000000364	11.2199
43.200000000000365	7.29518
43.300000000000367	4.28315
43.400000000000368	7.80741
43.500000000000369	12.305
43.600000000000371	17.6572
43.700000000000372	4.80816
43.800000000000374	9.04201
43.900000000000375	5.83774
44.000000000000377	5.06862
44.100000000000378	5.0021
44.200000000000379	3.65395
44.300000000000381	8.13432
44.400000000000382	6.02758
44.500000000000384	10.9972
44.600000000000385	6.84705
44.700000000000387	11.9768
44.800000000000388	8.54109
44.900000000000389	11.4562
45.000000000000391	9.28474
45.100000000000392	14.9896
45.200000000000394	9.44615
45.300000000000395	6.56071
45.400000000000396	12.0688
45.500000000000398	8.95876
45.600000000000399	7.44393
45.700000000000401	2.94783
45.800000000000402	7.04171
45.900000000000404	12.2533
46.000000000000405	7.72426
46.100000000000406	12.7345
46.200000000000408	5.20812
46.300000000000409	4.06293
46.400000000000411	3.84915
46.500000000000412	6.10849
46.600000000000414	3.7254
46.700000000000415	8.04131
46.800000000000416	13.4603
46.900000000000418	7.66993
47.000000000000419	8.42152
47.100000000000421	5.36577
47.200000000000422	4.01162
47.300000000000423	9.21617
47.400000000000425	13.7601
47.500000000000426	19.3826
47.600000000000428	6.46028
47.700000000000429	5.15281
47.800000000000431	9.11749
47.900000000000432	7.21382
48.000000000000433	11.8549
48.100000000000435	17.1145
48.200000000000436	10.6669
48.300000000000438	6.71111
48.400000000000439	5.13487
48.500000000000441	8.29776
48.600000000000442	13.6143
48.700000000000443	8.41967
48.800000000000445	12.3806
48.900000000000446	18.1014
49.000000000000448	10.5571
49.100000000000449	12.066
49.20000000000045	8.61306
49.300000000000452	13.1381
49.400000000000453	18.734
49.500000000000455	24.3973
49.600000000000456	14.9989
49.700000000000458	4.9603
49.800000000000459	8.19224
49.90000000000046	12.8673
50.000000000000462	6.9949
50.100000000000463	6.54787
50.200000000000465	5.0854
50.300000000000466	4.48429
50.400000000000468	6.19991
50.500000000000469	11.36
50.60000000000047	7.61707
50.700000000000472	12.0199
50.800000000000473	3.74305
50.900000000000475	3.56912
51.000000000000476	7.97236
51.100000000000477	13.3445
51.200000000000479	10.4604
51.30000000000048	7.24132
51.400000000000482	5.50181
51.500000000000483	10.4363
51.600000000000485	15.5343
51.700000000000486	4.72871
51.800000000000487	8.65873
51.900000000000489	14.194
52.00000000000049	9.02373
52.100000000000492	12.9534
52.200000000000493	8.37691
52.300000000000495	13.7357
52.400000000000496	8.26625
52.500000000000497	6.45715
52.600000000000499	11.5011
52.7000000000005	6.44964
52.800000000000502	6.44964
52.900000000000503	4.16441
53.000000000000504	3.6715
53.100000000000506	8.50503
53.200000000000507	12.9908
53.300000000000509	18.5234
53.40000000000051	13.2517
53.500000000000512	18.0532
53.600000000000513	11.6698
53.700000000000514	6.29005
53.800000000000516	4.63563
53.900000000000517	7.20675
54.000000000000519	11.68
54.10000000000052	8.31832
54.200000000000522	8.31832
54.300000000000523	8.31832
54.400000000000524	6.03493
54.500000000000526	10.3423
54.600000000000527	3.46496
54.700000000000529	3.26556
54.80000000000053	7.17429
54.900000000000531	12.6507
55.000000000000533	8.22501
55.100000000000534	12.4123
55.200000000000536	18.123
55.300000000000537	9.2529
55.400000000000539	13.4905
55.50000000000054	9.4981
55.600000000000541	3.50882
55.700000000000543	8.07231
55.800000000000544	13.553
55.900000000000546	18.2203
56.000000000000547	5.4578
56.100000000000549	3.75376
56.20000000000055	8.0541
56.300000000000551	13.0135
56.400000000000553	8.08654
56.500000000000554	11.8226
56.600000000000556	7.42796
56.700000000000557	5.18436
56.800000000000558	9.66994
56.90000000000056	7.99291
57.000000000000561	5.66209
57.100000000000563	5.8387
5