10	4.91076
10.1	9.09612
10.199999999999999	15.5331
10.299999999999999	8.23613
10.399999999999999	14.5742
10.499999999999998	11.1983
10.599999999999998	17.7726
10.699999999999998	13.0903
10.799999999999997	20.6352
10.899999999999997	6.36559
10.999999999999996	6.36559
11.099999999999996	1
11.199999999999996	8.00038
11.299999999999995	6.21915
11.399999999999995	6.27265
11.499999999999995	12
11.599999999999994	10.1916
11.699999999999994	16.6241
11.799999999999994	7.19643
11.899999999999993	13.654
11.999999999999993	5.19562
12.099999999999993	11.7396
12.199999999999992	10.2681
12.299999999999992	17.1449
12.399999999999991	9.64675
12.499999999999991	7.47495
12.599999999999991	6.56585
12.69999999999999	12.1544
12.79999999999999	18.8194
12.89999999999999	26.4293
12.999999999999989	16.5312
13.099999999999989	8.50454
13.199999999999989	6.21911
13.299999999999988	10.3533
13.399999999999988	3.49604
13.499999999999988	4.18729
13.599999999999987	10.3173
13.699999999999987	8.06137
13.799999999999986	3.42607
13.899999999999986	8.98449
13.999999999999986	15.3381
14.099999999999985	8.96401
14.199999999999985	8.96401
14.299999999999985	4.92064
14.399999999999984	6.84878
14.499999999999984	8.03728
14.599999999999984	6.98486
14.699999999999983	5.20499
14.799999999999983	11.4844
14.899999999999983	6.13596
14.999999999999982	12.4242
15.099999999999982	19.0995
15.199999999999982	6.09112
15.299999999999981	10.3749
15.399999999999981	17.0334
15.49999999999998	11.6727
15.59999999999998	5.07035
15.69999999999998	5.57909
15.799999999999979	5.4728
15.899999999999979	11.0753
15.999999999999979	17.582
16.09999999999998	9.78818
16.199999999999982	3.96654
16.299999999999983	3.28135
16.399999999999984	8.81912
16.499999999999986	8.00309
16.599999999999987	6.17425
16.699999999999989	5.01525
16.79999999999999	10.2898
16.899999999999991	7.58913
16.999999999999993	6.64939
17.099999999999994	13.0727
17.199999999999996	19.6801
17.299999999999997	12.5667
17.399999999999999	7.18444
17.5	5.5346
17.600000000000001	5.27453
17.700000000000003	6.17524
17.800000000000004	5.98319
17.900000000000006	12.9063
18.000000000000007	12.0112
18.100000000000009	18.5122
18.20000000000001	9.98472
18.300000000000011	5.99747
18.400000000000013	7.00271
18.500000000000014	6.71725
18.600000000000016	5.18553
18.700000000000017	5.2212
18.800000000000018	5.15279
18.90000000000002	5.45036
19.000000000000021	5.98818
19.100000000000023	6.31874
19.200000000000024	6.77053
19.300000000000026	13.0576
19.400000000000027	10.1736
19.500000000000028	16.7333
19.60000000000003	11.5794
19.700000000000031	10.0284
19.800000000000033	16.4031
19.900000000000034	12.7531
20.000000000000036	19.2108
20.100000000000037	13.3784
20.200000000000038	19.9846
20.30000000000004	12.4861
20.400000000000041	8.55901
20.500000000000043	7.71116
20.600000000000044	13.1147
20.700000000000045	19.708
20.800000000000047	26.3571
20.900000000000048	16.3944
21.00000000000005	6.47024
21.100000000000051	6.44062
21.200000000000053	6.29917
21.300000000000054	6.00227
21.400000000000055	8.12073
21.500000000000057	14.5785
21.600000000000058	5.73474
21.70000000000006	11.2055
21.800000000000061	4.94717
21.900000000000063	11.1037
22.000000000000064	7.20781
22.100000000000065	13.66
22.200000000000067	9.36632
22.300000000000068	6.28537
22.40000000000007	2.43168
22.500000000000071	2.9985
22.600000000000072	8.8373
22.700000000000074	16.0217
22.800000000000075	6.65922
22.900000000000077	5.68616
23.000000000000078	12.0453
23.10000000000008	10.4036
23.200000000000081	7.85251
23.300000000000082	5.6575
23.400000000000084	5.44675
23.500000000000085	10.9715
23.600000000000087	3.08804
23.700000000000088	8.03215
23.80000000000009	7.52008
23.900000000000091	6.69199
24.000000000000092	4.77339
24.100000000000094	4.77339
24.200000000000095	1
24.300000000000097	7.96541
24.400000000000098	7.36497
24.500000000000099	13.8158
24.600000000000101	8.4421
24.700000000000102	8.4421
24.800000000000104	4
24.900000000000105	5.19406
25.000000000000107	4.94753
25.100000000000108	5.2209
25.200000000000109	5.98743
25.300000000000111	5.62798
25.400000000000112	5.85748
25.500000000000114	7.58654
25.600000000000115	6.00035
25.700000000000117	6.26073
25.800000000000118	7.39465
25.900000000000119	5.9466
26.000000000000121	12.0862
26.100000000000122	7.3541
26.200000000000124	9.07968
26.300000000000125	15.3286
26.400000000000126	8.58895
26.500000000000128	8.58895
26.600000000000129	5.68862
26.700000000000131	5.75683
26.800000000000132	3.50723
26.900000000000134	9.86679
27.000000000000135	9.85077
27.100000000000136	8.31859
27.200000000000138	4.15929
27.300000000000139	4.15929
27.400000000000141	7.02286
27.500000000000142	2.81427
27.600000000000144	8.66456
27.700000000000145	6.2755
27.800000000000146	6.2755
27.900000000000148	2
28.000000000000149	4.06269
28.100000000000151	3.35474
28.200000000000152	3.35474
28.300000000000153	1
28.400000000000155	7.16526
28.500000000000156	7.15925
28.600000000000158	13.7809
28.700000000000159	4.23728
28.800000000000161	5.94159
28.900000000000162	4.4074
29.000000000000163	10.6922
29.100000000000165	9.05955
29.200000000000166	9.23257
29.300000000000168	8.43995
29.400000000000169	6.81385
29.500000000000171	3.51971
29.600000000000172	5.19193
29.700000000000173	5.46664
29.800000000000175	6.0241
29.900000000000176	13.1558
30.000000000000178	10.3957
30.100000000000179	7.42342
30.20000000000018	6.24907
30.300000000000182	12.6396
30.400000000000183	11.9399
30.500000000000185	10.3261
30.600000000000186	7.15816
30.700000000000188	12.2384
30.800000000000189	7.34783
30.90000000000019	8.29537
31.000000000000192	5.60307
31.100000000000193	11.7534
31.200000000000195	9.53846
31.300000000000196	6.4281
31.400000000000198	2.56211
31.500000000000199	4.37337
31.6000000000002	5.45383
31.700000000000202	3.0768
31.800000000000203	3.0768
31.900000000000205	6.09735
32.000000000000206	5.56291
32.100000000000207	10.3718
32.200000000000209	10.0025
32.30000000000021	3.3658
32.400000000000212	4.43518
32.500000000000213	5.2265
32.600000000000215	6.20498
32.700000000000216	12.5383
32.800000000000217	8.30181
32.900000000000219	14.8831
33.00000000000022	5.57425
33.100000000000222	6.01598
33.200000000000223	3.61867
33.300000000000225	4.05952
33.400000000000226	3.50126
33.500000000000227	8.89998
33.600000000000229	8.02503
33.70000000000023	14.934
33.800000000000232	12.093
33.900000000000233	7.49093
34.000000000000234	7.49093
34.100000000000236	3.33333
34.200000000000237	3.63333
34.300000000000239	3.63333
34.40000000000024	3.63333
34.500000000000242	3.63333
34.600000000000243	2.63061
34.700000000000244	8.49277
34.800000000000246	16.0239
34.900000000000247	12.2713
35.000000000000249	5.16081
35.10000000000025	4.86726
35.200000000000252	7.42148
35.300000000000253	7.80229
35.400000000000254	6.15441
35.500000000000256	6.20775
35.600000000000257	6.0555
35.700000000000259	6.11099
35.80000000000026	5.99606
35.900000000000261	6.25974
36.000000000000263	6.30803
36.100000000000264	8.08215
36.200000000000266	5.55972
36.300000000000267	6.09811
36.400000000000269	5.05275
36.50000000000027	5.05866
36.600000000000271	7.60915
36.700000000000273	7.68738
36.800000000000274	6.26688
36.900000000000276	12.6484
37.000000000000277	7.41857
37.100000000000279	7.41857
37.20000000000028	4.84749
37.300000000000281	6.55047
37.400000000000283	5.70871
37.500000000000284	6.07688
37.600000000000286	5.9635
37.700000000000287	7.04935
37.800000000000288	8.13919
37.90000000000029	6.19808
38.000000000000291	4.39811
38.100000000000293	4.91459
38.200000000000294	1.78214
38.300000000000296	3.02256
38.400000000000297	9.06975
38.500000000000298	7.53667
38.6000000000003	4.72169
38.700000000000301	4.93446
38.800000000000303	3.7
38.900000000000304	4.36698
39.000000000000306	2.88773
39.100000000000307	3.46193
39.200000000000308	3.34135
39.30000000000031	3.64063
39.400000000000311	3.64063
39.500000000000313	2.5
39.600000000000314	2.5
39.700000000000315	2.9
39.800000000000317	8.80618
39.900000000000318	7.06171
40.00000000000032	7.78654
40.100000000000321	7.5822
40.200000000000323	7.13307
40.300000000000324	6.07075
40.400000000000325	8.55573
40.500000000000327	3.14513
40.600000000000328	5.16267
40.70000000000033	3.99634
40.800000000000331	4.65914
40.900000000000333	3.19846
41.000000000000334	6.05268
41.100000000000335	12.3024
41.200000000000337	3.2929
41.300000000000338	3.37563
41.40000000000034	3.49363
41.500000000000341	3.906
41.600000000000342	3.87149
41.700000000000344	5.0402
41.800000000000345	4.05852
41.900000000000347	11.022
42.000000000000348	9.09391
42.10000000000035	7.61107
42.200000000000351	7.23566
42.300000000000352	3.24927
42.400000000000354	9.14407
42.500000000000355	4.57204
42.600000000000357	4.57204
42.700000000000358	6.09735
42.80000000000036	8.13767
42.900000000000361	3.71377
43.000000000000362	9.52628
43.100000000000364	9.23554
43.200000000000365	7.449
43.300000000000367	5.9262
43.400000000000368	6.44836
43.500000000000369	4.98456
43.600000000000371	10.938
43.700000000000372	5.9999
43.800000000000374	5.2095
43.900000000000375	5.06465
44.000000000000377	5.33961
44.100000000000378	2.91694
44.200000000000379	8.46173
44.300000000000381	15.0392
44.400000000000382	21.6459
44.500000000000384	13.938
44.600000000000385	9.42715
44.700000000000387	7.76809
44.800000000000388	7.76809
44.900000000000389	13.2998
45.000000000000391	4.39864
45.100000000000392	9.70308
45.200000000000394	7.79264
45.300000000000395	6.65702
45.400000000000396	12.2035
45.500000000000398	11.0808
45.600000000000399	7.73174
45.700000000000401	7.8104
45.800000000000402	6.51135
45.900000000000404	6.06267
46.000000000000405	7.10938
46.100000000000406	13.4605
46.200000000000408	5.40882
46.300000000000409	5.28991
46.400000000000411	10.4244
46.500000000000412	8.32373
46.600000000000414	7.96297
46.700000000000415	14.2827
46.800000000000416	7.84443
46.900000000000418	6.31429
47.000000000000419	12.4319
47.100000000000421	4.09009
47.200000000000422	9.46469
47.300000000000423	6.37957
47.400000000000425	7.41398
47.500000000000426	6.59281
47.600000000000428	3.05918
47.700000000000429	9.08139
47.800000000000431	6.01569
47.900000000000432	5.01759
48.000000000000433	10.5797
48.100000000000435	6.52189
48.200000000000436	6.52189
48.300000000000438	3.63333
48.400000000000439	9.80873
48.500000000000441	7.15393
48.600000000000442	5.13671
48.700000000000443	5.13671
48.800000000000445	2.9
48.900000000000446	3.55301
49.000000000000448	3.55301
49.100000000000449	5.19763
49.20000000000045	11.4811
49.300000000000452	3.85154
49.400000000000453	4.51945
49.500000000000455	4.51945
49.600000000000456	1
49.700000000000458	2.78778
49.800000000000459	3.37047
49.90000000000046	4.29074
50.000000000000462	11.3753
50.100000000000463	4.99297
50.200000000000465	10.8496
50.300000000000466	3.37828
50.400000000000468	3.32061
50.500000000000469	8.94639
50.60000000000047	7.43176
50.700000000000472	5.23393
50.800000000000473	5.49878
50.900000000000475	6.27764
51.000000000000476	6.22093
51.100000000000477	6.95042
51.200000000000479	7.25463
51.30000000000048	7.32267
51.400000000000482	7.80117
51.500000000000483	14.1936
51.600000000000485	5.18238
51.700000000000486	5.13684
51.800000000000487	11.1881
51.900000000000489	7.73787
52.00000000000049	6.50768
52.100000000000492	7.16918
52.200000000000493	7.78186
52.300000000000495	7.7816
52.400000000000496	6.56436
52.500000000000497	5.19497
52.600000000000499	6.75491
52.7000000000005	7.94915
52.800000000000502	14.0628
52.900000000000503	11.3059
53.000000000000504	3.62452
53.100000000000506	4.47726
53.200000000000507	7.76566
53.300000000000509	6.49659
53.40000000000051	11.8664
53.500000000000512	9.35442
53.600000000000513	4.59693
53.700000000000514	4.64144
53.800000000000516	10.9733
53.900000000000517	7.62797
54.000000000000519	7.62224
54.10000000000052	9.23981
54.200000000000522	4.72751
54.300000000000523	4.72751
54.400000000000524	6.09735
54.500000000000526	2.20683
54.600000000000527	8.13802
54.700000000000529	8.00891
54.80000000000053	7.37493
54.900000000000531	13.8934
55.000000000000533	6.03706
55.100000000000534	6.07795
55.200000000000536	13.2562
55.300000000000537	9.42067
55.400000000000539	8.25655
55.50000000000054	5.20586
55.600000000000541	4.51826
55.700000000000543	9.54844
55.800000000000544	9.12872
55.900000000000546	8.88529
56.000000000000547	6.5448
56.100000000000549	9.22936
56.2000000000