10	1
10.1	1
10.199999999999999	1
10.299999999999999	1
10.399999999999999	1
10.499999999999998	1
10.599999999999998	1
10.699999999999998	1
10.799999999999997	1
10.899999999999997	1
10.999999999999996	1
11.099999999999996	1
11.199999999999996	1
11.299999999999995	1
11.399999999999995	1
11.499999999999995	1
11.599999999999994	1
11.699999999999994	1
11.799999999999994	1
11.899999999999993	1
11.999999999999993	1
12.099999999999993	1
12.199999999999992	1
12.299999999999992	1
12.399999999999991	1
12.499999999999991	1
12.599999999999991	1
12.69999999999999	1
12.79999999999999	1
12.89999999999999	1
12.999999999999989	1
13.099999999999989	1
13.199999999999989	1
13.299999999999988	1
13.399999999999988	1
13.499999999999988	1
13.599999999999987	1
13.699999999999987	1
13.799999999999986	1
13.899999999999986	1
13.999999999999986	1
14.099999999999985	1
14.199999999999985	1
14.299999999999985	1
14.399999999999984	1
14.499999999999984	1
14.599999999999984	1
14.699999999999983	1
14.799999999999983	1
14.899999999999983	1
14.999999999999982	1
15.099999999999982	1
15.199999999999982	1
15.299999999999981	1
15.399999999999981	1
15.49999999999998	1
15.59999999999998	1
15.69999999999998	1
15.799999999999979	1
15.899999999999979	1
15.999999999999979	1
16.09999999999998	1
16.199999999999982	1
16.299999999999983	1
16.399999999999984	1
16.499999999999986	1
16.599999999999987	1
16.699999999999989	1
16.79999999999999	1
16.899999999999991	1
16.999999999999993	1
17.099999999999994	1
17.199999999999996	1
17.299999999999997	1
17.399999999999999	1
17.5	1
17.600000000000001	1
17.700000000000003	1
17.800000000000004	1
17.900000000000006	1
18.000000000000007	1
18.100000000000009	1
18.20000000000001	1
18.300000000000011	1
18.400000000000013	1
18.500000000000014	1
18.600000000000016	1
18.700000000000017	1
18.800000000000018	1
18.90000000000002	1
19.000000000000021	1
19.100000000000023	1
19.200000000000024	1
19.300000000000026	1
19.400000000000027	1
19.500000000000028	1
19.60000000000003	1
19.700000000000031	1
19.800000000000033	1
19.900000000000034	1
20.000000000000036	1
20.100000000000037	1
20.200000000000038	1
20.30000000000004	1
20.400000000000041	1
20.500000000000043	1
20.600000000000044	1
20.700000000000045	1
20.800000000000047	1
20.900000000000048	1
21.00000000000005	1
21.100000000000051	1
21.200000000000053	1
21.300000000000054	1
21.400000000000055	1
21.500000000000057	1
21.600000000000058	1
21.70000000000006	1
21.800000000000061	1
21.900000000000063	1
22.000000000000064	1
22.100000000000065	1
22.200000000000067	1
22.300000000000068	1
22.40000000000007	1
22.500000000000071	1
22.600000000000072	1
22.700000000000074	1
22.800000000000075	1
22.900000000000077	1
23.000000000000078	1
23.10000000000008	1
23.200000000000081	1
23.300000000000082	1
23.400000000000084	1
23.500000000000085	1
23.600000000000087	1
23.700000000000088	1
23.80000000000009	1
23.900000000000091	1
24.000000000000092	1
24.100000000000094	1
24.200000000000095	1
24.300000000000097	1
24.400000000000098	1
24.500000000000099	1
24.600000000000101	1
24.700000000000102	1
24.800000000000104	1
24.900000000000105	1
25.000000000000107	1
25.100000000000108	1
25.200000000000109	1
25.300000000000111	1
25.400000000000112	1
25.500000000000114	1
25.600000000000115	1
25.700000000000117	1
25.800000000000118	1
25.900000000000119	1
26.000000000000121	1
26.100000000000122	1
26.200000000000124	1
26.300000000000125	1
26.400000000000126	1
26.500000000000128	1
26.600000000000129	1
26.700000000000131	1
26.800000000000132	1
26.900000000000134	1
27.000000000000135	1
27.100000000000136	1
27.200000000000138	1
27.300000000000139	1
27.400000000000141	1
27.500000000000142	1
27.600000000000144	1
27.700000000000145	1
27.800000000000146	1
27.900000000000148	1
28.000000000000149	1
28.100000000000151	1
28.200000000000152	1
28.300000000000153	1
28.400000000000155	1
28.500000000000156	1
28.600000000000158	1
28.700000000000159	1
28.800000000000161	1
28.900000000000162	1
29.000000000000163	1
29.100000000000165	1
29.200000000000166	4
29.300000000000168	6.5
29.400000000000169	6.9511
29.500000000000171	4.82505
29.600000000000172	7.32839
29.700000000000173	11.0507
29.800000000000175	6.863
29.900000000000176	4.28147
30.000000000000178	7.27116
30.100000000000179	10.0597
30.20000000000018	13.7663
30.300000000000182	8.66182
30.400000000000183	11.371
30.500000000000185	15.1522
30.600000000000186	8.94084
30.700000000000188	11.5844
30.800000000000189	7.32178
30.90000000000019	8.47086
31.000000000000192	5.04807
31.100000000000193	4.09478
31.200000000000195	6.57651
31.300000000000196	4.16803
31.400000000000198	5.05673
31.500000000000199	8.49089
31.6000000000002	6.23418
31.700000000000202	9.01316
31.800000000000203	5.60035
31.900000000000205	7.7259
32.000000000000206	10.3917
32.100000000000207	14.0816
32.200000000000209	8.2272
32.30000000000021	5.71706
32.400000000000212	9.22868
32.500000000000213	12.0597
32.600000000000215	15.8022
32.700000000000216	9.19483
32.800000000000217	12.0339
32.900000000000219	7.47583
33.00000000000022	10.2079
33.100000000000222	5.57428
33.200000000000223	8.09008
33.300000000000225	10.851
33.400000000000226	6.47925
33.500000000000227	8.137
33.600000000000229	5.44296
33.70000000000023	7.47983
33.800000000000232	10.2108
33.900000000000233	5.92475
34.000000000000234	9.35757
34.100000000000236	12.1584
34.200000000000237	7.34876
34.300000000000239	7.34876
34.40000000000024	3.74242
34.500000000000242	6.52488
34.600000000000243	4.02449
34.700000000000244	7.12592
34.800000000000246	4.27087
34.900000000000247	6.98145
35.000000000000249	10.1547
35.10000000000025	4.50453
35.200000000000252	8.52893
35.300000000000253	4.32309
35.400000000000254	4.32309
35.500000000000256	5.18411
35.600000000000257	3.31366
35.700000000000259	2.83088
35.80000000000026	6.06647
35.900000000000261	8.66964
36.000000000000263	4.99355
36.100000000000264	2.49678
36.200000000000266	4.0934
36.300000000000267	7.44072
36.400000000000269	10.1823
36.50000000000027	6.25192
36.600000000000271	3.97902
36.700000000000273	3.97902
36.800000000000274	2
36.900000000000276	4.33944
37.000000000000277	7.44171
37.100000000000279	11.1258
37.20000000000028	6.67931
37.300000000000281	9.84909
37.400000000000283	4.92455
37.500000000000284	3.01905
37.600000000000286	6.15212
37.700000000000287	8.49556
37.800000000000288	4.91873
37.90000000000029	7.38965
38.000000000000291	11.0912
38.100000000000293	5.81082
38.200000000000294	7.48477
38.300000000000296	5.01473
38.400000000000297	3.13749
38.500000000000298	5.32833
38.6000000000003	3.58212
38.700000000000301	6.11388
38.800000000000303	9.68731
38.900000000000304	6.1352
39.000000000000306	4.67413
39.100000000000307	8.14931
39.200000000000308	5.17723
39.30000000000031	3.64523
39.400000000000311	2.42813
39.500000000000313	4.9645
39.600000000000314	8.31679
39.700000000000315	5.32489
39.800000000000317	6.20563
39.900000000000318	9.84762
40.00000000000032	12.5387
40.100000000000321	16.1081
40.200000000000323	8.05403
40.300000000000324	4.33365
40.400000000000325	2.78555
40.500000000000327	6.04661
40.600000000000328	8.65585
40.70000000000033	4.49897
40.800000000000331	4.72124
40.900000000000333	4.72124
41.000000000000334	2
41.100000000000335	5.19763
41.200000000000337	8.80618
41.300000000000338	11.2157
41.40000000000034	14.9694
41.500000000000341	10.0157
41.600000000000342	12.7497
41.700000000000344	16.4564
41.800000000000345	8.49771
41.900000000000347	8.49771
42.000000000000348	4.48529
42.10000000000035	6.67249
42.200000000000351	5.25345
42.300000000000352	3.4597
42.400000000000354	6.04502
42.500000000000355	9.53953
42.600000000000357	12.2987
42.700000000000358	16.1099
42.80000000000036	9.6658
42.900000000000361	10.7487
43.000000000000362	14.4163
43.100000000000364	7.44751
43.200000000000365	10.479
43.300000000000367	6.28474
43.400000000000368	6.28474
43.500000000000369	9.692
43.600000000000371	13.3513
43.700000000000372	16.1384
43.800000000000374	9.17618
43.900000000000375	12.0197
44.000000000000377	7.99075
44.100000000000378	5.15043
44.200000000000379	6.69274
44.300000000000381	10.2578
44.400000000000382	5.59712
44.500000000000384	8.81971
44.600000000000385	12.4149
44.700000000000387	15.2426
44.800000000000388	9.99111
44.900000000000389	13.5694
45.000000000000