10	1
10.1	1
10.199999999999999	1
10.299999999999999	1
10.399999999999999	1
10.499999999999998	1
10.599999999999998	1
10.699999999999998	1
10.799999999999997	1
10.899999999999997	1
10.999999999999996	1
11.099999999999996	1
11.199999999999996	1
11.299999999999995	1
11.399999999999995	1
11.499999999999995	1
11.599999999999994	1
11.699999999999994	1
11.799999999999994	1
11.899999999999993	1
11.999999999999993	1
12.099999999999993	1
12.199999999999992	1
12.299999999999992	1
12.399999999999991	1
12.499999999999991	1
12.599999999999991	1
12.69999999999999	1
12.79999999999999	1
12.89999999999999	1
12.999999999999989	1
13.099999999999989	1
13.199999999999989	1
13.299999999999988	1
13.399999999999988	1
13.499999999999988	1
13.599999999999987	1
13.699999999999987	1
13.799999999999986	1
13.899999999999986	1
13.999999999999986	1
14.099999999999985	1
14.199999999999985	1
14.299999999999985	1
14.399999999999984	1
14.499999999999984	1
14.599999999999984	1
14.699999999999983	1
14.799999999999983	1
14.899999999999983	1
14.999999999999982	1
15.099999999999982	1
15.199999999999982	1
15.299999999999981	1
15.399999999999981	1
15.49999999999998	1
15.59999999999998	1
15.69999999999998	1
15.799999999999979	1
15.899999999999979	1
15.999999999999979	1
16.09999999999998	1
16.199999999999982	1
16.299999999999983	1
16.399999999999984	1
16.499999999999986	1
16.599999999999987	1
16.699999999999989	1
16.79999999999999	1
16.899999999999991	1
16.999999999999993	1
17.099999999999994	1
17.199999999999996	1
17.299999999999997	1
17.399999999999999	1
17.5	1
17.600000000000001	1
17.700000000000003	1
17.800000000000004	1
17.900000000000006	1
18.000000000000007	1
18.100000000000009	1
18.20000000000001	1
18.300000000000011	1
18.400000000000013	1
18.500000000000014	1
18.600000000000016	1
18.700000000000017	1
18.800000000000018	1
18.90000000000002	1
19.000000000000021	1
19.100000000000023	1
19.200000000000024	1
19.300000000000026	1
19.400000000000027	1
19.500000000000028	1
19.60000000000003	1
19.700000000000031	1
19.800000000000033	1
19.900000000000034	1
20.000000000000036	1
20.100000000000037	1
20.200000000000038	1
20.30000000000004	1
20.400000000000041	1
20.500000000000043	1
20.600000000000044	1
20.700000000000045	1
20.800000000000047	1
20.900000000000048	1
21.00000000000005	1
21.100000000000051	1
21.200000000000053	1
21.300000000000054	1
21.400000000000055	1
21.500000000000057	1
21.600000000000058	1
21.70000000000006	1
21.800000000000061	1
21.900000000000063	1
22.000000000000064	1
22.100000000000065	1
22.200000000000067	1
22.300000000000068	1
22.40000000000007	1
22.500000000000071	1
22.600000000000072	1
22.700000000000074	1
22.800000000000075	1
22.900000000000077	1
23.000000000000078	1
23.10000000000008	1
23.200000000000081	1
23.300000000000082	1
23.400000000000084	1
23.500000000000085	1
23.600000000000087	1
23.700000000000088	1
23.80000000000009	1
23.900000000000091	1
24.000000000000092	1
24.100000000000094	1
24.200000000000095	1
24.300000000000097	1
24.400000000000098	1
24.500000000000099	32
24.600000000000101	24.5
24.700000000000102	24.5
24.800000000000104	13.1183
24.900000000000105	7.81449
25.000000000000107	14.059
25.100000000000108	20.4947
25.200000000000109	11.834
25.300000000000111	12.3323
25.400000000000112	4.39553
25.500000000000114	10.1076
25.600000000000115	6.7538
25.700000000000117	12.9719
25.800000000000118	8.28426
25.900000000000119	13.458
26.000000000000121	8.82738
26.100000000000122	6.65268
26.200000000000124	7.76505
26.300000000000125	5.59301
26.400000000000126	12.0022
26.500000000000128	10.1952
26.600000000000129	8.4193
26.700000000000131	8.29203
26.800000000000132	7.07081
26.900000000000134	13.4403
27.000000000000135	9.37242
27.100000000000136	7.25052
27.200000000000138	5.49976
27.300000000000139	11.9596
27.400000000000141	11.851
27.500000000000142	8.87203
27.600000000000144	13.6802
27.700000000000145	20.2865
27.800000000000146	15.1745
27.900000000000148	10.7147
28.000000000000149	7.98758
28.100000000000151	13.2025
28.200000000000152	10.02
28.300000000000153	16.459
28.400000000000155	10.74
28.500000000000156	17.2576
28.600000000000158	5.47988
28.700000000000159	5.47988
28.800000000000161	2
28.900000000000162	7.96541
29.000000000000163	14.2841
29.100000000000165	11.2361
29.200000000000166	17.9086
29.300000000000168	9.90982
29.400000000000169	9.68095
29.500000000000171	7.07513
29.600000000000172	13.1408
29.700000000000173	10.4395
29.800000000000175	9.06213
29.900000000000176	8.45457
30.000000000000178	14.3531
30.100000000000179	7.17655
30.20000000000018	7.17655
30.300000000000182	5.44207
30.400000000000183	5.4846
30.500000000000185	9.5204
30.600000000000186	16.0362
30.700000000000188	12.1733
30.800000000000189	8.67574
30.90000000000019	15.1601
31.000000000000192	11.2799
31.100000000000193	4.28977
31.200000000000195	10.1625
31.300000000000196	16.5458
31.400000000000198	13.5993
31.500000000000199	9.23644
31.6000000000002	14.2037
31.700000000000202	20.7394
31.800000000000203	14.5534
31.900000000000205	21.2174
32.000000000000206	14.0109
32.100000000000207	9.33533
32.200000000000209	7.06336
32.30000000000021	4.80105
32.400000000000212	10.0897
32.500000000000213	16.3795
32.600000000000215	23.0788
32.700000000000216	11.7542
32.800000000000217	11.7542
32.900000000000219	1
33.00000000000022	1
33.100000000000222	1
33.200000000000223	1
33.300000000000225	4.09525
33.400000000000226	10.8517
33.500000000000227	7.93947
33.600000000000229	5.14911
33.70000000000023	11.1936
33.800000000000232	8.24144
33.900000000000233	6.17105
34.000000000000234	11.8634
34.100000000000236	8.29633
34.200000000000237	6.91633
34.300000000000239	12.4268
34.40000000000024	19.1012
34.500000000000242	6.19302
34.600000000000243	7.19191
34.700000000000244	5.6186
34.800000000000246	6.32593
34.900000000000247	7.9947
35.000000000000249	5.39018
35.10000000000025	11.4812
35.200000000000252	8.89179
35.300000000000253	14.4065
35.400000000000254	5.34453
35.500000000000256	5.34453
35.600000000000257	2
35.700000000000259	6.26135
35.80000000000026	4.57128
35.900000000000261	4.57128
36.000000000000263	2
36.100000000000264	7.96541
36.200000000000266	14.2841
36.300000000000267	21.0338
36.400000000000269	6.69453
36.50000000000027	9.22715
36.600000000000271	9.16042
36.700000000000273	4.38373
36.800000000000274	10.5882
36.900000000000276	7.59246
37.000000000000277	6.36721
37.100000000000279	11.0042
37.20000000000028	17.4228
37.300000000000281	11.3412
37.400000000000283	10.3303
37.500000000000284	17.0064
37.600000000000286	23.57
37.700000000000287	7.9893
37.800000000000288	14.1564
37.90000000000029	20.7554
38.000000000000291	11.5639
38.100000000000293	11.5639
38.200000000000294	6.09935
38.300000000000296	12.2435
38.400000000000297	9.01004
38.500000000000298	16.2411
38.6000000000003	12.4614
38.700000000000301	9.40344
38.800000000000303	6.98994
38.900000000000304	7.01078
39.000000000000306	5.6487
39.100000000000307	11.7749
39.200000000000308	18.2507
39.30000000000031	13.2307
39.400000000000311	11.008
39.500000000000313	8.11809
39.600000000000314	14.5771
39.700000000000315	12.2114
39.800000000000317	18.6961
39.900000000000318	14.044
40.00000000000032	20.4355
40.100000000000321	12.6671
40.200000000000323	12.6671
40.300000000000324	3
40.400000000000325	4.86022
40.500000000000327	4.004
40.600000000000328	5.01623
40.70000000000033	4.69857
40.800000000000331	3.69241
40.900000000000333	8.02654
41.000000000000334	6.52708
41.100000000000335	4.82173
41.200000000000337	8.23355
41.300000000000338	7.14747
41.40000000000034	11.2044
41.500000000000341	8.34447
41.600000000000342	7.77743
41.700000000000344	7.1451
41.800000000000345	13.4793
41.900000000000347	9.43949
42.000000000000348	16.5429
42.10000000000035	23.2381
42.200000000000351	14.6308
42.300000000000352	20.698
42.400000000000354	10.5169
42.500000000000355	10.5169
42.600000000000357	7.30649
42.700000000000358	6.71888
42.80000000000036	12.7981
42.900000000000361	9.9697
43.000000000000362	8.55712
43.100000000000364	5.18211
43.200000000000365	11.4742
43.300000000000367	18.0586
43.400000000000368	5.73954
43.500000000000369	9.66792
43.600000000000371	7.64737
43.700000000000372	12.767
43.800000000000374	8.77255
43.900000000000375	9.07099
44.000000000000377	15.5184
44.100000000000378	5.54