10	1
10.1	1
10.199999999999999	1
10.299999999999999	1
10.399999999999999	1
10.499999999999998	1
10.599999999999998	1
10.699999999999998	1
10.799999999999997	1
10.899999999999997	1
10.999999999999996	1
11.099999999999996	1
11.199999999999996	1
11.299999999999995	1
11.399999999999995	1
11.499999999999995	1
11.599999999999994	1
11.699999999999994	1
11.799999999999994	1
11.899999999999993	1
11.999999999999993	1
12.099999999999993	1
12.199999999999992	1
12.299999999999992	1
12.399999999999991	1
12.499999999999991	1
12.599999999999991	1
12.69999999999999	1
12.79999999999999	1
12.89999999999999	1
12.999999999999989	1
13.099999999999989	1
13.199999999999989	1
13.299999999999988	1
13.399999999999988	1
13.499999999999988	1
13.599999999999987	1
13.699999999999987	1
13.799999999999986	1
13.899999999999986	1
13.999999999999986	1
14.099999999999985	1
14.199999999999985	1
14.299999999999985	1
14.399999999999984	1
14.499999999999984	1
14.599999999999984	1
14.699999999999983	1
14.799999999999983	1
14.899999999999983	1
14.999999999999982	1
15.099999999999982	1
15.199999999999982	1
15.299999999999981	1
15.399999999999981	1
15.49999999999998	1
15.59999999999998	1
15.69999999999998	1
15.799999999999979	1
15.899999999999979	1
15.999999999999979	1
16.09999999999998	1
16.199999999999982	1
16.299999999999983	1
16.399999999999984	1
16.499999999999986	1
16.599999999999987	1
16.699999999999989	1
16.79999999999999	1
16.899999999999991	1
16.999999999999993	1
17.099999999999994	1
17.199999999999996	1
17.299999999999997	1
17.399999999999999	1
17.5	1
17.600000000000001	1
17.700000000000003	1
17.800000000000004	1
17.900000000000006	1
18.000000000000007	1
18.100000000000009	1
18.20000000000001	1
18.300000000000011	1
18.400000000000013	1
18.500000000000014	1
18.600000000000016	1
18.700000000000017	1
18.800000000000018	1
18.90000000000002	1
19.000000000000021	1
19.100000000000023	1
19.200000000000024	1
19.300000000000026	2
19.400000000000027	27.5
19.500000000000028	27.5
19.60000000000003	16.6057
19.700000000000031	11.0495
19.800000000000033	16.4466
19.900000000000034	11.2562
20.000000000000036	11.2562
20.100000000000037	14.5244
20.200000000000038	20.2309
20.30000000000004	13.2812
20.400000000000041	13.4314
20.500000000000043	20.1198
20.600000000000044	26.8905
20.700000000000045	16.2902
20.800000000000047	11.7068
20.900000000000048	17.3044
21.00000000000005	24.0784
21.100000000000051	29.8996
21.200000000000053	18.1959
21.300000000000054	11.2839
21.400000000000055	15.7372
21.500000000000057	22.3609
21.600000000000058	28.1468
21.70000000000006	18.3387
21.800000000000061	12.2581
21.900000000000063	8.8971
22.000000000000064	13.3253
22.100000000000065	20.0493
22.200000000000067	12.791
22.300000000000068	19.3397
22.40000000000007	12.5726
22.500000000000071	18.1229
22.600000000000072	24.8748
22.700000000000074	15.1589
22.800000000000075	9.64407
22.900000000000077	14.4018
23.000000000000078	9.50951
23.10000000000008	6.29907
23.200000000000081	11.3256
23.300000000000082	18.0204
23.400000000000084	10.8313
23.500000000000085	17.1983
23.600000000000087	23.0233
23.700000000000088	29.7377
23.80000000000009	17.1353
23.900000000000091	19.1763
24.000000000000092	12.124
24.100000000000094	12.124
24.200000000000095	6.10324
24.300000000000097	10.855
24.400000000000098	8.73048
24.500000000000099	14.2377
24.600000000000101	21.0024
24.700000000000102	12.7608
24.800000000000104	19.3198
24.900000000000105	14.6871
25.000000000000107	8.74479
25.100000000000108	10.5194
25.200000000000109	16.1582
25.300000000000111	22.9224
25.400000000000112	7.38279
25.500000000000114	13.9695
25.600000000000115	19.5316
25.700000000000117	25.6467
25.800000000000118	32.2488
25.900000000000119	18.0298
26.000000000000121	11.8252
26.100000000000122	8.32244
26.200000000000124	6.55653
26.300000000000125	12.0666
26.400000000000126	18.4398
26.500000000000128	24.2136
26.600000000000129	14.1663
26.700000000000131	20.8103
26.800000000000132	12.863
26.900000000000134	19.3356
27.000000000000135	24.9423
27.100000000000136	15.2227
27.200000000000138	20.9774
27.300000000000139	5.59095
27.400000000000141	3.37077
27.500000000000142	3.37077
27.600000000000144	2
27.700000000000145	7.96541
27.800000000000146	14.2841
27.900000000000148	20.0593
28.000000000000149	10.6587
28.100000000000151	14.4192
28.200000000000152	6.26737
28.300000000000153	5.57835
28.400000000000155	11.4824
28.500000000000156	17.0952
28.600000000000158	23.8029
28.700000000000159	13.7931
28.800000000000161	19.406
28.900000000000162	14.2296
29.000000000000163	10.141
29.100000000000165	16.7135
29.200000000000166	11.8589
29.300000000000168	18.3595
29.400000000000169	9.23415
29.500000000000171	15.614
29.600000000000172	22.094
29.700000000000173	12.6734
29.800000000000175	8.64596
29.900000000000176	14.1863
30.000000000000178	9.99492
30.100000000000179	5.8321
30.20000000000018	11.6063
30.300000000000182	18.1977
30.400000000000183	10.8089
30.500000000000185	16.2863
30.600000000000186	5.13026
30.700000000000188	11.3632
30.800000000000189	17.0743
30.90000000000019	10.8602
31.000000000000192	15.3064
31.100000000000193	22.0602
31.200000000000195	5.71586
31.300000000000196	10.0619
31.400000000000198	16.5451
31.500000000000199	22.1818
31.6000000000002	12.944
31.700000000000202	12.944
31.800000000000203	4
31.900000000000205	3.54147
32.000000000000206	9.24768
32.100000000000207	14.8996
32.200000000000209	21.4561
32.30000000000021	5.94212
32.400000000000212	11.1329
32.500000000000213	17.7316
32.600000000000215	11.343
32.700000000000216	17.2941
32.800000000000217	11.1356
32.900000000000219	8.96468
33.00000000000022	6.75977
33.100000000000222	12.741
33.200000000000223	9.06536
33.300000000000225	14.5828
33.400000000000226	9.88639
33.500000000000227	5.19402
33.600000000000229	11.4795
33.70000000000023	17.1517
33.800000000000232	23.8854
33.900000000000233	14.6519
34.000000000000234	20.3718
34.100000000000236	13.1269
34.200000000000237	17.3953
34.300000000000239	12.054
34.40000000000024	17.6545
34.500000000000242	9.76964
34.600000000000243	13.2572
34.700000000000244	10.1615
34.800000000000246	15.8019
34.900000000000247	11.8422
35.000000000000249	8.22819
35.10000000000025	13.5722
35.200000000000252	9.96531
35.300000000000253	7.47855
35.400000000000254	12.2648
35.500000000000256	18.0225
35.600000000000257	14.0039
35.700000000000259	19.6073
35.80000000000026	26.1674
35.900000000000261	16.3336
36.000000000000263	22.1154
36.100000000000264	14.3165
36.200000000000266	20.0824
36.300000000000267	26.8252
36.400000000000269	32.5543
36.50000000000027	19.0938
36.600000000000271	12.66
36.700000000000273	18.2933
36.800000000000274	25.0791
36.900000000000276	14.2749
37.000000000000277	18.3855
37.100000000000279	24.0893
37.20000000000028	30.7659
37.300000000000281	17.0636
37.400000000000283	12.5131
37.500000000000284	9.15095
37.600000000000286	13.1188
37.700000000000287	10.4394
37.800000000000288	16.0441
37.90000000000029	22.6662
38.000000000000291	11.9772
38.100000000000293	6.43283
38.200000000000294	8.2237
38.300000000000296	14.7722
38.400000000000297	11.1285
38.500000000000298	8.79909
38.6000000000003	15.2307
38.700000000000301	20.9832
38.800000000000303	27.5421
38.900000000000304	16.5917
39.000000000000306	12.9893
39.100000000000307	18.5224
39.200000000000308	13.3807
39.30000000000031	8.35562
39.400000000000311	13.3524
39.500000000000313	19.8667
39.600000000000314	12.5261
39.700000000000315	9.97566
39.800000000000317	7.17423
39.900000000000318	13.2698
40.00000000000032	10.9786
40.100000000000321	8.20781
40.200000000000323	14.4199
40.300000000000324	20.1561
40.400000000000325	10.444
40.500000000000327	10.444
40.600000000000328	6.26331
40.70000000000033	11.7415
40.800000000000331	8.61207
40.900000000000333	6.72526
41.000000000000334	13.1111
41.100000000000335	9.1136
41.200000000000337	14.8846
41.300000000000338	21.3051
41.40000000000034	14.2748
41.500000000000341	20.9799
41.600000000000342	26.5404
41.700000000000344	18.8268
41.800000000000345	13.4327
41.900000000000347	9.60384
42.000000000000348	9.00344
42.10000000000035	14.4755
42.200000000000351	21.1641
42.300000000000352	27.0215
42.400000000000354	33.7696
42.500000000000355	17.5102
42.600000000000357	10.3585
42.700000000000358	16.0542
42.80000000000036	22.6734
42.900000000000361	29.3997
43.000000000000362	35.2495
43.100000000000364	20.7674
43.200000000000365	13.0145
43.300000000000367	8.09561
43.400000000000368	13.192
43.500000000000369	8.67227
43.600000000000371	13.6258
43.700000000000372	11.1272
43.800000000000374	17.728
43.900000000000375	23.4214
44.000000000000377	15.4715
44.100000000000378	9.29599
44.200000000000379	7.39733
44.300000000000381	8.99542
44.400000000000382	15.2133
44.500000000000384	12.0966
44.600000000000385	9.02252
44.700000000000387	6.7543
44.800000000000388	12.1743
44.900000000000389	18.2378
45.000000000000391	11.9762
45.100000000000392	18.4353
45.200000000000394	24.2102
45.300000000000395	14.9528
45.400000000000396	8.79985
45.500000000000398	12.3197
45.600000000000399	19.0319
45.700000000000401	12.0877
45.800000000000402	17.8467
45.900000000000404	12.0141
46.000000000000405	18.4056
46.100000000000406	11.5472
46.200000000000408	7.80448
46.300000000000409	12.8613
46.400000000000411	19.3862
46.500000000000412	26.0407
46.600000000000414	15.3809
46.700000000000415	19.204
46.800000000000416	11.7369
46.900000000000418	18.1712
47.000000000000419	24.0098
47.100000000000421	13.9698
47.200000000000422	19.2738
47.300000000000423	12.3057
47.400000000000425	9.0366
47.500000000000426	13.7142
47.600000000000428	9.64954
47.700000000000429	7.35122
47.800000000000431	6.69017
47.900000000000432	12.1391
48.000000000000433	8.3318
48.100000000000435	7.79586
48.200000000000436	13.2404
48.300000000000438	8.8826
48.400000000000439	13.3908
48.500000000000441	10.3002
48.600000000000442	15.9541
48.700000000000443	22.3354
48.800000000000445	28.1621
48.900000000000446	9.03236
49.000000000000448	15.3661
49.100000000000449	11.1498
49.20000000000045	17.7421
49.300000000000452	23.4321
49.400000000000453	30.2211
49.500000000000455	15.5834
49.600000000000456	10.7839
49.700000000000458	12.1826
49.800000000000459	8.75755
49.90000000000046	14.3942
50.000000000000462	20.1378
50.100000000000463	12.6481
50.200000000000465	18.2851
50.300000000000466	25.0331
50.400000000000468	16.505
50.500000000000469	23.168
50.60000000000047	28.8959
50.700000000000472	35.6256
50.800000000000473	42.3008
50.900000000000475	21.3035
51.000000000000476	21.4441
51.100000000000477	10.9758
51.200000000000479	5.71416
51.30000000000048	11.105
51.400000000000482	17.6575
51.500000000000483	23.3681
51.600000000000485	15.8032
51.700000000000486	22.4074
51.800000000000487	28.077
51.900000000000489	18.2422
52.00000000000049	24.0635
52.100000000000492	15.2257
52.200000000000493	19.1847
52.300000000000495	11.9192
52.400000000000496	16.3825
52.500000000000497	23.0809
52.600000000000499	29.7487
52.7000000000005	18.2327
52.800000000000502	5.95231
52.900000000000503	4.47772
53.000000000000504	10.7207
53.100000000000506	15.534
53.200000000000507	5.16268
53.300000000000509	11.1098
53.40000000000051	9.6652
53.500000000000512	16.1844
53.600000000000513	22.0055
53.700000000000514	28.6794
53.800000000000516	34.4774
53.900000000000517	9.80767
54.000000000000519	14.0196
54.10000000000052	9.93603
54.200000000000522	13.1532
54.300000000000523	18.6375
54.400000000000524	5.39403
54.500000000000526	4.96975
54.600000000000527	4.51812
54.700000000000529	9.96062
54.80000000000053	9.13165
54.900000000000531	14.6923
55.000000000000533	11.2367
55.100000000000534	17.909
55.200000000000536	11.4124
55.300000000000537	16.4502
55.400000000000539	10.8107
55.50000000000054	17.3015
55.600000000000541	11.3094
55.700000000000543	17.0973
55.800000000000544	22.8606
55.900000000000546	14.2396
56.000000000000547	21.0037
56.100000000000549	11.9088
56.20000000000055	18.1174
56.300000000000551	11.8622
56.400000000000553	8.95999
56.500000000000554	12.9867
56.600000000000556	19.4695
56.700000000000557	25.2452
56.800000000000558	16.539
56.90000000000056	23.149
57.000000000000561	28.8808
57.100000000000563	18.1867
57.200000000000564	24.0215
57.300000000000566	30.7454
57.400000000000567	19.5715
57.500000000000568	14.3741
57.60000000000057	9.14954
57.700000000000571	11.3989
57.800000000000573	18.0665
57.900000000000574	11.6474
58.000000000000576	14.2782
58.10000000000057