10	1
10.1	1
10.199999999999999	1
10.299999999999999	1
10.399999999999999	1
10.499999999999998	1
10.599999999999998	1
10.699999999999998	1
10.799999999999997	1
10.899999999999997	1
10.999999999999996	1
11.099999999999996	1
11.199999999999996	1
11.299999999999995	1
11.399999999999995	1
11.499999999999995	1
11.599999999999994	1
11.699999999999994	1
11.799999999999994	1
11.899999999999993	1
11.999999999999993	1
12.099999999999993	1
12.199999999999992	1
12.299999999999992	1
12.399999999999991	1
12.499999999999991	1
12.599999999999991	1
12.69999999999999	1
12.79999999999999	1
12.89999999999999	1
12.999999999999989	1
13.099999999999989	1
13.199999999999989	1
13.299999999999988	1
13.399999999999988	1
13.499999999999988	1
13.599999999999987	1
13.699999999999987	1
13.799999999999986	1
13.899999999999986	1
13.999999999999986	1
14.099999999999985	1
14.199999999999985	1
14.299999999999985	1
14.399999999999984	1
14.499999999999984	1
14.599999999999984	1
14.699999999999983	1
14.799999999999983	1
14.899999999999983	1
14.999999999999982	1
15.099999999999982	1
15.199999999999982	1
15.299999999999981	1
15.399999999999981	1
15.49999999999998	1
15.59999999999998	1
15.69999999999998	1
15.799999999999979	1
15.899999999999979	1
15.999999999999979	1
16.09999999999998	1
16.199999999999982	1
16.299999999999983	1
16.399999999999984	1
16.499999999999986	1
16.599999999999987	1
16.699999999999989	1
16.79999999999999	1
16.899999999999991	1
16.999999999999993	1
17.099999999999994	1
17.199999999999996	1
17.299999999999997	1
17.399999999999999	1
17.5	1
17.600000000000001	1
17.700000000000003	1
17.800000000000004	1
17.900000000000006	1
18.000000000000007	1
18.100000000000009	1
18.20000000000001	1
18.300000000000011	1
18.400000000000013	1
18.500000000000014	1
18.600000000000016	2
18.700000000000017	8
18.800000000000018	16
18.90000000000002	64
19.000000000000021	32
19.100000000000023	32
19.200000000000024	32
19.300000000000026	4
19.400000000000027	7
19.500000000000028	13
19.60000000000003	16.7345
19.700000000000031	18.6051
19.800000000000033	19.55
19.900000000000034	21.4545
20.000000000000036	22.4129
20.100000000000037	24.3397
20.200000000000038	25.3073
20.30000000000004	27.2495
20.400000000000041	28.2235
20.500000000000043	30.1767
20.600000000000044	31.1555
20.700000000000045	33.1169
20.800000000000047	34.0992
20.900000000000048	17.7679
21.00000000000005	17.7679
21.100000000000051	17.7679
21.200000000000053	2
21.300000000000054	8.24808
21.400000000000055	8.36932
21.500000000000057	10.405
21.600000000000058	11.3292
21.70000000000006	13.21
21.800000000000061	14.1624
21.900000000000063	16.0842
22.000000000000064	17.0517
22.100000000000065	18.9965
22.200000000000067	19.9227
22.300000000000068	21.7946
22.40000000000007	22.7387
22.500000000000071	24.64
22.600000000000072	25.5962
22.700000000000074	27.518
22.800000000000075	28.4829
22.900000000000077	30.4194
23.000000000000078	31.3906
23.10000000000008	33.3381
23.200000000000081	34.285
23.300000000000082	17.9976
23.400000000000084	18.9199
23.500000000000085	20.786
23.600000000000087	21.7279
23.700000000000088	11.3153
23.80000000000009	12.0873
23.900000000000091	14.0089
24.000000000000092	14.9772
24.100000000000094	16.8057
24.200000000000095	17.7338
24.300000000000097	19.6109
24.400000000000098	20.5581
24.500000000000099	22.466
24.600000000000101	23.4257
24.700000000000102	25.3544
24.800000000000104	26.3226
24.900000000000105	28.2658
25.000000000000107	29.2402
25.100000000000108	31.1938
25.200000000000109	32.1727
25.300000000000111	34.0167
25.400000000000112	17.0084
25.500000000000114	17.0084
25.600000000000115	17.1841
25.700000000000117	19.1155
25.800000000000118	20.0861
25.900000000000119	22.0351
26.000000000000121	23.0128
26.100000000000122	24.9333
26.200000000000124	25.8787
26.300000000000125	27.7809
26.400000000000126	28.7369
26.500000000000128	30.6574
26.600000000000129	31.6213
26.700000000000131	33.5554
26.800000000000132	34.5253
26.900000000000134	36.4698
27.000000000000135	37.4443
27.100000000000136	39.397
27.200000000000138	40.3751
27.300000000000139	42.3343
27.400000000000141	43.3154
27.500000000000142	45.2798
27.600000000000144	46.2632
27.700000000000145	48.232
27.800000000000146	49.2174
27.900000000000148	51.1897
28.000000000000149	52.1767
28.100000000000151	54.152
28.200000000000152	55.1404
28.300000000000153	57.1183
28.400000000000155	58.1078
28.500000000000156	60.0878
28.600000000000158	30.1602
28.700000000000159	30.1602
28.800000000000161	30.1602
28.900000000000162	5
29.000000000000163	8
29.100000000000165	15.3304
29.200000000000166	16.2813
29.300000000000168	18.1436
29.400000000000169	9.07181
29.500000000000171	10.6988
29.600000000000172	11.5993
29.700000000000173	13.4422
29.800000000000175	14.3792
29.900000000000176	16.2753
30.000000000000178	17.232
30.100000000000179	19.1585
30.20000000000018	20.127
30.300000000000182	22.0724
30.400000000000183	23.0485
30.500000000000185	25.0063
30.600000000000186	25.9876
30.700000000000188	27.8823
30.800000000000189	28.835
30.90000000000019	30.7493
31.000000000000192	31.7104
31.100000000000193	33.6394
31.200000000000195	34.6069
31.300000000000196	36.5471
31.400000000000198	37.5196
31.500000000000199	39.4686
31.6000000000002	40.445
31.700000000000202	42.401
31.800000000000203	43.3805
31.900000000000205	45.3421
32.000000000000206	46.3242
32.100000000000207	48.2905
32.200000000000209	49.2747
32.30000000000021	51.2448
32.400000000000212	52.2307
32.500000000000213	54.2041
32.600000000000215	55.1915
32.700000000000216	57.1677
32.800000000000217	58.1563
32.900000000000219	60.1348
33.00000000000022	61.1245
33.100000000000222	63.105
33.200000000000223	64.0957
33.300000000000225	66.0627
33.400000000000226	67.0246
33.500000000000227	68.9081
33.600000000000229	69.8308
33.70000000000023	71.6405
33.800000000000232	72.5285
33.900000000000233	74.2725
34.000000000000234	75.1293
34.100000000000236	76.8143
34.200000000000237	32
34.300000000000239	32
34.40000000000024	32.0625
34.500000000000242	16.3097
34.600000000000243	16.3097
34.700000000000244	16.3097
34.800000000000246	2
34.900000000000247	8.4888
35.000000000000249	9.38942
35.10000000000025	11.2402
35.200000000000252	12.1829
35.300000000000253	14.0914
35.400000000000254	15.0544
35.500000000000256	16.9928
35.600000000000257	17.9111
35.700000000000259	19.7714
35.80000000000026	20.7112
35.900000000000261	22.6062
36.000000000000263	23.5602
36.100000000000264	25.4787
36.200000000000266	26.4424
36.300000000000267	28.3773
36.400000000000269	29.348
36.50000000000027	31.2949
36.600000000000271	32.2707
36.700000000000273	16.3356
36.800000000000274	16.4578
36.900000000000276	18.3567
37.000000000000277	19.3137
37.100000000000279	21.2395
37.20000000000028	22.2072
37.300000000000281	24.1504
37.400000000000283	25.1254
37.500000000000284	27.0806
37.600000000000286	28.0605
37.700000000000287	30.0244
37.800000000000288	31.008
37.90000000000029	32.9478
38.000000000000291	33.9055
38.100000000000293	35.8279
38.200000000000294	36.7922
38.300000000000296	38.7262
38.400000000000297	39.6956
38.500000000000298	41.6388
38.6000000000003	42.6123
38.700000000000301	44.563
38.800000000000303	45.5399
38.900000000000304	23.0645
39.000000000000306	23.1512
39.100000000000307	11.9584
39.200000000000308	11.9584
39.30000000000031	11.9584
39.400000000000311	2
39.500000000000313	5.57776
39.600000000000314	6.42297
39.700000000000315	7.30649
39.800000000000317	9.14389
39.900000000000318	10.0851
40.00000000000032	11.9951
40.100000000000321	12.8824
40.200000000000323	14.6999
40.300000000000324	15.6253
40.400000000000325	17.5003
40.500000000000327	18.4476
40.600000000000328	20.3572
40.70000000000033	21.3181
40.800000000000331	23.2497
40.900000000000333	24.2196
41.000000000000334	26.1661
41.100000000000335	27.1422
41.200000000000337	29.0993
41.300000000000338	30.08
41.40000000000034	32.0448
41.500000000000341	33.0287
41.600000000000342	34.9994
41.700000000000344	35.9581
41.800000000000345	37.8819
41.900000000000347	38.8466
42.000000000000348	40.7812
42.10000000000035	41.7508
42.200000000000351	43.6941
42.300000000000352	44.6677
42.400000000000354	46.6181
42.500000000000355	47.5948
42.600000000000357	49.551
42.700000000000358	50.5304
42.80000000000036	52.4915
42.900000000000361	53.4732
4