10	1
10.1	1
10.199999999999999	1
10.299999999999999	1
10.399999999999999	1
10.499999999999998	1
10.599999999999998	1
10.699999999999998	1
10.799999999999997	1
10.899999999999997	1
10.999999999999996	1
11.099999999999996	1
11.199999999999996	1
11.299999999999995	1
11.399999999999995	1
11.499999999999995	1
11.599999999999994	1
11.699999999999994	1
11.799999999999994	1
11.899999999999993	1
11.999999999999993	1
12.099999999999993	1
12.199999999999992	1
12.299999999999992	1
12.399999999999991	1
12.499999999999991	1
12.599999999999991	1
12.69999999999999	1
12.79999999999999	1
12.89999999999999	1
12.999999999999989	1
13.099999999999989	1
13.199999999999989	1
13.299999999999988	1
13.399999999999988	1
13.499999999999988	1
13.599999999999987	1
13.699999999999987	1
13.799999999999986	1
13.899999999999986	1
13.999999999999986	1
14.099999999999985	1
14.199999999999985	1
14.299999999999985	1
14.399999999999984	1
14.499999999999984	1
14.599999999999984	1
14.699999999999983	1
14.799999999999983	1
14.899999999999983	1
14.999999999999982	1
15.099999999999982	1
15.199999999999982	1
15.299999999999981	1
15.399999999999981	1
15.49999999999998	1
15.59999999999998	1
15.69999999999998	1
15.799999999999979	1
15.899999999999979	1
15.999999999999979	1
16.09999999999998	1
16.199999999999982	1
16.299999999999983	1
16.399999999999984	1
16.499999999999986	1
16.599999999999987	1
16.699999999999989	1
16.79999999999999	1
16.899999999999991	1
16.999999999999993	1
17.099999999999994	1
17.199999999999996	1
17.299999999999997	1
17.399999999999999	1
17.5	1
17.600000000000001	1
17.700000000000003	1
17.800000000000004	1
17.900000000000006	1
18.000000000000007	1
18.100000000000009	1
18.20000000000001	1
18.300000000000011	1
18.400000000000013	1
18.500000000000014	1
18.600000000000016	1
18.700000000000017	1
18.800000000000018	1
18.90000000000002	1
19.000000000000021	1
19.100000000000023	1
19.200000000000024	1
19.300000000000026	1
19.400000000000027	1
19.500000000000028	1
19.60000000000003	1
19.700000000000031	1
19.800000000000033	1
19.900000000000034	1
20.000000000000036	1
20.100000000000037	1
20.200000000000038	1
20.30000000000004	1
20.400000000000041	1
20.500000000000043	1
20.600000000000044	1
20.700000000000045	1
20.800000000000047	1
20.900000000000048	1
21.00000000000005	1
21.100000000000051	1
21.200000000000053	1
21.300000000000054	1
21.400000000000055	1
21.500000000000057	1
21.600000000000058	1
21.70000000000006	1
21.800000000000061	1
21.900000000000063	1
22.000000000000064	1
22.100000000000065	1
22.200000000000067	1
22.300000000000068	1
22.40000000000007	1
22.500000000000071	1
22.600000000000072	1
22.700000000000074	1
22.800000000000075	1
22.900000000000077	1
23.000000000000078	1
23.10000000000008	1
23.200000000000081	1
23.300000000000082	1
23.400000000000084	1
23.500000000000085	1
23.600000000000087	1
23.700000000000088	1
23.80000000000009	1
23.900000000000091	1
24.000000000000092	1
24.100000000000094	1
24.200000000000095	1
24.300000000000097	1
24.400000000000098	1
24.500000000000099	1
24.600000000000101	1
24.700000000000102	1
24.800000000000104	1
24.900000000000105	1
25.000000000000107	1
25.100000000000108	1
25.200000000000109	1
25.300000000000111	1
25.400000000000112	1
25.500000000000114	1
25.600000000000115	1
25.700000000000117	1
25.800000000000118	1
25.900000000000119	1
26.000000000000121	1
26.100000000000122	1
26.200000000000124	1
26.300000000000125	1
26.400000000000126	1
26.500000000000128	1
26.600000000000129	1
26.700000000000131	1
26.800000000000132	1
26.900000000000134	1
27.000000000000135	1
27.100000000000136	1
27.200000000000138	1
27.300000000000139	1
27.400000000000141	1
27.500000000000142	1
27.600000000000144	1
27.700000000000145	1
27.800000000000146	1
27.900000000000148	1
28.000000000000149	1
28.100000000000151	1
28.200000000000152	1
28.300000000000153	1
28.400000000000155	1
28.500000000000156	1
28.600000000000158	1
28.700000000000159	1
28.800000000000161	1
28.900000000000162	1
29.000000000000163	1
29.100000000000165	2
29.200000000000166	20
29.300000000000168	20
29.400000000000169	11.56
29.500000000000171	10.3564
29.600000000000172	11.5956
29.700000000000173	4.6314
29.800000000000175	11.2404
29.900000000000176	8.08013
30.000000000000178	6.35894
30.100000000000179	8.02733
30.20000000000018	9.68511
30.300000000000182	18.1226
30.400000000000183	5.42671
30.500000000000185	13.2797
30.600000000000186	10.2236
30.700000000000188	7.98798
30.800000000000189	7.97657
30.90000000000019	16.3813
31.000000000000192	9.00616
31.100000000000193	9.00616
31.200000000000195	4.25
31.300000000000196	4.25
31.400000000000198	4.25
31.500000000000199	4.25
31.6000000000002	3.55301
31.700000000000202	11.4811
31.800000000000203	7.65022
31.900000000000205	7.65022
32.000000000000206	6.46458
32.100000000000207	14.7859
32.200000000000209	23.304
32.30000000000021	9.87946
32.400000000000212	5.36885
32.500000000000213	5.19733
32.600000000000215	13.7839
32.700000000000216	10.3881
32.800000000000217	19.9139
32.900000000000219	28.3005
33.00000000000022	8.67253
33.100000000000222	8.22497
33.200000000000223	8.19057
33.300000000000225	15.9924
33.400000000000226	14.2461
33.500000000000227	6.85138
33.600000000000229	16.0561
33.70000000000023	24.581
33.800000000000232	13.4193
33.900000000000233	10.3902
34.000000000000234	9.27198
34.100000000000236	18.1285
34.200000000000237	4.58728
34.300000000000239	7.97524
34.40000000000024	8.89096
34.500000000000242	10.129
34.600000000000243	10.5744
34.700000000000244	8.61377
34.800000000000246	16.3352
34.900000000000247	11.9983
35.000000000000249	10.9818
35.10000000000025	11.3478
35.200000000000252	10.1929
35.300000000000253	18.6682
35.400000000000254	6.18702
35.500000000000256	14.3221
35.600000000000257	10.3477
35.700000000000259	13.1037
35.80000000000026	21.5918
35.900000000000261	14.2062
36.000000000000263	9.03251
36.100000000000264	17.3274
36.200000000000266	16.3609
36.300000000000267	12.8961
36.400000000000269	9.44504
36.50000000000027	8.07761
36.600000000000271	16.3694
36.700000000000273	2.53228
36.800000000000274	9.68467
36.900000000000276	9.13439
37.000000000000277	9.06669
37.100000000000279	9.16289
37.20000000000028	8.14931
37.300000000000281	3.99162
37.400000000000283	3.69324
37.500000000000284	9.83032
37.600000000000286	9.03755
37.700000000000287	10.4278
37.800000000000288	19.9848
37.90000000000029	14.0154
38.000000000000291	7.18537
38.100000000000293	7.91238
38.200000000000294	8.38609
38.300000000000296	8.50292
38.400000000000297	16.9999
38.500000000000298	9.207
38.6000000000003	9.207
38.700000000000301	7.11243
38.800000000000303	16.2917
38.900000000000304	11.6431
39.000000000000306	9.4875
39.100000000000307	9.70038
39.200000000000308	4.80776
39.30000000000031	6.32637
39.400000000000311	10.7029
39.500000000000313	3.93277
39.600000000000314	3.93277
39.700000000000315	3.93277
39.800000000000317	8.80618
39.900000000000318	9.5215
40.00000000000032	3.88077
40.100000000000321	11.8402
40.200000000000323	9.6265
40.300000000000324	17.9804
40.400000000000325	7.98734
40.500000000000327	17.1629
40.600000000000328	13.5466
40.70000000000033	12.1577
40.800000000000331	21.6423
40.900000000000333	12.9862
41.000000000000334	12.1732
41.100000000000335	21.651
41.200000000000337	13.7048
41.300000000000338	4.99062
41.40000000000034	5.23582
41.500000000000341	9.69725
41.600000000000342	8.40519
41.700000000000344	7.47129
41.800000000000345	15.8927
41.900000000000347	10.5696
42.000000000000348	4.28129
42.10000000000035	13.1706
42.200000000000351	4.92661
42.300000000000352	11.9653
42.400000000000354	12.1163
42.500000000000355	10.653
42.600000000000357	10.1616
42.700000000000358	18.5974
42.80000000000036	15.5541
42.900000000000361	5.55998
43.000000000000362	13.334
43.100000000000364	10.2034
43.200000000000365	19.6154
43.300000000000367	14.5274
43.400000000000368	11.1296
43.500000000000369	7.81359
43.600000000000371	15.8038
43.700000000000372	10.9783
43.800000000000374	9.85079
43.900000000000375	8.09688
44.000000000000377	8.59162
44.100000000000378	8.53018
44.200000000000379	11.495
44.300000000000381	20.0672
44.400000000000382	8.80313
44.500000000000384	18.0059
44.600000000000385	12.4006
44.700000000000387	6.61829
44.800000000000388	11.8486
44.900000000000389	20.2713
45.000000000000