10	1
10.1	1
10.199999999999999	1
10.299999999999999	1
10.399999999999999	1
10.499999999999998	1
10.599999999999998	1
10.699999999999998	1
10.799999999999997	1
10.899999999999997	1
10.999999999999996	1
11.099999999999996	1
11.199999999999996	1
11.299999999999995	1
11.399999999999995	1
11.499999999999995	1
11.599999999999994	1
11.699999999999994	1
11.799999999999994	1
11.899999999999993	1
11.999999999999993	1
12.099999999999993	1
12.199999999999992	1
12.299999999999992	1
12.399999999999991	1
12.499999999999991	1
12.599999999999991	1
12.69999999999999	1
12.79999999999999	1
12.89999999999999	1
12.999999999999989	1
13.099999999999989	1
13.199999999999989	1
13.299999999999988	1
13.399999999999988	1
13.499999999999988	1
13.599999999999987	1
13.699999999999987	1
13.799999999999986	1
13.899999999999986	1
13.999999999999986	1
14.099999999999985	1
14.199999999999985	1
14.299999999999985	1
14.399999999999984	1
14.499999999999984	1
14.599999999999984	1
14.699999999999983	1
14.799999999999983	1
14.899999999999983	1
14.999999999999982	1
15.099999999999982	1
15.199999999999982	1
15.299999999999981	1
15.399999999999981	1
15.49999999999998	1
15.59999999999998	1
15.69999999999998	1
15.799999999999979	1
15.899999999999979	1
15.999999999999979	1
16.09999999999998	1
16.199999999999982	1
16.299999999999983	1
16.399999999999984	1
16.499999999999986	1
16.599999999999987	1
16.699999999999989	1
16.79999999999999	1
16.899999999999991	1
16.999999999999993	1
17.099999999999994	1
17.199999999999996	1
17.299999999999997	1
17.399999999999999	1
17.5	1
17.600000000000001	1
17.700000000000003	1
17.800000000000004	1
17.900000000000006	1
18.000000000000007	1
18.100000000000009	1
18.20000000000001	1
18.300000000000011	1
18.400000000000013	1
18.500000000000014	1
18.600000000000016	1
18.700000000000017	1
18.800000000000018	1
18.90000000000002	1
19.000000000000021	1
19.100000000000023	1
19.200000000000024	1
19.300000000000026	1
19.400000000000027	1
19.500000000000028	1
19.60000000000003	1
19.700000000000031	1
19.800000000000033	1
19.900000000000034	1
20.000000000000036	1
20.100000000000037	1
20.200000000000038	1
20.30000000000004	1
20.400000000000041	1
20.500000000000043	1
20.600000000000044	1
20.700000000000045	1
20.800000000000047	1
20.900000000000048	1
21.00000000000005	1
21.100000000000051	1
21.200000000000053	1
21.300000000000054	1
21.400000000000055	1
21.500000000000057	1
21.600000000000058	1
21.70000000000006	1
21.800000000000061	1
21.900000000000063	1
22.000000000000064	1
22.100000000000065	1
22.200000000000067	1
22.300000000000068	1
22.40000000000007	1
22.500000000000071	1
22.600000000000072	1
22.700000000000074	1
22.800000000000075	1
22.900000000000077	1
23.000000000000078	1
23.10000000000008	1
23.200000000000081	1
23.300000000000082	1
23.400000000000084	1
23.500000000000085	1
23.600000000000087	1
23.700000000000088	1
23.80000000000009	1
23.900000000000091	1
24.000000000000092	1
24.100000000000094	1
24.200000000000095	1
24.300000000000097	3
24.400000000000098	1.5
24.500000000000099	3.24483
24.600000000000101	4.99753
24.700000000000102	5.75491
24.800000000000104	5.75491
24.900000000000105	2
25.000000000000107	3.55301
25.100000000000108	5.19763
25.200000000000109	6.26135
25.300000000000111	3.58263
25.400000000000112	3.58263
25.500000000000114	3.86175
25.600000000000115	1.93088
25.700000000000117	3.57769
25.800000000000118	3.57769
25.900000000000119	1
26.000000000000121	2.9
26.100000000000122	4.33944
26.200000000000124	6.5768
26.300000000000125	3.2884
26.400000000000126	4.1292
26.500000000000128	4.60014
26.600000000000129	4.60014
26.700000000000131	1
26.800000000000132	2
26.900000000000134	2
27.000000000000135	2
27.100000000000136	2
27.200000000000138	2
27.300000000000139	3.24483
27.400000000000141	4.56988
27.500000000000142	6.26135
27.600000000000144	8.09095
27.700000000000145	4.10727
27.800000000000146	4.10727
27.900000000000148	1
28.000000000000149	1
28.100000000000151	1
28.200000000000152	1
28.300000000000153	2
28.400000000000155	3.24483
28.500000000000156	3.24483
28.600000000000158	1.62241
28.700000000000159	3.00374
28.800000000000161	1.50187
28.900000000000162	3.24621
29.000000000000163	3.24621
29.100000000000165	1
29.200000000000166	2.9
29.300000000000168	4.33944
29.400000000000169	5.92867
29.500000000000171	3.88198
29.600000000000172	1.94099
29.700000000000173	2.94099
29.800000000000175	3.5858
29.900000000000176	3.5858
30.000000000000178	1
30.100000000000179	1
30.20000000000018	1
30.300000000000182	1
30.400000000000183	2
30.500000000000185	2
30.600000000000186	2
30.700000000000188	2
30.800000000000189	2
30.90000000000019	2
31.000000000000192	2
31.100000000000193	2
31.200000000000195	1
31.300000000000196	2.9
31.400000000000198	4.33944
31.500000000000199	2.49877
31.6000000000002	3.55218
31.700000000000202	2.04727
31.800000000000203	2.93009
31.900000000000205	4.35887
32.000000000000206	6.111
32.100000000000207	3.72643
32.200000000000209	3.72643
32.30000000000021	1
32.400000000000212	2.9
32.500000000000213	4.33944
32.600000000000215	6.09735
32.700000000000216	6.5768
32.800000000000217	3.2884
32.900000000000219	3.2884
33.00000000000022	4.1292
33.100000000000222	5.95179
33.200000000000223	3.0599
33.300000000000225	3.0599
33.400000000000226	3.0599
33.500000000000227	2
33.600000000000229	3.55301
33.70000000000023	3.55301
33.800000000000232	1
33.900000000000233	2.9
34.000000000000234	3.24483
34.100000000000236	2.62241
34.200000000000237	4.16703
34.300000000000239	5.80542
34.40000000000024	3.15385
34.500000000000242	3.15385
34.600000000000243	3.75903
34.700000000000244	5.14319
34.800000000000246	2.85299
34.900000000000247	3.2035
35.000000000000249	4.06325
35.10000000000025	2.03162
35.200000000000252	2.52384
35.300000000000253	4.10901
35.400000000000254	6.73707
35.500000000000256	3.51537
35.600000000000257	3.51537
35.700000000000259	5.17257
35.80000000000026	5.90681
35.900000000000261	2.95341
36.000000000000263	2.95341
36.100000000000264	1
36.200000000000266	2.9
36.300000000000267	4.33944
36.400000000000269	2.39435
36.50000000000027	2.39435
36.600000000000271	1
36.700000000000273	2.9
36.800000000000274	3.24483
36.900000000000276	3.24483
37.000000000000277	2
37.100000000000279	3.55301
37.20000000000028	4.56988
37.300000000000281	5.39003
37.400000000000283	5.39003
37.500000000000284	2.69501
37.600000000000286	2.69501
37.700000000000287	2
37.800000000000288	3.24483
37.90000000000029	4.56988
38.000000000000291	4.56988
38.100000000000293	1
38.200000000000294	2.5
38.300000000000296	4.33944
38.400000000000297	6.5768
38.500000000000298	3.2884
38.6000000000003	3.87086
38.700000000000301	5.41552
38.800000000000303	7.1843
38.900000000000304	3.79705
39.000000000000306	3.79705
39.100000000000307	1
39.200000000000308	2
39.30000000000031	2
39.400000000000311	2
39.500000000000313	2
39.600000000000314	2
39.700000000000315	2.9
39.800000000000317	4.33944
39.900000000000318	2.49877
40.00000000000032	3.55218
40.100000000000321	4.56925
40.200000000000323	4.56925
40.300000000000324	2.28463
40.400000000000325	2.28463
40.500000000000327	2
40.600000000000328	3.55301
40.70000000000033	5.19763
40.800000000000331	6.5768
40.900000000000333	3.85404
41.000000000000334	5.21186
41.100000000000335	7.03331
41.200000000000337	3.79288
41.300000000000338	3.79288
41.40000000000034	5.16755
41.500000000000341	2.68053
41.600000000000342	3.38108
41.700000000000344	5.08454
41.800000000000345	2.91512
41.900000000000347	4.10562
42.000000000000348	5.58306
42.10000000000035	3.13401
42.200000000000351	4.25926
42.300000000000352	6.04136
42.400000000000354	3.26251
42.500000000000355	3.26251
42.600000000000357	5.00869
42.700000000000358	2.60417
42.80000000000036	3.89973
42.900000000000361	5.24518
43.000000000000362	5.97022
43.100000000000364	2.98511
43.200000000000365	2.98511
43.300000000000367	3.6213
43.400000000000368	5.24351
43.500000000000369	5.43423
43.600000000000371	2.71711
43.700000000000372	2.71711
43.800000000000374	3.40928
43.900000000000375	3.7026
44.000000000000377	1.8513
44.100000000000378	2.8513
44.200000000000379	4.30828
44.300000000000381	5.73174
44.400000000000382	3.27831
44.500000000000384	3.86241
44.600000000000385	5.40959
44.700000000000387	2.79722
44.800000000000388	3.47171
44.900000000000389	4.50809
45.