10	1
10.1	1
10.199999999999999	1
10.299999999999999	1
10.399999999999999	1
10.499999999999998	1
10.599999999999998	1
10.699999999999998	1
10.799999999999997	1
10.899999999999997	1
10.999999999999996	1
11.099999999999996	1
11.199999999999996	1
11.299999999999995	1
11.399999999999995	1
11.499999999999995	1
11.599999999999994	1
11.699999999999994	1
11.799999999999994	1
11.899999999999993	1
11.999999999999993	1
12.099999999999993	1
12.199999999999992	1
12.299999999999992	1
12.399999999999991	1
12.499999999999991	1
12.599999999999991	1
12.69999999999999	1
12.79999999999999	1
12.89999999999999	5.5
12.999999999999989	15.1837
13.099999999999989	21.8779
13.199999999999989	11.9819
13.299999999999988	15.6791
13.399999999999988	20.4995
13.499999999999988	12.257
13.599999999999987	6.95555
13.699999999999987	6.95555
13.799999999999986	4.16441
13.899999999999986	16.5614
13.999999999999986	17.0813
14.099999999999985	19.1826
14.199999999999985	9.57956
14.299999999999985	17.5806
14.399999999999984	22.8071
14.499999999999984	13.6223
14.599999999999984	18.0091
14.699999999999983	15.8017
14.799999999999983	18.2934
14.899999999999983	22.004
14.999999999999982	12.0653
15.099999999999982	16.4089
15.199999999999982	16.1671
15.299999999999981	9.10622
15.399999999999981	27.9897
15.49999999999998	14.0163
15.59999999999998	17.8209
15.69999999999998	20.9812
15.799999999999979	11.6538
15.899999999999979	11.6538
15.999999999999979	16.5592
16.09999999999998	20.0495
16.199999999999982	16.214
16.299999999999983	18.4403
16.399999999999984	17.913
16.499999999999986	21.0273
16.599999999999987	25.5906
16.699999999999989	12.028
16.79999999999999	23.0825
16.899999999999991	18.9057
16.999999999999993	16.453
17.099999999999994	11.4822
17.199999999999996	10.5179
17.299999999999997	14.6752
17.399999999999999	13.473
17.5	16.3117
17.600000000000001	14.4872
17.700000000000003	18.2195
17.800000000000004	20.7751
17.900000000000006	23.1494
18.000000000000007	13.9191
18.100000000000009	15.98
18.20000000000001	19.1728
18.300000000000011	23.3684
18.400000000000013	13.9717
18.500000000000014	17.8235
18.600000000000016	21.1892
18.700000000000017	11.572
18.800000000000018	18.1213
18.90000000000002	9.28718
19.000000000000021	17.0533
19.100000000000023	24.7545
19.200000000000024	32.4529
19.300000000000026	39.5086
19.400000000000027	16.9811
19.500000000000028	20.6074
19.60000000000003	12.0657
19.700000000000031	15.1436
19.800000000000033	10.9871
19.900000000000034	31.4864
20.000000000000036	38.8455
20.100000000000037	22.5442
20.200000000000038	28.7917
20.30000000000004	36.3569
20.400000000000041	43.2337
20.500000000000043	25.7852
20.600000000000044	34.7389
20.700000000000045	41.5977
20.800000000000047	24.6153
20.900000000000048	33.0456
21.00000000000005	40.276
21.100000000000051	21.6068
21.200000000000053	31.3012
21.300000000000054	39.9388
21.400000000000055	21.6661
21.500000000000057	29.7133
21.600000000000058	37.541
21.70000000000006	44.0743
21.800000000000061	26.2508
21.900000000000063	33.724
22.000000000000064	41.2856
22.100000000000065	23.7173
22.200000000000067	33.0783
22.300000000000068	25.1973
22.40000000000007	33.0793
22.500000000000071	40.8316
22.600000000000072	22.6358
22.700000000000074	22.6358
22.800000000000075	4
22.900000000000077	42.9461
23.000000000000078	25.0578
23.10000000000008	33.6007
23.200000000000081	41.5803
23.300000000000082	25.5266
23.400000000000084	32.9835
23.500000000000085	40.7079
23.600000000000087	22.8092
23.700000000000088	31.0169
23.80000000000009	39.638
23.900000000000091	22.6911
24.000000000000092	31.2845
24.100000000000094	39.2532
24.200000000000095	22.6436
24.300000000000097	29.1823
24.400000000000098	22.0176
24.500000000000099	23.2631
24.600000000000101	12.7574
24.700000000000102	16.7212
24.800000000000104	22.4092
24.900000000000105	30.4305
25.000000000000107	17.5538
25.100000000000108	17.5538
25.200000000000109	2
25.300000000000111	11.8693
25.400000000000112	42.757
25.500000000000114	20.8606
25.600000000000115	20.8606
25.700000000000117	13.3525
25.800000000000118	17.7185
25.900000000000119	7.58093
26.000000000000121	15.4289
26.100000000000122	5.00855
26.200000000000124	15.6757
26.300000000000125	11.5443
26.400000000000126	16.523
26.500000000000128	8.49218
26.600000000000129	11.0578
26.700000000000131	6.17886
26.800000000000132	13.9985
26.900000000000134	15.2593
27.000000000000135	6.56063
27.100000000000136	11.2231
27.200000000000138	8.5349
27.300000000000139	9.2293
27.400000000000141	11.152
27.500000000000142	17.4065
27.600000000000144	10.7214
27.700000000000145	7.09638
27.800000000000146	17.4024
27.900000000000148	16.8182
28.000000000000149	18.8428
28.100000000000151	10.7047
28.200000000000152	9.46286
28.300000000000153	18.5182
28.400000000000155	8.09084
28.500000000000156	10.8649
28.600000000000158	15.1073
28.700000000000159	9.51843
28.800000000000161	17.0154
28.900000000000162	22.4122
29.000000000000163	5.69331
29.100000000000165	11.4673
29.200000000000166	7.14732
29.300000000000168	10.0952
29.400000000000169	13.1848
29.500000000000171	12.6477
29.600000000000172	16.1115
29.700000000000173	11.5102
29.800000000000175	11.5102
29.900000000000176	8.54642
30.000000000000178	15.1624
30.100000000000179	30.634
30.20000000000018	17.0234
30.300000000000182	23.4866
30.400000000000183	11.6125
30.500000000000185	4.74008
30.600000000000186	4.74008
30.700000000000188	7.02286
30.800000000000189	8.39064
30.90000000000019	7.96451
31.000000000000192	27.0863
31.100000000000193	12.8841
31.200000000000195	10.4927
31.300000000000196	5.78262
31.400000000000198	5.78262
31.500000000000199	2.5
31.6000000000002	11.3053
31.700000000000202	8.46347
31.800000000000203	14.6197
31.900000000000205	14.4196
32.000000000000206	22.9842
32.100000000000207	20.1369
32.200000000000209	13.9647
32.30000000000021	5.40952
32.400000000000212	6.1622
32.500000000000213	39.7724
32.600000000000215	27.4172
32.700000000000216	17.1497
32.800000000000217	11.2309
32.900000000000219	8.36292
33.00000000000022	7.07302
33.100000000000222	10.2345
33.200000000000223	12.5275
33.300000000000225	7.61552
33.400000000000226	7.61552
33.500000000000227	5.97008
33.600000000000229	11.0076
33.70000000000023	14.9794
33.800000000000232	12.446
33.900000000000233	6.057
34.000000000000234	6.057
34.100000000000236	1
34.200000000000237	14.3899
34.300000000000239	13.4386
34.40000000000024	11.6686
34.500000000000242	14.4367
34.600000000000243	7.32259
34.700000000000244	9.22098
34.800000000000246	11.1829
34.900000000000247	5.68533
35.000000000000249	10.2027
35.10000000000025	16.2775
35.200000000000252	14.6462
35.300000000000253	14.1508
35.400000000000254	14.1508
35.500000000000256	7.9453
35.600000000000257	8.4724
35.700000000000259	15.8994
35.80000000000026	6.40443
35.900000000000261	8.55678
36.000000000000263	8.55678
36.100000000000264	5.00682
36.200000000000266	9.83763
36.300000000000267	6.34318
36.400000000000269	8.8323
36.50000000000027	9.08166
36.600000000000271	21.4261
36.700000000000273	11.6258
36.800000000000274	8.98223
36.900000000000276	8.62833
37.000000000000277	12.1731
37.100000000000279	8.81152
37.20000000000028	8.81152
37.300000000000281	9.82381
37.400000000000283	6.12672
37.500000000000284	11.3707
37.600000000000286	9.38107
37.700000000000287	10.724
37.800000000000288	5.27582
37.90000000000029	5.27582
38.000000000000291	5.19763
38.100000000000293	10.0035
38.200000000000294	15.2903
38.300000000000296	5.91695
38.400000000000297	13.4172
38.500000000000298	13.7786
38.6000000000003	15.1787
38.700000000000301	18.5934
38.800000000000303	14.5477
38.900000000000304	11.9648
39.000000000000306	3.91304
39.100000000000307	5.97243
39.200000000000308	5.97243
39.30000000000031	6.33603
39.400000000000311	12.2935
39.500000000000313	14.9852
39.600000000000314	13.0132
39.700000000000315	13.0132
39.800000000000317	4
39.900000000000318	11.5806
40.00000000000032	11.5806
40.100000000000321	5.57776
40.200000000000323	13.0461
40.300000000000324	18.8217
40.400000000000325	6.39743
40.500000000000327	7.55439
40.600000000000328	4.03433
40.70000000000033	8.49654
40.800000000000331	18.0517
40.900000000000333	12.1531
41.000000000000334	9.25983
41.100000000000335	20.3605
41.200000000000337	13.4816
41.300000000000338	12.2154
41.40000000000034	17.1676
41.500000000000341	20.1301
41.600000000000342	11.2842
41.700000000000344	11.2842
41.800000000000345	11.1291
41.900000000000347	10.159
42.000000000000348	9.1696
42.10000000000035	11.0818
42.200000000000351	7.32851
42.300000000000352	6.01693
42.400000000000354	10.2059
42.500000000000355	12.1012
42.600000000000357	19.7589
42.700000000000358	11.7394
42.80000000000036	10.0503
42.900000000000361	15.195
43.000000000000362	11.4829
43.100000000000364	13.0233
43.200000000000365	8.04119
43.300000000000367	14.4162
43.400000000000368	18.6605
43.500000000000369	9.23337
43.600000000000371	8.38929
43.700000000000372	9.47374
43.800000000000374	11.4715
43.900000000000375	12.4268
44.000000000000377	13.5626
44.100000000000378	16.2908
44.200000000000379	4.9489
44.300000000000381	13.3713
44.400000000000382	13.184
44.500000000000384	11.0706
44.600000000000385	12.8929
44.700000000000387	8.22735
44.800000000000388	19.1819
44.900000000000389	13.9748
45.000000000000391	10.8767
45.100000000000392	21.1364
45.200000000000394	13.5443
45.300000000000395	15.8999
45.400000000000396	12.7723
45.500000000000398	10.0106
45.600000000000399	8.16752
45.700000000000401	10.1355
45.800000000000402	9.7124
45.900000000000404	13.1386
46.000000000000405	11.0763
46.100000000000406	28.483
46.200000000000408	11.0522
46.300000000000409	8.03605
46.400000000000411	8.23241
46.500000000000412	6.4995
46.600000000000414	6.50305
46.700000000000415	7.39987
46.800000000000416	7.39987
46.900000000000418	2.81667
47.000000000000419	4.37013
47.100000000000421	4.37013
47.200000000000422	5.56291
47.300000000000423	15.5346
47.400000000000425	9.79421
47.500000000000426	12.1791
47.600000000000428	10.7212
47.700000000000429	9.41529
47.800000000000431	9.94081
47.900000000000432	12.1798
48.000000000000433	9.29665
48.100000000000435	8.22973
48.200000000000436	6.79251
48.300000000000438	18.051
48.400000000000439	7.21834
48.500000000000441	4.39477
48.600000000000442	8.2588
48.700000000000443	9.85168
48.800000000000445	3.24798
48.900000000000446	11.9399
49.000000000000448	12.2521
49.100000000000449	8.99619
49.20000000000045	10.9814
49.300000000000452	5.94644
49.400000000000453	4.53758
49.500000000000455	16.02
49.600000000000456	11.106
49.700000000000458	10.4251
49.800000000000459	8.01799
49.90000000000046	6.42855
50.000000000000462	10.0257
50.100000000000463	7.0878
50.200000000000465	10.116
50.300000000000466	7.10305
50.400000000000468	4.26137
50.500000000000469	4.26137
50.60000000000047	13.552
50.700000000000472	7.13448
50.800000000000473	12.4122
50.900000000000475	9.84032
51.000000000000476	12.6443
51.100000000000477	7.26858
51.200000000000479	16.205
51.30000000000048	8.13406
51.400000000000482	9.29722
51.500000000000483	9.29722
51.600000000000485	2
51.700000000000486	7.48817
51.800000000000487	15.0592
51.900000000000489	12.7496
52.00000000000049	10.663
52.100000000000492	22.4397
52.200000000000493	19.0572
52.300000000000495	10.7156
52.400000000000496	10.7156
52.500000000000497	8.6363
52.600000000000499	8.50576
52.7000000000005	10.5672
52.800000000000502	11.8528
52.900000000000503	10.1549
53.000000000000504	18.4676
53.100000000000506	9.69023
53.200000000000507	13.7688
53.300000000000509	10.3266
53.40000000000051	6.17131
53.500000000000512	7.48787
53.600000000000513	9.13186
53.700000000000514	15.8039
53.800000000000516	16.2011
53.900000000000517	13.1197
54.000000000000519	13.0085
54.10000000000052	12.2548
54.200000000000522	5.48411
54.300000000000523	10.0515
54.400000000000524	14.2849
54.500000000000526	10.2834
54.600000000000527	8.76595
54.700000000000529	14.1789
54.80000000000053	8.00286
54.900000000000531	9.57482
55.000000000000533	24.4591
55.100000000000534	15.62
55.200000000000536	15.1242
55.300000000000537	14.0771
55.400000000000539	5.66119
55.50000000000054	11.9134
55.600000000000541	14.0717
55.700000000000543	12.516
55.800000000000544	8.64577
55.900000000000546	13.3584
56.000000000000547	15.4268
56.100000000000549	16.9754
56.20000000000055	6.20472
56.300000000000551	4.78442
56.400000000000553	11.5619
56.500000000000554	19.6082
56.600000000000556	9.33333
56.700000000000557	8.37446
56.8000000