10	1
10.1	1
10.199999999999999	1
10.299999999999999	1
10.399999999999999	1
10.499999999999998	1
10.599999999999998	1
10.699999999999998	1
10.799999999999997	1
10.899999999999997	1
10.999999999999996	1
11.099999999999996	1
11.199999999999996	1
11.299999999999995	1
11.399999999999995	1
11.499999999999995	1
11.599999999999994	1
11.699999999999994	1
11.799999999999994	1
11.899999999999993	1
11.999999999999993	1
12.099999999999993	1
12.199999999999992	1
12.299999999999992	1
12.399999999999991	1
12.499999999999991	1
12.599999999999991	1
12.69999999999999	1
12.79999999999999	1
12.89999999999999	1
12.999999999999989	1
13.099999999999989	1
13.199999999999989	1
13.299999999999988	1
13.399999999999988	1
13.499999999999988	1
13.599999999999987	1
13.699999999999987	1
13.799999999999986	1
13.899999999999986	1
13.999999999999986	1
14.099999999999985	1
14.199999999999985	1
14.299999999999985	1
14.399999999999984	1
14.499999999999984	1
14.599999999999984	1
14.699999999999983	1
14.799999999999983	1
14.899999999999983	1
14.999999999999982	1
15.099999999999982	1
15.199999999999982	1
15.299999999999981	1
15.399999999999981	1
15.49999999999998	1
15.59999999999998	1
15.69999999999998	1
15.799999999999979	1
15.899999999999979	1
15.999999999999979	1
16.09999999999998	1
16.199999999999982	1
16.299999999999983	1
16.399999999999984	1
16.499999999999986	1
16.599999999999987	1
16.699999999999989	1
16.79999999999999	1
16.899999999999991	1
16.999999999999993	1
17.099999999999994	1
17.199999999999996	1
17.299999999999997	1
17.399999999999999	1
17.5	1
17.600000000000001	1
17.700000000000003	1
17.800000000000004	1
17.900000000000006	1
18.000000000000007	1
18.100000000000009	1
18.20000000000001	1
18.300000000000011	1
18.400000000000013	1
18.500000000000014	1
18.600000000000016	1
18.700000000000017	1
18.800000000000018	1
18.90000000000002	1
19.000000000000021	1
19.100000000000023	1
19.200000000000024	1
19.300000000000026	1
19.400000000000027	1
19.500000000000028	1
19.60000000000003	1
19.700000000000031	1
19.800000000000033	1
19.900000000000034	1
20.000000000000036	1
20.100000000000037	1
20.200000000000038	2
20.30000000000004	8
20.400000000000041	28
20.500000000000043	32
20.600000000000044	32
20.700000000000045	2
20.800000000000047	4
20.900000000000048	6
21.00000000000005	6
21.100000000000051	6
21.200000000000053	6
21.300000000000054	2
21.400000000000055	3.63333
21.500000000000057	5.62582
21.600000000000058	7.0626
21.70000000000006	8.95093
21.800000000000061	10.691
21.900000000000063	12.1831
22.000000000000064	6.37327
22.100000000000065	7.12257
22.200000000000067	8.65607
22.300000000000068	4.66376
22.40000000000007	4.66376
22.500000000000071	1
22.600000000000072	3.55301
22.700000000000074	5.19763
22.800000000000075	7.02286
22.900000000000077	3.51143
23.000000000000078	5.16996
23.10000000000008	2.77492
23.200000000000081	4.26017
23.300000000000082	6.04199
23.400000000000084	8.53549
23.500000000000085	10.3464
23.600000000000087	12.2154
23.700000000000088	6.22966
23.80000000000009	6.22966
23.900000000000091	1
24.000000000000092	3
24.100000000000094	5.62582
24.200000000000095	2.98794
24.300000000000097	3.89956
24.400000000000098	5.43571
24.500000000000099	7.05774
24.600000000000101	9.49265
24.700000000000102	11.3264
24.800000000000104	12.7439
24.900000000000105	6.37193
25.000000000000107	6.68204
25.100000000000108	8.41919
25.200000000000109	10.2509
25.300000000000111	5.50346
25.400000000000112	6.03168
25.500000000000114	8.52825
25.600000000000115	4.76558
25.700000000000117	5.1764
25.800000000000118	5.55582
25.900000000000119	2.77791
26.000000000000121	4.01284
26.100000000000122	5.69751
26.200000000000124	7.3977
26.300000000000125	9.21669
26.400000000000126	11.7127
26.500000000000128	13.9773
26.600000000000129	15.6678
26.700000000000131	8.05462
26.800000000000132	9.22025
26.900000000000134	11.9698
27.000000000000135	6.58352
27.100000000000136	6.58352
27.200000000000138	6.58352
27.300000000000139	7.97094
27.400000000000141	10.5745
27.500000000000142	5.70076
27.600000000000144	7.12208
27.700000000000145	3.56104
27.800000000000146	4.34592
27.900000000000148	6.73296
28.000000000000149	8.33959
28.100000000000151	9.98649
28.200000000000152	11.4835
28.300000000000153	7.29451
28.400000000000155	9.13436
28.500000000000156	11.0284
28.600000000000158	6.04146
28.700000000000159	7.66419
28.800000000000161	4.71563
28.900000000000162	4.71563
29.000000000000163	4.71563
29.100000000000165	3.24483
29.200000000000166	5.19763
29.300000000000168	7.44171
29.400000000000169	9.03185
29.500000000000171	11.1258
29.600000000000172	5.60785
29.700000000000173	5.60785
29.800000000000175	1
29.900000000000176	4.33944
30.000000000000178	5.92867
30.100000000000179	7.16526
30.20000000000018	9.03185
30.300000000000182	4.94127
30.400000000000183	6.98336
30.500000000000185	8.18089
30.600000000000186	4.99364
30.700000000000188	2.78604
30.800000000000189	4.93532
30.90000000000019	6.53008
31.000000000000192	8.29964
31.100000000000193	10.0537
31.200000000000195	11.6285
31.300000000000196	7.07135
31.400000000000198	8.7302
31.500000000000199	4.69815
31.6000000000002	4.69815
31.700000000000202	2.4555
31.800000000000203	2.4555
31.900000000000205	1
32.000000000000206	3.55301
32.100000000000207	4.78871
32.200000000000209	6.26135
32.30000000000021	3.72086
32.400000000000212	4.69951
32.500000000000213	3.09703
32.600000000000215	4.23285
32.700000000000216	6.02304
32.800000000000217	7.78048
32.900000000000219	4.37764
33.00000000000022	4.37764
33.100000000000222	1
33.200000000000223	2.9
33.300000000000225	4.99753
33.400000000000226	7.16526
33.500000000000227	8.45624
33.600000000000229	4.78625
33.70000000000023	5.9267
33.800000000000232	7.02121
33.900000000000233	3.5106
34.000000000000234	3.5106
34.100000000000236	4.96813
34.200000000000237	6.23809
34.300000000000239	8.07306
34.40000000000024	9.86794
34.500000000000242	11.5557
34.600000000000243	13.9902
34.700000000000244	7.31045
34.800000000000246	7.31045
34.900000000000247	8.57928
35.000000000000249	9.6812
35.10000000000025	12.1637
35.200000000000252	6.51967
35.300000000000253	7.11296
35.400000000000254	8.64819
35.500000000000256	4.71376
35.600000000000257	6.97261
35.700000000000259	8.65071
35.80000000000026	10.3448
35.900000000000261	12.1316
36.000000000000263	13.9036
36.100000000000264	7.92848
36.200000000000266	8.17876
36.300000000000267	10.0548
36.400000000000269	11.8856
36.50000000000027	14.0512
36.600000000000271	7.30539
36.700000000000273	7.44228
36.800000000000274	3.72114
36.900000000000276	3.72114
37.000000000000277	4.24051
37.100000000000279	2.5919
37.20000000000028	4.14887
37.300000000000281	5.96524
37.400000000000283	7.60458
37.500000000000284	3.80229
37.600000000000286	5.17434
37.700000000000287	6.71102
37.800000000000288	8.44212
37.90000000000029	11.0244
38.000000000000291	13.0271
38.100000000000293	14.6226
38.200000000000294	16.4906
38.300000000000296	18.3861
38.400000000000297	9.85038
38.500000000000298	9.85038
38.6000000000003	4.97595
38.700000000000301	1.97595
38.800000000000303	4.97595
38.900000000000304	7.4274
39.000000000000306	9.24047
39.100000000000307	11.0256
39.200000000000308	6.04018
39.30000000000031	8.17247
39.400000000000311	5.19061
39.500000000000313	2.98062
39.600000000000314	4.39181
39.700000000000315	6.13422
39.800000000000317	3.14862
39.900000000000318	3.14862
40.00000000000032	4.93757
40.100000000000321	6.53176
40.200000000000323	8.30096
40.300000000000324	5.2713
40.400000000000325	5.2713
40.500000000000327	6.63476
40.600000000000328	8.38188
40.70000000000033	10.2203
40.800000000000331	13.0653
40.900000000000333	6.90575
41.000000000000334	6.90575
41.100000000000335	6.90575
41.200000000000337	4.16441
41.300000000000338	6.77034
41.40000000000034	8.48916
41.500000000000341	10.3083
41.600000000000342	12.0173
41.700000000000344	14.5811
41.800000000000345	7.49394
41.900000000000347	7.88738
42.000000000000348	7.88738
42.10000000000035	3.94369
42.200000000000351	3.94369
42.300000000000352	1
42.400000000000354	3.55301
42.500000000000355	1.91723
42.600000000000357	3.56677
42.700000000000358	5.20683
42.80000000000036	7.02962
42.900000000000361	9.57743
43.000000000000362	5.04429
43.100000000000364	6.76333
43.200000000000365	8.48359
43.300000000000367	4.5287