10	9.21125
10.1	11.0921
10.199999999999999	12.1295
10.299999999999999	14.0453
10.399999999999999	7.47216
10.499999999999998	8.83186
10.599999999999998	4.63819
10.699999999999998	5.44766
10.799999999999997	7.20838
10.899999999999997	9.06597
10.999999999999996	10.9719
11.099999999999996	12.7489
11.199999999999996	14.0938
11.299999999999995	15.9612
11.399999999999995	8.1059
11.499999999999995	8.1059
11.599999999999994	1
11.699999999999994	4
11.799999999999994	5.50703
11.899999999999993	7.25303
11.999999999999993	9.10138
12.099999999999993	10.9095
12.199999999999992	5.9874
12.299999999999992	3.31482
12.399999999999991	3.6165
12.499999999999991	5.24027
12.599999999999991	7.05421
12.69999999999999	8.8311
12.79999999999999	10.5911
12.89999999999999	12.423
12.999999999999989	14.2994
13.099999999999989	7.39097
13.199999999999989	8.2911
13.299999999999988	10.1462
13.399999999999988	10.9095
13.499999999999988	5.81124
13.599999999999987	7.34902
13.699999999999987	9.1778
13.799999999999986	11.0643
13.899999999999986	12.9839
13.999999999999986	6.79386
14.099999999999985	7.63375
14.199999999999985	9.29908
14.299999999999985	4.64954
14.399999999999984	5.07018
14.499999999999984	6.78249
14.599999999999984	8.13546
14.699999999999983	4.06773
14.799999999999983	4.06773
14.899999999999983	4.06773
14.999999999999982	2.5
15.099999999999982	4.56988
15.199999999999982	5.92867
15.299999999999981	3.30168
15.399999999999981	4.13958
15.49999999999998	5.95888
15.59999999999998	7.59962
15.69999999999998	4.18471
15.799999999999979	5.98983
15.899999999999979	7.62377
15.999999999999979	3.87747
16.09999999999998	3.87747
16.199999999999982	4.60564
16.299999999999983	6.2872
16.399999999999984	6.2872
16.499999999999986	1
16.599999999999987	2
16.699999999999989	4.16441
16.79999999999999	5.80357
16.899999999999991	3.2464
16.999999999999993	4.99852
17.099999999999994	6.57755
17.199999999999996	8.33687
17.299999999999997	9.88304
17.399999999999999	5.52562
17.5	6.98353
17.600000000000001	8.18104
17.700000000000003	10.0567
17.800000000000004	5.77225
17.900000000000006	5.77225
18.000000000000007	6.43656
18.100000000000009	7.31841
18.20000000000001	3.65921
18.300000000000011	3.65921
18.400000000000013	2.9
18.500000000000014	3.83446
18.600000000000016	5.39003
18.700000000000017	6.87746
18.800000000000018	8.57449
18.90000000000002	4.68409
19.000000000000021	6.34424
19.100000000000023	8.15494
19.200000000000024	10.0355
19.300000000000026	5.26212
19.400000000000027	5.26212
19.500000000000028	5.26212
19.60000000000003	2
19.700000000000031	3.24483
19.800000000000033	4.99753
19.900000000000034	6.5768
20.000000000000036	8.33628
20.100000000000037	4.57128
20.200000000000038	4.57128
20.30000000000004	6.09838
20.400000000000041	3.13118
20.500000000000043	3.13118
20.600000000000044	3.13118
20.700000000000045	4.25723
20.800000000000047	4.25723
20.900000000000048	1
21.00000000000005	2.9
21.100000000000051	3.55301
21.200000000000053	1.77651
21.300000000000054	2.77651
21.400000000000055	3.74488
21.500000000000057	3.74488
21.600000000000058	1.87244
21.70000000000006	2.87244
21.800000000000061	4.32176
21.900000000000063	5.74175
22.000000000000064	6.08495
22.100000000000065	7.82824
22.200000000000067	3.91412
22.300000000000068	3.91412
22.40000000000007	1
22.500000000000071	2.5
22.600000000000072	4.33944
22.700000000000074	5.39003
22.800000000000075	3.21053
22.900000000000077	3.80593
23.000000000000078	5.37014
23.10000000000008	7.15043
23.200000000000081	4.03892
23.300000000000082	5.34794
23.400000000000084	6.38597
23.500000000000085	3.19298
23.600000000000087	3.19298
23.700000000000088	4.05514
23.80000000000009	5.54659
23.900000000000091	7.28289
24.000000000000092	9.12512
24.100000000000094	4.83025
24.200000000000095	4.83025
24.300000000000097	5.42679
24.400000000000098	2.71339
24.500000000000099	3.97024
24.600000000000101	5.4858
24.700000000000102	6.95228
24.800000000000104	3.47614
24.900000000000105	4.94438
25.000000000000107	6.05416
25.100000000000108	2.02708
25.200000000000109	3.65528
25.300000000000111	5.26654
25.400000000000112	2.99446
25.500000000000114	4.16054
25.600000000000115	2.52531
25.700000000000117	2.52531
25.800000000000118	1
25.900000000000119	2.5
26.000000000000121	4.33944
26.100000000000122	6.09735
26.200000000000124	7.96541
26.300000000000125	9.67696
26.400000000000126	10.4749
26.500000000000128	5.79076
26.600000000000129	7.46931
26.700000000000131	3.99558
26.800000000000132	4.70453
26.900000000000134	6.35918
27.000000000000135	8.16651
27.100000000000136	4.43778
27.200000000000138	4.43778
27.300000000000139	1
27.400000000000141	2
27.500000000000142	2
27.600000000000144	2
27.700000000000145	2
27.800000000000146	2
27.900000000000148	2.9
28.000000000000149	4.33944
28.100000000000151	6.09735
28.200000000000152	7.96541
28.300000000000153	9.67696
28.400000000000155	11.4811
28.500000000000156	5.99707
28.600000000000158	7.22169
28.700000000000159	3.88025
28.800000000000161	4.13797
28.900000000000162	2.06898
29.000000000000163	3.28378
29.100000000000165	4.36798
29.200000000000166	5.4128
29.300000000000168	7.18227
29.400000000000169	9.0453
29.500000000000171	5.04797
29.600000000000172	5.04797
29.700000000000173	5.79854
29.800000000000175	6.30138
29.900000000000176	3.15069
30.000000000000178	4.27123
30.100000000000179	2.60386
30.20000000000018	4.15597
30.300000000000182	5.4357
30.400000000000183	2.71785
30.500000000000185	2.71785
30.600000000000186	4.22485
30.700000000000188	2.44955
30.800000000000189	2.44955
30.90000000000019	1
31.000000000000192	2
31.100000000000193	3.55301
31.200000000000195	4.78871
31.300000000000196	2.39435
31.400000000000198	3.16762
31.500000000000199	4.94931
31.6000000000002	6.54056
31.700000000000202	8.18569
31.800000000000203	4.09284
31.900000000000205	4.09284
32.000000000000206	5.57381
32.100000000000207	7.3035
32.200000000000209	4.04488
32.30000000000021	4.29211
32.400000000000212	2.61202
32.500000000000213	4.16083
32.600000000000215	5.24884
32.700000000000216	5.24884
32.800000000000217	2.62442
32.900000000000219	2.62442
33.00000000000022	3.33819
33.100000000000222	5.05689
33.200000000000223	6.77265
33.300000000000225	3.60317
33.400000000000226	3.60317
33.500000000000227	4.13839
33.600000000000229	2.0692
33.70000000000023	2.55248
33.800000000000232	2.55248
33.900000000000233	2
34.000000000000234	2.5
34.100000000000236	1.25
34.200000000000237	3.06558
34.300000000000239	4.67284
34.40000000000024	6.33603
34.500000000000242	3.32393
34.600000000000243	3.32393
34.700000000000244	5.04775
34.800000000000246	5.97082
34.900000000000247	7.20001
35.000000000000249	3.6
35.10000000000025	3.6
35.200000000000252	2
35.300000000000253	2.5
35.400000000000254	2.5
35.500000000000256	2.5
35.600000000000257	2.5
35.700000000000259	2
35.80000000000026	3.55301
35.900000000000261	5.19763
36.000000000000263	2.87745
36.100000000000264	3.53506
36.200000000000266	1.90897
36.300000000000267	2.90897
36.400000000000269	4.34522
36.50000000000027	4.79392
36.600000000000271	2.39696
36.700000000000273	2.39696
36.800000000000274	1
36.900000000000276	1
37.000000000000277	1
37.100000000000279	1
37.20000000000028	1
37.300000000000281	2.9
37.400000000000283	4.33944
37.500000000000284	5.39003
37.600000000000286	6.26135
37.700000000000287	3.13068
37.800000000000288	3.13068
37.90000000000029	3.13068
38.000000000000291	1
38.100000000000293	2.5
38.200000000000294	4.33944
38.300000000000296	4.78871
38.400000000000297	2.39435
38.500000000000298	3.48332
38.6000000000003	3.48332
38.700000000000301	1.74166
38.800000000000303	3.42832
38.900000000000304	4.23952
39.000000000000306	4.4754
39.100000000000307	2.2377
39.200000000000308	2.2377
39.30000000000031	3.95145
39.400000000000311	5.47244
39.500000000000313	6.17004
39.600000000000314	3.08502
39.700000000000315	3.08502
39.800000000000317	3.40917
39.900000000000318	3.40917
40.00000000000032	1.70458
40.100000000000321	3.3996
40.200000000000323	5.09655
40.300000000000324	6.49781
40.400000000000325	3.24891
40.500000000000327	4.57271
40.600000000000328	5.75713
40.70000000000033	2.87856
40.800000000000331	3.22596
40.900000000000333	4.32568
41.000000000000334	4.32568
41.100000000000335	2.16284
41.200000000000337	3.00612
41.300000000000338	4.6354
41.40000000000034	5.97882
41.500000000000341	2.98941
41.600000000000342	2.98941
41.700000000000344	2.98941
41.800000000000345	1
41.900000000000347	2.5
42.000000000000348	4.33944
42.10000000000035	5.92867
42.200000000000351	3.30168
42.300000000000352	3.88198
42.400000000000354	2.94099
42.500000000000355	4.36595
42.600000000000357	5.94785
42.700000000000358	2.97393
42.80000000000036	4.14624
42.900000000000361	2.41601
43.000000000000362	3.49742
43.100000000000364	5.16068
43.200000000000365	6.70057
43.300000000000367	3.35029
43.400000000000368	3.64877
43.500000000000369	1.82438
43.600000000000371	1.82438
43.700000000000372	3.49306
43.800000000000374	4.52426
43.900000000000375	4.52426
44.000000000000377	2.26213
44.100000000000378	3.07399
44.200000000000379	4.67818
44.300000000000381	5.8405
44.400000000000382	3.56918
44.500000000000384	4.10914
44.600000000000385	2.05457
44.700000000000387	2.54129
44.800000000000388	2.54129
44.900000000000389	1
45.000000000000391	2.9
45.100000000000392	4.33944
45.200000000000394	6.09735
45.300000000000395	3.21053
45.400000000000396	4.06868
45.500000000000398	5.55636
45.600000000000399	3.20223
45.700000000000401	3.20223
45.800000000000402	4.54054
45.900000000000404	2.77587
46.000000000000405	4.01148
46.100000000000406	2.13038
46.200000000000408	2.98443
46.300000000000409	4.39431
46.400000000000411	2.41912
46.500000000000412	3.49946
46.600000000000414	4.29635
46.700000000000415	6.06719
46.800000000000416	3.3508
46.900000000000418	3.92327
47.000000000000419	4.64387
47.100000000000421	2.32193
47.200000000000422	3.99606
47.300000000000423	5.50421
47.400000000000425	7.2509
47.500000000000426	7.91607
47.600000000000428	4.44818
47.700000000000429	6.17417
47.800000000000431	7.89742
47.900000000000432	3.94871
48.000000000000433	3.94871
48.100000000000435	4.66517
48.200000000000436	4.66517
48.300000000000438	2
48.400000000000439	3.55301
48.500000000000441	5.19763
48.600000000000442	5.39003
48.700000000000443	2.69501
48.800000000000445	3.39222
48.900000000000446	5.09176
49.000000000000448	6.94558
49.100000000000449	8.62902
49.20000000000045	4.42963
49.300000000000452	5.27254
49.400000000000453	3.01559
49.500000000000455	3.92024
49.600000000000456	4.85679
49.700000000000458	2.4284
49.800000000000459	4.05459
49.90000000000046	5.72651
50.000000000000462	6.55205
50.100000000000463	3.27603
50.200000000000465	3.27603
50.300000000000466	3.27603
50.400000000000468	2.9
50.500000000000469	4.56988
50.60000000000047	6.09735
50.700000000000472	3.04867
50.800000000000473	3.04867
50.900000000000475	2
51.000000000000476	3.83446
51.100000000000477	5.39003
51.200000000000479	7.16526
51.30000000000048	3.85404
51.400000000000482	4.35661
51.500000000000483	5.21186
51.600000000000485	6.58796
51.700000000000486	3.29398
51.800000000000487	4.13356
51.900000000000489	5.4188
52.00000000000049	5.4188
52.100000000000492	2.7094
52.200000000000493	2.7094
52.300000000000495	3.69715
52.400000000000496	3.69715
52.500000000000497	1.84858
52.600000000000499	2.84858
52.7000000000005	4.30655
52.800000000000502	5.17045
52.900000000000503	5.17045
53.000000000000504	2
53.100000000000506	3.55301
53.200000000000507	5.19763
53.300000000000509	6.72885
53.40000000000051	3.36442
53.500000000000512	4.1889
53.600000000000513	2.21381
53.700000000000514	3.36956
53.800000000000516	4.43145
53.900000000000517	6.16229
54.000000000000519	8.01495
54.10000000000052	9.82058
54.200000000000522	4.91029
54.300000000000523	4.91029
54.400000000000524	6.51136
54.500000000000526	7.3841
54.600000000000527	9.20582
54.700000000000529	5.02082
54.80000000000053	5.21999
54.900000000000531	5.21999
55.000000000000533	2
55.100000000000534	3.55301
55.200000000000536	5.19763
55.300000000000537	7.02286
55.400000000000539	8.80618
55.50000000000054	4.68001
55.600000000000541	4.68001
55.700000000000543	4.68001
55.800000000000544	1
55.900000000000546	2.5
56.000000000000547	4.09525
56.100000000000549	5.39003
56.20000000000055	3.06607
56.300000000000551	4.67315
56.400000000000553	4.88714
56.500000000000554	2.44357
56.600000000000556	2.44357
56.700000000000557	3.20334
56.800000000000558	3.20334
56.90000000000056	1.601