10	22.472
10.1	25.3597
10.199999999999999	29.2447
10.299999999999999	15.4379
10.399999999999999	15.4379
10.499999999999998	15.4379
10.599999999999998	7.28286
10.699999999999998	10.1674
10.799999999999997	13.7725
10.899999999999997	16.5489
10.999999999999996	19.5456
11.099999999999996	23.2423
11.199999999999996	12.967
11.299999999999995	16.625
11.399999999999995	19.4563
11.499999999999995	10.8934
11.599999999999994	10.8934
11.699999999999994	12.3609
11.799999999999994	15.1987
11.899999999999993	19.0585
11.999999999999993	21.9857
12.099999999999993	24.8091
12.199999999999992	28.6292
12.299999999999992	31.5235
12.399999999999991	35.4097
12.499999999999991	38.3396
12.599999999999991	41.2795
12.69999999999999	22.1476
12.79999999999999	22.2378
12.89999999999999	11.5169
12.999999999999989	13.2203
13.099999999999989	16.0927
13.199999999999989	19.9798
13.299999999999988	22.7887
13.399999999999988	25.6406
13.499999999999988	29.4887
13.599999999999987	14.98
13.699999999999987	16.2012
13.799999999999986	20.0672
13.899999999999986	22.9963
13.999999999999986	25.8253
14.099999999999985	29.6493
14.199999999999985	15.3062
14.299999999999985	19.0394
14.399999999999984	21.9235
14.499999999999984	24.754
14.599999999999984	28.5815
14.699999999999983	31.4802
14.799999999999983	34.3961
14.899999999999983	38.304
14.999999999999982	20.4405
15.099999999999982	20.4405
15.199999999999982	10.6988
15.299999999999981	12.3535
15.399999999999981	16.1517
15.49999999999998	19.0537
15.59999999999998	21.9815
15.69999999999998	25.7555
15.799999999999979	28.6261
15.899999999999979	31.5206
15.999999999999979	17.0266
16.09999999999998	19.0793
16.199999999999982	22.9827
16.299999999999983	25.8132
16.399999999999984	28.678
16.499999999999986	32.5354
16.599999999999987	35.4491
16.699999999999989	18.3894
16.79999999999999	20.5007
16.899999999999991	23.3754
16.999999999999993	26.2779
17.099999999999994	30.1772
17.199999999999996	16.2999
17.299999999999997	16.2999
17.399999999999999	16.2999
17.5	8.4888
17.600000000000001	12.1829
17.700000000000003	7.256
17.800000000000004	7.256
17.900000000000006	9.64032
18.000000000000007	12.3769
18.100000000000009	15.2116
18.20000000000001	19.0688
18.300000000000011	21.9946
18.400000000000013	25.7667
18.500000000000014	28.6361
18.600000000000016	15.1003
18.700000000000017	15.1003
18.800000000000018	17.209
18.90000000000002	20.1074
19.000000000000021	24.0101
19.100000000000023	26.8812
19.200000000000024	30.7039
19.300000000000026	33.5979
19.400000000000027	36.509
19.500000000000028	19.6023
19.60000000000003	22.4586
19.700000000000031	25.3478
19.800000000000033	29.2344
19.900000000000034	32.1675
20.000000000000036	35.1118
20.100000000000037	39.0505
20.200000000000038	42.0121
20.30000000000004	45.925
20.400000000000041	48.8382
20.500000000000043	51.7612
20.600000000000044	26.4539
20.700000000000045	26.4539
20.800000000000047	2
20.900000000000048	13.0769
21.00000000000005	15.9752
21.100000000000051	19.6829
21.200000000000053	22.5289
21.300000000000054	25.4101
21.400000000000055	29.2543
21.500000000000057	32.1855
21.600000000000058	36.1113
21.70000000000006	39.0654
21.800000000000061	41.5471
21.900000000000063	45.4561
22.000000000000064	23.9286
22.100000000000065	23.9286
22.200000000000067	12.3755
22.300000000000068	13.3126
22.40000000000007	17.1312
22.500000000000071	20.0408
22.600000000000072	22.8422
22.700000000000074	26.6443
22.800000000000075	14.4741
22.900000000000077	14.6804
23.000000000000078	18.4321
23.10000000000008	21.3047
23.200000000000081	24.2078
23.300000000000082	28.1099
23.400000000000084	31.0526
23.500000000000085	34.9912
23.600000000000087	37.8743
23.700000000000088	19.8904
23.80000000000009	23.5754
23.900000000000091	13.0207
24.000000000000092	15.8029
24.100000000000094	19.5434
24.200000000000095	22.4072
24.300000000000097	24.9437
24.400000000000098	28.7111
24.500000000000099	15.7375
24.600000000000101	19.4906
24.700000000000102	22.3611
24.800000000000104	25.2615
24.900000000000105	29.1597
25.000000000000107	32.0996
25.100000000000108	35.0495
25.200000000000109	38.9946
25.300000000000111	20.7403
25.400000000000112	11.3385
25.500000000000114	11.3385
25.600000000000115	14.0277
25.700000000000117	17.7486
25.800000000000118	20.5708
25.900000000000119	23.4369
26.000000000000121	13.8919
26.100000000000122	16.6483
26.200000000000124	19.4762
26.300000000000125	23.2702
26.400000000000126	12.5658
26.500000000000128	16.3144
26.600000000000129	8.97684
26.700000000000131	11.6122
26.800000000000132	15.3337
26.900000000000134	18.2015
27.000000000000135	21.1055
27.100000000000136	11.7212
27.200000000000138	11.7212
27.300000000000139	14.0559
27.400000000000141	17.7709
27.500000000000142	20.5901
27.600000000000144	24.4156
27.700000000000145	27.3173
27.800000000000146	30.238
27.900000000000148	34.1534
28.000000000000149	37.1018
28.100000000000151	19.8038
28.200000000000152	23.5874
28.300000000000153	13.1598
28.400000000000155	17.0129
28.500000000000156	19.8391
28.600000000000158	22.6655
28.700000000000159	13.1926
28.800000000000161	16.07
28.900000000000162	18.9845
29.000000000000163	22.7286
29.100000000000165	25.5873
29.200000000000166	28.4748
29.300000000000168	32.3565
29.400000000000169	35.285
29.500000000000171	17.7274
29.600000000000172	18.8234
29.700000000000173	21.6439
29.800000000000175	25.4681
29.900000000000176	14.115
30.000000000000178	17.0124
30.100000000000179	20.7755
30.20000000000018	23.6167
30.300000000000182	12.7065
30.400000000000183	15.4159
30.500000000000185	18.2707
30.600000000000186	22.1362
30.700000000000188	11.6196
30.800000000000189	14.1142
30.90000000000019	8.85208
31.000000000000192	10.0242
31.100000000000193	12.7564
31.200000000000195	16.4615
31.300000000000196	19.3169
31.400000000000198	23.1803
31.500000000000199	26.1045
31.6000000000002	29.0439
31.700000000000202	32.9496
31.800000000000203	35.8296
31.900000000000205	38.7277
32.000000000000206	20.7841
32.100000000000207	22.0008
32.200000000000209	11.8966
32.30000000000021	13.4779
32.400000000000212	7.83908
32.500000000000213	8.33747
32.600000000000215	11.1267
32.700000000000216	14.0012
32.800000000000217	17.7277
32.900000000000219	20.4062
33.00000000000022	23.2926
33.100000000000222	27.179
33.200000000000223	30.0466
33.300000000000225	15.8182
33.400000000000226	19.5558
33.500000000000227	22.418
33.600000000000229	26.2816
33.70000000000023	29.2032
33.800000000000232	15.9759
33.900000000000233	17.126
34.000000000000234	20.0364
34.100000000000236	22.9258
34.200000000000237	26.716
34.300000000000239	29.5947
34.40000000000024	33.466
34.500000000000242	36.3875
34.600000000000243	39.3209
34.700000000000244	43.2461
34.800000000000246	21.8989
34.900000000000247	21.8989
35.000000000000249	5
35.10000000000025	11.4952
35.200000000000252	14.2954
35.300000000000253	18.1272
35.400000000000254	20.8983
35.500000000000256	10.4492
35.600000000000257	10.4492
35.700000000000259	3
35.80000000000026	7.0246
35.900000000000261	9.67822
36.000000000000263	13.1138
36.100000000000264	16.1921
36.200000000000266	19.0879
36.300000000000267	22.5946
36.400000000000269	12.6948
36.50000000000027	14.6048
36.600000000000271	18.372
36.700000000000273	21.2526
36.800000000000274	25.0567
36.900000000000276	28.0705
37.000000000000277	31.017
37.100000000000279	16.4484
37.20000000000028	9.20141
37.300000000000281	10.9929
37.400000000000283	14.5989
37.500000000000284	17.4157
37.600000000000286	21.1068
37.700000000000287	24.1585
37.800000000000288	27.0878
37.90000000000029	30.7551
38.000000000000291	33.9113
38.100000000000293	36.7431
38.200000000000294	20.0757
38.300000000000296	22.071
38.400000000000297	25.0051
38.500000000000298	28.834
38.6000000000003	31.7095
38.700000000000301	17.5613
38.800000000000303	17.7316
38.900000000000304	20.5562
39.000000000000306	24.387
39.100000000000307	27.2918
39.200000000000308	30.2149
39.30000000000031	34.133
39.400000000000311	36.9749
39.500000000000313	9.64142
39.600000000000314	6.30926
39.700000000000315	8.25093
39.800000000000317	12.019
39.900000000000318	14.7873
40.00000000000032	8.62035
40.100000000000321	12.2746
40.200000000000323	15.1286
40.300000000000324	18.0292
40.400000000000325	21.8459
40.500000000000327	12.1383
40.600000000000328	14.1949
40.70000000000033	17.0786
40.800000000000331	19.9959
40.900000000000333	11.7935
41.000000000000334	14.536
41.100000000000335	17.363
41.200000000000337	21.2055
41.300000000000338	24.1206
41.40000000000034	27.054
41.500000000000341	30.9847
41.600000000000342	33.6769
41.700000000000344	17.1333
41.800000000000345	20.0427
41.900000000000347	22.9313
42.000000000000348	26.7207
42.10000000000035	29.599
42.200000000000351	32.4991
42.300000000000352	17.6513
42.400000000000354	17.7644
42.500000000000355	20.5845
42.600000000000357	24.3699
42.700000000000358	27.2764
42.80000000000036	31.1791
42.900000000000361	34.1208
43.000000000000362	37.0717
43.100000000000364	19.8518
43.200000000000365	19.8518
43.300000000000367	1
43.400000000000368	9.75093
43.500000000000369	12.463
43.600000000000371	16.2355
43.700000000000372	19.0197
43.800000000000374	21.8607
43.900000000000375	25.6525
44.000000000000377	28.3575
44.100000000000378	31.277
44.200000000000379	35.1904
44.300000000000381	38.1372
44.400000000000382	41.0916
44.500000000000384	45.0179
44.600000000000385	47.8819
44.700000000000387	51.7567
44.800000000000388	54.67
44.900000000000389	27.6623
45.000000000000391	29.9881
45.100000000000392	16.7012
45.200000000000394	19.5214
45.300000000000395	23.3509
45.400000000000396	26.2561
45.500000000000398	13.9234
45.600000000000399	16.0625
45.700000000000401	18.9782
45.800000000000402	22.7234
45.900000000000404	25.5826
46.000000000000405	14.0407
46.100000000000406	17.0098
46.200000000000408	19.8365
46.300000000000409	11.2461
46.400000000000411	15.0588
46.500000000000412	17.9149
46.600000000000414	21.6595
46.700000000000415	24.5205
46.800000000000416	27.4111
46.900000000000418	31.1046
47.000000000000419	16.7748
47.100000000000421	16.953
47.200000000000422	20.6785
47.300000000000423	23.5315
47.400000000000425	26.4168
47.500000000000426	30.2983
47.600000000000428	33.2277
47.700000000000429	17.249
47.800000000000431	17.249
47.900000000000432	9.53453
48.000000000000433	12.3762
48.100000000000435	15.211
48.200000000000436	18.0983
48.300000000000438	21.9942
48.400000000000439	24.8167
48.500000000000441	27.6763
48.600000000000442	31.4341
48.700000000000443	16.7941
48.800000000000445	20.1053
48.900000000000446	11.3396
49.000000000000448	13.2189
49.100000000000449	17.0586
49.20000000000045	19.9788
49.300000000000452	22.7878
49.400000000000453	26.5977
49.500000000000455	29.488
49.600000000000456	33.3716
49.700000000000458	36.3008
49.800000000000459	19.2601
49.90000000000046	20.7129
50.000000000000462	11.1481
50.100000000000463	14.0182
50.200000000000465	17.7411
50.300000000000466	20.5644
50.400000000000468	23.4313
50.500000000000469	27.298
50.60000000000047	30.0878
50.700000000000472	34.0206
50.800000000000473	17.4315
50.900000000000475	18.5989
51.000000000000476	22.4077
51.100000000000477	25.3027
51.200000000000479	13.0795
51.30000000000048	8.60346
51.400000000000482	11.3268
51.500000000000483	14.1605
51.600000000000485	18.0211
51.700000000000486	20.8064
51.800000000000487	24.5982
51.900000000000489	27.4806
52.00000000000049	30.3856
52.100000000000492	34.2842
52.200000000000493	17.5459
52.300000000000495	19.5439
52.400000000000496	23.3697
52.500000000000497	26.2728
52.600000000000499	14.0029
52.7000000000005	14.0029
52.800000000000502	16.1314
52.900000000000503	8.57926
53.000000000000504	11.3085
53.100000000000506	14.1459
53.200000000000507	18.0097
53.300000000000509	20.8445
53.40000000000051	23.6775
53.500000000000512	27.5095
53.600000000000513	30.4117
53.700000000000514	34.2197
53.800000000000516	18.2829
53.900000000000517	20.2575
54.000000000000519	24.1359
54.10000000000052	27.0676
54.200000000000522	30.0127
54.300000000000523	17.3729
54.400000000000524	20.2477
54.500000000000526	23.1539
54.600000000000527	27.0603
54.700000000000529	30.0061
54.80000000000053	33.8598
54.900000000000531	36.7501
55.000000000000533	19.3689
55.100000000000534	10.6917
55.200000000000536	10.6917
55.300000000000537	12.9811
55.400000000000539	16.636
55.50000000000054	19.4657
55.600000000000541	23.3044
55.700000000000543	26.2147
55.800000000000544	29.1431
55.900000000000546	14.6571
56.000000000000547	7.72794
56.1000