10	1
10.1	1
10.199999999999999	1
10.299999999999999	1
10.399999999999999	1
10.499999999999998	1
10.599999999999998	1
10.699999999999998	1
10.799999999999997	1
10.899999999999997	1
10.999999999999996	1
11.099999999999996	1
11.199999999999996	1
11.299999999999995	1
11.399999999999995	1
11.499999999999995	1
11.599999999999994	1
11.699999999999994	1
11.799999999999994	1
11.899999999999993	1
11.999999999999993	1
12.099999999999993	1
12.199999999999992	1
12.299999999999992	1
12.399999999999991	1
12.499999999999991	1
12.599999999999991	1
12.69999999999999	1
12.79999999999999	1
12.89999999999999	1
12.999999999999989	1
13.099999999999989	1
13.199999999999989	1
13.299999999999988	1
13.399999999999988	1
13.499999999999988	1
13.599999999999987	1
13.699999999999987	1
13.799999999999986	1
13.899999999999986	1
13.999999999999986	1
14.099999999999985	1
14.199999999999985	1
14.299999999999985	1
14.399999999999984	1
14.499999999999984	1
14.599999999999984	1
14.699999999999983	1
14.799999999999983	1
14.899999999999983	1
14.999999999999982	1
15.099999999999982	1
15.199999999999982	1
15.299999999999981	1
15.399999999999981	1
15.49999999999998	1
15.59999999999998	1
15.69999999999998	1
15.799999999999979	1
15.899999999999979	1
15.999999999999979	1
16.09999999999998	1
16.199999999999982	1
16.299999999999983	1
16.399999999999984	1
16.499999999999986	1
16.599999999999987	1
16.699999999999989	1
16.79999999999999	1
16.899999999999991	1
16.999999999999993	1
17.099999999999994	1
17.199999999999996	1
17.299999999999997	1
17.399999999999999	1
17.5	1
17.600000000000001	1
17.700000000000003	1
17.800000000000004	1
17.900000000000006	1
18.000000000000007	1
18.100000000000009	1
18.20000000000001	1
18.300000000000011	1
18.400000000000013	1
18.500000000000014	1
18.600000000000016	1
18.700000000000017	1
18.800000000000018	1
18.90000000000002	1
19.000000000000021	1
19.100000000000023	1
19.200000000000024	1
19.300000000000026	1
19.400000000000027	1
19.500000000000028	1
19.60000000000003	1
19.700000000000031	1
19.800000000000033	1
19.900000000000034	1
20.000000000000036	1
20.100000000000037	1
20.200000000000038	1
20.30000000000004	1
20.400000000000041	1
20.500000000000043	1
20.600000000000044	1
20.700000000000045	16
20.800000000000047	28
20.900000000000048	14.3355
21.00000000000005	14.3355
21.100000000000051	14.3355
21.200000000000053	8.07116
21.300000000000054	10.837
21.400000000000055	14.4821
21.500000000000057	18.2747
21.600000000000058	22.1395
21.70000000000006	26.0446
21.800000000000061	28.9901
21.900000000000063	32.8108
22.000000000000064	36.6696
22.100000000000065	40.5557
22.200000000000067	44.4618
22.300000000000068	47.4017
22.40000000000007	25.0648
22.500000000000071	28.9895
22.600000000000072	32.8103
22.700000000000074	35.7015
22.800000000000075	39.5816
22.900000000000077	43.4833
23.000000000000078	47.4013
23.10000000000008	51.3319
23.200000000000081	54.268
23.300000000000082	58.2159
23.400000000000084	62.1704
23.500000000000085	32.5886
23.600000000000087	16.2943
23.700000000000088	16.2943
23.80000000000009	6
23.900000000000091	10.6907
24.000000000000092	14.3732
24.100000000000094	18.1886
24.200000000000095	21.0944
24.300000000000097	25.0029
24.400000000000098	28.832
24.500000000000099	32.6713
24.600000000000101	35.5738
24.700000000000102	19.6443
24.800000000000104	19.8975
24.900000000000105	23.6661
25.000000000000107	27.4997
25.100000000000108	30.4029
25.200000000000109	34.2995
25.300000000000111	17.6528
25.400000000000112	17.6528
25.500000000000114	6
25.600000000000115	10.5011
25.700000000000117	14.233
25.800000000000118	17.9111
25.900000000000119	21.6564
26.000000000000121	25.4787
26.100000000000122	28.5881
26.200000000000124	32.4562
26.300000000000125	36.1872
26.400000000000126	40.12
26.500000000000128	43.2168
26.600000000000129	47.1569
26.700000000000131	50.9692
26.800000000000132	54.8628
26.900000000000134	58.7707
27.000000000000135	62.0004
27.100000000000136	65.9251
27.200000000000138	32
27.300000000000139	16.3862
27.400000000000141	16.3862
27.500000000000142	16.3862
27.600000000000144	8.72279
27.700000000000145	12.1829
27.800000000000146	16.0218
27.900000000000148	19.7714
28.000000000000149	22.8704
28.100000000000151	26.6685
28.200000000000152	30.3206
28.300000000000153	34.2266
28.400000000000155	37.3302
28.500000000000156	41.251
28.600000000000158	45.0525
28.700000000000159	49.0083
28.800000000000161	52.914
28.900000000000162	56.0531
29.000000000000163	60.0168
29.100000000000165	63.6716
29.200000000000166	67.5584
29.300000000000168	71.2474
29.400000000000169	32.5886
29.500000000000171	16.2943
29.600000000000172	16.2943
29.700000000000173	7
29.800000000000175	11.5919
29.900000000000176	14.3732
30.000000000000178	18.1886
30.100000000000179	22.0685
30.20000000000018	25.9843
30.300000000000182	28.832
30.400000000000183	32.6713
30.500000000000185	17.5177
30.600000000000186	20.4701
30.700000000000188	24.3146
30.800000000000189	27.227
30.90000000000019	31.1359
31.000000000000192	35.0652
31.100000000000193	39.0086
31.200000000000195	42.8925
31.300000000000196	45.8021
31.400000000000198	49.6982
31.500000000000199	53.6096
31.6000000000002	27.0555
31.700000000000202	13.9466
31.800000000000203	13.9466
31.900000000000205	15.1191
32.000000000000206	18.9952
32.100000000000207	22.7376
32.200000000000209	25.5952
32.30000000000021	29.4492
32.400000000000212	33.3374
32.500000000000213	37.249
32.600000000000215	41.1776
32.700000000000216	22.0102
32.800000000000217	25.8188
32.900000000000219	29.6437
33.00000000000022	15.3524
33.100000000000222	15.4824
33.200000000000223	18.3268
33.300000000000225	22.1825
33.400000000000226	26.0812
33.500000000000227	30.0061
33.600000000000229	33.8598
33.70000000000023	36.7501
33.800000000000232	40.5792
33.900000000000233	44.4608
34.000000000000234	48.3823
34.100000000000236	51.3313
34.200000000000237	55.2719
34.300000000000239	29.4917
34.40000000000024	15.131
34.500000000000242	15.131
34.600000000000243	16.2178
34.700000000000244	20.0806
34.800000000000246	23.9877
34.900000000000247	27.7769
35.000000000000249	31.6178
35.10000000000025	34.5221
35.200000000000252	38.4172
35.300000000000253	42.3317
35.400000000000254	46.2608
35.500000000000256	50.2011
35.600000000000257	53.1621
35.700000000000259	28.488
35.80000000000026	28.6282
35.900000000000261	14.6253
36.000000000000263	14.6253
36.100000000000264	15.6834
36.200000000000266	19.447
36.300000000000267	23.2887
36.400000000000269	27.1757
36.50000000000027	30.1102
36.600000000000271	34.0403
36.700000000000273	18.8736
36.800000000000274	20.8401
36.900000000000276	24.6268
37.000000000000277	27.5062
37.100000000000279	31.3803
37.20000000000028	35.2823
37.300000000000281	39.2039
37.400000000000283	43.1398
37.500000000000284	46.0989
37.600000000000286	50.0319
37.700000000000287	53.9932
37.800000000000288	57.8907
37.90000000000029	60.8226
38.000000000000291	64.7414
38.100000000000293	68.5821
38.200000000000294	16.2943
38.300000000000296	16.2943
38.400000000000297	16.2943
38.500000000000298	7
38.6000000000003	11.5919
38.700000000000301	15.3184
38.800000000000303	19.154
38.900000000000304	22.0685
39.000000000000306	25.9843
39.100000000000307	29.7879
39.200000000000308	33.6369
39.30000000000031	37.5173
39.400000000000311	40.4429
39.500000000000313	44.359
39.600000000000314	48.2887
39.700000000000315	25.5923
39.800000000000317	26.3628
39.900000000000318	13.1814
40.00000000000032	13.3327
40.100000000000321	17.1468
40.200000000000323	21.0289
40.300000000000324	23.9237
40.400000000000325	27.7217
40.500000000000327	31.5693
40.600000000000328	35.4223
40.70000000000033	39.3299
40.800000000000331	42.2719
40.900000000000333	46.2061
41.000000000000334	24.9153
41.100000000000335	24.9153
41.200000000000337	25.8226
41.300000000000338	12.9113
41.40000000000034	14.4504
41.500000000000341	18.2496
41.600000000000342	10.2367
41.700000000000344	11.4413
41.800000000000345	15.2049
41.900000000000347	19.0634
42.000000000000348	22.9259
42.10000000000035	26.7161
42.200000000000351	29.5948
42.300000000000352	33.4661
42.400000000000354	17.3495
42.500000000000355	18.4137
42.600000000000357	22.2543
42.700000000000358	25.167
42.80000000000036	12.643
42.900000000000361	12.643
43.000000000000362	6.36104
43.100000000000364	9.21066
43.20000000