10	1
10.1	1
10.199999999999999	1
10.299999999999999	1
10.399999999999999	1
10.499999999999998	1
10.599999999999998	1
10.699999999999998	1
10.799999999999997	1
10.899999999999997	1
10.999999999999996	1
11.099999999999996	1
11.199999999999996	1
11.299999999999995	1
11.399999999999995	1
11.499999999999995	1
11.599999999999994	1
11.699999999999994	1
11.799999999999994	1
11.899999999999993	1
11.999999999999993	1
12.099999999999993	1
12.199999999999992	1
12.299999999999992	1
12.399999999999991	1
12.499999999999991	1
12.599999999999991	1
12.69999999999999	1
12.79999999999999	1
12.89999999999999	1
12.999999999999989	1
13.099999999999989	1
13.199999999999989	1
13.299999999999988	1
13.399999999999988	1
13.499999999999988	1
13.599999999999987	1
13.699999999999987	1
13.799999999999986	1
13.899999999999986	1
13.999999999999986	1
14.099999999999985	1
14.199999999999985	1
14.299999999999985	1
14.399999999999984	1
14.499999999999984	1
14.599999999999984	1
14.699999999999983	1
14.799999999999983	1
14.899999999999983	1
14.999999999999982	1
15.099999999999982	1
15.199999999999982	1
15.299999999999981	1
15.399999999999981	1
15.49999999999998	1
15.59999999999998	1
15.69999999999998	1
15.799999999999979	1
15.899999999999979	1
15.999999999999979	1
16.09999999999998	1
16.199999999999982	1
16.299999999999983	1
16.399999999999984	1
16.499999999999986	1
16.599999999999987	1
16.699999999999989	1
16.79999999999999	1
16.899999999999991	1
16.999999999999993	1
17.099999999999994	1
17.199999999999996	1
17.299999999999997	1
17.399999999999999	1
17.5	1
17.600000000000001	1
17.700000000000003	1
17.800000000000004	1
17.900000000000006	1
18.000000000000007	1
18.100000000000009	1
18.20000000000001	1
18.300000000000011	1
18.400000000000013	1
18.500000000000014	1
18.600000000000016	1
18.700000000000017	1
18.800000000000018	1
18.90000000000002	1
19.000000000000021	1
19.100000000000023	1
19.200000000000024	1
19.300000000000026	1
19.400000000000027	1
19.500000000000028	1
19.60000000000003	1
19.700000000000031	1
19.800000000000033	1
19.900000000000034	1
20.000000000000036	1
20.100000000000037	1
20.200000000000038	1
20.30000000000004	1
20.400000000000041	1
20.500000000000043	1
20.600000000000044	1
20.700000000000045	1
20.800000000000047	1
20.900000000000048	1
21.00000000000005	1
21.100000000000051	1
21.200000000000053	1
21.300000000000054	1
21.400000000000055	1
21.500000000000057	1
21.600000000000058	1
21.70000000000006	1
21.800000000000061	1
21.900000000000063	1
22.000000000000064	1
22.100000000000065	1
22.200000000000067	1
22.300000000000068	1
22.40000000000007	1
22.500000000000071	1
22.600000000000072	1
22.700000000000074	1
22.800000000000075	1
22.900000000000077	1
23.000000000000078	1
23.10000000000008	1
23.200000000000081	1
23.300000000000082	1
23.400000000000084	1
23.500000000000085	1
23.600000000000087	1
23.700000000000088	1
23.80000000000009	1
23.900000000000091	1
24.000000000000092	1
24.100000000000094	1
24.200000000000095	1
24.300000000000097	1
24.400000000000098	1
24.500000000000099	1
24.600000000000101	1
24.700000000000102	1
24.800000000000104	1
24.900000000000105	1
25.000000000000107	1
25.100000000000108	1
25.200000000000109	1
25.300000000000111	1
25.400000000000112	1
25.500000000000114	1
25.600000000000115	1
25.700000000000117	1
25.800000000000118	1
25.900000000000119	1
26.000000000000121	1
26.100000000000122	1
26.200000000000124	1
26.300000000000125	1
26.400000000000126	1
26.500000000000128	1
26.600000000000129	1
26.700000000000131	1
26.800000000000132	1
26.900000000000134	1
27.000000000000135	1
27.100000000000136	1
27.200000000000138	1
27.300000000000139	1
27.400000000000141	1
27.500000000000142	1
27.600000000000144	1
27.700000000000145	1
27.800000000000146	1
27.900000000000148	1
28.000000000000149	1
28.100000000000151	1
28.200000000000152	1
28.300000000000153	1
28.400000000000155	1
28.500000000000156	1
28.600000000000158	1
28.700000000000159	1
28.800000000000161	1
28.900000000000162	1
29.000000000000163	1
29.100000000000165	1
29.200000000000166	1
29.300000000000168	1
29.400000000000169	1
29.500000000000171	1
29.600000000000172	1
29.700000000000173	2
29.800000000000175	8.80618
29.900000000000176	15.2348
30.000000000000178	13.1908
30.100000000000179	4.69124
30.20000000000018	11.6157
30.300000000000182	8.79403
30.400000000000183	8.79403
30.500000000000185	1
30.600000000000186	9.21125
30.700000000000188	16.7166
30.800000000000189	5.68064
30.90000000000019	12.5326
31.000000000000192	9.86816
31.100000000000193	15.6154
31.200000000000195	22.2755
31.300000000000196	30.0416
31.400000000000198	18.5537
31.500000000000199	14.3689
31.6000000000002	21.9292
31.700000000000202	13.9744
31.800000000000203	19.991
31.900000000000205	13.095
32.000000000000206	19.8468
32.100000000000207	5.99214
32.200000000000209	5.99214
32.30000000000021	2.5
32.400000000000212	2.2035
32.500000000000213	8.13722
32.600000000000215	14.5877
32.700000000000216	4.98752
32.800000000000217	5.33017
32.900000000000219	11.9677
33.00000000000022	18.4299
33.100000000000222	14.3268
33.200000000000223	12.4006
33.300000000000225	9.90257
33.400000000000226	15.5084
33.500000000000227	12.2066
33.600000000000229	9.98362
33.70000000000023	8.04032
33.800000000000232	15.3393
33.900000000000233	11.4911
34.000000000000234	11.9057
34.100000000000236	8.21905
34.200000000000237	8.35739
34.300000000000239	9.81465
34.40000000000024	5.48725
34.500000000000242	12.7656
34.600000000000243	20.2836
34.700000000000244	14.0177
34.800000000000246	20.564
34.900000000000247	13.6534
35.000000000000249	10.4982
35.10000000000025	10.1333
35.200000000000252	16.6488
35.300000000000253	9.866
35.400000000000254	3.89016
35.500000000000256	9.38232
35.600000000000257	7.3906
35.700000000000259	13.7567
35.80000000000026	12.1788
35.900000000000261	9.24676
36.000000000000263	16.7361
36.100000000000264	9.59472
36.200000000000266	9.59472
36.300000000000267	5.31903
36.400000000000269	12.0464
36.50000000000027	19.1201
36.600000000000271	13.7694
36.700000000000273	12.039
36.800000000000274	18.5842
36.900000000000276	11.8069
37.000000000000277	17.8274
37.100000000000279	14.0468
37.20000000000028	20.6324
37.300000000000281	15.4025
37.400000000000283	11.1536
37.500000000000284	17.229
37.600000000000286	11.5916
37.700000000000287	9.01121
37.800000000000288	7.34323
37.90000000000029	11.3296
38.000000000000291	8.11622
38.100000000000293	8.21926
38.200000000000294	15.6269
38.300000000000296	22.2386
38.400000000000297	11.6039
38.500000000000298	19.0564
38.6000000000003	6.81156
38.700000000000301	13.2312
38.800000000000303	4.85923
38.900000000000304	6.76115
39.000000000000306	13.1294
39.100000000000307	9.85926
39.200000000000308	8.11951
39.30000000000031	15.184
39.400000000000311	10.379
39.500000000000313	18.0077
39.600000000000314	10.9153
39.700000000000315	17.3669
39.800000000000317	12.9518
39.900000000000318	12.986
40.00000000000032	20.4228
40.100000000000321	14.4057
40.200000000000323	10.6586
40.300000000000324	9.10324
40.400000000000325	8.40649
40.500000000000327	7.1274
40.600000000000328	13.9813
40.70000000000033	10.2007
40.800000000000331	9.05066
40.900000000000333	16.4473
41.000000000000334	11.7991
41.100000000000335	7.09584
41.200000000000337	5.43233
41.300000000000338	12.6635
41.40000000000034	10.0394
41.500000000000341	7.61093
41.600000000000342	8.25553
41.700000000000344	15.7099
41.800000000000345	10.9674
41.900000000000347	16.0207
42.000000000000348	23.4744
42.10000000000035	31.2303
42.200000000000351	18.6247
42.300000000000352	13.2853
42.400000000000354	11.2236
42.500000000000355	18.8278
42.600000000000357	12.6593
42.700000000000358	20.217
42.80000000000036	28.0188
42.900000000000361	19.1315
43.000000000000362	14.5911
43.100000000000364	11.1392
43.200000000000365	10.1999
43.300000000000367	8.59305
43.400000000000368	16.077
43.500000000000369	23.5128
43.600000000000371	15.1634
43.700000000000372	21.454
43.800000000000374	14.0806
43.900000000000375	11.0172
44.000000000000377	8.48252
44.100000000000378	15.1173
44.200000000000379	22.5152
44.300000000000381	8.29964
44.400000000000382	14.8819
44.500000000000384	10.6751
44.600000000000385	18.1243
44.700000000000387	12.7557
44.800000000000388	17.5222
44.900000000000389	11.037
45.000000000000391	18.064
45.1000000000