10	1
10.1	1
10.199999999999999	1
10.299999999999999	1
10.399999999999999	1
10.499999999999998	1
10.599999999999998	1
10.699999999999998	1
10.799999999999997	1
10.899999999999997	1
10.999999999999996	1
11.099999999999996	1
11.199999999999996	1
11.299999999999995	1
11.399999999999995	1
11.499999999999995	1
11.599999999999994	1
11.699999999999994	1
11.799999999999994	1
11.899999999999993	1
11.999999999999993	1
12.099999999999993	1
12.199999999999992	1
12.299999999999992	1
12.399999999999991	1
12.499999999999991	1
12.599999999999991	1
12.69999999999999	1
12.79999999999999	1
12.89999999999999	1
12.999999999999989	1
13.099999999999989	1
13.199999999999989	1
13.299999999999988	1
13.399999999999988	1
13.499999999999988	1
13.599999999999987	1
13.699999999999987	1
13.799999999999986	1
13.899999999999986	8
13.999999999999986	25
14.099999999999985	25
14.199999999999985	7
14.299999999999985	16.9808
14.399999999999984	9.5978
14.499999999999984	5.249
14.599999999999984	10.1101
14.699999999999983	15.7053
14.799999999999983	21.3767
14.899999999999983	13.2245
14.999999999999982	8.26303
15.099999999999982	5.67001
15.199999999999982	10.7141
15.299999999999981	8.66941
15.399999999999981	14.0586
15.49999999999998	8.77422
15.59999999999998	6.7029
15.69999999999998	12.1461
15.799999999999979	8.49148
15.899999999999979	14.093
15.999999999999979	10.4338
16.09999999999998	7.77081
16.199999999999982	13.0732
16.299999999999983	19.6804
16.399999999999984	5.90542
16.499999999999986	3.84516
16.599999999999987	9.03626
16.699999999999989	8.04838
16.79999999999999	13.4645
16.899999999999991	8.17754
16.999999999999993	12.381
17.099999999999994	8.30475
17.199999999999996	13.9819
17.299999999999997	19.5404
17.399999999999999	5.47765
17.5	9.30268
17.600000000000001	15.0006
17.700000000000003	11.1163
17.800000000000004	7.97788
17.900000000000006	13.3478
18.000000000000007	9.55487
18.100000000000009	16.1189
18.20000000000001	9.67658
18.300000000000011	15.2346
18.400000000000013	7.61728
18.500000000000014	5.15577
18.600000000000016	10.1621
18.700000000000017	7.5149
18.800000000000018	6.29437
18.90000000000002	2.9357
19.000000000000021	7.58908
19.100000000000023	13.1204
19.200000000000024	7.03945
19.300000000000026	11.4912
19.400000000000027	16.8056
19.500000000000028	23.4256
19.60000000000003	6.63021
19.700000000000031	12.1064
19.800000000000033	7.6999
19.900000000000034	6.28054
20.000000000000036	5.37555
20.100000000000037	4.93738
20.200000000000038	4.63793
20.30000000000004	4.43095
20.400000000000041	9.82037
20.500000000000043	15.0622
20.600000000000044	9.76209
20.700000000000045	6.48954
20.800000000000047	11.8626
20.900000000000048	7.92167
21.00000000000005	5.64177
21.100000000000051	11.0684
21.200000000000053	16.6409
21.300000000000054	10.505
21.400000000000055	7.66052
21.500000000000057	4.49569
21.600000000000058	3.33969
21.70000000000006	9.39191
21.800000000000061	15.0559
21.900000000000063	20.7123
22.000000000000064	6.4801
22.100000000000065	6.4801
22.200000000000067	2
22.300000000000068	7.20419
22.40000000000007	6.30756
22.500000000000071	4.36213
22.600000000000072	5.11
22.700000000000074	4.65615
22.800000000000075	4.42523
22.900000000000077	8.8479
23.000000000000078	8.9603
23.10000000000008	6.8687
23.200000000000081	7.43363
23.300000000000082	7.30638
23.400000000000084	12.8823
23.500000000000085	8.49599
23.600000000000087	6.03354
23.700000000000088	5.32012
23.80000000000009	5.10436
23.900000000000091	4.70834
24.000000000000092	4.44906
24.100000000000094	9.30278
24.200000000000095	6.55005
24.300000000000097	5.5097
24.400000000000098	5.17482
24.500000000000099	9.76837
24.600000000000101	2.54446
24.700000000000102	7.97837
24.800000000000104	4.52619
24.900000000000105	4.52619
25.000000000000107	2.5
25.100000000000108	7.96541
25.200000000000109	6.20799
25.300000000000111	4.76897
25.400000000000112	4.76897
25.500000000000114	2
25.600000000000115	2.28494
25.700000000000117	6.34732
25.800000000000118	5.72018
25.900000000000119	4.45899
26.000000000000121	3.82198
26.100000000000122	8.08521
26.200000000000124	7.30683
26.300000000000125	2.67268
26.400000000000126	6.93751
26.500000000000128	2.46966
26.600000000000129	7.43239
26.700000000000131	5.65659
26.800000000000132	4.13464
26.900000000000134	8.82412
27.000000000000135	6.6242
27.100000000000136	6.2952
27.200000000000138	5.24749
27.300000000000139	4.41767
27.400000000000141	8.61355
27.500000000000142	7.27243
27.600000000000144	5.14319
27.700000000000145	10.4484
27.800000000000146	5.8584
27.900000000000148	5.8584
28.000000000000149	2.9
28.100000000000151	7.44171
28.200000000000152	4.73343
28.300000000000153	8.89067
28.400000000000155	5.60666
28.500000000000156	5.19754
28.600000000000158	10.3785
28.700000000000159	3.7852
28.800000000000161	4.03419
28.900000000000162	9.44129
29.000000000000163	7.34794
29.100000000000165	12.9832
29.200000000000166	18.5181
29.300000000000168	10.4528
29.400000000000169	3.39387
29.500000000000171	7.23135
29.600000000000172	5.58413
29.700000000000173	5.76321
29.800000000000175	5.18786
29.900000000000176	3.61673
30.000000000000178	9.69971
30.100000000000179	3.4678
30.20000000000018	2.87808
30.300000000000182	7.9579
30.400000000000183	7.96211
30.500000000000185	13.3384
30.600000000000186	18.7685
30.700000000000188	6.22861
30.800000000000189	1.99252
30.90000000000019	5.24756
31.000000000000192	5.05658
31.100000000000193	4.72952
31.200000000000195	6.04752
31.300000000000196	4.96129
31.400000000000198	10.9276
31.500000000000199	9.82066
31.6000000000002	7.5138
31.700000000000202	12.6879
31.800000000000203	9.37716
31.900000000000205	6.79187
32.000000000000206	3.39594
32.100000000000207	3.39594
32.200000000000209	3.24483
32.30000000000021	2.50187
32.400000000000212	3.36475
32.500000000000213	7.21823
32.600000000000215	12.5961
32.700000000000216	5.18773
32.800000000000217	5.18773
32.900000000000219	1
33.00000000000022	2.39435
33.100000000000222	6.98899
33.200000000000223	5.47972
33.300000000000225	3.08824
33.400000000000226	3.08824
33.500000000000227	5.19763
33.600000000000229	4.66215
33.70000000000023	6.03557
33.800000000000232	5.54621
33.900000000000233	9.01395
34.000000000000234	14.4126
34.100000000000236	8.97137
34.200000000000237	13.6714
34.300000000000239	9.58618
34.40000000000024	8.63263
34.500000000000242	14.1782
34.600000000000243	7.29811
34.700000000000244	7.29811
34.800000000000246	5.62582
34.900000000000247	11.0604
35.000000000000249	5.92455
35.10000000000025	5.92455
35.200000000000252	4.09525
35.300000000000253	2.93032
35.400000000000254	2.93032
35.500000000000256	3.55301
35.600000000000257	8.80618
35.700000000000259	6.03875
35.80000000000026	10.7259
35.900000000000261	6.80597
36.000000000000263	4.51168
36.100000000000264	4.93702
36.200000000000266	5.30367
36.300000000000267	5.98103
36.400000000000269	6.02585
36.50000000000027	5.48627
36.600000000000271	4.92381
36.700000000000273	4.68053
36.800000000000274	6.11622
36.900000000000276	11.491
37.000000000000277	6.6368
37.100000000000279	6.6368
37.20000000000028	3
37.300000000000281	3
37.400000000000283	3
37.500000000000284	3
37.600000000000286	2
37.700000000000287	3.30168
37.800000000000288	8.47729
37.90000000000029	14.0132
38.000000000000291	7.00659
38.100000000000293	7.00659
38.200000000000294	3.63333
38.300000000000296	4.01492
38.400000000000297	2.66505
38.500000000000298	2.833
38.6000000000003	3.49986
38.700000000000301	3.49986
38.800000000000303	3.55301
38.900000000000304	3.55301
39.000000000000306	3.55301
39.100000000000307	8.80618
39.200000000000308	7.60723
39.30000000000031	5.2006
39.400000000000311	5.2006
39.500000000000313	1
39.600000000000314	7.02286
39.700000000000315	12.2425
39.800000000000317	6.70767
39.900000000000318	11.2924
40.00000000000032	10.7951
40.100000000000321	7.79807
40.200000000000323	7.05745
40.300000000000324	6.9716
40.400000000000325	5.08056
40.500000000000327	10.3213
40.600000000000328	7.54915
40.70000000000033	6.23487
40.800000000000331	4.05872
40.900000000000333	3.66305
41.000000000000334	9.8194
41.100000000000335	6.94205
41.200000000000337	4.31309
41.300000000000338	4.31309
41.40000000000034	2.5
41.500000000000341	3.43873
41.600000000000342	8.98914
41.700000000000344	6.63135
41.800000000000345	4.24927
41.900000000000347	4.66947
42.000000000000348	10.7072
42.10000000000035	7.53303
42.200000000000351	2.39373
42.300000000000352	3.63605
42.400000000000354	7.87458
42.500000000000355	3.51
42.600000000000357	8.31868
42.700000000000358	14.8925
42.80000000000036	10.1541
42.900000000000361	3.527
43.000000000000362	6.86448
43.100000000000364	7.10812
43.200000000000365	7.01236
43.300000000000367	12.3995
43.400000000000368	3.87772
43.500000000000369	9.04977
43.600000000000371	5.84073
43.700000000000372	5.47667
43.800000000000374	5.4472
43.900000000000375	5.4472
44.000000000000377	5.4472
44.100000000000378	4.99753
44.200000000000379	3.88198
44.300000000000381	6.11598
44.400000000000382	10.581
44.500000000000384	5.29051
44.600000000000385	5.29051
44.700000000000387	4.99753
44.800000000000388	10.1831
44.900000000000389	5.78409
45.000000000000391	5.78409
45.100000000000392	4.56988
45.200000000000394	10.5704
45.300000000000395	16.0671
45.400000000000396	12.1625
45.500000000000398	6.36342
45.600000000000399	6.36342
45.700000000000401	3.33333
45.800000000000402	10.0116
45.900000000000404	5.70885
46.000000000000405	10.1574
46.100000000000406	7.60884
46.200000000000408	6.05079
46.300000000000409	4.21148
46.400000000000411	5.09226
46.500000000000412	5.09226
46.600000000000414	4.33944
46.700000000000415	10.5704
46.800000000000416	5.95509
46.900000000000418	4.50024
47.000000000000419	4.02625
47.100000000000421	3.58582
47.200000000000422	3.13975
47.300000000000423	7.39845
47.400000000000425	5.50311
47.500000000000426	5.15829
47.600000000000428	5.71953
47.700000000000429	5.71953
47.800000000000431	4.33944
47.900000000000432	9.36003
48.000000000000433	15.5602
48.100000000000435	8.03356
48.200000000000436	6.10243
48.300000000000438	6.2663
48.400000000000439	6.2663
48.500000000000441	5.97588
48.600000000000442	5.62251
48.700000000000443	4.31384
48.800000000000445	9.24023
48.900000000000446	6.07571
49.000000000000448	11.2041
49.100000000000449	3.27879
49.20000000000045	7.5901
49.300000000000452	6.47097
49.400000000000453	11.8525
49.500000000000455	8.56824
49.600000000000456	7.76896
49.700000000000458	5.99422
49.800000000000459	10.7946
49.90000000000046	6.26759
50.000000000000462	4.28951
50.100000000000463	8.7822
50.200000000000465	4.3911
50.300000000000466	7.05436
50.400000000000468	4.87273
50.500000000000469	4.75807
50.60000000000047	2.51021
50.700000000000472	2.77993
50.800000000000473	4.09832
50.900000000000475	9.25327
51.000000000000476	3.31814
51.100000000000477	2.94883
51.200000000000479	3.44856
51.30000000000048	7.79265
51.400000000000482	2.8905
51.500000000000483	2.3916
51.600000000000485	2.3916
51.700000000000486	2.9
51.800000000000487	7.96541
51.900000000000489	5.14064
52.00000000000049	5.14064
52.100000000000492	1
52.200000000000493	1
52.300000000000495	1
52.400000000000496	1
52.500000000000497	2
52.600000000000499	7.44171
52.7000000000005	3.72086
52.800000000000502	7.10672
52.900000000000503	4.76448
53.000000000000504	8.3226
53.100000000000506	4.8326
53.200000000000507	4.8326
53.300000000000509	3.55301
53.40000000000051	3.91891
53.500000000000512	9.39393
53.600000000000513	5.88371
53.700000000000514	2.81978
53.800000000000516	6.99194
53.900000000000517	4.98106
54.000000000000519	4.3409
54.10000000000052	3.67325
54.200000000000522	9.29718
54.300000000000523	8.31375
54.400000000000524	6.61462
54.500000000000526	5.96189
54.600000000000527	6.31606
54.700000000000529	11.6838
54.80000000000053	5.84192
54.900000000000531	5.84192
55.000000000000533	1
55.100000000000534	1
55.200000000000536	1
55.300000000000537	1
55.400000000000539	4.33944
55.50000000000054	9.67696
55.600000000000541	6.04454
55.700000000000543	5.31757
55.800000000000544	9.21042
55.900000000000546	8.34637
56.000000000000547	6.16551
56.100000000000549	10.6095
56.20000000000055	3.48997
56.300000000000551	2.0703
56.400000000000553	2.29872
56.500000000000554	2.68274
56.600000000000556	8.50792
56.700000000000557	4.5401
56.800000000000558	4.5401
56.90000000000056	5.19763
57.000000000000561	10.8517
57.100000000000563	9.07537
57.200000000000564	8.49755
57.300000000000566	6.53147
57.400000000000567	4.4111