10	17.6097
10.1	9.08476
10.199999999999999	10.0316
10.299999999999999	6.34663
10.399999999999999	11.8706
10.499999999999998	17.4154
10.599999999999998	23.1858
10.699999999999998	29.0484
10.799999999999997	34.871
10.899999999999997	40.6712
10.999999999999996	23.1223
11.099999999999996	28.9977
11.199999999999996	16.3326
11.299999999999995	22.1146
11.399999999999995	27.9873
11.499999999999995	33.7265
11.599999999999994	39.5429
11.699999999999994	21.5854
11.799999999999994	21.5854
11.899999999999993	10.9994
11.999999999999993	10.9994
12.099999999999993	10.9994
12.199999999999992	10.5715
12.299999999999992	16.1921
12.399999999999991	21.1767
12.499999999999991	27.0314
12.599999999999991	32.5405
12.69999999999999	38.3803
12.79999999999999	44.2627
12.89999999999999	50.1729
12.999999999999989	26.9601
13.099999999999989	27.3288
13.199999999999989	13.6644
13.299999999999988	13.6644
13.399999999999988	8.3868
13.499999999999988	14.0305
13.599999999999987	19.6263
13.699999999999987	12.1596
13.799999999999986	16.9762
13.899999999999986	11.1632
13.999999999999986	14.2429
14.099999999999985	20.03
14.199999999999985	25.7576
14.299999999999985	31.5223
14.399999999999984	37.3608
14.499999999999984	42.2605
14.599999999999984	48.1464
14.699999999999983	13.5821
14.799999999999983	19.2567
14.899999999999983	11.0797
14.999999999999982	16.6484
15.099999999999982	22.3487
15.199999999999982	27.1967
15.299999999999981	33.0735
15.399999999999981	38.9618
15.49999999999998	19.6725
15.59999999999998	10.0875
15.69999999999998	10.0875
15.799999999999979	13.7866
15.899999999999979	18.4489
15.999999999999979	23.7195
16.09999999999998	11.8598
16.199999999999982	12.2755
16.299999999999983	10.1309
16.399999999999984	15.7186
16.499999999999986	21.3865
16.599999999999987	26.1454
16.699999999999989	17.6408
16.79999999999999	23.3555
16.899999999999991	29.1839
16.999999999999993	35.0697
17.099999999999994	19.5581
17.199999999999996	13.0347
17.299999999999997	17.6694
17.399999999999999	23.3771
17.5	29.2012
17.600000000000001	16.4075
17.700000000000003	8.50357
17.800000000000004	8.50357
17.900000000000006	14.1003
18.000000000000007	18.8974
18.100000000000009	24.5637
18.20000000000001	30.3576
18.300000000000011	17.5079
18.400000000000013	11.4791
18.500000000000014	17.1514
18.600000000000016	22.9884
18.700000000000017	27.7246
18.800000000000018	33.5088
18.90000000000002	39.3574
19.000000000000021	45.2454
19.100000000000023	25.4134
19.200000000000024	16.3006
19.300000000000026	11.0263
19.400000000000027	15.6182
19.500000000000028	21.3129
19.60000000000003	27.1382
19.700000000000031	33.0254
19.800000000000033	38.8438
19.900000000000034	22.0849
20.000000000000036	11.2668
20.100000000000037	11.2668
20.200000000000038	5.75704
20.30000000000004	11.1269
20.400000000000041	16.7994
20.500000000000043	22.4613
20.600000000000044	28.262
20.700000000000045	34.1311
20.800000000000047	39.1289
20.900000000000048	45.0467
21.00000000000005	50.7871
21.100000000000051	13.6003
21.200000000000053	13.6003
21.300000000000054	7.15924
21.400000000000055	11.3896
21.500000000000057	16.1267
21.600000000000058	21.9175
21.70000000000006	27.6154
21.800000000000061	33.3886
21.900000000000063	19.4126
22.000000000000064	24.7607
22.100000000000065	12.3804
22.200000000000067	13.1657
22.300000000000068	8.09584
22.40000000000007	13.5669
22.500000000000071	19.2461
22.600000000000072	25.0734
22.700000000000074	30.9012
22.800000000000075	36.675
22.900000000000077	20.0196
23.000000000000078	10.4263
23.10000000000008	15.0024
23.200000000000081	20.625
23.300000000000082	12.1408
23.400000000000084	17.8265
23.500000000000085	23.496
23.600000000000087	13.1739
23.700000000000088	18.9186
23.80000000000009	24.58
23.900000000000091	30.3709
24.000000000000092	19.3214
24.100000000000094	25.1312
24.200000000000095	31.0127
24.300000000000097	35.832
24.400000000000098	41.6423
24.500000000000099	23.1851
24.600000000000101	11.7852
24.700000000000102	11.7852
24.800000000000104	4
24.900000000000105	10.2825
25.000000000000107	15.037
25.100000000000108	20.6986
25.200000000000109	13.4825
25.300000000000111	10.3099
25.400000000000112	16.023
25.500000000000114	21.6573
25.600000000000115	27.4094
25.700000000000117	15.9799
25.800000000000118	19.9895
25.900000000000119	13.4584
26.000000000000121	19.1698
26.100000000000122	12.3283
26.200000000000124	18.0657
26.300000000000125	23.8043
26.400000000000126	28.5802
26.500000000000128	15.9604
26.600000000000129	20.2231
26.700000000000131	26.062
26.800000000000132	31.8971
26.900000000000134	37.6775
27.000000000000135	43.5171
27.100000000000136	22.6815
27.200000000000138	11.5159
27.300000000000139	11.5159
27.400000000000141	8.21603
27.500000000000142	13.7849
27.600000000000144	19.4001
27.700000000000145	25.1918
27.800000000000146	30.2127
27.900000000000148	16.8606
28.000000000000149	22.5071
28.100000000000151	28.2984
28.200000000000152	14.3249
28.300000000000153	7.53747
28.400000000000155	9.95457
28.500000000000156	14.8828
28.600000000000158	20.4894
28.700000000000159	13.8819
28.800000000000161	19.4691
28.900000000000162	12.5429
29.000000000000163	17.3103
29.100000000000165	22.1335
29.200000000000166	28.0023
29.300000000000168	33.7686
29.400000000000169	39.5787
29.500000000000171	45.438
29.600000000000172	25.5281
29.700000000000173	12.9586
29.800000000000175	12.9586
29.900000000000176	1
30.000000000000178	9.51131
30.100000000000179	15.1305
30.20000000000018	10.1709
30.300000000000182	15.8079
30.400000000000183	21.4522
30.500000000000185	26.2754
30.600000000000186	15.5448
30.700000000000188	10.4396
30.800000000000189	12.6164
30.90000000000019	18.2632
31.000000000000192	24.0795
31.100000000000193	13.2865
31.200000000000195	18.0787
31.300000000000196	23.8142
31.400000000000198	14.6742
31.500000000000199	17.6498
31.6000000000002	23.3623
31.700000000000202	29.1894
31.800000000000203	16.794
31.900000000000205	8.77616
32.000000000000206	8.77616
32.100000000000207	14.2657
32.200000000000209	8.91252
32.30000000000021	13.4106
32.400000000000212	19.1363
32.500000000000213	24.9893
32.600000000000215	29.7429
32.700000000000216	16.3916
32.800000000000217	8.98463
32.900000000000219	14.3943
33.00000000000022	20.1379
33.100000000000222	25.9959
33.200000000000223	31.7173
33.300000000000225	17.3946
33.400000000000226	23.1702
33.500000000000227	29.0359
33.600000000000229	34.8607
33.70000000000023	19.5152
33.800000000000232	20.1215
33.900000000000233	10.0608
34.000000000000234	11.9747
34.100000000000236	17.4864
34.200000000000237	23.2391
34.300000000000239	12.9631
34.40000000000024	16.4402
34.500000000000242	22.1942
34.600000000000243	28.0502
34.700000000000244	16.3016
34.800000000000246	20.2474
34.900000000000247	26.0809
35.000000000000249	31.9439
35.10000000000025	37.7171
35.200000000000252	21.1701
35.300000000000253	10.842
35.400000000000254	10.842
35.500000000000256	13.5563
35.600000000000257	19.2386
35.700000000000259	25.0677
35.80000000000026	30.8966
35.900000000000261	18.6218
36.000000000000263	12.1378
36.100000000000264	16.9014
36.200000000000266	10.7229
36.300000000000267	16.2911
36.400000000000269	12.2569
36.50000000000027	18.0171
36.600000000000271	9.33612
36.700000000000273	14.8873
36.800000000000274	19.5424
36.900000000000276	12.9875
37.000000000000277	18.5211
37.100000000000279	11.0364
37.20000000000028	14.7
37.300000000000281	7.87652
37.400000000000283	13.136
37.500000000000284	17.9127
37.600000000000286	23.5614
37.700000000000287	14.2265
37.800000000000288	20.0184
37.90000000000029	25.7096
38.000000000000291	31.4831
38.100000000000293	37.3277
38.200000000000294	42.2313
38.300000000000296	21.8035
38.400000000000297	11.5279
38.500000000000298	17.1257
38.6000000000003	13.0286
38.700000000000301	18.6038
38.800000000000303	24.3387
38.900000000000304	12.5539
39.000000000000306	17.0266
39.100000000000307	22.6758
39.200000000000308	28.4327
39.30000000000031	16.2523
39.400000000000311	16.2523
39.500000000000313	8.4584
39.600000000000314	8.4584
39.700000000000315	14.0018
39.800000000000317	19.6058
39.900000000000318	25.3505
40.00000000000032	15.3365
40.100000000000321	16.1015
40.200000000000323	8.05074
40.300000000000324	12.5403
40.400000000000325	9.06156
40.500000000000327	14.5804
40.600000000000328	9.9863
40.70000000000033	7.32703
40.800000000000331	12.9715
40.900000000000333	18.5099
41.000000000000334	23.2991
41.100000000000335	29.1388
41.200000000000337	18.7483
41.300000000000338	24.4492
41.40000000000034	30.2651
41.500000000000341	36.1408
41.600000000000342	20.9926
41.700000000000344	25.7078
41.800000000000345	31.4817
41.900000000000347	37.3265
42.000000000000348	43.2136
42.10000000000035	49.1278
42.200000000000351	13.2328
42.300000000000352	13.6064
42.400000000000354	9.19542
42.500000000000355	14.7998
42.600000000000357	20.4293
42.700000000000358	14.2175
42.80000000000036	20.012
42.900000000000361	25.7047
43.000000000000362	31.4791
43.100000000000364	36.3466
43.200000000000365	19.9823
43.300000000000367	10.2386
43.400000000000368	10.2386
43.500000000000369	11.1766
43.600000000000371	8.11701
43.700000000000372	13.6531
43.800000000000374	18.3495
43.900000000000375	24.145
44.000000000000377	14.3456
44.100000000000378	19.9531
44.200000000000379	14.4881
44.300000000000381	20.2049
44.400000000000382	12.0459
44.500000000000384	16.5355
44.600000000000385	22.2648
44.700000000000387	13.8038
44.800000000000388	9.58616
44.900000000000389	6.89673
45.000000000000391	11.0471
45.100000000000392	16.6268
45.200000000000394	21.3706
45.300000000000395	27.1835
45.400000000000396	17.8322
45.500000000000398	11.3603
45.600000000000399	11.3603
45.700000000000401	7.13618
45.800000000000402	12.6293
45.900000000000404	17.1991
46.000000000000405	13.1293
46.100000000000406	18.8345
46.200000000000408	12.8645
46.300000000000409	9.50067
46.400000000000411	6.17507
46.500000000000412	9.51672
46.600000000000414	6.14052
46.700000000000415	7.99832
46.800000000000416	13.36
46.900000000000418	8.43686
47.000000000000419	13.1005
47.100000000000421	18.7612
47.200000000000422	11.5129
47.300000000000423	15.3895
47.400000000000425	21.1461
47.500000000000426	6.3333
47.600000000000428	11.3445
47.700000000000429	8.36583
47.800000000000431	8.03794
47.900000000000432	13.4583
48.000000000000433	18.2052
48.100000000000435	24.0355
48.200000000000436	14.7471
48.300000000000438	17.7105
48.400000000000439	23.4081
48.500000000000441	29.2261
48.600000000000442	14.918
48.700000000000443	7.78764
48.800000000000445	9.53157
48.900000000000446	15.1432
49.000000000000448	8.26746
49.100000000000449	12.5207
49.20000000000045	18.1973
49.300000000000452	11.3976
49.400000000000453	17.0971
49.500000000000455	22.8605
49.600000000000456	28.5802
49.700000000000458	16.5905
49.800000000000459	8.73636
49.90000000000046	14.1707
50.000000000000462	19.0027
50.100000000000463	24.6853
50.200000000000465	14.5045
50.300000000000466	19.3564
50.400000000000468	11.8202
50.500000000000469	15.0319
50.60000000000047	20.6949
50.700000000000472	25.4654
50.800000000000473	14.9887
50.900000000000475	19.9235
51.000000000000476	25.5968
51.100000000000477	31.3911
51.200000000000479	37.2502
51.30000000000048	19.4655
51.400000000000482	20.0233
51.500000000000483	10.0117
51.600000000000485	11.8492
51.700000000000486	17.4008
51.800000000000487	23.1749
51.900000000000489	14.4178
52.00000000000049	20.055
52.100000000000492	13.5962
52.200000000000493	19.2667
52.300000000000495	11.1291
52.400000000000496	16.8009
52.500000000000497	22.4178
52.600000000000499	15.6196
52.7000000000005	21.3139
52.800000000000502	26.1627
52.900000000000503	32.042
53.000000000000504	19.6681
53.100000000000506	25.3986
53.200000000000507	14.9771
53.300000000000509	7.9746
53.40000000000051	12.3301
53.500000000000512	17.0985
53.600000000000513	22.8616
53.700000000000514	11.7119
53.800000000000516	17.016
53.900000000000517	22.6678
54.000000000000519	28.4263
54.10000000000052	34.2672
54.200000000000522	39.1711
54.300000000000523	20.8952
54.400000000000524	10.6845
54.500000000000526	10.6845
54.600000000000527	13.4309
54.700000000000529	19.1505
54.80000000000053	25.0002
54.900000000000531	14.8104
55.000000000000533	20.437
55.100000000000534	26.2282
55.200000000000536	17.3274
55.300000000000537	11.0737
55.400000000000539	16.6444
55.50000000000054	22.3457
55.600000000000541	27.1942
55.700000000000543	15.3431
55.800000000000544	15.3431
55.900000000000546	3
56.000000000000