10	25.5239
10.1	28.4179
10.199999999999999	32.3064
10.299999999999999	35.2391
10.399999999999999	38.1821
10.499999999999998	41.1333
10.599999999999998	21.9773
10.699999999999998	24.9225
10.799999999999997	27.7712
10.899999999999997	30.6486
10.999999999999996	15.9482
11.099999999999996	15.9482
11.199999999999996	17.0414
11.299999999999995	19.4562
11.399999999999995	10.2298
11.499999999999995	10.6153
11.599999999999994	13.376
11.699999999999994	17.1805
11.799999999999994	20.0829
11.899999999999993	23.01
11.999999999999993	25.8762
12.099999999999993	28.7347
12.199999999999992	32.5854
12.299999999999992	35.495
12.399999999999991	18.6946
12.499999999999991	21.3921
12.599999999999991	24.2847
12.69999999999999	6.51896
12.79999999999999	6.51896
12.89999999999999	9.21116
12.999999999999989	12.0464
13.099999999999989	14.8771
13.199999999999989	18.589
13.299999999999988	21.4404
13.399999999999988	11.745
13.499999999999988	11.745
13.599999999999987	14.1468
13.699999999999987	18.0104
13.799999999999986	9.5188
13.899999999999986	10.033
13.999999999999986	12.7633
14.099999999999985	16.4669
14.199999999999985	19.3214
14.299999999999985	22.2139
14.399999999999984	12.0576
14.499999999999984	14.6827
14.599999999999984	18.4339
14.699999999999983	20.927
14.799999999999983	10.4635
14.899999999999983	13.256
14.999999999999982	16.122
15.099999999999982	20.0034
15.199999999999982	22.8532
15.299999999999981	11.8776
15.399999999999981	14.4663
15.49999999999998	7.8956
15.59999999999998	8.50976
15.69999999999998	11.256
15.799999999999979	13.8891
15.899999999999979	7.3308
15.999999999999979	8.82768
16.09999999999998	12.4206
16.199999999999982	7.35596
16.299999999999983	9.29223
16.399999999999984	12.1083
16.499999999999986	14.9942
16.599999999999987	18.6828
16.699999999999989	21.5218
16.79999999999999	24.399
16.899999999999991	13.4312
16.999999999999993	16.2662
17.099999999999994	20.1197
17.199999999999996	23.0421
17.299999999999997	25.9819
17.399999999999999	28.8299
17.5	31.7058
17.600000000000001	17.3741
17.700000000000003	20.2488
17.800000000000004	23.1549
17.900000000000006	12.4322
18.000000000000007	15.2566
18.100000000000009	19.1047
18.20000000000001	22.0257
18.300000000000011	24.925
18.400000000000013	27.7735
18.500000000000014	30.6507
18.600000000000016	34.5193
18.700000000000017	37.4388
18.800000000000018	40.3452
18.90000000000002	20.9152
19.000000000000021	21.0583
19.100000000000023	11.6806
19.200000000000024	6.41346
19.300000000000026	8.4505
19.400000000000027	11.2114
19.500000000000028	14.0685
19.60000000000003	8.36871
19.700000000000031	5.21558
19.800000000000033	7.977
19.900000000000034	4.84324
20.000000000000036	7.05972
20.100000000000037	10.5947
20.200000000000038	5.52927
20.30000000000004	6.38108
20.400000000000041	9.11471
20.500000000000043	11.973
20.600000000000044	15.6083
20.700000000000045	18.4332
20.800000000000047	21.2114
20.900000000000048	24.1258
21.00000000000005	28.0393
21.100000000000051	30.9888
21.200000000000053	15.8928
21.300000000000054	17.455
21.400000000000055	9.93486
21.500000000000057	12.7653
21.600000000000058	6.91317
21.70000000000006	9.49271
21.800000000000061	5.15253
21.900000000000063	6.54147
22.000000000000064	10.1604
22.100000000000065	13.0186
22.200000000000067	15.8012
22.300000000000068	18.5968
22.40000000000007	21.0229
22.500000000000071	11.3362
22.600000000000072	11.3362
22.700000000000074	13.1399
22.800000000000075	7.989
22.900000000000077	4.59078
23.000000000000078	8.10257
23.10000000000008	10.8603
23.200000000000081	13.5709
23.300000000000082	16.1971
23.400000000000084	9.00683
23.500000000000085	12.6278
23.600000000000087	15.4163
23.700000000000088	18.2711
23.80000000000009	21.1655
23.900000000000091	11.5766
24.000000000000092	15.1091
24.100000000000094	17.9571
24.200000000000095	9.75372
24.300000000000097	9.75372
24.400000000000098	6.04099
24.500000000000099	9.537
24.600000000000101	12.2967
24.700000000000102	15.1466
24.800000000000104	18.0442
24.900000000000105	20.9223
25.000000000000107	24.6558
25.100000000000108	13.2474
25.200000000000109	14.0554
25.300000000000111	16.9038
25.400000000000112	19.695
25.500000000000114	11.5548
25.600000000000115	13.4784
25.700000000000117	16.1818
25.800000000000118	8.60105
25.900000000000119	10.6863
26.000000000000121	14.3699
26.100000000000122	17.2243
26.200000000000124	20.1204
26.300000000000125	22.9557
26.400000000000126	12.5618
26.500000000000128	7.34771
26.600000000000129	8.49323
26.700000000000131	5.50445
26.800000000000132	8.16689
26.900000000000134	4.26444
27.000000000000135	6.97759
27.100000000000136	9.53949
27.200000000000138	5.86564
27.300000000000139	8.4125
27.400000000000141	11.1829
27.500000000000142	15.0117
27.600000000000144	8.74447
27.700000000000145	11.434
27.800000000000146	14.2463
27.900000000000148	17.1213
28.000000000000149	21.0082
28.100000000000151	23.8636
28.200000000000152	26.713
28.300000000000153	29.592
28.400000000000155	15.0808
28.500000000000156	7.67301
28.600000000000158	10.3526
28.700000000000159	12.8606
28.800000000000161	7.44212
28.900000000000162	7.44212
29.000000000000163	9.1429
29.100000000000165	11.9104
29.200000000000166	7.32627
29.300000000000168	10.0994
29.400000000000169	6.33055
29.500000000000171	9.07964
29.600000000000172	5.40198
29.700000000000173	7.58453
29.800000000000175	10.2875
29.900000000000176	14.0765
30.000000000000178	16.9804
30.100000000000179	8.78021
30.20000000000018	9.54864
30.300000000000182	12.3057
30.400000000000183	16.1153
30.500000000000185	18.9172
30.600000000000186	21.7256
30.700000000000188	11.292
30.800000000000189	13.9902
30.90000000000019	17.6623
31.000000000000192	20.4965
31.100000000000193	23.3289
31.200000000000195	26.2365
31.300000000000196	29.1627
31.400000000000198	15.7998
31.500000000000199	8.27166
31.6000000000002	9.30261
31.700000000000202	12.1163
31.800000000000203	15.0006
31.900000000000205	18.7414
32.000000000000206	21.5727
32.100000000000207	24.444
32.200000000000209	12.6647
32.30000000000021	15.4465
32.400000000000212	19.0999
32.500000000000213	21.8848
32.600000000000215	11.6941
32.700000000000216	11.6941
32.800000000000217	12.2801
32.900000000000219	7.66891
33.00000000000022	10.3496
33.100000000000222	13.1665
33.200000000000223	15.9231
33.300000000000225	8.57093
33.400000000000226	12.2401
33.500000000000227	15.1006
33.600000000000229	18.0057
33.70000000000023	20.8411
33.800000000000232	11.0726
33.900000000000233	14.1013
34.000000000000234	16.942
34.100000000000236	19.7277
34.200000000000237	22.568
34.300000000000239	11.5687
34.40000000000024	14.4935
34.500000000000242	17.3274
34.600000000000243	20.2088
34.700000000000244	10.1291
34.800000000000246	5.30947
34.900000000000247	8.98456
35.000000000000249	11.6181
35.10000000000025	14.3943
35.200000000000252	17.2446
35.300000000000253	9.40031
35.400000000000254	5.57983
35.500000000000256	6.73238
35.600000000000257	9.36255
35.700000000000259	12.1622
35.80000000000026	15.0377
35.900000000000261	18.8244
36.000000000000263	21.459
36.100000000000264	24.3437
36.200000000000266	27.253
36.300000000000267	14.8899
36.400000000000269	17.6601
36.50000000000027	19.7988
36.600000000000271	22.6302
36.700000000000273	25.4999
36.800000000000274	14.9899
36.900000000000276	17.7445
37.000000000000277	20.5673
37.100000000000279	11.4796
37.20000000000028	13.4141
37.300000000000281	9.04153
37.400000000000283	11.7479
37.500000000000284	6.67346
37.600000000000286	6.67346
37.700000000000287	8.29182
37.800000000000288	12.047
37.90000000000029	6.73129
38.000000000000291	6.73129
38.100000000000293	1
38.200000000000294	3.33333
38.300000000000296	6.77034
38.400000000000297	9.38974
38.500000000000298	12.1831
38.6000000000003	15.0546
38.700000000000301	17.9113
38.800000000000303	21.5639
38.900000000000304	11.4571
39.000000000000306	11.8023
39.100000000000307	14.5432
39.200000000000308	17.369
39.30000000000031	11.006
39.400000000000311	5.59349
39.500000000000313	7.97787
39.600000000000314	10.5797
39.700000000000315	13.3478
39.800000000000317	8.40814
39.900000000000318	11.1796
40.00000000000032	14.0432
40.100000000000321	16.8937
40.200000000000323	19.6863
40.300000000000324	11.9402
40.400000000000325	14.6552
40.500000000000327	17.1152
40.600000000000328	20.0271
40.70000000000033	22.5656
40.800000000000331	26.4076
40.900000000000333	14.5061
41.000000000000334	8.40497
41.100000000000335	8.75699
41.200000000000337	11.4435
41.300000000000338	15.2065
41.40000000000034	18.0946
41.500000000000341	9.96922
41.600000000000342	12.6342
41.700000000000344	15.4215
41.800000000000345	19.1844
41.900000000000347	10.7983
42.000000000000348	13.5214
42.10000000000035	16.3407
42.200000000000351	8.70463
42.300000000000352	5.61307
42.400000000000354	7.46966
42.500000000000355	10.2034
42.600000000000357	13.0521
42.700000000000358	15.892
42.80000000000036	8.58431
42.900000000000361	11.3123
43.000000000000362	14.1489
43.100000000000364	17.0405
43.200000000000365	19.7618
43.300000000000367	11.5616
43.400000000000368	12.6396
43.500000000000369	15.426
43.600000000000371	18.2792
43.700000000000372	21.1726
43.800000000000374	11.428
43.900000000000375	14.2415
44.000000000000377	17.1174
44.100000000000378	20.029
44.200000000000379	11.6974
44.300000000000381	11.952
44.400000000000382	14.6648
44.500000000000384	17.4709
44.600000000000385	20.3318
44.700000000000387	24.1983
44.800000000000388	12.9194
44.900000000000389	7.02004
45.000000000000391	9.67493
45.100000000000392	12.4038
45.200000000000394	16.1281
45.300000000000395	9.25492
45.400000000000396	12.0798
45.500000000000398	14.9712
45.600000000000399	17.7287
45.700000000000401	10.4008
45.800000000000402	13.0539
45.900000000000404	15.7669
46.000000000000405	18.4595
46.100000000000406	21.3283
46.200000000000408	25.0411
46.300000000000409	13.8508
46.400000000000411	7.77755
46.500000000000412	10.3333
46.600000000000414	13.0772
46.700000000000415	16.711
46.800000000000416	19.5298
46.900000000000418	22.3953
47.000000000000419	25.2918
47.100000000000421	13.6734
47.200000000000422	7.92324
47.300000000000423	7.92324
47.400000000000425	10.3463
47.500000000000426	12.8555
47.600000000000428	7.09513
47.700000000000429	5.11639
47.800000000000431	6.35593
47.900000000000432	9.09723
48.000000000000433	11.8755
48.100000000000435	14.6026
48.200000000000436	4.47164
48.300000000000438	6.35241
48.400000000000439	4.08701
48.500000000000441	6.57176
48.600000000000442	9.24839
48.700000000000443	13.0337
48.800000000000445	15.8136
48.900000000000446	18.6074
49.000000000000448	21.2689
49.100000000000449	24.1764
49.20000000000045	12.5353
49.300000000000452	15.2752
49.400000000000453	18.1523
49.500000000000455	9.26721
49.600000000000456	4.68756
49.700000000000458	7.2398
49.800000000000459	10.0371
49.90000000000046	12.7666
50.000000000000462	15.53
50.100000000000463	18.3671
50.200000000000465	11.4031
50.300000000000466	6.44504
50.400000000000468	7.32584
50.500000000000469	3.864
50.60000000000047	4.1228
50.700000000000472	4.12219
50.800000000000473	6.74496
50.900000000000475	9.37155
51.000000000000476	12.1692
51.100000000000477	6.2473
51.200000000000479	6.2473
51.30000000000048	9.02217
51.400000000000482	11.733
51.500000000000483	14.4871
51.600000000000485	17.2641
51.700000000000486	8.63207
51.800000000000487	8.63207
51.900000000000489	6.20063
52.00000000000049	8.99015
52.100000000000492	11.6224
52.200000000000493	14.8771
52.300000000000495	8.83186
52.400000000000496	5.62526
52.500000000000497	8.24806
52.600000000000499	11.0601
52.7000000000005	5.57525
52.800000000000502	8.09074
52.900000000000503	10.8515
53.000000000000504	13.4152
53.100000000000506	16.6789
53.200000000000507	19.451
53.300000000000509	22.5497
53.40000000000051	25.3891
53.500000000000512	13.8265
53.600000000000513	14.1136
53.700000000000514	7.70197
53.800000000000516	8.20881
53.900000000000517	10.9395
54.000000000000519	13.6343
54.10000000000052	17.2665
54.200000000000522	20.1565
54.300000000000523	23.0743
54.400000000000524	25.9333
54.500000000000526	13.9518
54.600000000000527	17.4033
54.700000000000529	9.68589
54.80000000000053	5.70262
54.900000000000531	8.30057
55.000000000000533	10.8243
55.100000000000534	14.1221
55.200000000000536	17.0182
55.300000000000537	19.8437
55.400000000000539	11.249
55.50000000000054	14.0985
55.600000000000541	17.9167
55.700000000000543	10.2159
55.800000000000544	13.0619
55.900000000000546	15.9
56.000000000000547	18.6808
5