10	1
10.1	1
10.199999999999999	1
10.299999999999999	1
10.399999999999999	1
10.499999999999998	1
10.599999999999998	1
10.699999999999998	1
10.799999999999997	1
10.899999999999997	1
10.999999999999996	1
11.099999999999996	1
11.199999999999996	1
11.299999999999995	1
11.399999999999995	1
11.499999999999995	1
11.599999999999994	1
11.699999999999994	1
11.799999999999994	1
11.899999999999993	1
11.999999999999993	1
12.099999999999993	1
12.199999999999992	1
12.299999999999992	1
12.399999999999991	1
12.499999999999991	1
12.599999999999991	1
12.69999999999999	1
12.79999999999999	1
12.89999999999999	1
12.999999999999989	1
13.099999999999989	1
13.199999999999989	1
13.299999999999988	1
13.399999999999988	1
13.499999999999988	1
13.599999999999987	1
13.699999999999987	1
13.799999999999986	1
13.899999999999986	1
13.999999999999986	1
14.099999999999985	1
14.199999999999985	1
14.299999999999985	1
14.399999999999984	1
14.499999999999984	1
14.599999999999984	1
14.699999999999983	1
14.799999999999983	1
14.899999999999983	1
14.999999999999982	1
15.099999999999982	1
15.199999999999982	1
15.299999999999981	1
15.399999999999981	1
15.49999999999998	1
15.59999999999998	1
15.69999999999998	1
15.799999999999979	1
15.899999999999979	1
15.999999999999979	1
16.09999999999998	1
16.199999999999982	1
16.299999999999983	1
16.399999999999984	1
16.499999999999986	1
16.599999999999987	1
16.699999999999989	1
16.79999999999999	1
16.899999999999991	1
16.999999999999993	1
17.099999999999994	1
17.199999999999996	1
17.299999999999997	1
17.399999999999999	1
17.5	1
17.600000000000001	1
17.700000000000003	1
17.800000000000004	1
17.900000000000006	1
18.000000000000007	1
18.100000000000009	1
18.20000000000001	1
18.300000000000011	1
18.400000000000013	1
18.500000000000014	1
18.600000000000016	1
18.700000000000017	1
18.800000000000018	1
18.90000000000002	1
19.000000000000021	1
19.100000000000023	1
19.200000000000024	1
19.300000000000026	1
19.400000000000027	1
19.500000000000028	1
19.60000000000003	1
19.700000000000031	1
19.800000000000033	1
19.900000000000034	1
20.000000000000036	1
20.100000000000037	1
20.200000000000038	1
20.30000000000004	1
20.400000000000041	1
20.500000000000043	1
20.600000000000044	1
20.700000000000045	1
20.800000000000047	1
20.900000000000048	1
21.00000000000005	1
21.100000000000051	1
21.200000000000053	1
21.300000000000054	1
21.400000000000055	1
21.500000000000057	1
21.600000000000058	1
21.70000000000006	1
21.800000000000061	1
21.900000000000063	1
22.000000000000064	1
22.100000000000065	1
22.200000000000067	1
22.300000000000068	1
22.40000000000007	1
22.500000000000071	1
22.600000000000072	1
22.700000000000074	1
22.800000000000075	1
22.900000000000077	1
23.000000000000078	4
23.10000000000008	9.0878
23.200000000000081	15.5282
23.300000000000082	5.26624
23.400000000000084	8.49809
23.500000000000085	7.54092
23.600000000000087	14.0532
23.700000000000088	8.57126
23.80000000000009	8.08147
23.900000000000091	6.05772
24.000000000000092	2.40269
24.100000000000094	2.40269
24.200000000000095	3.55301
24.300000000000097	9.67696
24.400000000000098	7.08202
24.500000000000099	7.43618
24.600000000000101	5.28324
24.700000000000102	5.28324
24.800000000000104	2.9
24.900000000000105	8.80618
25.000000000000107	3.02125
25.100000000000108	3.02125
25.200000000000109	2
25.300000000000111	7.96541
25.400000000000112	6.44071
25.500000000000114	12.1706
25.600000000000115	3.8929
25.700000000000117	10.0057
25.800000000000118	7.60111
25.900000000000119	7.0829
26.000000000000121	5.01292
26.100000000000122	5.10546
26.200000000000124	7.04037
26.300000000000125	13.3495
26.400000000000126	8.43274
26.500000000000128	8.43274
26.600000000000129	4
26.700000000000131	9.94607
26.800000000000132	9.01851
26.900000000000134	15.4231
27.000000000000135	12.7845
27.100000000000136	5.03608
27.200000000000138	4.80411
27.300000000000139	6.73095
27.400000000000141	7.20678
27.500000000000142	6.4522
27.600000000000144	5.38859
27.700000000000145	5.04157
27.800000000000146	9.16637
27.900000000000148	7.46351
28.000000000000149	14.012
28.100000000000151	8.66879
28.200000000000152	3.33439
28.300000000000153	3.33439
28.400000000000155	3.55301
28.500000000000156	9.67696
28.600000000000158	8.38892
28.700000000000159	7.51057
28.800000000000161	14.037
28.900000000000162	4.87113
29.000000000000163	3.94387
29.100000000000165	9.82245
29.200000000000166	7.82977
29.300000000000168	7.73668
29.400000000000169	4.17897
29.500000000000171	4.65302
29.600000000000172	10.9781
29.700000000000173	4.62717
29.800000000000175	4.06145
29.900000000000176	9.23741
30.000000000000178	8.80111
30.100000000000179	6.3655
30.20000000000018	5.46389
30.300000000000182	5.35652
30.400000000000183	11.4656
30.500000000000185	9.37081
30.600000000000186	7.47265
30.700000000000188	3.4024
30.800000000000189	9.51971
30.90000000000019	3.88897
31.000000000000192	3.88897
31.100000000000193	1
31.200000000000195	7.02286
31.300000000000196	7.03331
31.400000000000198	12.8871
31.500000000000199	11.7526
31.6000000000002	5.0831
31.700000000000202	11.3423
31.800000000000203	6.97955
31.900000000000205	4.57631
32.000000000000206	10.8543
32.100000000000207	3.41123
32.200000000000209	3.41123
32.30000000000021	2
32.400000000000212	2.5
32.500000000000213	2.5
32.600000000000215	2.5
32.700000000000216	2.5
32.800000000000217	6.09735
32.900000000000219	3.72086
33.00000000000022	3.72086
33.100000000000222	3.55301
33.200000000000223	3.58263
33.300000000000225	2.90765
33.400000000000226	8.80856
33.500000000000227	3.83871
33.600000000000229	4.28817
33.70000000000023	4.55943
33.800000000000232	8.08515
33.900000000000233	6.74322
34.000000000000234	3.92506
34.100000000000236	9.06958
34.200000000000237	15.3879
34.300000000000239	11.5968
34.40000000000024	4.22889
34.500000000000242	6.31892
34.600000000000243	7.08063
34.700000000000244	2.10247
34.800000000000246	2.10247
34.900000000000247	2
35.000000000000249	7.44171
35.10000000000025	7.30568
35.200000000000252	6.58101
35.300000000000253	6.27417
35.400000000000254	5.95843
35.500000000000256	10.9598
35.600000000000257	7.21792
35.700000000000259	7.22627
35.80000000000026	13.6697
35.900000000000261	9.84619
36.000000000000263	5.98212
36.100000000000264	4.90625
36.200000000000266	9.93908
36.300000000000267	8.28632
36.400000000000269	6.50223
36.50000000000027	5.58624
36.600000000000271	2.55935
36.700000000000273	7.98277
36.800000000000274	8.06784
36.900000000000276	5.90895
37.000000000000277	2.95448
37.100000000000279	2.95448
37.20000000000028	6.09735
37.300000000000281	5.38479
37.400000000000283	11.7381
37.500000000000284	8.03502
37.600000000000286	6.42326
37.700000000000287	4.57205
37.800000000000288	10.3795
37.90000000000029	8.64627
38.000000000000291	6.98642
38.100000000000293	7.23185
38.200000000000294	8.08092
38.300000000000296	3.11131
38.400000000000297	8.0407
38.500000000000298	7.42674
38.6000000000003	3.54955
38.700000000000301	9.03053
38.800000000000303	9.00097
38.900000000000304	15.1506
39.000000000000306	11.3011
39.100000000000307	8.37416
39.200000000000308	7.34359
39.30000000000031	5.67205
39.400000000000311	12.0387
39.500000000000313	7.43543
39.600000000000314	9.02669
39.700000000000315	6.85384
39.800000000000317	11.9807
39.900000000000318	9.5293
40.00000000000032	3.75392
40.100000000000321	3.042
40.200000000000323	3.042
40.300000000000324	2.9
40.400000000000325	5.94283
40.500000000000327	11.4006
40.600000000000328	7.31821
40.70000000000033	7.31821
40.800000000000331	2
40.900000000000333	8.00038
41.000000000000334	6.60648
41.100000000000335	11.842
41.200000000000337	7.32199
41.300000000000338	11.0465
41.40000000000034	8.49201
41.500000000000341	14.1643
41.600000000000342	4.12973
41.700000000000344	10.0976
41.800000000000345	7.47585
41.900000000000347	14.0186
42.000000000000348	7.59277
42.10000000000035	7.59277
42.200000000000351	4.16441
42.300000000000352	6.12135
42.400000000000354	4.41629
42.500000000000355	4.42887
42.600000000000357	2.21444
42.700000000000358	2.21444
42.80000000000036	4.78871
42.900000000000361	6.98899
43.000000000000362	6.11164
43.100000000000364	5.6117
43.200000000000365	9.05398
43.300000000000367	7.591
43.400000000000368	7.591
43.500000000000369	7.40618
43.600000000000371	6.51796
43.700000000000372	6.73542
43.800000000000