10	1
10.1	1
10.199999999999999	1
10.299999999999999	1
10.399999999999999	1
10.499999999999998	1
10.599999999999998	1
10.699999999999998	1
10.799999999999997	1
10.899999999999997	1
10.999999999999996	1
11.099999999999996	1
11.199999999999996	1
11.299999999999995	1
11.399999999999995	1
11.499999999999995	1
11.599999999999994	1
11.699999999999994	1
11.799999999999994	1
11.899999999999993	1
11.999999999999993	1
12.099999999999993	1
12.199999999999992	1
12.299999999999992	1
12.399999999999991	1
12.499999999999991	1
12.599999999999991	1
12.69999999999999	1
12.79999999999999	1
12.89999999999999	1
12.999999999999989	1
13.099999999999989	1
13.199999999999989	1
13.299999999999988	1
13.399999999999988	1
13.499999999999988	1
13.599999999999987	1
13.699999999999987	1
13.799999999999986	1
13.899999999999986	1
13.999999999999986	1
14.099999999999985	1
14.199999999999985	1
14.299999999999985	1
14.399999999999984	1
14.499999999999984	1
14.599999999999984	1
14.699999999999983	1
14.799999999999983	1
14.899999999999983	1
14.999999999999982	1
15.099999999999982	1
15.199999999999982	1
15.299999999999981	1
15.399999999999981	1
15.49999999999998	1
15.59999999999998	1
15.69999999999998	1
15.799999999999979	1
15.899999999999979	1
15.999999999999979	1
16.09999999999998	1
16.199999999999982	1
16.299999999999983	1
16.399999999999984	1
16.499999999999986	2
16.599999999999987	13.5
16.699999999999989	13.5
16.79999999999999	13.5741
16.899999999999991	13.5741
16.999999999999993	7.08293
17.099999999999994	6.26143
17.199999999999996	12.6457
17.299999999999997	19.2441
17.399999999999999	11.2971
17.5	15.49
17.600000000000001	9.93049
17.700000000000003	16.3436
17.800000000000004	12.8515
17.900000000000006	9.30227
18.000000000000007	10.0205
18.100000000000009	16.4593
18.20000000000001	9.76278
18.300000000000011	16.2426
18.400000000000013	10.7079
18.500000000000014	17.2376
18.600000000000016	12.2501
18.700000000000017	18.987
18.800000000000018	12.7192
18.90000000000002	19.2923
19.000000000000021	26.0863
19.100000000000023	15.3839
19.200000000000024	8.04223
19.300000000000026	11.5343
19.400000000000027	8.44723
19.500000000000028	6.22282
19.60000000000003	12.6268
19.700000000000031	9.3786
19.800000000000033	13.3534
19.900000000000034	20.0679
20.000000000000036	13.5252
20.100000000000037	9.58271
20.200000000000038	16.1354
20.30000000000004	11.5667
20.400000000000041	18.1726
20.500000000000043	24.9912
20.600000000000044	31.667
20.700000000000045	18.5695
20.800000000000047	24.3125
20.900000000000048	14.5024
21.00000000000005	14.5024
21.100000000000051	4
21.200000000000053	6.21052
21.300000000000054	12.5411
21.400000000000055	19.1756
21.500000000000057	13.2546
21.600000000000058	9.02873
21.70000000000006	8.14137
21.800000000000061	13.6676
21.900000000000063	7.95227
22.000000000000064	7.95227
22.100000000000065	4.63158
22.200000000000067	10.9692
22.300000000000068	7.88918
22.40000000000007	14.2419
22.500000000000071	9.12525
22.600000000000072	11.6411
22.700000000000074	18.2199
22.800000000000075	10.2479
22.900000000000077	5.36609
23.000000000000078	5.49972
23.10000000000008	11.8753
23.200000000000081	8.56432
23.300000000000082	6.96124
23.400000000000084	12.532
23.500000000000085	19.1697
23.600000000000087	10.6735
23.700000000000088	17.2164
23.80000000000009	24.0153
23.900000000000091	15.3086
24.000000000000092	9.60054
24.100000000000094	16.146
24.200000000000095	12.1019
24.300000000000097	18.6787
24.400000000000098	24.3959
24.500000000000099	17.1493
24.600000000000101	12.2365
24.700000000000102	18.9782
24.800000000000104	13.1243
24.900000000000105	19.7651
25.000000000000107	26.4376
25.100000000000108	16.1799
25.200000000000109	21.5424
25.300000000000111	13.2314
25.400000000000112	18.4771
25.500000000000114	12.0592
25.600000000000115	10.4076
25.700000000000117	7.04666
25.800000000000118	9.69416
25.900000000000119	7.58991
26.000000000000121	12.9671
26.100000000000122	19.4564
26.200000000000124	11.4533
26.300000000000125	16.4786
26.400000000000126	12.4786
26.500000000000128	19.1349
26.600000000000129	13.5593
26.700000000000131	20.2053
26.800000000000132	11.5584
26.900000000000134	15.1614
27.000000000000135	5.36878
27.100000000000136	11.2056
27.200000000000138	17.8335
27.300000000000139	10.538
27.400000000000141	10.538
27.500000000000142	5.57776
27.600000000000144	2.87852
27.700000000000145	4.13613
27.800000000000146	9.37754
27.900000000000148	16.0148
28.000000000000149	9.54793
28.100000000000151	10.4525
28.200000000000152	7.6844
28.300000000000153	14.1302
28.400000000000155	9.40677
28.500000000000156	15.7163
28.600000000000158	9.71676
28.700000000000159	7.59799
28.800000000000161	14.0837
28.900000000000162	9.55347
29.000000000000163	16.1181
29.100000000000165	12.1144
29.200000000000166	8.87612
29.300000000000168	11.091
29.400000000000169	10.0675
29.500000000000171	7.93428
29.600000000000172	11.1937
29.700000000000173	8.7428
29.800000000000175	6.57355
29.900000000000176	13.0346
30.000000000000178	19.5527
30.100000000000179	11.9426
30.20000000000018	16.9994
30.300000000000182	13.1383
30.400000000000183	11.3656
30.500000000000185	8.7745
30.600000000000186	6.67281
30.700000000000188	13.0845
30.800000000000189	19.6879
30.90000000000019	11.4211
31.000000000000192	14.6523
31.100000000000193	21.2853
31.200000000000195	10.6427
31.300000000000196	6.43149
31.400000000000198	11.7461
31.500000000000199	7.68506
31.6000000000002	13.9879
31.700000000000202	20.3971
31.800000000000203	11.7918
31.900000000000205	2
32.000000000000206	10.0851
32.100000000000207	7.56897
32.200000000000209	6.66819
32.30000000000021	10.7211
32.400000000000212	10.142
32.500000000000213	16.7141
32.600000000000215	10.0442
32.700000000000216	7.05969
32.800000000000217	13.3597
32.900000000000219	10.9587
33.00000000000022	8.83104
33.100000000000222	15.2491
33.200000000000223	9.63042
33.300000000000225	16.1637
33.400000000000226	11.6018
33.500000000000227	18.1948
33.600000000000229	11.8701
33.70000000000023	10.0309
33.800000000000232	7.02062
33.900000000000233	13.3392
34.000000000000234	10.3802
34.100000000000236	17.0366
34.200000000000237	22.7274
34.300000000000239	6.57988
34.40000000000024	10.8535
34.500000000000242	8.0963
34.600000000000243	5.57861
34.700000000000244	11.9955
34.800000000000246	8.22043
34.900000000000247	8.08897
35.000000000000249	2.47023
35.10000000000025	7.43257
35.200000000000252	3.19192
35.300000000000253	7.41976
35.400000000000254	6.25306
35.500000000000256	5.65015
35.600000000000257	5.65015
35.700000000000259	1
35.80000000000026	6.87746
35.900000000000261	8.04317
36.000000000000263	6.51332
36.100000000000264	13.0046
36.200000000000266	9.21233
36.300000000000267	5.72463
36.400000000000269	10.0668
36.50000000000027	9.15492
36.600000000000271	9.36176
36.700000000000273	16.0056
36.800000000000274	21.6445
36.900000000000276	28.3682
37.000000000000277	15.3202
37.100000000000279	5.05104
37.20000000000028	11.2393
37.300000000000281	8.40786
37.400000000000283	15.0091
37.500000000000284	4.92456
37.600000000000286	8.99227
37.700000000000287	15.3427
37.800000000000288	10.5138
37.90000000000029	10.3109
38.000000000000291	16.8168
38.100000000000293	23.4337
38.200000000000294	12.5619
38.300000000000296	12.5619
38.400000000000297	7.49836
38.500000000000298	7.79762
38.6000000000003	6.33538
38.700000000000301	12.761
38.800000000000303	19.3199
38.900000000000304	12.2281
39.000000000000306	18.92
39.100000000000307	25.5395
39.200000000000308	32.3187
39.30000000000031	17.0044
39.400000000000311	8.73468
39.500000000000313	14.4499
39.600000000000314	21.1467
39.700000000000315	11.7823
39.800000000000317	16.1598
39.900000000000318	10.5997
40.00000000000032	7.15286
40.100000000000321	11.4734
40.200000000000323	9.31993
40.300000000000324	6.80517
40.400000000000325	11.2613
40.500000000000327	17.9802
40.600000000000328	11.9956
40.70000000000033	7.81279
40.800000000000331	11.3762
40.900000000000333	18.0522
41.000000000000334	23.752
41.100000000000335	13.6962
41.200000000000337	9.48569
41.300000000000338	14.3665
41.40000000000034	9.81149
41.500000000000341	6.97529
41.600000000000342	12.6195
41.700000000000344	8.00331
41.800000000000345	13.4378
41.900000000000347	10.0212
42.000000000000348	8.07626
42.10000000000035	6.24975
42.200000000000351	12.64
42.300000000000352	19.2403
42.400000000000354	12.855
42.500000000000355	10.9672
42.600000000000357	8.41845
42.700000000000358	15.015
42.80000000000036	4.04331
42.900000000000361	8.66736
43.000000000000362	15.1553
43.100000000000364	21.8644
43.200000000000365	13.3466
43.300000000000367	11.2238
43.400000000000368	6.56597
43.500000000000369	5.82632
43.600000000000371	12.1113
43.700000000000372	8.9872
43.800000000000374	14.8753
43.900000000000375	10.2509
44.000000000000377	16.8992
44.100000000000378	12.1087
44.200000000000379	8.70323
44.300000000000381	12.6539
44.400000000000382	9.03897
44.500000000000384	6.40416
44.600000000000385	12.1515
44.700000000000387	11.2041
44.800000000000388	9.84056
44.900000000000389	15.916
45.000000000000391	11.1205
45.100000000000392	8.60384
45.200000000000394	4.903
45.300000000000395	9.092
45.400000000000396	7.81276
45.500000000000398	14.2
45.600000000000399	10.8766
45.700000000000401	9.7036
45.800000000000402	16.2072
45.900000000000404	9.31147
46.000000000000405	15.3364
46.100000000000406	22.081
46.200000000000408	12.6693
46.300000000000409	11.1437
46.400000000000411	9.10334
46.500000000000412	8.79691
46.600000000000414	15.2295
46.700000000000415	10.3712
46.800000000000416	14.1376
46.900000000000418	10.8514
47.000000000000419	17.3269
47.100000000000421	8.66347
47.200000000000422	8.66347
47.300000000000423	5.86441
47.400000000000425	5.21486
47.500000000000426	11.4011
47.600000000000428	8.81369
47.700000000000429	7.08434
47.800000000000431	13.4474
47.900000000000432	8.73465
48.000000000000433	7.03984
48.100000000000435	6.22431
48.200000000000436	12.6275
48.300000000000438	8.45202
48.400000000000439	14.2816
48.500000000000441	4.59984
48.600000000000442	8.82148
48.700000000000443	6.75255
48.800000000000445	13.125
48.900000000000446	18.8316
49.000000000000448	12.587
49.100000000000449	9.18963
49.20000000000045	7.26135
49.300000000000452	10.2506
49.400000000000453	3.67718
49.500000000000455	9.18987
49.600000000000456	15.716
49.700000000000458	4.95608
49.800000000000459	5.48556
49.90000000000046	5.44941
50.000000000000462	11.0639
50.100000000000463	4.92915
50.200000000000465	3.83224
50.300000000000466	9.98291
50.400000000000468	7.41714
50.500000000000469	9.12264
50.60000000000047	15.6129
50.700000000000472	6.08988
50.800000000000473	5.25712
50.900000000000475	5.74309
51.000000000000476	12.0719
51.100000000000477	18.6055
51.200000000000479	11.2066
51.30000000000048	15.618
51.400000000000482	9.85081
51.500000000000483	14.1209
51.600000000000485	8.56729
51.700000000000486	8.56729
51.800000000000487	4.48529
51.900000000000489	5.07412
52.00000000000049	11.2495
52.100000000000492	7.25959
52.200000000000493	11.4525
52.300000000000495	9.09618
52.400000000000496	15.5331
52.500000000000497	8.5641
52.600000000000499	8.5641
52.7000000000005	5.68862
52.800000000000502	11.9629
52.900000000000503	11.0633
53.000000000000504	17.5745
53.100000000000506	23.3055
53.200000000000507	6.32152
53.300000000000509	12.516
53.40000000000051	19.1592
53.500000000000512	25.9881
53.600000000000513	15.8113
53.700000000000514	22.4131
53.800000000000516	12.8499
53.900000000000517	7.16293
54.000000000000519	9.67525
54.10000000000052	16.1903
54.200000000000522	11.3915
54.300000000000523	7.38698
54.400000000000524	13.9717
54.500000000000526	9.99459
54.600000000000527	14.0796
54.700000000000529	7.88381
54.80000000000053	7.42119
54.900000000000531	13.9897
55.000000000000533	9.97581
55.100000000000534	15.6194
55.200000000000536	22.0978
55.300000000000537	14.6411
55.400000000000539	12.2711
55.50000000000054	4.47176
55.600000000000541	3.4068
55.700000000000543	9.08883
55.800000000000544	7.16002
55.900000000000546	5.0401
56.000000000000547	11.1447
56.100000000000549	17.7389
56.20000000000055	24.3924
56.300000000000551	15.0636
56.400000000000553	21.5701
56.500000000000554	7.18795
56.600000000000556	6.36872
56.700000000000557	10.3465
56.800000000000558	17.0161
56.90000000000056	13.2965
57.000000000000561	9.26552
57.100000000000563	14.9777
57.200000000000564	11.0833
57.300000000000566	17.6439
57.400000000000567	12.4314
57.500000000000568	9.