10	1
10.1	1
10.199999999999999	1
10.299999999999999	1
10.399999999999999	1
10.499999999999998	1
10.599999999999998	1
10.699999999999998	1
10.799999999999997	1
10.899999999999997	1
10.999999999999996	1
11.099999999999996	1
11.199999999999996	1
11.299999999999995	1
11.399999999999995	1
11.499999999999995	1
11.599999999999994	1
11.699999999999994	1
11.799999999999994	1
11.899999999999993	1
11.999999999999993	1
12.099999999999993	1
12.199999999999992	1
12.299999999999992	1
12.399999999999991	1
12.499999999999991	1
12.599999999999991	1
12.69999999999999	1
12.79999999999999	1
12.89999999999999	1
12.999999999999989	1
13.099999999999989	1
13.199999999999989	1
13.299999999999988	1
13.399999999999988	1
13.499999999999988	1
13.599999999999987	1
13.699999999999987	1
13.799999999999986	1
13.899999999999986	1
13.999999999999986	1
14.099999999999985	1
14.199999999999985	1
14.299999999999985	1
14.399999999999984	1
14.499999999999984	1
14.599999999999984	1
14.699999999999983	1
14.799999999999983	1
14.899999999999983	1
14.999999999999982	1
15.099999999999982	1
15.199999999999982	1
15.299999999999981	1
15.399999999999981	1
15.49999999999998	1
15.59999999999998	1
15.69999999999998	1
15.799999999999979	1
15.899999999999979	1
15.999999999999979	1
16.09999999999998	1
16.199999999999982	1
16.299999999999983	1
16.399999999999984	1
16.499999999999986	1
16.599999999999987	1
16.699999999999989	1
16.79999999999999	1
16.899999999999991	1
16.999999999999993	1
17.099999999999994	1
17.199999999999996	1
17.299999999999997	1
17.399999999999999	1
17.5	1
17.600000000000001	1
17.700000000000003	1
17.800000000000004	1
17.900000000000006	1
18.000000000000007	1
18.100000000000009	1
18.20000000000001	1
18.300000000000011	1
18.400000000000013	1
18.500000000000014	1
18.600000000000016	1
18.700000000000017	1
18.800000000000018	1
18.90000000000002	1
19.000000000000021	1
19.100000000000023	1
19.200000000000024	1
19.300000000000026	1
19.400000000000027	1
19.500000000000028	1
19.60000000000003	1
19.700000000000031	1
19.800000000000033	1
19.900000000000034	1
20.000000000000036	1
20.100000000000037	1
20.200000000000038	1
20.30000000000004	1
20.400000000000041	1
20.500000000000043	1
20.600000000000044	1
20.700000000000045	1
20.800000000000047	1
20.900000000000048	1
21.00000000000005	1
21.100000000000051	1
21.200000000000053	1
21.300000000000054	1
21.400000000000055	1
21.500000000000057	1
21.600000000000058	1
21.70000000000006	1
21.800000000000061	1
21.900000000000063	1
22.000000000000064	1
22.100000000000065	1
22.200000000000067	1
22.300000000000068	1
22.40000000000007	1
22.500000000000071	1
22.600000000000072	1
22.700000000000074	1
22.800000000000075	1
22.900000000000077	1
23.000000000000078	1
23.10000000000008	1
23.200000000000081	1
23.300000000000082	1
23.400000000000084	1
23.500000000000085	1
23.600000000000087	1
23.700000000000088	1
23.80000000000009	1
23.900000000000091	1
24.000000000000092	1
24.100000000000094	1
24.200000000000095	1
24.300000000000097	1
24.400000000000098	1
24.500000000000099	1
24.600000000000101	1
24.700000000000102	1
24.800000000000104	1
24.900000000000105	1
25.000000000000107	1
25.100000000000108	1
25.200000000000109	1
25.300000000000111	1
25.400000000000112	1
25.500000000000114	1
25.600000000000115	1
25.700000000000117	1
25.800000000000118	1
25.900000000000119	1
26.000000000000121	1
26.100000000000122	1
26.200000000000124	1
26.300000000000125	1
26.400000000000126	1
26.500000000000128	1
26.600000000000129	1
26.700000000000131	1
26.800000000000132	1
26.900000000000134	1
27.000000000000135	1
27.100000000000136	1
27.200000000000138	1
27.300000000000139	1
27.400000000000141	1
27.500000000000142	1
27.600000000000144	1
27.700000000000145	1
27.800000000000146	1
27.900000000000148	1
28.000000000000149	1
28.100000000000151	1
28.200000000000152	1
28.300000000000153	1
28.400000000000155	2
28.500000000000156	16
28.600000000000158	27.5
28.700000000000159	27.5
28.800000000000161	1
28.900000000000162	8
29.000000000000163	15.1378
29.100000000000165	8.82193
29.200000000000166	10.6779
29.300000000000168	13.4257
29.400000000000169	15.3095
29.500000000000171	8.58103
29.600000000000172	11.3098
29.700000000000173	14.1469
29.800000000000175	17.0389
29.900000000000176	18.985
30.000000000000178	21.7846
30.100000000000179	12.2168
30.20000000000018	6.77039
30.300000000000182	8.95096
30.400000000000183	11.5922
30.500000000000185	13.4361
30.600000000000186	16.1466
30.700000000000188	19.0493
30.800000000000189	10.0116
30.90000000000019	10.0116
31.000000000000192	11.5053
31.100000000000193	13.1341
31.200000000000195	7.35898
31.300000000000196	9.40221
31.400000000000198	5.80114
31.500000000000199	7.61104
31.6000000000002	9.38825
31.700000000000202	12.182
31.800000000000203	15.0537
31.900000000000205	7.75634
32.000000000000206	10.0209
32.100000000000207	12.7539
32.200000000000209	14.5875
32.30000000000021	17.4061
32.400000000000212	20.1772
32.500000000000213	23.0489
32.600000000000215	12.0343
32.700000000000216	12.7626
32.800000000000217	14.5951
32.900000000000219	17.4125
33.00000000000022	20.2817
33.100000000000222	11.5308
33.200000000000223	7.10052
33.300000000000225	8.98077
33.400000000000226	11.6152
33.500000000000227	6.69057
33.600000000000229	7.9332
33.70000000000023	10.5462
33.800000000000232	13.3213
33.900000000000233	15.2181
34.000000000000234	18.1043
34.100000000000236	21.0217
34.200000000000237	23.8336
34.300000000000239	26.6862
34.40000000000024	14.6308
34.500000000000242	14.6308
34.600000000000243	16.6791
34.700000000000244	19.5025
34.800000000000246	22.3716
34.900000000000247	25.1118
35.000000000000249	27.068
35.10000000000025	30.013
35.200000000000252	32.907
35.300000000000253	35.7905
35.400000000000254	38.6915
35.500000000000256	20.8406
35.600000000000257	10.6581
35.700000000000259	13.4099
35.80000000000026	7.77776
35.900000000000261	9.62852
36.000000000000263	12.3677
36.100000000000264	15.2042
36.200000000000266	17.1256
36.300000000000267	9.84554
36.400000000000269	12.537
36.50000000000027	15.3421
36.600000000000271	18.2085
36.700000000000273	20.1408
36.800000000000274	23.0605
36.900000000000276	12.3679
37.000000000000277	12.3679
37.100000000000279	6.53874
37.20000000000028	9.00433
37.300000000000281	10.8288
37.400000000000283	13.5458
37.500000000000284	16.3608
37.600000000000286	8.65641
37.700000000000287	8.65641
37.800000000000288	10.252
37.90000000000029	12.1356
38.000000000000291	7.02531
38.100000000000293	9.36186
38.200000000000294	12.1617
38.300000000000296	14.9705
38.400000000000297	16.7997
38.500000000000298	19.6058
38.6000000000003	22.4616
38.700000000000301	11.7534
38.800000000000303	12.3365
38.900000000000304	15.1789
39.000000000000306	17.1032
39.100000000000307	20.0169
39.200000000000308	22.865
39.30000000000031	25.7085
39.400000000000311	13.1813
39.500000000000313	16.0607
39.600000000000314	18.0016
39.700000000000315	20.693
39.800000000000317	11.2726
39.900000000000318	6.54868
40.00000000000032	9.2321
40.100000000000321	11.1093
40.200000000000323	13.8434
40.300000000000324	16.6079
40.400000000000325	19.4417
40.500000000000327	22.1384
40.600000000000328	12.0254
40.70000000000033	13.8836
40.800000000000331	16.5811
40.900000000000333	19.3672
41.000000000000334	22.2537
41.100000000000335	25.0469
41.200000000000337	27.9903
41.300000000000338	29.7913
41.40000000000034	32.6743
41.500000000000341	17.6342
41.600000000000342	20.4723
41.700000000000344	23.3505
41.800000000000345	25.2849
41.900000000000347	13.5777
42.000000000000348	16.3873
42.10000000000035	19.2537
42.200000000000351	22.155
42.300000000000352	25.0792
42.400000000000354	27.0378
42.500000000000355	29.919
42.600000000000357	16.2267
42.700000000000358	18.205
42.80000000000036	21.1085
42.900000000000361	23.5304
43.000000000000362	12.387
43.100000000000364	15.2199
43.200000000000365	18.1057
43.300000000000367	10.1727
43.400000000000368	12.2339
43.500000000000369	14.1356
43.600000000000371	17.0294
43.700000000000372	19.9037
43.800000000000374	10.3464
43.900000000000375	13.164
44.000000000000377	7.37232
44.100000000000378	8.51448
44.200000000000379	11.2595
44.300000000000381	14.1069
44.400000000000382	17.0056
44.500000000000384	19.8329
44.600000000000385	10.2638
44.700000000000387	10.2638
44.800000000000388	13.0224
