10	10.7683
10.1	7.33456
10.199999999999999	6.17258
10.299999999999999	8.63587
10.399999999999999	4.06802
10.499999999999998	4.06802
10.599999999999998	4.33944
10.699999999999998	3.02485
10.799999999999997	9.07047
10.899999999999997	16.4582
10.999999999999996	12.509
11.099999999999996	11.496
11.199999999999996	19.0962
11.299999999999995	12.6782
11.399999999999995	10.255
11.499999999999995	8.42314
11.599999999999994	7.74657
11.699999999999994	9.09712
11.799999999999994	6.77545
11.899999999999993	6.45748
11.999999999999993	6.99398
12.099999999999993	6.70018
12.199999999999992	5.08867
12.299999999999992	12.1149
12.399999999999991	4.62536
12.499999999999991	4.80721
12.599999999999991	5.2416
12.69999999999999	7.99386
12.79999999999999	4.35858
12.89999999999999	4.17895
12.999999999999989	11.2457
13.099999999999989	8.49952
13.199999999999989	3.05382
13.299999999999988	4.6095
13.399999999999988	11.8407
13.499999999999988	8.9808
13.599999999999987	8.49189
13.699999999999987	6.64659
13.799999999999986	8.20411
13.899999999999986	7.34763
13.999999999999986	4.69668
14.099999999999985	4.14229
14.199999999999985	6.34333
14.299999999999985	13.6752
14.399999999999984	7.86051
14.499999999999984	7.86051
14.599999999999984	5.97588
14.699999999999983	5.41641
14.799999999999983	5.99296
14.899999999999983	7.60173
14.999999999999982	7.63574
15.099999999999982	8.19451
15.199999999999982	14.9584
15.299999999999981	13.0756
15.399999999999981	5.21121
15.49999999999998	2.68046
15.59999999999998	3.88205
15.69999999999998	8.11299
15.799999999999979	6.94969
15.899999999999979	6.27911
15.999999999999979	13.3486
16.09999999999998	5.02391
16.199999999999982	8.35191
16.299999999999983	5.08945
16.399999999999984	4.91344
16.499999999999986	4.20375
16.599999999999987	7.76502
16.699999999999989	6.72398
16.79999999999999	6.72398
16.899999999999991	1
16.999999999999993	8.95093
17.099999999999994	4.46894
17.199999999999996	5.26983
17.299999999999997	5.7459
17.399999999999999	7.24199
17.5	14.5309
17.600000000000001	9.10182
17.700000000000003	7.98575
17.800000000000004	8.98706
17.900000000000006	9.84303
18.000000000000007	5.85562
18.100000000000009	5.85562
18.20000000000001	4.33944
18.300000000000011	5.71331
18.400000000000013	6.30758
18.500000000000014	5.29879
18.600000000000016	5.51392
18.700000000000017	12.3782
18.800000000000018	9.00783
18.90000000000002	4.64383
19.000000000000021	5.32679
19.100000000000023	4.30614
19.200000000000024	4.62735
19.300000000000026	10.9675
19.400000000000027	10.9629
19.500000000000028	8.17909
19.60000000000003	5.77157
19.700000000000031	5.77157
19.800000000000033	2.9
19.900000000000034	3.14649
20.000000000000036	8.99858
20.100000000000037	6.21064
20.200000000000038	4.4985
20.30000000000004	4.4985
20.400000000000041	4.33944
20.500000000000043	5.73633
20.600000000000044	5.73633
20.700000000000045	1
20.800000000000047	6.09735
20.900000000000048	6.97305
21.00000000000005	14.1894
21.100000000000051	13.2273
21.200000000000053	11.3247
21.300000000000054	5.10243
21.400000000000055	2.14887
21.500000000000057	4.29827
21.600000000000058	5.44671
21.70000000000006	4.96781
21.800000000000061	5.72925
21.900000000000063	5.72925
22.000000000000064	6.09735
22.100000000000065	6.57253
22.200000000000067	7.60862
22.300000000000068	14.0894
22.40000000000007	10.4589
22.500000000000071	8.49671
22.600000000000072	3.98625
22.700000000000074	2.013
22.800000000000075	4.36369
22.900000000000077	5.48175
23.000000000000078	2.60055
23.10000000000008	8.48418
23.200000000000081	7.41461
23.300000000000082	7.47174
23.400000000000084	5.70643
23.500000000000085	3.4917
23.600000000000087	3.4917
23.700000000000088	3.24483
23.80000000000009	4.19465
23.900000000000091	4.53813
24.000000000000092	4.98476
24.100000000000094	4.9381
24.200000000000095	10.4471
24.300000000000097	4.93311
24.400000000000098	3.12151
24.500000000000099	3.12151
24.600000000000101	1.25
24.700000000000102	8.14858
24.800000000000104	5.6286
24.900000000000105	4.85364
25.000000000000107	7.08731
25.100000000000108	5.30652
25.200000000000109	5.30652
25.300000000000111	2.9
25.400000000000112	5.20683
25.500000000000114	7.19926
25.600000000000115	3.61087
25.700000000000117	6.45234
25.800000000000118	6.45234
25.900000000000119	4.16441
26.000000000000121	4.92626
26.100000000000122	5.12369
26.200000000000124	4.95006
26.300000000000125	5.32158
26.400000000000126	5.07688
26.500000000000128	5.20819
26.600000000000129	5.78831
26.700000000000131	5.10089
26.800000000000132	3.42925
26.900000000000134	3.42925
27.000000000000135	3.83446
27.100000000000136	5.57555
27.200000000000138	5.57555
27.300000000000139	4.33944
27.400000000000141	7.24027
27.500000000000142	2.88532
27.600000000000144	4.33658
27.700000000000145	3.28747
27.800000000000146	3.28747
27.900000000000148	3.55301
28.000000000000149	5.32446
28.100000000000151	4.97447
28.200000000000152	4.88436
28.300000000000153	3.61438
28.400000000000155	3.61438
28.500000000000156	2.9
28.600000000000158	4.28725
28.700000000000159	3.73861
28.800000000000161	3.43264
28.900000000000162	4.44195
29.000000000000163	3.24488
29.100000000000165	3.24488
29.200000000000166	4.78871
29.300000000000168	5.71331
29.400000000000169	4.59695
29.500000000000171	2.11726
29.600000000000172	2.11726
29.700000000000173	1
29.800000000000175	1
29.900000000000176	1
30.000000000000178	1
30.100000000000179	2.9
30.20000000000018	5.03355
30.300000000000182	5.75157
30.400000000000183	7.11049
30.500000000000185	7.23056
30.600000000000186	7.39135
30.700000000000188	6.17935
30.800000000000189	5.33441
30.90000000000019	5.93387
31.000000000000192	7.6227
31.100000000000193	7.94603
31.200000000000195	3.51218
31.300000000000196	3.51218
31.400000000000198	1
31.500000000000199	3.48332
31.6000000000002	4.21466
31.700000000000202	3.61639
31.800000000000203	2.89662
31.900000000000205	3.24185
32.000000000000206	3.24185
32.100000000000207	4.33944
32.200000000000209	4.22777
32.30000000000021	6.22025
32.400000000000212	6.95027
32.500000000000213	6.30288
32.600000000000215	5.44915
32.700000000000216	3.99137
32.800000000000217	2.2071
32.900000000000219	4.64106
33.00000000000022	6.19869
33.100000000000222	3.05243
33.200000000000223	2.10062
33.300000000000225	2.10062
33.400000000000226	3.55301
33.500000000000227	4.58615
33.600000000000229	8.15937
33.70000000000023	7.3
33.800000000000232	2.80828
33.900000000000233	3.07066
34.000000000000234	9.51762
34.100000000000236	8.04848
34.200000000000237	5.12399
34.300000000000239	5.12239
34.40000000000024	3.03491
34.500000000000242	3.03491
34.600000000000243	2.5
34.700000000000244	4.04547
34.800000000000246	4.69596
34.900000000000247	3.55563
35.000000000000249	4.35133
35.10000000000025	5.09401
35.200000000000252	5.09401
35.300000000000253	2
35.400000000000254	3.55218
35.500000000000256	9.88226
35.600000000000257	8.05669
35.700000000000259	15.2824
35.80000000000026	5.42161
35.900000000000261	7.01983
36.000000000000263	8.03529
36.100000000000264	7.23112
36.200000000000266	5.69303
36.300000000000267	4.71488
36.400000000000269	5.18141
36.50000000000027	4.53368
36.600000000000271	4.68515
36.700000000000273	5.32438
36.800000000000274	4.19094
36.900000000000276	5.11354
37.000000000000277	4.81634
37.100000000000279	5.58605
37.20000000000028	6.04115
37.300000000000281	6.3678
37.400000000000283	6.3678
37.500000000000284	3.90856
37.600000000000286	3.90856
37.700000000000287	3.90856
37.800000000000288	3.90856
37.90000000000029	3.55301
38.000000000000291	9.36003
38.100000000000293	4.97301
38.200000000000294	1.0387
38.300000000000296	1.0387
38.400000000000297	4.33944
38.500000000000298	4.33944
38.6000000000003	1
38.700000000000301	3.36442
38.800000000000303	8.13767
38.900000000000304	6.77778
39.000000000000306	4.09438
39.100000000000307	10.8514
39.200000000000308	8.99509
39.30000000000031	6.11771
39.400000000000311	3.05886
39.500000000000313	3.05886
39.600000000000314	5.19763
39.700000000000315	6.36047
39.800000000000317	4.49457
39.900000000000318	5.32679
40.00000000000032	5.32679
40.100000000000321	2
40.200000000000323	2
40.300000000000324	2
40.400000000000325	2
40.500000000000327	2
40.600000000000328	2
40.70000000000033	2
40.800000000000331	2
40.900000000000333	2
41.000000000000334	2
41.100000000000335	2
41.200000000000337	2
41.300000000000338	4.33944
41.40000000000034	4.41366
41.500000000000341	6.21163
41.600000000000342	6.37134
41.700000000000344	5.95027
41.800000000000345	3.31125
41.900000000000347	3.31125
42.000000000000348	4.33944
42.10000000000035	6.06461
42.200000000000351	7.42104
42.300000000000352	6.2595
42.400000000000354	2.48099
42.500000000000355	2.48099
42.600000000000357	1
42.700000000000358	7.30482
42.80000000000036	2.90762
42.900000000000361	2.90762
43.000000000000362	2
43.100000000000364	6.72885
43.200000000000365	6.96762
43.300000000000367	4.14497
43.400000000000368	1.87657
43.500000000000369	8.79893
43.600000000000371	9.35377
43.700000000000372	3.6238
43.800000000000374	10.4021
43.900000000000375	8.66142
44.000000000000377	4.33071
44.100000000000378	4.33071
44.200000000000379	5.75491
44.300000000000381	2.14941
44.400000000000382	3.55387
44.500000000000384	3.56708
44.600000000000385	2.79215
44.700000000000387	8.05516
44.800000000000388	5.22368
44.900000000000389	5.26088
45.000000000000391	6.75584
45.100000000000392	5.00092
45.200000000000394	3.52319
45.300000000000395	3.52319
45.400000000000396	2
45.500000000000398	3.21053
45.600000000000399	4.56376
45.700000000000401	2.55218
45.800000000000402	2.55218
45.900000000000404	2
46.000000000000405	2
46.100000000000406	2
46.200000000000408	2
46.300000000000409	2
46.400000000000411	4.33877
46.500000000000412	5.09163
46.600000000000414	4.08815
46.700000000000415	4.08815
46.800000000000416	2
46.900000000000418	3.58263
47.000000000000419	4.57686
47.100000000000421	7.02734
47.200000000000422	8.90469
47.300000000000423	4.43061
47.400000000000425	5.47805
47.500000000000426	3.94903
47.600000000000428	3.94903
47.700000000000429	3.55301
47.800000000000431	6.05816
47.900000000000432	5.59733
48.000000000000433	5.03933
48.100000000000435	6.58373
48.200000000000436	9.37572
48.300000000000438	8.50955
48.400000000000439	4.80978
48.500000000000441	4.80978
48.600000000000442	4.33944
48.700000000000443	3.72086
48.800000000000445	3.72086
48.900000000000446	1
49.000000000000448	7.16526
49.100000000000449	3.86175
49.20000000000045	3.86175
49.300000000000452	2.9
49.400000000000453	6.04268
49.500000000000455	6.37374
49.600000000000456	5.5494
49.700000000000458	4.91941
49.800000000000459	1.64527
49.90000000000046	1.64527
50.000000000000462	3.55301
50.100000000000463	4.10727
50.200000000000465	4.17103
50.300000000000466	6.77434
50.400000000000468	5.6659
50.500000000000469	5.6659
50.60000000000047	2.5
50.700000000000472	3.41352
50.800000000000473	3.41352
50.900000000000475	1
51.000000000000476	3.30168
51.100000000000477	3.52414
51.200000000000479	3.52414
51.30000000000048	2
51.400000000000482	2.9
51.500000000000483	2.9
51.600000000000485	4.33944
51.700000000000486	4.33944
51.800000000000487	2.9
51.900000000000489	3.85404
52.00000000000049	3.85404
52.100000000000492	1
52.200000000000493	7.96541
52.300000000000495	6.54652
52.400000000000496	2.19843
52.500000000000497	3.91886
52.600000000000499	7.04632
52.7000000000005	4.35501
52.800000000000502	4.35501
52.900000000000503	2
53.000000000000504	2
53.100000000000506	2
53.200000000000507	2
53.300000000000509	3.55301
53.40000000000051	10.4749
53.500000000000512	7.65022
53.600000000000513	3.1779
53.700000000000514	3.56823
53.800000000000516	2.79031
53.900000000000517	8.65729
54.000000000000519	3.18196
54.10000000000052	4.27277
54.200000000000522	2.65626
54.300000000000523	3.6086
54.400000000000524	3.37874
54.500000000000526	3.68147
54.600000000000527	9.30033
54.700000000000529	8.10947
54.80000000000053	6.23176
54.900000000000531	5.32388
55.000000000000533	5.32388
55.100000000000534	2.9
55.200000000000536	3.9451
55.300000000000537	5.23668
55.400000000000539	3.07167
55.50000000000054	4.26859
55.600000000000541	5.70234
55.700000000000543	5.70234
55.800000000000544	2
55.900000000000546	2
56.000000000000547	2
56.100000000000549	2
56.20000000000055	5.19763
56.300000000000551	6.10941
56.400000000000553	6.07186
56.500000000000554	7.24226
56.600000000000556	4.0734
56.700000000000557	4.31889
56.800000000000558	4.31889
56.90000000000056	3.04867
57.000000000000561	2.82541