10	1
10.1	1
10.199999999999999	1
10.299999999999999	1
10.399999999999999	1
10.499999999999998	1
10.599999999999998	1
10.699999999999998	1
10.799999999999997	1
10.899999999999997	1
10.999999999999996	1
11.099999999999996	1
11.199999999999996	1
11.299999999999995	1
11.399999999999995	1
11.499999999999995	1
11.599999999999994	32
11.699999999999994	32
11.799999999999994	16.325
11.899999999999993	22.1994
11.999999999999993	8.4732
12.099999999999993	18.8307
12.199999999999992	12.8735
12.299999999999992	22.7222
12.399999999999991	33.3269
12.499999999999991	23.0287
12.599999999999991	33.5961
12.69999999999999	20.6089
12.79999999999999	10.0506
12.89999999999999	20.3401
12.999999999999989	31.0507
13.099999999999989	19.6366
13.199999999999989	17.5768
13.299999999999988	28.1677
13.399999999999988	21.4881
13.499999999999988	32.1581
13.599999999999987	25.0891
13.699999999999987	11.0336
13.799999999999986	12.2468
13.899999999999986	23.6779
13.999999999999986	16.5301
14.099999999999985	25.2917
14.199999999999985	36.0559
14.299999999999985	20.1379
14.399999999999984	14.1667
14.499999999999984	12.1782
14.599999999999984	21.792
14.699999999999983	32.3618
14.799999999999983	13.2997
14.899999999999983	23.8635
14.999999999999982	19.2679
15.099999999999982	13.1304
15.199999999999982	24.516
15.299999999999981	15.6471
15.399999999999981	26.1791
15.49999999999998	19.5614
15.59999999999998	29.9512
15.69999999999998	40.5633
15.799999999999979	12.8011
15.899999999999979	23.2048
15.999999999999979	18.5325
16.09999999999998	15.3388
16.199999999999982	25.9963
16.299999999999983	21.9876
16.399999999999984	18.4463
16.499999999999986	14.3255
16.599999999999987	25.8807
16.699999999999989	7.33976
16.79999999999999	16.8138
16.899999999999991	15.3663
16.999999999999993	12.8759
17.099999999999994	10.2519
17.199999999999996	20.635
17.299999999999997	18.1241
17.399999999999999	28.5471
17.5	20.026
17.600000000000001	30.5526
17.700000000000003	14.2768
17.800000000000004	24.8673
17.900000000000006	20.1244
18.000000000000007	17.2067
18.100000000000009	15.4254
18.20000000000001	26.0474
18.300000000000011	15.5776
18.400000000000013	15.124
18.500000000000014	25.5981
18.600000000000016	36.2714
18.700000000000017	20.2609
18.800000000000018	19.4751
18.90000000000002	18.4371
19.000000000000021	14.4835
19.100000000000023	11.0022
19.200000000000024	21.2063
19.300000000000026	7.7044
19.400000000000027	9.25351
19.500000000000028	19.6056
19.60000000000003	14.1136
19.700000000000031	5.3129
19.800000000000033	14.6029
19.900000000000034	10.9505
20.000000000000036	19.2998
20.100000000000037	14.6876
20.200000000000038	22.4087
20.30000000000004	7.13733
20.400000000000041	17.3157
20.500000000000043	7.30667
20.600000000000044	17.5004
20.700000000000045	28.1557
20.800000000000047	11.2344
20.900000000000048	12.3218
21.00000000000005	22.8571
21.100000000000051	20.2402
21.200000000000053	16.5899
21.300000000000054	13.6946
21.400000000000055	24.127
21.500000000000057	15.5328
21.600000000000058	26.1111
21.70000000000006	18.1123
21.800000000000061	13.7157
21.900000000000063	11.6044
22.000000000000064	16.1553
22.100000000000065	15.4007
22.200000000000067	12.5269
22.300000000000068	23.055
22.40000000000007	19.0993
22.500000000000071	14.5092
22.600000000000072	25.0812
22.700000000000074	17.5742
22.800000000000075	15.5322
22.900000000000077	12.6477
23.000000000000078	11.2532
23.10000000000008	17.2935
23.200000000000081	7.20045
23.300000000000082	17.3992
23.400000000000084	17.1118
23.500000000000085	16.1307
23.600000000000087	5.483
23.700000000000088	15.4631
23.80000000000009	9.05069
23.900000000000091	19.3048
24.000000000000092	15.3094
24.100000000000094	11.3911
24.200000000000095	21.9183
24.300000000000097	15.7257
24.400000000000098	10.266
24.500000000000099	17.6617
24.600000000000101	28.2206
24.700000000000102	16.7823
24.800000000000104	16.7823
24.900000000000105	8.72279
25.000000000000107	12.0019
25.100000000000108	10.6417
25.200000000000109	21.0696
25.300000000000111	15.7189
25.400000000000112	11.0841
25.500000000000114	8.26525
25.600000000000115	16.2787
25.700000000000117	13.0525
25.800000000000118	11.4184
25.900000000000119	11.9621
26.000000000000121	13.0714
26.100000000000122	10.6268
26.200000000000124	10.1036
26.300000000000125	20.4154
26.400000000000126	13.5191
26.500000000000128	10.9687
26.600000000000129	9.23086
26.700000000000131	8.54338
26.800000000000132	9.62228
26.900000000000134	10.6093
27.000000000000135	20.8623
27.100000000000136	5.53073
27.200000000000138	15.415
27.300000000000139	13.2595
27.400000000000141	15.7105
27.500000000000142	10.2358
27.600000000000144	20.235
27.700000000000145	14.5758
27.800000000000146	14.6444
27.900000000000148	14.6444
28.000000000000149	9.96775
28.100000000000151	20.2006
28.200000000000152	6.61003
28.300000000000153	14.016
28.400000000000155	6.9762
28.500000000000156	7.13068
28.600000000000158	7.77873
28.700000000000159	18.0375
28.800000000000161	13.2855
28.900000000000162	11.2142
29.000000000000163	16.436
29.100000000000165	13.2832
29.200000000000166	13.1769
29.300000000000168	14.1428
29.400000000000169	9.55156
29.500000000000171	13.087
29.600000000000172	12.3175
29.700000000000173	22.8548
29.800000000000175	17.6309
29.900000000000176	9.6884
30.000000000000178	9.98663
30.100000000000179	12.15
30.20000000000018	12.6334
30.300000000000182	10.6087
30.400000000000183	9.78722
30.500000000000185	10.7224
30.600000000000186	9.63879
30.700000000000188	20.041
30.800000000000189	30.5624
30.90000000000019	8.43519
31.000000000000192	10.0768
31.100000000000193	9.92751
31.200000000000195	16.0947
31.300000000000196	26.5997
31.400000000000198	9.97901
31.500000000000199	10.5829
31.6000000000002	11.3379
31.700000000000202	12.3772
31.800000000000203	10.4469
31.900000000000205	8.80665
32.000000000000206	18.6631
32.100000000000207	17.0048
32.200000000000209	17.9176
32.30000000000021	5.91384
32.400000000000212	8.99417
32.500000000000213	19.1743
32.600000000000215	17.4911
32.700000000000216	7.11211
32.800000000000217	8.50674
32.900000000000219	8.70842
33.00000000000022	8.86779
33.100000000000222	17.1843
33.200000000000223	13.1541
33.300000000000225	14.7809
33.400000000000226	11.5209
33.500000000000227	11.5209
33.600000000000229	1
33.70000000000023	12.1613
33.800000000000232	10.4695
33.900000000000233	20.1561
34.000000000000234	18.9762
34.100000000000236	29.403
34.200000000000237	20.0198
34.300000000000239	18.0215
34.40000000000024	15.3311
34.500000000000242	12.6684
34.600000000000243	11.7007
34.700000000000244	12.7582
34.800000000000246	7.11693
34.900000000000247	17.2494
35.000000000000249	13.2491
35.10000000000025	14.5835
35.200000000000252	12.5086
35.300000000000253	9.83512
35.400000000000254	19.1677
35.500000000000256	7.83114
35.600000000000257	9.15701
35.700000000000259	6.96909
35.80000000000026	6.96909
35.900000000000261	5.97588
36.000000000000263	6.60511
36.100000000000264	6.60511
36.200000000000266	2
36.300000000000267	12.1831
36.400000000000269	14.5924
36.50000000000027	13.3087
36.600000000000271	23.8685
36.700000000000273	15.2971
36.800000000000274	12.5005
36.900000000000276	13.184
37.000000000000277	23.6728
37.100000000000279	18.0233
37.20000000000028	4.42162
37.300000000000281	14.3785
37.400000000000283	6.65776
37.500000000000284	7.36758
37.600000000000286	17.5828
37.700000000000287	11.6987
37.800000000000288	6.00734
37.90000000000029	7.795
38.000000000000291	16.1087
38.100000000000293	13.0381
38.200000000000294	12.349
38.300000000000296	12.1988
38.400000000000297	22.659
38.500000000000298	12.2832
38.6000000000003	12.2832
38.700000000000301	9.82331
38.800000000000303	12.1587
38.900000000000304	11.3125
39.000000000000306	4.45179
39.100000000000307	4.013
39.200000000000308	13.0113
39.30000000000031	23.3641
39.400000000000311	34.0332
39.500000000000313	7.09512
39.600000000000314	17.0064
39.700000000000315	27.4536
39.800000000000317	9.44028
39.900000000000318	10.3366
40.00000000000032	20.7737
40.100000000000321	7.20438
40.200000000000323	8.75779
40.300000000000324	15.7889
40.400000000000325	14.8754
40.500000000000327	12.4277
40.600000000000328	7.52728
40.70000000000033	7.67098
40.800000000000331	16.1738
40.900000000000333	12.083
41.000000000000334	8.37147
41.100000000000335	14.719
41.200000000000337	6.66143
41.300000000000338	16.8911
41.40000000000034	16.2598
41.500000000000341	8.13382
41.600000000000342	9.50892
41.700000000000344	20.9096
41.800000000000345	13.9059
41.900000000000347	11.8669
42.000000000000348	11.4459
42.10000000000035	10.0196
42.200000000000351	6.31072
42.300000000000352	15.708
42.400000000000354	14.0771
42.500000000000355	14.0755
42.600000000000357	24.5087
42.700000000000358	19.915
42.80000000000036	18.6748
42.900000000000361	15.0514
43.000000000000362	25.6335
43.100000000000364	10.3501
43.200000000000365	20.7804
43.300000000000367	15.9739
43.400000000000368	26.3755
43.500000000000369	15.8891
43.600000000000371	10.8262
43.700000000000372	11.7383
43.800000000000374	10.8397
43.900000000000375	11.326
44.000000000000377	21.793
44.100000000000378	32.3625
44.200000000000379	23.4652
44.300000000000381	20.6324
44.400000000000382	18.3712
44.500000000000384	15.6115
44.600000000000385	11.2971
44.700000000000387	11.4353
44.800000000000388	21.7119
44.900000000000389	7.44368
45.000000000000391	15.1698
45.100000000000392	25.4685
45.200000000000394	16.0849
45.300000000000395	16.8042
45.400000000000396	27.1083
45.500000000000398	21.1698
45.600000000000399	17.8167
45.700000000000401	16.2469
45.800000000000402	13.1401
45.900000000000404	11.7637
46.000000000000405	22.0684
46.100000000000406	16.465
46.200000000000408	8.65431
46.300000000000409	18.9653
46.400000000000411	12.9615
46.500000000000412	10.8917
46.600000000000414	15.3941
46.700000000000415	14.147
46.800000000000416	15.7575
46.900000000000418	12.9305
47.000000000000419	20.7768
47.100000000000421	13.9656
47.200000000000422	11.7639
47.300000000000423	19.7715
47.400000000000425	14.6759
47.500000000000426	15.6056
47.600000000000428	26.1544
47.700000000000429	16.4035
47.800000000000431	15.0919
47.900000000000432	11.9397
48.000000000000433	21.6599
48.100000000000435	14.2257
48.200000000000436	11.4405
48.300000000000438	9.94283
48.400000000000439	9.42738
48.500000000000441	17.931
48.600000000000442	17.579
48.700000000000443	8.36396
48.800000000000445	18.6752
48.900000000000446	17.5857
49.000000000000448	6.93149
49.100000000000449	15.9022
49.20000000000045	10.9453
49.300000000000452	10.9453
49.400000000000453	6.09935
49.500000000000455	7.98674
49.600000000000456	6.78825
49.700000000000458	7.98342
49.800000000000459	16.9851
49.90000000000046	17.0964
50.000000000000462	27.6183
50.100000000000463	8.81175
50.200000000000465	8.58488
50.300000000000466	9.55036
50.400000000000468	19.6961
50.500000000000469	11.0698
50.60000000000047	10.3823
50.700000000000472	19.0894
50.800000000000473	29.6453
50.900000000000475	10.5953
51.000000000000476	10.3069
51.100000000000477	19.0486
51.200000000000479	18.2023
51.30000000000048	15.497
51.400000000000482	10.3736
51.500000000000483	19.3969
51.600000000000485	14.6865
51.700000000000486	26.1586
51.800000000000487	9.74425
51.900000000000489	9.79754
52.00000000000049	8.84002
52.100000000000492	17.7439
52.200000000000493	7.4475
52.300000000000495	17.7295
52.400000000000496	7.33336
52.500000000000497	17.5686
52.600000000000499	14.4035
52.7000000000005	15.1158
52.800000000000502	12.1604
52.900000000000503	12.3485
53.000000000000504	6.66898
53.100000000000506	9.00426
53.200000000000507	8.91294
53.300000000000509	7.45788
53.40000000000051	17.7339
53.500000000000512	28.2658
53.600000000000513	18.0638
53.700000000000514	14.4211
53.800000000000516	25.0304
53.900000000000517	8.84426
54.000000000000519	16.8186
54.10000000000052	12.0335
54.200000000000522	14.4769
54.300000000000523	25.0625
54.400000000000524	15.6922
54.500000000000526	14.2183
54.600000000000527	13.0167
54.700000000000529	11.0679
54.80000000000053	11.9938
54.900000000000531	10.4212
55.000000000000533	11.8521
55.100000000000534	5.88981
55.200000000000536	15.61
55.300000000000537	11.9664
55.400000000000539	12.7608
55.50000000000054	23.1827
55.600000000000541	5.33206
55.700000000000543	4.97648
55.800000000000544	13.4077
55.900000000000546	11.973
56.000000000000547	5.23341
56.100000000000549	15.2468
56.20000000000055	6.00209
56.300000000000551	16.094
56.400000000000553	8