10	1
10.1	1
10.199999999999999	1
10.299999999999999	1
10.399999999999999	1
10.499999999999998	1
10.599999999999998	1
10.699999999999998	1
10.799999999999997	1
10.899999999999997	1
10.999999999999996	1
11.099999999999996	1
11.199999999999996	1
11.299999999999995	1
11.399999999999995	1
11.499999999999995	1
11.599999999999994	1
11.699999999999994	1
11.799999999999994	1
11.899999999999993	1
11.999999999999993	1
12.099999999999993	1
12.199999999999992	1
12.299999999999992	1
12.399999999999991	1
12.499999999999991	1
12.599999999999991	1
12.69999999999999	1
12.79999999999999	1
12.89999999999999	1
12.999999999999989	1
13.099999999999989	1
13.199999999999989	1
13.299999999999988	1
13.399999999999988	1
13.499999999999988	1
13.599999999999987	1
13.699999999999987	1
13.799999999999986	1
13.899999999999986	1
13.999999999999986	1
14.099999999999985	1
14.199999999999985	1
14.299999999999985	1
14.399999999999984	1
14.499999999999984	1
14.599999999999984	1
14.699999999999983	1
14.799999999999983	1
14.899999999999983	1
14.999999999999982	1
15.099999999999982	1
15.199999999999982	1
15.299999999999981	1
15.399999999999981	1
15.49999999999998	1
15.59999999999998	1
15.69999999999998	1
15.799999999999979	1
15.899999999999979	1
15.999999999999979	1
16.09999999999998	1
16.199999999999982	1
16.299999999999983	1
16.399999999999984	1
16.499999999999986	1
16.599999999999987	1
16.699999999999989	1
16.79999999999999	1
16.899999999999991	1
16.999999999999993	1
17.099999999999994	1
17.199999999999996	1
17.299999999999997	1
17.399999999999999	1
17.5	1
17.600000000000001	1
17.700000000000003	1
17.800000000000004	1
17.900000000000006	1
18.000000000000007	1
18.100000000000009	1
18.20000000000001	1
18.300000000000011	1
18.400000000000013	1
18.500000000000014	1
18.600000000000016	1
18.700000000000017	1
18.800000000000018	1
18.90000000000002	1
19.000000000000021	1
19.100000000000023	1
19.200000000000024	1
19.300000000000026	1
19.400000000000027	1
19.500000000000028	1
19.60000000000003	1
19.700000000000031	1
19.800000000000033	1
19.900000000000034	1
20.000000000000036	1
20.100000000000037	1
20.200000000000038	1
20.30000000000004	1
20.400000000000041	1
20.500000000000043	1
20.600000000000044	1
20.700000000000045	1
20.800000000000047	1
20.900000000000048	1
21.00000000000005	1
21.100000000000051	1
21.200000000000053	1
21.300000000000054	1
21.400000000000055	1
21.500000000000057	1
21.600000000000058	1
21.70000000000006	1
21.800000000000061	1
21.900000000000063	1
22.000000000000064	1
22.100000000000065	1
22.200000000000067	1
22.300000000000068	1
22.40000000000007	1
22.500000000000071	1
22.600000000000072	1
22.700000000000074	1
22.800000000000075	1
22.900000000000077	1
23.000000000000078	1
23.10000000000008	1
23.200000000000081	1
23.300000000000082	1
23.400000000000084	1
23.500000000000085	1
23.600000000000087	1
23.700000000000088	1
23.80000000000009	2
23.900000000000091	16
24.000000000000092	32
24.100000000000094	32
24.200000000000095	32
24.300000000000097	6
24.400000000000098	16.1248
24.500000000000099	8.83317
24.600000000000101	8.83317
24.700000000000102	4.85075
24.800000000000104	4.85075
24.900000000000105	7.34512
25.000000000000107	10.113
25.100000000000108	12.9817
25.200000000000109	15.7072
25.300000000000111	18.517
25.400000000000112	21.3781
25.500000000000114	24.2724
25.600000000000115	27.1894
25.700000000000117	15.4887
25.800000000000118	8.94488
25.900000000000119	10.1061
26.000000000000121	12.9763
26.100000000000122	15.7027
26.200000000000124	8.86986
26.300000000000125	10.1395
26.400000000000126	6.39497
26.500000000000128	4.33598
26.600000000000129	6.09492
26.700000000000131	8.80451
26.800000000000132	11.4798
26.900000000000134	14.283
27.000000000000135	17.1519
27.100000000000136	10.1843
27.200000000000138	13.0372
27.300000000000139	7.84464
27.400000000000141	9.4725
27.500000000000142	5.56765
27.600000000000144	8.20923
27.700000000000145	11.0313
27.800000000000146	13.7809
27.900000000000148	7.9381
28.000000000000149	8.43054
28.100000000000151	11.1964
28.200000000000152	5.77474
28.300000000000153	5.77474
28.400000000000155	7.32036
28.500000000000156	10.0951
28.600000000000158	12.9678
28.700000000000159	15.6957
28.800000000000161	19.4569
28.900000000000162	22.3318
29.000000000000163	25.2355
29.100000000000165	13.9726
29.200000000000166	13.9726
29.300000000000168	16.1672
29.400000000000169	4.39972
29.500000000000171	6.76726
29.600000000000172	4.90331
29.700000000000173	6.95684
29.800000000000175	9.5244
29.900000000000176	11.7013
30.000000000000178	6.5772
30.100000000000179	8.5748
30.20000000000018	5.2853
30.300000000000182	3.61427
30.400000000000183	5.42965
30.500000000000185	8.11714
30.600000000000186	10.9631
30.700000000000188	13.6532
30.800000000000189	16.4498
30.90000000000019	19.3069
31.000000000000192	10.0349
31.100000000000193	13.6752
31.200000000000195	16.468
31.300000000000196	19.3224
31.400000000000198	9.1908
31.500000000000199	11.7471
31.6000000000002	14.4985
31.700000000000202	8.00477
31.800000000000203	8.4933
31.900000000000205	11.9364
32.000000000000206	7.6069
32.100000000000207	10.2059
32.200000000000209	6.5028
32.30000000000021	9.1998
32.400000000000212	12.0377
32.500000000000213	6.94713
32.600000000000215	8.39365
32.700000000000216	5.30777
32.800000000000217	6.66357
32.900000000000219	9.31347
33.00000000000022	12.1246
33.100000000000222	6.10354
33.200000000000223	7.44676
33.300000000000225	10.1867
33.400000000000226	14.0032
33.500000000000227	8.46819
33.600000000000229	11.2247
33.70000000000023	14.0791
33.800000000000232	16.1356
33.900000000000233	19.04
34.000000000000234	21.9241
34.100000000000236	24.7545
34.200000000000237	12.4176
34.300000000000239	14.9795
34.40000000000024	17.7357
34.500000000000242	20.511
34.600000000000243	23.3844
34.700000000000244	26.2859
34.800000000000246	29.2071
34.900000000000247	15.8835
35.000000000000249	15.8835
35.10000000000025	18.0114
35.200000000000252	20.846
35.300000000000253	23.6788
35.400000000000254	26.548
35.500000000000256	14.3603
35.600000000000257	15.4367
35.700000000000259	4.29185
35.80000000000026	6.22895
35.900000000000261	9.00957
36.000000000000263	11.7233
36.100000000000264	14.4793
36.200000000000266	17.3155
36.300000000000267	9.89902
36.400000000000269	5.09952
36.50000000000027	8.15355
36.600000000000271	10.99
36.700000000000273	5.93813
36.800000000000274	8.46282
36.900000000000276	11.2206
37.000000000000277	14.0759
37.100000000000279	16.9799
37.20000000000028	19.7603
37.300000000000281	23.5509
37.400000000000283	26.4341
37.500000000000284	13.4236
37.600000000000286	15.5029
37.700000000000287	18.3441
37.800000000000288	10.3275
37.90000000000029	12.2813
38.000000000000291	14.8668
38.100000000000293	8.76337
38.200000000000294	11.3604
38.300000000000296	14.0453
38.400000000000297	16.8954
38.500000000000298	9.15933
38.6000000000003	12.0069
38.700000000000301	14.7095
38.800000000000303	18.4552
38.900000000000304	10.0342
39.000000000000306	12.7643
39.100000000000307	6.76621
39.200000000000308	9.38678
39.30000000000031	5.34421
39.400000000000311	6.69244
39.500000000000313	9.33403
39.600000000000314	13.0944
39.700000000000315	7.10057
39.800000000000317	9.83597
39.900000000000318	12.5295
40.00000000000032	15.2047
40.100000000000321	17.982
40.200000000000323	20.7725
40.300000000000324	23.6141
40.400000000000325	13.6945
40.500000000000327	6.84724
40.600000000000328	7.54872
40.70000000000033	10.2612
40.800000000000331	13.0972
40.900000000000333	15.866
41.000000000000334	18.5442
41.100000000000335	10.6812
41.200000000000337	13.4282
41.300000000000338	7.04212
41.40000000000034	7.04212
41.500000000000341	4.46742
41.600000000000342	2.34563
41.700000000000344	4.25833
41.800000000000345	6.97392
41.900000000000347	10.4423
42.000000000000348	5.98287
42.10000000000035	6.62556
42.200000000000351	9.28647
42.300000000000352	12.1039
42.400000000000354	14.9906
42.500000000000355	17.7451
42.600000000000357	20.5678
42.700000000000358	24.3969
42.80000000000036	27.1166
42.900000000000361	30.0569
43.000000000000362	15.9959
43.100000000000364	18.6554
43.200000000000365	9.82608
43.300000000000367	12.5218
43.400000000000368	7.69744
43.500000000000369	9.13361
43.600000000000371	11.9873
43.700000000000372	14.6935
43.800000000000374	8.57948
43.90