10	127.761
10.1	32
10.199999999999999	16.1556
10.299999999999999	8.38212
10.399999999999999	18.6833
10.499999999999998	35.124
10.599999999999998	50.7943
10.699999999999998	67.4266
10.799999999999997	32.0312
10.899999999999997	16.1401
10.999999999999996	8.37465
11.099999999999996	22.475
11.199999999999996	39.0599
11.299999999999995	16.2356
11.399999999999995	32.5928
11.499999999999995	48.2357
11.599999999999994	13.4277
11.699999999999994	7.07734
11.799999999999994	21.8454
11.899999999999993	14.796
11.999999999999993	17.4812
12.099999999999993	18.7566
12.199999999999992	34.182
12.299999999999992	9.47563
12.399999999999991	19.9131
12.499999999999991	36.2648
12.599999999999991	14.2119
12.69999999999999	29.5417
12.79999999999999	46.1645
12.89999999999999	61.9956
12.999999999999989	77.5092
13.099999999999989	89.7542
13.199999999999989	101.153
13.299999999999988	111.391
13.399999999999988	120.234
13.499999999999988	128.966
13.599999999999987	136.676
13.699999999999987	32.0937
13.799999999999986	16.171
13.899999999999986	8.38957
13.999999999999986	23.4396
14.099999999999985	39.0631
14.199999999999985	55.6981
14.299999999999985	71.1374
14.399999999999984	85.0688
14.499999999999984	96.7824
14.599999999999984	107.056
14.699999999999983	116.778
14.799999999999983	125.24
14.899999999999983	16.1556
14.999999999999982	16.1556
15.099999999999982	14.0277
15.199999999999982	30.2249
15.299999999999981	45.9343
15.399999999999981	12.7626
15.49999999999998	14.1936
15.59999999999998	19.1338
15.69999999999998	34.5644
15.799999999999979	11.6862
15.899999999999979	19.1066
15.999999999999979	18.1265
16.09999999999998	34.485
16.199999999999982	8.04938
16.299999999999983	14.1563
16.399999999999984	19.3923
16.499999999999986	18.3249
16.599999999999987	33.8588
16.699999999999989	11.8133
16.79999999999999	11.4479
16.899999999999991	25.4136
16.999999999999993	42.0518
17.099999999999994	11.1761
17.199999999999996	20.2361
17.299999999999997	22.0567
17.399999999999999	10.6788
17.5	23.5548
17.600000000000001	39.1323
17.700000000000003	34.1227
17.800000000000004	15.7098
17.900000000000006	32.086
18.000000000000007	28.3877
18.100000000000009	45.0591
18.20000000000001	25.2212
18.300000000000011	13.6231
18.400000000000013	17.8147
18.500000000000014	19.8472
18.600000000000016	36.2286
18.700000000000017	13.619
18.800000000000018	29.8373
18.90000000000002	45.3947
19.000000000000021	18.3721
19.100000000000023	15.637
19.200000000000024	15.637
19.300000000000026	6
19.400000000000027	14.796
19.500000000000028	18.1742
19.60000000000003	15.9911
19.700000000000031	10.1558
19.800000000000033	7.33805
19.900000000000034	14.1697
20.000000000000036	7.68701
20.100000000000037	21.3099
20.200000000000038	6.5789
20.30000000000004	4.62465
20.400000000000041	7.30934
20.500000000000043	13.682
20.600000000000044	19.0416
20.700000000000045	6.40113
20.800000000000047	10.5614
20.900000000000048	11.9411
21.00000000000005	14.151
21.100000000000051	30.4141
21.200000000000053	5.65558
21.300000000000054	15.7167
21.400000000000055	12.6508
21.500000000000057	12.8136
21.600000000000058	8.26195
21.70000000000006	15.8002
21.800000000000061	12.8854
21.900000000000063	9.31866
22.000000000000064	15.2456
22.100000000000065	30.6125
22.200000000000067	10.3087
22.300000000000068	25.4789
22.40000000000007	42.0913
22.500000000000071	11.9002
22.600000000000072	19.2379
22.700000000000074	21.0861
22.800000000000075	18.4909
22.900000000000077	22.0964
23.000000000000078	19.8395
23.10000000000008	9.00372
23.200000000000081	9.00372
23.300000000000082	4.70824
23.400000000000084	19.2246
23.500000000000085	22.6109
23.600000000000087	7.52124
23.700000000000088	14.9895
23.80000000000009	16.3792
23.900000000000091	31.8582
24.000000000000092	29.1684
24.100000000000094	44.8244
24.200000000000095	25.3641
24.300000000000097	12.8972
24.400000000000098	10.0134
24.500000000000099	10.2027
24.600000000000101	14.1135
24.700000000000102	16.7262
24.800000000000104	32.1313
24.900000000000105	29.396
25.000000000000107	6.84412
25.100000000000108	5.62688
25.200000000000109	9.44855
25.300000000000111	10.2147
25.400000000000112	10.284
25.500000000000114	9.2914
25.600000000000115	9.84438
25.700000000000117	14.59
25.800000000000118	15.6077
25.900000000000119	31.2137
26.000000000000121	16.7282
26.100000000000122	16.0817
26.200000000000124	13.8489
26.300000000000125	10.4734
26.400000000000126	12.8715
26.500000000000128	14.9934
26.600000000000129	30.2242
26.700000000000131	7.48392
26.800000000000132	3.82247
26.900000000000134	4.35691
27.000000000000135	12.9168
27.100000000000136	6.54644
27.200000000000138	9.51507
27.300000000000139	16.8129
27.400000000000141	21.9668
27.500000000000142	25.0492
27.600000000000144	7.86529
27.700000000000145	11.5725
27.800000000000146	12.9878
27.900000000000148	15.017
28.000000000000149	19.0554
28.100000000000151	17.5074
28.200000000000152	19.084
28.300000000000153	9.43363
28.400000000000155	11.8613
28.500000000000156	28.0634
28.600000000000158	11.079
28.700000000000159	7.3945
28.800000000000161	10.0459
28.900000000000162	7.18644
29.000000000000163	10.9814
29.100000000000165	8.14014
29.200000000000166	10.4845
29.300000000000168	12.1322
29.400000000000169	12.5533
29.500000000000171	7.14193
29.600000000000172	7.13092
29.700000000000173	23.1091
29.800000000000175	38.6076
29.900000000000176	25.4893
30.000000000000178	12.9395
30.100000000000179	9.33727
30.20000000000018	11.7382
30.300000000000182	6.65606
30.400000000000183	22.5284
30.500000000000185	11.0363
30.600000000000186	18.0249
30.700000000000188	8.25157
30.800000000000189	7.22238
30.90000000000019	7.22238
31.000000000000192	10.1115
31.100000000000193	25.242
31.200000000000195	20.9283
31.300000000000196	7.09073
31.400000000000198	11.4853
31.500000000000199	11.4789
31.6000000000002	6.31547
31.700000000000202	9.98802
31.800000000000203	12.2206
31.900000000000205	5.32588
32.000000000000206	9.32237
32.100000000000207	24.6958
32.200000000000209	13.1159
32.30000000000021	16.9982
32.400000000000212	32.2735
32.500000000000213	12.1786
32.600000000000215	15.2979
32.700000000000216	13.1203
32.800000000000217	13.1203
32.900000000000219	6.32883
33.00000000000022	22.2107
33.100000000000222	17.0715
33.200000000000223	12.4182
33.300000000000225	27.7311
33.400000000000226	8.05949
33.500000000000227	10.5387
33.600000000000229	12.6287
33.70000000000023	13.8833
33.800000000000232	18.2093
33.900000000000233	13.1525
34.000000000000234	13.1525
34.100000000000236	10.0259
34.200000000000237	3.08477
34.300000000000239	3.08477
34.40000000000024	5.19763
34.500000000000242	10.2712
34.600000000000243	25.4245
34.700000000000244	4.48514
34.800000000000246	6.94941
34.900000000000247	10.5714
35.000000000000249	17.1633
35.10000000000025	17.2341
35.200000000000252	19.3586
35.300000000000253	16.995
35.400000000000254	8.78726
35.500000000000256	8.78726
35.600000000000257	7.25303
35.700000000000259	11.0365
35.80000000000026	13.2036
35.900000000000261	29.2768
36.000000000000263	11.2298
36.100000000000264	8.85475
36.200000000000266	23.736
36.300000000000267	6.63178
36.400000000000269	9.47412
36.50000000000027	11.0473
36.600000000000271	15.4973
36.700000000000273	7.69868
36.800000000000274	12.0683
36.900000000000276	7.97825
37.000000000000277	11.4654
37.100000000000279	26.7639
37.20000000000028	14.5807
37.300000000000281	14.6493
37.400000000000283	14.6493
37.500000000000284	5.75491
37.600000000000286	21.5045
37.700000000000287	12.4614
37.800000000000288	28.7424
37.90000000000029	14.5443
38.000000000000291	14.5443
38.100000000000293	9.01415
38.200000000000294	15.2214
38.300000000000296	31.5661
38.400000000000297	47.2104
38.500000000000298	12.4623
38.6000000000003	12.5425
38.700000000000301	12.5425
38.800000000000303	5.93672
38.900000000000304	10.4808
39.000000000000306	13.7711
39.100000000000307	16.9125
39.200000000000308	33.2071
39.30000000000031	16.2271
39.400000000000311	6.96775
39.500000000000313	12.8719
39.600000000000314	5.45923
39.700000000000315	5.45923
39.800000000000317	1
39.900000000000318	9.07006
40.00000000000032	25.1254
40.100000000000321	23.2214
40.200000000000323	18.4506
40.300000000000324	9.4928
40.400000000000325	7.32247
40.500000000000327	10.4028
40.600000000000328	7.07042
40.70000000000033	12.5123
40.800000000000331	14.1953
40.900000000000333	30.4675
41.000000000000334	17.8496
41.100000000000335	8.22724
41.200000000000337	15.522
41.300000000000338	15.2088
41.40000000000034	14.1945
41.500000000000341	11.0127
41.600000000000342	15.6274
41.700000000000344	18.7548
41.800000000000345	20.1156
41.900000000000347	8.91532
42.000000000000348	9.9535
42.10000000000035	12.2267
42.200000000000351	9.83897
42.300000000000352	25.9958
42.400000000000354	7.63248
42.500000000000355	5.76139
42.600000000000357	9.1983
42.700000000000358	11.3525
42.80000000000036	11.3525
42.900000000000361	2
43.000000000000362	3
43.100000000000364	3
43.200000000000365	3
43.300000000000367	3
43.400000000000368	14.2841
43.500000000000369	17.0154
43.600000000000371	15.9557
43.700000000000372	22.731
43.800000000000374	25.6503
43.900000000000375	19.7005
44.000000000000377	17.0489
44.100000000000378	14.7819
44.200000000000379	2.81899
44.300000000000381	17.0816
44.400000000000382	22.0289
44.500000000000384	6.24621
44.600000000000385	11.2098
44.700000000000387	3.47345
44.800000000000388	11.2307
44.900000000000389	15.892
45.000000000000391	13.6848
45.100000000000392	18.013
45.200000000000394	9.84211
45.300000000000395	5.18814
45.400000000000396	8.60413
45.500000000000398	3.75374
45.600000000000399	4.02014
45.700000000000401	4.02014
45.800000000000402	5.30643
45.900000000000404	14.1751
46.000000000000405	17.0794
46.100000000000406	15.0356
46.200000000000408	20.1338
46.300000000000409	9.7058
46.400000000000411	11.3032
46.500000000000412	11.2449
46.600000000000414	14.0188
46.700000000000415	10.3656
46.800000000000416	13.1427
46.900000000000418	12.037
47.000000000000419	11.2404
47.100000000000421	13.0468
47.200000000000422	16.5581
47.300000000000423	19.1648
47.400000000000425	19.9855
47.500000000000426	35.3269
47.600000000000428	19.0935
47.700000000000429	17.0817
47.800000000000431	15.1664
47.900000000000432	14.5968
48.000000000000433	15.2299
48.100000000000435	15.2956
48.200000000000436	9.39098
48.300000000000438	13.7877
48.400000000000439	13.6295
48.500000000000441	7.12171
48.600000000000442	11.1476
48.700000000000443	8.89856
48.800000000000445	8.89856
48.900000000000446	8.29104
49.000000000000448	23.3619
49.100000000000449	20.3139
49.20000000000045	9.40921
49.300000000000452	12.5677
49.400000000000453	15.2679
49.500000000000455	20.6323
49.600000000000456	12.727
49.700000000000458	6.48062
49.800000000000459	21.3822
49.90000000000046	16.7455
50.000000000000462	11.3747
50.100000000000463	12.8681
50.200000000000465	9.84131
50.300000000000466	7.55169
50.400000000000468	9.39679
50.500000000000469	6.47176
50.60000000000047	6.93386
50.700000000000472	10.9685
50.800000000000473	25.8683
50.900000000000475	5.82839
51.000000000000476	7.38342
51.100000000000477	13.0314
51.200000000000479	16.6434
51.30000000000048	32.0883
51.400000000000482	23.4843
51.500000000000483	6.02888
51.600000000000485	8.33628
51.700000000000486	7.61108
51.800000000000487	23.5598
51.900000000000489	15.881
52.00000000000049	15.9915
52.100000000000492	13.9489
52.200000000000493	6.9401
52.300000000000495	9.24279
52.400000000000496	11.2285
52.500000000000497	14.0334
52.600000000000499	9.68581
52.7000000000005	9.68581
52.800000000000502	1
52.900000000000503	1
53.000000000000504	1
53.100000000000506	1
53.200000000000507	7.44171
53.300000000000509	23.4207
53.40000000000051	20.1576
53.500000000000512	35.6216
53.600000000000513	19.0775
53.700000000000514	34.3007
53.800000000000516	11.1488
53.900000000000517	26.3279
54.000000000000519	43.0075
54.10000000000052	27.0642
54.200000000000522	13.8434
54.300000000000523	13.2121
54.400000000000524	8.47576
54.500000000000526	16.0444
54.600000000000527	5.88635
54.700000000000529	5.88635
54.80000000000053	4.99753
54.900000000000531	14.39
55.000000000000533	12.8419
55.100000000000534	12.8419
55.200000000000536	6.64099
55.300000000000537	22.4795
55.400000000000539	38.077
55.50000000000054	24.8503
55.600000000000541	13.3584
55.700000000000543	17.4808
55.800000000000544	20.1609
55.900000000000546	15.8502
56.000000000000547	8.11253
56.100000000000549	20.2665
56.20000000000055	20