10	1
10.1	1
10.199999999999999	1
10.299999999999999	1
10.399999999999999	1
10.499999999999998	1
10.599999999999998	1
10.699999999999998	1
10.799999999999997	1
10.899999999999997	1
10.999999999999996	1
11.099999999999996	1
11.199999999999996	1
11.299999999999995	1
11.399999999999995	1
11.499999999999995	1
11.599999999999994	1
11.699999999999994	1
11.799999999999994	1
11.899999999999993	1
11.999999999999993	1
12.099999999999993	1
12.199999999999992	1
12.299999999999992	1
12.399999999999991	1
12.499999999999991	1
12.599999999999991	1
12.69999999999999	1
12.79999999999999	1
12.89999999999999	1
12.999999999999989	1
13.099999999999989	1
13.199999999999989	1
13.299999999999988	1
13.399999999999988	1
13.499999999999988	1
13.599999999999987	1
13.699999999999987	1
13.799999999999986	1
13.899999999999986	1
13.999999999999986	1
14.099999999999985	1
14.199999999999985	1
14.299999999999985	1
14.399999999999984	1
14.499999999999984	1
14.599999999999984	1
14.699999999999983	1
14.799999999999983	1
14.899999999999983	1
14.999999999999982	1
15.099999999999982	1
15.199999999999982	1
15.299999999999981	1
15.399999999999981	1
15.49999999999998	1
15.59999999999998	1
15.69999999999998	1
15.799999999999979	1
15.899999999999979	1
15.999999999999979	1
16.09999999999998	1
16.199999999999982	1
16.299999999999983	1
16.399999999999984	1
16.499999999999986	1
16.599999999999987	1
16.699999999999989	1
16.79999999999999	1
16.899999999999991	1
16.999999999999993	1
17.099999999999994	1
17.199999999999996	1
17.299999999999997	1
17.399999999999999	1
17.5	1
17.600000000000001	1
17.700000000000003	1
17.800000000000004	1
17.900000000000006	1
18.000000000000007	1
18.100000000000009	1
18.20000000000001	1
18.300000000000011	1
18.400000000000013	1
18.500000000000014	1
18.600000000000016	1
18.700000000000017	1
18.800000000000018	1
18.90000000000002	1
19.000000000000021	1
19.100000000000023	1
19.200000000000024	1
19.300000000000026	1
19.400000000000027	1
19.500000000000028	1
19.60000000000003	1
19.700000000000031	1
19.800000000000033	1
19.900000000000034	1
20.000000000000036	1
20.100000000000037	1
20.200000000000038	1
20.30000000000004	1
20.400000000000041	1
20.500000000000043	1
20.600000000000044	1
20.700000000000045	1
20.800000000000047	1
20.900000000000048	1
21.00000000000005	1
21.100000000000051	1
21.200000000000053	1
21.300000000000054	1
21.400000000000055	1
21.500000000000057	1
21.600000000000058	1
21.70000000000006	1
21.800000000000061	1
21.900000000000063	1
22.000000000000064	1
22.100000000000065	1
22.200000000000067	1
22.300000000000068	1
22.40000000000007	1
22.500000000000071	1
22.600000000000072	1
22.700000000000074	1
22.800000000000075	1
22.900000000000077	1
23.000000000000078	1
23.10000000000008	1
23.200000000000081	1
23.300000000000082	1
23.400000000000084	1
23.500000000000085	1
23.600000000000087	1
23.700000000000088	1
23.80000000000009	1
23.900000000000091	1
24.000000000000092	1
24.100000000000094	1
24.200000000000095	1
24.300000000000097	1
24.400000000000098	1
24.500000000000099	1
24.600000000000101	1
24.700000000000102	1
24.800000000000104	1
24.900000000000105	1
25.000000000000107	1
25.100000000000108	1
25.200000000000109	1
25.300000000000111	1
25.400000000000112	1
25.500000000000114	1
25.600000000000115	1
25.700000000000117	1
25.800000000000118	1
25.900000000000119	1
26.000000000000121	1
26.100000000000122	1
26.200000000000124	1
26.300000000000125	1
26.400000000000126	1
26.500000000000128	1
26.600000000000129	1
26.700000000000131	1
26.800000000000132	1
26.900000000000134	1
27.000000000000135	1
27.100000000000136	1
27.200000000000138	1
27.300000000000139	1
27.400000000000141	1
27.500000000000142	4
27.600000000000144	3.5
27.700000000000145	4.96081
27.800000000000146	2.4804
27.900000000000148	3.23036
28.000000000000149	4.32888
28.100000000000151	2.16444
28.200000000000152	2.16444
28.300000000000153	3.91395
28.400000000000155	5.44587
28.500000000000156	8.1279
28.600000000000158	10.0136
28.700000000000159	11.8508
28.800000000000161	6.64373
28.900000000000162	6.64373
29.000000000000163	8.38895
29.100000000000165	10.2261
29.200000000000166	5.53746
29.300000000000168	6.99285
29.400000000000169	8.55001
29.500000000000171	4.72632
29.600000000000172	6.83469
29.700000000000173	4.2308
29.800000000000175	6.02162
29.900000000000176	7.77939
30.000000000000178	10.4314
30.100000000000179	12.2873
30.20000000000018	6.76526
30.300000000000182	6.76526
30.400000000000183	7.47459
30.500000000000185	3.93451
30.600000000000186	4.18867
30.700000000000188	2.09433
30.800000000000189	3.60158
30.90000000000019	5.23021
31.000000000000192	7.0468
31.100000000000193	3.86493
31.200000000000195	5.21978
31.300000000000196	7.03913
31.400000000000198	3.86144
31.500000000000199	4.36311
31.6000000000002	6.59219
31.700000000000202	3.2961
31.800000000000203	4.60551
31.900000000000205	4.60551
32.000000000000206	2.30275
32.100000000000207	3.42471
32.200000000000209	3.42471
32.30000000000021	1.71236
32.400000000000212	2.71236
32.500000000000213	2.71236
32.600000000000215	2.9
32.700000000000216	4.33944
32.800000000000217	5.75491
32.900000000000219	2.87745
33.00000000000022	5.18566
33.100000000000222	2.95912
33.200000000000223	4.13596
33.300000000000225	5.95641
33.400000000000226	3.59406
33.500000000000227	3.59406
33.600000000000229	4.37264
33.70000000000023	4.37264
33.800000000000232	2.18632
33.900000000000233	3.92502
34.000000000000234	4.8606
34.100000000000236	2.4303
34.200000000000237	2.4303
34.300000000000239	2
34.40000000000024	4.33944
34.500000000000242	4.78871
34.600000000000243	2.39435
34.700000000000244	3.48332
34.800000000000246	5.15136
34.900000000000247	6.98899
35.000000000000249	3.90377
35.10000000000025	5.24815
35.200000000000252	6.91541
35.300000000000253	3.74691
35.400000000000254	5.32926
35.500000000000256	7.3982
35.600000000000257	3.6991
35.700000000000259	3.6991
35.80000000000026	5.29642
35.900000000000261	2.92199
36.000000000000263	4.35363
36.100000000000264	6.10731
36.200000000000266	7.973
36.300000000000267	4.29077
36.400000000000269	4.29077
36.50000000000027	4.52383
36.600000000000271	2.26191
36.700000000000273	4.67808
36.800000000000274	6.33986
36.900000000000276	3.16993
37.000000000000277	3.16993
37.100000000000279	3.77231
37.20000000000028	5.34681
37.300000000000281	5.71454
37.400000000000283	5.71454
37.500000000000284	2
37.600000000000286	4.33944
37.700000000000287	6.09735
37.800000000000288	3.43873
37.90000000000029	4.48323
38.000000000000291	2.45938
38.100000000000293	3.21491
38.200000000000294	4.97875
38.300000000000296	6.56267
38.400000000000297	9.24196
38.500000000000298	4.88543
38.6000000000003	4.88543
38.700000000000301	6.33495
38.800000000000303	3.2464
38.900000000000304	3.2464
39.000000000000306	4.99853
39.100000000000307	5.75577
39.200000000000308	2.87788
39.30000000000031	3.5354
39.400000000000311	5.18589
39.500000000000313	7.01425
39.600000000000314	4.40465
39.700000000000315	6.1433
39.800000000000317	7.61295
39.900000000000318	3.80647
40.00000000000032	4.54669
40.100000000000321	6.24464
40.200000000000323	7.82454
40.300000000000324	3.91227
40.400000000000325	3.91227
40.500000000000327	2.5
40.600000000000328	4.33944
40.70000000000033	2.812
40.800000000000331	3.7704
40.900000000000333	2.8852
41.000000000000334	4.32993
41.100000000000335	5.56824
41.200000000000337	2.78412
41.300000000000338	3.46144
41.40000000000034	4.26592
41.500000000000341	2.60179
41.600000000000342	4.15474
41.700000000000344	5.96925
41.800000000000345	3.30665
41.900000000000347	1.94308
42.000000000000348	3.58747
42.10000000000035	2.06243
42.200000000000351	3.28002
42.300000000000352	1.93192
42.400000000000354	3.57853
42.500000000000355	5.21471
42.600000000000357	2.88514
42.700000000000358	3.54118
42.80000000000036	3.82357
42.900000000000361	3.82357
43.000000000000362	2
43.100000000000364	2.5
43.200000000000365	2.5
43.300000000000367	2.5
43.400000000000368	2.5
43.500000000000369	2
43.600000000000371	3.55301
43.700000000000372	6.09735
43.800000000000374	7.96541
43.900000000000375	4.34556
44.000000000000377	6.42514
44.100000000000378	3.44063
44.200000000000379	4.70764
44.300000000000381	2.56165
44.400000000000382	2.56165
44.500000000000384	1
44.600000000000385	3.55301
44.700000000000387	3.83446
44.8000000000