10	1
10.1	1
10.199999999999999	1
10.299999999999999	1
10.399999999999999	1
10.499999999999998	1
10.599999999999998	1
10.699999999999998	1
10.799999999999997	1
10.899999999999997	1
10.999999999999996	1
11.099999999999996	1
11.199999999999996	1
11.299999999999995	1
11.399999999999995	1
11.499999999999995	8
11.599999999999994	32
11.699999999999994	16.325
11.799999999999994	8.19312
11.899999999999993	17.0253
11.999999999999993	9.26927
12.099999999999993	21.5119
12.199999999999992	33.1541
12.299999999999992	44.9611
12.399999999999991	11.8787
12.499999999999991	22.9295
12.599999999999991	12.0813
12.69999999999999	12.0813
12.79999999999999	8.0183
12.89999999999999	19.6263
12.999999999999989	14.3012
13.099999999999989	26.5922
13.199999999999989	9.40787
13.299999999999988	19.3192
13.399999999999988	15.2175
13.499999999999988	26.7233
13.599999999999987	21.294
13.699999999999987	20.2837
13.799999999999986	9.61298
13.899999999999986	21.0046
13.999999999999986	33.4314
14.099999999999985	24.3765
14.199999999999985	36.5598
14.299999999999985	27.1747
14.399999999999984	38.792
14.499999999999984	22.7766
14.599999999999984	18.9791
14.699999999999983	11.2513
14.799999999999983	23.6079
14.899999999999983	14.9964
14.999999999999982	13.1956
15.099999999999982	25.5888
15.199999999999982	10.333
15.299999999999981	7.30355
15.399999999999981	19.1915
15.49999999999998	14.2013
15.59999999999998	10.7714
15.69999999999998	9.5734
15.799999999999979	20.0597
15.899999999999979	16.0067
15.999999999999979	20.9878
16.09999999999998	16.6988
16.199999999999982	14.9822
16.299999999999983	13.7638
16.399999999999984	13.031
16.499999999999986	11.2525
16.599999999999987	22.4792
16.699999999999989	15.6345
16.79999999999999	15.6243
16.899999999999991	14.0543
16.999999999999993	26.3847
17.099999999999994	20.379
17.199999999999996	32.0587
17.299999999999997	21.9891
17.399999999999999	11.2198
17.5	8.3888
17.600000000000001	9.73675
17.700000000000003	12.8823
17.800000000000004	25.1122
17.900000000000006	21.144
18.000000000000007	14.8968
18.100000000000009	14.1064
18.20000000000001	12.1607
18.300000000000011	12.1607
18.400000000000013	2
18.500000000000014	15.5228
18.600000000000016	18.0279
18.700000000000017	29.4873
18.800000000000018	21.0019
18.90000000000002	17.2633
19.000000000000021	9.95688
19.100000000000023	20.6366
19.200000000000024	10.2965
19.300000000000026	21.6047
19.400000000000027	16.5088
19.500000000000028	13.1643
19.60000000000003	13.1476
19.700000000000031	9.58171
19.800000000000033	9.58171
19.900000000000034	7.25303
20.000000000000036	18.3177
20.100000000000037	11.0649
20.200000000000038	11.0649
20.30000000000004	7.5777
20.400000000000041	12.0271
20.500000000000043	11.528
20.600000000000044	9.45996
20.700000000000045	21.779
20.800000000000047	15.1568
20.900000000000048	26.5761
21.00000000000005	22.5947
21.100000000000051	14.8228
21.200000000000053	9.08183
21.300000000000054	9.08183
21.400000000000055	7.91801
21.500000000000057	10.0713
21.600000000000058	6.02485
21.70000000000006	7.12681
21.800000000000061	2.89541
21.900000000000063	13.0353
22.000000000000064	14.1287
22.100000000000065	7.34929
22.200000000000067	5.43831
22.300000000000068	2.09181
22.40000000000007	7.97891
22.500000000000071	8.6223
22.600000000000072	11.2298
22.700000000000074	15.5097
22.800000000000075	26.9277
22.900000000000077	39.2617
23.000000000000078	14.6475
23.10000000000008	26.1367
23.200000000000081	9.86878
23.300000000000082	7.15665
23.400000000000084	9.41904
23.500000000000085	12.0588
23.600000000000087	11.2921
23.700000000000088	12.6026
23.80000000000009	11.1552
23.900000000000091	22.4307
24.000000000000092	7.53932
24.100000000000094	18.2683
24.200000000000095	18.7247
24.300000000000097	8.6716
24.400000000000098	8.6716
24.500000000000099	2
24.600000000000101	5.95317
24.700000000000102	16.9851
24.800000000000104	10.2053
24.900000000000105	21.515
25.000000000000107	16.9833
25.100000000000108	13.4457
25.200000000000109	24.7669
25.300000000000111	9.1579
25.400000000000112	21.3709
25.500000000000114	9.39932
25.600000000000115	13.6536
25.700000000000117	11.412
25.800000000000118	17.9077
25.900000000000119	16.3411
26.000000000000121	17.0263
26.100000000000122	12.1546
26.200000000000124	8.19943
26.300000000000125	11.9622
26.400000000000126	10.9282
26.500000000000128	10.9282
26.600000000000129	1
26.700000000000131	6.89244
26.800000000000132	16.3822
26.900000000000134	7.2329
27.000000000000135	9.58678
27.100000000000136	20.6561
27.200000000000138	9.34339
27.300000000000139	7.44182
27.400000000000141	9.71065
27.500000000000142	9.57834
27.600000000000144	9.57834
27.700000000000145	2
27.800000000000146	3.59266
27.900000000000148	6.0444
28.000000000000149	7.8059
28.100000000000151	9.27637
28.200000000000152	20.3676
28.300000000000153	17.0756
28.400000000000155	3.86855
28.500000000000156	13.1988
28.600000000000158	7.77655
28.700000000000159	13.2952
28.800000000000161	8.33059
28.900000000000162	10.5718
29.000000000000163	9.19671
29.100000000000165	19.8331
29.200000000000166	2
29.300000000000168	7.26102
29.400000000000169	15.9848
29.500000000000171	3.91665
29.600000000000172	14.5832
29.700000000000173	15.0069
29.800000000000175	16.2297
29.900000000000176	4.44169
30.000000000000178	4.44169
30.100000000000179	8.33628
30.20000000000018	12.9405
30.300000000000182	7.79186
30.400000000000183	6.32644
30.500000000000185	17.4081
30.600000000000186	5.13922
30.700000000000188	9.69207
30.800000000000189	6.23902
30.90000000000019	18.2758
31.000000000000192	4.09856
31.100000000000193	14.9702
31.200000000000195	18.1912
31.300000000000196	10.8322
31.400000000000198	9.82572
31.500000000000199	4.8558
31.6000000000002	5.88373
31.700000000000202	3.27393
31.800000000000203	8.11048
31.900000000000205	8.92842
32.000000000000206	21.085
32.100000000000207	11.0979
32.200000000000209	11.0979
32.30000000000021	4.94906
32.400000000000212	9.52622
32.500000000000213	7.44254
32.600000000000215	10.0471
32.700000000000216	7.78956
32.800000000000217	5.20593
32.900000000000219	6.8583
33.00000000000022	9.84464
33.100000000000222	13.1154
33.200000000000223	24.3441
33.300000000000225	8.81779
33.400000000000226	9.95704
33.500000000000227	19.5402
33.600000000000229	3.55037
33.70000000000023	15.1021
33.800000000000232	15.7829
33.900000000000233	13.4944
34.000000000000234	25.9375
34.100000000000236	16.4544
34.200000000000237	16.8197
34.300000000000239	13.4292
34.40000000000024	15.3586
34.500000000000242	9.02905
34.600000000000243	13.5559
34.700000000000244	5.37805
34.800000000000246	3.87547
34.900000000000247	15.3104
35.000000000000249	6.02009
35.10000000000025	8.09739
35.200000000000252	10.438
35.300000000000253	6.49884
35.400000000000254	17.8115
35.500000000000256	17.3744
35.600000000000257	18.074
35.700000000000259	8.14844
35.80000000000026	10.8558
35.900000000000261	22.1487
36.000000000000263	4.87456
36.100000000000264	15.0632
36.200000000000266	15.056
36.300000000000267	17.986
36.400000000000269	3.25752
36.50000000000027	13.3433
36.600000000000271	7.08782
36.700000000000273	8.61873
36.800000000000274	9.00843
36.900000000000276	3.85604
37.000000000000277	14.1487
37.100000000000279	6.32769
37.20000000000028	11.8749
37.300000000000281	5.3552
37.400000000000283	6.39445
37.500000000000284	3.96355
37.600000000000286	8.99337
37.700000000000287	11.8471
37.800000000000288	5.42148
37.90000000000029	8.6578
38.000000000000291	5.94298
38.100000000000293	5.94298
38.200000000000294	7.02286
38.300000000000296	4.00274
38.400000000000297	7.78716
38.500000000000298	9.34771
38.6000000000003	5.20147
38.700000000000301	6.75811
38.800000000000303	18.6196
38.900000000000304	30.318
39.000000000000306	24.5813
39.100000000000307	20.6998
39.200000000000308	15.2413
39.30000000000031	15.1529
39.400000000000311	27.2433
39.500000000000313	11.2081
39.600000000000314	12.0815
39.700000000000315	6.02981
39.800000000000317	11.5924
39.900000000000318	5.26419
40.00000000000032	5.39529
40.100000000000321	13.5661
40.200000000000323	8.5578
40.300000000000324	9.08283
40.400000000000325	15.3957
40.500000000000327	7.44326
40.600000000000328	6.13817
40.70000000000033	3.51902
40.800000000000331	4.17716
40.900000000000333	7.93261
41.000000000000334	8.85797
41.100000000000335	20.3789
41.200000000000337	16.5406
41.300000000000338	13.5472
41.40000000000034	14.1353
41.500000000000341	13.2192
41.600000000000342	12.1177
41.700000000000344	22.5269
41.800000000000345	10.2092
41.900000000000347	10.8309
42.000000000000348	8.9171
42.10000000000035	10.2382
42.200000000000351	5.21455
42.300000000000352	11.3688
42.400000000000354	13.1703
42.500000000000355	10.4153
42.600000000000357	10.8566
42.700000000000358	6.02315
42.80000000000036	6.53948
42.900000000000361	8.08893
43.000000000000362	19.0339
43.100000000000364	18.1571
43.200000000000365	17.2169
43.300000000000367	11.9759
43.400000000000368	14.7011
43.500000000000369	17.3441
43.600000000000371	12.3812
43.700000000000372	21.3504
43.800000000000374	17.5155
43.900000000000375	13.072
44.000000000000377	5.80874
44.100000000000378	9.38686
44.200000000000379	8.35135
44.300000000000381	10.4555
44.400000000000382	9.63222
44.500000000000384	7.42684
44.600000000000385	12.0255
44.700000000000387	15.2341
44.800000000000388	7.97225
44.900000000000389	8.08916
45.000000000000391	7.45674
45.100000000000392	8.89489
45.200000000000394	10.6144
45.300000000000395	13.4683
45.400000000000396	6.94578
45.500000000000398	11.1534
45.600000000000399	7.37459
45.700000000000401	17.0066
45.800000000000402	14.0821
45.900000000000404	15.4377
46.000000000000405	13.3758
46.100000000000406	12.9882
46.200000000000408	6.41724
46.300000000000409	9.05725
46.400000000000411	7.07959
46.500000000000412	7.07959
46.600000000000414	7.47918
46.700000000000415	12.8544
46.800000000000416	8.29907
46.900000000000418	9.54054
47.000000000000419	11.1434
47.100000000000421	4.65917
47.200000000000422	8.19509
47.300000000000423	12.857
47.400000000000425	11.8735
47.500000000000426	9.96869
47.600000000000428	10.0072
47.700000000000429	11.7163
47.800000000000431	13.9712
47.900000000000432	4.38462
48.000000000000433	16.1413
48.100000000000435	13.8032
48.200000000000436	12.871
48.300000000000438	5.34539
48.400000000000439	10.1032
48.500000000000441	7.41168
48.600000000000442	5.19433
48.700000000000443	6.40757
48.800000000000445	16.8532
48.900000000000446	10.7302
49.000000000000448	22.0422
49.100000000000449	17.7732
49.20000000000045	14.9718
49.300000000000452	16.1309
49.400000000000453	8.09727
49.500000000000455	20.211
49.600000000000456	17.4936
49.700000000000458	12.6595
49.800000000000459	15.4406
49.90000000000046	13.968
50.000000000000462	7.65213
50.100000000000463	7.57035
50.200000000000465	10.7166
50.300000000000466	12.1826
50.400000000000468	12.7505
50.500000000000469	13.4772
50.60000000000047	12.5525
50.700000000000472	17.6609
50.800000000000473	11.2425
50.900000000000475	11.3561
51.000000000000476	15.3199
51.100000000000477	26.9307
51.200000000000479	4.58181
51.30000000000048	5.47435
51.400000000000482	7.99768
51.500000000000483	11.32
51.600000000000485	6.16905
51.700000000000486	6.16905
51.800000000000487	10.0116
51.900000000000489	11.3659
52.00000000000049	15.0376
52.100000000000492	14.1046
52.200000000000493	7.56577
52.300000000000495	2.64445
52.400000000000496	6.31841
52.500000000000497	3.59966
52.600000000000499	11.3191
52.7000000000005	6.98599
52.800000000000502	17.9932
52.900000000000503	16.9968
53.000000000000504	11.0629
53.100000000000506	12.6601
53.200000000000507	16.0269
53.300000000000509	14.8748
53.40000000000051	11.7663
53.500000000000512	23.7729
53.600000000000513	8.81816
53.700000000000514	19.1452
53.800000000000516	11.4503
53.900000000000517	6.02055
54.000000000000519	7.01961
54.10000000000052	17.5555
54.200000000000522	11.0126
54.300000000000523	12.2972
54.400000000000524	12.7237
54.500000000000526	9.0869
54.600000000000527	9.0869
54.700000000000529	5.86441
54.80000000000053	7.17501
54.900000000000531	10.2855
55.000000000000533	11.2926
55.100000000000534	10.499
55.200000000000536	21.6091
55.300000000000537	12.5826
55.400000000000539	10.1573
55.50000000000054	7.14931
55.600000000000541	9.15401
55.700000000000543	5.04713
55.800000000000544	5.04713
55.900000000000546	10.0839
56.000000000000547	14.984
56.100000000000549	10.919
56.20000000000055	21.7696
56.300000000000551	18.7454
56.400000000000553	9.32878
56.5