10	1
10.1	1
10.199999999999999	1
10.299999999999999	1
10.399999999999999	1
10.499999999999998	1
10.599999999999998	1
10.699999999999998	1
10.799999999999997	1
10.899999999999997	1
10.999999999999996	1
11.099999999999996	1
11.199999999999996	1
11.299999999999995	1
11.399999999999995	1
11.499999999999995	1
11.599999999999994	1
11.699999999999994	1
11.799999999999994	1
11.899999999999993	1
11.999999999999993	1
12.099999999999993	1
12.199999999999992	1
12.299999999999992	1
12.399999999999991	1
12.499999999999991	1
12.599999999999991	1
12.69999999999999	1
12.79999999999999	1
12.89999999999999	1
12.999999999999989	1
13.099999999999989	1
13.199999999999989	1
13.299999999999988	1
13.399999999999988	1
13.499999999999988	1
13.599999999999987	1
13.699999999999987	1
13.799999999999986	1
13.899999999999986	1
13.999999999999986	1
14.099999999999985	1
14.199999999999985	1
14.299999999999985	1
14.399999999999984	1
14.499999999999984	1
14.599999999999984	1
14.699999999999983	1
14.799999999999983	1
14.899999999999983	1
14.999999999999982	1
15.099999999999982	1
15.199999999999982	1
15.299999999999981	1
15.399999999999981	1
15.49999999999998	1
15.59999999999998	1
15.69999999999998	1
15.799999999999979	1
15.899999999999979	1
15.999999999999979	1
16.09999999999998	4
16.199999999999982	12.5
16.299999999999983	12.5
16.399999999999984	16.2639
16.499999999999986	21.0897
16.599999999999987	11.4767
16.699999999999989	16.064
16.79999999999999	20.8402
16.899999999999991	25.5835
16.999999999999993	29.4391
17.099999999999994	34.3047
17.199999999999996	17.9085
17.299999999999997	18.0755
17.399999999999999	9.25671
17.5	9.25671
17.600000000000001	14.0037
17.700000000000003	7.91168
17.800000000000004	12.3711
17.900000000000006	8.39179
18.000000000000007	13.0716
18.100000000000009	16.8856
18.20000000000001	21.5724
18.300000000000011	26.3737
18.400000000000013	30.2607
18.500000000000014	35.1548
18.600000000000016	40.0748
18.700000000000017	21.749
18.800000000000018	21.749
18.90000000000002	1
19.000000000000021	10.7738
19.100000000000023	7.02048
19.200000000000024	11.4796
19.300000000000026	15.4298
19.400000000000027	20.2076
19.500000000000028	24.7498
19.60000000000003	15.144
19.700000000000031	9.08221
19.800000000000033	13.671
19.900000000000034	7.89052
20.000000000000036	4.49294
20.100000000000037	8.99389
20.200000000000038	6.78371
20.30000000000004	11.2485
20.400000000000041	14.9269
20.500000000000043	8.87391
20.600000000000044	13.1583
20.700000000000045	7.79924
20.800000000000047	7.79924
20.900000000000048	11.0079
21.00000000000005	15.6053
21.100000000000051	19.3841
21.200000000000053	24.2067
21.300000000000054	13.5099
21.400000000000055	17.2268
21.500000000000057	10.618
21.600000000000058	10.618
21.70000000000006	13.2274
21.800000000000061	8.17275
21.900000000000063	8.17275
22.000000000000064	11.6253
22.100000000000065	16.2938
22.200000000000067	20.0922
22.300000000000068	13.536
22.40000000000007	18.2626
22.500000000000071	10.4841
22.600000000000072	10.4841
22.700000000000074	2
22.800000000000075	3.5123
22.900000000000077	2.48465
23.000000000000078	5.74875
23.10000000000008	9.24815
23.200000000000081	6.12748
23.300000000000082	10.5876
23.400000000000084	14.2968
23.500000000000085	9.39384
23.600000000000087	5.62421
23.700000000000088	5.62421
23.80000000000009	1
23.900000000000091	5.19763
24.000000000000092	8.80618
24.100000000000094	7.12891
24.200000000000095	5.41392
24.300000000000097	7.59296
24.400000000000098	12.088
24.500000000000099	9.32566
24.600000000000101	14.0492
24.700000000000102	17.8218
24.800000000000104	9.45618
24.900000000000105	9.45618
25.000000000000107	6.52834
25.100000000000108	11.0975
25.200000000000109	7.44151
25.300000000000111	12.0774
25.400000000000112	15.8788
25.500000000000114	9.0867
25.600000000000115	9.0867
25.700000000000117	2
25.800000000000118	7.25303
25.900000000000119	10.7238
26.000000000000121	9.01528
26.100000000000122	13.553
26.200000000000124	9.30858
26.300000000000125	13.0764
26.400000000000126	17.8129
26.500000000000128	22.5286
26.600000000000129	27.3446
26.700000000000131	14.8308
26.800000000000132	17.8925
26.900000000000134	22.5471
27.000000000000135	11.8999
27.100000000000136	6.95995
27.200000000000138	10.718
27.300000000000139	7.47632
27.400000000000141	11.1489
27.500000000000142	15.7048
27.600000000000144	8.81589
27.700000000000145	12.4122
27.800000000000146	7.68742
27.900000000000148	12.2296
28.000000000000149	17.0263
28.100000000000151	10.199
28.200000000000152	10.6801
28.300000000000153	15.311
28.400000000000155	8.83983
28.500000000000156	10.8789
28.600000000000158	6.76827
28.700000000000159	6.20953
28.800000000000161	4.10133
28.900000000000162	8.45911
29.000000000000163	13.1148
29.100000000000165	7.38438
29.200000000000166	10.9968
29.300000000000168	15.5331
29.400000000000169	20.2865
29.500000000000171	24.1603
29.600000000000172	29.05
29.700000000000173	14.8486
29.800000000000175	14.8486
29.900000000000176	7.81738
30.000000000000178	5.99043
30.100000000000179	9.07217
30.20000000000018	13.2167
30.300000000000182	7.9839
30.400000000000183	11.4939
30.500000000000185	16.2004
30.600000000000186	9.78062
30.700000000000188	9.78062
30.800000000000189	13.2652
30.90000000000019	6.92839
31.000000000000192	5.46075
31.100000000000193	9.07375
31.200000000000195	13.6654
31.300000000000196	9.85082
31.400000000000198	14.4021
31.500000000000199	18.2114
31.6000000000002	23.0628
31.700000000000202	13.454
31.800000000000203	16.1615
31.900000000000205	9.42536
32.000000000000206	13.0062
32.100000000000207	17.6484
32.200000000000209	21.4397
32.30000000000021	12.2044
32.400000000000212	12.2044
32.500000000000213	1
32.600000000000215	3.39579
32.700000000000216	5.47941
32.800000000000217	10.0317
32.900000000000219	14.5949
33.00000000000022	19.3208
33.100000000000222	11.3297
33.200000000000223	14.3037
33.300000000000225	9.47654
33.400000000000226	13.1961
33.500000000000227	18.0125
33.600000000000229	22.7306
33.70000000000023	12.07
33.800000000000232	12.5589
33.900000000000233	17.264
34.000000000000234	10.5425
34.100000000000236	7.17686
34.200000000000237	10.8593
34.300000000000239	7.0389
34.40000000000024	11.0453
34.500000000000242	14.5697
34.600000000000243	11.0221
34.700000000000244	15.6152
34.800000000000246	20.3495
34.900000000000247	10.7256
35.000000000000249	14.1887
35.10000000000025	8.97591
35.200000000000252	12.526
35.300000000000253	17.2401
35.400000000000254	10.1421
35.500000000000256	14.8743
35.600000000000257	18.5868
35.700000000000259	11.5104
35.80000000000026	7.42875
35.900000000000261	9.56246
36.000000000000263	14.207
36.100000000000264	19.0297
36.200000000000266	23.7982
36.300000000000267	13.2899
36.400000000000269	17.9701
36.50000000000027	12.4523
36.600000000000271	16.2273
36.700000000000273	9.55931
36.800000000000274	6.39674
36.900000000000276	10.2662
37.000000000000277	13.9176
37.100000000000279	9.31229
37.20000000000028	7.21129
37.300000000000281	10.9738
37.400000000000283	7.01823
37.500000000000284	11.4783
37.600000000000286	16.1894
37.700000000000287	20.0577
37.800000000000288	24.8702
37.90000000000029	29.6429
38.000000000000291	8.09795
38.100000000000293	11.7452
38.200000000000294	16.3794
38.300000000000296	10.4783
38.400000000000297	14.2162
38.500000000000298	18.9311
38.6000000000003	13.112
38.700000000000301	9.06683
38.800000000000303	12.7495
38.900000000000304	17.4029
39.000000000000306	10.8324
39.100000000000307	6.84793
39.200000000000308	9.12047
39.30000000000031	6.17136
39.400000000000311	10.7071
39.500000000000313	14.3853
39.600000000000314	9.47647
39.700000000000315	10.7672
39.800000000000317	14.43
39.900000000000318	8.37219
40.00000000000032	12.7482
40.100000000000321	8.10489
40.200000000000323	8.81897
40.300000000000324	13.3488
40.400000000000325	6.78615
40.500000000000327	6.78615
40.600000000000328	10.8871
40.70000000000033	8.12634
40.800000000000331	12.7472
40.900000000000333	16.4544
41.000000000000334	9.31369
41.100000000000335	6.62212
41.200000000000337	10.2122
41.300000000000338	14.9891
41.40000000000034	9.57757
41.500000000000341	5.69879
41.600000000000342	9.10768
41.700000000000344	13.761
41.800000000000345	9.96001
41.900000000000347	7.07215
42.000000000000348	10.6973
42.10000000000035	15.3229
42.200000000000351	20.1262
42.300000000000352	24.0259
42.400000000000354	13.429
42.500000000000355	8.59239
42.600000000000357	13.2008
42.700000000000358	17.0446
42.80000000000036	11.4405
42.900000000000361	16.1627
43.000000000000362	20.0362
43.100000000000364	11.7218
43.200000000000365	5.90357
43.300000000000367	5.2
43.400000000000368	8.80756
43.500000000000369	13.3413
43.600000000000371	18.119
43.700000000000372	10.0821
43.800000000000374	6.96371
43.900000000000375	10.9979
44.000000000000377	7.38166
44.100000000000378	11.0859
44.200000000000379	15.7877
44.300000000000381	9.96853
44.400000000000382	12.065
44.500000000000384	16.4278
44.600000000000385	20.979
44.700000000000387	25.5404
44.800000000000388	15.2728
44.900000000000389	9.30124
45.000000000000391	14.033
45.100000000000392	17.7528
45.200000000000394	22.4811
45.300000000000395	13.2057
45.400000000000396	14.7818
45.500000000000398	9.17996
45.600000000000399	6.33631
45.700000000000401	8.02418
45.800000000000402	12.5234
45.900000000000404	8.05483
46.000000000000405	12.5429
46.100000000000406	7.47498
46.200000000000408	7.47498
46.300000000000409	3.33333
46.400000000000411	7.61288
46.500000000000412	4.69487
46.600000000000414	4.69487
46.700000000000415	3.21092
46.800000000000416	7.42761
46.900000000000418	11.1164
47.000000000000419	7.31181
47.100000000000421	11.0398
47.200000000000422	7.28379
47.300000000000423	11.0214
47.400000000000425	7.42122
47.500000000000426	12.065
47.600000000000428	15.8061
47.700000000000429	10.0508
47.800000000000431	13.0107
47.900000000000432	9.83546
48.000000000000433	13.4555
48.100000000000435	18.2031
48.200000000000436	10.2405
48.300000000000438	5.9815
48.400000000000439	10.3115
48.500000000000441	7.33392
48.600000000000442	12.0118
48.700000000000443	15.702
48.800000000000445	9.20204
48.900000000000446	10.9935
49.000000000000448	7.38002
49.100000000000449	12.0398
49.20000000000045	16.7118
49.300000000000452	10.5774
49.400000000000453	13.4209
49.500000000000455	18.1776
49.600000000000456	11.2566
49.700000000000458	16.0333
49.800000000000459	19.8312
49.90000000000046	11.2183
50.000000000000462	13.4921
50.100000000000463	9.07037
50.200000000000465	13.6632
50.300000000000466	18.357
50.400000000000468	10.899
50.500000000000469	10.899
50.60000000000047	14.32
50.700000000000472	9.16344
50.800000000000473	12.9737
50.900000000000475	17.5676
51.000000000000476	10.5452
51.100000000000477	6.39129
51.200000000000479	10.0651
51.30000000000048	7.62792
51.400000000000482	12.1925
51.500000000000483	7.08533
51.600000000000485	10.3238
51.700000000000486	15.0652
51.800000000000487	19.8302
51.900000000000489	23.6095
52.00000000000049	13.3934
52.100000000000492	14.6791
52.200000000000493	18.4311
52.300000000000495	23.2365
52.400000000000496	13.0967
52.500000000000497	8.3037
52.600000000000499	12.0551
52.7000000000005	16.6629
52.800000000000502	11.737
52.900000000000503	7.11011
53.000000000000504	11.2702
53.100000000000506	6.42552
53.200000000000507	6.42552
53.300000000000509	3
53.40000000000051	7.20419
53.500000000000512	11.8491
53.600000000000513	8.20279
53.700000000000514	4.67487
53.800000000000516	5.47871
53.900000000000517	3.94926
54.000000000000519	2.93576
54.10000000000052	7.03692
54.200000000000522	5.62558
54.300000000000523	10.1113
54.400000000000524	13.8765
54.500000000000526	8.01329
54.600000000000527	12.5164
54.700000000000529	6.57096
54.80000000000053	11.0317
54.900000000000531	15.622
55.000000000000533	5.33827
55.100000000000534	9.00141
55.200000000000536	13.5438
55.300000000000537	9.22364
55.400000000000539	13.0162
55.50000000000054	17.6558
55.600000000000541	9.71926
55.700000000000543	7.62052
55.800000000000544	11.2456
55.900000000000546	7.23478
56.000000000000547	11.8676
56.100000000000549	7.77382
56.20000000000055	12.2838
56.300000000000551	16.9474
56.400000000000553	21.6208
56.500000000000554	11.7211
56.600000000000556	7.54475
56.700000000000557	12.1409
56.800000000000558	7.8047
56.90000000000056	8.66131
57.000000000000561	13.2456
57.100000000000563	18.0487
57.200000000000564	21.862
57.300000000000566	26.611
57.400000000000567	31.4374
57.500000000000568	36.310