10	1
10.1	1
10.199999999999999	1
10.299999999999999	1
10.399999999999999	1
10.499999999999998	1
10.599999999999998	1
10.699999999999998	1
10.799999999999997	1
10.899999999999997	1
10.999999999999996	1
11.099999999999996	1
11.199999999999996	1
11.299999999999995	1
11.399999999999995	1
11.499999999999995	1
11.599999999999994	1
11.699999999999994	1
11.799999999999994	1
11.899999999999993	1
11.999999999999993	1
12.099999999999993	1
12.199999999999992	1
12.299999999999992	1
12.399999999999991	1
12.499999999999991	1
12.599999999999991	1
12.69999999999999	1
12.79999999999999	1
12.89999999999999	1
12.999999999999989	1
13.099999999999989	1
13.199999999999989	1
13.299999999999988	1
13.399999999999988	1
13.499999999999988	1
13.599999999999987	1
13.699999999999987	1
13.799999999999986	1
13.899999999999986	1
13.999999999999986	1
14.099999999999985	1
14.199999999999985	1
14.299999999999985	1
14.399999999999984	1
14.499999999999984	1
14.599999999999984	1
14.699999999999983	1
14.799999999999983	1
14.899999999999983	1
14.999999999999982	1
15.099999999999982	1
15.199999999999982	1
15.299999999999981	1
15.399999999999981	1
15.49999999999998	1
15.59999999999998	1
15.69999999999998	1
15.799999999999979	1
15.899999999999979	1
15.999999999999979	1
16.09999999999998	1
16.199999999999982	1
16.299999999999983	1
16.399999999999984	1
16.499999999999986	1
16.599999999999987	1
16.699999999999989	1
16.79999999999999	1
16.899999999999991	1
16.999999999999993	1
17.099999999999994	1
17.199999999999996	1
17.299999999999997	1
17.399999999999999	1
17.5	1
17.600000000000001	1
17.700000000000003	1
17.800000000000004	1
17.900000000000006	1
18.000000000000007	1
18.100000000000009	1
18.20000000000001	1
18.300000000000011	1
18.400000000000013	1
18.500000000000014	1
18.600000000000016	1
18.700000000000017	1
18.800000000000018	1
18.90000000000002	1
19.000000000000021	1
19.100000000000023	1
19.200000000000024	1
19.300000000000026	1
19.400000000000027	1
19.500000000000028	1
19.60000000000003	1
19.700000000000031	1
19.800000000000033	2
19.900000000000034	2
20.000000000000036	4
20.100000000000037	8
20.200000000000038	8
20.30000000000004	16
20.400000000000041	29
20.500000000000043	29
20.600000000000044	14.5
20.700000000000045	14.5
20.800000000000047	14.5
20.900000000000048	1
21.00000000000005	2
21.100000000000051	4
21.200000000000053	4
21.300000000000054	7
21.400000000000055	7.14286
21.500000000000057	8.31709
21.600000000000058	8.31709
21.70000000000006	9.23468
21.800000000000061	10.1674
21.900000000000063	10.1674
22.000000000000064	11.1115
22.100000000000065	12.0643
22.200000000000067	13.024
22.300000000000068	13.024
22.40000000000007	13.9891
22.500000000000071	14.8916
22.600000000000072	14.8916
22.700000000000074	15.8057
22.800000000000075	16.7295
22.900000000000077	16.7295
23.000000000000078	17.6615
23.10000000000008	18.6006
23.200000000000081	19.5456
23.300000000000082	19.5456
23.400000000000084	20.4958
23.500000000000085	21.4505
23.600000000000087	21.4505
23.700000000000088	22.4091
23.80000000000009	23.3711
23.900000000000091	24.3362
24.000000000000092	24.3362
24.100000000000094	25.3039
24.200000000000095	26.2741
24.300000000000097	26.2741
24.400000000000098	27.2464
24.500000000000099	28.2205
24.600000000000101	29.1965
24.700000000000102	29.1965
24.800000000000104	30.1739
24.900000000000105	31.1528
25.000000000000107	31.1528
25.100000000000108	32.133
25.200000000000109	33.1143
25.300000000000111	33.1143
25.400000000000112	34.0967
25.500000000000114	35.0801
25.600000000000115	36.0644
25.700000000000117	36.0644
25.800000000000118	37.0496
25.900000000000119	38.0355
26.000000000000121	38.0355
26.100000000000122	39.0221
26.200000000000124	19.8163
26.300000000000125	19.8163
26.400000000000126	19.8163
26.500000000000128	1
26.600000000000129	2
26.700000000000131	2
26.800000000000132	5
26.900000000000134	6
27.000000000000135	9.54248
27.100000000000136	9.54248
27.200000000000138	10.4475
27.300000000000139	11.3681
27.400000000000141	11.3681
27.500000000000142	12.301
27.600000000000144	13.2434
27.700000000000145	13.2434
27.800000000000146	14.1936
27.900000000000148	15.15
28.000000000000149	16.1116
28.100000000000151	16.1116
28.200000000000152	17.0776
28.300000000000153	18.0471
28.400000000000155	18.0471
28.500000000000156	19.0197
28.600000000000158	19.995
28.700000000000159	20.9248
28.800000000000161	20.9248
28.900000000000162	21.8607
29.000000000000163	22.802
29.100000000000165	22.802
29.200000000000166	23.7481
29.300000000000168	24.6984
29.400000000000169	25.6525
29.500000000000171	25.6525
29.600000000000172	26.6099
29.700000000000173	27.5703
29.800000000000175	27.5703
29.900000000000176	28.5334
30.000000000000178	29.499
30.100000000000179	29.499
30.20000000000018	30.4667
30.300000000000182	31.4365
30.400000000000183	32.4081
30.500000000000185	32.4081
30.600000000000186	33.3813
30.700000000000188	34.3561
30.800000000000189	34.3561
30.90000000000019	35.3323
31.000000000000192	36.3097
31.100000000000193	37.2884
31.200000000000195	37.2884
31.300000000000196	38.2681
31.400000000000198	39.2489
31.500000000000199	39.2489
31.6000000000002	40.2306
31.700000000000202	41.2132
31.800000000000203	42.1965
31.900000000000205	42.1965
32.000000000000206	21.1811
32.100000000000207	21.7408
32.200000000000209	21.7408
32.30000000000021	22.6871
32.400000000000212	23.6378
32.500000000000213	23.6378
32.600000000000215	24.5924
32.700000000000216	25.5505
32.800000000000217	26.5116
32.900000000000219	26.5116
33.00000000000022	27.4754
33.100000000000222	28.4417
33.200000000000223	28.4417
33.300000000000225	29.4103
33.400000000000226	30.3809
33.500000000000227	31.3533
33.600000000000229	31.3533
33.70000000000023	32.3274
33.800000000000232	33.303
33.900000000000233	33.303
34.000000000000234	34.28
34.100000000000236	35.2583
34.200000000000237	35.2583
34.300000000000239	36.2378
34.40000000000024	37.2183
34.500000000000242	38.1998
34.600000000000243	38.1998
34.700000000000244	39.1823
34.800000000000246	40.1656
34.900000000000247	40.1656
35.000000000000249	41.1498
35.10000000000025	42.1346
35.200000000000252	43.1202
35.300000000000253	43.1202
35.400000000000254	44.1064
35.500000000000256	45.0932
35.600000000000257	45.0932
35.700000000000259	22.9206
35.80000000000026	22.9206
35.900000000000261	22.9206
36.000000000000263	1
36.100000000000264	2
36.200000000000266	4
36.300000000000267	4
36.400000000000269	5
36.50000000000027	11.0909
36.600000000000271	11.0909
36.700000000000273	12.0454
36.800000000000274	13.0065
36.900000000000276	13.9728
37.000000000000277	13.9728
37.100000000000279	14.8762
37.20000000000028	15.7912
37.300000000000281	15.7912
37.400000000000283	16.7158
37.500000000000284	17.6486
37.600000000000286	18.5883
37.700000000000287	18.5883
37.800000000000288	19.534
37.90000000000029	20.4847
38.000000000000291	20.4847
38.100000000000293	21.4399
38.200000000000294	22.3989
38.300000000000296	23.3614
38.400000000000297	23.3614
38.500000000000298	24.3268
38.6000000000003	25.2949
38.700000000000301	25.2949
38.800000000000303	26.2654
38.900000000000304	27.238
39.000000000000306	27.238
39.100000000000307	28.2125
39.200000000000308	29.1887
39.30000000000031	30.1664
39.400000000000311	30.1664
39.500000000000313	31.1455
39.600000000000314	32.1259
39.700000000000315	32.1259
39.800000000000317	33.1075
39.900000000000318	34.0901
40.00000000000032	17.089
40.100000000000321	17.089
40.200000000000323	17.089
40.300000000000324	17.089
40.400000000000325	1
40.500000000000327	2
40.600000000000328	5
40.70000000000033	8.24808
40.800000000000331	8.24808
40.900000000000333	9.06232
41.000000000000334	4.53116
41.100000000000335	4.53116
41.200000000000337	4.9623
41.300000000000338	5.7245
41.40000000000034	5.7245
41.500000000000341	6.5503
41.600000000000342	7.41837
41.700000000000344	8.31549
41.800000000000345	8.31549
41.900000000000347	9.23324
42.000000000000348	10.1661
42.10000000000035	10.1661
42.200000000000351	11.1103
42.300000000000352	12.0632
42.400000000000354	13.023
42.500000000000355	13.023
42.600000000000357	13.9882
42.700000000000358	14.8907
42.80000000000036	14.8907
42.900000000000361	15.8048
43.000000000000362	16.7287
43.100000000000364	17.6608
43.200000000000365	17.6608
43.300000000000367	18.5999
43.400000000000368	19.5449
43.5000