10	12.463
10.1	16.2355
10.199999999999999	20.0949
10.299999999999999	12.2523
10.399999999999999	16.0745
10.499999999999998	8.34308
10.599999999999998	11.0403
10.699999999999998	14.7029
10.799999999999997	18.45
10.899999999999997	22.2844
10.999999999999996	26.1678
11.099999999999996	14.2902
11.199999999999996	14.4298
11.299999999999995	7.521
11.399999999999995	10.1423
11.499999999999995	13.899
11.599999999999994	10.2316
11.699999999999994	14.0358
11.799999999999994	8.59077
11.899999999999993	9.79455
11.999999999999993	13.4257
12.099999999999993	17.2192
12.199999999999992	9.25434
12.299999999999992	6.09364
12.399999999999991	9.67465
12.499999999999991	14.2825
12.599999999999991	18.1171
12.69999999999999	21.9641
12.79999999999999	13.5209
12.89999999999999	17.2353
12.999999999999989	20.9584
13.099999999999989	13.2684
13.199999999999989	7.72146
13.299999999999988	11.3139
13.399999999999988	15.1094
13.499999999999988	19.9141
13.599999999999987	10.4251
13.699999999999987	14.1772
13.799999999999986	18.0342
13.899999999999986	21.8501
13.999999999999986	25.6434
14.099999999999985	13.2062
14.199999999999985	16.3284
14.299999999999985	19.9704
14.399999999999984	11.7827
14.499999999999984	8.2427
14.599999999999984	12.0134
14.699999999999983	15.7032
14.799999999999983	8.70021
14.899999999999983	5.10189
14.999999999999982	8.63492
15.099999999999982	12.2848
15.199999999999982	16.0993
15.299999999999981	19.9851
15.399999999999981	24.5685
15.49999999999998	15.1364
15.59999999999998	19.009
15.69999999999998	22.705
15.799999999999979	26.5269
15.899999999999979	13.3761
15.999999999999979	16.5267
16.09999999999998	9.76345
16.199999999999982	9.76345
16.299999999999983	4.93294
16.399999999999984	8.65466
16.499999999999986	5.685
16.599999999999987	9.20904
16.699999999999989	13.0059
16.79999999999999	7.47339
16.899999999999991	10.8733
16.999999999999993	8.12179
17.099999999999994	11.8466
17.199999999999996	15.5117
17.299999999999997	19.3089
17.399999999999999	5.91321
17.5	7.29234
17.600000000000001	5.72083
17.700000000000003	9.01037
17.800000000000004	12.6304
17.900000000000006	7.02911
18.000000000000007	8.69615
18.100000000000009	12.3278
18.20000000000001	16.1321
18.300000000000011	9.14611
18.400000000000013	6.04009
18.500000000000014	4.38346
18.600000000000016	2.89389
18.700000000000017	6.09459
18.800000000000018	9.57076
18.90000000000002	13.2637
19.000000000000021	7.90811
19.100000000000023	5.06923
19.200000000000024	5.81696
19.300000000000026	4.06744
19.400000000000027	7.14973
19.500000000000028	10.8415
19.60000000000003	6.62834
19.700000000000031	6.62834
19.800000000000033	10.1174
19.900000000000034	6.37561
20.000000000000036	10.0552
20.100000000000037	13.6166
20.200000000000038	8.1177
20.30000000000004	5.30434
20.400000000000041	8.98157
20.500000000000043	12.5301
20.600000000000044	6.84293
20.700000000000045	4.67608
20.800000000000047	2.83112
20.900000000000048	6.06658
21.00000000000005	9.55309
21.100000000000051	6.1563
21.200000000000053	9.81686
21.300000000000054	14.3789
21.400000000000055	8.32016
21.500000000000057	8.32016
21.600000000000058	4.8833
21.70000000000006	8.02183
21.800000000000061	5.2647
21.900000000000063	8.9585
22.000000000000064	12.5136
22.100000000000065	16.2743
22.200000000000067	11.248
22.300000000000068	15.0602
22.40000000000007	7.98229
22.500000000000071	7.98229
22.600000000000072	2
22.700000000000074	5.44207
22.800000000000075	9.06265
22.900000000000077	6.06052
23.000000000000078	5.0711
23.10000000000008	8.49935
23.200000000000081	6.77986
23.300000000000082	4.30721
23.400000000000084	4.30721
23.500000000000085	1
23.600000000000087	4.33944
23.700000000000088	7.96541
23.80000000000009	4.62597
23.900000000000091	8.12223
24.000000000000092	11.8469
24.100000000000094	15.5119
24.200000000000095	9.04061
24.300000000000097	4.52031
24.400000000000098	4.52031
24.500000000000099	3.55301
24.600000000000101	7.02286
24.700000000000102	10.5704
24.800000000000104	14.2841
24.900000000000105	8.51779
25.000000000000107	12.1205
25.100000000000108	15.9745
25.200000000000109	8.53303
25.300000000000111	11.5376
25.400000000000112	8.15597
25.500000000000114	11.87
25.600000000000115	15.3999
25.700000000000117	9.13574
25.800000000000118	12.8766
25.900000000000119	7.13986
26.000000000000121	3.63996
26.100000000000122	5.97981
26.200000000000124	4.84149
26.300000000000125	4.2972
26.400000000000126	8.67055
26.500000000000128	4.67048
26.600000000000129	4.67048
26.700000000000131	2
26.800000000000132	5.19763
26.900000000000134	8.80618
27.000000000000135	5.09153
27.100000000000136	7.76865
27.200000000000138	11.3461
27.300000000000139	6.83593
27.400000000000141	10.0558
27.500000000000142	5.02789
27.600000000000144	5.02789
27.700000000000145	4.33944
27.800000000000146	7.96541
27.900000000000148	11.4811
28.000000000000149	6.78201
28.100000000000151	6.78201
28.200000000000152	9.39811
28.300000000000153	5.75605
28.400000000000155	7.30571
28.500000000000156	11.0358
28.600000000000158	6.40191
28.700000000000159	4.36451
28.800000000000161	7.97883
28.900000000000162	11.4904
29.000000000000163	7.66418
29.100000000000165	11.1857
29.200000000000166	7.03652
29.300000000000168	4.40852
29.400000000000169	4.40852
29.500000000000171	2
29.600000000000172	1.91723
29.700000000000173	2.5405
29.800000000000175	5.94462
29.900000000000176	3.99548
30.000000000000178	2.4585
30.100000000000179	5.73834
30.20000000000018	9.24175
30.300000000000182	13.029
30.400000000000183	7.71239
30.500000000000185	7.71239
30.600000000000186	2
30.700000000000188	6.77034
30.800000000000189	10.1115
30.90000000000019	7.48048
31.000000000000192	5.31126
31.100000000000193	3.89219
31.200000000000195	6.13304
31.300000000000196	9.69931
31.400000000000198	5.43579
31.500000000000199	6.30061
31.6000000000002	9.59803
31.700000000000202	5.76343
31.800000000000203	4.3277
31.900000000000205	3.28459
32.000000000000206	5.41328
32.100000000000207	8.93365
32.200000000000209	6.50657
32.30000000000021	3.8896
32.400000000000212	4.38785
32.500000000000213	7.99138
32.600000000000215	11.4114
32.700000000000216	5.70571
32.800000000000217	5.70571
32.900000000000219	4.33944
33.00000000000022	2.87745
33.100000000000222	4.07986
33.200000000000223	4.11267
33.300000000000225	7.58531
33.400000000000226	4.73711
33.500000000000227	7.13132
33.600000000000229	4.45652
33.70000000000023	8.97611
33.800000000000232	5.06686
33.900000000000233	2.99344
34.000000000000234	4.40023
34.100000000000236	3.6008
34.200000000000237	3.87851
34.300000000000239	3.87851
34.40000000000024	2.5
34.500000000000242	6.09735
34.600000000000243	9.67696
34.700000000000244	6.12127
34.800000000000246	9.48217
34.900000000000247	6.36804
35.000000000000249	7.79463
35.10000000000025	5.36371
35.200000000000252	6.70792
35.300000000000253	4.56363
35.400000000000254	7.70444
35.500000000000256	5.21053
35.600000000000257	3.85835
35.700000000000259	6.11207
35.80000000000026	4.29245
35.900000000000261	3.63876
36.000000000000263	6.30904
36.100000000000264	10.0135
36.200000000000266	6.57738
36.300000000000267	10.1834
36.400000000000269	5.18945
36.50000000000027	5.18945
36.600000000000271	2.9
36.700000000000273	5.75491
36.800000000000274	3.91891
36.900000000000276	7.20967
37.000000000000277	5.15606
37.100000000000279	7.27558
37.20000000000028	5.34302
37.300000000000281	9.00419
37.400000000000283	5.7297
37.500000000000284	8.19704
37.600000000000286	5.77791
37.700000000000287	8.47178
37.800000000000288	13.1229
37.90000000000029	16.866
38.000000000000291	5.13111
38.100000000000293	8.04886
38.200000000000294	11.6256
38.300000000000296	15.3438
38.400000000000297	8.05421
38.500000000000298	10.2525
38.6000000000003	7.39252
38.700000000000301	5.0239
38.800000000000303	2.9944
38.900000000000304	6.14062
39.000000000000306	4.13651
39.100000000000307	7.59798
39.200000000000308	5.06493
39.30000000000031	4.35709
39.400000000000311	7.17577
39.500000000000313	3.58789
39.600000000000314	6.28065
39.700000000000315	4.0147
39.800000000000317	3.92523
39.900000000000318	7.21302
40.00000000000032	4.91494
40.100000000000321	8.2877
40.200000000000323	5.23136
40.300000000000324	8.59473
40.400000000000325	5.35274
40.500000000000327	9.0099
40.600000000000328	5.70398
40.70000000000033	4.21098
40.800000000000331	6.00792
40.900000000000333	9.51626
41.000000000000334	13.2246
41.100000000000335	7.46679
41.200000000000337	5.00118
41.300000000000338	8.21674
41.40000000000034	4.83941
41.500000000000341	2.89844
41.600000000000342	6.09664
41.700000000000344	4.16788
41.800000000000345	5.80603
41.900000000000347	3.55541
42.000000000000348	3.27217
42.10000000000035	6.58981
42.200000000000351	5.174
42.300000000000352	3.91117
42.400000000000354	6.77181
42.500000000000355	3.87276
42.600000000000357	3.87276
42.700000000000358	5.41686
42.80000000000036	5.41686
42.900000000000361	2
43.000000000000362	2
43.100000000000364	2
43.200000000000365	2
43.300000000000367	2.9
43.400000000000368	1.62241
43.500000000000369	4.16703
43.600000000000371	7.61429
43.700000000000372	10.8782
43.800000000000374	5.7531
43.900000000000375	9.0307
44.000000000000377	6.33816
44.100000000000378	4.49665
44.200000000000379	8.05053
44.300000000000381	6.12302
44.400000000000382	4.26583
44.500000000000384	7.7981
44.600000000000385	11.2775
44.700000000000387	15.0822
44.800000000000388	8.17855
44.900000000000389	4.39135
45.000000000000391	7.99326
45.100000000000392	4.95247
45.200000000000394	5.15439
45.300000000000395	5.15439
45.400000000000396	3.55301
45.500000000000398	7.96541
45.600000000000399	11.4811
45.700000000000401	15.2348
45.800000000000402	8.83583
45.900000000000404	5.15332
46.000000000000405	8.4294
46.100000000000406	12.1417
46.200000000000408	7.30766
46.300000000000409	7.96801
46.400000000000411	11.3067
46.500000000000412	9.07959
46.600000000000414	6.05658
46.700000000000415	7.27097
46.800000000000416	3.63549
46.900000000000418	3.63549
47.000000000000419	3.55301
47.100000000000421	5.92867
47.200000000000422	3.60456
47.300000000000423	7.04828
47.400000000000425	3.73284
47.500000000000426	8.04466
47.600000000000428	11.6227
47.700000000000429	7.26827
47.800000000000431	10.353
47.900000000000432	5.77935
48.000000000000433	9.26702
48.100000000000435	13.0469
48.200000000000436	8.412
48.300000000000438	11.8789
48.400000000000439	3.94905
48.500000000000441	7.22571
48.600000000000442	4.31246
48.700000000000443	6.55931
48.800000000000445	4.12237
48.900000000000446	7.59046
49.000000000000448	11.2254
49.100000000000449	14.7065
49.20000000000045	3.74461
49.300000000000452	2.00583
49.400000000000453	5.19959
49.500000000000455	3.91955
49.600000000000456	4.17468
49.700000000000458	4.17468
49.800000000000459	3.55301
49.90000000000046	7.02286
50.000000000000462	4.99187
50.100000000000463	2.78525
50.200000000000465	2.78525
50.300000000000466	1
50.400000000000468	4.33944
50.500000000000469	7.96541
50.60000000000047	5.14064
50.700000000000472	7.53751
50.800000000000473	12.1364
50.900000000000475	7.30546
51.000000000000476	7.30546
51.100000000000477	10.8521
51.200000000000479	14.4934
51.30000000000048	9.47365
51.400000000000482	13.194
51.500000000000483	6.93059
51.600000000000485	6.93059
51.700000000000486	3.33333
51.800000000000487	7.20419
51.900000000000489	10.8773
52.00000000000049	8.48698
52.100000000000492	12.1816
52.200000000000493	7.50193
52.300000000000495	11.166
52.400000000000496	14.9992
52.500000000000497	9.18682
52.600000000000499	5.97805
52.7000000000005	9.39111
52.800000000000502	13.1351
52.900000000000503	7.22518
53.000000000000504	5.68752
53.100000000000506	9.21058
53.200000000000507	13.007
53.300000000000509	8.57604
53.40000000000051	12.2436
53.500000000000512	6.20321
53.600000000000513	8.6496
53.700000000000514	5.0348
53.800000000000516	3.80022
53.900000000000517	3.80022
54.000000000000519	1
54.10000000000052	4.99753
54.200000000000522	8.33628
54.300000000000523	12.0775
54.400000000000524	6.28303
54.500000000000526	6.28303
54.600000000000527	3
54.700000000000529	2.42374
54.80000000000053	4.96252
54.900000000000531	7.94377
55.000000000000533	5.29823
55.100000000000534	3.9521
55.200000000000536	6.94216
55.300000000000537	5.01408
55.400000000000539	5.01408
55.50000000000054	5.01408
55.600000000000541	2.9
55.700000000000543	6.5768
55.800000000000544	9.7803
55.900000000000546	6.24299
56.000000000000547	8.56118
56.100000000000549	5.60277
56.20000000000055	8.82327
56.300000000000551	5