10	1
10.1	1
10.199999999999999	1
10.299999999999999	1
10.399999999999999	1
10.499999999999998	1
10.599999999999998	1
10.699999999999998	1
10.799999999999997	1
10.899999999999997	1
10.999999999999996	1
11.099999999999996	1
11.199999999999996	1
11.299999999999995	1
11.399999999999995	1
11.499999999999995	1
11.599999999999994	1
11.699999999999994	1
11.799999999999994	1
11.899999999999993	1
11.999999999999993	1
12.099999999999993	1
12.199999999999992	1
12.299999999999992	1
12.399999999999991	1
12.499999999999991	1
12.599999999999991	1
12.69999999999999	1
12.79999999999999	1
12.89999999999999	1
12.999999999999989	1
13.099999999999989	1
13.199999999999989	1
13.299999999999988	1
13.399999999999988	1
13.499999999999988	1
13.599999999999987	1
13.699999999999987	1
13.799999999999986	1
13.899999999999986	1
13.999999999999986	1
14.099999999999985	1
14.199999999999985	1
14.299999999999985	1
14.399999999999984	1
14.499999999999984	1
14.599999999999984	1
14.699999999999983	1
14.799999999999983	1
14.899999999999983	1
14.999999999999982	1
15.099999999999982	1
15.199999999999982	1
15.299999999999981	1
15.399999999999981	1
15.49999999999998	1
15.59999999999998	1
15.69999999999998	1
15.799999999999979	1
15.899999999999979	1
15.999999999999979	1
16.09999999999998	1
16.199999999999982	1
16.299999999999983	1
16.399999999999984	1
16.499999999999986	1
16.599999999999987	1
16.699999999999989	1
16.79999999999999	1
16.899999999999991	1
16.999999999999993	1
17.099999999999994	1
17.199999999999996	1
17.299999999999997	1
17.399999999999999	1
17.5	1
17.600000000000001	1
17.700000000000003	1
17.800000000000004	1
17.900000000000006	1
18.000000000000007	1
18.100000000000009	1
18.20000000000001	1
18.300000000000011	1
18.400000000000013	1
18.500000000000014	1
18.600000000000016	1
18.700000000000017	1
18.800000000000018	1
18.90000000000002	1
19.000000000000021	1
19.100000000000023	1
19.200000000000024	1
19.300000000000026	1
19.400000000000027	1
19.500000000000028	1
19.60000000000003	1
19.700000000000031	1
19.800000000000033	1
19.900000000000034	1
20.000000000000036	1
20.100000000000037	1
20.200000000000038	1
20.30000000000004	1
20.400000000000041	1
20.500000000000043	1
20.600000000000044	1
20.700000000000045	1
20.800000000000047	1
20.900000000000048	1
21.00000000000005	1
21.100000000000051	1
21.200000000000053	1
21.300000000000054	1
21.400000000000055	1
21.500000000000057	1
21.600000000000058	1
21.70000000000006	1
21.800000000000061	1
21.900000000000063	1
22.000000000000064	1
22.100000000000065	1
22.200000000000067	1
22.300000000000068	1
22.40000000000007	1
22.500000000000071	1
22.600000000000072	1
22.700000000000074	1
22.800000000000075	1
22.900000000000077	1
23.000000000000078	1
23.10000000000008	1
23.200000000000081	1
23.300000000000082	1
23.400000000000084	1
23.500000000000085	1
23.600000000000087	1
23.700000000000088	1
23.80000000000009	1
23.900000000000091	1
24.000000000000092	1
24.100000000000094	1
24.200000000000095	1
24.300000000000097	1
24.400000000000098	1
24.500000000000099	1
24.600000000000101	1
24.700000000000102	1
24.800000000000104	1
24.900000000000105	1
25.000000000000107	1
25.100000000000108	1
25.200000000000109	1
25.300000000000111	1
25.400000000000112	1
25.500000000000114	1
25.600000000000115	1
25.700000000000117	1
25.800000000000118	1
25.900000000000119	1
26.000000000000121	1
26.100000000000122	1
26.200000000000124	1
26.300000000000125	1
26.400000000000126	1
26.500000000000128	1
26.600000000000129	1
26.700000000000131	1
26.800000000000132	1
26.900000000000134	1
27.000000000000135	1
27.100000000000136	1
27.200000000000138	1
27.300000000000139	1
27.400000000000141	1
27.500000000000142	1
27.600000000000144	1
27.700000000000145	1
27.800000000000146	1
27.900000000000148	1
28.000000000000149	1
28.100000000000151	1
28.200000000000152	1
28.300000000000153	1
28.400000000000155	1
28.500000000000156	1
28.600000000000158	1
28.700000000000159	1
28.800000000000161	1
28.900000000000162	1
29.000000000000163	1
29.100000000000165	2
29.200000000000166	7
29.300000000000168	3.78571
29.400000000000169	5.3561
29.500000000000171	7.13997
29.600000000000172	3.56998
29.700000000000173	3.56998
29.800000000000175	2
29.900000000000176	3.24483
30.000000000000178	4.78871
30.100000000000179	6.09735
30.20000000000018	3.37668
30.300000000000182	5.0817
30.400000000000183	6.79102
30.500000000000185	4.13268
30.600000000000186	5.22682
30.700000000000188	7.04431
30.800000000000189	8.70839
30.90000000000019	10.1978
31.000000000000192	11.6675
31.100000000000193	6.24898
31.200000000000195	6.24898
31.300000000000196	3.35868
31.400000000000198	4.42335
31.500000000000199	6.15654
31.6000000000002	8.01056
31.700000000000202	4.42349
31.800000000000203	5.64051
31.900000000000205	7.07424
32.000000000000206	3.81983
32.100000000000207	4.32663
32.200000000000209	6.25261
32.30000000000021	8.08422
32.400000000000212	4.4
32.500000000000213	5.97258
32.600000000000215	3.39574
32.700000000000216	5.09404
32.800000000000217	6.6498
32.900000000000219	8.02557
33.00000000000022	9.72642
33.100000000000222	10.9875
33.200000000000223	12.6041
33.300000000000225	14.4569
33.400000000000226	6.39974
33.500000000000227	8.1766
33.600000000000229	10.0531
33.70000000000023	5.45773
33.800000000000232	5.99011
33.900000000000233	7.62399
34.000000000000234	9.18219
34.100000000000236	10.885
34.200000000000237	12.6742
34.300000000000239	14.3793
34.40000000000024	7.56329
34.500000000000242	4.10138
34.600000000000243	4.57534
34.700000000000244	5.93284
34.800000000000246	7.57933
34.900000000000247	4.10876
35.000000000000249	4.10876
35.10000000000025	5.00849
35.200000000000252	6.73692
35.300000000000253	8.46263
35.400000000000254	10.9488
35.500000000000256	5.47438
35.600000000000257	3.47438
35.700000000000259	6.49166
35.80000000000026	3.24583
35.900000000000261	4.09603
36.000000000000263	4.57058
36.100000000000264	2.28529
36.200000000000266	2.72287
36.300000000000267	2.72287
36.400000000000269	2
36.50000000000027	3.55301
36.600000000000271	4.78871
36.700000000000273	2.812
36.800000000000274	3.7704
36.900000000000276	3.7704
37.000000000000277	1.8852
37.100000000000279	3.54122
37.20000000000028	5.18976
37.300000000000281	2.98026
37.400000000000283	5.04256
37.500000000000284	6.76205
37.600000000000286	7.73701
37.700000000000287	3.8685
37.800000000000288	4.127
37.90000000000029	4.127
38.000000000000291	2
38.100000000000293	3.55301
38.200000000000294	5.19763
38.300000000000296	2.59882
38.400000000000297	4.15298
38.500000000000298	5.96804
38.6000000000003	7.33665
38.700000000000301	9.05753
38.800000000000303	10.5923
38.900000000000304	12.424
39.000000000000306	14.3003
39.100000000000307	16.2056
39.200000000000308	8.31638
39.30000000000031	8.78736
39.400000000000311	4.83361
39.500000000000313	6.29544
39.600000000000314	7.9921
39.700000000000315	9.69889
39.800000000000317	4.84944
39.900000000000318	4.84944
40.00000000000032	6.46603
40.100000000000321	7.87456
40.200000000000323	4.65559
40.300000000000324	6.32346
40.400000000000325	6.93393
40.500000000000327	4.02169
40.600000000000328	5.70363
40.70000000000033	7.26474
40.800000000000331	3.63237
40.900000000000333	3.63237
41.000000000000334	2
41.100000000000335	3.55301
41.200000000000337	2.04763
41.300000000000338	2.04763
41.40000000000034	1
41.500000000000341	2
41.600000000000342	2
41.700000000000344	2
41.800000000000345	2
41.900000000000347	2
42.000000000000348	3.24483
42.10000000000035	4.09525
42.200000000000351	5.75491
42.300000000000352	7.30482
42.400000000000354	4.04547
42.500000000000355	5.35282
42.600000000000357	6.99456
42.700000000000358	3.63882
42.80000000000036	3.63882
42.900000000000361	2.63882
43.000000000000362	2.5
43.100000000000364	4.33944
43.200000000000365	5.39003
43.300000000000367	2.69501
43.400000000000368	2.69501
43.500000000000369	2
43.600000000000371	3.55301
43.700000000000372	6.09735
43.800000000000374	7.16526
43.900000000000375	3.58263
44.000000000000377	3.58263
44.100000000000378	4.1207
44.200000000000379	5.94599
44.300000000000381	7.58958
44.400000000000382	4.11348
44.500000000000384	5.58876
44.600000000000385	6.88811
44.700000000000387	3.44406
44.800000000000388	4.48724
44.900000000000389	5.69013
45.000000000000391	7.25421
45.100000000000392	4.26577
45.200000000000394	3