10	1
10.1	1
10.199999999999999	1
10.299999999999999	1
10.399999999999999	1
10.499999999999998	1
10.599999999999998	1
10.699999999999998	1
10.799999999999997	1
10.899999999999997	1
10.999999999999996	1
11.099999999999996	1
11.199999999999996	1
11.299999999999995	1
11.399999999999995	1
11.499999999999995	1
11.599999999999994	1
11.699999999999994	1
11.799999999999994	1
11.899999999999993	1
11.999999999999993	1
12.099999999999993	1
12.199999999999992	1
12.299999999999992	1
12.399999999999991	1
12.499999999999991	1
12.599999999999991	1
12.69999999999999	1
12.79999999999999	1
12.89999999999999	1
12.999999999999989	1
13.099999999999989	1
13.199999999999989	1
13.299999999999988	1
13.399999999999988	1
13.499999999999988	1
13.599999999999987	1
13.699999999999987	1
13.799999999999986	1
13.899999999999986	1
13.999999999999986	1
14.099999999999985	1
14.199999999999985	1
14.299999999999985	1
14.399999999999984	1
14.499999999999984	1
14.599999999999984	1
14.699999999999983	1
14.799999999999983	1
14.899999999999983	1
14.999999999999982	1
15.099999999999982	1
15.199999999999982	1
15.299999999999981	1
15.399999999999981	1
15.49999999999998	1
15.59999999999998	1
15.69999999999998	1
15.799999999999979	1
15.899999999999979	1
15.999999999999979	1
16.09999999999998	1
16.199999999999982	1
16.299999999999983	1
16.399999999999984	1
16.499999999999986	1
16.599999999999987	1
16.699999999999989	1
16.79999999999999	1
16.899999999999991	1
16.999999999999993	1
17.099999999999994	1
17.199999999999996	1
17.299999999999997	1
17.399999999999999	1
17.5	1
17.600000000000001	1
17.700000000000003	1
17.800000000000004	1
17.900000000000006	1
18.000000000000007	1
18.100000000000009	1
18.20000000000001	1
18.300000000000011	1
18.400000000000013	1
18.500000000000014	1
18.600000000000016	1
18.700000000000017	1
18.800000000000018	1
18.90000000000002	1
19.000000000000021	1
19.100000000000023	1
19.200000000000024	1
19.300000000000026	1
19.400000000000027	1
19.500000000000028	1
19.60000000000003	1
19.700000000000031	1
19.800000000000033	1
19.900000000000034	1
20.000000000000036	1
20.100000000000037	1
20.200000000000038	1
20.30000000000004	1
20.400000000000041	1
20.500000000000043	1
20.600000000000044	1
20.700000000000045	1
20.800000000000047	1
20.900000000000048	1
21.00000000000005	1
21.100000000000051	1
21.200000000000053	1
21.300000000000054	1
21.400000000000055	1
21.500000000000057	1
21.600000000000058	1
21.70000000000006	1
21.800000000000061	1
21.900000000000063	1
22.000000000000064	1
22.100000000000065	1
22.200000000000067	1
22.300000000000068	1
22.40000000000007	1
22.500000000000071	1
22.600000000000072	1
22.700000000000074	1
22.800000000000075	1
22.900000000000077	1
23.000000000000078	1
23.10000000000008	1
23.200000000000081	1
23.300000000000082	1
23.400000000000084	1
23.500000000000085	1
23.600000000000087	1
23.700000000000088	1
23.80000000000009	1
23.900000000000091	1
24.000000000000092	1
24.100000000000094	1
24.200000000000095	1
24.300000000000097	1
24.400000000000098	1
24.500000000000099	1
24.600000000000101	1
24.700000000000102	1
24.800000000000104	1
24.900000000000105	1
25.000000000000107	1
25.100000000000108	1
25.200000000000109	1
25.300000000000111	1
25.400000000000112	1
25.500000000000114	1
25.600000000000115	1
25.700000000000117	1
25.800000000000118	1
25.900000000000119	1
26.000000000000121	1
26.100000000000122	1
26.200000000000124	1
26.300000000000125	1
26.400000000000126	1
26.500000000000128	1
26.600000000000129	1
26.700000000000131	1
26.800000000000132	1
26.900000000000134	1
27.000000000000135	1
27.100000000000136	1
27.200000000000138	1
27.300000000000139	1
27.400000000000141	2
27.500000000000142	4
27.600000000000144	4
27.700000000000145	8
27.800000000000146	16
27.900000000000148	16
28.000000000000149	21
28.100000000000151	10.5
28.200000000000152	10.5
28.300000000000153	10.5
28.400000000000155	10.5
28.500000000000156	1
28.600000000000158	2
28.700000000000159	5.2
28.800000000000161	5.2
28.900000000000162	5.57776
29.000000000000163	6.42297
29.100000000000165	6.42297
29.200000000000166	7.30649
29.300000000000168	8.21603
29.400000000000169	8.21603
29.500000000000171	9.14389
29.600000000000172	10.0851
29.700000000000173	10.0851
29.800000000000175	11.0363
29.900000000000176	5.69719
30.000000000000178	5.69719
30.100000000000179	5.69719
30.20000000000018	6.04299
30.300000000000182	6.04299
30.400000000000183	6.97589
30.500000000000185	7.79585
30.600000000000186	7.79585
30.700000000000188	3.96206
30.800000000000189	4.21445
30.90000000000019	4.21445
31.000000000000192	5.0947
31.100000000000193	6.01032
31.200000000000195	6.01032
31.300000000000196	6.94771
31.400000000000198	7.7707
31.500000000000199	7.7707
31.6000000000002	8.63073
31.700000000000202	9.51777
31.800000000000203	9.51777
31.900000000000205	10.4249
32.000000000000206	11.3474
32.100000000000207	11.3474
32.200000000000209	12.2819
32.30000000000021	6.26226
32.400000000000212	6.26226
32.500000000000213	6.42195
32.600000000000215	7.3056
32.700000000000216	7.3056
32.800000000000217	8.21523
32.900000000000219	4.16848
33.00000000000022	4.16848
33.100000000000222	4.16848
33.200000000000223	4.63522
33.300000000000225	4.63522
33.400000000000226	5.44514
33.500000000000227	6.30864
33.600000000000229	6.30864
33.70000000000023	7.20649
33.800000000000232	8.12741
33.900000000000233	8.12741
34.000000000000234	9.06448
34.100000000000236	10.0132
34.200000000000237	10.0132
34.300000000000239	10.9707
34.40000000000024	11.8505
34.500000000000242	11.8505
34.600000000000243	12.7478
34.700000000000244	6.64358
34.800000000000246	6.64358
34.900000000000247	6.7941
35.000000000000249	7.63397
35.10000000000025	7.63397
35.200000000000252	8.50804
35.300000000000253	9.4068
35.400000000000254	9.4068
35.500000000000256	10.3238
35.600000000000257	11.2547
35.700000000000259	11.2547
35.80000000000026	5.84607
35.900000000000261	6.01713
36.000000000000263	6.01713
36.100000000000264	6.95358
36.200000000000266	7.77593
36.300000000000267	7.77593
36.400000000000269	8.63543
36.50000000000027	9.52203
36.600000000000271	9.52203
36.700000000000273	10.4288
36.800000000000274	11.351
36.900000000000276	11.351
37.000000000000277	12.2852
37.100000000000279	13.2287
37.20000000000028	13.2287
37.300000000000281	14.1799
37.400000000000283	15.1372
37.500000000000284	15.1372
37.600000000000286	16.0996
37.700000000000287	8.32511
37.800000000000288	8.32511
37.90000000000029	8.44523
38.000000000000291	9.3501
38.100000000000293	9.3501
38.200000000000294	10.2722
38.300000000000296	5.13612
38.400000000000297	5.13612
38.500000000000298	5.13612
38.6000000000003	5.51841
38.700000000000301	5.51841
38.800000000000303	6.37171
38.900000000000304	7.2616
39.000000000000306	7.2616
39.100000000000307	8.17622
39.200000000000308	9.10819
39.30000000000031	9.10819
39.400000000000311	10.0528
39.500000000000313	11.0068
39.600000000000314	11.0068
39.700000000000315	5.5034
39.800000000000317	6.03162
39.900000000000318	6.03162
40.00000000000032	6.96608
40.100000000000321	7.78708
40.200000000000323	7.78708
40.300000000000324	8.64546
40.400000000000325	9.53112
40.500000000000327	9.53112
40.600000000000328	4.81802
40.70000000000033	4.81802
40.800000000000331	4.81802
40.900000000000333	1
41.000000000000334	2
41.100000000000335	2
41.200000000000337	2.5
41.300000000000338	3.83446
41.40000000000034	3.83446
41.500000000000341	4.56988
41.600000000000342	5.39003
41.700000000000344	5.39003
41.800000000000345	6.26135
41.900000000000347	7.16526
42.000000000000348	7.16526
42.10000000000035	8.09095
42.200000000000351	9.03185
42.300000000000352	9.03185
42.400000000000354	9.98374
42.500000000000355	10.8517
42.600000000000357	10.8517
42.700000000000358	11.7404
42.80000000000036	12.6456
42.900000000000361	12.6456
43.000000000000362	13.564
43.100000000000364	14.4237
43.200000000000365	14.4237
43.300000000000367	7.21187
43.400000000000368	7.88039
43.500000000000369	7.88039
43.600000000000371	8.72947
43.700000000000372	4.36473
43.800000000000374	4.36473
43.900000000000375	4.36473
44.000000000000377	4.81152
44.100000000000378	4.81152
44.200000000000379	5.59505
44.300000000000381	6.43792
44.400000000000382	6.43792
44.500000000000384	7.3196
44.600000000000385	8.22767
44.700000000000387	8.22767
44.800000000000388	9.15434
44.90