10	1
10.1	1
10.199999999999999	1
10.299999999999999	1
10.399999999999999	1
10.499999999999998	1
10.599999999999998	1
10.699999999999998	1
10.799999999999997	1
10.899999999999997	1
10.999999999999996	1
11.099999999999996	1
11.199999999999996	1
11.299999999999995	1
11.399999999999995	1
11.499999999999995	1
11.599999999999994	1
11.699999999999994	1
11.799999999999994	1
11.899999999999993	1
11.999999999999993	1
12.099999999999993	1
12.199999999999992	1
12.299999999999992	1
12.399999999999991	1
12.499999999999991	1
12.599999999999991	1
12.69999999999999	1
12.79999999999999	1
12.89999999999999	1
12.999999999999989	1
13.099999999999989	1
13.199999999999989	1
13.299999999999988	1
13.399999999999988	1
13.499999999999988	1
13.599999999999987	1
13.699999999999987	1
13.799999999999986	1
13.899999999999986	1
13.999999999999986	1
14.099999999999985	1
14.199999999999985	1
14.299999999999985	1
14.399999999999984	4
14.499999999999984	16
14.599999999999984	14.5
14.699999999999983	14.5
14.799999999999983	14.5
14.899999999999983	2
14.999999999999982	7
15.099999999999982	8.90182
15.199999999999982	10.65
15.299999999999981	11.9809
15.399999999999981	5.99043
15.49999999999998	5.99043
15.59999999999998	6.78314
15.69999999999998	8.49933
15.799999999999979	4.5912
15.899999999999979	6.11316
15.999999999999979	8.81706
16.09999999999998	4.94612
16.199999999999982	6.05557
16.299999999999983	7.80555
16.399999999999984	9.54616
16.499999999999986	11.1032
16.599999999999987	5.5516
16.699999999999989	5.5516
16.79999999999999	1
16.899999999999991	2.5
16.999999999999993	3.24483
17.099999999999994	5.57555
17.199999999999996	2.78778
17.299999999999997	3.4643
17.399999999999999	5.13884
17.5	6.97985
17.600000000000001	3.48992
17.700000000000003	4.28871
17.800000000000004	6.06185
17.900000000000006	3.42306
18.000000000000007	4.47145
18.100000000000009	2.86153
18.20000000000001	2.86153
18.300000000000011	1
18.400000000000013	2.9
18.500000000000014	4.33944
18.600000000000016	6.09735
18.700000000000017	7.57609
18.800000000000018	3.78805
18.90000000000002	3.78805
19.000000000000021	5.35771
19.100000000000023	2.86236
19.200000000000024	3.52308
19.300000000000026	1.76154
19.400000000000027	2.76154
19.500000000000028	4.25185
19.60000000000003	5.50844
19.700000000000031	2.75422
19.800000000000033	4.2473
19.900000000000034	6.03306
20.000000000000036	7.78819
20.100000000000037	9.53202
20.200000000000038	4.97247
20.30000000000004	6.24152
20.400000000000041	8.0757
20.500000000000043	4.03785
20.600000000000044	4.03785
20.700000000000045	2.14275
20.800000000000047	2.99267
20.900000000000048	4.39972
21.00000000000005	6.13981
21.100000000000051	7.99777
21.200000000000053	4.41771
21.300000000000054	5.63603
21.400000000000055	7.35077
21.500000000000057	9.17919
21.600000000000058	4.6979
21.70000000000006	5.68012
21.800000000000061	2.84006
21.900000000000063	4.30115
22.000000000000064	2.48228
22.100000000000065	3.54117
22.200000000000067	5.18973
22.300000000000068	7.57073
22.40000000000007	4.52923
22.500000000000071	6.2321
22.600000000000072	3.63992
22.700000000000074	4.63667
22.800000000000075	6.3097
22.900000000000077	7.61593
23.000000000000078	3.80797
23.10000000000008	3.80797
23.200000000000081	3.80797
23.300000000000082	2.9
23.400000000000084	4.33944
23.500000000000085	4.33944
23.600000000000087	2.16972
23.700000000000088	3.01075
23.80000000000009	3.91661
23.900000000000091	1.9583
24.000000000000092	2.9583
24.100000000000094	4.37722
24.200000000000095	2.4114
24.300000000000097	3.17994
24.400000000000098	1.58997
24.500000000000099	1.58997
24.600000000000101	2
24.700000000000102	3.55301
24.800000000000104	4.99753
24.900000000000105	2.89896
25.000000000000107	3.24391
25.100000000000108	2.62196
25.200000000000109	4.16675
25.300000000000111	5.44384
25.400000000000112	2.72192
25.500000000000114	2.72192
25.600000000000115	2
25.700000000000117	3.55301
25.800000000000118	5.39003
25.900000000000119	2.69501
26.000000000000121	4.21087
26.100000000000122	5.28816
26.200000000000124	2.64408
26.300000000000125	3.35316
26.400000000000126	5.06652
26.500000000000128	6.77977
26.600000000000129	3.67584
26.700000000000131	4.43921
26.800000000000132	2.21961
26.900000000000134	2.21961
27.000000000000135	2
27.100000000000136	3.55301
27.200000000000138	5.57555
27.300000000000139	6.5768
27.400000000000141	3.2884
27.500000000000142	3.2884
27.600000000000144	5.0251
27.700000000000145	6.74916
27.800000000000146	7.72577
27.900000000000148	3.86289
28.000000000000149	3.86289
28.100000000000151	4.5935
28.200000000000152	5.94671
28.300000000000153	2.97336
28.400000000000155	2.97336
28.500000000000156	2.5
28.600000000000158	2.9
28.700000000000159	2.9
28.800000000000161	2
28.900000000000162	3.55301
29.000000000000163	4.56988
29.100000000000165	4.56988
29.200000000000166	2.28494
29.300000000000168	3.08989
29.400000000000169	4.6883
29.500000000000171	4.6883
29.600000000000172	2.34415
29.700000000000173	3.13166
29.800000000000175	5.69421
29.900000000000176	7.11687
30.000000000000178	4.09991
30.100000000000179	5.93184
30.20000000000018	7.57855
30.300000000000182	3.9201
30.400000000000183	3.9201
30.500000000000185	1
30.600000000000186	2.9
30.700000000000188	4.33944
30.800000000000189	4.99753
30.90000000000019	2.49877
31.000000000000192	2.89896
31.100000000000193	2.89896
31.200000000000195	1
31.300000000000196	1
31.400000000000198	1
31.500000000000199	1
31.6000000000002	2.9
31.700000000000202	3.55301
31.800000000000203	1.77651
31.900000000000205	2.77651
32.000000000000206	4.26116
32.100000000000207	2.24792
32.200000000000209	3.06414
32.30000000000021	3.3905
32.400000000000212	1.69525
32.500000000000213	2.69525
32.600000000000215	4.21102
32.700000000000216	6.94567
32.800000000000217	3.81897
32.900000000000219	2.81897
33.00000000000022	2.81897
33.100000000000222	2
33.200000000000223	3.55301
33.300000000000225	5.19763
33.400000000000226	6.72885
33.500000000000227	3.36442
33.600000000000229	3.93475
33.70000000000023	2.96738
33.800000000000232	4.14169
33.900000000000233	4.14169
34.000000000000234	1
34.100000000000236	2
34.200000000000237	2
34.300000000000239	2
34.40000000000024	2
34.500000000000242	2
34.600000000000243	4.33944
34.700000000000244	2.39435
34.800000000000246	3.48332
34.900000000000247	1.8852
35.000000000000249	3.2318
35.10000000000025	1.6159
35.200000000000252	3.33171
35.300000000000253	5.05274
35.400000000000254	2.52637
35.500000000000256	3.57074
35.600000000000257	1.78537
35.700000000000259	2.78537
35.80000000000026	4.01781
35.900000000000261	2.50669
36.000000000000263	2.50669
36.100000000000264	1
36.200000000000266	2.9
36.300000000000267	4.33944
36.400000000000269	2.49877
36.50000000000027	3.55218
36.600000000000271	4.56925
36.700000000000273	4.56925
36.800000000000274	2.28463
36.900000000000276	3.7063
37.000000000000277	1.85315
37.100000000000279	3.20364
37.20000000000028	4.54151
37.300000000000281	2.68308
37.400000000000283	3.95047
37.500000000000284	5.47174
37.600000000000286	6.48945
37.700000000000287	6.48945
37.800000000000288	3.24473
37.90000000000029	3.24473
38.000000000000291	1
38.100000000000293	2.9
38.200000000000294	4.33944
38.300000000000296	6.72885
38.400000000000297	3.36442
38.500000000000298	4.1889
38.6000000000003	4.65348
38.700000000000301	2.32674
38.800000000000303	2.32674
38.900000000000304	1
39.000000000000306	2.9
39.100000000000307	4.09525
39.200000000000308	2.04763
39.30000000000031	2.536
39.400000000000311	2.536
39.500000000000313	1
39.600000000000314	2.5
39.700000000000315	2.5
39.800000000000317	1
39.900000000000318	3.24483
40.00000000000032	5.19763
40.100000000000321	7.02286
40.200000000000323	3.72086
40.300000000000324	4.9123
40.400000000000325	2.45615
40.500000000000327	2.45615
40.600000000000328	2
40.70000000000033	3.55301
40.800000000000331	3.83446
40.900000000000333	1.91723
41.000000000000334	1.91723
41.100000000000335	1
41.200000000000337	2.5
41.300000000000338	4.33944
41.40000000000034	6.09735
41.500000000000341	3.91891
41.600000000000342	4.41366
41.700000000000344	6.14967
41.800000000000345	3.46188
41.900000000000347	4.50067
42.000000000000348	5.87605
42.10000000000035	3.27839
42.200000000000351	5.01874
42.300000000000352	6.74447
42.400000000000354	8.1039
42.500000000000355	5.35765
42.60000