10	1
10.1	1
10.199999999999999	1
10.299999999999999	1
10.399999999999999	1
10.499999999999998	1
10.599999999999998	1
10.699999999999998	1
10.799999999999997	1
10.899999999999997	1
10.999999999999996	1
11.099999999999996	1
11.199999999999996	1
11.299999999999995	1
11.399999999999995	1
11.499999999999995	1
11.599999999999994	1
11.699999999999994	1
11.799999999999994	1
11.899999999999993	1
11.999999999999993	1
12.099999999999993	1
12.199999999999992	1
12.299999999999992	1
12.399999999999991	1
12.499999999999991	1
12.599999999999991	1
12.69999999999999	1
12.79999999999999	1
12.89999999999999	1
12.999999999999989	1
13.099999999999989	1
13.199999999999989	1
13.299999999999988	1
13.399999999999988	1
13.499999999999988	1
13.599999999999987	1
13.699999999999987	1
13.799999999999986	1
13.899999999999986	1
13.999999999999986	1
14.099999999999985	1
14.199999999999985	1
14.299999999999985	1
14.399999999999984	1
14.499999999999984	1
14.599999999999984	1
14.699999999999983	1
14.799999999999983	1
14.899999999999983	1
14.999999999999982	1
15.099999999999982	1
15.199999999999982	1
15.299999999999981	1
15.399999999999981	1
15.49999999999998	1
15.59999999999998	1
15.69999999999998	1
15.799999999999979	1
15.899999999999979	1
15.999999999999979	1
16.09999999999998	1
16.199999999999982	1
16.299999999999983	1
16.399999999999984	1
16.499999999999986	1
16.599999999999987	1
16.699999999999989	1
16.79999999999999	1
16.899999999999991	1
16.999999999999993	1
17.099999999999994	1
17.199999999999996	1
17.299999999999997	1
17.399999999999999	1
17.5	1
17.600000000000001	1
17.700000000000003	1
17.800000000000004	1
17.900000000000006	1
18.000000000000007	1
18.100000000000009	1
18.20000000000001	1
18.300000000000011	1
18.400000000000013	1
18.500000000000014	1
18.600000000000016	1
18.700000000000017	1
18.800000000000018	1
18.90000000000002	1
19.000000000000021	1
19.100000000000023	1
19.200000000000024	1
19.300000000000026	1
19.400000000000027	1
19.500000000000028	1
19.60000000000003	1
19.700000000000031	1
19.800000000000033	1
19.900000000000034	1
20.000000000000036	1
20.100000000000037	1
20.200000000000038	1
20.30000000000004	1
20.400000000000041	1
20.500000000000043	1
20.600000000000044	1
20.700000000000045	1
20.800000000000047	1
20.900000000000048	1
21.00000000000005	1
21.100000000000051	1
21.200000000000053	1
21.300000000000054	1
21.400000000000055	1
21.500000000000057	1
21.600000000000058	1
21.70000000000006	1
21.800000000000061	1
21.900000000000063	1
22.000000000000064	1
22.100000000000065	1
22.200000000000067	1
22.300000000000068	1
22.40000000000007	1
22.500000000000071	1
22.600000000000072	1
22.700000000000074	1
22.800000000000075	1
22.900000000000077	1
23.000000000000078	1
23.10000000000008	1
23.200000000000081	4
23.300000000000082	11
23.400000000000084	11
23.500000000000085	5.54545
23.600000000000087	6.23466
23.700000000000088	9.01349
23.80000000000009	5.41821
23.900000000000091	7.596
24.000000000000092	4.41163
24.100000000000094	6.46935
24.200000000000095	9.17633
24.300000000000097	12.0198
24.400000000000098	6.90437
24.500000000000099	9.48633
24.600000000000101	12.2576
24.700000000000102	15.1148
24.800000000000104	18.0176
24.900000000000105	20.8033
25.000000000000107	11.4113
25.100000000000108	11.4113
25.200000000000109	5.74946
25.300000000000111	6.72421
25.400000000000112	9.35672
25.500000000000114	12.1578
25.600000000000115	6.43951
25.700000000000117	3.44733
25.800000000000118	4.4897
25.900000000000119	2.24485
26.000000000000121	4.67059
26.100000000000122	2.54471
26.200000000000124	3.86223
26.300000000000125	5.94629
26.400000000000126	3.61165
26.500000000000128	6.13076
26.600000000000129	8.3606
26.700000000000131	4.1803
26.800000000000132	6.47465
26.900000000000134	9.18004
27.000000000000135	5.01588
27.100000000000136	3.44534
27.200000000000138	4.92327
27.300000000000139	7.39263
27.400000000000141	10.1474
27.500000000000142	13.0084
27.600000000000144	6.65662
27.700000000000145	3.40342
27.800000000000146	5.29515
27.900000000000148	8.0287
28.000000000000149	4.48811
28.100000000000151	5.12631
28.200000000000152	3.59568
28.300000000000153	6.12162
28.400000000000155	8.82288
28.500000000000156	4.99923
28.600000000000158	6.42237
28.700000000000159	3.98323
28.800000000000161	6.19004
28.900000000000162	8.9829
29.000000000000163	10.7177
29.100000000000165	13.4573
29.200000000000166	7.46999
29.300000000000168	9.48903
29.400000000000169	12.0949
29.500000000000171	6.25137
29.600000000000172	8.4489
29.700000000000173	11.2102
29.800000000000175	6.67363
29.900000000000176	9.32063
30.000000000000178	11.8793
30.100000000000179	6.73263
30.20000000000018	4.23528
30.300000000000182	6.96013
30.400000000000183	8.98336
30.500000000000185	4.49168
30.600000000000186	6.52342
30.700000000000188	3.84855
30.800000000000189	6.26979
30.90000000000019	8.92562
31.000000000000192	4.46281
31.100000000000193	6.18459
31.200000000000195	8.97917
31.300000000000196	5.49611
31.400000000000198	6.66352
31.500000000000199	3.75914
31.6000000000002	2.75914
31.700000000000202	4.02516
31.800000000000203	3.25183
31.900000000000205	5.93237
32.000000000000206	8.45881
32.100000000000207	10.2834
32.200000000000209	5.42684
32.30000000000021	5.42684
32.400000000000212	2.9
32.500000000000213	5.19763
32.600000000000215	7.30482
32.700000000000216	3.65241
32.800000000000217	6.15423
32.900000000000219	8.95843
33.00000000000022	11.598
33.100000000000222	6.25678
33.200000000000223	6.25678
33.300000000000225	8.57118
33.400000000000226	4.74022
33.500000000000227	7.27354
33.600000000000229	4.50333
33.70000000000023	6.37447
33.800000000000232	4.29758
33.900000000000233	6.99753
34.000000000000234	4.21764
34.100000000000236	6.4984
34.200000000000237	3.95052
34.300000000000239	6.33155
34.40000000000024	3.47064
34.500000000000242	5.70581
34.600000000000243	8.30274
34.700000000000244	4.61089
34.800000000000246	4.61089
34.900000000000247	6.29099
35.000000000000249	4.00912
35.10000000000025	6.52457
35.200000000000252	3.55872
35.300000000000253	3.55872
35.400000000000254	1
35.500000000000256	3.55301
35.600000000000257	6.09735
35.700000000000259	3.58263
35.80000000000026	5.94599
35.900000000000261	8.4683
36.000000000000263	11.0444
36.100000000000264	5.83168
36.200000000000266	3.88259
36.300000000000267	5.95927
36.400000000000269	8.47756
36.50000000000027	4.89935
36.600000000000271	7.09788
36.700000000000273	3.75624
36.800000000000274	6.21487
36.900000000000276	8.9999
37.000000000000277	11.63
37.100000000000279	6.02685
37.20000000000028	6.02685
37.300000000000281	5.05378
37.400000000000283	7.61288
37.500000000000284	10.3083
37.600000000000286	6.22113
37.700000000000287	3.90294
37.800000000000288	2.42151
37.90000000000029	4.29761
38.000000000000291	6.99754
38.100000000000293	9.55403
38.200000000000294	5.03319
38.300000000000296	7.59939
38.400000000000297	10.2984
38.500000000000298	12.1748
38.6000000000003	7.22364
38.700000000000301	10.0255
38.800000000000303	12.7575
38.900000000000304	7.1926
39.000000000000306	10.0033
39.100000000000307	6.18197
39.200000000000308	8.97738
39.30000000000031	11.6126
39.400000000000311	14.3898
39.500000000000313	7.367
39.600000000000314	9.51474
39.700000000000315	12.2795
39.800000000000317	14.9996
39.900000000000318	4.19403
40.00000000000032	6.16301
40.100000000000321	8.5034
40.200000000000323	4.2517
40.300000000000324	2.93281
40.400000000000325	5.01582
40.500000000000327	7.58803
40.600000000000328	10.29
40.70000000000033	6.5356
40.800000000000331	9.22288
40.900000000000333	5.41347
41.000000000000334	5.41347
41.100000000000335	5.41347
41.200000000000337	2.9
41.300000000000338	2.45
41.40000000000034	4.97446
41.500000000000341	2.58774
41.600000000000342	4.14642
41.700000000000344	6.7595
41.800000000000345	8.82951
41.900000000000347	5.26015
42.000000000000348	8.0059
42.10000000000035	10.6951
42.200000000000351	13.4393
42.300000000000352	16.2729
42.400000000000354	18.8402
42.500000000000355	11.1763
42.600000000000357	6.34503
42.700000000000358	7.23827
42.80000000000036	10.036
42.900000000000361	5.93678
43.000000000000362	8.46188
43.100000000000364	4.99425
43.200000000000365	5.75208
43.300000000000367	8.33434
43.400000000000368	4.40217
43.500000000000369	4.40217
43.600000000000371	7.06114
43.700000000000372	9.7046