10	1
10.1	1
10.199999999999999	1
10.299999999999999	1
10.399999999999999	1
10.499999999999998	1
10.599999999999998	1
10.699999999999998	1
10.799999999999997	1
10.899999999999997	1
10.999999999999996	1
11.099999999999996	1
11.199999999999996	1
11.299999999999995	1
11.399999999999995	1
11.499999999999995	1
11.599999999999994	1
11.699999999999994	1
11.799999999999994	1
11.899999999999993	1
11.999999999999993	1
12.099999999999993	1
12.199999999999992	1
12.299999999999992	1
12.399999999999991	1
12.499999999999991	1
12.599999999999991	1
12.69999999999999	1
12.79999999999999	1
12.89999999999999	1
12.999999999999989	1
13.099999999999989	1
13.199999999999989	1
13.299999999999988	1
13.399999999999988	1
13.499999999999988	1
13.599999999999987	1
13.699999999999987	1
13.799999999999986	1
13.899999999999986	1
13.999999999999986	1
14.099999999999985	1
14.199999999999985	1
14.299999999999985	1
14.399999999999984	1
14.499999999999984	1
14.599999999999984	1
14.699999999999983	1
14.799999999999983	1
14.899999999999983	1
14.999999999999982	1
15.099999999999982	1
15.199999999999982	1
15.299999999999981	1
15.399999999999981	1
15.49999999999998	1
15.59999999999998	1
15.69999999999998	1
15.799999999999979	1
15.899999999999979	1
15.999999999999979	1
16.09999999999998	1
16.199999999999982	1
16.299999999999983	1
16.399999999999984	1
16.499999999999986	1
16.599999999999987	1
16.699999999999989	1
16.79999999999999	1
16.899999999999991	1
16.999999999999993	1
17.099999999999994	1
17.199999999999996	1
17.299999999999997	1
17.399999999999999	1
17.5	1
17.600000000000001	1
17.700000000000003	1
17.800000000000004	1
17.900000000000006	1
18.000000000000007	1
18.100000000000009	1
18.20000000000001	1
18.300000000000011	1
18.400000000000013	1
18.500000000000014	1
18.600000000000016	1
18.700000000000017	1
18.800000000000018	1
18.90000000000002	1
19.000000000000021	1
19.100000000000023	1
19.200000000000024	1
19.300000000000026	1
19.400000000000027	1
19.500000000000028	1
19.60000000000003	1
19.700000000000031	1
19.800000000000033	1
19.900000000000034	1
20.000000000000036	1
20.100000000000037	1
20.200000000000038	1
20.30000000000004	1
20.400000000000041	1
20.500000000000043	1
20.600000000000044	1
20.700000000000045	1
20.800000000000047	1
20.900000000000048	1
21.00000000000005	1
21.100000000000051	1
21.200000000000053	1
21.300000000000054	1
21.400000000000055	1
21.500000000000057	1
21.600000000000058	1
21.70000000000006	1
21.800000000000061	1
21.900000000000063	1
22.000000000000064	1
22.100000000000065	1
22.200000000000067	1
22.300000000000068	1
22.40000000000007	1
22.500000000000071	1
22.600000000000072	1
22.700000000000074	1
22.800000000000075	1
22.900000000000077	1
23.000000000000078	1
23.10000000000008	1
23.200000000000081	1
23.300000000000082	1
23.400000000000084	1
23.500000000000085	1
23.600000000000087	1
23.700000000000088	1
23.80000000000009	1
23.900000000000091	1
24.000000000000092	1
24.100000000000094	1
24.200000000000095	1
24.300000000000097	1
24.400000000000098	1
24.500000000000099	1
24.600000000000101	1
24.700000000000102	1
24.800000000000104	1
24.900000000000105	1
25.000000000000107	1
25.100000000000108	1
25.200000000000109	1
25.300000000000111	1
25.400000000000112	1
25.500000000000114	1
25.600000000000115	1
25.700000000000117	1
25.800000000000118	1
25.900000000000119	1
26.000000000000121	1
26.100000000000122	1
26.200000000000124	1
26.300000000000125	13.436
26.400000000000126	22.8851
26.500000000000128	18.3593
26.600000000000129	38.4942
26.700000000000131	20.3051
26.800000000000132	14.6772
26.900000000000134	34.0038
27.000000000000135	23.4235
27.100000000000136	9.3852
27.200000000000138	10.7297
27.300000000000139	13.571
27.400000000000141	14.1841
27.500000000000142	7.9043
27.600000000000144	12.2492
27.700000000000145	13.1185
27.800000000000146	9.03033
27.900000000000148	12.1711
28.000000000000149	12.2532
28.100000000000151	12.2532
28.200000000000152	10.0317
28.300000000000153	11.7324
28.400000000000155	22.9156
28.500000000000156	14.3197
28.600000000000158	15.9832
28.700000000000159	19.6102
28.800000000000161	7.13488
28.900000000000162	11.9176
29.000000000000163	8.05535
29.100000000000165	13.3612
29.200000000000166	19.401
29.300000000000168	5.41598
29.400000000000169	7.13651
29.500000000000171	3.00855
29.600000000000172	21.0957
29.700000000000173	19.8221
29.800000000000175	8.85026
29.900000000000176	12.6516
30.000000000000178	11.081
30.100000000000179	21.6403
30.20000000000018	21.0953
30.300000000000182	9.86478
30.400000000000183	9.86478
30.500000000000185	5.50703
30.600000000000186	7.97074
30.700000000000188	19.0735
30.800000000000189	6.40487
30.90000000000019	16.3771
31.000000000000192	6.57627
31.100000000000193	16.1174
31.200000000000195	9.15221
31.300000000000196	19.6391
31.400000000000198	13.1381
31.500000000000199	8.33079
31.6000000000002	10.3178
31.700000000000202	10.6407
31.800000000000203	16.9003
31.900000000000205	11.8528
32.000000000000206	11.8528
32.100000000000207	11.3059
32.200000000000209	21.0338
32.30000000000021	27.668
32.400000000000212	18.1296
32.500000000000213	11.1679
32.600000000000215	11.1679
32.700000000000216	6.40213
32.800000000000217	11.2316
32.900000000000219	14.6725
33.00000000000022	34.9879
33.100000000000222	9.2349
33.200000000000223	12.4527
33.300000000000225	20.4129
33.400000000000226	10.7157
33.500000000000227	3.1018
33.600000000000229	9.35325
33.70000000000023	14.4656
33.800000000000232	10.5102
33.900000000000233	7.0887
34.000000000000234	15.5192
34.100000000000236	8.03056
34.200000000000237	19.2606
34.300000000000239	9.47921
34.40000000000024	9.47921
34.500000000000242	6.20063
34.600000000000243	25.9593
34.700000000000244	11.1274
34.800000000000246	8.72717
34.900000000000247	16.9778
35.000000000000249	8.62051
35.10000000000025	28.5221
35.200000000000252	20.977
35.300000000000253	13.5735
35.400000000000254	12.1494
35.500000000000256	18.7636
35.600000000000257	24.4832
35.700000000000259	6.91535
35.80000000000026	24.5172
35.900000000000261	26.1784
36.000000000000263	8.60432
36.100000000000264	15.4357
36.200000000000266	10.0834
36.300000000000267	16.8218
36.400000000000269	21.6532
36.50000000000027	9.10863
36.600000000000271	14.1852
36.700000000000273	5.15141
36.800000000000274	5.32508
36.900000000000276	9.51223
37.000000000000277	19.3917
37.100000000000279	8.85909
37.20000000000028	9.5799
37.300000000000281	10.2642
37.400000000000283	9.99211
37.500000000000284	8.86336
37.600000000000286	13.1441
37.700000000000287	6.18154
37.800000000000288	16.0216
37.90000000000029	17.0401
38.000000000000291	22.2543
38.100000000000293	17.9951
38.200000000000294	15.6127
38.300000000000296	9.19185
38.400000000000297	10.5757
38.500000000000298	30.609
38.6000000000003	9.50401
38.700000000000301	14.1204
38.800000000000303	11.1083
38.900000000000304	30.1728
39.000000000000306	9.32174
39.100000000000307	11.0751
39.200000000000308	10.5511
39.30000000000031	10.5511
39.400000000000311	9.98495
39.500000000000313	19.2462
39.600000000000314	13.3969
39.700000000000315	21.1713
39.800000000000317	9.43699
39.900000000000318	10.1991
40.00000000000032	29.2417
40.100000000000321	20.2409
40.200000000000323	15.2303
40.300000000000324	14.9902
40.400000000000325	23.4376
40.500000000000327	9.03164
40.600000000000328	18.1899
40.70000000000033	38.4919
40.800000000000331	19.1196
40.900000000000333	24.6909
41.000000000000334	25.256
41.100000000000335	7.11585
41.200000000000337	11.1506
41.300000000000338	16.9785
41.40000000000034	13.5536
41.500000000000341	12.6814
41.600000000000342	12.8563
41.700000000000344	14.6339
41.800000000000345	12.106
41.900000000000347	7.76334
42.000000000000348	14.1619
42.10000000000035	34.3139
42.200000000000351	9.47243
42.300000000000352	8.02958
42.400000000000354	8.15412
42.500000000000355	8.15412
42.600000000000357	3
42.700000000000358	3
42.80000000000036	3
42.900000000000361	3
43.000000000000362	17.1528
43.100000000000364	20.077
43.200000000000365	22.3996
43.300000000000367	25.1496
43.400000000000368	7.8774
43.500000000000369	13.5753
43.600000000000371	7.89546
43.700000000000372	11.5976
43.800000000000374	16.7303
43.900000000000375	12.0749
44.000000000000377	19.167
44.100000000000378	21.9268
44.200000000000379	13.9741
44.300000000000381	17.4301
44.400