10	1
10.1	1
10.199999999999999	1
10.299999999999999	1
10.399999999999999	1
10.499999999999998	1
10.599999999999998	1
10.699999999999998	1
10.799999999999997	1
10.899999999999997	1
10.999999999999996	1
11.099999999999996	1
11.199999999999996	1
11.299999999999995	1
11.399999999999995	1
11.499999999999995	1
11.599999999999994	1
11.699999999999994	1
11.799999999999994	1
11.899999999999993	1
11.999999999999993	1
12.099999999999993	1
12.199999999999992	1
12.299999999999992	1
12.399999999999991	1
12.499999999999991	1
12.599999999999991	1
12.69999999999999	1
12.79999999999999	1
12.89999999999999	1
12.999999999999989	1
13.099999999999989	1
13.199999999999989	1
13.299999999999988	1
13.399999999999988	1
13.499999999999988	1
13.599999999999987	1
13.699999999999987	1
13.799999999999986	1
13.899999999999986	1
13.999999999999986	1
14.099999999999985	1
14.199999999999985	1
14.299999999999985	1
14.399999999999984	1
14.499999999999984	1
14.599999999999984	1
14.699999999999983	1
14.799999999999983	1
14.899999999999983	1
14.999999999999982	1
15.099999999999982	1
15.199999999999982	1
15.299999999999981	1
15.399999999999981	1
15.49999999999998	1
15.59999999999998	1
15.69999999999998	1
15.799999999999979	1
15.899999999999979	1
15.999999999999979	1
16.09999999999998	1
16.199999999999982	1
16.299999999999983	1
16.399999999999984	1
16.499999999999986	1
16.599999999999987	1
16.699999999999989	1
16.79999999999999	1
16.899999999999991	1
16.999999999999993	1
17.099999999999994	1
17.199999999999996	1
17.299999999999997	1
17.399999999999999	1
17.5	1
17.600000000000001	1
17.700000000000003	1
17.800000000000004	1
17.900000000000006	1
18.000000000000007	1
18.100000000000009	1
18.20000000000001	1
18.300000000000011	1
18.400000000000013	1
18.500000000000014	1
18.600000000000016	1
18.700000000000017	1
18.800000000000018	1
18.90000000000002	1
19.000000000000021	1
19.100000000000023	1
19.200000000000024	1
19.300000000000026	1
19.400000000000027	1
19.500000000000028	1
19.60000000000003	1
19.700000000000031	1
19.800000000000033	1
19.900000000000034	1
20.000000000000036	1
20.100000000000037	1
20.200000000000038	1
20.30000000000004	1
20.400000000000041	1
20.500000000000043	1
20.600000000000044	1
20.700000000000045	1
20.800000000000047	1
20.900000000000048	1
21.00000000000005	1
21.100000000000051	1
21.200000000000053	1
21.300000000000054	1
21.400000000000055	1
21.500000000000057	1
21.600000000000058	1
21.70000000000006	1
21.800000000000061	1
21.900000000000063	1
22.000000000000064	1
22.100000000000065	1
22.200000000000067	1
22.300000000000068	1
22.40000000000007	1
22.500000000000071	1
22.600000000000072	1
22.700000000000074	1
22.800000000000075	1
22.900000000000077	1
23.000000000000078	1
23.10000000000008	1
23.200000000000081	1
23.300000000000082	1
23.400000000000084	1
23.500000000000085	1
23.600000000000087	1
23.700000000000088	1
23.80000000000009	1
23.900000000000091	1
24.000000000000092	1
24.100000000000094	1
24.200000000000095	1
24.300000000000097	1
24.400000000000098	1
24.500000000000099	1
24.600000000000101	1
24.700000000000102	1
24.800000000000104	1
24.900000000000105	1
25.000000000000107	1
25.100000000000108	1
25.200000000000109	1
25.300000000000111	1
25.400000000000112	1
25.500000000000114	1
25.600000000000115	1
25.700000000000117	1
25.800000000000118	1
25.900000000000119	1
26.000000000000121	1
26.100000000000122	1
26.200000000000124	1
26.300000000000125	1
26.400000000000126	1
26.500000000000128	1
26.600000000000129	1
26.700000000000131	1
26.800000000000132	1
26.900000000000134	1
27.000000000000135	1
27.100000000000136	1
27.200000000000138	1
27.300000000000139	1
27.400000000000141	1
27.500000000000142	1
27.600000000000144	1
27.700000000000145	1
27.800000000000146	1
27.900000000000148	1
28.000000000000149	1
28.100000000000151	1
28.200000000000152	1
28.300000000000153	1
28.400000000000155	1
28.500000000000156	1
28.600000000000158	1
28.700000000000159	1
28.800000000000161	1
28.900000000000162	1
29.000000000000163	1
29.100000000000165	1
29.200000000000166	1
29.300000000000168	1
29.400000000000169	1
29.500000000000171	1
29.600000000000172	13
29.700000000000173	7.60672
29.800000000000175	4.45615
29.900000000000176	6.91015
30.000000000000178	8.10824
30.100000000000179	10.311
30.20000000000018	7.72533
30.300000000000182	6.74697
30.400000000000183	10.981
30.500000000000185	12.9712
30.600000000000186	8.37418
30.700000000000188	8.83674
30.800000000000189	11.7161
30.90000000000019	8.96791
31.000000000000192	6.7748
31.100000000000193	4.26729
31.200000000000195	4.9259
31.300000000000196	6.01927
31.400000000000198	5.49633
31.500000000000199	5.49633
31.6000000000002	6.09735
31.700000000000202	7.38356
31.800000000000203	9.66672
31.900000000000205	6.99493
32.000000000000206	7.21085
32.100000000000207	18.3558
32.200000000000209	5.19066
32.30000000000021	12.0746
32.400000000000212	7.32068
32.500000000000213	5.12209
32.600000000000215	7.59708
32.700000000000216	11.233
32.800000000000217	10.2284
32.900000000000219	4.95671
33.00000000000022	8.82734
33.100000000000222	9.51941
33.200000000000223	13.4378
33.300000000000225	11.2205
33.400000000000226	22.5521
33.500000000000227	9.8103
33.600000000000229	10.3736
33.70000000000023	10.7511
33.800000000000232	10.3826
33.900000000000233	12.9855
34.000000000000234	12.3329
34.100000000000236	5.09945
34.200000000000237	5.5029
34.300000000000239	4.92132
34.40000000000024	9.37551
34.500000000000242	13.6768
34.600000000000243	8.80358
34.700000000000244	12.7634
34.800000000000246	13.3102
34.900000000000247	7.45038
35.000000000000249	4.13943
35.10000000000025	5.34078
35.200000000000252	15.414
35.300000000000253	6.54593
35.400000000000254	10.4335
35.500000000000256	4.45416
35.600000000000257	5.94459
35.700000000000259	5.89155
35.80000000000026	6.3519
35.900000000000261	8.10676
36.000000000000263	7.48893
36.100000000000264	7.48893
36.200000000000266	3.33333
36.300000000000267	6.24462
36.400000000000269	8.48529
36.50000000000027	11.9727
36.600000000000271	11.9885
36.700000000000273	12.0551
36.800000000000274	7.57555
36.900000000000276	7.57555
37.000000000000277	3.33333
37.100000000000279	3.33333
37.20000000000028	3.33333
37.300000000000281	3.33333
37.400000000000283	4.33944
37.500000000000284	7.79938
37.600000000000286	11.0246
37.700000000000287	6.12666
37.800000000000288	4.74281
37.90000000000029	4.74281
38.000000000000291	5.75491
38.100000000000293	16.7987
38.200000000000294	7.35448
38.300000000000296	3.84913
38.400000000000297	5.40622
38.500000000000298	7.95021
38.6000000000003	4.58167
38.700000000000301	7.38034
38.800000000000303	10.8388
38.900000000000304	13.3479
39.000000000000306	8.4128
39.100000000000307	5.0361
39.200000000000308	14.78
39.30000000000031	5.73221
39.400000000000311	7.40018
39.500000000000313	5.64069
39.600000000000314	2.90898
39.700000000000315	2.90898
39.800000000000317	7.96541
39.900000000000318	11.0342
40.00000000000032	3.83312
40.100000000000321	5.33224
40.200000000000323	8.30076
40.300000000000324	18.5933
40.400000000000325	9.24934
40.500000000000327	4.0846
40.600000000000328	7.17054
40.70000000000033	10.7259
40.800000000000331	13.5699
40.900000000000333	9.44023
41.000000000000334	5.32111
41.100000000000335	5.42065
41.200000000000337	3.08587
41.300000000000338	3.08587
41.40000000000034	1
41.500000000000341	11.4811
41.600000000000342	8.16897
41.700000000000344	6.10607
41.800000000000345	6.10607
41.900000000000347	4.40454
42.000000000000348	6.5768
42.10000000000035	3.27756
42.200000000000351	8.03574
42.300000000000352	9.31957
42.400000000000354	15.3413
42.500000000000355	10.974
42.600000000000357	5.57776
42.700000000000358	10.4286
42.80000000000036	9.30352
42.900000000000361	6.13259
43.000000000000362	8.04574
43.100000000000364	5.51474
43.200000000000365	9.08803
43.300000000000367	6.83745
43.400000000000368	9.31503
43.500000000000369	6.22618
43.600000000000371	6.22618
43.700000000000372	6.46458
43.800000000000374	8.06003
43.900000000000375	4.11441
44.000000000000377	5.20635
44.100000000000378	9.2293
44.200000000000379	4.96793
44.300000000000381	11.4779
44.400000000000382	7.9067
44.500000000000384	6.577
44.600000000000385	6.577
44.700000000000387	3.63333
44.800000000000388	8.65449
44.900000000000389	6.15238
45.000000000000391	17.2304
45.100