10	1
10.1	1
10.199999999999999	1
10.299999999999999	1
10.399999999999999	1
10.499999999999998	1
10.599999999999998	1
10.699999999999998	1
10.799999999999997	1
10.899999999999997	1
10.999999999999996	1
11.099999999999996	1
11.199999999999996	1
11.299999999999995	1
11.399999999999995	1
11.499999999999995	1
11.599999999999994	1
11.699999999999994	1
11.799999999999994	1
11.899999999999993	1
11.999999999999993	1
12.099999999999993	4
12.199999999999992	32
12.299999999999992	32
12.399999999999991	32
12.499999999999991	16.9723
12.599999999999991	21.6403
12.69999999999999	27.396
12.79999999999999	17.3013
12.89999999999999	22.2168
12.999999999999989	28.0681
13.099999999999989	32.9542
13.199999999999989	38.7317
13.299999999999988	43.592
13.399999999999988	49.461
13.499999999999988	55.2494
13.599999999999987	60.2875
13.699999999999987	66.2018
13.799999999999986	70.8713
13.899999999999986	32.0937
13.999999999999986	16.325
14.099999999999985	16.325
14.199999999999985	8.4888
14.299999999999985	13.2857
14.399999999999984	19.0492
14.499999999999984	23.8137
14.599999999999984	29.5518
14.699999999999983	34.4015
14.799999999999983	40.2693
14.899999999999983	45.1856
14.999999999999982	26.4208
15.099999999999982	32.0352
15.199999999999982	37.1538
15.299999999999981	43.0645
15.399999999999981	48.0069
15.49999999999998	53.8588
15.59999999999998	58.744
15.69999999999998	64.6294
15.799999999999979	70.0217
15.899999999999979	32
15.999999999999979	32
16.09999999999998	1
16.199999999999982	18.1694
16.299999999999983	23.0296
16.399999999999984	28.7852
16.499999999999986	34.3914
16.599999999999987	39.4323
16.699999999999989	45.3105
16.79999999999999	50.2309
16.899999999999991	56.1539
16.999999999999993	30.0222
17.099999999999994	15.357
17.199999999999996	16.4288
17.299999999999997	21.217
17.399999999999999	27.063
17.5	31.9464
17.600000000000001	37.7192
17.700000000000003	42.5777
17.800000000000004	24.4814
17.900000000000006	29.3175
18.000000000000007	35.181
18.100000000000009	41.0835
18.20000000000001	46.0214
18.300000000000011	51.9046
18.400000000000013	28.3122
18.500000000000014	34.1433
18.600000000000016	39.0628
18.700000000000017	44.9894
18.800000000000018	50.815
18.90000000000002	55.6979
19.000000000000021	15.0175
19.100000000000023	15.0175
19.200000000000024	19.0201
19.300000000000026	23.7484
19.400000000000027	29.4992
19.500000000000028	35.3325
19.60000000000003	40.2307
19.700000000000031	23.4783
19.800000000000033	28.3094
19.900000000000034	16.2755
20.000000000000036	16.2755
20.100000000000037	1
20.200000000000038	9.80842
20.30000000000004	15.3184
20.400000000000041	21.0944
20.500000000000043	25.9457
20.600000000000044	17.4526
20.700000000000045	22.2449
20.800000000000047	28.0904
20.900000000000048	32.9428
21.00000000000005	38.722
21.100000000000051	43.5833
21.200000000000053	49.4534
21.300000000000054	27.4032
21.400000000000055	14.0798
21.500000000000057	14.0798
21.600000000000058	17.1007
21.70000000000006	22.8632
21.800000000000061	27.6209
21.900000000000063	17.1885
22.000000000000064	23.016
22.100000000000065	27.7835
22.200000000000067	33.5576
22.300000000000068	38.422
22.40000000000007	44.2989
22.500000000000071	24.3541
22.600000000000072	12.6408
22.700000000000074	15.6206
22.800000000000075	20.3535
22.900000000000077	26.1633
23.000000000000078	31.0595
23.10000000000008	18.1717
23.200000000000081	22.0999
23.300000000000082	27.94
23.400000000000084	16.4834
23.500000000000085	19.6438
23.600000000000087	25.3798
23.700000000000088	30.2375
23.80000000000009	18.9145
23.900000000000091	23.6216
24.000000000000092	29.3973
24.100000000000094	34.2689
24.200000000000095	20.7665
24.300000000000097	26.4857
24.400000000000098	31.3314
24.500000000000099	37.1999
24.600000000000101	42.1183
24.700000000000102	48.0426
24.800000000000104	26.3352
24.900000000000105	13.5423
25.000000000000107	13.6896
25.100000000000108	18.3766
25.200000000000109	24.1655
25.300000000000111	29.0544
25.400000000000112	34.9047
25.500000000000114	39.73
25.600000000000115	45.5698
25.700000000000117	25.6751
25.800000000000118	30.4858
25.900000000000119	36.3257
26.000000000000121	19.6701
26.100000000000122	25.4002
26.200000000000124	30.2547
26.300000000000125	36.132
26.400000000000126	41.3964
26.500000000000128	46.9658
26.600000000000129	52.8006
26.700000000000131	57.6887
26.800000000000132	15.3218
26.900000000000134	15.3218
27.000000000000135	17.4611
27.100000000000136	22.2515
27.200000000000138	28.0956
27.300000000000139	33.9935
27.400000000000141	19.0766
27.500000000000142	24.1278
27.600000000000144	29.0231
27.700000000000145	34.8213
27.800000000000146	39.6567
27.900000000000148	21.7068
28.000000000000149	11.3052
28.100000000000151	5.87036
28.200000000000152	11.1853
28.300000000000153	15.8575
28.400000000000155	21.4887
28.500000000000156	13.6802
28.600000000000158	19.326
28.700000000000159	25.1348
28.800000000000161	30.0322
28.900000000000162	35.8345
29.000000000000163	40.6723
29.100000000000165	46.5228
29.200000000000166	51.4244
29.300000000000168	57.3287
29.400000000000169	31.0349
29.500000000000171	15.7891
29.600000000000172	15.7891
29.700000000000173	3
29.800000000000175	11.1115
29.900000000000176	7.61695
30.000000000000178	13.1364
30.100000000000179	17.913
30.20000000000018	23.5616
30.300000000000182	29.3491
30.400000000000183	34.2275
30.500000000000185	39.8958
30.600000000000186	19.9479
30.700000000000188	20.9755
30.800000000000189	6.36918
30.90000000000019	11.9667
31.000000000000192	17.4809
31.100000000000193	22.2221
31.200000000000195	28.0723
31.300000000000196	32.9881
31.400000000000198	38.7347
31.500000000000199	43.5947
31.6000000000002	49.4633
31.700000000000202	28.1557
31.800000000000203	33.0591
31.900000000000205	38.9496
32.000000000000206	20.3784
32.100000000000207	12.409
32.200000000000209	17.1554
32.30000000000021	10.1548
32.400000000000212	15.1499
32.500000000000213	19.995
32.600000000000215	25.6524
32.700000000000216	14.5618
32.800000000000217	20.2578
32.900000000000219	25.1116
33.00000000000022	30.9968
33.100000000000222	35.7903
33.200000000000223	41.6065
33.300000000000225	47.426
33.400000000000226	52.3386
33.500000000000227	29.5456
33.600000000000229	17.2299
33.70000000000023	23.0469
33.800000000000232	27.881
33.900000000000233	33.6383
34.000000000000234	39.4677
34.100000000000236	44.3601
34.200000000000237	26.3746
34.300000000000239	31.2376
34.40000000000024	37.1209
34.500000000000242	20.9409
34.600000000000243	13.2405
34.700000000000244	19.0177
34.800000000000246	23.7465
34.900000000000247	29.4977
35.000000000000249	34.355
35.10000000000025	40.2296
35.200000000000252	45.1502
35.300000000000253	24.8226
35.400000000000254	30.5674
35.500000000000256	17.4535
35.600000000000257	20.4642
35.700000000000259	25.2784
35.80000000000026	31.132
35.900000000000261	18.8407
36.000000000000263	11.7603
36.100000000000264	16.3902
36.200000000000266	22.1571
36.300000000000267	28.021
36.400000000000269	32.8532
36.50000000000027	18.6779
36.600000000000271	18.6779
36.700000000000273	23.6453
36.800000000000274	28.448
36.900000000000276	34.2852
37.000000000000277	21.0127
37.100000000000279	13.1743
37.20000000000028	18.9189
37.300000000000281	23.5403
37.400000000000283	14.4599
37.500000000000284	17.4148
37.600000000000286	23.1853
37.700000000000287	29.048
37.800000000000288	33.9108
37.90000000000029	39.7001
38.000000000000291	44.4546
38.100000000000293	50.3422
38.200000000000294	55.2669
38.300000000000296	61.1926
38.400000000000297	32.5886
38.500000000000298	16.2943
38.6000000000003	16.2943
38.700000000000301	8.95059
38.800000000000303	14.3732
38.900000000000304	19.154
39.000000000000306	25.0029
39.100000000000307	29.7879
39.200000000000308	18.4529
39.30000000000031	24.2236
39.400000000000311	29.1027
39.500000000000313	18.2189
39.600000000000314	23.0687
39.700000000000315	28.8858
39.800000000000317	33.683
39.900000000000318	39.5058
40.00000000000032	45.3745
40.100000000000321	50.2886
40.200000000000323	56.0986
40.300000000000324	61.0503
40.400000000000325	31.8639
40.500000000000327	15.932
40.600000000000328	15.932
40.70000000000033	18.9209
40.800000000000331	24.5817
40.900000000000333	30.3723
41.000000000000334	35.2509
41.100000000000335	20.4873
41.200000000000337	25.2971
41.300000000000338	31.1472
41.40000000000034	36.0319
41.500000000000341	41.8861
41.600000000000342	23.572
41.700000000000344	13.2096
41.800000000000345	18.9963
41.900000000000347	23.6871
42.000000000000348	29.4499
42.10000000000035	34.314
42.200000000000351	19.0759
42.300000000000352	23.0668
42.400000000000354	27.9333
42.500000000000355	33.6817
42.600000000000357	38.5304
42.700000000000358	44.393
42.80000000000036	49.3035
42.900000000000361	27.6184
43.000000000000362	33.4211
43.100000000000364	38.3028
43.200000000000365	23.2908
43.300000000000367	28.1541
43.400000000000368	34.0418
43.500000000000369	38.9227
43.600000000000371	21.1013
43.700000000000372	22.0751
43.800000000000374	7.11656
43.900000000000375	12.5386
44.000000000000377	17.2492
44.100000000000378	23.0613
44.200000000000379	27.8929
44.300000000000381	17.3831
44.400000000000382	22.1905
44.500000000000384	28.0473
44.600000000000385	33.865
44.700000000000387	38.6907
44.800000000000388	23.4289
44.900000000000389	28.2684
45.000000000000391	34.1364
45.100000000000392	39.0567
45.200000000000394	44.9396
45.300000000000395	50.7709
45.400000000000396	55.6577
45.500000000000398	14.954
45.600000000000399	14.954
45.700000000000401	9.41456
45.800000000000402	14.1082
45.900000000000404	19.8338
46.000000000000405	25.4879
46.100000000000406	13.4321
46.200000000000408	17.5125
46.300000000000409	22.2919
46.400000000000411	28.1276
46.500000000000412	33.0352
46.600000000000414	38.8778
46.700000000000415	44.6948
46.800000000000416	49.5755
46.900000000000418	26.047
47.000000000000419	13.4022
47.100000000000421	13.4022
47.200000000000422	17.3169
47.300000000000423	23.112
47.400000000000425	28.0064
47.500000000000426	33.7719
47.600000000000428	39.5816
47.700000000000429	44.4614
47.800000000000431	50.3482
47.900000000000432	55.2724
48.000000000000433	14.7207
48.100000000000435	15.7724
48.200000000000436	21.426
48.300000000000438	27.2271
48.400000000000439	7.78603
48.500000000000441	13.2346
48.600000000000442	18.0407
48.700000000000443	23.7432
48.800000000000445	28.5294
48.900000000000446	34.3527
49.000000000000448	40.2277
49.100000000000449	45.1485
49.20000000000045	25.3402
49.300000000000452	13.1164
49.400000000000453	15.3034
49.500000000000455	20.1114
49.600000000000456	25.9369
49.700000000000458	30.7065
49.800000000000459	36.5112
49.90000000000046	42.37
50.000000000000462	22.5459
50.100000000000463	22.6346
50.200000000000465	11.6657
50.300000000000466	16.8064
50.400000000000468	21.5105
50.500000000000469	27.2936
50.60000000000047	15.7119
50.700000000000472	20.4237
50.800000000000473	26.2179
50.900000000000475	31.1054
51.000000000000476	37.0097
51.100000000000477	20.8677
51.200000000000479	24.7312
51.30000000000048	30.4933
51.400000000000482	35.3552
51.500000000000483	19.3396
51.600000000000485	23.3282
51.700000000000486	29.1621
51.800000000000487	34.0674
51.900000000000489	39.9593
52.00000000000049	45.7699
52.100000000000492	50.6259
52.200000000000493	56.5075
52.300000000000495	30.0469
52.400000000000496	35.8747
52.500000000000497	20.3425
52.600000000000499	26.1547
52.7000000000005	31.0522
52.800000000000502	36.9109
52.900000000000503	42.7149
53.000000000000504	47.5885
53.100000000000506	53.4676
53.200000000000507	26.9481
53.300000000000509	12.4926
53.40000000000051	17.4444
53.500000000000512	23.2076
53.600000000000513	29.0658
53.700000000000514	33.9555
53.800000000000516	39.7383
53.900000000000517	44.601
54.000000000000519	11.7191
54.10000000000052	15.3496
54.200000000000522	21.117
54.300000000000523	26.9847
54.400000000000524	31.7543
54.500000000000526	37.5567
54.600000000000527	21.6389
54.700000000000529	27.3949
54.80000000000053	32.259
54.900000000000531	38.142
55.000000000000533	44.0563
55.100000000000534	24.1097
55.200000000000536	29.9916
55.300000000000537	17.6777
55.400000000000539	23.3834
55.50000000000054	13.865
55.600000000000541	15.1766
55.700000000000543	20.0151
55.800000000000544	25.7071
55.900000000000546	31.4811
56.000000000000547	17.1549
56.100000000000549	22.991
56.20000000000055	27.7267
56.300000000000551	33.5106
56.400000000000553	38.381
56.500000000000554	44.2633
56.600000000000556	50.1734
5