10	1
10.1	1
10.199999999999999	1
10.299999999999999	1
10.399999999999999	1
10.499999999999998	1
10.599999999999998	1
10.699999999999998	1
10.799999999999997	1
10.899999999999997	1
10.999999999999996	1
11.099999999999996	1
11.199999999999996	1
11.299999999999995	1
11.399999999999995	1
11.499999999999995	1
11.599999999999994	1
11.699999999999994	1
11.799999999999994	1
11.899999999999993	1
11.999999999999993	1
12.099999999999993	1
12.199999999999992	1
12.299999999999992	1
12.399999999999991	1
12.499999999999991	1
12.599999999999991	1
12.69999999999999	1
12.79999999999999	1
12.89999999999999	1
12.999999999999989	1
13.099999999999989	1
13.199999999999989	1
13.299999999999988	1
13.399999999999988	1
13.499999999999988	1
13.599999999999987	1
13.699999999999987	1
13.799999999999986	1
13.899999999999986	1
13.999999999999986	1
14.099999999999985	1
14.199999999999985	1
14.299999999999985	1
14.399999999999984	1
14.499999999999984	1
14.599999999999984	1
14.699999999999983	1
14.799999999999983	1
14.899999999999983	2
14.999999999999982	4
15.099999999999982	4
15.199999999999982	8
15.299999999999981	8
15.399999999999981	16
15.49999999999998	32
15.59999999999998	32
15.69999999999998	64
15.799999999999979	64
15.899999999999979	32
15.999999999999979	32
16.09999999999998	32
16.199999999999982	32
16.299999999999983	2
16.399999999999984	2
16.499999999999986	4
16.599999999999987	4
16.699999999999989	9
16.79999999999999	11
16.899999999999991	11
16.999999999999993	13
17.099999999999994	13
17.199999999999996	16
17.299999999999997	17.0899
17.399999999999999	17.0899
17.5	18.0588
17.600000000000001	18.0588
17.700000000000003	19.0309
17.800000000000004	20.0056
17.900000000000006	20.0056
18.000000000000007	20.9826
18.100000000000009	21.9161
18.20000000000001	21.9161
18.300000000000011	22.8551
18.400000000000013	22.8551
18.500000000000014	23.7148
18.600000000000016	24.6664
18.700000000000017	24.6664
18.800000000000018	25.6217
18.90000000000002	25.6217
19.000000000000021	26.5802
19.100000000000023	27.4325
19.200000000000024	27.4325
19.300000000000026	28.4003
19.400000000000027	28.4003
19.500000000000028	29.3702
19.60000000000003	30.3421
19.700000000000031	30.3421
19.800000000000033	31.2837
19.900000000000034	32.1978
20.000000000000036	32.1978
20.100000000000037	33.1773
20.200000000000038	33.1773
20.30000000000004	34.1579
20.400000000000041	17.3261
20.500000000000043	17.3261
20.600000000000044	17.3261
20.700000000000045	17.3261
20.800000000000047	1
20.900000000000048	2
21.00000000000005	2
21.100000000000051	4
21.200000000000053	4
21.300000000000054	7
21.400000000000055	8.83744
21.500000000000057	8.83744
21.600000000000058	9.70539
21.70000000000006	10.5964
21.800000000000061	10.5964
21.900000000000063	11.505
22.000000000000064	11.505
22.100000000000065	12.4275
22.200000000000067	13.361
22.300000000000068	13.361
22.40000000000007	14.3033
22.500000000000071	14.3033
22.600000000000072	15.2528
22.700000000000074	16.2083
22.800000000000075	16.2083
22.900000000000077	17.1688
23.000000000000078	17.1688
23.10000000000008	18.1334
23.200000000000081	19.1017
23.300000000000082	19.1017
23.400000000000084	20.0729
23.500000000000085	21.0469
23.600000000000087	21.0469
23.700000000000088	21.8863
23.80000000000009	21.8863
23.900000000000091	22.8266
24.000000000000092	23.7717
24.100000000000094	23.7717
24.200000000000095	24.7211
24.300000000000097	24.7211
24.400000000000098	12.5214
24.500000000000099	12.5214
24.600000000000101	12.5214
24.700000000000102	12.6806
24.800000000000104	12.6806
24.900000000000105	13.5966
25.000000000000107	14.5236
25.100000000000108	14.5236
25.200000000000109	15.4595
25.300000000000111	16.2803
25.400000000000112	16.2803
25.500000000000114	17.2368
25.600000000000115	17.2368
25.700000000000117	18.1978
25.800000000000118	19.1105
25.900000000000119	19.1105
26.000000000000121	20.0813
26.100000000000122	20.0813
26.200000000000124	20.7676
26.300000000000125	10.3838
26.400000000000126	10.3838
26.500000000000128	11.1307
26.600000000000129	11.1307
26.700000000000131	12.082
26.800000000000132	12.8076
26.900000000000134	12.8076
27.000000000000135	13.715
27.100000000000136	14.5658
27.200000000000138	14.5658
27.300000000000139	15.4992
27.400000000000141	15.4992
27.500000000000142	16.4403
27.600000000000144	17.3879
27.700000000000145	17.3879
27.800000000000146	18.2315
27.900000000000148	18.2315
28.000000000000149	9.11575
28.100000000000151	9.95921
28.200000000000152	9.95921
28.300000000000153	10.8291
28.400000000000155	10.8291
28.500000000000156	11.7196
28.600000000000158	12.6263
28.700000000000159	12.6263
28.800000000000161	13.546
28.900000000000162	14.4762
29.000000000000163	14.4762
29.100000000000165	15.2845
29.200000000000166	15.2845
29.300000000000168	7.73997
29.400000000000169	7.73997
29.500000000000171	7.73997
29.600000000000172	7.99625
29.700000000000173	7.99625
29.800000000000175	8.83404
29.900000000000176	9.7023
30.000000000000178	9.7023
30.100000000000179	10.5935
30.20000000000018	10.5935
30.300000000000182	11.5024
30.400000000000183	12.4251
30.500000000000185	12.4251
30.600000000000186	13.3587
30.700000000000188	6.75401
30.800000000000189	6.75401
30.90000000000019	7.04696
31.000000000000192	7.04696
31.100000000000193	7.98661
31.200000000000195	8.82533
31.300000000000196	8.82533
31.400000000000198	9.69438
31.500000000000199	9.69438
31.6000000000002	10.5863
31.700000000000202	11.4957
31.800000000000203	11.4957
31.900000000000205	12.4189
32.000000000000206	12.4189
32.100000000000207	13.353
32.200000000000209	14.2958
32.30000000000021	14.2958
32.400000000000212	15.2458
32.500000000000213	16.2017
32.600000000000215	16.2017
32.700000000000216	17.1626
32.800000000000217	17.1626
32.900000000000219	18.1276
33.00000000000022	18.9381
33.100000000000222	18.9381
33.200000000000223	9.57423
33.300000000000225	9.57423
33.400000000000226	9.57423
33.500000000000227	9.67868
33.600000000000229	9.67868
33.70000000000023	4.83934
33.800000000000232	4.83934
33.900000000000233	5.04598
34.000000000000234	5.96932
34.100000000000236	5.96932
34.200000000000237	6.2998
34.300000000000239	7.19877
34.40000000000024	7.19877
34.500000000000242	8.12058
34.600000000000243	8.12058
34.700000000000244	9.05836
34.800000000000246	10.0077
34.900000000000247	10.0077
35.000000000000249	10.9657
35.10000000000025	10.9657
35.200000000000252	11.8458
35.300000000000253	12.6645
35.400000000000254	12.6645
35.500000000000256	6.44998
35.600000000000257	6.44998
35.700000000000259	6.60502
35.80000000000026	7.4666
35.900000000000261	7.4666
36.000000000000263	8.35846
36.100000000000264	9.27191
36.200000000000266	9.27191
36.300000000000267	10.2012
36.400000000000269	10.2012
36.50000000000027	11.1424
36.600000000000271	12.0928
36.700000000000273	12.0928
36.800000000000274	13.0503
36.900000000000276	13.0503
37.000000000000277	14.0137
37.100000000000279	14.9817
37.20000000000028	14.9817
37.300000000000281	15.8905
37.400000000000283	16.8097
37.500000000000284	16.8097
37.600000000000286	17.7375
37.700000000000287	17.7375
37.800000000000288	18.6727
37.90000000000029	19.6143
38.000000000000291	19.6143
38.100000000000293	20.5613
38.200000000000294	20.5613
38.300000000000296	21.5131
38.400000000000297	11.145
38.500000000000298	11.145
38.6000000000003	11.2348
38.700000000000301	11.2348
38.800000000000303	12.1779
38.900000000000304	13.1292
39.000000000000306	13.1292
39.100000000000307	13.9441
39.200000000000308	6.97203
39.30000000000031	6.97203
39.400000000000311	7.52906
39.500000000000313	7.52906
39.600000000000314	8.4142
39.700000000000315	9.32212
39.800000000000317	9.32212
39.900000000000318	10.2468
40.00000000000032	10.2468
40.100000000000321	11.094
40.200000000000323	5.63678
40.300000000000324	5.63678
40.400000000000325	5.63678
40.500000000000327	5.63678
40.600000000000328	5.98618
40.70000000000033	6.7794
40.800000000000331	6.7794
40.900000000000333	7.62092
41.000000000000334	8.49636
41.100000000000335	8.49636
41.200000000000337	9.39624
41.300000000000338	9.39624
41.40000000000034	10.3142
41.500000000000341	11.2459
41.600000000000342	11.2459
41.700000000000344	12.0224
41.800000000000345	12.0224
41.900000000000347	6.01118
42.000000000000348	6.80142
42.10000000000035	6.80142
42.200000000000351	7.64047
42.300000000000352	7.64047
42.400000000000354	8.51386
42.500000000000355	9.41205
42.600000000000357	9.41205
42.700000000000358	10.3286
42.80000000000036	11.2591
42.900000000000361	11.2591
43.000000000000362	5.84818
43.100000000000364	5.84818
43.200000000000365	5.84818
43.300000000000367	5.84818
43.400000000000368	1
43.500000000000369	2.9
43.600000000000371	2.9
43.700000000000372	3.83446
43.800000000000374	4.09525
43.900000000000375	4.33944
44.000000000000377	5.19763
44.100000000000378	5.19763
44.200000000000379	6.09735
44.300000000000381	6.42106
44.400000000000382	7.02286
44.500000000000384	7.96541
44.600000000000385	8.21454
44.700000000000387	8.80618
44.800000000000388	9.67696
44.900000000000389	9.67696
45.000000000000391	10.5704
45.100000000000392	11.0352
45.200000000000394	11.4811
45.300000000000395	12.4054
45.400000000000396	12.4054
45.500000000000398	6.40165
45.600000000000399	6.40165
45.700000000000401	6.40165
45.800000000000402	6.71035
45.900000000000404	6.71035
46.000000000000405	7.55971
46.100000000000406	7.94984
46.200000000000408	8.44159
46.300000000000409	9.34682
46.400000000000411	9.66419
46.500000000000412	10.2693
46.600000000000414	11.2047
46.700000000000415	11.2047
46.800000000000416	12.1502
46.900000000000418	12.3954
47.000000000000419	13.1035
47.100000000000421	14.0632
47.200000000000422	14.0632
47.300000000000423	15.028
47.400000000000425	15.2267
47.500000000000426	15.9969
47.600000000000428	16.9103
47.700000000000429	16.9103
47.800000000000431	17.8329
47.900000000000432	18.1115
48.000000000000433	18.7633
48.100000000000435	19.7005
48.200000000000436	20.0531
48.300000000000438	20.6436
48.400000000000439	21.5917
48.500000000000441	21.5917
48.600000000000442	10.8421
48.700000000000443	10.8421
48.800000000000445	10.8421
48.900000000000446	11.3842
49.000000000000448	11.3842
49.100000000000449	12.3158
49.20000000000045	12.8734
49.300000000000452	13.2572
49.400000000000453	14.2064
49.500000000000455	14.2064
49.600000000000456	15.1621
49.700000000000458	15.6179
49.800000000000459	7.90459
49.90000000000046	8.0311
50.000000000000462	8.15561
50.100000000000463	8.97835
50.200000000000465	9.73097
50.300000000000466	9.73097
50.400000000000468	10.6198
50.500000000000469	10.8073
50.60000000000047	11.5266
50.700000000000472	12.4474
50.800000000000473	12.4474
50.900000000000475	13.3795
51.000000000000476	13.5286
51.100000000000477	13.8219
51.200000000000479	6.91093
51.30000000000048	6.91093
51.400000000000482	6.91093
51.500000000000483	6.91093
51.600000000000485	1
51.700000000000486	2
51.800000000000487	3.33333
51.900000000000489	3.33333
52.00000000000049	4.63158
52.100000000000492	4.63158
52.200000000000493	5.44207
52.300000000000495	6.306
52.400000000000496	6.306
52.500000000000497	7.20419
52.600000000000499	7.20419
52.7000000000005	8.12537
52.800000000000502	9.06265
52.900000000000503	9.06265
53.000000000000504	10.0116
53.100000000000506	10.0116
53.200000000000507	10.9692
53.300000000000509	11.8491
53.40000000000051	11.8491
53.500000000000512	12.7465
53.600000000000513	13.6581
53.700000000000514	13.6581
53.800000000000516	14.5811
53.900000000000517	14.5811
54.000000000000519	15.5136
54.10000000000052	16.4539
54.200000000000522	16.4539
54.300000000000523	8.2876
54.400000000000524	8.2876
54.500000000000526	8.2876
54.600000000000527	8.76015
54.700000000000529	8.76015
54.80000000000053	9.63514
54.900000000000531	9.63514
55.000000000000533	10.5321
55.100000000000534	11.4459
55.200000000000536	11.4459
55.300000000000537	5.89574
55.400000000000539	5.89574
55.50000000000054	5.89574
55.600000000000541	6.23022
55.700000000000543	6.23022
55.800000000000544	7.13816
55.900000000000546	8.06701
56.000000000000547	8.06701
56.100000000000549	9.01044
56.20000000000055	9.01044
56.300000000000551	9.9644
56.400000000000553	10.8339
56.500000000000554	10.8339
56.600000000000556	11.724
56.700000000000557	11.724
56.800000000000558	12.5507
56.90000000000056	6.27537
57.000000000000561	6.27537
57.100000000000563	6.8902
57.200000000000564	7.71943
57.300000000000566	7.71943
57.400000000000567	8.58467
57.500000000000568	8.58467
57.60000000000057	9.47607
57.700000000000571	10.3