10	1
10.1	1
10.199999999999999	1
10.299999999999999	1
10.399999999999999	1
10.499999999999998	1
10.599999999999998	1
10.699999999999998	1
10.799999999999997	1
10.899999999999997	1
10.999999999999996	1
11.099999999999996	1
11.199999999999996	1
11.299999999999995	1
11.399999999999995	1
11.499999999999995	1
11.599999999999994	1
11.699999999999994	1
11.799999999999994	1
11.899999999999993	1
11.999999999999993	1
12.099999999999993	1
12.199999999999992	1
12.299999999999992	1
12.399999999999991	1
12.499999999999991	1
12.599999999999991	1
12.69999999999999	1
12.79999999999999	1
12.89999999999999	1
12.999999999999989	1
13.099999999999989	1
13.199999999999989	1
13.299999999999988	1
13.399999999999988	1
13.499999999999988	1
13.599999999999987	1
13.699999999999987	1
13.799999999999986	1
13.899999999999986	1
13.999999999999986	1
14.099999999999985	1
14.199999999999985	1
14.299999999999985	1
14.399999999999984	1
14.499999999999984	1
14.599999999999984	1
14.699999999999983	1
14.799999999999983	1
14.899999999999983	1
14.999999999999982	1
15.099999999999982	1
15.199999999999982	1
15.299999999999981	1
15.399999999999981	1
15.49999999999998	1
15.59999999999998	1
15.69999999999998	1
15.799999999999979	1
15.899999999999979	1
15.999999999999979	1
16.09999999999998	1
16.199999999999982	1
16.299999999999983	1
16.399999999999984	1
16.499999999999986	1
16.599999999999987	1
16.699999999999989	1
16.79999999999999	1
16.899999999999991	1
16.999999999999993	1
17.099999999999994	1
17.199999999999996	1
17.299999999999997	1
17.399999999999999	1
17.5	1
17.600000000000001	1
17.700000000000003	1
17.800000000000004	1
17.900000000000006	1
18.000000000000007	1
18.100000000000009	1
18.20000000000001	1
18.300000000000011	1
18.400000000000013	1
18.500000000000014	1
18.600000000000016	1
18.700000000000017	1
18.800000000000018	1
18.90000000000002	1
19.000000000000021	1
19.100000000000023	1
19.200000000000024	1
19.300000000000026	1
19.400000000000027	1
19.500000000000028	1
19.60000000000003	1
19.700000000000031	1
19.800000000000033	1
19.900000000000034	1
20.000000000000036	1
20.100000000000037	1
20.200000000000038	1
20.30000000000004	1
20.400000000000041	1
20.500000000000043	1
20.600000000000044	1
20.700000000000045	1
20.800000000000047	1
20.900000000000048	1
21.00000000000005	1
21.100000000000051	1
21.200000000000053	1
21.300000000000054	1
21.400000000000055	1
21.500000000000057	1
21.600000000000058	1
21.70000000000006	1
21.800000000000061	1
21.900000000000063	1
22.000000000000064	1
22.100000000000065	1
22.200000000000067	1
22.300000000000068	1
22.40000000000007	1
22.500000000000071	1
22.600000000000072	1
22.700000000000074	1
22.800000000000075	1
22.900000000000077	1
23.000000000000078	1
23.10000000000008	1
23.200000000000081	1
23.300000000000082	1
23.400000000000084	1
23.500000000000085	1
23.600000000000087	1
23.700000000000088	1
23.80000000000009	1
23.900000000000091	1
24.000000000000092	1
24.100000000000094	1
24.200000000000095	1
24.300000000000097	1
24.400000000000098	1
24.500000000000099	1
24.600000000000101	1
24.700000000000102	1
24.800000000000104	1
24.900000000000105	1
25.000000000000107	1
25.100000000000108	1
25.200000000000109	1
25.300000000000111	1
25.400000000000112	1
25.500000000000114	1
25.600000000000115	1
25.700000000000117	1
25.800000000000118	1
25.900000000000119	1
26.000000000000121	1
26.100000000000122	1
26.200000000000124	1
26.300000000000125	1
26.400000000000126	1
26.500000000000128	1
26.600000000000129	1
26.700000000000131	1
26.800000000000132	1
26.900000000000134	1
27.000000000000135	1
27.100000000000136	1
27.200000000000138	1
27.300000000000139	1
27.400000000000141	1
27.500000000000142	1
27.600000000000144	1
27.700000000000145	1
27.800000000000146	1
27.900000000000148	1
28.000000000000149	1
28.100000000000151	1
28.200000000000152	1
28.300000000000153	1
28.400000000000155	1
28.500000000000156	1
28.600000000000158	1
28.700000000000159	1
28.800000000000161	1
28.900000000000162	1
29.000000000000163	1
29.100000000000165	1
29.200000000000166	1
29.300000000000168	12.5
29.400000000000169	12.5
29.500000000000171	5
29.600000000000172	9.27105
29.700000000000173	7.08194
29.800000000000175	7.08194
29.900000000000176	4.16441
30.000000000000178	5.66471
30.100000000000179	5.66471
30.20000000000018	5.92867
30.300000000000182	3.60456
30.400000000000183	3.60456
30.500000000000185	1
30.600000000000186	1
30.700000000000188	1
30.800000000000189	1
30.90000000000019	5.48653
31.000000000000192	10.0681
31.100000000000193	7.52597
31.200000000000195	7.14931
31.300000000000196	8.22386
31.400000000000198	5.50445
31.500000000000199	5.70301
31.6000000000002	8.03129
31.700000000000202	4.65567
31.800000000000203	8.63072
31.900000000000205	5.11518
32.000000000000206	5.11518
32.100000000000207	8.47729
32.200000000000209	9.26257
32.30000000000021	5.93345
32.400000000000212	6.5688
32.500000000000213	8.06678
32.600000000000215	4.64464
32.700000000000216	5.36528
32.800000000000217	8.67795
32.900000000000219	8.58258
33.00000000000022	2.8671
33.100000000000222	3.28909
33.200000000000223	7.0834
33.300000000000225	5.97011
33.400000000000226	4.96951
33.500000000000227	4.66934
33.600000000000229	4.66934
33.70000000000023	1
33.800000000000232	7.32924
33.900000000000233	8.3567
34.000000000000234	4.41275
34.100000000000236	4.41275
34.200000000000237	2.69501
34.300000000000239	2.69501
34.40000000000024	8.21454
34.500000000000242	8.47299
34.600000000000243	7.8274
34.700000000000244	4.58343
34.800000000000246	7.33526
34.900000000000247	4.2111
35.000000000000249	2.50197
35.10000000000025	3.24629
35.200000000000252	3.24629
35.300000000000253	8.21771
35.400000000000254	6.97777
35.500000000000256	3.48889
35.600000000000257	3.48889
35.700000000000259	6.892
35.80000000000026	9.07559
35.900000000000261	4.63919
36.000000000000263	6.28355
36.100000000000264	11.7163
36.200000000000266	5.70163
36.300000000000267	6.10813
36.400000000000269	4.53821
36.50000000000027	2.78912
36.600000000000271	4.5887
36.700000000000273	6.16083
36.800000000000274	3.50752
36.900000000000276	3.62566
37.000000000000277	3.62566
37.100000000000279	7.44171
37.20000000000028	6.50871
37.300000000000281	6.50871
37.400000000000283	10.9692
37.500000000000284	2.41664
37.600000000000286	5.10855
37.700000000000287	4.99733
37.800000000000288	7.8166
37.90000000000029	3.69938
38.000000000000291	3.69938
38.100000000000293	5.19763
38.200000000000294	5.9712
38.300000000000296	2.49896
38.400000000000297	1.62203
38.500000000000298	1.62203
38.6000000000003	7.91686
38.700000000000301	6.65714
38.800000000000303	6.65714
38.900000000000304	3.91354
39.000000000000306	2.71893
39.100000000000307	14.2761
39.200000000000308	8.20237
39.30000000000031	4.63582
39.400000000000311	4.43458
39.500000000000313	5.09186
39.600000000000314	5.26173
39.700000000000315	10.8597
39.800000000000317	8.97002
39.900000000000318	6.01955
40.00000000000032	5.03227
40.100000000000321	2.77337
40.200000000000323	2.77337
40.300000000000324	4.33944
40.400000000000325	7.09344
40.500000000000327	7.27115
40.600000000000328	7.70839
40.70000000000033	7.70839
40.800000000000331	5.44207
40.900000000000333	3.71386
41.000000000000334	4.69405
41.100000000000335	4.69405
41.200000000000337	5.43112
41.300000000000338	3.9973
41.40000000000034	11.0067
41.500000000000341	9.8251
41.600000000000342	8.35241
41.700000000000344	2.58708
41.800000000000345	4.38284
41.900000000000347	4.38284
42.000000000000348	9.67696
42.10000000000035	5.45545
42.200000000000351	5.45545
42.300000000000352	3.55301
42.400000000000354	7.33912
42.500000000000355	13.6621
42.600000000000357	5.40967
42.700000000000358	2.98847
42.80000000000036	7.95637
42.900000000000361	5.33394
43.000000000000362	5.31693
43.100000000000364	5.22061
43.200000000000365	5.74497
43.300000000000367	5.74497
43.400000000000368	1
43.500000000000369	1
43.600000000000371	1
43.700000000000372	1
43.800000000000374	3.24483
43.900000000000375	12.3007
44.000000000000377	7.50221
44.100000000000378	6.77134
44.200000000000379	4.22538
44.300000000000381	8.48407
44.400000000000382	3.09613
44.500000000000384	5.44915
44.600000000000385	7.04619
44.700000000000387	3.13112
44.800000000000388	3.13112
44.900000000000389	2
45.000000000000391	4.05203
45.100000000000392	4.05203
45.2000000000