10	1
10.1	1
10.199999999999999	1
10.299999999999999	1
10.399999999999999	1
10.499999999999998	1
10.599999999999998	1
10.699999999999998	1
10.799999999999997	1
10.899999999999997	1
10.999999999999996	1
11.099999999999996	1
11.199999999999996	1
11.299999999999995	1
11.399999999999995	1
11.499999999999995	1
11.599999999999994	1
11.699999999999994	1
11.799999999999994	1
11.899999999999993	1
11.999999999999993	1
12.099999999999993	1
12.199999999999992	1
12.299999999999992	1
12.399999999999991	1
12.499999999999991	1
12.599999999999991	1
12.69999999999999	1
12.79999999999999	1
12.89999999999999	1
12.999999999999989	1
13.099999999999989	1
13.199999999999989	1
13.299999999999988	1
13.399999999999988	1
13.499999999999988	1
13.599999999999987	1
13.699999999999987	1
13.799999999999986	1
13.899999999999986	1
13.999999999999986	1
14.099999999999985	1
14.199999999999985	1
14.299999999999985	1
14.399999999999984	1
14.499999999999984	1
14.599999999999984	1
14.699999999999983	1
14.799999999999983	1
14.899999999999983	1
14.999999999999982	1
15.099999999999982	1
15.199999999999982	1
15.299999999999981	1
15.399999999999981	1
15.49999999999998	1
15.59999999999998	1
15.69999999999998	1
15.799999999999979	1
15.899999999999979	1
15.999999999999979	1
16.09999999999998	1
16.199999999999982	1
16.299999999999983	1
16.399999999999984	1
16.499999999999986	1
16.599999999999987	1
16.699999999999989	1
16.79999999999999	1
16.899999999999991	1
16.999999999999993	1
17.099999999999994	1
17.199999999999996	1
17.299999999999997	1
17.399999999999999	1
17.5	1
17.600000000000001	1
17.700000000000003	1
17.800000000000004	1
17.900000000000006	1
18.000000000000007	1
18.100000000000009	1
18.20000000000001	1
18.300000000000011	1
18.400000000000013	1
18.500000000000014	1
18.600000000000016	1
18.700000000000017	1
18.800000000000018	1
18.90000000000002	1
19.000000000000021	1
19.100000000000023	1
19.200000000000024	1
19.300000000000026	1
19.400000000000027	1
19.500000000000028	1
19.60000000000003	1
19.700000000000031	1
19.800000000000033	1
19.900000000000034	1
20.000000000000036	1
20.100000000000037	1
20.200000000000038	1
20.30000000000004	1
20.400000000000041	1
20.500000000000043	1
20.600000000000044	1
20.700000000000045	1
20.800000000000047	1
20.900000000000048	1
21.00000000000005	1
21.100000000000051	1
21.200000000000053	1
21.300000000000054	1
21.400000000000055	1
21.500000000000057	1
21.600000000000058	1
21.70000000000006	1
21.800000000000061	1
21.900000000000063	1
22.000000000000064	1
22.100000000000065	1
22.200000000000067	1
22.300000000000068	1
22.40000000000007	1
22.500000000000071	1
22.600000000000072	1
22.700000000000074	1
22.800000000000075	1
22.900000000000077	1
23.000000000000078	1
23.10000000000008	1
23.200000000000081	1
23.300000000000082	1
23.400000000000084	4
23.500000000000085	32
23.600000000000087	32
23.700000000000088	32
23.80000000000009	5
23.900000000000091	16.2486
24.000000000000092	20.1054
24.100000000000094	24.0085
24.200000000000095	13.1593
24.300000000000097	17.0124
24.400000000000098	4.89705
24.500000000000099	7.09631
24.600000000000101	9.83291
24.700000000000102	13.4537
24.800000000000104	7.60137
24.900000000000105	7.60137
25.000000000000107	9.38044
25.100000000000108	13.1275
25.200000000000109	16.9879
25.300000000000111	9.70466
25.400000000000112	10.9683
25.500000000000114	14.5804
25.600000000000115	17.1684
25.700000000000117	21.0465
25.800000000000118	24.9224
25.900000000000119	28.7275
26.000000000000121	31.5811
26.100000000000122	16.5789
26.200000000000124	9.6096
26.300000000000125	12.353
26.400000000000126	7.92517
26.500000000000128	5.42274
26.600000000000129	9.05119
26.700000000000131	11.8404
26.800000000000132	15.5069
26.900000000000134	8.78336
27.000000000000135	9.86224
27.100000000000136	13.3254
27.200000000000138	17.1411
27.300000000000139	21.0243
27.400000000000141	23.9197
27.500000000000142	27.6821
27.600000000000144	31.5346
27.700000000000145	34.3877
27.800000000000146	17.8224
27.900000000000148	17.8224
28.000000000000149	10.0012
28.100000000000151	12.7384
28.200000000000152	16.4476
28.300000000000153	9.70423
28.400000000000155	11.1495
28.500000000000156	14.9869
28.600000000000158	18.677
28.700000000000159	10.3069
28.800000000000161	6.13201
28.900000000000162	9.05511
29.000000000000163	12.7412
29.100000000000165	15.4444
29.200000000000166	9.41714
29.300000000000168	9.41714
29.400000000000169	5.7638
29.500000000000171	3.72428
29.600000000000172	6.35746
29.700000000000173	10.0438
29.800000000000175	12.7718
29.900000000000176	7.57117
30.000000000000178	7.57117
30.100000000000179	10.1794
30.20000000000018	13.0334
30.300000000000182	16.7368
30.400000000000183	20.5018
30.500000000000185	23.3764
30.600000000000186	11.7309
30.700000000000188	11.7309
30.800000000000189	5.93074
30.90000000000019	8.45768
31.000000000000192	12.1613
31.100000000000193	8.2628
31.200000000000195	10.98
31.300000000000196	14.5892
31.400000000000198	18.3596
31.500000000000199	22.2096
31.6000000000002	24.9676
31.700000000000202	12.4838
31.800000000000203	16.1277
31.900000000000205	19.0334
32.000000000000206	22.8572
32.100000000000207	12.734
32.200000000000209	8.006
32.30000000000021	4.47797
32.400000000000212	7.38653
32.500000000000213	11.0892
32.600000000000215	13.9715
32.700000000000216	9.00065
32.800000000000217	5.85826
32.900000000000219	8.03985
33.00000000000022	10.7205
33.100000000000222	14.3953
33.200000000000223	18.206
33.300000000000225	20.9189
33.400000000000226	12.3111
33.500000000000227	7.74715
33.600000000000229	11.3314
33.70000000000023	14.1642
33.800000000000232	18.024
33.900000000000233	21.7958
34.000000000000234	11.215
34.100000000000236	11.215
34.200000000000237	2
34.300000000000239	7.30649
34.40000000000024	11.0363
34.500000000000242	14.6999
34.600000000000243	17.5003
34.700000000000244	11.1029
34.800000000000246	7.55538
34.900000000000247	10.2661
35.000000000000249	13.9894
35.10000000000025	8.57582
35.200000000000252	12.2435
35.300000000000253	15.1034
35.400000000000254	18.9827
35.500000000000256	22.7271
35.600000000000257	12.9715
35.700000000000259	16.6286
35.80000000000026	20.1669
35.900000000000261	10.0834
36.000000000000263	10.0834
36.100000000000264	7.16696
36.200000000000266	10.5715
36.300000000000267	13.5649
36.400000000000269	17.3278
36.50000000000027	21.0344
36.600000000000271	11.7111
36.700000000000273	14.6757
36.800000000000274	18.3739
36.900000000000276	22.0859
37.000000000000277	25.1379
37.100000000000279	13.8746
37.20000000000028	8.04809
37.300000000000281	11.625
37.400000000000283	14.3999
37.500000000000284	18.2097
37.600000000000286	22.0405
37.700000000000287	24.938
37.800000000000288	13.0379
37.90000000000029	13.0379
38.000000000000291	6.93882
38.100000000000293	9.82331
38.200000000000294	13.3719
38.300000000000296	8.20079
38.400000000000297	8.56132
38.500000000000298	12.2334
38.6000000000003	16.0601
38.700000000000301	9.40859
38.800000000000303	10.129
38.900000000000304	13.8893
39.000000000000306	17.5826
39.100000000000307	20.2803
39.200000000000308	23.9887
39.30000000000031	13.7842
39.400000000000311	17.0357
39.500000000000313	10.0297
39.600000000000314	12.9944
39.700000000000315	16.5861
39.800000000000317	19.4231
39.900000000000318	23.2258
40.00000000000032	13.3189
40.100000000000321	15.2817
40.200000000000323	9.24286
40.300000000000324	10.4669
40.400000000000325	14.2078
40.500000000000327	7.77742
40.600000000000328	10.0372
40.70000000000033	6.06083
40.800000000000331	6.06083
40.900000000000333	7.67938
41.000000000000334	5.03103
41.100000000000335	5.03103
41.200000000000337	6.75353
41.300000000000338	10.1003
41.40000000000034	13.8685
41.500000000000341	16.6288
41.600000000000342	20.4138
41.700000000000344	11.7565
41.800000000000345	14.8476
41.900000000000347	17.6245
42.000000000000348	21.42
42.10000000000035	12.1987
42.200000000000351	15.0672
42.300000000000352	18.901
42.400000000000354	11.6832
42.500000000000355	6.64503
42.600000000000357	9.1915
42.700000000000358	12.9935
42.80000000000036	8.14029
42.900000000000361	9.29505
43.000000000000362	13.0667
43.100000000000364	16.6428
43.200000000000365	20.3269
43.300000000000367	23.2232
43.400000000000368	13.3012
43.500000000000369	7.76335
43.600000000000371	7.76335
43.700000000000372	2
43.800000000