10	45.176
10.1	22.994
10.199999999999999	23.0374
10.299999999999999	24.9961
10.399999999999999	25.9392
10.499999999999998	26.8864
10.599999999999998	27.8373
10.699999999999998	29.7486
10.799999999999997	30.7085
10.899999999999997	31.6708
10.999999999999996	33.6021
11.099999999999996	34.5707
11.199999999999996	35.5409
11.299999999999995	37.4861
11.399999999999995	38.4608
11.499999999999995	39.4368
11.599999999999994	40.4139
11.699999999999994	42.3714
11.799999999999994	43.3515
11.899999999999993	44.3326
11.999999999999993	46.2971
12.099999999999993	47.2805
12.199999999999992	48.2645
12.299999999999992	49.2492
12.399999999999991	51.2203
12.499999999999991	52.2067
12.599999999999991	53.1936
12.69999999999999	55.1688
12.79999999999999	56.1571
12.89999999999999	57.1457
12.999999999999989	59.1242
13.099999999999989	60.1139
13.199999999999989	61.104
13.299999999999988	62.0944
13.399999999999988	64.0761
13.499999999999988	65.0674
13.599999999999987	66.0286
13.699999999999987	32.0312
13.799999999999986	32.2492
13.899999999999986	16.1246
13.999999999999986	16.1246
14.099999999999985	16.1246
14.199999999999985	2
14.299999999999985	5
14.399999999999984	8.95059
14.499999999999984	9.70539
14.599999999999984	10.405
14.699999999999983	5.20251
14.799999999999983	5.93293
14.899999999999983	7.02644
14.999999999999982	8.4592
15.099999999999982	9.3627
15.199999999999982	10.5727
15.299999999999981	11.4833
15.399999999999981	13.1148
15.49999999999998	14.0737
15.59999999999998	15.2364
15.69999999999998	16.9781
15.799999999999979	17.8972
15.899999999999979	19.0886
15.999999999999979	20.0605
16.09999999999998	21.6449
16.199999999999982	22.5952
16.299999999999983	23.9291
16.399999999999984	25.4689
16.499999999999986	26.4329
16.599999999999987	27.7263
16.699999999999989	29.3395
16.79999999999999	30.3123
16.899999999999991	31.5734
16.999999999999993	32.5409
17.099999999999994	34.2193
17.199999999999996	17.4569
17.299999999999997	17.4569
17.399999999999999	17.6282
17.5	18.1875
17.600000000000001	9.09376
17.700000000000003	9.09376
17.800000000000004	9.09376
17.900000000000006	2
18.000000000000007	3
18.100000000000009	5.68862
18.20000000000001	6.51909
18.300000000000011	7.3909
18.400000000000013	9.21125
18.500000000000014	10.1462
18.600000000000016	11.0921
18.700000000000017	13.0075
18.800000000000018	13.9737
18.90000000000002	14.8771
19.000000000000021	15.792
19.100000000000023	17.6494
19.200000000000024	18.589
19.300000000000026	19.5346
19.400000000000027	21.4405
19.500000000000028	22.3995
19.60000000000003	23.3619
19.700000000000031	24.3274
19.800000000000033	26.2659
19.900000000000034	13.3409
20.000000000000036	13.4158
20.100000000000037	15.3008
20.200000000000038	16.2535
20.30000000000004	17.2114
20.400000000000041	19.14
20.500000000000043	19.8589
20.600000000000044	9.92946
20.700000000000045	9.92946
20.800000000000047	10.8018
20.900000000000048	11.6944
21.00000000000005	12.6029
21.100000000000051	14.4558
21.200000000000053	15.3959
21.300000000000054	16.343
21.400000000000055	18.2539
21.500000000000057	19.216
21.600000000000058	20.1818
21.70000000000006	21.1507
21.800000000000061	23.0963
21.900000000000063	24.0724
22.000000000000064	12.3846
22.100000000000065	12.5455
22.200000000000067	13.4708
22.300000000000068	7.02681
22.40000000000007	8.09437
22.500000000000071	9.0349
22.600000000000072	9.9865
22.700000000000074	10.8542
22.800000000000075	5.69787
22.900000000000077	5.69787
23.000000000000078	5.69787
23.10000000000008	7.26024
23.200000000000081	8.17501
23.300000000000082	9.10711
23.400000000000084	10.0518
23.500000000000085	11.9672
23.600000000000087	12.8563
23.700000000000088	13.7606
23.80000000000009	15.6038
23.900000000000091	16.539
24.000000000000092	17.4812
24.100000000000094	19.3829
24.200000000000095	20.3407
24.300000000000097	21.3024
24.400000000000098	22.2674
24.500000000000099	24.2058
24.600000000000101	25.1785
24.700000000000102	25.9613
24.800000000000104	12.9807
24.900000000000105	12.9807
25.000000000000107	1
25.100000000000108	7.76276
25.200000000000109	8.62359
25.300000000000111	9.61645
25.400000000000112	10.515
25.500000000000114	12.2769
25.600000000000115	6.29975
25.700000000000117	6.29975
25.800000000000118	7.47393
25.900000000000119	8.365
26.000000000000121	9.27779
26.100000000000122	5.10327
26.200000000000124	5.67014
26.300000000000125	6.50304
26.400000000000126	7.37678
26.500000000000128	9.19997
26.600000000000129	10.1359
26.700000000000131	11.0827
26.800000000000132	12.9995
26.900000000000134	13.8944
27.000000000000135	14.8026
27.100000000000136	15.7219
27.200000000000138	17.5866
27.300000000000139	18.5295
27.400000000000141	19.478
27.500000000000142	21.3889
27.600000000000144	22.3502
27.700000000000145	23.3146
27.800000000000146	25.2518
27.900000000000148	26.2238
28.000000000000149	27.1979
28.100000000000151	28.1738
28.200000000000152	30.1302
28.300000000000153	31.1105
28.400000000000155	32.0919
28.500000000000156	16.7924
28.600000000000158	16.7924
28.700000000000159	16.7924
28.800000000000161	5
28.900000000000162	8.24808
29.000000000000163	9.28168
29.100000000000165	10.2101
29.200000000000166	12.017
29.300000000000168	12.9802
29.400000000000169	14.0201
29.500000000000171	15.706
29.600000000000172	16.6354
29.700000000000173	17.7426
29.800000000000175	9.23092
29.900000000000176	9.23092
30.000000000000178	10.3598
30.100000000000179	11.2877
30.20000000000018	12.6303
30.300000000000182	13.5497
30.400000000000183	15.0898
30.500000000000185	7.96488
30.600000000000186	8.09043
30.700000000000188	9.57206
30.800000000000189	10.4745
30.90000000000019	11.7401
31.000000000000192	12.6453
31.100000000000193	14.2134
31.200000000000195	15.4306
31.300000000000196	16.3757
31.400000000000198	18.0627
31.500000000000199	19.2438
31.6000000000002	20.2083
31.700000000000202	21.9193
31.800000000000203	11.1408
31.900000000000205	11.1408
32.000000000000206	11.1408
32.100000000000207	12.3378
32.200000000000209	13.5023
32.30000000000021	14.4353
32.400000000000212	16.1397
32.500000000000213	17.2788
32.600000000000215	18.2377
32.700000000000216	20.0176
32.800000000000217	20.9941
32.900000000000219	10.8718
33.00000000000022	10.9638
33.100000000000222	6.13021
33.200000000000223	6.13021
33.300000000000225	6.29333
33.400000000000226	8.1156
33.500000000000227	9.0539
33.600000000000229	10.0037
33.70000000000023	11.8424
33.800000000000232	12.7403
33.900000000000233	13.6523
34.000000000000234	14.4375
34.100000000000236	7.21875
34.200000000000237	7.88668
34.300000000000239	8.73514
34.40000000000024	10.5114
34.500000000000242	11.4268
34.600000000000243	12.3552
34.700000000000244	13.2938
34.800000000000246	6.94205
34.900000000000247	7.0861
35.000000000000249	3.54305
35.10000000000025	4.08671
35.200000000000252	4.99061
35.300000000000253	5.74893
35.400000000000254	7.43712
35.500000000000256	8.33218
35.600000000000257	9.24826
35.700000000000259	10.1797
35.80000000000026	12.0747
35.900000000000261	13.0336
36.000000000000263	13.9981
36.100000000000264	15.8136
36.200000000000266	16.737
36.300000000000267	17.6686
36.400000000000269	9.25117
36.50000000000027	10.1824
36.600000000000271	11.1252
36.700000000000273	12.0769
36.800000000000274	14
36.900000000000276	14.9689
37.000000000000277	15.8785
37.100000000000279	17.7267
37.20000000000028	18.6625
37.300000000000281	19.3475
37.400000000000283	21.2701
37.500000000000284	22.2365
37.600000000000286	23.2057
37.700000000000287	24.1774
37.800000000000288	26.1271
37.90000000000029	27.1046
38.000000000000291	28.0838
38.100000000000293	30.046
38.200000000000294	31.029
38.300000000000296	32.0129
38.400000000000297	32.9979
38.500000000000298	16.7098
38.6000000000003	16.7098
38.700000000000301	16.8887
38.800000000000303	8.79302
38.900000000000304	8.79302
39.000000000000306	9.66501
39.100000000000307	11.471
39.200000000000308	12.3961
39.30000000000031	13.3317
39.400000000000311	14.276
39.500000000000313	7.17302
39.600000000000314	7.71529
39.700000000000315	8.58096
39.800000000000317	4.34875
39.900000000000318	4.34875
40.00000000000032	4.34875
40.100000000000321	4.09525
40.200000000000323	4.99753
40.300000000000324	5.75491
40.400000000000325	7.02286
40.500000000000327	8.33628
40.600000000000328	9.25194
40.70000000000033	10.1831
40.800000000000331	12.0775
40.900000000000333	13.0362
41.000000000000334	13.9287
41.100000000000335	7.52197
41.200000000000337	8.40787
41.300000000000338	9.31641
41.40000000000034	10.7209
41.500000000000341	12.1268
41.600000000000342	13.0819
41.700000000000344	14.0431
41.800000000000345	15.9793
41.900000000000347	16.8936
42.000000000000348	17.817
42.10000000000035	19.1708
42.200000000000351	20.6299
42.300000000000352	21.5786
42.400000000000354	23.0587
42.500000000000355	24.4492
42.600000000000357	25.4126
42.700000000000358	26.3408
42.80000000000036	28.2827
42.900000000000361	14.4562
43.000000000000362	14.4562
43.100000000000364	14.4562
43.200000000000365	5
43.300000000000367	7.42017
43.400000000000368	8.43732
43.500000000000369	10.1674
43.600000000000371	11.1115
43.700000000000372	12.1472
43.800000000000374	13.9891
43.900000000000375	14.8916
44.000000000000377	15.9947
44.100000000000378	17.0262
44.200000000000379	18.6006
44.300000000000381	19.5456
44.400000000000382	20.6418
44.500000000000384	10.5369
44.600000000000385	10.5369
44.700000000000387	10.8191
44.800000000000388	12.6177
44.900000000000389	13.538
45.000000000000391	14.4688
45.100000000000392	15.408
45.200000000000394	17.3068
45.300000000000395	17.9879
45.400000000000396	8.99393
45.500000000000398	8.99393
45.600000000000399	8.99393
45.700000000000401	4.92064
45.800000000000402	5.86441
45.900000000000404	7.3909
46.000000000000405	8.29104
46.100000000000406	9.31982
46.200000000000408	11.0921
46.300000000000409	12.0464
46.400000000000411	13.0843
46.500000000000412	14.8771
46.600000000000414	15.792
46.700000000000415	16.8954
46.800000000000416	17.8188
46.900000000000418	19.5346
47.000000000000419	20.4853
47.100000000000421	21.5801
47.200000000000422	11.1774
47.300000000000423	11.1774
47.400000000000425	12.2894
47.500000000000426	13.7529
47.600000000000428	14.6699
47.700000000000429	16.1028
47.800000000000431	17.0692
47.900000000000432	8.5931
48.000000000000433	8.82429
48.100000000000435	9.99969
48.200000000000436	11.4949
48.300000000000438	12.4182
48.400000000000439	13.5757
48.500000000000441	15.2452
48.600000000000442	16.2012
48.700000000000443	17.3363
48.800000000000445	18.2921
48.900000000000446	20.0672
49.000000000000448	21.0414
49.100000000000449	22.1538
49.20000000000045	23.9347
49.300000000000452	24.8778
49.400000000000453	26.0567
49.500000000000455	27.0368
49.600000000000456	28.6888
49.700000000000458	29.6493
49.800000000000459	14.8584
49.90000000000046	15.5182
50.000000000000462	16.4582
50.100000000000463	17.7468
50.200000000000465	19.3141
50.300000000000466	20.2752
50.400000000000468	21.5207
50.500000000000469	22.4763
50.60000000000047	24.1507
50.700000000000472	25.1256
50.800000000000473	26.3314
50.900000000000475	28.0608
51.000000000000476	29.0421
51.100000000000477	14.6069
51.200000000000479	16.0454
51.30000000000048	17.0151
51.400000000000482	18.2643
51.500000000000483	19.226
51.600000000000485	20.7295
51.700000000000486	10.6506
51.800000000000487	10.6506
51.900000000000489	10.6506
52.00000000000049	2
52.100000000000492	3
52.200000000000493	6.26331
52.300000000000495	7.16696
52.400000000000496	8.09245
52.500000000000497	9.03319
52.600000000000499	10.8528
52.7000000000005	11.7415
52.800000000000502	12.6466
52.900000000000503	14.4939
53.000000000000504	15.4317
53.100000000000506	16.3767
53.200000000000507	17.3278
53.300000000000509	19.2447
53.40000000000051	20.2091
53.500000000000512	10.4695
53.600000000000513	11.4762
53.700000000000514	12.4008
53.800000000000516	13.3362
53.900000000000517	15.2311
54.000000000000519	16.1879
54.10000000000052	8.39769
54.200000000000522	8.39769
54.300000000000523	9.5209
54.400000000000524	10.4278
54.500000000000526	11.3501
54.600000000000527	6.05991
54.700000000000529	6.05991
54.80000000000053	6.69503
54.900000000000531	8.42946
55.000000000000533	9.33588
55.100000000000534	10.2593
55.200000000000536	11.1956
55.300000000000537	13.0957
55.400000000000539	14.0559
55.50000000000054	15.0212
55.600000000000541	16.9043
55.700000000000543	17.8272
55.800000000000544	18.7579
55.900000000000546	20.6387
56.000000000000547	10.6535
56.100000000000549	10.6535
56.2