10	1
10.1	1
10.199999999999999	1
10.299999999999999	1
10.399999999999999	1
10.499999999999998	1
10.599999999999998	4
10.699999999999998	16
10.799999999999997	64
10.899999999999997	32
10.999999999999996	32
11.099999999999996	2
11.199999999999996	7
11.299999999999995	17.3228
11.399999999999995	19.2402
11.499999999999995	21.1726
11.599999999999994	11.4713
11.699999999999994	12.477
11.799999999999994	15.2931
11.899999999999993	17.2046
11.999999999999993	19.1338
12.099999999999993	21.076
12.199999999999992	23.028
12.299999999999992	25.9308
12.399999999999991	27.8294
12.499999999999991	29.7413
12.599999999999991	31.664
12.69999999999999	16.5579
12.79999999999999	16.5579
12.89999999999999	16.5579
12.999999999999989	3
13.099999999999989	8.95059
13.199999999999989	10.6907
13.299999999999988	13.4358
13.399999999999988	15.3184
13.499999999999988	8.22685
13.599999999999987	9.47752
13.699999999999987	11.3138
13.799999999999986	14.1501
13.899999999999986	16.0734
13.999999999999986	18.013
14.099999999999985	19.914
14.199999999999985	21.7866
14.299999999999985	24.6329
14.399999999999984	12.677
14.499999999999984	14.5204
14.599999999999984	16.4002
14.699999999999983	18.3051
14.799999999999983	21.1949
14.899999999999983	23.1368
14.999999999999982	25.0877
15.099999999999982	26.86
15.199999999999982	28.7668
15.299999999999981	31.6484
15.399999999999981	33.5512
15.49999999999998	35.4928
15.59999999999998	18.6399
15.69999999999998	19.6341
15.799999999999979	22.4863
15.899999999999979	24.4073
15.999999999999979	26.3399
16.09999999999998	28.2819
16.199999999999982	30.2313
16.299999999999983	33.1666
16.399999999999984	35.1295
16.499999999999986	37.0963
16.599999999999987	39.0664
16.699999999999989	20.386
16.79999999999999	23.2749
16.899999999999991	25.2151
16.999999999999993	13.0752
17.099999999999994	13.0752
17.199999999999996	13.8932
17.299999999999997	16.6494
17.399999999999999	18.5286
17.5	9.84085
17.600000000000001	9.84085
17.700000000000003	10.2412
17.800000000000004	13.0816
17.900000000000006	15.0089
18.000000000000007	16.8933
18.100000000000009	18.748
18.20000000000001	20.6297
18.300000000000011	23.4886
18.400000000000013	25.4125
18.500000000000014	27.3472
18.600000000000016	13.8011
18.700000000000017	13.8011
18.800000000000018	16.0193
18.90000000000002	17.9089
19.000000000000021	19.7694
19.100000000000023	21.6546
19.200000000000024	23.5585
19.300000000000026	26.4409
19.400000000000027	28.3759
19.500000000000028	14.9101
19.60000000000003	14.9101
19.700000000000031	14.9101
19.800000000000033	7.9453
19.900000000000034	9.66047
20.000000000000036	11.7269
20.100000000000037	13.5523
20.200000000000038	15.6143
20.30000000000004	18.0541
20.400000000000041	10.0796
20.500000000000043	11.822
20.600000000000044	13.6346
20.700000000000045	16.1887
20.800000000000047	18.1159
20.900000000000048	20.2558
21.00000000000005	22.1899
21.100000000000051	11.9002
21.200000000000053	11.9002
21.300000000000054	5.99212
21.400000000000055	7.07629
21.500000000000057	8.96169
21.600000000000058	10.7
21.70000000000006	13.4432
21.800000000000061	15.1935
21.900000000000063	17.1161
22.000000000000064	19.0544
22.100000000000065	20.9562
22.200000000000067	23.7758
22.300000000000068	25.6781
22.40000000000007	27.5942
22.500000000000071	29.5213
22.600000000000072	31.4574
22.700000000000074	34.3753
22.800000000000075	36.3279
22.900000000000077	18.76
23.000000000000078	18.76
23.10000000000008	18.76
23.200000000000081	4
23.300000000000082	9.75093
23.400000000000084	11.5434
23.500000000000085	13.394
23.600000000000087	6.95525
23.700000000000088	9.52325
23.80000000000009	11.352
23.900000000000091	13.2296
24.000000000000092	15.1379
24.100000000000094	17.0669
24.200000000000095	19.9859
24.300000000000097	21.8065
24.400000000000098	11.6166
24.500000000000099	6.18827
24.600000000000101	7.90839
24.700000000000102	3.95419
24.800000000000104	3.95419
24.900000000000105	2.5
25.000000000000107	4.33944
25.100000000000108	6.09735
25.200000000000109	8.09095
25.300000000000111	9.98374
25.400000000000112	12.4054
25.500000000000114	14.2841
25.600000000000115	16.1914
25.700000000000117	18.2834
25.800000000000118	19.909
25.900000000000119	10.7526
26.000000000000121	12.5608
26.100000000000122	14.4192
26.200000000000124	16.3106
26.300000000000125	18.2249
26.400000000000126	21.1257
26.500000000000128	23.0734
26.600000000000129	25.0293
26.700000000000131	13.0624
26.800000000000132	13.0624
26.900000000000134	14.5855
27.000000000000135	16.4578
27.100000000000136	18.3567
27.200000000000138	20.2748
27.300000000000139	22.2072
27.400000000000141	12.5462
27.500000000000142	14.4064
27.600000000000144	16.2993
27.700000000000145	18.2148
27.800000000000146	9.8216
27.900000000000148	11.6893
28.000000000000149	13.5198
28.100000000000151	15.392
28.200000000000152	17.2925
28.300000000000153	19.2129
28.400000000000155	22.1196
28.500000000000156	24.0699
28.600000000000158	25.9892
28.700000000000159	27.8839
28.800000000000161	29.7922
28.900000000000162	32.6752
29.000000000000163	34.6082
29.100000000000165	36.4661
29.200000000000166	18.6266
29.300000000000168	19.5191
29.400000000000169	10.5512
29.500000000000171	12.1437
29.600000000000172	6.07183
29.700000000000173	7.94601
29.800000000000175	9.66104
29.900000000000176	12.393
30.000000000000178	14.2733
30.100000000000179	16.1819
30.20000000000018	18.1098
30.300000000000182	20.3982
30.400000000000183	22.8517
30.500000000000185	11.7073
30.600000000000186	13.5354
30.700000000000188	15.4057
30.800000000000189	18.2622
30.90000000000019	20.1893
31.000000000000192	22.0839
31.100000000000193	24.0371
31.200000000000195	25.9973
31.300000000000196	28.8091
31.400000000000198	30.725
31.500000000000199	32.651
31.6000000000002	34.5853
31.700000000000202	18.1535
31.800000000000203	18.2635
31.900000000000205	20.1905
32.000000000000206	22.1302
32.100000000000207	11.3993
32.200000000000209	11.3993
32.30000000000021	13.569
32.400000000000212	15.4353
32.500000000000213	17.331
32.600000000000215	19.2476
32.700000000000216	21.1794
32.800000000000217	24.0976
32.900000000000219	26.0533
33.00000000000022	28.0151
33.100000000000222	29.9485
33.200000000000223	15.4349
33.300000000000225	18.1769
33.400000000000226	20.1122
33.500000000000227	22.0589
33.600000000000229	24.0141
33.70000000000023	25.8989
33.800000000000232	28.7203
33.900000000000233	30.6418
34.000000000000234	32.5112
34.100000000000236	34.3953
34.200000000000237	17.2122
34.300000000000239	19.8091
34.40000000000024	10.5174
34.500000000000242	11.5198
34.600000000000243	13.3737
34.700000000000244	15.264
34.800000000000246	8.90426
34.900000000000247	9.12747
35.000000000000249	11.0227
35.10000000000025	12.8707
35.200000000000252	14.4142
35.300000000000253	17.2612
35.400000000000254	19.1848
35.500000000000256	21.0273
35.600000000000257	22.9834
35.700000000000259	24.866
35.80000000000026	27.7205
35.900000000000261	29.6394
36.000000000000263	31.5682
36.100000000000264	15.9575
36.200000000000266	17.0502
36.300000000000267	19.9214
36.400000000000269	21.7934
36.50000000000027	11.5868
36.600000000000271	11.7588
36.700000000000273	13.5799
36.800000000000274	7.0791
36.900000000000276	8.01492
37.000000000000277	9.82056
37.100000000000279	11.6022
37.20000000000028	13.4447
37.300000000000281	16.2773
37.400000000000283	18.1951
37.500000000000284	20.1287
37.600000000000286	21.8917
37.700000000000287	10.9459
37.800000000000288	13.5657
37.90000000000029	15.4323
38.000000000000291	17.3284
38.100000000000293	19.2452
38.200000000000294	9.93026
38.300000000000296	12.6035
38.400000000000297	14.4564
38.500000000000298	16.3435
38.6000000000003	18.2543
38.700000000000301	20.1822
38.800000000000303	23.0967
38.900000000000304	25.0507
39.000000000000306	27.0113
39.100000000000307	28.9427
39.200000000000308	14.9643
39.30000000000031	14.9643
39.400000000000311	15.0976
39.500000000000313	17.0311
39.600000000000314	18.7658
39.700000000000315	9.38291
39.800000000000317	11.0546
39.900000000000318	12.9755
40.00000000000032	14.7816
40.100000000000321	16.389
40.200000000000323	8.58322
40.300000000000324	11.3115
40.400000000000325	13.1948
40.500000000000327	15.1076
40.600000000000328	17.04
40.70000000000033	19.9127
40.800000000000331	21.7855
40.900000000000333	23.6789
41.000000000000334	12.4974
41.100000000000335	12.4974
41.200000000000337	14.5719
41.300000000000338	16.3847
41.40000000000034	18.2912
41.500000000000341	20.0664
41.600000000000342	22.0171
41.700000000000344	24.8772
41.800000000000345	26.7759
41.900000000000347	13.4066
42.000000000000348	13.4812
42.10000000000035	13.4812
42.200000000000351	2
42.300000000000352	6.32883
42.400000000000354	9.07844
42.500000000000355	10.9822
42.600000000000357	12.7577
42.700000000000358	14.5909
42.80000000000036	16.4625
42.900000000000361	19.3178
43.000000000000362	21.2431
43.100000000000364	23.181
43.200000000000365	11.9519
43.300000000000367	11.9519
43.400000000000368	13.7473
43.500000000000369	15.5921
43.600000000000371	17.4708
43.700000000000372	19.3735
43.800000000000374	21.2938
43.900000000000375	23.8231
44.000000000000377	25.7219
44.100000000000378	27.6349
44.200000000000379	14.2453
44.300000000000381	7.92206
44.400000000000382	9.84774
44.500000000000384	11.6252
44.600000000000385	13.4645
44.700000000000387	15.3435
44.800000000000388	17.2494
44.900000000000389	8.91029
45.000000000000391	9.35103
45.100000000000392	11.2082
45.200000000000394	13.1065
45.300000000000395	15.0306
45.400000000000396	17.8351
45.500000000000398	19.7025
45.600000000000399	21.5935
45.700000000000401	11.2508
45.800000000000402	12.9894
45.900000000000404	15.7135
46.000000000000405	8.26084
46.100000000000406	8.96234
46.200000000000408	10.7005
46.300000000000409	12.5164
46.400000000000411	15.3252
46.500000000000412	16.94
46.600000000000414	18.7901
46.700000000000415	10.064
46.800000000000416	10.064
46.900000000000418	10.064
47.000000000000419	6.26331
47.100000000000421	8.21603
47.200000000000422	10.0851
47.300000000000423	11.6557
47.400000000000425	14.0728
47.500000000000426	16.0054
47.600000000000428	18.2292
47.700000000000429	20.1595
47.800000000000431	22.1019
47.900000000000432	24.5071
48.000000000000433	12.6948
48.100000000000435	14.6048
48.200000000000436	16.4748
48.300000000000438	18.372
48.400000000000439	21.1109
48.500000000000441	23.0598
48.600000000000442	12.4884
48.700000000000443	13.4921
48.800000000000445	15.3677
48.900000000000446	17.8414
49.000000000000448	19.6064
49.100000000000449	21.6913
49.20000000000045	23.5923
49.300000000000452	25.4297
49.400000000000453	14.0624
49.500000000000455	15.9962
49.600000000000456	17.8322
49.700000000000458	9.35463
49.800000000000459	11.0306
49.90000000000046	13.7074
50.000000000000462	15.557
50.100000000000463	17.4394
50.200000000000465	19.3452
50.300000000000466	21.2681
50.400000000000468	24.1756
50.500000000000469	12.8113
50.60000000000047	13.7914
50.700000000000472	15.3725
50.800000000000473	18.1239
50.900000000000475	20.0644
51.000000000000476	22.0153
51.100000000000477	23.9323
51.200000000000479	25.8231
51.30000000000048	13.3685
51.400000000000482	13.3685
51.500000000000483	1
51.600000000000485	4
51.700000000000486	6.16667
51.800000000000487	9.18859
51.900000000000489	11.0733
52.00000000000049	12.9915
52.100000000000492	6.90724
52.200000000000493	8.36078
52.300000000000495	10.9624
52.400000000000496	12.7407
52.500000000000497	14.576
52.600000000000499	16.4494
52.7000000000005	18.3492
52.800000000000502	21.2329
52.900000000000503	23.1716
53.000000000000504	25.1198
53.100000000000506	27.0755
53.200000000000507	14.1874
53.300000000000509	14.3978
53.40000000000051	7.50656
53.500000000000512	8.97376
53.600000000000513	5.32036
53.700000000000514	6.96994
53.800000000000516	9.32057
53.900000000000517	11.1828
54.000000000000519	13.0849
54.10000000000052	15.0117
54.200000000000522	16.8959
54.300000000000523	19.5862
54.400000000000524	21.4875
54.500000000000526	23.405
54.600000000000527	25.0971
54.700000000000529	12.5486
54.80000000000053	15.1544
54.900000000000531	17.0814
55.000000000000533	19.0232
55.100000000000534	20.9279
55.200000000000536	22.6287
55.300000000000537	25.4593
55.400000000000539	13.6037
55.50000000000054	14.599
55.600000000000541	16.4697
55.700000000000543	18.3674
55.800000000000544	21.2487
55.900000000000546	23.1861
56.000000000000547	25.1331
56.100000000000549	12.9395
56.20000000000055	14.75
56.300000000000551	17.5424
56.4000000000