10	7.44877
10.1	9.98897
10.199999999999999	12.6498
10.299999999999999	16.3791
10.399999999999999	19.2467
10.499999999999998	23.1219
10.599999999999998	27.0329
10.699999999999998	29.948
10.799999999999997	33.7787
10.899999999999997	36.6754
10.999999999999996	40.5609
11.099999999999996	20.9834
11.199999999999996	10.7974
11.299999999999995	10.7974
11.399999999999995	10.7974
11.499999999999995	6.97927
11.599999999999994	8.17741
11.699999999999994	11.9688
11.799999999999994	14.6785
11.899999999999993	18.4306
11.999999999999993	10.1219
12.099999999999993	6.47013
12.199999999999992	10.115
12.299999999999992	6.05747
12.399999999999991	9.54736
12.499999999999991	12.3047
12.599999999999991	16.1145
12.69999999999999	19.0222
12.79999999999999	22.8041
12.89999999999999	12.0424
12.999999999999989	12.0424
13.099999999999989	6.50186
13.199999999999989	8.03041
13.299999999999988	11.6129
13.399999999999988	6.38266
13.499999999999988	7.54369
13.599999999999987	11.1939
13.699999999999987	14.0546
13.799999999999986	17.8261
13.899999999999986	20.6378
13.999999999999986	24.4558
14.099999999999985	27.3532
14.199999999999985	31.2463
14.299999999999985	16.205
14.399999999999984	19.0988
14.499999999999984	22.9989
14.599999999999984	25.8277
14.699999999999983	29.6514
14.799999999999983	7.82379
14.899999999999983	10.56
14.999999999999982	13.3322
15.099999999999982	17.1464
15.199999999999982	21.0286
15.299999999999981	10.8193
15.399999999999981	5.63917
15.49999999999998	8.25748
15.59999999999998	12.0235
15.69999999999998	7.05326
15.799999999999979	10.5905
15.899999999999979	6.97198
15.999999999999979	8.9925
16.09999999999998	12.5379
16.199999999999982	15.3428
16.299999999999983	8.38885
16.399999999999984	10.5167
16.499999999999986	14.2445
16.599999999999987	8.23179
16.699999999999989	8.70741
16.79999999999999	12.3357
16.899999999999991	15.1782
16.999999999999993	8.63989
17.099999999999994	11.1762
17.199999999999996	14.8726
17.299999999999997	17.6455
17.399999999999999	21.4373
17.5	25.2532
17.600000000000001	14.3373
17.700000000000003	18.1603
17.800000000000004	21.07
17.900000000000006	11.4247
18.000000000000007	14.2389
18.100000000000009	7.95072
18.20000000000001	11.4709
18.300000000000011	14.2759
18.400000000000013	17.8893
18.500000000000014	10.0017
18.600000000000016	11.2317
18.700000000000017	14.0847
18.800000000000018	17.9058
18.90000000000002	20.7066
19.000000000000021	24.5139
19.100000000000023	28.3739
19.200000000000024	15.1092
19.300000000000026	9.25327
19.400000000000027	10.3797
19.500000000000028	14.1439
19.60000000000003	16.9774
19.700000000000031	10.2521
19.800000000000033	6.06784
19.900000000000034	8.43513
20.000000000000036	12.0628
20.100000000000037	14.8903
20.200000000000038	18.5996
20.30000000000004	21.4497
20.400000000000041	12.1679
20.500000000000043	15.6944
20.600000000000044	7.84719
20.700000000000045	10.3856
20.800000000000047	13.1947
20.900000000000048	17.0399
21.00000000000005	19.9126
21.100000000000051	11.583
21.200000000000053	11.583
21.300000000000054	7.01127
21.400000000000055	4.79002
21.500000000000057	7.30567
21.600000000000058	11.0358
21.70000000000006	13.7844
21.800000000000061	8.40302
21.900000000000063	10.9029
22.000000000000064	14.5314
22.100000000000065	18.3137
22.200000000000067	10.5099
22.300000000000068	14.2395
22.40000000000007	17.1157
22.500000000000071	9.1243
22.600000000000072	5.08335
22.700000000000074	8.01886
22.800000000000075	11.6049
22.900000000000077	14.3836
23.000000000000078	8.87973
23.10000000000008	11.5375
23.200000000000081	7.12961
23.300000000000082	9.54596
23.400000000000084	13.2459
23.500000000000085	16.0514
23.600000000000087	19.8459
23.700000000000088	23.6227
23.80000000000009	11.9378
23.900000000000091	14.2368
24.000000000000092	17.1135
24.100000000000094	8.67303
24.200000000000095	9.34325
24.300000000000097	13.101
24.400000000000098	6.73914
24.500000000000099	6.73914
24.600000000000101	4.16441
24.700000000000102	6.77034
24.800000000000104	10.3083
24.900000000000105	12.825
25.000000000000107	7.01505
25.100000000000108	10.3733
25.200000000000109	13.3363
25.300000000000111	17.1496
25.400000000000112	20.0566
25.500000000000114	23.9258
25.600000000000115	12.6935
25.700000000000117	6.54274
25.800000000000118	9.22791
25.900000000000119	13.0192
26.000000000000121	7.86909
26.100000000000122	4.30152
26.200000000000124	4.30152
26.300000000000125	2
26.400000000000126	5.19763
26.500000000000128	7.30482
26.600000000000129	3.9262
26.700000000000131	7.21354
26.800000000000132	10.0183
26.900000000000134	13.663
27.000000000000135	16.4579
27.100000000000136	20.2749
27.200000000000138	23.0912
27.300000000000139	27.0067
27.400000000000141	29.8238
27.500000000000142	16.745
27.600000000000144	19.61
27.700000000000145	9.805
27.800000000000146	9.805
27.900000000000148	2
28.000000000000149	6.36191
28.100000000000151	9.10138
28.200000000000152	12.8523
28.300000000000153	8.39774
28.400000000000155	11.1718
28.500000000000156	14.7339
28.600000000000158	7.36693
28.700000000000159	8.26972
28.800000000000161	11.0762
28.900000000000162	14.7977
29.000000000000163	18.5256
29.100000000000165	21.3855
29.200000000000166	12.3439
29.300000000000168	14.301
29.400000000000169	7.59241
29.500000000000171	9.15606
29.600000000000172	12.9685
29.700000000000173	7.28627
29.800000000000175	5.03849
29.900000000000176	8.48018
30.000000000000178	11.2337
30.100000000000179	6.75242
30.20000000000018	6.75242
30.300000000000182	10.2966
30.400000000000183	13.1249
30.500000000000185	8.19278
30.600000000000186	9.44802
30.700000000000188	5.59991
30.800000000000189	8.82147
30.90000000000019	11.4928
31.000000000000192	15.2436
31.100000000000193	9.18037
31.200000000000195	6.14293
31.300000000000196	9.1728
31.400000000000198	12.5081
31.500000000000199	7.59352
31.6000000000002	10.196
31.700000000000202	14.0099
31.800000000000203	16.8065
31.900000000000205	9.78023
32.000000000000206	11.3048
32.100000000000207	15.1026
32.200000000000209	18.9292
32.30000000000021	11.1239
32.400000000000212	6.89123
32.500000000000213	9.26213
32.600000000000215	5.95903
32.700000000000216	8.35774
32.800000000000217	12.0923
32.900000000000219	15.8902
33.00000000000022	18.6724
33.100000000000222	10.0095
33.200000000000223	10.0095
33.300000000000225	2
33.400000000000226	6.42297
33.500000000000227	10.0851
33.600000000000229	12.8824
33.70000000000023	16.5592
33.800000000000232	19.1403
33.900000000000233	5.14257
34.000000000000234	3.76941
34.100000000000236	6.05756
34.200000000000237	4.15371
34.300000000000239	5.61801
34.40000000000024	9.16825
34.500000000000242	12.0137
34.600000000000243	15.7034
34.700000000000244	9.52795
34.800000000000246	12.2897
34.900000000000247	15.9781
35.000000000000249	18.6938
35.10000000000025	22.4865
35.200000000000252	11.9761
35.300000000000253	6.02979
35.400000000000254	8.52692
35.500000000000256	11.2689
35.600000000000257	15.0758
35.700000000000259	8.47641
35.80000000000026	5.70412
35.900000000000261	7.53785
36.000000000000263	4.93014
36.100000000000264	7.39715
36.200000000000266	11.0962
36.300000000000267	14.8802
36.400000000000269	17.652
36.50000000000027	10.1747
36.600000000000271	6.03523
36.700000000000273	9.32001
36.800000000000274	12.1296
36.900000000000276	6.30806
37.000000000000277	9.4976
37.100000000000279	5.10581
37.20000000000028	3.91593
37.300000000000281	6.31047
37.400000000000283	10.0144
37.500000000000284	5.29964
37.600000000000286	3.18797
37.700000000000287	6.55004
37.800000000000288	9.23305
37.90000000000029	12.9456
38.000000000000291	15.6774
38.100000000000293	8.09031
38.200000000000294	10.378
38.300000000000296	14.1426
38.400000000000297	17.0353
38.500000000000298	20.8423
38.6000000000003	24.6286
38.700000000000301	27.5078
38.800000000000303	16.1811
38.900000000000304	8.85943
39.000000000000306	5.58628
39.100000000000307	8.22176
39.200000000000308	11.9991
39.30000000000031	15.6283
39.400000000000311	18.4502
39.500000000000313	10.4496
39.600000000000314	13.2451
39.700000000000315	6.84589
39.800000000000317	7.5475
39.900000000000318	4.98806
40.00000000000032	7.43543
40.100000000000321	4.63773
40.200000000000323	2.9903
40.300000000000324	3.62549
40.400000000000325	2.98562
40.500000000000327	2.98562
40.600000000000328	1
40.70000000000033	3.55301
40.800000000000331	7.02286
40.900000000000333	9.67696
41.000000000000334	5.37936
41.100000000000335	7.1573
41.200000000000337	9.97806
41.300000000000338	7.08537
41.40000000000034	9.82506
41.500000000000341	13.4479
41.600000000000342	16.28
41.700000000000344	8.41236
41.800000000000345	11.5363
41.900000000000347	14.3284
42.000000000000348	7.47236
42.10000000000035	9.16745
42.200000000000351	12.821
42.300000000000352	7.22078
42.400000000000354	10.98
42.500000000000355	6.34343
42.600000000000357	9.52096
42.700000000000358	13.228
42.80000000000036	16.0989
42.900000000000361	8.59129
43.000000000000362	8.59129
43.100000000000364	4.94855
43.200000000000365	6.38333
43.300000000000367	10.0601
43.400000000000368	13.7666
43.500000000000369	7.54341
43.600000000000371	9.44082
43.700000000000372	12.2225
43.800000000000374	16.0518
43.900000000000375	8.96902
44.000000000000377	12.3598
44.100000000000378	7.36446
44.200000000000379	7.89337
44.300000000000381	5.99638
44.400000000000382	8.5035
44.500000000000384	12.1931
44.600000000000385	15.0627
44.700000000000387	9.29315
44.800000000000388	12.109
44.900000000000389	15.7764
45.000000000000391	10.0977
45.100000000000392	12.9697
45.200000000000394	16.5668
45.300000000000395	8.83918
45.400000000000396	11.0615
45.500000000000398	13.8775
45.600000000000399	17.5733
45.700000000000401	10.2114
45.800000000000402	13.0583
45.900000000000404	7.94854
46.000000000000405	7.94854
46.100000000000406	10.9316
46.200000000000408	6.16417
46.300000000000409	9.82176
46.400000000000411	12.5184
46.500000000000412	7.39726
46.600000000000414	9.53811
46.700000000000415	5.9413
46.800000000000416	8.81462
46.900000000000418	5.42925
47.000000000000419	7.99175
47.100000000000421	4.35762
47.200000000000422	2.72956
47.300000000000423	6.02249
47.400000000000425	8.63914
47.500000000000426	12.2878
47.600000000000428	15.1393
47.700000000000429	19.0112
47.800000000000431	21.8533
47.900000000000432	11.9964
48.000000000000433	15.1045
48.100000000000435	8.09802
48.200000000000436	11.7453
48.300000000000438	5.91521
48.400000000000439	9.13392
48.500000000000441	11.9876
48.600000000000442	15.6194
48.700000000000443	18.4427
48.800000000000445	22.2783
48.900000000000446	11.9205
49.000000000000448	12.3342
49.100000000000449	8.10913
49.20000000000045	4.11622
49.300000000000452	4.11622
49.400000000000453	6.74138
49.500000000000455	3.92427
49.600000000000456	3.92427
49.700000000000458	2.5
49.800000000000459	6.09735
49.90000000000046	4.16814
50.000000000000462	7.06475
50.100000000000463	3.80744
50.200000000000465	7.00852
50.300000000000466	9.66661
50.400000000000468	13.3329
50.500000000000469	16.1852
50.60000000000047	9.30188
50.700000000000472	11.4338
50.800000000000473	14.1756
50.900000000000475	18.033
51.000000000000476	9.634
51.100000000000477	10.1423
51.200000000000479	13.0044
51.30000000000048	16.594
51.400000000000482	9.84949
51.500000000000483	5.72634
51.600000000000485	9.12478
51.700000000000486	5.41836
51.800000000000487	8.82336
51.900000000000489	11.4942
52.00000000000049	6.63819
52.100000000000492	6.63819
52.200000000000493	2
52.300000000000495	5.97588
52.400000000000496	8.48916
52.500000000000497	5.00579
52.600000000000499	7.4472
52.7000000000005	10.9475
52.800000000000502	7.08688
52.900000000000503	5.06418
53.000000000000504	6.47265
53.100000000000506	5.1925
53.200000000000507	8.80319
53.300000000000509	5.19093
53.40000000000051	3.58022
53.500000000000512	5.21585
53.600000000000513	8.81681
53.700000000000514	5.14518
53.800000000000516	7.40554
53.900000000000517	5.12762
54.000000000000519	7.25565
54.10000000000052	11.0029
54.200000000000522	6.5811
54.300000000000523	7.96894
54.400000000000524	10.573
54.500000000000526	14.286
54.600000000000527	17.1544
54.700000000000529	9.19706
54.80000000000053	9.19706
54.900000000000531	4.81227
55.000000000000533	8.10471
55.100000000000534	10.8619
55.200000000000536	14.5007
55.300000000000537	17.3335
55.400000000000539	9.14472
55.50000000000054	11.6563
55.600000000000541	14.4251
55.700000000000543	18.2296
55.800000000000544	10.3495
55.900000000000546	6.47804
56.000000000000547	8.9606
56.100000000000549