10	1
10.1	1
10.199999999999999	1
10.299999999999999	1
10.399999999999999	1
10.499999999999998	1
10.599999999999998	1
10.699999999999998	1
10.799999999999997	1
10.899999999999997	1
10.999999999999996	1
11.099999999999996	1
11.199999999999996	1
11.299999999999995	1
11.399999999999995	1
11.499999999999995	1
11.599999999999994	1
11.699999999999994	1
11.799999999999994	1
11.899999999999993	1
11.999999999999993	1
12.099999999999993	1
12.199999999999992	1
12.299999999999992	1
12.399999999999991	1
12.499999999999991	1
12.599999999999991	1
12.69999999999999	1
12.79999999999999	1
12.89999999999999	1
12.999999999999989	1
13.099999999999989	1
13.199999999999989	1
13.299999999999988	1
13.399999999999988	1
13.499999999999988	1
13.599999999999987	1
13.699999999999987	1
13.799999999999986	1
13.899999999999986	1
13.999999999999986	1
14.099999999999985	1
14.199999999999985	1
14.299999999999985	1
14.399999999999984	1
14.499999999999984	1
14.599999999999984	1
14.699999999999983	1
14.799999999999983	1
14.899999999999983	1
14.999999999999982	1
15.099999999999982	1
15.199999999999982	1
15.299999999999981	1
15.399999999999981	1
15.49999999999998	1
15.59999999999998	1
15.69999999999998	1
15.799999999999979	1
15.899999999999979	1
15.999999999999979	1
16.09999999999998	1
16.199999999999982	1
16.299999999999983	1
16.399999999999984	1
16.499999999999986	1
16.599999999999987	1
16.699999999999989	1
16.79999999999999	1
16.899999999999991	1
16.999999999999993	1
17.099999999999994	1
17.199999999999996	1
17.299999999999997	1
17.399999999999999	1
17.5	1
17.600000000000001	1
17.700000000000003	1
17.800000000000004	1
17.900000000000006	1
18.000000000000007	1
18.100000000000009	1
18.20000000000001	1
18.300000000000011	1
18.400000000000013	1
18.500000000000014	1
18.600000000000016	1
18.700000000000017	1
18.800000000000018	1
18.90000000000002	1
19.000000000000021	1
19.100000000000023	1
19.200000000000024	1
19.300000000000026	1
19.400000000000027	1
19.500000000000028	1
19.60000000000003	1
19.700000000000031	1
19.800000000000033	1
19.900000000000034	1
20.000000000000036	1
20.100000000000037	1
20.200000000000038	1
20.30000000000004	1
20.400000000000041	1
20.500000000000043	1
20.600000000000044	1
20.700000000000045	1
20.800000000000047	1
20.900000000000048	1
21.00000000000005	1
21.100000000000051	1
21.200000000000053	1
21.300000000000054	1
21.400000000000055	1
21.500000000000057	1
21.600000000000058	1
21.70000000000006	1
21.800000000000061	1
21.900000000000063	1
22.000000000000064	1
22.100000000000065	1
22.200000000000067	1
22.300000000000068	1
22.40000000000007	1
22.500000000000071	1
22.600000000000072	1
22.700000000000074	1
22.800000000000075	1
22.900000000000077	1
23.000000000000078	1
23.10000000000008	1
23.200000000000081	1
23.300000000000082	1
23.400000000000084	1
23.500000000000085	1
23.600000000000087	1
23.700000000000088	1
23.80000000000009	1
23.900000000000091	1
24.000000000000092	2
24.100000000000094	8
24.200000000000095	30
24.300000000000097	15
24.400000000000098	15
24.500000000000099	2
24.600000000000101	5
24.700000000000102	8.55584
24.800000000000104	10.3632
24.900000000000105	12.2295
25.000000000000107	15.0921
25.100000000000108	16.9673
25.200000000000109	9.16791
25.300000000000111	4.58395
25.400000000000112	5.93941
25.500000000000114	8.46372
25.600000000000115	10.2874
25.700000000000117	12.1655
25.800000000000118	14.0764
25.900000000000119	16.0086
26.000000000000121	18.8265
26.100000000000122	20.701
26.200000000000124	22.5969
26.300000000000125	24.5092
26.400000000000126	26.4344
26.500000000000128	14.4816
26.600000000000129	14.4816
26.700000000000131	14.5507
26.800000000000132	7.27533
26.900000000000134	2
27.000000000000135	8.07116
27.100000000000136	9.96775
27.200000000000138	11.5544
27.300000000000139	13.4035
27.400000000000141	7.51279
27.500000000000142	9.30902
27.600000000000144	11.1732
27.700000000000145	13.0767
27.800000000000146	15.0046
27.900000000000148	17.8132
28.000000000000149	19.6827
28.100000000000151	21.5755
28.200000000000152	11.5279
28.300000000000153	11.7007
28.400000000000155	6.46155
28.500000000000156	6.91522
28.600000000000158	8.60469
28.700000000000159	10.4034
28.800000000000161	12.1815
28.900000000000162	15.0533
29.000000000000163	7.8843
29.100000000000165	8.73299
29.200000000000166	10.3166
29.300000000000168	5.89439
29.400000000000169	7.68191
29.500000000000171	3.84095
29.600000000000172	3.84095
29.700000000000173	4.34513
29.800000000000175	6.10134
29.900000000000176	8.09394
30.000000000000178	4.04697
30.100000000000179	4.04697
30.20000000000018	5.7212
30.300000000000182	7.41584
30.400000000000183	10.1643
30.500000000000185	5.41702
30.600000000000186	6.28449
30.700000000000188	3.6623
30.800000000000189	4.18946
30.90000000000019	6.78549
31.000000000000192	3.74643
31.100000000000193	4.93138
31.200000000000195	6.52712
31.300000000000196	8.29732
31.400000000000198	11.0968
31.500000000000199	12.9341
31.6000000000002	7.06487
31.700000000000202	8.95271
31.800000000000203	10.6925
31.900000000000205	13.2871
32.000000000000206	6.64356
32.100000000000207	8.1451
32.200000000000209	10.0276
32.30000000000021	11.8626
32.400000000000212	14.5921
32.500000000000213	7.88997
32.600000000000215	7.88997
32.700000000000216	7.88997
32.800000000000217	4.16441
32.900000000000219	6.61927
33.00000000000022	3.61178
33.100000000000222	5.42803
33.200000000000223	7.19367
33.300000000000225	9.05432
33.400000000000226	11.4987
33.500000000000227	6.12954
33.600000000000229	7.86276
33.70000000000023	3.93138
33.800000000000232	5.26839
33.900000000000233	8.01126
34.000000000000234	9.81758
34.100000000000236	11.5997
34.200000000000237	6.09513
34.300000000000239	7.02095
34.40000000000024	9.67558
34.500000000000242	5.13998
34.600000000000243	5.87843
34.700000000000244	7.53707
34.800000000000246	9.32857
34.900000000000247	12.0532
35.000000000000249	6.0266
35.10000000000025	3.09627
35.200000000000252	3.09627
35.300000000000253	4.69237
35.400000000000254	7.24287
35.500000000000256	9.09332
35.600000000000257	10.9945
35.700000000000259	12.7683
35.80000000000026	6.98426
35.900000000000261	6.98426
36.000000000000263	8.42431
36.100000000000264	4.66562
36.200000000000266	5.08487
36.300000000000267	6.94058
36.400000000000269	9.51259
36.50000000000027	11.3431
36.600000000000271	6.45748
36.700000000000273	7.47306
36.800000000000274	9.2771
36.900000000000276	12.0967
37.000000000000277	6.13076
37.100000000000279	7.33261
37.20000000000028	3.93185
37.300000000000281	4.42506
37.400000000000283	2.32552
37.500000000000284	3.99799
37.600000000000286	5.5056
37.700000000000287	7.25194
37.800000000000288	9.10052
37.90000000000029	11.9622
38.000000000000291	6.14658
38.100000000000293	6.14658
38.200000000000294	6.14658
38.300000000000296	3.23388
38.400000000000297	4.99065
38.500000000000298	6.57162
38.6000000000003	8.33221
38.700000000000301	10.1797
38.800000000000303	13.0336
38.900000000000304	14.9
39.000000000000306	7.87504
39.100000000000307	9.39114
39.200000000000308	11.2416
39.30000000000031	14.0926
39.400000000000311	15.8341
39.500000000000313	8.76251
39.600000000000314	10.5341
39.700000000000315	12.3745
39.800000000000317	15.0107
39.900000000000318	7.50537
40.00000000000032	8.14945
40.100000000000321	10.0311
40.200000000000323	11.8655
40.300000000000324	6.42317
40.400000000000325	8.21619
40.500000000000327	10.0852
40.600000000000328	11.9953
40.70000000000033	13.785
40.800000000000331	7.97138
40.900000000000333	9.0371
41.000000000000334	10.856
41.100000000000335	12.6494
41.200000000000337	14.4963
41.300000000000338	7.87761
41.40000000000034	7.87761
41.500000000000341	1
41.600000000000342	3.33333
41.700000000000344	5.05378
41.800000000000345	7.20419
41.900000000000347	8.95093
42.000000000000348	10.9692
42.10000000000035	12.4277
42.200000000000351	6.21387
42.300000000000352	8.42135
42.400000000000354	10.2527
42.500000000000355	12.5427
42.600000000000357	14.4034
42.700000000000358	7.96176
42.80000000000036	9.46381
42.900000000000361	11.1232
43.000000000000362	6.56504
43.100000000000364	8.32705
43.200000000000365	10.1755
43.300000000000367	12.6396
43.400000000000368	14.4878
43.500000000000369	16.7344
43.600000000000371	18.605
43.700000000000372	20.4998
43.800000000000374	10.8893
43.900000000000375	10.8893
