10	18.1795
10.1	24.0161
10.199999999999999	28.6173
10.299999999999999	14.4481
10.399999999999999	8.32435
10.499999999999998	13.9934
10.599999999999998	18.6038
10.699999999999998	24.3387
10.799999999999997	30.1759
10.899999999999997	35.0819
10.999999999999996	40.9987
11.099999999999996	45.8367
11.199999999999996	24.1405
11.299999999999995	24.1405
11.399999999999995	12.3165
11.499999999999995	12.3165
11.599999999999994	13.2578
11.699999999999994	11.0661
11.799999999999994	15.7102
11.899999999999993	21.3803
11.999999999999993	12.6026
12.099999999999993	18.2537
12.199999999999992	23.0962
12.299999999999992	28.9423
12.399999999999991	34.6964
12.499999999999991	39.5471
12.599999999999991	45.4104
12.69999999999999	22.968
12.79999999999999	11.7212
12.89999999999999	11.7212
12.999999999999989	7.81043
13.099999999999989	13.2489
13.199999999999989	18.0511
13.299999999999988	23.7512
13.399999999999988	28.536
13.499999999999988	34.3582
13.599999999999987	18.8187
13.699999999999987	23.6722
13.799999999999986	29.4379
13.899999999999986	34.3037
13.999999999999986	18.7939
14.099999999999985	19.2154
14.199999999999985	10.3617
14.299999999999985	15.0911
14.399999999999984	20.7861
14.499999999999984	26.4632
14.599999999999984	16.1009
14.699999999999983	21.8528
14.799999999999983	26.6034
14.899999999999983	32.4028
14.999999999999982	37.2301
15.099999999999982	18.615
15.199999999999982	9.65085
15.299999999999981	11.4591
15.399999999999981	6.91919
15.49999999999998	8.60787
15.59999999999998	14.1632
15.69999999999998	18.9971
15.799999999999979	12.0788
15.899999999999979	16.7996
15.999999999999979	9.57206
16.09999999999998	15.1686
16.199999999999982	9.62191
16.299999999999983	14.4565
16.399999999999984	19.2165
16.499999999999986	25.0508
16.599999999999987	13.206
16.699999999999989	13.206
16.79999999999999	6.93882
16.899999999999991	11.6045
16.999999999999993	8.10937
17.099999999999994	12.6574
17.199999999999996	18.2915
17.299999999999997	23.126
17.399999999999999	14.3287
17.5	9.3217
17.600000000000001	11.5373
17.700000000000003	17.1903
17.800000000000004	10.8828
17.900000000000006	14.0246
18.000000000000007	18.6809
18.100000000000009	24.3976
18.20000000000001	29.2477
18.300000000000011	35.1228
18.400000000000013	19.8099
18.500000000000014	19.8099
18.600000000000016	1
18.700000000000017	9.32932
18.800000000000018	5.7376
18.90000000000002	10.1734
19.000000000000021	15.8095
19.100000000000023	7.90475
19.200000000000024	13.1528
19.300000000000026	9.16445
19.400000000000027	6.89924
19.500000000000028	12.0898
19.60000000000003	16.8076
19.700000000000031	22.4674
19.800000000000033	27.2943
19.900000000000034	33.1236
20.000000000000036	38.0436
20.100000000000037	43.9256
20.200000000000038	49.7351
20.30000000000004	13.881
20.400000000000041	10.4883
20.500000000000043	15.1781
20.600000000000044	20.6563
20.700000000000045	10.3282
20.800000000000047	16.0347
20.900000000000048	21.7121
21.00000000000005	26.488
21.100000000000051	14.2977
21.200000000000053	7.65656
21.300000000000054	13.0829
21.400000000000055	9.96063
21.500000000000057	15.416
21.600000000000058	11.413
21.70000000000006	8.97119
21.800000000000061	14.386
21.900000000000063	9.64227
22.000000000000064	15.2129
22.100000000000065	20.0426
22.200000000000067	12.8506
22.300000000000068	9.03486
22.40000000000007	6.63488
22.500000000000071	12.109
22.600000000000072	8.80183
22.700000000000074	5.91119
22.800000000000075	6.7135
22.900000000000077	12.1519
23.000000000000078	16.9115
23.10000000000008	10.0078
23.200000000000081	5.88045
23.300000000000082	5.88045
23.400000000000084	1
23.500000000000085	5.19763
23.600000000000087	10.5704
23.700000000000088	6.12127
23.80000000000009	4.60786
23.900000000000091	3.10321
24.000000000000092	8.16213
24.100000000000094	13.6799
24.200000000000095	9.82893
24.300000000000097	15.3315
24.400000000000098	20.1327
24.500000000000099	25.992
24.600000000000101	30.6553
24.700000000000102	15.3277
24.800000000000104	8.04652
24.900000000000105	12.5376
25.000000000000107	18.209
25.100000000000108	11.9833
25.200000000000109	17.4922
25.300000000000111	22.276
25.400000000000112	13.0615
25.500000000000114	6.79418
25.600000000000115	10.3239
25.700000000000117	8.12799
25.800000000000118	12.7482
25.900000000000119	18.3543
26.000000000000121	23.1757
26.100000000000122	29.0403
26.200000000000124	16.8782
26.300000000000125	21.613
26.400000000000126	12.3624
26.500000000000128	17.1218
26.600000000000129	8.56089
26.700000000000131	8.56089
26.800000000000132	5.31903
26.900000000000134	9.84449
27.000000000000135	15.3414
27.100000000000136	7.89602
27.200000000000138	4.25507
27.300000000000139	9.1037
27.400000000000141	13.5379
27.500000000000142	8.44834
27.600000000000144	10.2748
27.700000000000145	16.0005
27.800000000000146	21.6407
27.900000000000148	12.3941
28.000000000000149	17.319
28.100000000000151	10.9825
28.200000000000152	6.61063
28.300000000000153	8.36288
28.400000000000155	6.98511
28.500000000000156	12.3029
28.600000000000158	7.96273
28.700000000000159	12.9574
28.800000000000161	7.21683
28.900000000000162	12.7536
29.000000000000163	8.53415
29.100000000000165	5.95727
29.200000000000166	10.2976
29.300000000000168	8.23491
29.400000000000169	13.8686
29.500000000000171	18.5102
29.600000000000172	24.2672
29.700000000000173	12.8934
29.800000000000175	6.82453
29.900000000000176	6.82453
30.000000000000178	12.2131
30.100000000000179	6.80567
30.20000000000018	8.51725
30.300000000000182	5.89215
30.400000000000183	7.54771
30.500000000000185	7.01625
30.600000000000186	11.4771
30.700000000000188	7.14502
30.800000000000189	12.6343
30.90000000000019	8.12965
31.000000000000192	13.3638
31.100000000000193	8.29858
31.200000000000195	13.9782
31.300000000000196	18.5924
31.400000000000198	24.3299
31.500000000000199	14.3711
31.6000000000002	14.3711
31.700000000000202	1
31.800000000000203	9.01415
31.900000000000205	14.4821
32.000000000000206	19.2358
32.100000000000207	12.4795
32.200000000000209	6.23975
32.30000000000021	11.729
32.400000000000212	16.3678
32.500000000000213	22.1406
32.600000000000215	28.0079
32.700000000000216	15.8947
32.800000000000217	20.4669
32.900000000000219	25.2806
33.00000000000022	15.0791
33.100000000000222	19.8407
33.200000000000223	5.97949
33.300000000000225	11.1527
33.400000000000226	5.57635
33.500000000000227	10.0843
33.600000000000229	14.6994
33.70000000000023	20.3568
33.800000000000232	13.011
33.900000000000233	18.5915
34.000000000000234	12.4343
34.100000000000236	16.9978
34.200000000000237	12.1073
34.300000000000239	16.8201
34.40000000000024	10.1871
34.500000000000242	14.9721
34.600000000000243	20.5543
34.700000000000244	13.3905
34.800000000000246	18.1551
34.900000000000247	23.9977
35.000000000000249	28.7414
35.10000000000025	14.4402
35.200000000000252	7.62518
35.300000000000253	13.0646
35.400000000000254	17.748
35.500000000000256	11.4613
35.600000000000257	9.23148
35.700000000000259	5.86217
35.80000000000026	5.46895
35.900000000000261	10.026
36.000000000000263	7.47036
36.100000000000264	12.0951
36.200000000000266	17.7391
36.300000000000267	23.3442
36.400000000000269	13.1254
36.50000000000027	9.00823
36.600000000000271	4.66863
36.700000000000273	9.51404
36.800000000000274	14.1745
36.900000000000276	9.099
37.000000000000277	14.1858
37.100000000000279	19.014
37.20000000000028	12.0599
37.300000000000281	15.9914
37.400000000000283	21.5876
37.500000000000284	26.3861
37.600000000000286	16.0533
37.700000000000287	21.7258
37.800000000000288	13.0829
37.90000000000029	18.7489
38.000000000000291	23.4893
38.100000000000293	29.2911
38.200000000000294	15.395
38.300000000000296	8.14034
38.400000000000297	12.756
38.500000000000298	18.3598
38.6000000000003	24.1528
38.700000000000301	12.6835
38.800000000000303	18.3095
38.900000000000304	12.3726
39.000000000000306	9.38925
39.100000000000307	14.0913
39.200000000000308	19.7713
39.30000000000031	25.4786
39.400000000000311	14.2065
39.500000000000313	20.0042
39.600000000000314	24.7463
39.700000000000315	15.0916
39.800000000000317	19.8502
39.900000000000318	12.4122
40.00000000000032	16.4422
40.100000000000321	11.3527
40.200000000000323	17.0673
40.300000000000324	10.4342
40.400000000000325	15.9781
40.500000000000327	20.629
40.600000000000328	12.9787
40.70000000000033	17.7415
40.800000000000331	10.2384
40.900000000000333	6.06206
41.000000000000334	10.2606
41.100000000000335	7.54816
41.200000000000337	12.143
41.300000000000338	7.64336
41.40000000000034	10.9903
41.500000000000341	16.4679
41.600000000000342	22.2147
41.700000000000344	11.7425
41.800000000000345	8.15807
41.900000000000347	12.0393
42.000000000000348	17.5876
42.10000000000035	12.2337
42.200000000000351	18.0014
42.300000000000352	12.0528
42.400000000000354	16.7212
42.500000000000355	11.3619
42.600000000000357	15.9195
42.700000000000358	12.4018
42.80000000000036	17.1502
42.900000000000361	11.2294
43.000000000000362	16.0767
43.100000000000364	20.8499
43.200000000000365	26.5511
43.300000000000367	15.4848
43.400000000000368	17.6042
43.500000000000369	10.4681
43.600000000000371	16.1249
43.700000000000372	10.2079
43.800000000000374	14.9862
43.900000000000375	20.5646
44.000000000000377	11.4347
44.100000000000378	15.4614
44.200000000000379	9.83993
44.300000000000381	13.004
44.400000000000382	17.76
44.500000000000384	23.36
44.600000000000385	13.3025
44.700000000000387	14.6647
44.800000000000388	20.3318
44.900000000000389	12.3907
45.000000000000391	8.36406
45.100000000000392	10.5922
45.200000000000394	16.2056
45.300000000000395	22.0211
45.400000000000396	12.1143
45.500000000000398	16.2188
45.600000000000399	21.0073
45.700000000000401	10.8552
45.800000000000402	7.36625
45.900000000000404	12.9936
46.000000000000405	8.73985
46.100000000000406	13.2969
46.200000000000408	19.0569
46.300000000000409	23.8619
46.400000000000411	14.5255
46.500000000000412	7.85922
46.600000000000414	12.174
46.700000000000415	9.15475
46.800000000000416	13.8646
46.900000000000418	19.4568
47.000000000000419	11.2995
47.100000000000421	11.2995
47.200000000000422	1
47.300000000000423	8.21603
47.400000000000425	12.8824
47.500000000000426	18.4476
47.600000000000428	24.2196
47.700000000000429	14.3438
47.800000000000431	20.1018
47.900000000000432	10.2726
48.000000000000433	6.12528
48.100000000000435	4.84722
48.200000000000436	8.12522
48.300000000000438	7.34881
48.400000000000439	11.937
48.500000000000441	17.4032
48.600000000000442	22.2062
48.700000000000443	27.9883
48.800000000000445	14.2247
48.900000000000446	14.295
49.000000000000448	14.295
49.100000000000449	4
49.20000000000045	11.7269
49.300000000000452	7.03794
49.400000000000453	12.4138
49.500000000000455	17.0417
49.600000000000456	12.0396
49.700000000000458	16.7117
49.800000000000459	22.3959
49.90000000000046	14.4591
50.000000000000462	19.2185
50.100000000000463	10.7873
50.200000000000465	11.5079
50.300000000000466	17.1707
50.400000000000468	22.0246
50.500000000000469	14.2463
50.60000000000047	9.18166
50.700000000000472	14.0973
50.800000000000473	10.981
50.900000000000475	15.5219
51.000000000000476	21.2425
51.100000000000477	12.7615
51.200000000000479	13.9623
51.30000000000048	10.3505
51.400000000000482	16.0491
51.500000000000483	21.7227
51.600000000000485	12.5501
51.700000000000486	17.3733
51.800000000000487	22.1828
51.900000000000489	14.553
52.00000000000049	19.2892
52.100000000000492	11.7502
52.200000000000493	12.3335
52.300000000000495	17.101
52.400000000000496	10.3275
52.500000000000497	13.4508
52.600000000000499	8.93319
52.7000000000005	9.04514
52.800000000000502	9.04514
52.900000000000503	2
53.000000000000504	8.29104
53.100000000000506	12.774
53.200000000000507	9.96203
53.300000000000509	15.4169
53.40000000000051	20.1978
53.500000000000512	6.68405
53.600000000000513	8.99869
53.700000000000514	5.54949
53.800000000000516	9.12686
53.900000000000517	7.11742
54.000000000000519	6.13608
54.10000000000052	5.07314
54.200000000000522	10.3177
54.300000000000523	15.061
54.400000000000524	20.716
54.500000000000526	25.4825
54.600000000000527	16.0327
54.700000000000529	10.2914
54.80000000000053	8.15001
54.900000000000531	13.6727
55.000000000000533	18.364
55.100000000000534	10.7678
55.200000000000536	5.83151
55.300000000000537	5.83151
55.400000000000539	11.1652
55.50000000000054	15.9065
55.600000000000541	8.64726
55.700000000000543	13.0071
55.800000000000544	9.44106
55.900000000000546	14.1258
56.000000000000547	8.68541
56.100000000000549