10	1
10.1	1
10.199999999999999	1
10.299999999999999	1
10.399999999999999	1
10.499999999999998	1
10.599999999999998	1
10.699999999999998	1
10.799999999999997	1
10.899999999999997	1
10.999999999999996	1
11.099999999999996	1
11.199999999999996	1
11.299999999999995	1
11.399999999999995	1
11.499999999999995	1
11.599999999999994	1
11.699999999999994	1
11.799999999999994	1
11.899999999999993	1
11.999999999999993	1
12.099999999999993	1
12.199999999999992	1
12.299999999999992	1
12.399999999999991	1
12.499999999999991	1
12.599999999999991	1
12.69999999999999	1
12.79999999999999	1
12.89999999999999	1
12.999999999999989	1
13.099999999999989	1
13.199999999999989	1
13.299999999999988	1
13.399999999999988	1
13.499999999999988	1
13.599999999999987	1
13.699999999999987	1
13.799999999999986	1
13.899999999999986	1
13.999999999999986	1
14.099999999999985	1
14.199999999999985	1
14.299999999999985	1
14.399999999999984	1
14.499999999999984	1
14.599999999999984	1
14.699999999999983	1
14.799999999999983	1
14.899999999999983	1
14.999999999999982	1
15.099999999999982	1
15.199999999999982	1
15.299999999999981	1
15.399999999999981	1
15.49999999999998	1
15.59999999999998	1
15.69999999999998	1
15.799999999999979	1
15.899999999999979	1
15.999999999999979	1
16.09999999999998	1
16.199999999999982	1
16.299999999999983	1
16.399999999999984	1
16.499999999999986	1
16.599999999999987	1
16.699999999999989	1
16.79999999999999	1
16.899999999999991	1
16.999999999999993	1
17.099999999999994	1
17.199999999999996	1
17.299999999999997	1
17.399999999999999	1
17.5	1
17.600000000000001	1
17.700000000000003	1
17.800000000000004	1
17.900000000000006	1
18.000000000000007	1
18.100000000000009	1
18.20000000000001	1
18.300000000000011	1
18.400000000000013	1
18.500000000000014	1
18.600000000000016	1
18.700000000000017	1
18.800000000000018	1
18.90000000000002	1
19.000000000000021	1
19.100000000000023	1
19.200000000000024	1
19.300000000000026	1
19.400000000000027	1
19.500000000000028	1
19.60000000000003	1
19.700000000000031	1
19.800000000000033	1
19.900000000000034	1
20.000000000000036	1
20.100000000000037	4
20.200000000000038	30
20.30000000000004	15
20.400000000000041	7.92478
20.500000000000043	10.5399
20.600000000000044	14.2616
20.700000000000045	17.1341
20.800000000000047	20.0433
20.900000000000048	22.9318
21.00000000000005	25.7679
21.100000000000051	28.6372
21.200000000000053	31.5307
21.300000000000054	16.8393
21.400000000000055	18.1007
21.500000000000057	21.0187
21.600000000000058	23.8728
21.70000000000006	26.7213
21.800000000000061	14.5286
21.900000000000063	17.3568
22.000000000000064	20.234
22.100000000000065	24.1161
22.200000000000067	27.05
22.300000000000068	29.9968
22.40000000000007	32.8618
22.500000000000071	17.7352
22.600000000000072	20.5593
22.700000000000074	23.4268
22.800000000000075	26.3236
22.900000000000077	29.241
23.000000000000078	32.1735
23.10000000000008	35.1172
23.200000000000081	38.0697
23.300000000000082	41.029
23.400000000000084	21.1979
23.500000000000085	21.1979
23.600000000000087	22.1675
23.700000000000088	13.0004
23.80000000000009	15.7226
23.900000000000091	18.5301
24.000000000000092	9.37251
24.100000000000094	11.4912
24.200000000000095	6.59901
24.300000000000097	9.15847
24.400000000000098	12.0062
24.500000000000099	14.7769
24.600000000000101	17.565
24.700000000000102	9.2545
24.800000000000104	10.8538
24.900000000000105	13.4916
25.000000000000107	7.55211
25.100000000000108	9.23237
25.200000000000109	12.0626
25.300000000000111	14.8901
25.400000000000112	17.6603
25.500000000000114	20.4948
25.600000000000115	23.3702
25.700000000000117	26.2733
25.800000000000118	29.1957
25.900000000000119	32.1323
26.000000000000121	16.767
26.100000000000122	16.8861
26.200000000000124	19.6798
26.300000000000125	10.7632
26.400000000000126	13.344
26.500000000000128	7.90936
26.600000000000129	9.20384
26.700000000000131	12.0408
26.800000000000132	7.12653
26.900000000000134	9.11236
27.000000000000135	11.9712
27.100000000000136	14.6804
27.200000000000138	17.369
27.300000000000139	20.0955
27.400000000000141	23.021
27.500000000000142	25.6919
27.600000000000144	12.846
27.700000000000145	14.668
27.800000000000146	8.26546
27.900000000000148	8.26546
28.000000000000149	10.7041
28.100000000000151	13.3717
28.200000000000152	16.2171
28.300000000000153	19.1091
28.400000000000155	21.663
28.500000000000156	24.4009
28.600000000000158	12.5243
28.700000000000159	12.5243
28.800000000000161	13.6728
28.900000000000162	16.4661
29.000000000000163	19.3208
29.100000000000165	10.6233
29.200000000000166	13.3823
29.300000000000168	16.2259
29.400000000000169	20.0871
29.500000000000171	22.9701
29.600000000000172	25.802
29.700000000000173	28.633
29.800000000000175	31.5269
29.900000000000176	16.6883
30.000000000000178	19.5104
30.100000000000179	11.0802
30.20000000000018	13.8924
30.300000000000182	16.6487
30.400000000000183	19.4766
30.500000000000185	22.1238
30.600000000000186	11.0619
30.700000000000188	13.5857
30.800000000000189	16.1476
30.90000000000019	8.90421
31.000000000000192	11.5563
31.100000000000193	6.81382
31.200000000000195	8.03708
31.300000000000196	10.7184
31.400000000000198	5.67764
31.500000000000199	7.1037
31.6000000000002	9.83822
31.700000000000202	12.5313
31.800000000000203	6.94869
31.900000000000205	6.94869
32.000000000000206	8.63151
32.100000000000207	5.26075
32.200000000000209	5.81178
32.30000000000021	9.2871
32.400000000000212	5.25295
32.500000000000213	5.97702
32.600000000000215	8.48995
32.700000000000216	11.2411
32.800000000000217	6.45174
32.900000000000219	8.11521
33.00000000000022	10.9617
33.100000000000222	13.6521
33.200000000000223	16.4489
33.300000000000225	19.3061
33.400000000000226	10.3778
33.500000000000227	10.3778
33.600000000000229	1
33.70000000000023	5.2
33.800000000000232	8.21603
33.900000000000233	11.0363
34.000000000000234	6.94002
34.100000000000236	9.51218
34.200000000000237	12.2775
34.300000000000239	15.131
34.40000000000024	18.0312
34.500000000000242	20.911
34.600000000000243	23.5242
34.700000000000244	11.7621
34.800000000000246	12.5064
34.900000000000247	7.18589
35.000000000000249	8.47368
35.10000000000025	10.6788
35.200000000000252	5.33938
35.300000000000253	6.98436
35.400000000000254	10.4493
35.500000000000256	13.2448
35.600000000000257	16.1128
35.700000000000259	19.0207
35.80000000000026	21.8615
35.900000000000261	24.6992
36.000000000000263	13.6233
36.100000000000264	7.67735
36.200000000000266	10.0605
36.300000000000267	12.8631
36.400000000000269	15.6094
36.50000000000027	18.4342
36.600000000000271	20.8793
36.700000000000273	23.7081
36.800000000000274	26.5742
36.900000000000276	30.4356
37.000000000000277	15.8142
37.100000000000279	15.8142
37.20000000000028	17.0929
37.300000000000281	8.89223
37.400000000000283	11.547
37.500000000000284	14.3371
37.600000000000286	17.1969
37.700000000000287	20.097
37.800000000000288	11.1129
37.90000000000029	11.2029
38.000000000000291	11.2029
38.100000000000293	4
38.200000000000294	7.16696
38.300000000000296	4.23451
38.400000000000297	6.95967
38.500000000000298	9.52646
38.6000000000003	13.2319
38.700000000000301	16.1022
38.800000000000303	19.0117
38.900000000000304	10.2415
39.000000000000306	6.2781
39.100000000000307	3.98926
39.200000000000308	6.02795
39.30000000000031	8.64292
39.400000000000311	11.3567
39.500000000000313	6.50212
39.600000000000314	8.15514
39.700000000000315	10.9912
39.800000000000317	13.6757
39.900000000000318	16.4685
40.00000000000032	20.2835
40.100000000000321	23.1852
40.200000000000323	25.9165
40.300000000000324	12.9583
40.400000000000325	13.8558
40.500000000000327	16.6182
40.600000000000328	19.4505
40.70000000000033	22.3263
40.800000000000331	25.2306
40.900000000000333	28.1548
41.000000000000334	15.2871
41.100000000000335	17.2573
41.200000000000337	9.79723
41.300000000000338	11.6688
41.40000000000034	14.3656
41.500000000000341	8.95252
41.600000000000342	10.1129
41.700000000000344	12.9816
41.800000000000345	15.7071
41.900000000000347	18.5169
42.000000000000348	9.41932
42.10000000000035	9.93869
42.200000000000351	5.59014
42.300000000000352	3.44461
42.400000000000354	6.03666
42.500000000000355	8.64896
42.600000000000357	11.3613
42.700000000000358	14.1881
42.80000000000036	17.073
42.900000000000361	19.9911
43.000000000000362	23.618
