10	49.0324
10.1	52.0023
10.199999999999999	54.939
10.299999999999999	57.8649
10.399999999999999	61.7771
10.499999999999998	64.7183
10.599999999999998	67.6203
10.699999999999998	70.4027
10.799999999999997	73.0792
10.899999999999997	76.5024
10.999999999999996	78.9725
11.099999999999996	32.0312
11.199999999999996	16.2943
11.299999999999995	16.2943
11.399999999999995	2
11.499999999999995	9.17266
11.599999999999994	12.017
11.699999999999994	14.7857
11.799999999999994	17.5724
11.899999999999993	21.3772
11.999999999999993	24.2717
12.099999999999993	27.1887
12.199999999999992	14.8954
12.299999999999992	17.6648
12.399999999999991	21.4532
12.499999999999991	24.3385
12.599999999999991	27.2484
12.69999999999999	30.1758
12.79999999999999	33.116
12.89999999999999	37.0511
12.999999999999989	40.0108
13.099999999999989	42.9294
13.199999999999989	45.8366
13.299999999999988	24.0266
13.399999999999988	27.8824
13.499999999999988	30.7494
13.599999999999987	16.4438
13.699999999999987	16.4438
13.799999999999986	16.4438
13.899999999999986	8.4888
13.999999999999986	11.2402
14.099999999999985	14.233
14.199999999999985	17.1103
14.299999999999985	20.023
14.399999999999984	23.5602
14.499999999999984	26.4424
14.599999999999984	14.4853
14.699999999999983	14.6914
14.799999999999983	8.39947
14.899999999999983	12.121
14.999999999999982	15.0045
15.099999999999982	17.8131
15.199999999999982	20.6265
15.299999999999981	23.4858
15.399999999999981	14.0731
15.49999999999998	16.9776
15.59999999999998	19.7583
15.69999999999998	22.5948
15.799999999999979	25.4685
15.899999999999979	14.4635
15.999999999999979	14.6699
16.09999999999998	17.4752
16.199999999999982	20.3355
16.299999999999983	23.2307
16.399999999999984	27.1261
16.499999999999986	30.0654
16.599999999999987	33.0154
16.699999999999989	17.5932
16.79999999999999	18.9101
16.899999999999991	22.5781
16.999999999999993	25.5322
17.099999999999994	28.4254
17.199999999999996	15.3466
17.299999999999997	15.3466
17.399999999999999	18.2124
17.5	21.3975
17.600000000000001	24.2895
17.700000000000003	27.2046
17.800000000000004	30.1363
17.900000000000006	33.08
18.000000000000007	16.81
18.100000000000009	16.81
18.20000000000001	18.78
18.300000000000011	21.6062
18.400000000000013	11.863
18.500000000000014	11.863
18.600000000000016	11.863
18.700000000000017	7.5777
18.800000000000018	10.2825
18.90000000000002	13.1138
19.000000000000021	16.7994
19.100000000000023	19.6055
19.200000000000024	22.5946
19.300000000000026	25.4684
19.400000000000027	28.368
19.500000000000028	32.1694
19.60000000000003	35.1135
19.700000000000031	38.145
19.800000000000033	41.0502
19.900000000000034	20.7553
20.000000000000036	21.928
20.100000000000037	24.758
20.200000000000038	27.6237
20.30000000000004	30.515
20.400000000000041	33.4254
20.500000000000043	37.3279
20.600000000000044	19.984
20.700000000000045	19.984
20.800000000000047	19.984
20.900000000000048	4
21.00000000000005	10.1549
21.100000000000051	13.0142
21.200000000000053	16.7219
21.300000000000054	19.5391
21.400000000000055	22.4035
21.500000000000057	25.2989
21.600000000000058	28.216
21.70000000000006	32.129
21.800000000000061	16.4644
21.900000000000063	18.5255
22.000000000000064	21.3854
22.100000000000065	24.2789
22.200000000000067	28.1711
22.300000000000068	31.1081
22.40000000000007	34.0559
22.500000000000071	36.9579
22.600000000000072	39.8492
22.700000000000074	43.727
22.800000000000075	22.7821
22.900000000000077	22.7821
23.000000000000078	1
23.10000000000008	7
23.200000000000081	13.1598
23.300000000000082	16.043
23.400000000000084	19.7379
23.500000000000085	22.577
23.600000000000087	11.8085
23.700000000000088	14.1995
23.80000000000009	17.0238
23.900000000000091	9.79772
24.000000000000092	12.4996
24.100000000000094	6.2898
24.200000000000095	7.73111
24.300000000000097	10.3956
24.400000000000098	14.1555
24.500000000000099	17.0459
24.600000000000101	19.9178
24.700000000000102	22.7344
24.800000000000104	25.5924
24.900000000000105	29.4468
25.000000000000107	32.3606
25.100000000000108	35.2887
25.200000000000109	38.2279
25.300000000000111	41.1758
25.400000000000112	21.9289
25.500000000000114	22.7797
25.600000000000115	11.3899
25.700000000000117	11.3899
25.800000000000118	14.0691
25.900000000000119	17.8936
26.000000000000121	20.6961
26.100000000000122	23.5469
26.200000000000124	13.0462
26.300000000000125	15.8871
26.400000000000126	19.4577
26.500000000000128	22.4666
26.600000000000129	25.3548
26.700000000000131	28.2662
26.800000000000132	31.1942
26.900000000000134	16.5013
27.000000000000135	20.2608
27.100000000000136	11.2317
27.200000000000138	13.3538
27.300000000000139	16.2024
27.400000000000141	19.0967
27.500000000000142	22.9972
27.600000000000144	25.8261
27.700000000000145	28.6895
27.800000000000146	14.5869
27.900000000000148	14.5869
28.000000000000149	16.7007
28.100000000000151	9.99545
28.200000000000152	12.6549
28.300000000000153	15.4384
28.400000000000155	18.2898
28.500000000000156	22.1519
28.600000000000158	11.9038
28.700000000000159	14.6255
28.800000000000161	17.438
28.900000000000162	20.3036
29.000000000000163	24.1746
29.100000000000165	27.1021
29.200000000000166	30.0438
29.300000000000168	32.8438
29.400000000000169	35.7324
29.500000000000171	39.6094
29.600000000000172	20.6818
29.700000000000173	20.8745
29.800000000000175	23.7039
29.900000000000176	26.5704
30.000000000000178	14.7663
30.100000000000179	17.5561
30.20000000000018	20.4051
30.300000000000182	23.2917
30.400000000000183	26.2034
30.500000000000185	15.0253
30.600000000000186	17.8306
30.700000000000188	20.6416
30.800000000000189	23.4991
30.90000000000019	26.3879
31.000000000000192	14.8698
31.100000000000193	14.8698
31.200000000000195	14.8698
31.300000000000196	4
31.400000000000198	9.01415
31.500000000000199	11.7269
31.6000000000002	14.4821
31.700000000000202	18.2747
31.800000000000203	21.1686
31.900000000000205	24.0882
32.000000000000206	27.0251
32.100000000000207	29.9409
32.200000000000209	33.7725
32.30000000000021	36.6696
32.400000000000212	39.582
32.500000000000213	42.4359
32.600000000000215	45.3748
32.700000000000216	23.2859
32.800000000000217	12.1688
32.900000000000219	15.043
33.00000000000022	17.9016
33.100000000000222	20.7029
33.200000000000223	24.5108
33.300000000000225	27.4024
33.400000000000226	30.3149
33.500000000000227	16.0394
33.600000000000229	8.41793
33.70000000000023	12.1338
33.800000000000232	6.80831
33.900000000000233	9.41701
34.000000000000234	12.2041
34.100000000000236	7.23033
34.200000000000237	9.30223
34.300000000000239	12.116
34.40000000000024	15.0004
34.500000000000242	17.8096
34.600000000000243	20.6235
34.700000000000244	24.4438
34.800000000000246	13.4685
34.900000000000247	13.4685
35.000000000000249	14.611
35.10000000000025	17.4258
35.200000000000252	10.0971
35.300000000000253	12.7352
35.400000000000254	15.5042
35.500000000000256	18.3453
35.600000000000257	21.2296
35.700000000000259	25.117
35.80000000000026	13.8109
35.900000000000261	15.7121
36.000000000000263	9.12949
36.100000000000264	11.9842
36.200000000000266	14.691
36.300000000000267	18.4405
36.400000000000269	21.3119
36.50000000000027	24.2142
36.600000000000271	12.6135
36.700000000000273	15.4046
36.800000000000274	19.223
36.900000000000276	21.9922
37.000000000000277	11.7892
37.100000000000279	14.5325
37.20000000000028	17.3601
37.300000000000281	21.2031
37.400000000000283	24.1185
37.500000000000284	27.0521
37.600000000000286	29.9987
37.700000000000287	32.8635
37.800000000000288	36.6895
37.90000000000029	20.1649
38.000000000000291	23.0816
38.100000000000293	26.0169
38.200000000000294	28.8961
38.300000000000296	16.2273
38.400000000000297	19.1177
38.500000000000298	22.037
38.6000000000003	24.935
38.700000000000301	27.7824
38.800000000000303	15.6843
38.900000000000304	15.6843
39.000000000000306	17.6668
39.100000000000307	20.5003
39.200000000000308	10.7513
39.30000000000031	14.4182
39.400000000000311	17.2646
39.500000000000313	20.1549
39.600000000000314	23.0729
39.700000000000315	26.0092
39.800000000000317	29.8432
39.900000000000318	32.7216
40.00000000000032	35.6201
40.100000000000321	38.534
40.200000000000323	20.463
40.300000000000324	22.4683
40.400000000000325	11.6502
40.500000000000327	14.4202
40.600000000000328	17.2662
40.70000000000033	20.1563
40.800000000000331	24.0511
40.900000000000333	12.9666
41.000000000000334	14.6374
41.100000000000335	8.54999
41.200000000000337	9.65529
41.300000000000338	13.3247
41.40000000000034	16.1785
41.500000000000341	19.0764
41.600000000000342	22.0011
41.700000000000344	24.8631
41.800000000000345	28.676
41.900000000000347	15.4951
42.000000000000348	15.6879
42.10000000000035	18.5007
42.200000000000351	21.364
42.300000000000352	25.2307
42.400000000000354	28.1549
42.500000000000355	31.0933
42.600000000000357	34.0424
42.700000000000358	36.9996
42.80000000000036	19.4745
42.900000000000361	21.8029
43.000000000000362	24.6473
43.100000000000364	27.5246
43.200000000000365	14.5574
43.300000000000367	18.3344
43.400000000000368	21.2202
43.500000000000369	24.1335
43.600000000000371	27.0655
43.700000000000372	14.4101
43.800000000000374	7.64378
43.900000000000375	8.39775
44.000000000000377	11.1718
44.100000000000378	14.037
44.200000000000379	16.8886
44.300000000000381	20.2832
44.400000000000382	23.4852
44.500000000000384	26.3756
44.600000000000385	29.2878
44.700000000000387	15.0316
44.800000000000388	17.1488
44.900000000000389	10.2501
45.000000000000391	5.17385
45.100000000000392	7.42529
45.200000000000394	10.1711
45.300000000000395	5.37371
45.400000000000396	8.79631
45.500000000000398	11.4735
45.600000000000399	14.278
45.700000000000401	17.1477
45.800000000000402	20.055
45.900000000000404	23.9244
46.000000000000405	26.7673
46.100000000000406	29.6411
46.200000000000408	32.5375
46.300000000000409	17.0642
46.400000000000411	20.9139
46.500000000000412	11.678
46.600000000000414	13.5841
46.700000000000415	16.3925
46.800000000000416	19.2582
46.900000000000418	12.0172
47.000000000000419	14.7858
47.100000000000421	17.5725
47.200000000000422	20.4192
47.300000000000423	23.304
47.400000000000425	13.3921
47.500000000000426	16.234
47.600000000000428	9.32668
47.700000000000429	12.1347
47.800000000000431	15.0155
47.900000000000432	18.7533
48.000000000000433	21.5831
48.100000000000435	24.4531
48.200000000000436	27.3508
48.300000000000438	30.2021
48.400000000000439	17.7822
48.500000000000441	20.5998
48.600000000000442	23.4624
48.700000000000443	26.3552
48.800000000000445	29.2695
48.900000000000446	33.1787
49.000000000000448	36.1236
49.100000000000449	18.4861
49.20000000000045	19.5394
49.300000000000452	9.76972
49.400000000000453	13.2572
49.500000000000455	16.123
49.600000000000456	19.0293
49.700000000000458	10.0769
49.800000000000459	11.4749
49.90000000000046	15.2302
50.000000000000462	18.1144
50.100000000000463	21.0305
50.200000000000465	11.712
50.300000000000466	14.3308
50.400000000000468	18.1551
50.500000000000469	9.79395
50.60000000000047	11.0473
50.700000000000472	13.8662
50.800000000000473	16.6269
50.900000000000475	20.4122
51.000000000000476	23.2979
51.100000000000477	26.2089
51.200000000000479	29.1035
51.30000000000048	31.986
51.400000000000482	35.8221
51.500000000000483	18.623
51.600000000000485	18.623
51.700000000000486	18.7302
51.800000000000487	21.563
51.900000000000489	12.1355
52.00000000000049	14.0505
52.100000000000492	16.8998
52.200000000000493	19.6915
52.300000000000495	22.5364
52.400000000000496	12.6294
52.500000000000497	14.4789
52.600000000000499	17.3152
52.7000000000005	20.1983
52.800000000000502	23.1107
52.900000000000503	26.9863
53.000000000000504	14.3381
53.100000000000506	7.20391
53.200000000000507	9.17278
53.300000000000509	12.0171
53.40000000000051	15.706
53.500000000000512	18.2436
53.600000000000513	21.1418
53.700000000000514	24.0646
53.800000000000516	27.0041
53.900000000000517	30.844
54.000000000000519	15.7589
54.10000000000052	17.7895
54.200000000000522	10.0073
54.300000000000523	12.0137
54.400000000000524	15.7034
54.500000000000526	18.5139
54.600000000000527	21.3754
54.700000000000529	24.27
54.80000000000053	27.1873
54.900000000000531	30.3192
55.000000000000533	34.0496
55.100000000000534	18.2582
55.200000000000536	18.2582
55.300000000000537	19.4274
55.400000000000539	10.2893
55.50000000000054	12.4926
55.600000000000541	15.3058
55.700000000000543	18.0675
55.800000000000544	4.89103
55.900000000000546	7.09221
56.000000000000547	10.7105
56.100000000000549	13.4515
