10	1
10.1	1
10.199999999999999	1
10.299999999999999	1
10.399999999999999	1
10.499999999999998	1
10.599999999999998	1
10.699999999999998	1
10.799999999999997	1
10.899999999999997	1
10.999999999999996	1
11.099999999999996	1
11.199999999999996	1
11.299999999999995	1
11.399999999999995	1
11.499999999999995	1
11.599999999999994	1
11.699999999999994	1
11.799999999999994	1
11.899999999999993	1
11.999999999999993	1
12.099999999999993	1
12.199999999999992	1
12.299999999999992	1
12.399999999999991	1
12.499999999999991	1
12.599999999999991	1
12.69999999999999	1
12.79999999999999	1
12.89999999999999	1
12.999999999999989	1
13.099999999999989	1
13.199999999999989	1
13.299999999999988	1
13.399999999999988	1
13.499999999999988	1
13.599999999999987	1
13.699999999999987	1
13.799999999999986	1
13.899999999999986	1
13.999999999999986	1
14.099999999999985	1
14.199999999999985	1
14.299999999999985	1
14.399999999999984	1
14.499999999999984	1
14.599999999999984	1
14.699999999999983	1
14.799999999999983	1
14.899999999999983	1
14.999999999999982	1
15.099999999999982	1
15.199999999999982	1
15.299999999999981	1
15.399999999999981	1
15.49999999999998	1
15.59999999999998	1
15.69999999999998	1
15.799999999999979	1
15.899999999999979	1
15.999999999999979	1
16.09999999999998	1
16.199999999999982	1
16.299999999999983	1
16.399999999999984	1
16.499999999999986	1
16.599999999999987	1
16.699999999999989	1
16.79999999999999	1
16.899999999999991	1
16.999999999999993	1
17.099999999999994	1
17.199999999999996	1
17.299999999999997	1
17.399999999999999	1
17.5	1
17.600000000000001	1
17.700000000000003	1
17.800000000000004	1
17.900000000000006	1
18.000000000000007	1
18.100000000000009	1
18.20000000000001	1
18.300000000000011	1
18.400000000000013	1
18.500000000000014	1
18.600000000000016	1
18.700000000000017	1
18.800000000000018	1
18.90000000000002	1
19.000000000000021	1
19.100000000000023	1
19.200000000000024	1
19.300000000000026	1
19.400000000000027	1
19.500000000000028	1
19.60000000000003	1
19.700000000000031	1
19.800000000000033	1
19.900000000000034	1
20.000000000000036	1
20.100000000000037	1
20.200000000000038	1
20.30000000000004	1
20.400000000000041	1
20.500000000000043	1
20.600000000000044	1
20.700000000000045	1
20.800000000000047	1
20.900000000000048	1
21.00000000000005	1
21.100000000000051	1
21.200000000000053	1
21.300000000000054	1
21.400000000000055	1
21.500000000000057	1
21.600000000000058	1
21.70000000000006	1
21.800000000000061	1
21.900000000000063	1
22.000000000000064	1
22.100000000000065	1
22.200000000000067	1
22.300000000000068	1
22.40000000000007	1
22.500000000000071	1
22.600000000000072	1
22.700000000000074	1
22.800000000000075	1
22.900000000000077	1
23.000000000000078	1
23.10000000000008	1
23.200000000000081	1
23.300000000000082	1
23.400000000000084	1
23.500000000000085	1
23.600000000000087	1
23.700000000000088	1
23.80000000000009	1
23.900000000000091	1
24.000000000000092	1
24.100000000000094	1
24.200000000000095	1
24.300000000000097	1
24.400000000000098	1
24.500000000000099	1
24.600000000000101	1
24.700000000000102	1
24.800000000000104	1
24.900000000000105	1
25.000000000000107	1
25.100000000000108	1
25.200000000000109	1
25.300000000000111	1
25.400000000000112	1
25.500000000000114	1
25.600000000000115	1
25.700000000000117	1
25.800000000000118	1
25.900000000000119	1
26.000000000000121	1
26.100000000000122	1
26.200000000000124	1
26.300000000000125	1
26.400000000000126	1
26.500000000000128	1
26.600000000000129	32
26.700000000000131	25.5
26.800000000000132	25.5
26.900000000000134	12
27.000000000000135	17.5037
27.100000000000136	23.2522
27.200000000000138	28.2641
27.300000000000139	7.72592
27.400000000000141	11.7521
27.500000000000142	7.97524
27.600000000000144	12.9651
27.700000000000145	9.66435
27.800000000000146	14.2755
27.900000000000148	11.0382
28.000000000000149	16.5604
28.100000000000151	22.2833
28.200000000000152	7.29553
28.300000000000153	12.1548
28.400000000000155	16.9727
28.500000000000156	10.2012
28.600000000000158	14.0137
28.700000000000159	19.6143
28.800000000000161	12.3587
28.900000000000162	17.2358
29.000000000000163	22.0753
29.100000000000165	27.8846
29.200000000000166	17.0886
29.300000000000168	8.63177
29.400000000000169	8.63177
29.500000000000171	6.36191
29.600000000000172	11.9629
29.700000000000173	9.22564
29.800000000000175	6.59139
29.900000000000176	12.0854
30.000000000000178	17.7325
30.100000000000179	23.4248
30.20000000000018	7.02449
30.300000000000182	11.4821
30.400000000000183	17.1534
30.500000000000185	11.0134
30.600000000000186	7.06649
30.700000000000188	5.59382
30.800000000000189	11.0443
30.90000000000019	15.6949
31.000000000000192	21.3691
31.100000000000193	13.4803
31.200000000000195	18.2763
31.300000000000196	12.8757
31.400000000000198	18.443
31.500000000000199	23.246
31.6000000000002	15.7123
31.700000000000202	21.3819
31.800000000000203	14.0374
31.900000000000205	9.34526
32.000000000000206	13.774
32.100000000000207	18.4395
32.200000000000209	24.2134
32.30000000000021	30.075
32.400000000000212	17.1664
32.500000000000213	11.5271
32.600000000000215	17.1835
32.700000000000216	10.7202
32.800000000000217	5.02591
32.900000000000219	10.2949
33.00000000000022	16.0134
33.100000000000222	21.6502
33.200000000000223	12.071
33.300000000000225	16.1865
33.400000000000226	9.97764
33.500000000000227	7.76485
33.600000000000229	6.26046
33.70000000000023	4.34524
33.800000000000232	7.57935
33.900000000000233	6.3874
34.000000000000234	4.61438
34.100000000000236	8.11574
34.200000000000237	13.6524
34.300000000000239	19.3063
34.40000000000024	10.281
34.500000000000242	12.7245
34.600000000000243	6.36226
34.700000000000244	6.36226
34.800000000000246	10.9097
34.900000000000247	7.5057
35.000000000000249	10.131
35.10000000000025	7.76968
35.200000000000252	7.95515
35.300000000000253	6.47639
35.400000000000254	10.3157
35.500000000000256	16.0267
35.600000000000257	20.3247
35.700000000000259	26.1409
35.80000000000026	15.7443
35.900000000000261	20.4975
36.000000000000263	12.5735
36.100000000000264	17.7888
36.200000000000266	11.8462
36.300000000000267	17.3988
36.400000000000269	23.1734
36.50000000000027	29.0384
36.600000000000271	16.7136
36.700000000000273	17.3025
36.800000000000274	8.65126
36.900000000000276	5.99337
37.000000000000277	11.2497
37.100000000000279	9.41318
37.20000000000028	15.0692
37.300000000000281	7.66645
37.400000000000283	13.0118
37.500000000000284	8.99487
37.600000000000286	13.0107
37.700000000000287	18.5913
37.800000000000288	11.9989
37.90000000000029	15.8825
38.000000000000291	10.3986
38.100000000000293	12.6621
38.200000000000294	7.28817
38.300000000000296	11.4706
38.400000000000297	9.47901
38.500000000000298	14.1511
38.6000000000003	19.9147
38.700000000000301	11.7562
38.800000000000303	8.13223
38.900000000000304	13.4402
39.000000000000306	19.1571
39.100000000000307	23.8582
39.200000000000308	13.9047
39.30000000000031	17.2499
39.400000000000311	11.9838
39.500000000000313	17.4926
39.600000000000314	9.38356
39.700000000000315	5.67208
39.800000000000317	11.0837
39.900000000000318	16.7111
40.00000000000032	8.9068
40.100000000000321	5.60272
40.200000000000323	3.44969
40.300000000000324	6.03947
40.400000000000325	11.3628
40.500000000000327	6.95188
40.600000000000328	12.2022
40.70000000000033	4.07397
40.800000000000331	8.32609
40.900000000000333	13.7779
41.000000000000334	10.309
41.100000000000335	16.0224
41.200000000000337	11.0209
41.300000000000338	16.549
41.40000000000034	10.3271
41.500000000000341	7.37467
41.600000000000342	6.39755
41.700000000000344	11.9817
41.800000000000345	17.4911
41.900000000000347	23.2427
42.000000000000348	27.9
42.10000000000035	18.1891
42.200000000000351	24.0234
42.300000000000352	29.7882
42.400000000000354	8.94407
42.500000000000355	11.0548
42.600000000000357	9.54485
42.700000000000358	15.1515
42.80000000000036	4.41675
42.900000000000361	8.25484
43.000000000000362	13.8804
43.100000000000364	8.98503
43.200000000000365	6.27539
43.300000000000367	6.52095
43.400000000000368	5.40908
43.500000000000369	5.40908
43.600000000000371	1
43.700000000000372	1
43.800000000000374	1
43.900000000000375	1
44.000000000000377	1
44.100000000000378	6.09735
44.200000000000379	5.23744
44.300000000000381	9.27408
44.400000000000382	14.983
44.50000000000038