10	1
10.1	1
10.199999999999999	1
10.299999999999999	1
10.399999999999999	1
10.499999999999998	1
10.599999999999998	1
10.699999999999998	1
10.799999999999997	1
10.899999999999997	1
10.999999999999996	1
11.099999999999996	1
11.199999999999996	1
11.299999999999995	1
11.399999999999995	1
11.499999999999995	1
11.599999999999994	1
11.699999999999994	1
11.799999999999994	1
11.899999999999993	1
11.999999999999993	1
12.099999999999993	1
12.199999999999992	1
12.299999999999992	1
12.399999999999991	1
12.499999999999991	1
12.599999999999991	1
12.69999999999999	1
12.79999999999999	1
12.89999999999999	1
12.999999999999989	1
13.099999999999989	1
13.199999999999989	1
13.299999999999988	1
13.399999999999988	1
13.499999999999988	1
13.599999999999987	1
13.699999999999987	1
13.799999999999986	1
13.899999999999986	1
13.999999999999986	1
14.099999999999985	1
14.199999999999985	1
14.299999999999985	1
14.399999999999984	1
14.499999999999984	1
14.599999999999984	1
14.699999999999983	1
14.799999999999983	1
14.899999999999983	1
14.999999999999982	1
15.099999999999982	1
15.199999999999982	1
15.299999999999981	1
15.399999999999981	1
15.49999999999998	1
15.59999999999998	1
15.69999999999998	1
15.799999999999979	1
15.899999999999979	1
15.999999999999979	1
16.09999999999998	1
16.199999999999982	1
16.299999999999983	1
16.399999999999984	1
16.499999999999986	1
16.599999999999987	1
16.699999999999989	1
16.79999999999999	1
16.899999999999991	1
16.999999999999993	1
17.099999999999994	16
17.199999999999996	32
17.299999999999997	32
17.399999999999999	1
17.5	16.1868
17.600000000000001	19.4472
17.700000000000003	24.2573
17.800000000000004	28.1525
17.900000000000006	14.4792
18.000000000000007	14.4792
18.100000000000009	6
18.20000000000001	4.84249
18.300000000000011	8.24555
18.400000000000013	12.0153
18.500000000000014	6.82818
18.600000000000016	10.2486
18.700000000000017	14.0481
18.800000000000018	17.821
18.90000000000002	21.5819
19.000000000000021	25.4154
19.100000000000023	13.6757
19.200000000000024	17.4146
19.300000000000026	21.2477
19.400000000000027	13.0211
19.500000000000028	7.80595
19.60000000000003	11.3715
19.700000000000031	15.1525
19.800000000000033	19.0218
19.900000000000034	10.9541
20.000000000000036	13.4237
20.100000000000037	17.2176
20.200000000000038	21.0867
20.30000000000004	12.2556
20.400000000000041	12.2556
20.500000000000043	14.573
20.600000000000044	8.22478
20.700000000000045	12.0011
20.800000000000047	15.6938
20.900000000000048	10.1113
21.00000000000005	13.8765
21.100000000000051	17.5725
21.200000000000053	21.3773
21.300000000000054	12.1565
21.400000000000055	14.6275
21.500000000000057	9.28375
21.600000000000058	13.0587
21.70000000000006	16.8162
21.800000000000061	9.14971
21.900000000000063	11.399
22.000000000000064	15.1732
22.100000000000065	8.22264
22.200000000000067	11.9997
22.300000000000068	7.52754
22.40000000000007	5.26788
22.500000000000071	8.25867
22.600000000000072	12.0243
22.700000000000074	15.7115
22.800000000000075	19.4696
22.900000000000077	23.3076
23.000000000000078	27.1919
23.10000000000008	14.0666
23.200000000000081	17.8356
23.300000000000082	21.594
23.400000000000084	11.3183
23.500000000000085	15.1127
23.600000000000087	9.25956
23.700000000000088	13.0416
23.80000000000009	8.70117
23.900000000000091	12.3313
24.000000000000092	16.1348
24.100000000000094	19.863
24.200000000000095	12.6045
24.300000000000097	7.57564
24.400000000000098	11.2154
24.500000000000099	15.0359
24.600000000000101	8.94835
24.700000000000102	12.5064
24.800000000000104	7.62575
24.900000000000105	11.0692
25.000000000000107	14.7925
25.100000000000108	18.5214
25.200000000000109	22.3435
25.300000000000111	11.8458
25.400000000000112	11.8458
25.500000000000114	3
25.600000000000115	2.78888
25.700000000000117	6.04806
25.800000000000118	9.54144
25.900000000000119	13.2427
26.000000000000121	17.077
26.100000000000122	20.9243
26.200000000000124	10.6518
26.300000000000125	10.6518
26.400000000000126	4
26.500000000000128	8.45768
26.600000000000129	12.1613
26.700000000000131	16.0054
26.800000000000132	19.7581
26.900000000000134	11.5188
27.000000000000135	15.2632
27.100000000000136	8.87576
27.200000000000138	12.7728
27.300000000000139	6.46446
27.400000000000141	9.80865
27.500000000000142	13.436
27.600000000000144	17.2271
27.700000000000145	9.55089
27.800000000000146	12.1433
27.900000000000148	15.9918
28.000000000000149	9.72024
28.100000000000151	8.72024
28.200000000000152	12.1121
28.300000000000153	15.9053
28.400000000000155	19.6262
28.500000000000156	10.0151
28.600000000000158	13.2129
28.700000000000159	8.78729
28.800000000000161	8.78729
28.900000000000162	12.1467
29.000000000000163	6.43428
29.100000000000165	9.68568
29.200000000000166	13.3467
29.300000000000168	8.98895
29.400000000000169	12.4551
29.500000000000171	16.2294
29.600000000000172	20.09
29.700000000000173	10.6966
29.800000000000175	12.9851
29.900000000000176	6.83124
30.000000000000178	10.1521
30.100000000000179	7.18116
30.20000000000018	4.84435
30.300000000000182	8.24663
30.400000000000183	6.2759
30.500000000000185	9.8917
30.600000000000186	7.1297
30.700000000000188	5.33679
30.800000000000189	9.00054
30.90000000000019	5.90089
31.000000000000192	8.07075
31.100000000000193	5.70225
31.200000000000195	3.91588
31.300000000000196	7.20806
31.400000000000198	4.90578
31.500000000000199	4.90578
31.6000000000002	1
31.700000000000202	4.09525
31.800000000000203	4.11607
31.900000000000205	3.58846
32.000000000000206	7.04031
32.100000000000207	10.5819
32.200000000000209	14.2926
32.30000000000021	7.35368
32.400000000000212	9.8167
32.500000000000213	13.4418
32.600000000000215	8.53378
32.700000000000216	12.0487
32.800000000000217	8.52311
32.900000000000219	12.2067
33.00000000000022	7.53684
33.100000000000222	10.0546
33.200000000000223	13.6161
33.300000000000225	8.77987
33.400000000000226	13.3231
33.500000000000227	17.1394
33.600000000000229	9.56383
33.70000000000023	12.0707
33.800000000000232	15.8105
33.900000000000233	19.5495
34.000000000000234	23.3315
34.100000000000236	27.2124
34.200000000000237	31.1231
34.300000000000239	15.8955
34.40000000000024	8.61319
34.500000000000242	11.0652
34.600000000000243	14.7895
34.700000000000244	18.519
34.800000000000246	22.3415
34.900000000000247	13.764
35.000000000000249	8.21013
35.10000000000025	5.33638
35.200000000000252	3.4295
35.300000000000253	3.4295
35.400000000000254	2
35.500000000000256	5.19763
35.600000000000257	3.78805
35.700000000000259	6.06891
35.80000000000026	3.92392
35.900000000000261	2.96196
36.000000000000263	6.1256
36.100000000000264	9.69465
36.200000000000266	5.39271
36.300000000000267	3.06723
36.400000000000269	3.06723
36.50000000000027	2.9
36.600000000000271	6.09735
36.700000000000273	9.67696
36.800000000000274	14.2841
36.900000000000276	8.55346
37.000000000000277	5.59984
37.100000000000279	8.70657
37.20000000000028	5.10459
37.300000000000281	8.6365
37.400000000000283	12.2859
37.500000000000284	15.9752
37.600000000000286	10.4917
37.700000000000287	14.2261
37.800000000000288	8.34545
37.90000000000029	5.5389
38.000000000000291	9.12049
38.100000000000293	12.8658
38.200000000000294	16.5463
38.300000000000296	21.2139
38.400000000000297	11.4906
38.500000000000298	11.4906
38.6000000000003	1
38.700000000000301	2.69615
38.800000000000303	5.47779
38.900000000000304	9.08391
39.000000000000306	12.7616
39.100000000000307	16.3434
39.200000000000308	10.4399
39.30000000000031	6.73138
39.400000000000311	8.57647
39.500000000000313	4.95345
39.600000000000314	8.06415
39.700000000000315	6.38172
39.800000000000317	10.0591
39.900000000000318	6.73569
40.00000000000032	10.3829
40.100000000000321	14.1462
40.200000000000323	18.0099
40.300000000000324	10.4485
40.400000000000325	6.11557
40.500000000000327	9.68836
40.600000000000328	13.3486
40.70000000000033	8.22557
40.800000000000331	12.0017
40.900000000000333	15.6942
41.000000000000334	9.62863
41.100000000000335	13.3055
41.200000000000337	17.1257
41.300000000000338	10.6303
41.40000000000034	14.3284
41.500000000000341	8.35848
41.600000000000342	5.19816
41.700000000000344	8.33661
41.800000000000345	12.0777
41.900000000000347	15.8159
42.000000000000348	19.5539
42.10000000000035	10.6598
42.200000000000351	6.36691
42.300000000000352	10.0498
42.400000000000354	13.686
42.500000000000355	9.2265
42.600000000000357	5.59738
42.700000000000358	8.47051
42.80000000000036	12.0042
42.900000000000361	6.78644
43.000000000000362	10.221
43.100000000000364	7.27599
43.200000000000365	11.0162
43.300000000000367	5.59853
43.400000000000368	5.59853
43.500000000000369	2.5
43.600000000000371	2.77651
43.700000000000372	2.56652
43.800000000000374	5.22778
43.900000000000375	8.82379
44.000000000000377	12.4178
44.100000000000378	16.2009
44.200000000000379	20.067
44.300000000000381	23.9345
44.400000000000382	12.8543
44.500000000000384	7.64687
44.600000000000385	5.36021
44.700000000000387	9.23481
44.800000000000388	13.0241
44.900000000000389	7.71117
45.000000000000391	11.307
45.100000000000392	15.1042
45.200000000000394	18.8775
45.300000000000395	4.77235
45.400000000000396	7.01186
45.500000000000398	4.78603
45.600000000000399	8.21301
45.700000000000401	11.9931
45.800000000000402	15.6237
45.900000000000404	9.49518
46.000000000000405	6.49986
46.100000000000406	4.70696
46.200000000000408	8.29032
46.300000000000409	11.7934
46.400000000000411	7.41639
46.500000000000412	5.27631
46.600000000000414	8.14116
46.700000000000415	5.67036
46.800000000000416	5.67036
46.900000000000418	9.09009
47.000000000000419	6.55979
47.100000000000421	10.1722
47.200000000000422	13.776
47.300000000000423	9.47448
47.400000000000425	13.1946
47.500000000000426	17.0398
47.600000000000428	10.0563
47.700000000000429	14.0523
47.800000000000431	17.8243
47.900000000000432	21.5846
48.000000000000433	25.3388
48.100000000000435	29.2267
48.200000000000436	33.141
48.300000000000438	37.0734
48.400000000000439	20.042
48.500000000000441	11.2698
48.600000000000442	15.0765
48.700000000000443	18.9084
48.800000000000445	11.6647
48.900000000000446	8.1125
49.000000000000448	11.8403
49.100000000000449	15.2462
49.20000000000045	4.36602
49.300000000000452	6.11603
49.400000000000453	4.54435
49.500000000000455	7.95103
49.600000000000456	6.01903
49.700000000000458	9.52322
49.800000000000459	5.36609
49.90000000000046	3.72102
50.000000000000462	7.1068
50.100000000000463	10.7201
50.200000000000465	14.395
50.300000000000466	18.1507
50.400000000000468	22.0373
50.500000000000469	25.8806
50.60000000000047	13.4715
50.700000000000472	8.53991
50.800000000000473	9.21993
50.900000000000475	4.6642
51.000000000000476	4.6642
51.100000000000477	3.55301
51.200000000000479	7.02286
51.30000000000048	5.06168
51.400000000000482	8.4938
51.500000000000483	12.1864
51.600000000000485	16.0244
51.700000000000486	19.7735
51.800000000000487	11.6563
51.900000000000489	7.21359
52.00000000000049	10.1181
52.100000000000492	5.80816
52.200000000000493	9.28485
52.300000000000495	5.75378
52.400000000000496	5.75378
52.500000000000497	7.44085
52.600000000000499	11.1252
52.7000000000005	6.4014
52.800000000000502	9.9712
52.900000000000503	13.5548
53.000000000000504	8.46082
53.100000000000506	4.94323
53.200000000000507	6.536
53.300000000000509	4.73266
53.40000000000051	8.18249
53.500000000000512	5.51358
53.600000000000513	4.94563
53.700000000000514	8.30568
53.800000000000516	12.0565
53.900000000000517	15.7997
54.000000000000519	9.56323
54.10000000000052	11.5605
54.200000000000522	7.14911
54.300000000000523	10.748
54.400000000000524	7.56481
54.500000000000526	4.58154
54.600000000000527	8.09743
54.700000000000529	11.7449
54.80000000000053	7.42437
54.900000000000531	4.45265
55.000000000000533	7.77121
55.100000000000534	5.95005
55.200000000000536	3.99748
55.300000000000537	2.95144
55.400000000000539	6.12077
55.50000000000054	9.69162
55.600000000000541	13.351
55.700000000000543	17.161
55.800000000000544	9.44188
55.900000000000546	11.8057
56.000000000000547	15.4805
56.100000000000549	9.48932
56.20000000000055	13.2053
56.300000000000551	8.22495
56.400000000000553	8.22495
56.500000000000554	10.673
56.600000000000556	15.306
56.700000000000557	19.1441
56.800000000000558	23.0366
56.90000000000056	26.8856
57.000000000000561	30.7078
57.100000000000563	17.0959
57.200000000000564	17.0959
57.300000000000566	1
57.400000000000567	1
57.500000000000568	8.72279
57.60000000000057	5.59247
57.700000000000571	9.15279
57.800000000000573	5.484