10	1
10.1	1
10.199999999999999	1
10.299999999999999	1
10.399999999999999	1
10.499999999999998	1
10.599999999999998	1
10.699999999999998	1
10.799999999999997	1
10.899999999999997	1
10.999999999999996	1
11.099999999999996	1
11.199999999999996	1
11.299999999999995	1
11.399999999999995	1
11.499999999999995	1
11.599999999999994	1
11.699999999999994	1
11.799999999999994	1
11.899999999999993	1
11.999999999999993	1
12.099999999999993	1
12.199999999999992	1
12.299999999999992	1
12.399999999999991	1
12.499999999999991	1
12.599999999999991	1
12.69999999999999	1
12.79999999999999	1
12.89999999999999	1
12.999999999999989	1
13.099999999999989	1
13.199999999999989	1
13.299999999999988	1
13.399999999999988	1
13.499999999999988	1
13.599999999999987	1
13.699999999999987	4
13.799999999999986	20.5747
13.899999999999986	30.2275
13.999999999999986	20.7752
14.099999999999985	16.4843
14.199999999999985	26.1188
14.299999999999985	35.868
14.399999999999984	22.4206
14.499999999999984	14.0132
14.599999999999984	23.3427
14.699999999999983	19.0975
14.799999999999983	28.6901
14.899999999999983	38.3851
14.999999999999982	23.4942
15.099999999999982	14.4959
15.199999999999982	24.0965
15.299999999999981	33.6597
15.399999999999981	23.4413
15.49999999999998	6.84614
15.59999999999998	15.4171
15.69999999999998	26.0425
15.799999999999979	35.7005
15.899999999999979	45.4397
15.999999999999979	55.2717
16.09999999999998	28.8748
16.199999999999982	14.746
16.299999999999983	22.4023
16.399999999999984	33.1097
16.499999999999986	23.2457
16.599999999999987	19.068
16.699999999999989	28.6355
16.79999999999999	21.3149
16.899999999999991	16.3063
16.999999999999993	25.6193
17.099999999999994	15.9104
17.199999999999996	21.713
17.299999999999997	31.0453
17.399999999999999	19.5727
17.5	29.146
17.600000000000001	18.0159
17.700000000000003	27.8749
17.800000000000004	16.8017
17.900000000000006	11.6257
18.000000000000007	15.9836
18.100000000000009	14.2933
18.20000000000001	11.4758
18.300000000000011	20.8397
18.400000000000013	31.3799
18.500000000000014	21.7233
18.600000000000016	17.9138
18.700000000000017	13.5996
18.800000000000018	23.1405
18.90000000000002	32.7694
19.000000000000021	20.6765
19.100000000000023	7.59495
19.200000000000024	16.3846
19.300000000000026	26.0561
19.400000000000027	35.7384
19.500000000000028	21.4092
19.60000000000003	21.4092
19.700000000000031	4
19.800000000000033	17.1622
19.900000000000034	27.1478
20.000000000000036	37.4075
20.100000000000037	25.3095
20.200000000000038	16.9948
20.30000000000004	26.4437
20.400000000000041	9.1943
20.500000000000043	18.5267
20.600000000000044	15.3653
20.700000000000045	25.0316
20.800000000000047	13.5892
20.900000000000048	17.4619
21.00000000000005	27.1175
21.100000000000051	19.5995
21.200000000000053	12.8298
21.300000000000054	12.8298
21.400000000000055	9.70848
21.500000000000057	17.0534
21.600000000000058	12.5845
21.70000000000006	22.1119
21.800000000000061	15.0124
21.900000000000063	24.4512
22.000000000000064	18.4173
22.100000000000065	28.1002
22.200000000000067	37.8407
22.300000000000068	25.0134
22.40000000000007	20.122
22.500000000000071	29.7874
22.600000000000072	19.9222
22.700000000000074	13.334
22.800000000000075	16.2479
22.900000000000077	12.5542
23.000000000000078	20.4963
23.10000000000008	14.3565
23.200000000000081	20.2102
23.300000000000082	16.1983
23.400000000000084	25.8235
23.500000000000085	16.9346
23.600000000000087	19.9234
23.700000000000088	15.0311
23.80000000000009	10.8672
23.900000000000091	9.03611
24.000000000000092	7.35085
24.100000000000094	16.212
24.200000000000095	13.583
24.300000000000097	22.7819
24.400000000000098	7.98462
24.500000000000099	14.2947
24.600000000000101	24.5536
24.700000000000102	34.2522
24.800000000000104	23.283
24.900000000000105	17.3729
25.000000000000107	5.84021
25.100000000000108	8.01462
25.200000000000109	17.2338
25.300000000000111	27.8834
25.400000000000112	19.5354
25.500000000000114	12.806
25.600000000000115	22.2384
25.700000000000117	15.5152
25.800000000000118	12.3701
25.900000000000119	21.9908
26.000000000000121	15.3208
26.100000000000122	25.0044
26.200000000000124	12.9156
26.300000000000125	12.9156
26.400000000000126	5.47348
26.500000000000128	14.5927
26.600000000000129	13.1996
26.700000000000131	7.68738
26.800000000000132	7.22114
26.900000000000134	9.83954
27.000000000000135	9.1692
27.100000000000136	10.3057
27.200000000000138	10.3888
27.300000000000139	8.78142
27.400000000000141	7.96416
27.500000000000142	17.3265
27.600000000000144	12.8511
27.700000000000145	4.30062
27.800000000000146	4.67124
27.900000000000148	11.8643
28.000000000000149	11.4048
28.100000000000151	20.9924
28.200000000000152	16.985
28.300000000000153	26.4373
28.400000000000155	17.7991
28.500000000000156	11.3253
28.600000000000158	20.5636
28.700000000000159	8.29182
28.800000000000161	3.13499
28.900000000000162	12.5395
29.000000000000163	11.9955
29.100000000000165	11.4924
29.200000000000166	11.2968
29.300000000000168	10.5205
29.400000000000169	12.0367
29.500000000000171	10.1754
29.600000000000172	12.1947
29.700000000000173	7.24678
29.800000000000175	7.40328
29.900000000000176	12.054
30.000000000000178	9.77473
30.100000000000179	10.8628
30.20000000000018	5.48207
30.300000000000182	15.3326
30.400000000000183	5.09923
30.500000000000185	14.1786
30.600000000000186	13.3157
30.700000000000188	5.37678
30.800000000000189	6.32004
30.90000000000019	13.4426
31.000000000000192	10.5537
31.100000000000193	20.0505
31.200000000000195	8.09261
31.300000000000196	16.6798
31.400000000000198	13.069
31.500000000000199	22.4798
31.6000000000002	10.4418
31.700000000000202	19.6383
31.800000000000203	7.39566
31.900000000000205	8.5054
32.000000000000206	10.0722
32.100000000000207	19.3934
32.200000000000209	14.1179
32.30000000000021	5.74578
32.400000000000212	7.36701
32.500000000000213	16.6461
32.600000000000215	14.273
32.700000000000216	23.5844
32.800000000000217	15.8786
32.900000000000219	10.9917
33.00000000000022	4.93519
33.100000000000222	4.6637
33.200000000000223	10.2247
33.300000000000225	19.5242
33.400000000000226	15.0179
33.500000000000227	24.4545
33.600000000000229	35.1054
33.70000000000023	23.5238
33.800000000000232	9.47137
33.900000000000233	18.9843
34.000000000000234	14.0071
34.100000000000236	10.254
34.200000000000237	18.5941
34.300000000000239	13.9477
34.40000000000024	18.1328
34.500000000000242	16.2723
34.600000000000243	12.3674
34.700000000000244	21.9893
34.800000000000246	14.7484
34.900000000000247	24.249
35.000000000000249	15.9553
35.10000000000025	13.157
35.200000000000252	10.7424
35.300000000000253	9.43351
35.400000000000254	17.1345
35.500000000000256	13.0193
35.600000000000257	21.7259
35.700000000000259	18.7087
35.80000000000026	13.0229
35.900000000000261	10.9583
36.000000000000263	6.73915
36.100000000000264	8.23192
36.200000000000266	7.81844
36.300000000000267	17.8313
36.400000000000269	14.0612
36.50000000000027	6.5366
36.600000000000271	15.0188
36.700000000000273	24.4551
36.800000000000274	17.4983
36.900000000000276	15.9866
37.000000000000277	26.3832
37.100000000000279	9.00281
37.20000000000028	7.86863
37.300000000000281	7.72495
37.400000000000283	16.8064
37.500000000000284	12.8927
37.600000000000286	21.3712
37.700000000000287	17.5686
37.800000000000288	12.3794
37.90000000000029	19.3312
38.000000000000291	13.3418
38.100000000000293	22.8592
38.200000000000294	32.4483
38.300000000000296	8.34016
38.400000000000297	10.1503
38.500000000000298	19.5367
38.6000000000003	15.6624
38.700000000000301	12.4878
38.800000000000303	19.2972
38.900000000000304	16.2167
39.000000000000306	14.3731
39.100000000000307	13.8839
39.200000000000308	23.3084
39.30000000000031	17.2221
39.400000000000311	26.6653
39.500000000000313	18.5734
39.600000000000314	14.1257
39.700000000000315	11.5048
39.800000000000317	10.7182
39.900000000000318	11.9102
40.00000000000032	10.1635
40.100000000000321	9.19649
40.200000000000323	8.79241
40.300000000000324	8.15129
40.400000000000325	6.83673
40.500000000000327	9.00869
40.600000000000328	8.36328
40.70000000000033	9.20739
40.800000000000331	18.5871
40.900000000000333	17.0871
41.000000000000334	11.626
41.100000000000335	6.16583
41.200000000000337	8.30654
41.300000000000338	9.2266
41.40000000000034	8.85698
41.500000000000341	17.003
41.600000000000342	12.0774
41.700000000000344	20.1091
41.800000000000345	16.5217
41.900000000000347	15.2083
42.000000000000348	7.60413
42.10000000000035	7.60413
42.200000000000351	8.48916
42.300000000000352	17.9113
42.400000000000354	12.6606
42.500000000000355	8.98111
42.600000000000357	10.2662
42.700000000000358	7.61231
42.80000000000036	7.52716
42.900000000000361	15.2107
43.000000000000362	24.8164
43.100000000000364	14.2656
43.200000000000365	13.3923
43.300000000000367	23.9987
43.400000000000368	33.4405
43.500000000000369	10.12
43.600000000000371	9.63983
43.700000000000372	8.83083
43.800000000000374	9.21641
43.900000000000375	18.5916
44.000000000000377	29.1907
44.100000000000378	11.5409
44.200000000000379	6.48293
44.300000000000381	12.5176
44.400000000000382	6.12812
44.500000000000384	7.18184
44.600000000000385	17.3339
44.700000000000387	12.5041
44.800000000000388	22.0663
44.900000000000389	16.5371
45.000000000000391	13.9913
45.100000000000392	23.3724
45.200000000000394	33.1152
45.300000000000395	23.6749
45.400000000000396	15.9436
45.500000000000398	13.1353
45.600000000000399	22.6071
45.700000000000401	14.0117
45.800000000000402	13.1802
45.900000000000404	22.6331
46.000000000000405	13.7337
46.100000000000406	15.7082
46.200000000000408	13.9735
46.300000000000409	7.36404
46.400000000000411	3.99391
46.500000000000412	5.21837
46.600000000000414	9.9944
46.700000000000415	9.33427
46.800000000000416	17.1388
46.900000000000418	13.0015
47.000000000000419	11.1863
47.100000000000421	9.61347
47.200000000000422	7.88854
47.300000000000423	8.97266
47.400000000000425	9.08336
47.500000000000426	9.01659
47.600000000000428	16.7308
47.700000000000429	14.2977
47.800000000000431	11.2163
47.900000000000432	9.60335
48.000000000000433	9.25855
48.100000000000435	14.428
48.200000000000436	13.2076
48.300000000000438	10.8043
48.400000000000439	19.2175
48.500000000000441	15.5448
48.600000000000442	12.2529
48.700000000000443	6.48656
48.800000000000445	10.0075
48.900000000000446	9.99958
49.000000000000448	19.2522
49.100000000000449	14.8809
49.20000000000045	24.1646
49.300000000000452	16.7379
49.400000000000453	15.3124
49.500000000000455	10.8492
49.600000000000456	9.1715
49.700000000000458	8.81436
49.800000000000459	16.9809
49.90000000000046	26.2829
50.000000000000462	11.7244
50.100000000000463	11.7449
50.200000000000465	8.92136
50.300000000000466	8.45921
50.400000000000468	8.65666
50.500000000000469	8.5969
50.60000000000047	14.5752
50.700000000000472	8.06037
50.800000000000473	7.31011
50.900000000000475	16.5608
51.000000000000476	15.1013
51.100000000000477	11.9923
51.200000000000479	7.2421
51.30000000000048	16.4704
51.400000000000482	13.2845
51.500000000000483	6.25143
51.600000000000485	7.49127
51.700000000000486	16.8206
51.800000000000487	12.8802
51.900000000000489	9.90366
52.00000000000049	12.5826
52.100000000000492	11.0817
52.200000000000493	12.0963
52.300000000000495	21.515
52.400000000000496	14.3456
52.500000000000497	21.3118
52.600000000000499	12.5734
52.7000000000005	12.5734
52.800000000000502	6.93882
52.900000000000503	16.8237
53.000000000000504	5.33681
53.100000000000506	13.9804
53.200000000000507	11.1795
53.300000000000509	10.5445
53.40000000000051	10.301
53.500000000000512	9.29503
53.600000000000513	11.0736
53.700000000000514	20.2789
53.800000000000516	12.9757
53.900000000000517	21.2806
54.000000000000519	15.3106
54.10000000000052	11.5203
54.200000000000522	9.55632
54.300000000000523	19.6481
54.400000000000524	16.7316
54.500000000000526	26.2754
54.600000000000527	36.0377
54.700000000000529	12.5727
54.80000000000053	22.0599
54.900000000000531	15.3218
55.000000000000533	14.4263
55.100000000000534	24.0547
55.200000000000536	16.2244
55.300000000000537	12.8695
55.400000000000539	10.6316
55.50000000000054	19.9916
55.600000000000541	14.1245
55.700000000000543	21.1638
55.800000000000544	15.2515
55.900000000000546	24.9219
56.000000000000547	34.4009
56.100000000000549	44.2004
56.20000000000055	12.6785
56.300000000000551	20.1298
56.400000000000553	14.0316
56.500000000000554	23.0951
56.600000000000556	32.7373
56.700000000000557	10.9968
56.800000000000