10	12.0691
10.1	16.7329
10.199999999999999	10.6128
10.299999999999999	15.2642
10.399999999999999	19.8307
10.499999999999998	11.0834
10.599999999999998	12.5286
10.699999999999998	7.40157
10.799999999999997	10.5423
10.899999999999997	15.1494
10.999999999999996	10.0828
11.099999999999996	7.3258
11.199999999999996	12.0068
11.299999999999995	16.628
11.399999999999995	11.0383
11.499999999999995	7.6582
11.599999999999994	12.2114
11.699999999999994	17.0132
11.799999999999994	21.7185
11.899999999999993	26.4933
11.999999999999993	7.41716
12.099999999999993	11.1995
12.199999999999992	8.40902
12.299999999999992	12.1276
12.399999999999991	6.80432
12.499999999999991	9.41414
12.599999999999991	6.19002
12.69999999999999	10.7177
12.79999999999999	15.3372
12.89999999999999	8.85117
12.999999999999989	12.9121
13.099999999999989	9.70006
13.199999999999989	6.79565
13.299999999999988	5.44647
13.399999999999988	8.37251
13.499999999999988	12.1024
13.599999999999987	7.19083
13.699999999999987	5.57866
13.799999999999986	10.0856
13.899999999999986	14.7002
13.999999999999986	10.2379
14.099999999999985	15.0066
14.199999999999985	9.55826
14.299999999999985	13.3302
14.399999999999984	9.60455
14.499999999999984	6.8301
14.599999999999984	10.1513
14.699999999999983	6.48157
14.799999999999983	10.221
14.899999999999983	14.9282
14.999999999999982	4.52511
15.099999999999982	4.52511
15.199999999999982	2.5
15.299999999999981	7.02286
15.399999999999981	11.4811
15.49999999999998	16.1914
15.59999999999998	9.90407
15.69999999999998	12.1778
15.799999999999979	16.9892
15.899999999999979	21.6535
15.999999999999979	25.4762
16.09999999999998	7.05855
16.199999999999982	7.74056
16.299999999999983	12.2629
16.399999999999984	17.0502
16.499999999999986	9.65576
16.599999999999987	6.63603
16.699999999999989	11.1607
16.79999999999999	7.16144
16.899999999999991	11.7381
16.999999999999993	16.3743
17.099999999999994	10.7341
17.199999999999996	6.54637
17.299999999999997	6.69913
17.399999999999999	6.69913
17.5	2
17.600000000000001	6.61927
17.700000000000003	6.13084
17.800000000000004	5.07158
17.900000000000006	9.3992
18.000000000000007	14.0979
18.100000000000009	8.32043
18.20000000000001	6.41697
18.300000000000011	4.99056
18.400000000000013	9.02805
18.500000000000014	4.8884
18.600000000000016	4.8884
18.700000000000017	2.9
18.800000000000018	3.45548
18.90000000000002	7.79561
19.000000000000021	4.98644
19.100000000000023	2.95969
19.200000000000024	7.04642
19.300000000000026	5.24813
19.400000000000027	5.48858
19.500000000000028	9.8343
19.60000000000003	6.72734
19.700000000000031	6.72734
19.800000000000033	8.45504
19.900000000000034	13.1122
20.000000000000036	6.66982
20.100000000000037	6.66982
20.200000000000038	4.63158
20.30000000000004	4.01492
20.400000000000041	8.29806
20.500000000000043	5.72673
20.600000000000044	9.55575
20.700000000000045	6.58853
20.800000000000047	6.58853
20.900000000000048	5.11956
21.00000000000005	9.53091
21.100000000000051	6.46422
21.200000000000053	8.24816
21.300000000000054	6.3971
21.400000000000055	10.0688
21.500000000000057	6.55354
21.600000000000058	3.90919
21.70000000000006	3.90919
21.800000000000061	3.83446
21.900000000000063	8.09095
22.000000000000064	5.99707
22.100000000000065	4.00806
22.200000000000067	7.66318
22.300000000000068	7.16376
22.40000000000007	5.51712
22.500000000000071	9.21722
22.600000000000072	13.9777
22.700000000000074	18.4839
22.800000000000075	11.9865
22.900000000000077	8.06854
23.000000000000078	12.6314
23.10000000000008	8.18318
23.200000000000081	6.56537
23.300000000000082	11.1191
23.400000000000084	7.64779
23.500000000000085	10.5266
23.600000000000087	8.12962
23.700000000000088	12.6703
23.80000000000009	8.56338
23.900000000000091	13.182
24.000000000000092	8.15442
24.100000000000094	8.15442
24.200000000000095	8.15442
24.300000000000097	5.31903
24.400000000000098	3.89482
24.500000000000099	3.89482
24.600000000000101	2
24.700000000000102	2.28494
24.800000000000104	5.10561
24.900000000000105	3.62013
25.000000000000107	6.76347
25.100000000000108	6.12344
25.200000000000109	10.2966
25.300000000000111	7.54269
25.400000000000112	12.1396
25.500000000000114	8.02575
25.600000000000115	11.0787
25.700000000000117	7.73986
25.800000000000118	5.34393
25.900000000000119	8.42724
26.000000000000121	4.66694
26.100000000000122	6.00306
26.200000000000124	6.14393
26.300000000000125	4.00046
26.400000000000126	8.04453
26.500000000000128	12.3753
26.600000000000129	8.52115
26.700000000000131	7.04305
26.800000000000132	4.57901
26.900000000000134	4.57901
27.000000000000135	2
27.100000000000136	6.26135
27.200000000000138	4.79423
27.300000000000139	9.14541
27.400000000000141	6.44641
27.500000000000142	11.0498
27.600000000000144	7.01091
27.700000000000145	11.4738
27.800000000000146	16.1862
27.900000000000148	20.9822
28.000000000000149	12.0695
28.100000000000151	7.03254
28.200000000000152	3.58737
28.300000000000153	2.82236
28.400000000000155	6.99292
28.500000000000156	3.70675
28.600000000000158	8.03295
28.700000000000159	5.22115
28.800000000000161	4.11464
28.900000000000162	8.10055
29.000000000000163	12.6518
29.100000000000165	8.52006
29.200000000000166	11.4406
29.300000000000168	15.5304
29.400000000000169	9.13542
29.500000000000171	6.32025
29.600000000000172	4.56602
29.700000000000173	8.80421
29.800000000000175	5.51682
29.900000000000176	3.76665
30.000000000000178	6.6914
30.100000000000179	6.31232
30.20000000000018	3.80905
30.300000000000182	8.07927
30.400000000000183	5.62055
30.500000000000185	3.99835
30.600000000000186	4.24845
30.700000000000188	4.24845
30.800000000000189	4.33944
30.90000000000019	8.80618
31.000000000000192	7.02121
31.100000000000193	5.98673
31.200000000000195	10.3145
31.300000000000196	6.05865
31.400000000000198	10.3561
31.500000000000199	7.42817
31.6000000000002	11.9018
31.700000000000202	9.26607
31.800000000000203	6.45814
31.900000000000205	4.53865
32.000000000000206	8.7903
32.100000000000207	5.94924
32.200000000000209	9.1558
32.30000000000021	13.5729
32.400000000000212	7.84808
32.500000000000213	4.46437
32.600000000000215	2.94456
32.700000000000216	2.90942
32.800000000000217	7.02655
32.900000000000219	5.19661
33.00000000000022	4.45957
33.100000000000222	7.23741
33.200000000000223	5.99619
33.300000000000225	2.61048
33.400000000000226	3.49699
33.500000000000227	4.10552
33.600000000000229	3.5855
33.70000000000023	6.74554
33.800000000000232	4.5774
33.900000000000233	8.21866
34.000000000000234	12.5687
34.100000000000236	7.98342
34.200000000000237	6.05752
34.300000000000239	4.50261
34.40000000000024	4.50261
34.500000000000242	1
34.600000000000243	5.19763
34.700000000000244	3.78805
34.800000000000246	7.14117
34.900000000000247	4.52205
35.000000000000249	9.00819
35.10000000000025	6.1681
35.200000000000252	5.17959
35.300000000000253	9.66742
35.400000000000254	6.56675
35.500000000000256	4.34178
35.600000000000257	3.28916
35.700000000000259	3.28916
35.80000000000026	1
35.900000000000261	4.09525
36.000000000000263	5.01443
36.100000000000264	9.36893
36.200000000000266	5.47818
36.300000000000267	4.23794
36.400000000000269	3.82626
36.50000000000027	6.57213
36.600000000000271	11.1231
36.700000000000273	7.77913
36.800000000000274	10.0385
36.900000000000276	6.26486
37.000000000000277	8.57704
37.100000000000279	5.91373
37.20000000000028	3.04141
37.300000000000281	6.16263
37.400000000000283	10.7021
37.500000000000284	15.3263
37.600000000000286	4.32332
37.700000000000287	8.08249
37.800000000000288	12.6403
37.90000000000029	8.557
38.000000000000291	6.40636
38.100000000000293	4.28178
38.200000000000294	6.98801
38.300000000000296	11.372
38.400000000000297	4.01108
38.500000000000298	8.29625
38.6000000000003	6.08191
38.700000000000301	4.59516
38.800000000000303	9.04443
38.900000000000304	5.56801
39.000000000000306	7.2991
39.100000000000307	11.9907
39.200000000000308	7.14058
39.30000000000031	7.14058
39.400000000000311	1
39.500000000000313	4.84749
39.600000000000314	3.30964
39.700000000000315	5.61226
39.800000000000317	3.5492
39.900000000000318	3.3007
40.00000000000032	7.59921
40.100000000000321	5.53327
40.200000000000323	10.0609
40.300000000000324	6.84708
40.400000000000325	11.1072
40.500000000000327	7.06895
40.600000000000328	4.95759
40.70000000000033	8.06666
40.800000000000331	12.6302
40.900000000000333	17.3158
41.000000000000334	22.1378
41.100000000000335	6.00119
41.200000000000337	4.93379
41.300000000000338	9.21818
41.40000000000034	5.63865
41.500000000000341	6.4757
41.600000000000342	5.36471
41.700000000000344	9.97026
41.800000000000345	6.7154
41.900000000000347	11.2077
42.000000000000348	15.7465
42.10000000000035	4.47542
42.200000000000351	3.17752
42.300000000000352	6.99329
42.400000000000354	4.33366
42.500000000000355	4.33366
42.600000000000357	2
42.700000000000358	5.75491
42.80000000000036	4.54624
42.900000000000361	9.02013
43.000000000000362	6.97537
43.100000000000364	11.3643
43.200000000000365	15.1471
43.300000000000367	9.42941
43.400000000000368	5.85515
43.500000000000369	5.85515
43.600000000000371	1
43.700000000000372	5.19763
43.800000000000374	4.48323
43.900000000000375	3.62588
44.000000000000377	3.62588
44.100000000000378	3.62588
44.200000000000379	4.33944
44.300000000000381	7.83782
44.400000000000382	6.92376
44.500000000000384	5.13725
44.600000000000385	3.56099
44.700000000000387	6.10187
44.800000000000388	10.0866
44.900000000000389	5.7945
45.000000000000391	4.4492
45.100000000000392	2.33698
45.200000000000394	5.69151
45.300000000000395	10.1478
45.400000000000396	6.42679
45.500000000000398	6.42679
45.600000000000399	1
45.700000000000401	2.56247
45.800000000000402	2.70864
45.900000000000404	6.0136
46.000000000000405	10.4268
46.100000000000406	5.71864
46.200000000000408	5.71864
46.300000000000409	2
46.400000000000411	5.75491
46.500000000000412	5.17698
46.600000000000414	3.92808
46.700000000000415	3.31528
46.800000000000416	6.7618
46.900000000000418	11.2354
47.000000000000419	3.75167
47.100000000000421	7.40055
47.200000000000422	12.0523
47.300000000000423	16.5401
47.400000000000425	8.99581
47.500000000000426	6.37069
47.600000000000428	4.5139
47.700000000000429	3.96698
47.800000000000431	7.77315
47.900000000000432	4.61323
48.000000000000433	4.0471
48.100000000000435	2.86064
48.200000000000436	2.86064
48.300000000000438	1
48.400000000000439	4.56988
48.500000000000441	5.4901
48.600000000000442	2.40439
48.700000000000443	7.09518
48.800000000000445	2.39238
48.900000000000446	5.15052
49.000000000000448	9.44143
49.100000000000449	3.37639
49.20000000000045	5.99922
49.300000000000452	4.78008
49.400000000000453	4.28117
49.500000000000455	8.66279
49.600000000000456	5.50648
49.700000000000458	8.98981
49.800000000000459	4.49491
49.90000000000046	4.49491
50.000000000000462	3.83446
50.100000000000463	7.30482
50.200000000000465	6.31672
50.300000000000466	10.9753
50.400000000000468	6.90449
50.500000000000469	9.59184
50.60000000000047	7.17002
50.700000000000472	11.2187
50.800000000000473	8.23086
50.900000000000475	6.00854
51.000000000000476	4.26788
51.100000000000477	8.65637
51.200000000000479	5.36537
51.30000000000048	5.36537
51.400000000000482	5.36537
51.500000000000483	4.09525
51.600000000000485	8.33628
51.700000000000486	5.47191
51.800000000000487	5.47191
51.900000000000489	2
52.00000000000049	6.87746
52.100000000000492	6.19915
52.200000000000493	4.55964
52.300000000000495	3.50815
52.400000000000496	7.14383
52.500000000000497	4.03601
52.600000000000499	4.94963
52.7000000000005	9.22654
52.800000000000502	13.9838
52.900000000000503	7.34158
53.000000000000504	5.06996
53.100000000000506	9.2907
53.200000000000507	6.21711
53.300000000000509	4.21761
53.40000000000051	8.63223
53.500000000000512	13.1506
53.600000000000513	8.08974
53.700000000000514	12.6449
53.800000000000516	7.41709
53.900000000000517	10.6479
54.000000000000519	6.97265
54.10000000000052	11.2739
54.200000000000522	3.94064
54.300000000000523	2.82388
54.400000000000524	6.06339
54.500000000000526	5.99114
54.600000000000527	5.2413
54.700000000000529	4.49558
54.80000000000053	8.99518
54.900000000000531	5.89885
55.000000000000533	7.55291
55.100000000000534	5.23196
55.200000000000536	9.6952
55.300000000000537	6.87023
55.400000000000539	6.19721
55.50000000000054	5.12133
55.600000000000541	8.16705
55.700000000000543	4.14474
55.800000000000544	7.60237
55.900000000000546	11.9268
56.000000000000547	9.27405
56.100000000000549	5.2472
56.20000000000055	9.279