10	1
10.1	1
10.199999999999999	1
10.299999999999999	1
10.399999999999999	1
10.499999999999998	1
10.599999999999998	1
10.699999999999998	1
10.799999999999997	1
10.899999999999997	1
10.999999999999996	1
11.099999999999996	1
11.199999999999996	1
11.299999999999995	1
11.399999999999995	1
11.499999999999995	1
11.599999999999994	1
11.699999999999994	1
11.799999999999994	1
11.899999999999993	1
11.999999999999993	1
12.099999999999993	1
12.199999999999992	1
12.299999999999992	1
12.399999999999991	1
12.499999999999991	1
12.599999999999991	1
12.69999999999999	1
12.79999999999999	1
12.89999999999999	1
12.999999999999989	1
13.099999999999989	1
13.199999999999989	1
13.299999999999988	1
13.399999999999988	1
13.499999999999988	1
13.599999999999987	1
13.699999999999987	1
13.799999999999986	1
13.899999999999986	1
13.999999999999986	1
14.099999999999985	1
14.199999999999985	1
14.299999999999985	1
14.399999999999984	1
14.499999999999984	1
14.599999999999984	1
14.699999999999983	1
14.799999999999983	1
14.899999999999983	1
14.999999999999982	1
15.099999999999982	1
15.199999999999982	1
15.299999999999981	1
15.399999999999981	1
15.49999999999998	1
15.59999999999998	1
15.69999999999998	1
15.799999999999979	1
15.899999999999979	1
15.999999999999979	1
16.09999999999998	1
16.199999999999982	1
16.299999999999983	1
16.399999999999984	1
16.499999999999986	1
16.599999999999987	1
16.699999999999989	1
16.79999999999999	1
16.899999999999991	1
16.999999999999993	1
17.099999999999994	1
17.199999999999996	1
17.299999999999997	1
17.399999999999999	1
17.5	1
17.600000000000001	1
17.700000000000003	1
17.800000000000004	1
17.900000000000006	1
18.000000000000007	1
18.100000000000009	1
18.20000000000001	1
18.300000000000011	1
18.400000000000013	1
18.500000000000014	1
18.600000000000016	1
18.700000000000017	1
18.800000000000018	1
18.90000000000002	1
19.000000000000021	1
19.100000000000023	1
19.200000000000024	1
19.300000000000026	1
19.400000000000027	1
19.500000000000028	1
19.60000000000003	1
19.700000000000031	1
19.800000000000033	1
19.900000000000034	1
20.000000000000036	1
20.100000000000037	1
20.200000000000038	1
20.30000000000004	1
20.400000000000041	1
20.500000000000043	1
20.600000000000044	1
20.700000000000045	1
20.800000000000047	1
20.900000000000048	1
21.00000000000005	1
21.100000000000051	1
21.200000000000053	1
21.300000000000054	1
21.400000000000055	1
21.500000000000057	1
21.600000000000058	1
21.70000000000006	1
21.800000000000061	1
21.900000000000063	1
22.000000000000064	1
22.100000000000065	1
22.200000000000067	1
22.300000000000068	1
22.40000000000007	1
22.500000000000071	1
22.600000000000072	1
22.700000000000074	1
22.800000000000075	1
22.900000000000077	1
23.000000000000078	1
23.10000000000008	1
23.200000000000081	1
23.300000000000082	1
23.400000000000084	1
23.500000000000085	1
23.600000000000087	1
23.700000000000088	1
23.80000000000009	1
23.900000000000091	1
24.000000000000092	1
24.100000000000094	1
24.200000000000095	1
24.300000000000097	1
24.400000000000098	1
24.500000000000099	1
24.600000000000101	1
24.700000000000102	1
24.800000000000104	1
24.900000000000105	1
25.000000000000107	1
25.100000000000108	1
25.200000000000109	1
25.300000000000111	1
25.400000000000112	1
25.500000000000114	1
25.600000000000115	1
25.700000000000117	1
25.800000000000118	1
25.900000000000119	1
26.000000000000121	1
26.100000000000122	1
26.200000000000124	1
26.300000000000125	1
26.400000000000126	1
26.500000000000128	1
26.600000000000129	1
26.700000000000131	1
26.800000000000132	1
26.900000000000134	1
27.000000000000135	1
27.100000000000136	1
27.200000000000138	1
27.300000000000139	1
27.400000000000141	1
27.500000000000142	1
27.600000000000144	1
27.700000000000145	1
27.800000000000146	1
27.900000000000148	1
28.000000000000149	1
28.100000000000151	1
28.200000000000152	1
28.300000000000153	1
28.400000000000155	1
28.500000000000156	1
28.600000000000158	1
28.700000000000159	1
28.800000000000161	1
28.900000000000162	1
29.000000000000163	1
29.100000000000165	1
29.200000000000166	1
29.300000000000168	1
29.400000000000169	1
29.500000000000171	1
29.600000000000172	1
29.700000000000173	1
29.800000000000175	2
29.900000000000176	3.78571
30.000000000000178	6.2323
30.100000000000179	9.96569
30.20000000000018	12.6314
30.300000000000182	16.365
30.400000000000183	9.0542
30.500000000000185	5.57681
30.600000000000186	8.21539
30.700000000000188	11.9947
30.800000000000189	14.6996
30.90000000000019	18.4473
31.000000000000192	9.77705
31.100000000000193	12.0749
31.200000000000195	14.9001
31.300000000000196	18.6074
31.400000000000198	10.1779
31.500000000000199	13.9967
31.6000000000002	16.7358
31.700000000000202	20.501
31.800000000000203	23.3757
31.900000000000205	12.6939
32.000000000000206	15.4704
32.100000000000207	8.8242
32.200000000000209	10.0996
32.30000000000021	13.868
32.400000000000212	16.6284
32.500000000000213	19.4592
32.600000000000215	23.2989
32.700000000000216	26.2099
32.800000000000217	30.1181
32.900000000000219	33.0634
33.00000000000022	37.0041
33.100000000000222	19.7064
33.200000000000223	20.3069
33.300000000000225	10.1535
33.400000000000226	10.1535
33.500000000000227	13.0131
33.600000000000229	16.721
33.70000000000023	19.5384
33.800000000000232	23.3651
33.900000000000233	26.2687
34.000000000000234	13.676
34.100000000000236	16.3466
34.200000000000237	10.7274
34.300000000000239	13.4649
34.40000000000024	8.9773
34.500000000000242	11.6125
34.600000000000243	15.1366
34.700000000000244	9.35374
34.800000000000246	13.1084
34.900000000000247	16.001
35.000000000000249	9.57111
35.10000000000025	12.3231
35.200000000000252	16.1285
35.300000000000253	8.97548
35.400000000000254	12.4454
35.500000000000256	15.2674
35.600000000000257	9.66788
35.700000000000259	12.3983
35.80000000000026	16.186
35.900000000000261	19.0827
36.000000000000263	22.9856
36.100000000000264	25.8157
36.200000000000266	29.641
36.300000000000267	32.5374
36.400000000000269	17.9637
36.50000000000027	19.9198
36.600000000000271	23.6849
36.700000000000273	26.5535
36.800000000000274	30.4175
36.900000000000276	16.1034
37.000000000000277	17.3029
37.100000000000279	20.1878
37.20000000000028	24.0774
37.300000000000281	27.0155
37.400000000000283	15.0993
37.500000000000284	17.2081
37.600000000000286	20.1066
37.700000000000287	24.0094
37.800000000000288	12.9087
37.90000000000029	16.5797
38.000000000000291	19.4176
38.100000000000293	23.0481
38.200000000000294	25.9872
38.300000000000296	13.8693
38.400000000000297	16.6295
38.500000000000298	20.4143
38.6000000000003	23.2997
38.700000000000301	27.1851
38.800000000000303	30.1187
38.900000000000304	16.3813
39.000000000000306	19.2486
39.100000000000307	11.4996
39.200000000000308	14.2989
39.30000000000031	18.13
39.400000000000311	21.0439
39.500000000000313	11.368
39.600000000000314	12.3008
39.700000000000315	16.1115
39.800000000000317	19.0196
39.900000000000318	22.8019
40.00000000000032	25.6524
40.100000000000321	29.397
40.200000000000323	15.5597
40.300000000000324	19.3474
40.400000000000325	22.2365
40.500000000000327	12.4384
40.600000000000328	15.2616
40.70000000000033	19.1087
40.800000000000331	10.4554
40.900000000000333	14.1994
41.000000000000334	17.0824
41.100000000000335	20.9287
41.200000000000337	23.7516
41.300000000000338	27.5733
41.40000000000034	30.4694
41.500000000000341	34.3585
41.600000000000342	9.09216
41.700000000000344	10.3342
41.800000000000345	13.1544
41.900000000000347	17.0087
42.000000000000348	9.61288
42.10000000000035	13.2941
42.200000000000351	16.1533
42.300000000000352	20.0286
42.400000000000354	22.919
42.500000000000355	25.7565
42.600000000000357	29.5894
42.700000000000358	15.8871
42.80000000000036	15.8871
42.900000000000361	15.8871
43.000000000000362	8.07116
43.100000000000364	4.88946
43.200000000000365	8.27283
43.300000000000367	5.27307
43.400000000000368	8.96336
43.500000000000369	11.6018
43.600000000000371	7.08523
43.700000000000372	9.82496
43.800000000000374	13.4479
43.900000000000375	16.2799
44.000000000000377	20.1308
44.100000000000378	23.0518
44.200000000000379	26.9359
44.300000000000381	29.7933
44.400000000000382	33.6417
44.500000000000384	36.5218
44.600000000000385	40.4221
44.700000000000387	21.0237
44.800000000000388	21.0237
44.900000000000389	21.6339
45.000000000000391	10.8169
45.10000