10	1
10.1	1
10.199999999999999	1
10.299999999999999	1
10.399999999999999	1
10.499999999999998	1
10.599999999999998	1
10.699999999999998	1
10.799999999999997	1
10.899999999999997	1
10.999999999999996	1
11.099999999999996	1
11.199999999999996	1
11.299999999999995	1
11.399999999999995	1
11.499999999999995	1
11.599999999999994	1
11.699999999999994	1
11.799999999999994	1
11.899999999999993	1
11.999999999999993	1
12.099999999999993	1
12.199999999999992	1
12.299999999999992	1
12.399999999999991	1
12.499999999999991	1
12.599999999999991	1
12.69999999999999	1
12.79999999999999	1
12.89999999999999	1
12.999999999999989	1
13.099999999999989	10
13.199999999999989	5.05
13.299999999999988	9.49426
13.399999999999988	9.51623
13.499999999999988	8.45041
13.599999999999987	6.24102
13.699999999999987	6.24102
13.799999999999986	4.63158
13.899999999999986	2.8418
13.999999999999986	9.66072
14.099999999999985	4.64911
14.199999999999985	12.5146
14.299999999999985	9.47405
14.399999999999984	9.43789
14.499999999999984	11.0936
14.599999999999984	11.0637
14.699999999999983	10.3981
14.799999999999983	6.14997
14.899999999999983	6.60804
14.999999999999982	3.59694
15.099999999999982	3.59694
15.199999999999982	7.02286
15.299999999999981	13.8566
15.399999999999981	13.4396
15.49999999999998	10.1272
15.59999999999998	7.74099
15.69999999999998	7.9957
15.799999999999979	7.35772
15.899999999999979	5.44881
15.999999999999979	7.17012
16.09999999999998	2.67721
16.199999999999982	8.62386
16.299999999999983	8.0155
16.399999999999984	5.3538
16.499999999999986	5.3538
16.599999999999987	3.55301
16.699999999999989	10.5704
16.79999999999999	4.25756
16.899999999999991	6.7865
16.999999999999993	6.9422
17.099999999999994	7.60382
17.199999999999996	6.95289
17.299999999999997	3.63455
17.399999999999999	2.8367
17.5	2.8367
17.600000000000001	2.9
17.700000000000003	2.9
17.800000000000004	2.9
17.900000000000006	9.14257
18.000000000000007	9.03254
18.100000000000009	17.3274
18.20000000000001	7.29269
18.300000000000011	6.60477
18.400000000000013	3.23886
18.500000000000014	3.43738
18.600000000000016	4.71284
18.700000000000017	5.93732
18.800000000000018	13.5678
18.90000000000002	6.1422
19.000000000000021	9.02017
19.100000000000023	9.82384
19.200000000000024	5.30039
19.300000000000026	13.3801
19.400000000000027	13.4892
19.500000000000028	4.66391
19.60000000000003	5.1613
19.700000000000031	7.58363
19.800000000000033	2.98529
19.900000000000034	4.39487
20.000000000000036	4.39487
20.100000000000037	6.09735
20.200000000000038	5.9128
20.30000000000004	5.78007
20.400000000000041	3.92809
20.500000000000043	4.86428
20.600000000000044	7.0742
20.700000000000045	15.3239
20.800000000000047	13.9753
20.900000000000048	9.2951
21.00000000000005	8.48764
21.100000000000051	8.11831
21.200000000000053	15.3148
21.300000000000054	10.9917
21.400000000000055	4.12402
21.500000000000057	10.3896
21.600000000000058	6.56084
21.70000000000006	8.11313
21.800000000000061	7.80273
21.900000000000063	6.73482
22.000000000000064	11.2193
22.100000000000065	9.43919
22.200000000000067	7.32048
22.300000000000068	15.2423
22.40000000000007	12.0991
22.500000000000071	6.36187
22.600000000000072	9.39073
22.700000000000074	7.16725
22.800000000000075	6.67073
22.900000000000077	6.19055
23.000000000000078	8.62761
23.10000000000008	3.44381
23.200000000000081	3.26014
23.300000000000082	3.7912
23.400000000000084	3.7912
23.500000000000085	3.7912
23.600000000000087	6.5768
23.700000000000088	4.73343
23.80000000000009	10.0582
23.900000000000091	9.18093
24.000000000000092	10.5732
24.100000000000094	5.22463
24.200000000000095	7.99192
24.300000000000097	15.7656
24.400000000000098	4.20797
24.500000000000099	5.06768
24.600000000000101	5.48776
24.700000000000102	5.66998
24.800000000000104	5.66998
24.900000000000105	3.55218
25.000000000000107	6.75529
25.100000000000108	6.16928
25.200000000000109	6.16928
25.300000000000111	1
25.400000000000112	9.06265
25.500000000000114	6.56704
25.600000000000115	6.56704
25.700000000000117	4.16441
25.800000000000118	5.68875
25.900000000000119	8.3341
26.000000000000121	5.99817
26.100000000000122	2.98772
26.200000000000124	8.83384
26.300000000000125	3.09611
26.400000000000126	3.09611
26.500000000000128	2
26.600000000000129	9.5725
26.700000000000131	5.01382
26.800000000000132	10.0919
26.900000000000134	5.43133
27.000000000000135	8.11826
27.100000000000136	8.11826
27.200000000000138	6.51909
27.300000000000139	6.25073
27.400000000000141	12.8763
27.500000000000142	9.79053
27.600000000000144	5.21364
27.700000000000145	5.50328
27.800000000000146	13.6822
27.900000000000148	6.05672
28.000000000000149	5.86864
28.100000000000151	7.20168
28.200000000000152	6.07143
28.300000000000153	2.67679
28.400000000000155	4.42706
28.500000000000156	4.86147
28.600000000000158	5.79897
28.700000000000159	5.61906
28.800000000000161	5.95589
28.900000000000162	4.05884
29.000000000000163	4.03651
29.100000000000165	6.22944
29.200000000000166	13.2501
29.300000000000168	3.87116
29.400000000000169	5.45352
29.500000000000171	8.04627
29.600000000000172	7.98391
29.700000000000173	9.05853
29.800000000000175	7.19691
29.900000000000176	6.3055
30.000000000000178	14.233
30.100000000000179	4.86738
30.20000000000018	4.86738
30.300000000000182	1
30.400000000000183	8.33628
30.500000000000185	5.96115
30.600000000000186	6.30666
30.700000000000188	6.74306
30.800000000000189	8.55413
30.90000000000019	4.50134
31.000000000000192	5.13783
31.100000000000193	5.13783
31.200000000000195	1
31.300000000000196	1
31.400000000000198	1
31.500000000000199	1
31.6000000000002	5.75491
31.700000000000202	8.79921
31.800000000000203	3.9569
31.900000000000205	11.7798
32.000000000000206	3.05045
32.100000000000207	3.05045
32.200000000000209	2.5
32.30000000000021	7.23041
32.400000000000212	1.25978
32.500000000000213	4.69061
32.600000000000215	7.2701
32.700000000000216	3.91015
32.800000000000217	3.91015
32.900000000000219	7.02286
33.00000000000022	3.96611
33.100000000000222	2.68901
33.200000000000223	4.01113
33.300000000000225	4.01113
33.400000000000226	2.5
33.500000000000227	2.16972
33.600000000000229	2.16972
33.70000000000023	1.62241
33.800000000000232	1.89433
33.900000000000233	4.3358
34.000000000000234	4.3358
34.100000000000236	1
34.200000000000237	1
34.300000000000239	1
34.40000000000024	1
34.500000000000242	5.92867
34.600000000000243	4.24871
34.700000000000244	10.5343
34.800000000000246	3.21233
34.900000000000247	3.21233
35.000000000000249	2
35.10000000000025	9.67696
35.200000000000252	9.98095
35.300000000000253	8.61956
35.400000000000254	4.16658
35.500000000000256	3.87269
35.600000000000257	3.87269
35.700000000000259	2.9
35.80000000000026	4.68001
35.900000000000261	10.4265
36.000000000000263	8.91874
36.100000000000264	9.29212
36.200000000000266	8.25435
36.300000000000267	5.20499
36.400000000000269	4.99376
36.50000000000027	4.99376
36.600000000000271	2
36.700000000000273	5.80542
36.800000000000274	2.28577
36.900000000000276	2.28577
37.000000000000277	4.33944
37.100000000000279	3.51123
37.20000000000028	9.76576
37.300000000000281	10.7068
37.400000000000283	7.43761
37.500000000000284	4.31439
37.600000000000286	4.93591
37.700000000000287	5.33455
37.800000000000288	3.92675
37.90000000000029	5.05915
38.000000000000291	3.03663
38.100000000000293	4.96748
38.200000000000294	12.5544
38.300000000000296	9.51852
38.400000000000297	6.87855
38.500000000000298	4.38128
38.6000000000003	9.79853
38.700000000000301	17.2214
38.800000000000303	5.56454
38.900000000000304	5.56454
39.000000000000306	2
39.100000000000307	2
39.200000000000308	2
39.30000000000031	2
39.400000000000311	1
39.500000000000313	1
39.600000000000314	1
39.700000000000315	1
39.800000000000317	1
39.900000000000318	1
40.00000000000032	1
40.100000000000321	1
40.200000000000323	2.5
40.300000000000324	4.22812
40.400000000000325	2.93369
40.500000000000327	3.05632
40.600000000000328	3.05632
40.70000000000033	3.55301
40.800000000000331	6.19915
40.900000000000333	7.19017
41.000000000000334	8.35369
41.100000000000335	8.14528
41.200000000000337	3.40255
41.300000000000338	11.1708
41.40000000000034	9.29711
41.500000000000341	5.58167
41.600000000000342	7.34064
41.700000000000344	4.74722
41.800000000000345	4.74722
41.900000000000347	3.55301
42.000000000000348	5.23744
42.10000000000035	10.3012
42.200000000000351	6.13944
42.300000000000352	5.07414
42.400000000000354	5.07414
42.500000000000355	3.55301
42.600000000000357	5.9872
42.700000000000358	3.39015
42.80000000000036	3.39015
42.900000000000361	7.02286
43.000000000000362	6.24299
43.100000000000364	3.84662
43.200000000000365	3.84662
43.300000000000367	2.9
43.400000000000368	10.5704
43.500000000000369	7.14791
43.600000000000371	14.6907
43.700000000000372	10.6152
43.800000000000374	8.40451
43.900000000000375	4.26234
44.000000000000377	8.99586
44.100000000000378	6.59004
44.200000000000379	7.53509
44.300000000000381	3.43365
44.400000000000382	3.43365
44.500000000000384	2
44.600000000000385	2
44.700000000000387	2
44.800000000000388	2
44.900000000000389	2
45.000000000000391	8.80618
45.100000000000392	5.13386
45.200000000000394	7.77836
45.300000000000395	5.18298
45.400000000000396	3.35881
45.500000000000398	3.35881
45.600000000000399	4.33944
45.700000000000401	7.16486
45.800000000000402	6.518
45.900000000000404	6.518
46.000000000000405	2
46.100000000000406	2
46.200000000000408	2
46.300000000000409	2
46.400000000000411	1
46.500000000000412	3.43873
46.600000000000414	4.45476
46.700000000000415	4.38486
46.800000000000416	3.02611
46.900000000000418	3.02611
47.000000000000419	4.33944
47.100000000000421	4.33944
47.200000000000422	2
47.300000000000423	3.31877
47.400000000000425	6.08908
47.500000000000426	4.3527
47.600000000000428	3.29271
47.700000000000429	4.90518
47.800000000000431	4.33287
47.900000000000432	12.4031
48.000000000000433	4.12671
48.100000000000435	2.13206
48.200000000000436	4.3518
48.300000000000438	2.12995
48.400000000000439	2.12995
48.500000000000441	1
48.600000000000442	7.96541
48.700000000000443	3.29871
48.800000000000445	3.29871
48.900000000000446	2
49.000000000000448	3.67283
49.100000000000449	3.67283
49.20000000000045	2
49.300000000000452	3.43873
49.400000000000453	5.16779
49.500000000000455	3.29015
49.600000000000456	3.29015
49.700000000000458	5.39003
49.800000000000459	7.56797
49.90000000000046	14.5579
50.000000000000462	6.97245
50.100000000000463	6.00184
50.200000000000465	2.90593
50.300000000000466	6.73127
50.400000000000468	4.5042
50.500000000000469	6.18767
50.60000000000047	4.66957
50.700000000000472	2.6425
50.800000000000473	2.6425
50.900000000000475	6.09735
51.000000000000476	5.33248
51.100000000000477	5.33248
51.200000000000479	3.24483
51.30000000000048	4.89015
51.400000000000482	3.88533
51.500000000000483	4.97203
51.600000000000485	6.52979
51.700000000000486	5.12574
51.800000000000487	5.21996
51.900000000000489	5.61295
52.00000000000049	2.9819
52.100000000000492	2.9819
52.200000000000493	3.55301
52.300000000000495	3.55301
52.400000000000496	2
52.500000000000497	3.68661
52.600000000000499	3.86104
52.7000000000005	7.48629
52.800000000000502	9.15429
52.900000000000503	7.18407
53.000000000000504	3.1311
53.100000000000506	3.1311
53.200000000000507	3.24483
53.300000000000509	2.74505
53.40000000000051	4.01999
53.500000000000512	5.43526
53.600000000000513	2.49032
53.700000000000514	8.33362
53.800000000000516	6.36149
53.900000000000517	4.55055
54.000000000000519	7.12023
54.10000000000052	4.33829
54.200000000000522	3.67351
54.300000000000523	3.81578
54.400000000000524	5.37699
54.500000000000526	5.37699
54.600000000000527	6.09735
54.700000000000529	6.09735
54.80000000000053	1
54.900000000000531	2
55.000000000000533	2
55.100000000000534	2
55.200000000000536	2
55.300000000000537	2
55.400000000000539	2
55.50000000000054	2
55.600000000000541	2
55.700000000000543	2
55.800000000000544	2
55.900000000000546	2
56.000000000000547	2
56.100000000000549	5.75491
56.20000000000055	6.25148
56.300000000000551	8.29271
56.400000000000553	8.98968
56.500000000000554	4.66216
56.600000000000556	5.63373
56.700000000000557	4.80682
56.800000000000558	3.58861
56.90000000000056	3.58861
57.000000000000561	5.19763
57.100000000000563	12.4054
57.200000000000564	5.45196
57.300000000000566	6.74486
57.400000000000567	6.12564
57.500000000000568	6.12564
57.60000000000057	3.33333
57.700000000000571	9.06265
57.800000000000573	7.85308
57.900000000000574	3.02582
58.00000