10	1
10.1	1
10.199999999999999	1
10.299999999999999	1
10.399999999999999	1
10.499999999999998	1
10.599999999999998	1
10.699999999999998	1
10.799999999999997	1
10.899999999999997	1
10.999999999999996	1
11.099999999999996	1
11.199999999999996	1
11.299999999999995	1
11.399999999999995	1
11.499999999999995	1
11.599999999999994	1
11.699999999999994	1
11.799999999999994	1
11.899999999999993	1
11.999999999999993	1
12.099999999999993	1
12.199999999999992	1
12.299999999999992	1
12.399999999999991	1
12.499999999999991	1
12.599999999999991	1
12.69999999999999	1
12.79999999999999	1
12.89999999999999	1
12.999999999999989	1
13.099999999999989	1
13.199999999999989	1
13.299999999999988	1
13.399999999999988	1
13.499999999999988	1
13.599999999999987	1
13.699999999999987	1
13.799999999999986	1
13.899999999999986	1
13.999999999999986	1
14.099999999999985	1
14.199999999999985	1
14.299999999999985	1
14.399999999999984	1
14.499999999999984	1
14.599999999999984	1
14.699999999999983	1
14.799999999999983	1
14.899999999999983	1
14.999999999999982	1
15.099999999999982	1
15.199999999999982	1
15.299999999999981	1
15.399999999999981	1
15.49999999999998	1
15.59999999999998	1
15.69999999999998	1
15.799999999999979	1
15.899999999999979	1
15.999999999999979	1
16.09999999999998	1
16.199999999999982	1
16.299999999999983	1
16.399999999999984	1
16.499999999999986	1
16.599999999999987	1
16.699999999999989	1
16.79999999999999	1
16.899999999999991	1
16.999999999999993	1
17.099999999999994	1
17.199999999999996	1
17.299999999999997	1
17.399999999999999	1
17.5	1
17.600000000000001	1
17.700000000000003	1
17.800000000000004	1
17.900000000000006	1
18.000000000000007	1
18.100000000000009	1
18.20000000000001	1
18.300000000000011	1
18.400000000000013	1
18.500000000000014	1
18.600000000000016	1
18.700000000000017	1
18.800000000000018	1
18.90000000000002	1
19.000000000000021	1
19.100000000000023	1
19.200000000000024	1
19.300000000000026	1
19.400000000000027	1
19.500000000000028	1
19.60000000000003	1
19.700000000000031	1
19.800000000000033	1
19.900000000000034	1
20.000000000000036	1
20.100000000000037	1
20.200000000000038	8
20.30000000000004	32
20.400000000000041	32
20.500000000000043	32
20.600000000000044	11
20.700000000000045	19.2402
20.800000000000047	23.1164
20.900000000000048	12.047
21.00000000000005	15.7924
21.100000000000051	20.4856
21.200000000000053	24.3276
21.300000000000054	28.2132
21.400000000000055	33.108
21.500000000000057	37.044
21.600000000000058	41.9092
21.70000000000006	21.7394
21.800000000000061	13.2407
21.900000000000063	17.0754
22.000000000000064	9.97153
22.100000000000065	14.3456
22.200000000000067	18.1668
22.300000000000068	11.3165
22.40000000000007	14.223
22.500000000000071	18.0702
22.600000000000072	10.7553
22.700000000000074	12.8786
22.800000000000075	17.4976
22.900000000000077	21.3158
23.000000000000078	11.3195
23.10000000000008	15.1136
23.200000000000081	8.22351
23.300000000000082	12.2485
23.400000000000084	16.0717
23.500000000000085	9.95671
23.600000000000087	13.5442
23.700000000000088	17.3116
23.80000000000009	22.1345
23.900000000000091	26.0403
24.000000000000092	16.5155
24.100000000000094	20.3216
24.200000000000095	25.1631
24.300000000000097	29.0745
24.400000000000098	32.9462
24.500000000000099	17.7167
24.600000000000101	18.1081
24.700000000000102	10.296
24.800000000000104	13.3517
24.900000000000105	7.85435
25.000000000000107	12.3347
25.100000000000108	16.1373
25.200000000000109	20.9923
25.300000000000111	24.7557
25.400000000000112	29.5469
25.500000000000114	15.0917
25.600000000000115	16.427
25.700000000000117	10.0043
25.800000000000118	13.6528
25.900000000000119	18.3492
26.000000000000121	10.6886
26.100000000000122	14.3716
26.200000000000124	8.84239
26.300000000000125	10.2143
26.400000000000126	14.9906
26.500000000000128	18.6799
26.600000000000129	23.4343
26.700000000000131	27.2638
26.800000000000132	15.8098
26.900000000000134	20.499
27.000000000000135	10.3225
27.100000000000136	13.5213
27.200000000000138	17.2937
27.300000000000139	9.93996
27.400000000000141	13.0797
27.500000000000142	16.8919
27.600000000000144	21.5773
27.700000000000145	25.4115
27.800000000000146	14.5955
27.900000000000148	9.0172
28.000000000000149	11.114
28.100000000000151	15.8074
28.200000000000152	19.547
28.300000000000153	24.3373
28.400000000000155	28.2215
28.500000000000156	14.461
28.600000000000158	18.4761
28.700000000000159	22.3059
28.800000000000161	27.1616
28.900000000000162	31.0787
29.000000000000163	18.3193
29.100000000000165	11.0032
29.200000000000166	8.16499
29.300000000000168	12.7717
29.400000000000169	16.4734
29.500000000000171	21.2515
29.600000000000172	25.1355
29.700000000000173	14.1414
29.800000000000175	14.5605
29.900000000000176	18.3368
30.000000000000178	23.1619
30.100000000000179	27.0671
30.20000000000018	31.9499
30.300000000000182	17.269
30.400000000000183	19.3477
30.500000000000185	24.0114
30.600000000000186	12.0057
30.700000000000188	7.42404
30.800000000000189	4.88701
30.90000000000019	8.2714
31.000000000000192	12.995
31.100000000000193	16.6469
31.200000000000195	21.3862
31.300000000000196	25.2495
31.400000000000198	14.949
31.500000000000199	18.6466
31.6000000000002	22.4473
31.700000000000202	27.2777
31.800000000000203	14.9513
31.900000000000205	16.4815
32.000000000000206	9.48394
32.100000000000207	11.5821
32.200000000000209	16.263
32.30000000000021	20.0673
32.400000000000212	6.57544
32.500000000000213	8.57346
32.600000000000215	13.1885
32.700000000000216	16.9762
32.800000000000217	11.0595
32.900000000000219	15.7056
33.00000000000022	19.4648
33.100000000000222	12.0589
33.200000000000223	15.8015
33.300000000000225	19.5423
33.400000000000226	12.0695
33.500000000000227	15.8096
33.600000000000229	20.4989
33.70000000000023	11.0485
33.800000000000232	15.1124
33.900000000000233	18.9898
34.000000000000234	22.7331
34.100000000000236	13.444
34.200000000000237	13.444
34.300000000000239	16.5211
34.40000000000024	20.3262
34.500000000000242	10.1631
34.600000000000243	10.1631
34.700000000000244	5.57776
34.800000000000246	4.64088
34.900000000000247	8.13059
35.000000000000249	12.7498
35.10000000000025	7.01525
35.200000000000252	10.5653
35.300000000000253	15.2313
35.400000000000254	9.30314
35.500000000000256	13.149
35.600000000000257	16.587
35.700000000000259	20.3798
35.80000000000026	13.364
35.900000000000261	17.1711
36.000000000000263	21.9338
36.100000000000264	6.17236
36.200000000000266	9.82686
36.300000000000267	13.4492
36.400000000000269	17.2375
36.50000000000027	22.0767
36.600000000000271	25.9912
36.700000000000273	30.7524
36.800000000000274	34.6097
36.900000000000276	38.9608
37.000000000000277	43.3827
37.100000000000279	23.1415
37.20000000000028	12.1818
37.300000000000281	6.67997
37.400000000000283	5.10646
37.500000000000284	8.63759
37.600000000000286	12.1222
37.700000000000287	9.44376
37.800000000000288	13.1727
37.90000000000029	17.9953
38.000000000000291	21.726
38.100000000000293	12.2284
38.200000000000294	7.54947
38.300000000000296	11.1978
38.400000000000297	15.9921
38.500000000000298	19.6966
38.6000000000003	11.5121
38.700000000000301	14.4484
38.800000000000303	9.01821
38.900000000000304	13.555
39.000000000000306	17.32
39.100000000000307	22.1411
39.200000000000308	11.4265
39.30000000000031	14.5191
39.400000000000311	19.0546
39.500000000000313	10.8767
39.600000000000314	13.584
39.700000000000315	17.3427
39.800000000000317	22.1589
39.900000000000318	26.061
40.00000000000032	29.9886
40.100000000000321	34.7774
40.200000000000323	19.2725
40.300000000000324	24.1175
40.400000000000325	12.9395
40.500000000000327	6.50841
40.600000000000328	8.98245
40.70000000000033	12.5307
40.800000000000331	17.2435
40.900000000000333	9.47937
41.000000000000334	6.04364
41.100000000000335	3.96934
41.200000000000337	7.23655
41.300000000000338	11.8687
41.40000000000034	15.5285
41.500000000000341	9.66161
41.600000000000342	13.3293
41.700000000000344	17.6054
41.800000000000345	9.24862
41.900000000000347	13.0339
42.000000000000348	17.6688
42.10000000000035	21.4565
42.200000000000351	26.279
42.300000000000352	13.97
42.400000000000354	7.16323
42.500000000000355	11.7392
42.600000000000357	7.42213
42.700000000000358	12.0655
42.80000000000036	7.44722
42.900000000000361	11.1295
43.000000000000362	15.8815
43.10