10	1
10.1	1
10.199999999999999	1
10.299999999999999	1
10.399999999999999	1
10.499999999999998	1
10.599999999999998	1
10.699999999999998	1
10.799999999999997	1
10.899999999999997	1
10.999999999999996	1
11.099999999999996	1
11.199999999999996	1
11.299999999999995	1
11.399999999999995	1
11.499999999999995	1
11.599999999999994	1
11.699999999999994	1
11.799999999999994	1
11.899999999999993	1
11.999999999999993	1
12.099999999999993	1
12.199999999999992	1
12.299999999999992	1
12.399999999999991	1
12.499999999999991	1
12.599999999999991	1
12.69999999999999	1
12.79999999999999	1
12.89999999999999	1
12.999999999999989	1
13.099999999999989	1
13.199999999999989	1
13.299999999999988	1
13.399999999999988	1
13.499999999999988	1
13.599999999999987	1
13.699999999999987	1
13.799999999999986	1
13.899999999999986	1
13.999999999999986	1
14.099999999999985	1
14.199999999999985	1
14.299999999999985	1
14.399999999999984	1
14.499999999999984	1
14.599999999999984	1
14.699999999999983	1
14.799999999999983	1
14.899999999999983	1
14.999999999999982	1
15.099999999999982	1
15.199999999999982	1
15.299999999999981	1
15.399999999999981	1
15.49999999999998	1
15.59999999999998	1
15.69999999999998	1
15.799999999999979	1
15.899999999999979	1
15.999999999999979	1
16.09999999999998	1
16.199999999999982	1
16.299999999999983	1
16.399999999999984	1
16.499999999999986	1
16.599999999999987	1
16.699999999999989	1
16.79999999999999	1
16.899999999999991	1
16.999999999999993	1
17.099999999999994	1
17.199999999999996	1
17.299999999999997	1
17.399999999999999	1
17.5	1
17.600000000000001	1
17.700000000000003	1
17.800000000000004	1
17.900000000000006	1
18.000000000000007	1
18.100000000000009	1
18.20000000000001	1
18.300000000000011	1
18.400000000000013	1
18.500000000000014	1
18.600000000000016	1
18.700000000000017	1
18.800000000000018	1
18.90000000000002	1
19.000000000000021	1
19.100000000000023	1
19.200000000000024	14
19.300000000000026	7
19.400000000000027	3.57143
19.500000000000028	3.85143
19.60000000000003	3.57355
19.700000000000031	1.92669
19.800000000000033	1.92669
19.900000000000034	1
20.000000000000036	1
20.100000000000037	1
20.200000000000038	1
20.30000000000004	1
20.400000000000041	4.33944
20.500000000000043	8.80618
20.600000000000044	6.38326
20.700000000000045	4.69371
20.800000000000047	3.33118
20.900000000000048	3.33118
21.00000000000005	2.31503
21.100000000000051	2.12141
21.200000000000053	4.39041
21.300000000000054	2.41736
21.400000000000055	2.41736
21.500000000000057	2
21.600000000000058	2.536
21.70000000000006	1.46516
21.800000000000061	5.74098
21.900000000000063	5.46443
22.000000000000064	3.31878
22.100000000000065	4.83775
22.200000000000067	4.83775
22.300000000000068	1
22.40000000000007	5.19763
22.500000000000071	4.13958
22.600000000000072	8.11296
22.700000000000074	4.05648
22.800000000000075	4.05648
22.900000000000077	2.1515
23.000000000000078	2.1515
23.10000000000008	1
23.200000000000081	1
23.300000000000082	1
23.400000000000084	1
23.500000000000085	1
23.600000000000087	5.19763
23.700000000000088	3.43873
23.80000000000009	4.70628
23.900000000000091	4.01297
24.000000000000092	2.24839
24.100000000000094	5.83571
24.200000000000095	3.26057
24.300000000000097	3.26057
24.400000000000098	1
24.500000000000099	1
24.600000000000101	1
24.700000000000102	1
24.800000000000104	1
24.900000000000105	4.33944
25.000000000000107	3.36442
25.100000000000108	5.64372
25.200000000000109	3.17624
25.300000000000111	3.17624
25.400000000000112	2
25.500000000000114	5.75491
25.600000000000115	4.32497
25.700000000000117	4.77567
25.800000000000118	4.77567
25.900000000000119	4.33944
26.000000000000121	8.80618
26.100000000000122	4.84214
26.200000000000124	1.89319
26.300000000000125	3.54759
26.400000000000126	3.54759
26.500000000000128	3.55301
26.600000000000129	2.96434
26.700000000000131	2.96434
26.800000000000132	1
26.900000000000134	2.04763
27.000000000000135	5.94283
27.100000000000136	3.21706
27.200000000000138	5.91407
27.300000000000139	2.95704
27.400000000000141	4.82205
27.500000000000142	3.49417
27.600000000000144	3.49417
27.700000000000145	2
27.800000000000146	3.83446
27.900000000000148	3.56677
28.000000000000149	5.39889
28.100000000000151	2.69944
28.200000000000152	2.83091
28.300000000000153	2.83091
28.400000000000155	1
28.500000000000156	4.99753
28.600000000000158	4.99753
28.700000000000159	1
28.800000000000161	4.33944
28.900000000000162	7.83782
29.000000000000163	3.91891
29.100000000000165	3.91891
29.200000000000166	3.24483
29.300000000000168	3.24483
29.400000000000169	3.24483
29.500000000000171	3.24483
29.600000000000172	1
29.700000000000173	4.33944
29.800000000000175	2.16972
29.900000000000176	5.80889
30.000000000000178	2.90445
30.100000000000179	5.2
30.20000000000018	2.6
30.300000000000182	2.6
30.400000000000183	3.55301
30.500000000000185	4.33944
30.600000000000186	4.33944
30.700000000000188	3.24483
30.800000000000189	3.24483
30.90000000000019	3.24483
31.000000000000192	3.24483
31.100000000000193	1
31.200000000000195	2.9
31.300000000000196	2.9
31.400000000000198	2.9
31.500000000000199	2.9
31.6000000000002	2.9
31.700000000000202	2.9
31.800000000000203	2.9
31.900000000000205	2.9
32.000000000000206	3.55301
32.100000000000207	7.96541
32.200000000000209	4.74171
32.30000000000021	3.83969
32.400000000000212	4.57423
32.500000000000213	4.57423
32.600000000000215	2.9
32.700000000000216	6.09735
32.800000000000217	3.78805
32.900000000000219	4.53145
33.00000000000022	7.94379
33.100000000000222	3.97189
33.200000000000223	4.68462
33.300000000000225	3.13035
33.400000000000226	2.86984
33.500000000000227	2.38564
33.600000000000229	2.38564
33.70000000000023	2.38564
33.800000000000232	4.33944
33.900000000000233	2.78778
34.000000000000234	4.01942
34.100000000000236	2.50729
34.200000000000237	2.50729
34.300000000000239	2.5
34.40000000000024	2.25
34.500000000000242	2.69444
34.600000000000243	2.69444
34.700000000000244	4.33944
34.800000000000246	2.96434
34.900000000000247	2.96434
35.000000000000249	2.96434
35.10000000000025	3.55301
35.200000000000252	2.39435
35.300000000000253	4.28342
35.400000000000254	2.14171
35.500000000000256	2.14171
35.600000000000257	3.55301
35.700000000000259	2.78778
35.80000000000026	4.26821
35.900000000000261	3.56156
36.000000000000263	3.56156
36.100000000000264	3.44087
36.200000000000266	6.03459
36.300000000000267	3.69531
36.400000000000269	2.3398
36.50000000000027	5.12827
36.600000000000271	3.10212
36.700000000000273	3.10212
36.800000000000274	2
36.900000000000276	4.78871
37.000000000000277	2.39435
37.100000000000279	2.39435
37.20000000000028	2.9
37.300000000000281	2.9
37.400000000000283	2
37.500000000000284	1.62241
37.600000000000286	3.33666
37.700000000000287	3.33666
37.800000000000288	3.55301
37.90000000000029	4.33944
38.000000000000291	4.33944
38.100000000000293	2
38.200000000000294	2
38.300000000000296	2
38.400000000000297	2
38.500000000000298	2.9
38.6000000000003	7.02286
38.700000000000301	3.65241
38.800000000000303	6.15423
38.900000000000304	4.30738
39.000000000000306	2.26977
39.100000000000307	2.71034
39.200000000000308	2.71034
39.30000000000031	2
39.400000000000311	2
39.500000000000313	2
39.600000000000314	2
39.700000000000315	2.9
39.800000000000317	2.16972
39.900000000000318	4.17193
40.00000000000032	2.95517
40.100000000000321	6.89969
40.200000000000323	4.25667
40.300000000000324	3.18315
40.400000000000325	3.18315
40.500000000000327	1
40.600000000000328	2.5
40.70000000000033	2.5
40.800000000000331	2.5
40.900000000000333	2.5
41.000000000000334	3.55301
41.100000000000335	3.27158
41.200000000000337	5.21385
41.300000000000338	2.60693
41.40000000000034	2.60693
41.500000000000341	2.9
41.600000000000342	6.26135
41.700000000000344	4.42008
41.800000000000345	4.64632
41.900000000000347	4.64632
42.000000000000348	3.83446
42.10000000000035	2.96434
42.200000000000351	2.80386
42.300000000000352	5.34143
42.400000000000354	3.66996
42.500000000000355	3.66996
42.600000000000357	2
42.700000000000358	2.9
42.80000000000036	2.9
42.900000000000361	2.9
43.000000000000362	2.9
43.100000000000364	2.5
43.200000000000365	2.5
43.300000000000367	2.5
43.400000000000368	2.5
43.500000000000369	2.5
43.600000000000371	2.5
43.700000000000372	2.5
43.800000000000374	2.5
43.900000000000375	2
44.000000000000377	5.19