10	1
10.1	1
10.199999999999999	1
10.299999999999999	1
10.399999999999999	1
10.499999999999998	1
10.599999999999998	1
10.699999999999998	1
10.799999999999997	1
10.899999999999997	1
10.999999999999996	1
11.099999999999996	1
11.199999999999996	1
11.299999999999995	1
11.399999999999995	1
11.499999999999995	1
11.599999999999994	1
11.699999999999994	1
11.799999999999994	1
11.899999999999993	1
11.999999999999993	1
12.099999999999993	1
12.199999999999992	1
12.299999999999992	1
12.399999999999991	1
12.499999999999991	1
12.599999999999991	1
12.69999999999999	1
12.79999999999999	1
12.89999999999999	1
12.999999999999989	1
13.099999999999989	1
13.199999999999989	1
13.299999999999988	1
13.399999999999988	1
13.499999999999988	1
13.599999999999987	1
13.699999999999987	1
13.799999999999986	1
13.899999999999986	1
13.999999999999986	1
14.099999999999985	1
14.199999999999985	1
14.299999999999985	1
14.399999999999984	1
14.499999999999984	1
14.599999999999984	1
14.699999999999983	1
14.799999999999983	1
14.899999999999983	1
14.999999999999982	1
15.099999999999982	1
15.199999999999982	1
15.299999999999981	1
15.399999999999981	1
15.49999999999998	1
15.59999999999998	1
15.69999999999998	1
15.799999999999979	1
15.899999999999979	1
15.999999999999979	1
16.09999999999998	1
16.199999999999982	1
16.299999999999983	1
16.399999999999984	1
16.499999999999986	1
16.599999999999987	1
16.699999999999989	1
16.79999999999999	1
16.899999999999991	1
16.999999999999993	1
17.099999999999994	1
17.199999999999996	1
17.299999999999997	1
17.399999999999999	1
17.5	1
17.600000000000001	1
17.700000000000003	1
17.800000000000004	1
17.900000000000006	1
18.000000000000007	1
18.100000000000009	1
18.20000000000001	1
18.300000000000011	1
18.400000000000013	1
18.500000000000014	1
18.600000000000016	1
18.700000000000017	1
18.800000000000018	1
18.90000000000002	1
19.000000000000021	1
19.100000000000023	1
19.200000000000024	1
19.300000000000026	1
19.400000000000027	1
19.500000000000028	1
19.60000000000003	1
19.700000000000031	1
19.800000000000033	1
19.900000000000034	1
20.000000000000036	1
20.100000000000037	1
20.200000000000038	1
20.30000000000004	1
20.400000000000041	1
20.500000000000043	1
20.600000000000044	1
20.700000000000045	1
20.800000000000047	1
20.900000000000048	1
21.00000000000005	1
21.100000000000051	1
21.200000000000053	1
21.300000000000054	1
21.400000000000055	1
21.500000000000057	1
21.600000000000058	1
21.70000000000006	1
21.800000000000061	1
21.900000000000063	1
22.000000000000064	1
22.100000000000065	1
22.200000000000067	1
22.300000000000068	1
22.40000000000007	1
22.500000000000071	1
22.600000000000072	1
22.700000000000074	1
22.800000000000075	1
22.900000000000077	1
23.000000000000078	1
23.10000000000008	1
23.200000000000081	1
23.300000000000082	1
23.400000000000084	1
23.500000000000085	1
23.600000000000087	1
23.700000000000088	1
23.80000000000009	1
23.900000000000091	1
24.000000000000092	1
24.100000000000094	1
24.200000000000095	1
24.300000000000097	1
24.400000000000098	1
24.500000000000099	1
24.600000000000101	1
24.700000000000102	1
24.800000000000104	1
24.900000000000105	1
25.000000000000107	1
25.100000000000108	1
25.200000000000109	1
25.300000000000111	1
25.400000000000112	1
25.500000000000114	1
25.600000000000115	1
25.700000000000117	1
25.800000000000118	1
25.900000000000119	1
26.000000000000121	1
26.100000000000122	1
26.200000000000124	1
26.300000000000125	1
26.400000000000126	1
26.500000000000128	1
26.600000000000129	1
26.700000000000131	1
26.800000000000132	4
26.900000000000134	23.5
27.000000000000135	12.1685
27.100000000000136	14.079
27.200000000000138	17.9013
27.300000000000139	21.6483
27.400000000000141	11.1207
27.500000000000142	13.3361
27.600000000000144	17.0909
27.700000000000145	20.7435
27.800000000000146	23.7998
27.900000000000148	13.4972
28.000000000000149	17.2749
28.100000000000151	9.54622
28.200000000000152	13.1702
28.300000000000153	8.39778
28.400000000000155	10.8988
28.500000000000156	5.98256
28.600000000000158	9.39396
28.700000000000159	12.1864
28.800000000000161	16.0244
28.900000000000162	19.7735
29.000000000000163	11.0352
29.100000000000165	14.0005
29.200000000000166	9.03958
29.300000000000168	11.7464
29.400000000000169	7.42495
29.500000000000171	11.1147
29.600000000000172	13.9917
29.700000000000173	17.6635
29.800000000000175	10.9855
29.900000000000176	13.6711
30.000000000000178	17.411
30.100000000000179	21.2448
30.20000000000018	25.1299
30.300000000000182	28.0646
30.400000000000183	31.9961
30.500000000000185	35.8311
30.600000000000186	18.7477
30.700000000000188	10.2417
30.800000000000189	13.1584
30.90000000000019	16.0419
31.000000000000192	19.6353
31.100000000000193	23.4461
31.200000000000195	26.3408
31.300000000000196	30.232
31.400000000000198	34.1482
31.500000000000199	37.0969
31.6000000000002	19.8636
31.700000000000202	20.0142
31.800000000000203	22.8627
31.900000000000205	26.6619
32.000000000000206	14.9413
32.100000000000207	15.1412
32.200000000000209	19.0127
32.30000000000021	22.7962
32.400000000000212	26.6049
32.500000000000213	29.4945
32.600000000000215	33.3773
32.700000000000216	17.3932
32.800000000000217	9.14566
32.900000000000219	9.57546
33.00000000000022	13.2671
33.100000000000222	6.63357
33.200000000000223	6.63357
33.300000000000225	10.2196
33.400000000000226	5.84325
33.500000000000227	8.97648
33.600000000000229	12.5265
33.70000000000023	15.1361
33.800000000000232	9.24538
33.900000000000233	5.37654
34.000000000000234	7.0126
34.100000000000236	10.5636
34.200000000000237	14.1379
34.300000000000239	17.0314
34.40000000000024	20.6945
34.500000000000242	24.5037
34.600000000000243	28.3651
34.700000000000244	15.3197
34.800000000000246	19.1551
34.900000000000247	23.0457
35.000000000000249	25.8693
35.10000000000025	14.6776
35.200000000000252	18.4299
35.300000000000253	21.3027
35.400000000000254	11.9389
35.500000000000256	15.5822
35.600000000000257	18.4112
35.700000000000259	22.2522
35.80000000000026	26.1021
35.900000000000261	14.7802
36.000000000000263	8.13251
36.100000000000264	11.2456
36.200000000000266	6.68846
36.300000000000267	10.2551
36.400000000000269	14.0528
36.50000000000027	16.9017
36.600000000000271	20.6366
36.700000000000273	12.0002
36.800000000000274	14.0771
36.900000000000276	16.9809
37.000000000000277	9.80429
37.100000000000279	13.4328
37.20000000000028	16.2675
37.300000000000281	20.1208
37.400000000000283	24.0213
37.500000000000284	26.9284
37.600000000000286	30.7452
37.700000000000287	16.457
37.800000000000288	16.457
37.90000000000029	9.06824
38.000000000000291	9.06824
38.100000000000293	1
38.200000000000294	5.68862
38.300000000000296	8.99015
38.400000000000297	12.0464
38.500000000000298	15.792
38.6000000000003	18.8565
38.700000000000301	10.5792
38.800000000000303	13.1963
38.900000000000304	16.3204
39.000000000000306	19.9137
39.100000000000307	23.6797
39.200000000000308	26.9974
39.30000000000031	14.8909
39.400000000000311	17.8303
39.500000000000313	21.5896
39.600000000000314	12.4525
39.700000000000315	14.3948
39.800000000000317	18.2056
39.900000000000318	22.0825
40.00000000000032	25.0152
40.100000000000321	28.8428
40.200000000000323	15.6044
40.300000000000324	15.6044
40.400000000000325	8.53795
40.500000000000327	8.53795
40.600000000000328	10.7297
40.70000000000033	6.07519
40.800000000000331	9.55852
40.900000000000333	5.86453
41.000000000000334	6.5192
41.100000000000335	10.1462
41.200000000000337	13.0075
41.300000000000338	16.7167
41.40000000000034	20.4854
41.500000000000341	24.3274
41.600000000000342	12.2048
41.700000000000344	15.5949
41.800000000000345	19.3757
41.900000000000347	22.2611
42.000000000000348	26.148
42.10000000000035	14.8497
42.200000000000351	17.6263
42.300000000000352	21.4215
42.400000000000354	11.4777
42.500000000000355	13.5611
42.600000000000357	17.3248
42.700000000000358	8.89067
42.80000000000036	8.89067
42.900000000000361	4.70824
43.000000000000362	8.16862
43.100000000000364	10.8171
43.200000000000365	7.97782
43.300000000000367	11.4897
43.400000000000368	14.291
43.500000000000369	8.52068
43.600000000000371	5.26342
43.700000000000372	5.98619
43.800000000000374	8.49636
43.900000000000375	12.1881
44.000000000000377	16.0258
44.100000000000378	18.8411
44.200000000000379	22.6091
44.300000000000381	26.4448
44.400000000000382	