10	1
10.1	1
10.199999999999999	1
10.299999999999999	1
10.399999999999999	1
10.499999999999998	1
10.599999999999998	1
10.699999999999998	1
10.799999999999997	1
10.899999999999997	1
10.999999999999996	1
11.099999999999996	1
11.199999999999996	1
11.299999999999995	1
11.399999999999995	1
11.499999999999995	1
11.599999999999994	1
11.699999999999994	1
11.799999999999994	1
11.899999999999993	1
11.999999999999993	1
12.099999999999993	1
12.199999999999992	1
12.299999999999992	1
12.399999999999991	1
12.499999999999991	1
12.599999999999991	1
12.69999999999999	1
12.79999999999999	1
12.89999999999999	1
12.999999999999989	1
13.099999999999989	1
13.199999999999989	1
13.299999999999988	1
13.399999999999988	1
13.499999999999988	1
13.599999999999987	1
13.699999999999987	1
13.799999999999986	1
13.899999999999986	1
13.999999999999986	1
14.099999999999985	1
14.199999999999985	1
14.299999999999985	1
14.399999999999984	1
14.499999999999984	1
14.599999999999984	1
14.699999999999983	1
14.799999999999983	1
14.899999999999983	1
14.999999999999982	1
15.099999999999982	1
15.199999999999982	1
15.299999999999981	1
15.399999999999981	1
15.49999999999998	1
15.59999999999998	1
15.69999999999998	1
15.799999999999979	1
15.899999999999979	1
15.999999999999979	1
16.09999999999998	1
16.199999999999982	1
16.299999999999983	1
16.399999999999984	1
16.499999999999986	1
16.599999999999987	1
16.699999999999989	1
16.79999999999999	1
16.899999999999991	1
16.999999999999993	1
17.099999999999994	1
17.199999999999996	1
17.299999999999997	1
17.399999999999999	1
17.5	1
17.600000000000001	1
17.700000000000003	1
17.800000000000004	1
17.900000000000006	1
18.000000000000007	1
18.100000000000009	1
18.20000000000001	1
18.300000000000011	1
18.400000000000013	1
18.500000000000014	1
18.600000000000016	1
18.700000000000017	1
18.800000000000018	4.99753
18.90000000000002	7.33665
19.000000000000021	9.40288
19.100000000000023	17.0002
19.200000000000024	24.5637
19.300000000000026	15.9659
19.400000000000027	8.38091
19.500000000000028	10.1207
19.60000000000003	17.5779
19.700000000000031	10.7425
19.800000000000033	18.219
19.900000000000034	25.9284
20.000000000000036	17.5163
20.100000000000037	24.2311
20.200000000000038	32.0535
20.30000000000004	16.6248
20.400000000000041	14.1099
20.500000000000043	21.7145
20.600000000000044	13.2827
20.700000000000045	20.4662
20.800000000000047	13.9814
20.900000000000048	9.64109
21.00000000000005	15.0798
21.100000000000051	22.49
21.200000000000053	14.5652
21.300000000000054	22.1035
21.400000000000055	16.5526
21.500000000000057	12.0963
21.600000000000058	18.675
21.70000000000006	26.0977
21.800000000000061	14.9099
21.900000000000063	22.242
22.000000000000064	30.0501
22.100000000000065	17.6718
22.200000000000067	13.2817
22.300000000000068	20.0204
22.40000000000007	7.41777
22.500000000000071	14.1305
22.600000000000072	9.51274
22.700000000000074	14.4538
22.800000000000075	21.9848
22.900000000000077	15.399
23.000000000000078	4.97348
23.10000000000008	10.0722
23.200000000000081	7.91028
23.300000000000082	15.0072
23.400000000000084	12.499
23.500000000000085	11.2305
23.600000000000087	18.8319
23.700000000000088	10.4252
23.80000000000009	10.0162
23.900000000000091	17.4034
24.000000000000092	14.4636
24.100000000000094	10.3387
24.200000000000095	7.61206
24.300000000000097	7.47171
24.400000000000098	13.8726
24.500000000000099	21.2809
24.600000000000101	29.0032
24.700000000000102	18.1914
24.800000000000104	13.2672
24.900000000000105	8.69505
25.000000000000107	16.1315
25.100000000000108	23.55
25.200000000000109	7.41235
25.300000000000111	5.18494
25.400000000000112	5.73985
25.500000000000114	12.8748
25.600000000000115	10.4789
25.700000000000117	18.0652
25.800000000000118	25.7042
25.900000000000119	15.9759
26.000000000000121	18.0375
26.100000000000122	12.308
26.200000000000124	19.6967
26.300000000000125	27.2081
26.400000000000126	18.0082
26.500000000000128	25.5077
26.600000000000129	15.834
26.700000000000131	17.7998
26.800000000000132	13.3601
26.900000000000134	21.0463
27.000000000000135	13.1697
27.100000000000136	20.7339
27.200000000000138	28.3938
27.300000000000139	17.2511
27.400000000000141	24.2475
27.500000000000142	32.0347
27.600000000000144	17.7787
27.700000000000145	20.6938
27.800000000000146	13.9152
27.900000000000148	20.4455
28.000000000000149	15.6002
28.100000000000151	22.1747
28.200000000000152	16.2086
28.300000000000153	4.93668
28.400000000000155	6.25739
28.500000000000156	8.79348
28.600000000000158	4.19282
28.700000000000159	10.7018
28.800000000000161	6.01345
28.900000000000162	6.34731
29.000000000000163	5.85031
29.100000000000165	4.91809
29.200000000000166	4.91809
29.300000000000168	2
29.400000000000169	8.21454
29.500000000000171	4.62597
29.600000000000172	10.3058
29.700000000000173	7.7236
29.800000000000175	7.13845
29.900000000000176	7.79648
30.000000000000178	15.0814
30.100000000000179	11.1179
30.20000000000018	7.03284
30.300000000000182	7.03284
30.400000000000183	4.63158
30.500000000000185	4.5865
30.600000000000186	6.27334
30.700000000000188	13.5695
30.800000000000189	7.48716
30.90000000000019	9.24228
31.000000000000192	7.10372
31.100000000000193	11.443
31.200000000000195	6.76592
31.300000000000196	5.24929
31.400000000000198	9.38844
31.500000000000199	7.85269
31.6000000000002	8.64326
31.700000000000202	16.1037
31.800000000000203	10.3646
31.900000000000205	17.9994
32.000000000000206	13.7799
32.100000000000207	21.1735
32.200000000000209	28.9936
32.30000000000021	10.4748
32.400000000000212	18.0629
32.500000000000213	25.7025
32.600000000000215	17.4477
32.700000000000216	12.078
32.800000000000217	4.08581
32.900000000000219	4.08581
33.00000000000022	2.5
33.100000000000222	9.25194
33.200000000000223	16.7987
33.300000000000225	11.7104
33.400000000000226	8.6703
33.500000000000227	8.3836
33.600000000000229	15.1287
33.70000000000023	8.16937
33.800000000000232	9.69796
33.900000000000233	9.83462
34.000000000000234	9.05662
34.100000000000236	16.3896
34.200000000000237	6.23489
34.300000000000239	5.19487
34.40000000000024	12.0763
34.500000000000242	10.2169
34.600000000000243	17.5764
34.700000000000244	10.4535
34.800000000000246	10.4535
34.900000000000247	5.39231
35.000000000000249	5.69719
35.10000000000025	12.2977
35.200000000000252	19.993
35.300000000000253	7.3444
35.400000000000254	6.62617
35.500000000000256	13.8074
35.600000000000257	21.2856
35.700000000000259	29.0756
35.80000000000026	19.1059
35.900000000000261	11.3049
36.000000000000263	17.2111
36.100000000000264	6.54905
36.200000000000266	13.7709
36.300000000000267	10.1492
36.400000000000269	5.12387
36.50000000000027	7.78964
36.600000000000271	15.0112
36.700000000000273	10.5867
36.800000000000274	17.9054
36.900000000000276	6.00931
37.000000000000277	13.2252
37.100000000000279	11.0705
37.20000000000028	18.4137
37.300000000000281	11.6114
37.400000000000283	7.53654
37.500000000000284	5.90885
37.600000000000286	13.0273
37.700000000000287	11.1501
37.800000000000288	4.83422
37.90000000000029	4.95215
38.000000000000291	11.9756
38.100000000000293	18.2713
38.200000000000294	11.8965
38.300000000000296	15.4852
38.400000000000297	12.6022
38.500000000000298	20.1317
38.6000000000003	27.7418
38.700000000000301	9.45707
38.800000000000303	8.07657
38.900000000000304	15.4234
39.000000000000306	22.8971
39.100000000000307	16.1683
39.200000000000308	12.1074
39.30000000000031	19.6233
39.400000000000311	14.785
39.500000000000313	11.0113
39.600000000000314	15.9882
39.700000000000315	11.3795
39.800000000000317	16.2435
39.900000000000318	24.005
40.00000000000032	13.1371
40.100000000000321	13.1371
40.200000000000323	6
40.300000000000324	7.53095
40.400000000000325	7.41365
40.500000000000327	7.43568
40.600000000000328	14.8993
40.70000000000033	22.4142
40.800000000000331	16.7028
40.900000000000333	11.1371
41.000000000000334	18.6159
41.100000000000335	12.8622
41.200000000000337	9.80283
41.300000000000338	7.94639
41.40000000000034	14.2735
41.500000000000341	12.446
41.600000000000342	19.9844
41.700000000000344	13.2444
41.800000000000345	10.3736
41.900000000000347	8.04191
42.000000000000348	15.3402
42.10000000000035	11.3871
42.200000000000351	9.29147
42.300000000000352	7.88769
42.400000000000354	6.72219
42.500000000000355	11.6508
42.600000000000357	19.085
42.700000000000358	11.2117
42.80000000000036	8.97683
42.900000000000361	16.2844
43.000000000000362	10.9713
43.100000000000364	10.0553
43.200000000000365	7.40773
43.300000000000367	6.90282
43.400000000000368	12.9724
43.500000000000369	20.3651
43.600000000000371	13.1052
43.700000000000372	16.4309
43.800000000000374	5.73972
43.900000000000375	12.7179
44.000000000000377	20.055
44.100000000000378	10.7522
44.200000000000379	18.1144
44.300000000000381	14.8499
44.400000000000382	21.9753
44.500000000000384	12.7624
44.600000000000385	8.42303
44.700000000000387	15.9872
44.800000000000388	13.1097
44.900000000000389	8.98295
45.000000000000391	6.83951
45.100000000000392	5.8592
45.200000000000394	5.8592
45.300000000000395	2
45.400000000000396	9.03185
45.500000000000398	9.54369
45.600000000000399	16.9013
45.700000000000401	23.7907
45.800000000000402	31.4687
45.900000000000404	20.2926
46.000000000000405	11.4882
46.100000000000406	11.4882
46.200000000000408	7.0246
46.300000000000409	14.2849
46.400000000000411	21.92
46.500000000000412	16.4765
46.600000000000414	9.40518
46.700000000000415	8.45761
46.800000000000416	15.8164
46.900000000000418	12.1231
47.000000000000419	19.6329
47.100000000000421	14.0223
47.200000000000422	21.4721
47.300000000000423	13.976
47.400000000000425	10.6105
47.500000000000426	18.1417
47.600000000000428	25.7968
47.700000000000429	8.97827
47.800000000000431	7.86085
47.900000000000432	14.2966
48.000000000000433	10.1087
48.100000000000435	17.1673
48.200000000000436	9.8088
48.300000000000438	9.8088
48.400000000000439	2
48.500000000000441	8.80618
48.600000000000442	4.07632
48.700000000000443	4.56716
48.800000000000445	11.0341
48.900000000000446	3.64134
49.000000000000448	7.87695
49.100000000000449	15.1229
49.20000000000045	22.7401
49.300000000000452	30.4204
49.400000000000453	18.2765
49.500000000000455	14.5742
49.600000000000456	22.1546
49.700000000000458	11.4111
49.800000000000459	11.4111
49.90000000000046	6.42297
50.000000000000462	6.67976
50.100000000000463	7.95609
50.200000000000465	7.95002
50.300000000000466	15.1608
50.400000000000468	10.7959
50.500000000000469	17.1176
50.60000000000047	12.2085
50.700000000000472	9.29338
50.800000000000473	15.1941
50.900000000000475	9.01432
51.000000000000476	15.0257
51.100000000000477	12.9998
51.200000000000479	10.0428
51.30000000000048	14.5337
51.400000000000482	13.1862
51.500000000000483	20.7926
51.600000000000485	14.0591
51.700000000000486	19.0778
51.800000000000487	13.5526
51.900000000000489	10.0008
52.00000000000049	7.66624
52.100000000000492	15.0815
52.200000000000493	10.6042
52.300000000000495	15.5187
52.400000000000496	12.5546
52.500000000000497	20.0521
52.600000000000499	7.50024
52.7000000000005	6.61696
52.800000000000502	14.0193
52.900000000000503	21.3298
53.000000000000504	16.0029
53.100000000000506	13.3618
53.200000000000507	9.31224
53.300000000000509	7.46981
53.40000000000051	8.31866
53.500000000000512	15.0264
53.600000000000513	10.1754
53.700000000000514	7.79627
53.800000000000516	14.8806
53.900000000000517	10.0465
54.000000000000519	10.817
54.10000000000052	11.1101
54.200000000000522	10.093
54.300000000000523	17.562
54.400000000000524	11.8428
54.500000000000526	19.2025
54.600000000000527	9.95958
54.700000000000529	9.95958
54.80000000000053	6.36191
54.900000000000531	13.7568
55.000000000000533	11.4094
55.100000000000534	8.86872
55.200000000000536	13.9682
55.300000000000537	9.31933
55.400000000000539	15.4063
55.50000000000054	9.69
55.600000000000541	7.21623
55.700000000000543	6.05561
55.800000000000544	12.3038
55.900000000000546	5.35369
56.000000000000547	12.6304
56.100000000000549	9.16481
56.20000000000055	7.72285
56.300000000000551	15.0437
56.400000000000553	12.0166
56.500000000000554	10.1994
56.600000000000556	17.7365
56.700000000000557	25.3563
56.800000000000558	19.0563
56.90000000000056	26.7111
57.000000000000561	15.7452
57.100000000000563	15.7452
57.200000000000564	15.8087
57.300000000000566	15.8087
57.400000000000567	10.2658
57.500000000000568	16.6093
57.60000000000057	10.3693
57.700000000000571	14.6926
57.800000000000573	12.5066
57.900000000000574	20.1219
58.000000000000576