10	1
10.1	1
10.199999999999999	1
10.299999999999999	1
10.399999999999999	1
10.499999999999998	1
10.599999999999998	1
10.699999999999998	1
10.799999999999997	1
10.899999999999997	1
10.999999999999996	1
11.099999999999996	1
11.199999999999996	1
11.299999999999995	1
11.399999999999995	1
11.499999999999995	1
11.599999999999994	1
11.699999999999994	1
11.799999999999994	1
11.899999999999993	1
11.999999999999993	1
12.099999999999993	1
12.199999999999992	1
12.299999999999992	1
12.399999999999991	1
12.499999999999991	1
12.599999999999991	1
12.69999999999999	1
12.79999999999999	1
12.89999999999999	1
12.999999999999989	1
13.099999999999989	1
13.199999999999989	1
13.299999999999988	1
13.399999999999988	1
13.499999999999988	1
13.599999999999987	1
13.699999999999987	1
13.799999999999986	1
13.899999999999986	1
13.999999999999986	1
14.099999999999985	1
14.199999999999985	1
14.299999999999985	1
14.399999999999984	1
14.499999999999984	1
14.599999999999984	1
14.699999999999983	1
14.799999999999983	1
14.899999999999983	1
14.999999999999982	1
15.099999999999982	1
15.199999999999982	1
15.299999999999981	1
15.399999999999981	1
15.49999999999998	1
15.59999999999998	1
15.69999999999998	1
15.799999999999979	1
15.899999999999979	1
15.999999999999979	1
16.09999999999998	1
16.199999999999982	1
16.299999999999983	1
16.399999999999984	1
16.499999999999986	1
16.599999999999987	1
16.699999999999989	1
16.79999999999999	1
16.899999999999991	1
16.999999999999993	1
17.099999999999994	1
17.199999999999996	1
17.299999999999997	1
17.399999999999999	1
17.5	1
17.600000000000001	1
17.700000000000003	1
17.800000000000004	1
17.900000000000006	1
18.000000000000007	1
18.100000000000009	1
18.20000000000001	1
18.300000000000011	1
18.400000000000013	1
18.500000000000014	1
18.600000000000016	1
18.700000000000017	1
18.800000000000018	1
18.90000000000002	1
19.000000000000021	1
19.100000000000023	1
19.200000000000024	1
19.300000000000026	1
19.400000000000027	1
19.500000000000028	1
19.60000000000003	1
19.700000000000031	1
19.800000000000033	1
19.900000000000034	1
20.000000000000036	1
20.100000000000037	1
20.200000000000038	1
20.30000000000004	1
20.400000000000041	1
20.500000000000043	1
20.600000000000044	1
20.700000000000045	1
20.800000000000047	1
20.900000000000048	1
21.00000000000005	1
21.100000000000051	1
21.200000000000053	1
21.300000000000054	1
21.400000000000055	1
21.500000000000057	1
21.600000000000058	1
21.70000000000006	1
21.800000000000061	1
21.900000000000063	1
22.000000000000064	1
22.100000000000065	1
22.200000000000067	1
22.300000000000068	1
22.40000000000007	1
22.500000000000071	1
22.600000000000072	1
22.700000000000074	1
22.800000000000075	1
22.900000000000077	1
23.000000000000078	1
23.10000000000008	1
23.200000000000081	1
23.300000000000082	1
23.400000000000084	1
23.500000000000085	2
23.600000000000087	12.5
23.700000000000088	23.0405
23.80000000000009	18.4947
23.900000000000091	28.151
24.000000000000092	38.9204
24.100000000000094	49.6089
24.200000000000095	25.5787
24.300000000000097	12.9835
24.400000000000098	12.9835
24.500000000000099	10.2744
24.600000000000101	9.72371
24.700000000000102	14.1749
24.800000000000104	13.1821
24.900000000000105	23.6718
25.000000000000107	18.4085
25.100000000000108	28.0944
25.200000000000109	38.8023
25.300000000000111	22.5819
25.400000000000112	11.5755
25.500000000000114	10.5607
25.600000000000115	21.029
25.700000000000117	14.0616
25.800000000000118	23.4998
25.900000000000119	15.7205
26.000000000000121	8.99386
26.100000000000122	19.1742
26.200000000000124	28.8454
26.300000000000125	21.0894
26.400000000000126	15.7255
26.500000000000128	23.4455
26.600000000000129	15.4451
26.700000000000131	26.059
26.800000000000132	36.7072
26.900000000000134	13.5495
27.000000000000135	23.1111
27.100000000000136	33.7713
27.200000000000138	44.461
27.300000000000139	24.9845
27.400000000000141	12.6515
27.500000000000142	6.71043
27.600000000000144	15.6166
27.700000000000145	14.5395
27.800000000000146	11.9781
27.900000000000148	21.449
28.000000000000149	17.373
28.100000000000151	27.0604
28.200000000000152	21.0944
28.300000000000153	31.7077
28.400000000000155	23.0589
28.500000000000156	32.6812
28.600000000000158	24.3496
28.700000000000159	35.0894
28.800000000000161	21.21
28.900000000000162	10.8384
29.000000000000163	7.2069
29.100000000000165	17.1116
29.200000000000166	27.6639
29.300000000000168	17.4178
29.400000000000169	9.04735
29.500000000000171	13.5743
29.600000000000172	24.1006
29.700000000000173	33.8109
29.800000000000175	19.4892
29.900000000000176	9.99819
30.000000000000178	17.3354
30.100000000000179	27.0363
30.20000000000018	37.6735
30.300000000000182	48.4102
30.400000000000183	58.2557
30.500000000000185	16.0114
30.600000000000186	16.0114
30.700000000000188	6
30.800000000000189	17.1103
30.90000000000019	27.6269
31.000000000000192	19.5087
31.100000000000193	30.15
31.200000000000195	40.4143
31.300000000000196	25.1075
31.400000000000198	16.3658
31.500000000000199	27.0248
31.6000000000002	37.6387
31.700000000000202	26.4185
31.800000000000203	21.2235
31.900000000000205	31.9507
32.000000000000206	42.5809
32.100000000000207	11.0035
32.200000000000209	14.469
32.30000000000021	12.7313
32.400000000000212	23.1665
32.500000000000213	33.8684
32.600000000000215	43.5582
32.700000000000216	14.2134
32.800000000000217	7.45098
32.900000000000219	15.6289
33.00000000000022	15.6254
33.100000000000222	26.1662
33.200000000000223	19.5696
33.300000000000225	29.2125
33.400000000000226	21.2504
33.500000000000227	31.9998
33.600000000000229	19.6481
33.70000000000023	10.1005
33.800000000000232	14.7784
33.900000000000233	14.5986
34.000000000000234	13.3459
34.100000000000236	10.8004
34.200000000000237	20.28
34.300000000000239	16.3293
34.40000000000024	13.296
34.500000000000242	21.1009
34.600000000000243	31.712
34.700000000000244	20.9877
34.800000000000246	11.6491
34.900000000000247	21.1258
35.000000000000249	31.7601
35.10000000000025	11.2674
35.200000000000252	20.7742
35.300000000000253	12.9401
35.400000000000254	12.7473
35.500000000000256	23.1752
35.600000000000257	19.1891
35.700000000000259	15.5825
35.80000000000026	14.18
35.900000000000261	24.6906
36.000000000000263	18.3622
36.100000000000264	29.0453
36.200000000000266	12.1899
36.300000000000267	22.61
36.400000000000269	15.9809
36.50000000000027	24.6946
36.600000000000271	19.0748
36.700000000000273	29.6022
36.800000000000274	39.3265
36.900000000000276	11.3764
37.000000000000277	11.3764
37.100000000000279	20.6403
37.20000000000028	30.2722
37.300000000000281	19.9918
37.400000000000283	14.4657
37.500000000000284	24.0783
37.600000000000286	34.7006
37.700000000000287	25.9983
37.800000000000288	36.5548
37.90000000000029	21.45
38.000000000000291	5.77926
38.100000000000293	15.4399
38.200000000000294	26.056
38.300000000000296	35.7383
38.400000000000297	23.4508
38.500000000000298	34.1514
38.6000000000003	25.2569
38.700000000000301	35.0462
38.800000000000303	25.5123
38.900000000000304	36.2109
39.000000000000306	13.5017
39.100000000000307	21.2309
39.200000000000308	31.9869
39.30000000000031	19.0613
39.400000000000311	9.81534
39.500000000000313	8.18456
39.600000000000314	8.08813
39.700000000000315	6.36147
39.800000000000317	15.3412
39.900000000000318	13.0232
40.00000000000032	23.3707
40.100000000000321	18.3259
40.200000000000323	28.0404
40.300000000000324	38.6857
40.400000000000325	24.9955
40.500000000000327	35.5405
40.600000000000328	22.1322
40.70000000000033	11.2678
40.800000000000331	15.7893
40.900000000000333	26.2643
41.000000000000334	14.4906
41.100000000000335	14.4906
41.200000000000337	4.34749
41.300000000000338	14.2865
41.40000000000034	10.7077
41.500000000000341	21.103
41.600000000000342	15.1351
41.700000000000344	12.647
41.800000000000345	23.1204
41.900000000000347	17.2897
42.000000000000348	11.7392
42.10000000000035	21.6431
42.200000000000351	15.8809
42.300000000000352	16.255
42.400000000000354	7.5797
42.500000000000355	17.8973
42.600000000000357	12.8329
42.700000000000358	22.2539
42.80000000000036	14.6928
42.900000000000361	24.38
43.000000000000362	7.37706
43.100000000000364	12.7661
43.200000000000365	23.1856
43.300000000000367	16.8815
43.400000000000368	25.4833
43.500000000000369	19.7681
43.600000000000371	30.3184
43.700000000000372	19.8597
43