10	1
10.1	1
10.199999999999999	1
10.299999999999999	1
10.399999999999999	1
10.499999999999998	1
10.599999999999998	1
10.699999999999998	1
10.799999999999997	4
10.899999999999997	15
10.999999999999996	18.3631
11.099999999999996	11.2629
11.199999999999996	15.2037
11.299999999999995	19.0625
11.399999999999995	23.7824
11.499999999999995	28.351
11.599999999999994	32.3714
11.699999999999994	37.2297
11.799999999999994	20.4826
11.899999999999993	23.4451
11.999999999999993	28.2818
12.099999999999993	32.1868
12.199999999999992	17.5933
12.299999999999992	22.3554
12.399999999999991	26.1901
12.499999999999991	16.665
12.599999999999991	21.4003
12.69999999999999	25.2614
12.79999999999999	15.6114
12.89999999999999	9.9271
12.999999999999989	13.5225
13.099999999999989	18.2526
13.199999999999989	23.0953
13.299999999999988	26.936
13.399999999999988	15.2799
13.499999999999988	20.0935
13.599999999999987	23.9985
13.699999999999987	28.7421
13.799999999999986	16.5861
13.899999999999986	20.3791
13.999999999999986	25.2095
14.099999999999985	14.6942
14.199999999999985	14.6942
14.299999999999985	15.2957
14.399999999999984	20.0057
14.499999999999984	10.4446
14.599999999999984	15.148
14.699999999999983	19.8931
14.799999999999983	12.1909
14.899999999999983	7.95117
14.999999999999982	11.025
15.099999999999982	6.81474
15.199999999999982	8.28479
15.299999999999981	4.91962
15.399999999999981	8.04369
15.49999999999998	12.5358
15.59999999999998	17.189
15.69999999999998	21.0634
15.799999999999979	25.8819
15.899999999999979	14.748
15.999999999999979	9.51873
16.09999999999998	14.1777
16.199999999999982	8.87738
16.299999999999983	9.53308
16.399999999999984	14.1873
16.499999999999986	9.24938
16.599999999999987	13.0344
16.699999999999989	17.5555
16.79999999999999	10.6347
16.899999999999991	14.1911
16.999999999999993	19.0179
17.099999999999994	11.5577
17.199999999999996	15.9971
17.299999999999997	20.5951
17.399999999999999	11.9615
17.5	6.73045
17.600000000000001	10.085
17.700000000000003	13.6385
17.800000000000004	18.284
17.900000000000006	23.0333
18.000000000000007	26.8829
18.100000000000009	14.498
18.20000000000001	17.5608
18.300000000000011	21.3208
18.400000000000013	13.8884
18.500000000000014	8.70508
18.600000000000016	11.3156
18.700000000000017	16.0746
18.800000000000018	11.4435
18.90000000000002	15.2065
19.000000000000021	20.0378
19.100000000000023	24.7735
19.200000000000024	12.7847
19.300000000000026	9.5534
19.400000000000027	3.16125
19.500000000000028	5.70991
19.60000000000003	4.22526
19.700000000000031	8.5185
19.800000000000033	5.01821
19.900000000000034	7.58959
20.000000000000036	12.1687
20.100000000000037	16.011
20.200000000000038	20.6545
20.30000000000004	10.5668
20.400000000000041	10.5668
20.500000000000043	4
20.600000000000044	3.5123
20.700000000000045	7.00301
20.800000000000047	11.469
20.900000000000048	16.1828
21.00000000000005	9.32821
21.100000000000051	14.0509
21.200000000000053	9.00294
21.300000000000054	12.5454
21.400000000000055	17.196
21.500000000000057	11.6273
21.600000000000058	15.2797
21.70000000000006	9.16671
21.800000000000061	13.8
21.900000000000063	7.91481
22.000000000000064	9.42444
22.100000000000065	13.1588
22.200000000000067	17.9852
22.300000000000068	11.6647
22.40000000000007	6.85979
22.500000000000071	10.8406
22.600000000000072	15.358
22.700000000000074	8.27771
22.800000000000075	12.999
22.900000000000077	8.30375
23.000000000000078	5.6946
23.10000000000008	10.1495
23.200000000000081	14.8794
23.300000000000082	18.5908
23.400000000000084	11.5554
23.500000000000085	9.01627
23.600000000000087	5.64622
23.700000000000088	3.46728
23.80000000000009	6.04923
23.900000000000091	9.54218
24.000000000000092	14.1934
24.100000000000094	8.68409
24.200000000000095	9.87638
24.300000000000097	14.4195
24.400000000000098	19.1888
24.500000000000099	23.0737
24.600000000000101	12.6754
24.700000000000102	7.88806
24.800000000000104	10.1229
24.900000000000105	14.1708
25.000000000000107	10.4207
25.100000000000108	6.57313
25.200000000000109	3.71924
25.300000000000111	6.96227
25.400000000000112	10.4346
25.500000000000114	7.09315
25.600000000000115	6.00277
25.700000000000117	4.50726
25.800000000000118	8.88841
25.900000000000119	5.9434
26.000000000000121	8.92945
26.100000000000122	6.16562
26.200000000000124	8.38603
26.300000000000125	12.7572
26.400000000000126	10.0571
26.500000000000128	5.85874
26.600000000000129	4.20386
26.700000000000131	7.76508
26.800000000000132	11.2548
26.900000000000134	8.51677
27.000000000000135	6.48315
27.100000000000136	10.1233
27.200000000000138	14.794
27.300000000000139	9.12563
27.400000000000141	4.83049
27.500000000000142	3.25874
27.600000000000144	7.58181
27.700000000000145	4.74398
27.800000000000146	9.11961
27.900000000000148	13.7688
28.000000000000149	17.3728
28.100000000000151	10.4403
28.200000000000152	13.4631
28.300000000000153	8.38861
28.400000000000155	4.75645
28.500000000000156	4.75645
28.600000000000158	1
28.700000000000159	5.19763
28.800000000000161	9.67696
28.900000000000162	13.1892
29.000000000000163	7.21187
29.100000000000165	5.05846
29.200000000000166	8.49191
29.300000000000168	5.71434
29.400000000000169	9.75673
29.500000000000171	6.48754
29.600000000000172	5.30528
29.700000000000173	8.28232
29.800000000000175	4.87916
29.900000000000176	4.9697
30.000000000000178	8.67537
30.100000000000179	6.20665
30.20000000000018	10.7273
30.300000000000182	14.4003
30.400000000000183	10.3524
30.500000000000185	6.67309
30.600000000000186	4.44926
30.700000000000188	8.97257
30.800000000000189	13.3757
30.90000000000019	7.26711
31.000000000000192	11.8025
31.100000000000193	8.34109
31.200000000000195	12.0808
31.300000000000196	8.41102
31.400000000000198	5.55346
31.500000000000199	9.12925
31.6000000000002	13.7752
31.700000000000202	9.83821
31.800000000000203	13.4575
31.900000000000205	18.0942
32.000000000000206	10.9498
32.100000000000207	11.6602
32.200000000000209	16.1334
32.30000000000021	8.18996
32.400000000000212	5.13085
32.500000000000213	4.02435
32.600000000000215	8.05614
32.700000000000216	4.83629
32.800000000000217	4.16599
32.900000000000219	8.37045
33.00000000000022	4.18522
33.100000000000222	5.45781
33.200000000000223	10.02
33.300000000000225	13.6643
33.400000000000226	9.05284
33.500000000000227	13.3546
33.600000000000229	9.21471
33.70000000000023	13.976
33.800000000000232	17.6511
33.900000000000233	11.0276
34.000000000000234	15.6191
34.100000000000236	19.3952
34.200000000000237	24.1742
34.300000000000239	14.4143
34.40000000000024	18.221
34.500000000000242	23.0269
34.600000000000243	6.19729
34.700000000000244	8.98786
34.800000000000246	13.4606
34.900000000000247	9.98308
35.000000000000249	7.08917
35.10000000000025	4.75796
35.200000000000252	9.01585
35.300000000000253	12.6343
35.400000000000254	7.71078
35.500000000000256	11.9959
35.600000000000257	15.6258
35.700000000000259	9.43868
35.80000000000026	6.08188
35.900000000000261	5.12508
36.000000000000263	9.53384
36.100000000000264	13.9023
36.200000000000266	6.95113
36.300000000000267	10.8982
36.400000000000269	8.49363
36.50000000000027	12.1862
36.600000000000271	7.46361
36.700000000000273	5.66677
36.800000000000274	9.19791
36.900000000000276	13.6748
37.000000000000277	7.79889
37.100000000000279	11.3667
37.20000000000028	16.1106
37.300000000000281	8.56757
37.400000000000283	9.24554
37.500000000000284	6.49407
37.600000000000286	4.9918
37.700000000000287	8.08746
37.800000000000288	5.75826
37.90000000000029	9.03396
38.000000000000291	7.80761
38.100000000000293	12.3051
38.200000000000294	7.34815
38.300000000000296	12.0204
38.400000000000297	16.6378
38.500000000000298	9.57807
38.6000000000003	11.2204
38.700000000000301	15.7556
38.800000000000303	9.11622
38.900000000000304	7.43218
39.000000000000306	5.46869
39.100000000000307	8.62364
39.200000000000308	6.96511
39.30000000000031	11.1799
39.400000000000311	5.63465
39.500000000000313	8.25442
39.600000000000314	12.4317
39.700000000000315	6.21585
39.800000000000317	8.54153
39.900000000000318	6.12767
40.00000000000032	9.69594
40.100000000000321	6.25033
40.200000000000323	7.15566
40.300000000000324	10.8454
40.400000000000325	15.3614
40.500000000000327	9.74949
40.600000000000328	9.74949
40.70000000000033	4.92603
40.800000000000331	3.96066
40.900000000000333	2.44454
41.000000000000334	6.07655
41.100000000000335	10.5585
41.200000000000337	14.2753
41.300000000000338	8.60891
41.40000000000034	13.1354
41.500000000000341	8.56462
41.600000000000342	13.1828
41.700000000000344	7.91036
41.800000000000345	12.1245
41.900000000000347	16.8919
42.000000000000348	8.50504
42.10000000000035	11.6038
42.200000000000351	7.6309
42.300000000000352	10.125
42.400000000000354	7.2789
42.500000000000355	4.27624
42.600000000000357	7.80369
42.700000000000358	5.41357
42.80000000000036	3.31114
42.900000000000361	6.75985
43.000000000000362	7.60357
43.100000000000364	7.60357
43.200000000000365	4.63158
43.300000000000367	9.06265
43.400000000000368	5.92647
43.500000000000369	10.28
43.600000000000371	8.1159
43.700000000000372	11.8426
43.800000000000374	5.92131
43.900000000000375	10.0796
44.000000000000377	5.86838
44.100000000000378	9.10392
44.200000000000379	5.2685
44.300000000000381	8.9607
44.400000000000382	6.38335
44.500000000000384	11.0135
44.600000000000385	14.6828
44.700000000000387	4.28785
44.800000000000388	8.18796
44.900000000000389	11.976
45.000000000000391	16.5454
45.100000000000392	9.37916
45.200000000000394	12.4198
45.300000000000395	17.0461
45.400000000000396	10.1827
45.500000000000398	5.87882
45.600000000000399	10.2529
45.700000000000401	14.6109
45.800000000000402	8.36081
45.900000000000404	9.80117
46.000000000000405	5.52684
46.100000000000406	7.26797
46.200000000000408	4.15204
46.300000000000409	7.60627
46.400000000000411	11.8449
46.500000000000412	16.2671
46.600000000000414	4.69841
46.700000000000415	8.03864
46.800000000000416	5.7659
46.900000000000418	9.03879
47.000000000000419	13.5686
47.100000000000421	8.06812
47.200000000000422	11.7248
47.300000000000423	8.58493
47.400000000000425	13.1959
47.500000000000426	8.16005
47.600000000000428	4.9187
47.700000000000429	9.10035
47.800000000000431	12.8516
47.900000000000432	8.38794
48.000000000000433	5.84575
48.100000000000435	8.03081
48.200000000000436	12.5276
48.300000000000438	7.19514
48.400000000000439	7.19514
48.500000000000441	5.52726
48.600000000000442	5.52726
48.700000000000443	9.1135
48.800000000000445	13.7648
48.900000000000446	8.96849
49.000000000000448	8.96849
49.100000000000449	9.07999
49.20000000000045	9.07999
49.300000000000452	4
49.400000000000453	8.99015
49.500000000000455	5.2674
49.600000000000456	6.15662
49.700000000000458	4.12919
49.800000000000459	3.22118
49.90000000000046	7.01241
50.000000000000462	5.13709
50.100000000000463	7.53511
50.200000000000465	5.13561
50.300000000000466	8.65463
50.400000000000468	2.74011
50.500000000000469	2.23725
50.60000000000047	5.47227
50.700000000000472	10.0278
50.800000000000473	7.05159
50.900000000000475	10.0039
51.000000000000476	14.4376
51.100000000000477	19.2024
51.200000000000479	10.7569
51.30000000000048	13.0347
51.400000000000482	7.78819
51.500000000000483	5.41964
51.600000000000485	9.99956
51.700000000000486	6.5321
51.800000000000487	10.1545
51.900000000000489	6.73547
52.00000000000049	6.73547
52.100000000000492	1
52.200000000000493	5.97588
52.300000000000495	9.38974
52.400000000000496	14.0917
52.500000000000497	18.6777
52.600000000000499	4.72297
52.7000000000005	2.666
52.800000000000502	2.84654
52.900000000000503	6.07341
53.000000000000504	10.4611
53.100000000000506	6.24242
53.200000000000507	4.56485
53.300000000000509	7.01964
53.40000000000051	5.04083
53.500000000000512	7.60439
53.600000000000513	5.50001
53.700000000000514	1.85623
53.800000000000516	1.60317
53.900000000000517	5.96982
54.000000000000519	9.38592
54.10000000000052	7.41052
54.200000000000522	12.0584
54.300000000000523	6.70323
54.400000000000524	11.0197
54.500000000000526	8.22834
54.600000000000527	6.02093
54.700000000000529	4.62919
54.80000000000053	3.99951
54.900000000000531	6.96866
55.000000000000533	11.3602
55.100000000000534	16.106
55.200000000000536	19.7385
55.300000000000537	13.141
55.400000000000539	17.9164
55.50000000000054	21.6144
55.600000000000541	12.8195
55.700000000000543	12.8195
55.800000000000544	12.8195
55.900000000000546	7.72214
56.000000000000547	4.63181
56.100000000000549	3.38525
56.20000000000055	6.33266
56.3000000000