10	1
10.1	1
10.199999999999999	1
10.299999999999999	1
10.399999999999999	1
10.499999999999998	1
10.599999999999998	1
10.699999999999998	1
10.799999999999997	1
10.899999999999997	1
10.999999999999996	1
11.099999999999996	1
11.199999999999996	1
11.299999999999995	1
11.399999999999995	1
11.499999999999995	1
11.599999999999994	1
11.699999999999994	1
11.799999999999994	1
11.899999999999993	1
11.999999999999993	1
12.099999999999993	1
12.199999999999992	1
12.299999999999992	1
12.399999999999991	1
12.499999999999991	1
12.599999999999991	1
12.69999999999999	1
12.79999999999999	1
12.89999999999999	1
12.999999999999989	1
13.099999999999989	1
13.199999999999989	1
13.299999999999988	1
13.399999999999988	1
13.499999999999988	1
13.599999999999987	1
13.699999999999987	1
13.799999999999986	1
13.899999999999986	1
13.999999999999986	1
14.099999999999985	1
14.199999999999985	1
14.299999999999985	1
14.399999999999984	1
14.499999999999984	1
14.599999999999984	1
14.699999999999983	1
14.799999999999983	1
14.899999999999983	1
14.999999999999982	1
15.099999999999982	1
15.199999999999982	1
15.299999999999981	1
15.399999999999981	1
15.49999999999998	1
15.59999999999998	1
15.69999999999998	1
15.799999999999979	1
15.899999999999979	1
15.999999999999979	1
16.09999999999998	1
16.199999999999982	1
16.299999999999983	1
16.399999999999984	1
16.499999999999986	1
16.599999999999987	1
16.699999999999989	1
16.79999999999999	1
16.899999999999991	1
16.999999999999993	1
17.099999999999994	1
17.199999999999996	1
17.299999999999997	1
17.399999999999999	1
17.5	1
17.600000000000001	1
17.700000000000003	1
17.800000000000004	1
17.900000000000006	1
18.000000000000007	1
18.100000000000009	1
18.20000000000001	1
18.300000000000011	1
18.400000000000013	1
18.500000000000014	1
18.600000000000016	1
18.700000000000017	1
18.800000000000018	1
18.90000000000002	1
19.000000000000021	1
19.100000000000023	1
19.200000000000024	1
19.300000000000026	1
19.400000000000027	1
19.500000000000028	1
19.60000000000003	1
19.700000000000031	1
19.800000000000033	1
19.900000000000034	1
20.000000000000036	1
20.100000000000037	1
20.200000000000038	1
20.30000000000004	1
20.400000000000041	1
20.500000000000043	1
20.600000000000044	1
20.700000000000045	1
20.800000000000047	1
20.900000000000048	1
21.00000000000005	1
21.100000000000051	1
21.200000000000053	1
21.300000000000054	1
21.400000000000055	1
21.500000000000057	1
21.600000000000058	1
21.70000000000006	1
21.800000000000061	1
21.900000000000063	1
22.000000000000064	1
22.100000000000065	1
22.200000000000067	1
22.300000000000068	1
22.40000000000007	1
22.500000000000071	1
22.600000000000072	1
22.700000000000074	1
22.800000000000075	1
22.900000000000077	1
23.000000000000078	16.038
23.10000000000008	5.14834
23.200000000000081	7.59348
23.300000000000082	6.49949
23.400000000000084	6.39232
23.500000000000085	4.8501
23.600000000000087	4.8501
23.700000000000088	4.56988
23.80000000000009	4.56988
23.900000000000091	5.19763
24.000000000000092	4.32623
24.100000000000094	4.32623
24.200000000000095	3.24483
24.300000000000097	3.24483
24.400000000000098	3.24483
24.500000000000099	3.24483
24.600000000000101	7.02286
24.700000000000102	5.2415
24.800000000000104	4.05855
24.900000000000105	4.05855
25.000000000000107	4.21087
25.100000000000108	5.92979
25.200000000000109	8.49509
25.300000000000111	9.00924
25.400000000000112	6.1434
25.500000000000114	3.96507
25.600000000000115	7.92342
25.700000000000117	7.92342
25.800000000000118	5.44682
25.900000000000119	14.9929
26.000000000000121	5.03771
26.100000000000122	5.3835
26.200000000000124	7.13068
26.300000000000125	9.51668
26.400000000000126	8.90895
26.500000000000128	6.07621
26.600000000000129	6.07621
26.700000000000131	10.2265
26.800000000000132	8.02355
26.900000000000134	5.64382
27.000000000000135	11.1007
27.100000000000136	4.3709
27.200000000000138	6.46139
27.300000000000139	6.46139
27.400000000000141	5.80357
27.500000000000142	5.80357
27.600000000000144	3.83446
27.700000000000145	4.06384
27.800000000000146	11.898
27.900000000000148	3.42072
28.000000000000149	3.42072
28.100000000000151	10.4234
28.200000000000152	5.55075
28.300000000000153	10.1842
28.400000000000155	5.99941
28.500000000000156	5.99941
28.600000000000158	5.74646
28.700000000000159	6.59277
28.800000000000161	6.59277
28.900000000000162	5.43864
29.000000000000163	5.43864
29.100000000000165	3.56677
29.200000000000166	2.17732
29.300000000000168	2.17732
29.400000000000169	9.04574
29.500000000000171	11.2864
29.600000000000172	11.5413
29.700000000000173	4.46753
29.800000000000175	4.46753
29.900000000000176	4.46753
30.000000000000178	3.78805
30.100000000000179	3.78805
30.20000000000018	3.55301
30.300000000000182	3.55301
30.400000000000183	4.76612
30.500000000000185	6.68434
30.600000000000186	4.62312
30.700000000000188	4.62312
30.800000000000189	2.49877
30.90000000000019	2.49877
31.000000000000192	2.9
31.100000000000193	13.6613
31.200000000000195	7.45019
31.300000000000196	6.87815
31.400000000000198	6.87815
31.500000000000199	3
31.6000000000002	3
31.700000000000202	3
31.800000000000203	3
31.900000000000205	2.9
32.000000000000206	3.2884
32.100000000000207	3.2884
32.200000000000209	8.88986
32.30000000000021	7.37783
32.400000000000212	3.61256
32.500000000000213	6.41597
32.600000000000215	6.41597
32.700000000000216	5.20266
32.800000000000217	11.2559
32.900000000000219	7.57143
33.00000000000022	7.57143
33.100000000000222	2
33.200000000000223	6.47802
33.300000000000225	3.25521
33.400000000000226	3.25521
33.500000000000227	4.16703
33.600000000000229	7.58761
33.70000000000023	6.94012
33.800000000000232	9.09985
33.900000000000233	2.94528
34.000000000000234	4.21502
34.100000000000236	7.48512
34.200000000000237	7.80443
34.300000000000239	6.05372
34.40000000000024	6.05372
34.500000000000242	6.09157
34.600000000000243	6.09157
34.700000000000244	6.09157
34.800000000000246	9.9246
34.900000000000247	10.4267
35.000000000000249	2.69977
35.10000000000025	2.69977
35.200000000000252	2
35.300000000000253	4.96744
35.400000000000254	4.96744
35.500000000000256	7.41197
35.600000000000257	6.17159
35.700000000000259	8.96826
35.80000000000026	7.59236
35.900000000000261	4.9465
36.000000000000263	5.50192
36.100000000000264	5.01997
36.200000000000266	5.01997
36.300000000000267	4.34556
36.400000000000269	6.81393
36.50000000000027	6.15687
36.600000000000271	13.0833
36.700000000000273	10.2121
36.800000000000274	10.5553
36.900000000000276	7.16232
37.000000000000277	7.06625
37.100000000000279	7.06625
37.20000000000028	3.5313
37.300000000000281	4.92537
37.400000000000283	3.26131
37.500000000000284	3.26131
37.600000000000286	6.74524
37.700000000000287	7.05433
37.800000000000288	8.80257
37.90000000000029	4.00999
38.000000000000291	5.65377
38.100000000000293	9.99067
38.200000000000294	4.96447
38.300000000000296	4.96447
38.400000000000297	14.2841
38.500000000000298	9.11426
38.6000000000003	9.11426
38.700000000000301	5.31903
38.800000000000303	5.31903
38.900000000000304	5.31903
39.000000000000306	5.31903
39.100000000000307	12.397
39.200000000000308	7.41461
39.30000000000031	11.9668
39.400000000000311	8.27256
39.500000000000313	2.83387
39.600000000000314	3.95748
39.700000000000315	3.95748
39.800000000000317	7.96541
39.900000000000318	8.42872
40.00000000000032	7.95211
40.100000000000321	3.50687
40.200000000000323	6.37781
40.300000000000324	7.04159
40.400000000000325	13.9373
40.500000000000327	6.27113
40.600000000000328	3.78528
40.70000000000033	3.78528
40.800000000000331	4.33944
40.900000000000333	9.52928
41.000000000000334	4.19995
41.100000000000335	6.96647
41.200000000000337	3.46717
41.300000000000338	3.75559
41.40000000000034	3.75559
41.500000000000341	3.01531
41.600000000000342	3.01531
41.700000000000344	2
41.800000000000345	3.55301
41.900000000000347	3.55301
42.000000000000348	3.58068
42.10000000000035	4.58043
42.200000000000351	9.08252
42.300000000000352	4.56587
42.400000000000354	3.07923
42.500000000000355	8.48474
42.600000000000357	4.31628
42.700000000000358	4.31628
42.80000000000036	8.1452
42.900000000000361	5.45414
43.000000000000362	5.45414
43.100000000000364	2.5
43.200000000000365	4.16814
43.300000000000367	4.16814
43.400000000000368	3.24483
43.500000000000369	3.24483
43.600000000000371	3.24483
43.700000000000372	3.244