10	1
10.1	1
10.199999999999999	1
10.299999999999999	1
10.399999999999999	1
10.499999999999998	1
10.599999999999998	1
10.699999999999998	1
10.799999999999997	1
10.899999999999997	1
10.999999999999996	1
11.099999999999996	1
11.199999999999996	1
11.299999999999995	1
11.399999999999995	1
11.499999999999995	1
11.599999999999994	1
11.699999999999994	1
11.799999999999994	1
11.899999999999993	1
11.999999999999993	1
12.099999999999993	1
12.199999999999992	1
12.299999999999992	1
12.399999999999991	1
12.499999999999991	1
12.599999999999991	1
12.69999999999999	1
12.79999999999999	1
12.89999999999999	1
12.999999999999989	1
13.099999999999989	2
13.199999999999989	21
13.299999999999988	21
13.399999999999988	10.759
13.499999999999988	10.759
13.599999999999987	10.1029
13.699999999999987	8.59468
13.799999999999986	15.1141
13.899999999999986	21.7899
13.999999999999986	6.74275
14.099999999999985	12.0019
14.199999999999985	8.72972
14.299999999999985	8.43158
14.399999999999984	15.0224
14.499999999999984	11.1027
14.599999999999984	16.7237
14.699999999999983	10.4391
14.799999999999983	8.16283
14.899999999999983	14.6019
14.999999999999982	11.454
15.099999999999982	17.1347
15.199999999999982	12.3383
15.299999999999981	11.2545
15.399999999999981	6.8714
15.49999999999998	6.76245
15.59999999999998	5.57302
15.69999999999998	11.4799
15.799999999999979	8.18754
15.899999999999979	11.3739
15.999999999999979	8.21722
16.09999999999998	7.26763
16.199999999999982	4.9276
16.299999999999983	11.0951
16.399999999999984	17.6513
16.499999999999986	6.75047
16.599999999999987	13.1239
16.699999999999989	8.92393
16.79999999999999	6.40621
16.899999999999991	5.78001
16.999999999999993	6.44775
17.099999999999994	7.43298
17.199999999999996	12.9541
17.299999999999997	11.3365
17.399999999999999	9.53919
17.5	7.54082
17.600000000000001	8.08611
17.700000000000003	13.5611
17.800000000000004	10.9925
17.900000000000006	8.44489
18.000000000000007	6.59235
18.100000000000009	5.47655
18.20000000000001	10.4232
18.300000000000011	9.44173
18.400000000000013	9.21411
18.500000000000014	8.17037
18.600000000000016	14.6746
18.700000000000017	20.3389
18.800000000000018	11.6178
18.90000000000002	18.0947
19.000000000000021	13.4258
19.100000000000023	9.81002
19.200000000000024	15.3194
19.300000000000026	8.73322
19.400000000000027	6.65937
19.500000000000028	5.49664
19.60000000000003	3.48039
19.700000000000031	3.48039
19.800000000000033	4.33944
19.900000000000034	9.67696
20.000000000000036	5.47191
20.100000000000037	10.9839
20.200000000000038	10.0339
20.30000000000004	16.4674
20.400000000000041	10.6262
20.500000000000043	17.1872
20.600000000000044	9.87043
20.700000000000045	8.07715
20.800000000000047	14.1352
20.900000000000048	9.65411
21.00000000000005	16.1778
21.100000000000051	9.5641
21.200000000000053	5.60427
21.300000000000054	8.23389
21.400000000000055	7.03214
21.500000000000057	6.04325
21.600000000000058	5.59333
21.70000000000006	11.7488
21.800000000000061	6.82246
21.900000000000063	5.73669
22.000000000000064	6.06041
22.100000000000065	4.78736
22.200000000000067	6.03316
22.300000000000068	6.94564
22.40000000000007	6.03242
22.500000000000071	12.2926
22.600000000000072	9.51592
22.700000000000074	6.72904
22.800000000000075	6.21003
22.900000000000077	11.5408
23.000000000000078	17.9898
23.10000000000008	14.331
23.200000000000081	8.23887
23.300000000000082	8.95808
23.400000000000084	6.37577
23.500000000000085	5.36599
23.600000000000087	9.34637
23.700000000000088	6.43576
23.80000000000009	6.43576
23.900000000000091	2
24.000000000000092	7.343
24.100000000000094	7.3802
24.200000000000095	3.06195
24.300000000000097	3.58313
24.400000000000098	8.10378
24.500000000000099	14.5002
24.600000000000101	10.5315
24.700000000000102	5.13821
24.800000000000104	11.3667
24.900000000000105	2.35185
25.000000000000107	3.35185
25.100000000000108	3.35185
25.200000000000109	5.19763
25.300000000000111	11.4811
25.400000000000112	8.27923
25.500000000000114	13.7497
25.600000000000115	7.57374
25.700000000000117	13.8553
25.800000000000118	8.57587
25.900000000000119	8.57587
26.000000000000121	4.25
26.100000000000122	9.53319
26.200000000000124	8.28014
26.300000000000125	7.05986
26.400000000000126	5.53706
26.500000000000128	5.17908
26.600000000000129	7.95345
26.700000000000131	6.1174
26.800000000000132	3.37349
26.900000000000134	7.62988
27.000000000000135	6.014
27.100000000000136	11.0808
27.200000000000138	3.90135
27.300000000000139	4.63433
27.400000000000141	4.24532
27.500000000000142	9.53115
27.600000000000144	7.49145
27.700000000000145	6.75861
27.800000000000146	6.75861
27.900000000000148	6.75861
28.000000000000149	6.77034
28.100000000000151	6.03948
28.200000000000152	5.50182
28.300000000000153	9.42411
28.400000000000155	3.71906
28.500000000000156	9.52828
28.600000000000158	6.72932
28.700000000000159	5.24352
28.800000000000161	6.0569
28.900000000000162	6.37704
29.000000000000163	6.04296
29.100000000000165	4.94087
29.200000000000166	10.1558
29.300000000000168	9.15331
29.400000000000169	2.71781
29.500000000000171	8.63569
29.600000000000172	6.5411
29.700000000000173	5.29539
29.800000000000175	5.64694
29.900000000000176	4.66137
30.000000000000178	10.9816
30.100000000000179	3.11049
30.20000000000018	3.27086
30.300000000000182	2.93685
30.400000000000183	8.81769
30.500000000000185	2.7665
30.600000000000186	3.59623
30.700000000000188	2.6133
30.800000000000189	8.48781
30.90000000000019	3.29015
31.000000000000192	7.59482
31.100000000000193	3.35048
31.200000000000195	8.49563
31.300000000000196	8.49563
31.400000000000198	1
31.500000000000199	7.91801
31.6000000000002	4.14224
31.700000000000202	5.70171
31.800000000000203	2.2796
31.900000000000205	6.95406
32.000000000000206	5.935
32.100000000000207	4.23032
32.200000000000209	9.2024
32.30000000000021	15.5953
32.400000000000212	8.32585
32.500000000000213	7.09662
32.600000000000215	2.36335
32.700000000000216	3.12245
32.800000000000217	9.2117
32.900000000000219	7.34762
33.00000000000022	6.21523
33.100000000000222	10.351
33.200000000000223	10.0466
33.300000000000225	8.28391
33.400000000000226	6.26738
33.500000000000227	5.97019
33.600000000000229	5.50566
33.70000000000023	3.69494
33.800000000000232	3.69494
33.900000000000233	3.24483
34.000000000000234	2.59882
34.100000000000236	6.76345
34.200000000000237	6.50276
34.300000000000239	2.91629
34.40000000000024	4.11855
34.500000000000242	3.58326
34.600000000000243	5.14082
34.700000000000244	2.3366
34.800000000000246	1.86817
34.900000000000247	1.86817
35.000000000000249	2
35.10000000000025	2.39435
35.200000000000252	5.71331
35.300000000000253	11.6344
35.400000000000254	7.2151
35.500000000000256	2.71264
35.600000000000257	2.85665
35.700000000000259	2.85665
35.80000000000026	1
35.900000000000261	5.39003
36.000000000000263	6.00785
36.100000000000264	5.49324
36.200000000000266	5.67528
36.300000000000267	5.67528
36.400000000000269	4.33944
36.50000000000027	4.33944
36.600000000000271	2
36.700000000000273	3.51143
36.800000000000274	6.55511
36.900000000000276	2.03493
37.000000000000277	3.03493
37.100000000000279	3.03493
37.20000000000028	6.09735
37.300000000000281	11.4811
37.400000000000283	8.89177
37.500000000000284	5.85963
37.600000000000286	10.0439
37.700000000000287	8.42864
37.800000000000288	6.55371
37.90000000000029	6.52883
38.000000000000291	5.43524
38.100000000000293	5.39057
38.200000000000294	2.04891
38.300000000000296	3.39556
38.400000000000297	9.08479
38.500000000000298	14.5948
38.6000000000003	9.09987
38.700000000000301	6.44571
38.800000000000303	7.18486
38.900000000000304	7.13375
39.000000000000306	7.58239
39.100000000000307	7.17053
39.200000000000308	13.2678
39.30000000000031	4.17421
39.400000000000311	10.1154
39.500000000000313	15.1237
39.600000000000314	8.2888
39.700000000000315	8.2888
39.800000000000317	5.50703
39.900000000000318	4.6147
40.00000000000032	5.24706
40.100000000000321	5.10402
40.200000000000323	3.68865
40.300000000000324	3.68485
40.400000000000325	8.14781
40.500000000000327	6.03862
40.600000000000328	12.2956
40.70000000000033	8.88186
40.800000000000331	8.88186
40.900000000000333	8.88186
41.000000000000334	7.11243
41.100000000000335	6.13467
41.200000000000337	6.06092
41.300000000000338	1.44753
41.40000000000034	1.44753
41.500000000000341	2.9
41.600000000000342	8.80618
41.700000000000344	6.36907
41.800000000000345	5.45682
41.900000000000347	8.13517
42.000000000000348	6.46095
42.10000000000035	6.02364
42.200000000000351	7.90946
42.300000000000352	7.90946
42.400000000000354	4.63158
42.500000000000355	9.28201
42.600000000000357	8.25365
42.700000000000358	8.31684
42.80000000000036	7.79191
42.900000000000361	7.49708
43.000000000000362	5.11478
43.100000000000364	5.11478
43.200000000000365	2.9
43.300000000000367	8.80618
43.400000000000368	7.72693
43.500000000000369	6.99088
43.600000000000371	13.0959
43.700000000000372	8.08881
43.800000000000374	6.30433
43.900000000000375	5.75218
44.000000000000377	9.14087
44.100000000000378	7.68916
44.200000000000379	5.74373
44.300000000000381	11.1201
44.400000000000382	17.5532
44.500000000000384	13.3183
44.600000000000385	6.77113
44.700000000000387	5.70908
44.800000000000388	4.81328
44.900000000000389	5.35817
45.000000000000391	9.01309
45.100000000000392	9.01309
45.200000000000394	4.92064
45.300000000000395	5.40662
45.400000000000396	5.40309
45.500000000000398	11.7464
45.600000000000399	9.48098
45.700000000000401	7.11377
45.800000000000402	12.537
45.900000000000404	11.2418
46.000000000000405	10.4492
46.100000000000406	4.49458
46.200000000000408	10.4429
46.300000000000409	7.28061
46.400000000000411	7.2609
46.500000000000412	13.6879
46.600000000000414	12.0586
46.700000000000415	9.57247
46.800000000000416	5.47437
46.900000000000418	7.10467
47.000000000000419	5.74096
47.100000000000421	6.3019
47.200000000000422	7.14304
47.300000000000423	6.00662
47.400000000000425	5.30692
47.500000000000426	4.38884
47.600000000000428	4.63736
47.700000000000429	8.12862
47.800000000000431	7.6219
47.900000000000432	6.72056
48.000000000000433	12.1558
48.100000000000435	7.24785
48.200000000000436	5.81384
48.300000000000438	6.19932
48.400000000000439	3.31019
48.500000000000441	8.82944
48.600000000000442	14.983
48.700000000000443	7.49149
48.800000000000445	6.46961
48.900000000000446	12.9829
49.000000000000448	19.467
49.100000000000449	10.5738
49.20000000000045	16.1936
49.300000000000452	9.25156
49.400000000000453	9.25156
49.500000000000455	4.48529
49.600000000000456	4.34202
49.700000000000458	10.5714
49.800000000000459	5.69714
49.90000000000046	5.69714
50.000000000000462	5.19763
50.100000000000463	4.83848
50.200000000000465	9.70128
50.300000000000466	4.00533
50.400000000000468	10.1482
50.500000000000469	9.03601
50.60000000000047	14.4957
50.700000000000472	4.4759
50.800000000000473	9.20677
50.900000000000475	5.9797
51.000000000000476	4.67785
51.100000000000477	4.00524
51.200000000000479	5.2075
51.30000000000048	5.14611
51.400000000000482	4.83265
51.500000000000483	5.13935
51.600000000000485	3.2968
51.700000000000486	2.51522
51.800000000000487	2.51522
51.900000000000489	2.9
52.00000000000049	8.45624
52.100000000000492	8.05148
52.200000000000493	7.8916
52.300000000000495	2.99991
52.400000000000496	8.48913
52.500000000000497	3.1168
52.600000000000499	6.51713
52.7000000000005	6.73523
52.800000000000502	4.28974
52.900000000000503	4.28974
53.000000000000504	2.9
53.100000000000506	8.21454
53.200000000000507	7.0715
53.300000000000509	7.0715
53.40000000000051	7.0715
53.500000000000512	2.65635
53.600000000000513	2.02385
53.700000000000514	2.79153
53.800000000000516	3.55853
53.900000000000517	3.45764
54.000000000000519	5.10875
54.10000000000052	4.60149
54.200000000000522	8.35335
54.300000000000523	7.33974
54.400000000000524	13.7296
54.500000000000526	8.90242
54.600000000000527	8.23322
54.700000000000529	5.80902
54.80000000000053	7.57772
54.900000000000531	5.44994
55.000000000000533	11.509
55.100000000000534	4.35647
55.200000000000536	9.68445
55.300000000000537	9.02754
55.400000000000539	15.4284
55.50000000000054	9.64831
55.600000000000541	6.69737
55.700000000000543	4.98134
55.800000000000544	9.24334
55.900000000000546	2.93824
56.000000000000547	2.7973
56.100000000000549	2.76275
56.20000000000055	6.03673
56.300000000000551	6.54716
56.400000000000553	5.59924
56.500000000000554	8.70619
56.600000000000556	4.11081
56.700000000000557	8.09865
56.800000000000558	6.2855
56.9000000000005