10	1
10.1	1
10.199999999999999	1
10.299999999999999	1
10.399999999999999	1
10.499999999999998	1
10.599999999999998	1
10.699999999999998	1
10.799999999999997	1
10.899999999999997	1
10.999999999999996	1
11.099999999999996	1
11.199999999999996	1
11.299999999999995	1
11.399999999999995	1
11.499999999999995	1
11.599999999999994	1
11.699999999999994	1
11.799999999999994	1
11.899999999999993	1
11.999999999999993	1
12.099999999999993	1
12.199999999999992	1
12.299999999999992	1
12.399999999999991	1
12.499999999999991	1
12.599999999999991	1
12.69999999999999	1
12.79999999999999	1
12.89999999999999	1
12.999999999999989	1
13.099999999999989	1
13.199999999999989	1
13.299999999999988	1
13.399999999999988	1
13.499999999999988	1
13.599999999999987	1
13.699999999999987	1
13.799999999999986	1
13.899999999999986	1
13.999999999999986	1
14.099999999999985	1
14.199999999999985	1
14.299999999999985	1
14.399999999999984	1
14.499999999999984	1
14.599999999999984	1
14.699999999999983	1
14.799999999999983	1
14.899999999999983	1
14.999999999999982	1
15.099999999999982	1
15.199999999999982	1
15.299999999999981	1
15.399999999999981	1
15.49999999999998	1
15.59999999999998	1
15.69999999999998	1
15.799999999999979	1
15.899999999999979	1
15.999999999999979	1
16.09999999999998	1
16.199999999999982	1
16.299999999999983	1
16.399999999999984	1
16.499999999999986	1
16.599999999999987	1
16.699999999999989	1
16.79999999999999	1
16.899999999999991	1
16.999999999999993	1
17.099999999999994	1
17.199999999999996	1
17.299999999999997	1
17.399999999999999	1
17.5	1
17.600000000000001	1
17.700000000000003	1
17.800000000000004	1
17.900000000000006	1
18.000000000000007	1
18.100000000000009	1
18.20000000000001	1
18.300000000000011	1
18.400000000000013	1
18.500000000000014	1
18.600000000000016	1
18.700000000000017	1
18.800000000000018	1
18.90000000000002	1
19.000000000000021	1
19.100000000000023	1
19.200000000000024	1
19.300000000000026	1
19.400000000000027	1
19.500000000000028	1
19.60000000000003	1
19.700000000000031	2
19.800000000000033	4
19.900000000000034	8
20.000000000000036	8
20.100000000000037	16
20.200000000000038	16
20.30000000000004	16
20.400000000000041	1
20.500000000000043	3
20.600000000000044	3
20.700000000000045	6
20.800000000000047	8.4888
20.900000000000048	8.83744
21.00000000000005	9.17266
21.100000000000051	10.1112
21.200000000000053	11.0601
21.300000000000054	11.0601
21.400000000000055	11.7638
21.500000000000057	5.88192
21.600000000000058	5.88192
21.70000000000006	6.68783
21.800000000000061	7.53977
21.900000000000063	7.53977
22.000000000000064	8.42377
22.100000000000065	9.33074
22.200000000000067	9.54387
22.300000000000068	10.2546
22.40000000000007	11.1913
22.500000000000071	12.1378
22.600000000000072	12.1378
22.700000000000074	13.0921
22.800000000000075	13.9091
22.900000000000077	13.9091
23.000000000000078	6.95456
23.10000000000008	7.64602
23.200000000000081	7.64602
23.300000000000082	8.51883
23.400000000000084	9.41655
23.500000000000085	9.83438
23.600000000000087	10.3327
23.700000000000088	11.2628
23.80000000000009	12.2038
23.900000000000091	12.2038
24.000000000000092	12.9998
24.100000000000094	6.49991
24.200000000000095	6.49991
24.300000000000097	6.49991
24.400000000000098	7.23583
24.500000000000099	7.23583
24.600000000000101	8.15338
24.700000000000102	9.08773
24.800000000000104	9.41394
24.900000000000105	10.0343
25.000000000000107	10.8056
25.100000000000108	5.4028
25.200000000000109	5.4028
25.300000000000111	5.4028
25.400000000000112	5.94025
25.500000000000114	5.94025
25.600000000000115	6.73902
25.700000000000117	7.5851
25.800000000000118	7.5851
25.900000000000119	8.4643
26.000000000000121	9.3673
26.100000000000122	10.1897
26.200000000000124	10.2879
26.300000000000125	11.2218
26.400000000000126	12.1659
26.500000000000128	12.1659
26.600000000000129	12.8867
26.700000000000131	6.44334
26.800000000000132	6.44334
26.900000000000134	6.44334
27.000000000000135	7.18518
27.100000000000136	7.18518
27.200000000000138	8.10856
27.300000000000139	9.0476
27.400000000000141	9.0476
27.500000000000142	9.99798
27.600000000000144	10.8648
27.700000000000145	11.7525
27.800000000000146	11.7525
27.900000000000148	12.6569
28.000000000000149	6.44622
28.100000000000151	6.44622
28.200000000000152	6.44622
28.300000000000153	6.44622
28.400000000000155	1
28.500000000000156	2
28.600000000000158	3
28.700000000000159	3
28.800000000000161	4.40454
28.900000000000162	5.25165
29.000000000000163	6.14322
29.100000000000165	6.14322
29.200000000000166	7.0626
29.300000000000168	8.00038
29.400000000000169	8.00038
29.500000000000171	8.95093
29.600000000000172	4.53132
29.700000000000173	4.53132
29.800000000000175	4.53132
29.900000000000176	4.53132
30.000000000000178	1
30.100000000000179	2.9
30.20000000000018	3.55301
30.300000000000182	4.33944
30.400000000000183	4.56988
30.500000000000185	5.39003
30.600000000000186	6.09735
30.700000000000188	6.26135
30.800000000000189	7.16526
30.90000000000019	7.96541
31.000000000000192	7.96541
31.100000000000193	3.9827
31.200000000000195	4.23379
31.300000000000196	4.23379
31.400000000000198	5.11055
31.500000000000199	6.02369
31.6000000000002	6.95924
31.700000000000202	6.95924
31.800000000000203	3.62186
31.900000000000205	3.62186
32.000000000000206	3.62186
32.100000000000207	1
32.200000000000209	1
32.30000000000021	2
32.400000000000212	2.5
32.500000000000213	2.9
32.600000000000215	3.55301
32.700000000000216	4.33944
32.800000000000217	4.33944
32.900000000000219	5.19763
33.00000000000022	6.09735
33.100000000000222	7.02286
33.200000000000223	7.02286
33.300000000000225	7.96541
33.400000000000226	8.80618
33.500000000000227	8.80618
33.600000000000229	9.36003
33.70000000000023	4.68001
33.800000000000232	4.68001
33.900000000000233	4.68001
34.000000000000234	5.29419
34.100000000000236	5.29419
34.200000000000237	6.17944
34.300000000000239	7.09402
34.40000000000024	3.54701
34.500000000000242	3.54701
34.600000000000243	3.54701
34.700000000000244	3.54701
34.800000000000246	3.54701
34.900000000000247	1
35.000000000000249	2
35.10000000000025	2
35.200000000000252	2.5
35.300000000000253	3.55301
35.400000000000254	3.55301
35.500000000000256	4.33944
35.600000000000257	5.19763
35.700000000000259	5.92867
35.80000000000026	5.92867
35.900000000000261	2.96434
36.000000000000263	3.30168
36.100000000000264	3.30168
36.200000000000266	4.13958
36.300000000000267	5.03355
36.400000000000269	5.03355
36.50000000000027	5.95888
36.600000000000271	6.75539
36.700000000000273	6.75539
36.800000000000274	7.59962
36.900000000000276	8.47729
37.000000000000277	9.16202
37.100000000000279	9.16202
37.20000000000028	4.58101
37.300000000000281	4.58101
37.400000000000283	4.58101
37.500000000000284	5.00767
37.600000000000286	5.93717
37.700000000000287	5.93717
37.800000000000288	6.73631
37.90000000000029	7.5827
38.000000000000291	7.5827
38.100000000000293	8.46215
38.200000000000294	9.36536
38.300000000000296	10.2861
38.400000000000297	10.2861
38.500000000000298	11.2201
38.6000000000003	5.69885
38.700000000000301	5.69885
38.800000000000303	5.69885
38.900000000000304	5.69885
39.000000000000306	1
39.100000000000307	2
39.200000000000308	2.5
39.30000000000031	2.5
39.400000000000311	2.9
39.500000000000313	1.45
39.600000000000314	2.45
39.700000000000315	2.45
39.800000000000317	3.20804
39.900000000000318	4.06676
40.00000000000032	4.06676
40.100000000000321	4.97446
40.200000000000323	5.73499
40.300000000000324	5.73499
40.400000000000325	6.55944
40.500000000000327	7.00663
40.600000000000328	7.00663
40.70000000000033	3.50332
40.800000000000331	4.29945
40.900000000000333	5.16458
41.000000000000334	5.16458
41.100000000000335	6.06935
41.200000000000337	6.99865
41.300000000000338	6.99865
41.40000000000034	7.81618
41.500000000000341	8.67164
41.600000000000342	8.67164
41.700000000000344	9.55484
41.800000000000345	10.4588
41.900000000000347	10.4588
42.000000000000348	11.3785
42.10000000000035	5.948
42.200000000000351	5.948
42.300000000000352	5.948
42.400000000000354	5.948
42.500000000000355	2
42.600000000000357	2
42.700000000000358	2.5
42.80000000000036	3.83446
42.900000000000361	3.83446
43.000000000000362	4.56988
43.100000000000364	5.39003
43.200000000000365	5.39003
43.300000000000367	6.26135
43.400000000000368	7.16526
43.500000000000369	7.16526
