10	1
10.1	1
10.199999999999999	2
10.299999999999999	5.3561
10.399999999999999	4.33517
10.499999999999998	5.17613
10.599999999999998	10.5599
10.699999999999998	16.1846
10.799999999999997	22.9846
10.899999999999997	13.9327
10.999999999999996	9.03828
11.099999999999996	14.4971
11.199999999999996	12.1672
11.299999999999995	8.75222
11.399999999999995	11.8705
11.499999999999995	18.367
11.599999999999994	12.2513
11.699999999999994	17.9018
11.799999999999994	11.3029
11.899999999999993	6.85473
11.999999999999993	6.85473
12.099999999999993	3
12.199999999999992	8.48916
12.299999999999992	7.37809
12.399999999999991	6.30427
12.499999999999991	4.47486
12.599999999999991	4.09523
12.69999999999999	10.1831
12.79999999999999	6.40165
12.89999999999999	11.2047
12.999999999999989	2.89042
13.099999999999989	3.12857
13.199999999999989	2.75556
13.299999999999988	2.24177
13.399999999999988	4.19696
13.499999999999988	4.39446
13.599999999999987	9.38512
13.699999999999987	3.52163
13.799999999999986	4.22178
13.899999999999986	6.95207
13.999999999999986	4.76047
14.099999999999985	4.76047
14.199999999999985	2.9
14.299999999999985	8.80618
14.399999999999984	14.2841
14.499999999999984	9.4486
14.599999999999984	6.96056
14.699999999999983	13.2324
14.799999999999983	19.0121
14.899999999999983	24.6925
14.999999999999982	8.46645
15.099999999999982	12.3312
15.199999999999982	18.0677
15.299999999999981	11.2346
15.399999999999981	17.8516
15.49999999999998	6.28518
15.59999999999998	9.37587
15.69999999999998	16.0139
15.799999999999979	10.9685
15.899999999999979	16.4534
15.999999999999979	9.31179
16.09999999999998	6.26513
16.199999999999982	11.3069
16.299999999999983	9.04971
16.399999999999984	6.25461
16.499999999999986	5.33052
16.599999999999987	9.3263
16.699999999999989	6.4285
16.79999999999999	11.4852
16.899999999999991	8.13551
16.999999999999993	5.15813
17.099999999999994	10.2616
17.199999999999996	8.66807
17.299999999999997	14.0578
17.399999999999999	9.56464
17.5	7.17443
17.600000000000001	4.04953
17.700000000000003	6.23209
17.800000000000004	6.19821
17.900000000000006	7.05466
18.000000000000007	6.78423
18.100000000000009	5.01046
18.20000000000001	11.1315
18.300000000000011	8.79094
18.400000000000013	14.2747
18.500000000000014	9.51388
18.600000000000016	15.9069
18.700000000000017	10.6692
18.800000000000018	6.78624
18.90000000000002	3.4668
19.000000000000021	7.40231
19.100000000000023	6.18254
19.200000000000024	5.43882
19.300000000000026	5.34469
19.400000000000027	7.13148
19.500000000000028	5.34666
19.60000000000003	5.34714
19.700000000000031	4.39014
19.800000000000033	4.39014
19.900000000000034	2
20.000000000000036	7.44171
20.100000000000037	13.0362
20.200000000000038	8.95404
20.30000000000004	15.3204
20.400000000000041	8.28844
20.500000000000043	11.8769
20.600000000000044	8.44709
20.700000000000045	11.5615
20.800000000000047	7.31274
20.900000000000048	11.3984
21.00000000000005	8.40958
21.100000000000051	6.59558
21.200000000000053	5.58572
21.300000000000054	11.0403
21.400000000000055	7.21381
21.500000000000057	12.5137
21.600000000000058	8.98549
21.70000000000006	6.38538
21.800000000000061	11.8911
21.900000000000063	3.79462
22.000000000000064	7.14457
22.100000000000065	5.52182
22.200000000000067	11.0085
22.300000000000068	7.23639
22.40000000000007	12.5267
22.500000000000071	9.19053
22.600000000000072	14.5233
22.700000000000074	8.76233
22.800000000000075	10.5339
22.900000000000077	3.76816
23.000000000000078	3.11095
23.10000000000008	4.70176
23.200000000000081	4.92419
23.300000000000082	4.38268
23.400000000000084	7.60049
23.500000000000085	4.848
23.600000000000087	4.54105
23.700000000000088	4.53119
23.80000000000009	9.96644
23.900000000000091	7.2772
24.000000000000092	12.8659
24.100000000000094	8.88615
24.200000000000095	6.37169
24.300000000000097	4.97614
24.400000000000098	9.97321
24.500000000000099	7.29
24.600000000000101	13.7762
24.700000000000102	10.9034
24.800000000000104	8.00689
24.900000000000105	2.24417
25.000000000000107	3.38818
25.100000000000108	3.38818
25.200000000000109	5.19763
25.300000000000111	10.5704
25.400000000000112	7.03597
25.500000000000114	9.68643
25.600000000000115	8.05277
25.700000000000117	13.3174
25.800000000000118	8.23963
25.900000000000119	6.15396
26.000000000000121	11.5978
26.100000000000122	8.20571
26.200000000000124	7.98721
26.300000000000125	6.18362
26.400000000000126	6.29813
26.500000000000128	11.8449
26.600000000000129	10.2739
26.700000000000131	15.9999
26.800000000000132	8.91776
26.900000000000134	8.91776
27.000000000000135	4
27.100000000000136	4.14552
27.200000000000138	5.79023
27.300000000000139	7.43992
27.400000000000141	5.42522
27.500000000000142	10.5881
27.600000000000144	7.76044
27.700000000000145	7.62508
27.800000000000146	7.15385
27.900000000000148	5.4682
28.000000000000149	4.95665
28.100000000000151	3.9221
28.200000000000152	4.37901
28.300000000000153	9.69438
28.400000000000155	3.10644
28.500000000000156	3.40798
28.600000000000158	3.70141
28.700000000000159	3.70141
28.800000000000161	4.78871
28.900000000000162	5.71331
29.000000000000163	10.9222
29.100000000000165	9.81919
29.200000000000166	3.51232
29.300000000000168	3.64288
29.400000000000169	3.67379
29.500000000000171	7.63168
29.600000000000172	5.44519
29.700000000000173	11.8505
29.800000000000175	7.95791
29.900000000000176	13.2605
30.000000000000178	5.71732
30.100000000000179	3.70643
30.20000000000018	5.30144
30.300000000000182	4.07865
30.400000000000183	5.04134
30.500000000000185	4.92316
30.600000000000186	3.52742
30.700000000000188	4.25319
30.800000000000189	2.56324
30.90000000000019	2.187
31.000000000000192	5.45394
31.100000000000193	4.85614
31.200000000000195	4.01748
31.300000000000196	3.70008
31.400000000000198	5.66816
31.500000000000199	5.43243
31.6000000000002	5.09251
31.700000000000202	4.6602
31.800000000000203	4.13214
31.900000000000205	6.75092
32.000000000000206	12.1724
32.100000000000207	3.20446
32.200000000000209	9.01807
32.30000000000021	6.99583
32.400000000000212	11.7244
32.500000000000213	10.7206
32.600000000000215	7.12773
32.700000000000216	5.18255
32.800000000000217	4.28274
32.900000000000219	10.0602
33.00000000000022	6.66125
33.100000000000222	10.2374
33.200000000000223	3.49941
33.300000000000225	9.55346
33.400000000000226	15.1569
33.500000000000227	10.9671
33.600000000000229	7.49315
33.70000000000023	7.49315
33.800000000000232	2
33.900000000000233	6.46458
34.000000000000234	6.56545
34.100000000000236	12.0714
34.200000000000237	7.7889
34.300000000000239	5.32695
34.40000000000024	10.7277
34.500000000000242	7.73881
34.600000000000243	6.44986
34.700000000000244	4.79585
34.800000000000246	7.30945
34.900000000000247	5.47345
35.000000000000249	3.08547
35.10000000000025	2.94344
35.200000000000252	4.34534
35.300000000000253	4.57265
35.400000000000254	8.69255
35.500000000000256	2.69774
35.600000000000257	7.76968
35.700000000000259	4.31491
35.80000000000026	4.31491
35.900000000000261	4.33944
36.000000000000263	3.51143
36.100000000000264	3.50129
36.200000000000266	8.06915
36.300000000000267	2.7659
36.400000000000269	6.52201
36.50000000000027	5.23356
36.600000000000271	3.93072
36.700000000000273	9.07196
36.800000000000274	5.20671
36.900000000000276	8.46175
37.000000000000277	6.48132
37.100000000000279	8.84996
37.20000000000028	8.01144
37.300000000000281	5.62415
37.400000000000283	4.24403
37.500000000000284	6.03079
37.600000000000286	5.1986
37.700000000000287	10.5708
37.800000000000288	8.01911
37.90000000000029	6.27381
38.000000000000291	12.3305
38.100000000000293	9.94736
38.200000000000294	4.42111
38.300000000000296	10.6977
38.400000000000297	8.42121
38.500000000000298	14.051
38.6000000000003	10.0084
38.700000000000301	7.99003
38.800000000000303	13.355
38.900000000000304	9.9736
39.000000000000306	9.0534
39.100000000000307	14.5754
39.200000000000308	4.32204
39.30000000000031	3.92151
39.400000000000311	10.0165
39.500000000000313	7.99256
39.600000000000314	13.3565
39.700000000000315	10.4642
39.800000000000317	8.07889
39.900000000000318	13.5569
40.00000000000032	9.02879
40.100000000000321	6.21579
40.200000000000323	6.99801
40.300000000000324	5.62093
40.400000000000325	6.13655
40.500000000000327	11.5018
40.600000000000328	3.24748
40.70000000000033	6.57806
40.800000000000331	13.0368
40.900000000000333	8.528
41.000000000000334	7.32155
41.100000000000335	6.24786
41.200000000000337	5.42198
41.300000000000338	5.42198
41.40000000000034	1
41.500000000000341	2.69501
41.600000000000342	6.94558
41.700000000000344	12.2807
41.800000000000345	7.7071
41.900000000000347	14.0714
42.000000000000348	10.9728
42.10000000000035	9.11372
42.200000000000351	4.08554
42.300000000000352	4.07755
42.400000000000354	4.10297
42.500000000000355	9.03526
42.600000000000357	6.7115
42.700000000000358	4.22125
42.80000000000036	8.63397
42.900000000000361	6.14206
43.000000000000362	6.30488
43.100000000000364	6.30488
43.200000000000365	2
43.300000000000367	7.61288
43.400000000000368	5.43864
43.500000000000369	5.42091
43.600000000000371	10.6804
43.700000000000372	6.49216
43.800000000000374	4.86198
43.900000000000375	7.35245
44.000000000000377	3.30044
44.100000000000378	3.60343
44.200000000000379	3.60343
44.300000000000381	5.19763
44.400000000000382	5.04195
44.500000000000384	10.0057
44.600000000000385	5.19983
44.700000000000387	10.5714
44.800000000000388	7.90821
44.900000000000389	6.3726
45.000000000000391	4.77014
45.100000000000392	8.2039
45.200000000000394	6.04315
45.300000000000395	5.02576
45.400000000000396	8.35301
45.500000000000398	6.96935
45.600000000000399	11.1825
45.700000000000401	6.65625
45.800000000000402	4.01545
45.900000000000404	10.1521
46.000000000000405	7.16608
46.100000000000406	9.98433
46.200000000000408	6.28327
46.300000000000409	3.86291
46.400000000000411	9.04361
46.500000000000412	14.5004
46.600000000000414	10.9919
46.700000000000415	8.11191
46.800000000000416	9.59018
46.900000000000418	9.22205
47.000000000000419	6.84549
47.100000000000421	6.84549
47.200000000000422	1
47.300000000000423	1
47.400000000000425	1
47.500000000000426	1
47.600000000000428	2
47.700000000000429	6.09735
47.800000000000431	3.58263
47.900000000000432	3.72772
48.000000000000433	8.1667
48.100000000000435	6.06408
48.200000000000436	4.23612
48.300000000000438	5.03555
48.400000000000439	10.2995
48.500000000000441	8.48013
48.600000000000442	7.19898
48.700000000000443	6.2265
48.800000000000445	11.7221
48.900000000000446	7.3453
49.000000000000448	6.91597
49.100000000000449	3.02204
49.20000000000045	3.02204
49.300000000000452	1
49.400000000000453	6.09735
49.500000000000455	2.55088
49.600000000000456	2.90903
49.700000000000458	2.78011
49.800000000000459	3.41529
49.90000000000046	8.15802
50.000000000000462	6.10242
50.100000000000463	10.1861
50.200000000000465	3.94503
50.300000000000466	9.078
50.400000000000468	5.9304
50.500000000000469	4.89067
50.60000000000047	10.0322
50.700000000000472	7.19602
50.800000000000473	12.423
50.900000000000475	7.00808
51.000000000000476	5.90845
51.100000000000477	10.8407
51.200000000000479	6.327
51.30000000000048	6.33767
51.400000000000482	4.87064
51.500000000000483	4.59253
51.600000000000485	7.9782
51.700000000000486	14.1502
51.800000000000487	9.09746
51.900000000000489	5.89543
52.00000000000049	5.73207
52.100000000000492	2.95326
52.200000000000493	7.04387
52.300000000000495	5.70527
52.400000000000496	11.9707
52.500000000000497	17.3687
52.600000000000499	8.94007
52.7000000000005	8.94007
52.800000000000502	2.65951
52.900000000000503	6.78541
53.000000000000504	12.0257
53.100000000000506	11.26
53.200000000000507	7.96315
53.300000000000509	5.99632
53.40000000000051	8.26316
53.500000000000512	3.9849
53.600000000000513	8.87089
53.700000000000514	8.50492
53.800000000000516	4.14489
53.900000000000517	7.33217
54.000000000000519	3.40313
54.10000000000052	8.51572
54.200000000000522	7.12451
54.300000000000523	7.12451
54.400000000000524	5.19812
54.500000000000526	4.73357
54.600000000000527	8.7768
54.700000000000529	5.23823
54.80000000000053	5.96731
54.900000000000531	3.73619
55.000000000000533	7.79156
55.100000000000534	7.0557
55.200000000000536	6.0782
55.300000000000537	6.27875
55.400000000000539	4.29356
55.50000000000054	3.70778
55.600000000000541	5.49096
55.700000000000543	5.49096
55.800000000000544	1
55.900000000000546	6.09735
56.000000000000547	11.4811
56.100000000000549	7.35612
56.20000000000055	3.40973
56.300000000000551	8.03128
