10	1
10.1	1
10.199999999999999	1
10.299999999999999	1
10.399999999999999	1
10.499999999999998	1
10.599999999999998	1
10.699999999999998	1
10.799999999999997	1
10.899999999999997	1
10.999999999999996	1
11.099999999999996	1
11.199999999999996	1
11.299999999999995	1
11.399999999999995	1
11.499999999999995	1
11.599999999999994	1
11.699999999999994	1
11.799999999999994	1
11.899999999999993	1
11.999999999999993	1
12.099999999999993	1
12.199999999999992	1
12.299999999999992	1
12.399999999999991	1
12.499999999999991	1
12.599999999999991	1
12.69999999999999	1
12.79999999999999	1
12.89999999999999	1
12.999999999999989	1
13.099999999999989	1
13.199999999999989	1
13.299999999999988	1
13.399999999999988	1
13.499999999999988	1
13.599999999999987	1
13.699999999999987	1
13.799999999999986	1
13.899999999999986	1
13.999999999999986	1
14.099999999999985	1
14.199999999999985	1
14.299999999999985	1
14.399999999999984	1
14.499999999999984	1
14.599999999999984	1
14.699999999999983	1
14.799999999999983	1
14.899999999999983	1
14.999999999999982	1
15.099999999999982	1
15.199999999999982	1
15.299999999999981	1
15.399999999999981	1
15.49999999999998	1
15.59999999999998	1
15.69999999999998	1
15.799999999999979	1
15.899999999999979	1
15.999999999999979	1
16.09999999999998	1
16.199999999999982	1
16.299999999999983	1
16.399999999999984	1
16.499999999999986	1
16.599999999999987	1
16.699999999999989	1
16.79999999999999	1
16.899999999999991	1
16.999999999999993	1
17.099999999999994	1
17.199999999999996	1
17.299999999999997	1
17.399999999999999	1
17.5	1
17.600000000000001	1
17.700000000000003	1
17.800000000000004	1
17.900000000000006	1
18.000000000000007	1
18.100000000000009	1
18.20000000000001	1
18.300000000000011	1
18.400000000000013	1
18.500000000000014	1
18.600000000000016	1
18.700000000000017	1
18.800000000000018	1
18.90000000000002	1
19.000000000000021	1
19.100000000000023	1
19.200000000000024	1
19.300000000000026	1
19.400000000000027	1
19.500000000000028	1
19.60000000000003	1
19.700000000000031	1
19.800000000000033	1
19.900000000000034	1
20.000000000000036	1
20.100000000000037	1
20.200000000000038	1
20.30000000000004	1
20.400000000000041	1
20.500000000000043	1
20.600000000000044	1
20.700000000000045	1
20.800000000000047	1
20.900000000000048	1
21.00000000000005	1
21.100000000000051	1
21.200000000000053	1
21.300000000000054	1
21.400000000000055	1
21.500000000000057	1
21.600000000000058	1
21.70000000000006	1
21.800000000000061	1
21.900000000000063	1
22.000000000000064	1
22.100000000000065	1
22.200000000000067	1
22.300000000000068	1
22.40000000000007	1
22.500000000000071	1
22.600000000000072	1
22.700000000000074	1
22.800000000000075	1
22.900000000000077	1
23.000000000000078	1
23.10000000000008	1
23.200000000000081	1
23.300000000000082	1
23.400000000000084	1
23.500000000000085	1
23.600000000000087	1
23.700000000000088	1
23.80000000000009	1
23.900000000000091	1
24.000000000000092	1
24.100000000000094	1
24.200000000000095	1
24.300000000000097	1
24.400000000000098	1
24.500000000000099	1
24.600000000000101	1
24.700000000000102	1
24.800000000000104	1
24.900000000000105	1
25.000000000000107	1
25.100000000000108	1
25.200000000000109	1
25.300000000000111	1
25.400000000000112	1
25.500000000000114	1
25.600000000000115	1
25.700000000000117	1
25.800000000000118	1
25.900000000000119	1
26.000000000000121	1
26.100000000000122	1
26.200000000000124	1
26.300000000000125	1
26.400000000000126	1
26.500000000000128	1
26.600000000000129	1
26.700000000000131	1
26.800000000000132	1
26.900000000000134	1
27.000000000000135	1
27.100000000000136	1
27.200000000000138	1
27.300000000000139	16
27.400000000000141	23.5
27.500000000000142	23.5
27.600000000000144	4
27.700000000000145	4
27.800000000000146	4
27.900000000000148	4
28.000000000000149	1
28.100000000000151	3.55301
28.200000000000152	7.30482
28.300000000000153	5.60785
28.400000000000155	5.60785
28.500000000000156	8.82646
28.600000000000158	6.14937
28.700000000000159	5.48189
28.800000000000161	9.83062
28.900000000000162	14.3883
29.000000000000163	9.6948
29.100000000000165	14.2961
29.200000000000166	9.31279
29.300000000000168	14.0407
29.400000000000169	8.97193
29.500000000000171	6.96936
29.600000000000172	4.62026
29.700000000000173	9.05698
29.800000000000175	13.6543
29.900000000000176	9.50722
30.000000000000178	6.68449
30.100000000000179	10.35
30.20000000000018	6.39012
30.300000000000182	6.39012
30.400000000000183	2
30.500000000000185	6.306
30.600000000000186	10.9692
30.700000000000188	6.6806
30.800000000000189	11.187
30.90000000000019	15.475
31.000000000000192	8.44931
31.100000000000193	11.5631
31.200000000000195	7.24891
31.300000000000196	11.8762
31.400000000000198	16.2899
31.500000000000199	5.02449
31.6000000000002	9.37424
31.700000000000202	14.0814
31.800000000000203	18.7769
31.900000000000205	11.4811
32.000000000000206	16.1913
32.100000000000207	21.0338
32.200000000000209	12.5758
32.30000000000021	14.5704
32.400000000000212	18.3447
32.500000000000213	11.2776
32.600000000000215	15.1486
32.700000000000216	9.6163
32.800000000000217	14.2432
32.900000000000219	9.10405
33.00000000000022	13.7586
33.100000000000222	18.428
33.200000000000223	12.3768
33.300000000000225	8.8066
33.400000000000226	13.2653
33.500000000000227	7.68569
33.600000000000229	12.2285
33.70000000000023	16.3041
33.800000000000232	10.4412
33.900000000000233	12.4578
34.000000000000234	7.53968
34.100000000000236	11.0103
34.200000000000237	15.607
34.300000000000239	9.5152
34.40000000000024	14.1753
34.500000000000242	18.7942
34.600000000000243	9.3971
34.700000000000244	6.05681
34.800000000000246	10.4516
34.900000000000247	15.1528
35.000000000000249	19.9971
35.10000000000025	10.977
35.200000000000252	5.53406
35.300000000000253	6.54182
35.400000000000254	4.77433
35.500000000000256	5.56328
35.600000000000257	10.0772
35.700000000000259	5.55987
35.80000000000026	9.13311
35.900000000000261	6.43736
36.000000000000263	4.65897
36.100000000000264	9.07643
36.200000000000266	13.5197
36.300000000000267	17.7498
36.400000000000269	11.5527
36.50000000000027	16.2421
36.600000000000271	8.27383
36.700000000000273	5.63178
36.800000000000274	8.95464
36.900000000000276	7.78512
37.000000000000277	5.85274
37.100000000000279	8.98261
37.20000000000028	13.4571
37.300000000000281	17.815
37.400000000000283	22.5302
37.500000000000284	13.5303
37.600000000000286	8.59227
37.700000000000287	13.1245
37.800000000000288	17.9043
37.90000000000029	10.3042
38.000000000000291	7.23653
38.100000000000293	11.8687
38.200000000000294	7.47328
38.300000000000296	12.0969
38.400000000000297	16.8126
38.500000000000298	21.1872
38.6000000000003	10.5936
38.700000000000301	14.1603
38.800000000000303	10.5132
38.900000000000304	15.1953
39.000000000000306	19.8788
39.100000000000307	12.4506
39.200000000000308	16.4102
39.30000000000031	10.7011
39.400000000000311	15.3256
39.500000000000313	20.1283
39.600000000000314	11.9721
39.700000000000315	14.5439
39.800000000000317	19.2823
39.900000000000318	11.0453
40.00000000000032	15.6956
40.100000000000321	10.0863
40.200000000000323	14.6324
40.300000000000324	10.5782
40.400000000000325	15.2402
40.500000000000327	9.78206
40.600000000000328	6.33035
40.70000000000033	10.9831
40.800000000000331	15.5234
40.900000000000333	20.2791
41.000000000000334	12.3253
41.100000000000335	15.7531
41.200000000000337	20.4553
41.300000000000338	11.732
41.40000000000034	6.9608
41.500000000000341	10.2392
41.600000000000342	7.12695
41.700000000000344	4.5008
41.800000000000345	8.65566
41.900000000000347	13.2419
42.000000000000348	8.6929
42.10000000000035	6.57082
42.200000000000351	11.1223
42.300000000000352	15.8132
42.400000000000354	9.97863
42.500000000000355	13.7803
42.600000000000357	17.4967
42.700000000000358	9.77684
42.80000000000036	14.3517
42.900000000000361	9.27671
43.000000000000362	6.21916
43.100000000000364	4.77641
43.200000000000365	9.13623
43.300000000000367	13.5598
43.400000000000368	18.2802
43.500000000000369	11.0305
43.600000000000371	8.13679
43.700000000000372	12.6749
43.800000000000374	17.3484
43.900000000000375	9.81491
44.000000000000377	6.65836
44.100000000000378	11.1739
44.200000000000379	15.8495
44.300000000000381	20.5296
44.400000000000382	13.002
44.500000000000384	8.3861
44.600000000000385	11.604
44.7000000000