10	1
10.1	1
10.199999999999999	1
10.299999999999999	1
10.399999999999999	1
10.499999999999998	1
10.599999999999998	1
10.699999999999998	1
10.799999999999997	1
10.899999999999997	1
10.999999999999996	1
11.099999999999996	1
11.199999999999996	1
11.299999999999995	1
11.399999999999995	1
11.499999999999995	1
11.599999999999994	1
11.699999999999994	1
11.799999999999994	1
11.899999999999993	1
11.999999999999993	1
12.099999999999993	1
12.199999999999992	1
12.299999999999992	1
12.399999999999991	1
12.499999999999991	1
12.599999999999991	1
12.69999999999999	1
12.79999999999999	1
12.89999999999999	1
12.999999999999989	1
13.099999999999989	1
13.199999999999989	1
13.299999999999988	1
13.399999999999988	1
13.499999999999988	1
13.599999999999987	1
13.699999999999987	1
13.799999999999986	1
13.899999999999986	1
13.999999999999986	1
14.099999999999985	1
14.199999999999985	1
14.299999999999985	1
14.399999999999984	1
14.499999999999984	1
14.599999999999984	1
14.699999999999983	1
14.799999999999983	1
14.899999999999983	1
14.999999999999982	1
15.099999999999982	1
15.199999999999982	1
15.299999999999981	1
15.399999999999981	1
15.49999999999998	1
15.59999999999998	1
15.69999999999998	1
15.799999999999979	1
15.899999999999979	1
15.999999999999979	1
16.09999999999998	1
16.199999999999982	1
16.299999999999983	1
16.399999999999984	1
16.499999999999986	1
16.599999999999987	1
16.699999999999989	1
16.79999999999999	1
16.899999999999991	1
16.999999999999993	1
17.099999999999994	1
17.199999999999996	1
17.299999999999997	1
17.399999999999999	1
17.5	1
17.600000000000001	1
17.700000000000003	1
17.800000000000004	1
17.900000000000006	1
18.000000000000007	1
18.100000000000009	1
18.20000000000001	1
18.300000000000011	1
18.400000000000013	1
18.500000000000014	1
18.600000000000016	1
18.700000000000017	1
18.800000000000018	1
18.90000000000002	1
19.000000000000021	1
19.100000000000023	1
19.200000000000024	1
19.300000000000026	1
19.400000000000027	1
19.500000000000028	1
19.60000000000003	1
19.700000000000031	1
19.800000000000033	1
19.900000000000034	1
20.000000000000036	1
20.100000000000037	1
20.200000000000038	1
20.30000000000004	1
20.400000000000041	1
20.500000000000043	1
20.600000000000044	1
20.700000000000045	1
20.800000000000047	1
20.900000000000048	1
21.00000000000005	1
21.100000000000051	1
21.200000000000053	1
21.300000000000054	1
21.400000000000055	1
21.500000000000057	1
21.600000000000058	1
21.70000000000006	1
21.800000000000061	1
21.900000000000063	1
22.000000000000064	1
22.100000000000065	1
22.200000000000067	1
22.300000000000068	1
22.40000000000007	1
22.500000000000071	1
22.600000000000072	1
22.700000000000074	1
22.800000000000075	1
22.900000000000077	1
23.000000000000078	1
23.10000000000008	1
23.200000000000081	1
23.300000000000082	1
23.400000000000084	1
23.500000000000085	1
23.600000000000087	1
23.700000000000088	1
23.80000000000009	1
23.900000000000091	1
24.000000000000092	1
24.100000000000094	1
24.200000000000095	1
24.300000000000097	1
24.400000000000098	1
24.500000000000099	1
24.600000000000101	1
24.700000000000102	1
24.800000000000104	1
24.900000000000105	1
25.000000000000107	1
25.100000000000108	1
25.200000000000109	1
25.300000000000111	1
25.400000000000112	1
25.500000000000114	1
25.600000000000115	1
25.700000000000117	1
25.800000000000118	1
25.900000000000119	1
26.000000000000121	1
26.100000000000122	1
26.200000000000124	1
26.300000000000125	1
26.400000000000126	1
26.500000000000128	1
26.600000000000129	1
26.700000000000131	1
26.800000000000132	1
26.900000000000134	1
27.000000000000135	1
27.100000000000136	1
27.200000000000138	1
27.300000000000139	1
27.400000000000141	1
27.500000000000142	1
27.600000000000144	1
27.700000000000145	1
27.800000000000146	1
27.900000000000148	1
28.000000000000149	1
28.100000000000151	1
28.200000000000152	1
28.300000000000153	1
28.400000000000155	1
28.500000000000156	1
28.600000000000158	1
28.700000000000159	1
28.800000000000161	1
28.900000000000162	1
29.000000000000163	1
29.100000000000165	1
29.200000000000166	1
29.300000000000168	1
29.400000000000169	15
29.500000000000171	3.30964
29.600000000000172	3.30964
29.700000000000173	2.49877
29.800000000000175	2.49877
29.900000000000176	3.55301
30.000000000000178	3.55301
30.100000000000179	4.33944
30.20000000000018	4.56988
30.300000000000182	4.56988
30.400000000000183	2.52507
30.500000000000185	3.36939
30.600000000000186	6.54676
30.700000000000188	3.27338
30.800000000000189	3.27338
30.90000000000019	4.56988
31.000000000000192	4.56988
31.100000000000193	2.49848
31.200000000000195	2.49848
31.300000000000196	5.23744
31.400000000000198	6.99592
31.500000000000199	6.99592
31.6000000000002	3.2464
31.700000000000202	4.48572
31.800000000000203	4.48572
31.900000000000205	6.09735
32.000000000000206	3.35961
32.100000000000207	3.35961
32.200000000000209	3.83446
32.30000000000021	6.20284
32.400000000000212	6.20284
32.500000000000213	6.97286
32.600000000000215	4.58027
32.700000000000216	4.58027
32.800000000000217	6.42106
32.900000000000219	2.90813
33.00000000000022	3.36609
33.100000000000222	3.36609
33.200000000000223	9.14543
33.300000000000225	4.76585
33.400000000000226	4.76585
33.500000000000227	4.76585
33.600000000000229	3.91661
33.70000000000023	3.91661
33.800000000000232	4.47135
33.900000000000233	7.43828
34.000000000000234	4.60603
34.100000000000236	10.4527
34.200000000000237	5.02449
34.300000000000239	5.02449
34.40000000000024	1
34.500000000000242	1
34.600000000000243	1
34.700000000000244	1
34.800000000000246	1.91723
34.900000000000247	1.91723
35.000000000000249	7.02286
35.10000000000025	2.74574
35.200000000000252	2.74574
35.300000000000253	2.5
35.400000000000254	2.5
35.500000000000256	2.5
35.600000000000257	2.5
35.700000000000259	7.46931
35.80000000000026	5.31645
35.900000000000261	7.39713
36.000000000000263	10.4757
36.100000000000264	6.48795
36.200000000000266	6.48795
36.300000000000267	3.33333
36.400000000000269	3.23229
36.50000000000027	3.23229
36.600000000000271	3.24483
36.700000000000273	3.24483
36.800000000000274	3.24483
36.900000000000276	3.24483
37.000000000000277	6.50603
37.100000000000279	2.63277
37.20000000000028	4.75387
37.300000000000281	4.75387
37.400000000000283	3.50704
37.500000000000284	3.50704
37.600000000000286	2
37.700000000000287	2
37.800000000000288	2
37.90000000000029	2
38.000000000000291	4.99753
38.100000000000293	2.49877
38.200000000000294	2.49877
38.300000000000296	1.62241
38.400000000000297	1.62241
38.500000000000298	3.53833
38.6000000000003	6.87013
38.700000000000301	6.87013
38.800000000000303	2.74485
38.900000000000304	2.74485
39.000000000000306	7.02286
39.100000000000307	7.16526
39.200000000000308	7.16526
39.30000000000031	3.33333
39.400000000000311	3.33333
39.500000000000313	3.33333
39.600000000000314	3.33333
39.700000000000315	2.5
39.800000000000317	2.5
39.900000000000318	2.5
40.00000000000032	2.5
40.100000000000321	2.5
40.200000000000323	2.5
40.300000000000324	2.5
40.400000000000325	2.5
40.500000000000327	3.24483
40.600000000000328	3.24483
40.70000000000033	5.87744
40.800000000000331	5.87744
40.900000000000333	4.48323
41.000000000000334	4.40169
41.100000000000335	4.22904
41.200000000000337	4.22904
41.300000000000338	4.22904
41.40000000000034	2.5
41.500000000000341	2.5
41.600000000000342	2.5
41.700000000000344	2.5
41.800000000000345	3.58263
41.900000000000347	3.58263
42.000000000000348	4.23662
42.10000000000035	4.44961
42.200000000000351	4.44961
42.300000000000352	3.24483
42.400000000000354	2.06979
42.500000000000355	2.06979
42.600000000000357	5.62432
42.700000000000358	7.54787
42.80000000000036	7.54787
42.900000000000361	4.40454
43.000000000000362	4.40454
43.100000000000364	4.40454
43.200000000000365	4.40454
43.300000000000367	1
43.400000000000368	2
43.500000000000369	2
43.600000000000371	2
43.700000000000372	2
43.800000000000374	2
43.900000000000375	2
44.000000000000377	2
44.100000000000378	2
44.200000000000379	2.43419
44.300000000000381	2.43419
44.400000000000382	2
44.500000000000384	2
44.600000000000385	2
44.700000000000387	2
44.800000000000388	5.60785
44.900000000000389	2.89309
45.000000000000391	2.89309
45.100000000000392	4.17408
45.200000000000394	4.17408
45.300000000000395	3.78805
45.400000000000396	4.3417
45.500000000000398	5.57729
45.600000000000399	5.57