10	271.418
10.1	282.846
10.199999999999999	293.836
10.299999999999999	14.9906
10.399999999999999	62.5472
10.499999999999998	100.889
10.599999999999998	16.1401
10.699999999999998	15.612
10.799999999999997	28.8909
10.899999999999997	75.9977
10.999999999999996	16.1401
11.099999999999996	29.0091
11.199999999999996	15.1384
11.299999999999995	30.8311
11.399999999999995	18.8102
11.499999999999995	25.2562
11.599999999999994	32.447
11.699999999999994	39.5744
11.799999999999994	32
11.899999999999993	9.03218
11.999999999999993	35.3247
12.099999999999993	21.7915
12.199999999999992	36.549
12.299999999999992	40.3769
12.399999999999991	30.2664
12.499999999999991	25.184
12.599999999999991	3.96174
12.69999999999999	23.4343
12.79999999999999	12.9304
12.89999999999999	8.82593
12.999999999999989	15.3969
13.099999999999989	7.46042
13.199999999999989	14.0972
13.299999999999988	41.8896
13.399999999999988	7.69927
13.499999999999988	7.69927
13.599999999999987	5.07526
13.699999999999987	22.4805
13.799999999999986	6.60317
13.899999999999986	2.84915
13.999999999999986	2.84915
14.099999999999985	24.8715
14.199999999999985	12.4734
14.299999999999985	33.6912
14.399999999999984	15.4791
14.499999999999984	17.9113
14.599999999999984	24.8781
14.699999999999983	31.1471
14.799999999999983	27.987
14.899999999999983	12.027
14.999999999999982	27.1275
15.099999999999982	11.8539
15.199999999999982	7.12481
15.299999999999981	36.1861
15.399999999999981	14.5938
15.49999999999998	16.471
15.59999999999998	22.9467
15.69999999999998	5.20231
15.799999999999979	12.3391
15.899999999999979	9.19081
15.999999999999979	30.1764
16.09999999999998	7.48129
16.199999999999982	18.2219
16.299999999999983	20.6437
16.399999999999984	31.4817
16.499999999999986	19.5346
16.599999999999987	21.2449
16.699999999999989	11.8441
16.79999999999999	11.0208
16.899999999999991	39.6544
16.999999999999993	84.8247
17.099999999999994	9.51529
17.199999999999996	32.3603
17.299999999999997	15.6562
17.399999999999999	15.9556
17.5	15.1672
17.600000000000001	18.9795
17.700000000000003	10.3648
17.800000000000004	12.6597
17.900000000000006	20.9852
18.000000000000007	44.0503
18.100000000000009	6.12328
18.20000000000001	13.1238
18.300000000000011	13.0245
18.400000000000013	4.71716
18.500000000000014	13.4055
18.600000000000016	15.8098
18.700000000000017	13.4468
18.800000000000018	8.48113
18.90000000000002	7.42645
19.000000000000021	16.1285
19.100000000000023	9.21775
19.200000000000024	17.1152
19.300000000000026	23.9322
19.400000000000027	8.9774
19.500000000000028	13.4578
19.60000000000003	24.2111
19.700000000000031	6.10316
19.800000000000033	21.1773
19.900000000000034	10.0738
20.000000000000036	3.95661
20.100000000000037	13.9876
20.200000000000038	12.8698
20.30000000000004	15.888
20.400000000000041	12.879
20.500000000000043	11.3648
20.600000000000044	12.1687
20.700000000000045	13.9965
20.800000000000047	7.98728
20.900000000000048	10.6874
21.00000000000005	3.80459
21.100000000000051	3.80459
21.200000000000053	1.91954
21.300000000000054	1.91954
21.400000000000055	2
21.500000000000057	11.4448
21.600000000000058	5.95245
21.70000000000006	5.57894
21.800000000000061	8.529
21.900000000000063	7.99812
22.000000000000064	6.58273
22.100000000000065	6.58273
22.200000000000067	11.3149
22.300000000000068	9.23316
22.40000000000007	9.16194
22.500000000000071	10.4464
22.600000000000072	11.1141
22.700000000000074	10.1793
22.800000000000075	9.82592
22.900000000000077	11.4771
23.000000000000078	9.81102
23.10000000000008	5.34285
23.200000000000081	5.34285
23.300000000000082	25.3578
23.400000000000084	7.23985
23.500000000000085	7.23985
23.600000000000087	7.99216
23.700000000000088	23.3139
23.80000000000009	14.1209
23.900000000000091	6.21621
24.000000000000092	6.13628
24.100000000000094	4.99662
24.200000000000095	17.6632
24.300000000000097	6.54974
24.400000000000098	9.0318
24.500000000000099	8.64076
24.600000000000101	14.0519
24.700000000000102	8.81002
24.800000000000104	10.4383
24.900000000000105	9.56103
25.000000000000107	10.8527
25.100000000000108	10.7292
25.200000000000109	5.51602
25.300000000000111	5.51602
25.400000000000112	2.37059
25.500000000000114	2.37059
25.600000000000115	5.8452
25.700000000000117	2.95174
25.800000000000118	2.95174
25.900000000000119	3.90126
26.000000000000121	3.90126
26.100000000000122	8.67038
26.200000000000124	11.0412
26.300000000000125	5.86234
26.400000000000126	6.62195
26.500000000000128	10.9977
26.600000000000129	5.19058
26.700000000000131	5.19058
26.800000000000132	10.0993
26.900000000000134	3.69517
27.000000000000135	4.45503
27.100000000000136	4.45503
27.200000000000138	2.04257
27.300000000000139	2.04257
27.400000000000141	5.8618
27.500000000000142	8.32851
27.600000000000144	8.32851
27.700000000000145	1
27.800000000000146	1
27.900000000000148	1
28.000000000000149	1
28.100000000000151	6.61144
28.200000000000152	13.354
28.300000000000153	6.12769
28.400000000000155	6.12769
28.500000000000156	11.9077
28.600000000000158	4.13888
28.700000000000159	4.13888
28.800000000000161	4.22558
28.900000000000162	4.22558
29.000000000000163	4.73343
29.100000000000165	6.45822
29.200000000000166	7.31341
29.300000000000168	7.97057
29.400000000000169	7.97057
29.500000000000171	10.4313
29.600000000000172	7.34961
29.700000000000173	7.34961
29.800000000000175	16.3721
29.900000000000176	4.60349
30.000000000000178	4.60349
30.100000000000179	11.9513
30.20000000000018	14.4006
30.300000000000182	8.99372
30.400000000000183	7.56702
30.500000000000185	7.56702
30.600000000000186	12.9805
30.700000000000188	9.46937
30.800000000000189	9.46937
30.90000000000019	2.9979
31.000000000000192	2.9979
31.100000000000193	2.5
31.200000000000195	2.91685
31.300000000000196	2.91685
31.400000000000198	2.5
31.500000000000199	2.5
31.6000000000002	2.5
31.700000000000202	2.5
31.800000000000203	6.9097
31.900000000000205	6.9097
32.000000000000206	3
32.100000000000207	6.45993
32.200000000000209	6.45993
32.30000000000021	5.26359
32.400000000000212	5.26359
32.500000000000213	3.55301
32.600000000000215	8.09171
32.700000000000216	6.31287
32.800000000000217	10.4399
32.900000000000219	6.95124
33.00000000000022	6.95124
33.100000000000222	3
33.200000000000223	3
33.300000000000225	3
33.400000000000226	3
33.500000000000227	6.33707
33.600000000000229	7.16281
33.70000000000023	5.32507
33.800000000000232	10.2678
33.900000000000233	10.2678
34.000000000000234	7.40826
34.100000000000236	7.40826
34.200000000000237	10.0116
34.300000000000239	12.8852
34.40000000000024	8.22167
34.500000000000242	11.0937
34.600000000000243	5.62619
34.700000000000244	5.62619
34.800000000000246	3.83446
34.900000000000247	3.83446
35.000000000000249	3.83446
35.10000000000025	3.83446
35.200000000000252	2.5
35.300000000000253	2.5
35.400000000000254	2.5
35.500000000000256	2.5
35.600000000000257	2.5
35.700000000000259	2.5
35.80000000000026	2.5
35.900000000000261	2.5
36.000000000000263	11.9066
36.100000000000264	10.5623
36.200000000000266	5.10991
36.300000000000267	10.9555
36.400000000000269	5.62951
36.50000000000027	10.1811
36.600000000000271	10.1811
36.700000000000273	3.5297
36.800000000000274	4.02064
36.900000000000276	4.02064
37.000000000000277	9.27762
37.100000000000279	9.27762
37.20000000000028	5.6937
37.300000000000281	4.82242
37.400000000000283	4.82242
37.500000000000284	3.24483
37.600000000000286	3.24483
37.700000000000287	3.24483
37.800000000000288	3.24483
37.90000000000029	14.2841
38.000000000000291	8.27326
38.100000000000293	7.16301
38.200000000000294	6.26139
38.300000000000296	11.5971
38.400000000000297	13.5431
38.500000000000298	9.1532
38.6000000000003	5.62802
38.700000000000301	7.08186
38.800000000000303	7.16494
38.900000000000304	8.47565
39.000000000000306	2.74518
39.100000000000307	2.74518
39.200000000000308	3.90126
39.30000000000031	3.90126
39.400000000000311	10.2032
39.500000000000313	7.22064
39.600000000000314	5.02304
39.700000000000315	13.7876
39.800000000000317	7.17876
39.900000000000318	7.17876
40.00000000000032	9.67693
40.100000000000321	9.67693
40.200000000000323	8.16862
40.300000000000324	10.0485
40.400000000000325	5.78378
40.500000000000327	12.6556
40.600000000000328	13.5463
40.70000000000033	8.0561
40.800000000000331	7.99639
40.900000000000333	3.2524
41.000000000000334	3.2524
41.100000000000335	4.58041
41.200000000000337	4.58041
41.300000000000338	14.2841
41.40000000000034	6.28219
41.500000000000341	6.28219
41.600000000000342	7.5748
41.700000000000344	8.15407
41.800000000000345	5.31638
41.900000000000347	7.32692
42.000000000000348	9.53654
42.10000000000035	10.013
42.200000000000351	4.15545
42.300000000000352	4.15545
42.400000000000354	5.30531
42.500000000000355	15.3435
42.600000000000357	7.9602
42.700000000000358	7.9602
42.80000000000036	7.97453
42.900000000000361	7.41985
43.000000000000362	7.41985
43.100000000000364	16.2955
43.200000000000365	7.30706
43.300000000000367	5.67273
43.400000000000368	14.063
43.500000000000369	4.4917
43.600000000000371	7.12388
43.700000000000372	5.88851
43.800000000000374	5.88851
43.900000000000375	10.8273
44.000000000000377	14.045
44.100000000000378	9.37484
44.200000000000379	9.37484
44.300000000000381	14.086
44.400000000000382	5.71635
44.500000000000384	9.18137
44.600000000000385	10.6332
44.700000000000387	6.53231
44.800000000000388	6.53231
44.900000000000389	3
45.000000000000391	3
45.100000000000392	3
45.200000000000394	3
45.300000000000395	6.97169
45.400000000000396	2.9346
45.500000000000398	2.9346
45.600000000000399	7.96541
45.700000000000401	7.51205
45.800000000000402	7.47437
45.900000000000404	7.47437
46.000000000000405	3.38517
46.100000000000406	3.38517
46.200000000000408	10.4749
46.300000000000409	10.3493
46.400000000000411	22.4086
46.500000000000412	12.0223
46.600000000000414	5.00066
46.700000000000415	6.25993
46.800000000000416	3.05416
46.900000000000418	3.05416
47.000000000000419	6.72668
47.100000000000421	5.73421
47.200000000000422	5.73421
47.300000000000423	4.33944
47.400000000000425	4.49854
47.500000000000426	4.49854
47.600000000000428	2.96434
47.700000000000429	2.96434
47.800000000000431	5.47191
47.900000000000432	5.47191
48.000000000000433	4.09525
48.100000000000435	4.03186
48.200000000000436	2.13994
48.300000000000438	2.13994
48.400000000000439	3.32184
48.500000000000441	3.32184
48.600000000000442	5.14295
48.700000000000443	2.92055
48.800000000000445	2.92055
48.900000000000446	13.9534
49.000000000000448	5.94159
49.100000000000449	5.94159
49.20000000000045	10.1516
49.300000000000452	11.0605
49.400000000000453	10.9777
49.500000000000455	8.53217
49.600000000000456	9.28814
49.700000000000458	3.15265
49.800000000000459	3.15265
49.90000000000046	2.63001
50.000000000000462	2.63001
50.100000000000463	2
50.200000000000465	2
50.300000000000466	2
50.400000000000468	2
50.500000000000469	11.1897
50.60000000000047	10.1709
50.700000000000472	8.01487
50.800000000000473	8.48819
50.900000000000475	10.8843
51.000000000000476	12.6353
51.100000000000477	5.93514
51.200000000000479	8.17916
51.30000000000048	2.95956
51.400000000000482	2.95956
51.500000000000483	7.02286
51.600000000000485	5.01445
51.700000000000486	10.4712
51.800000000000487	10.4712
51.900000000000489	8.14763
52.00000000000049	3.86063
52.100000000000492	3.86063
52.200000000000493	5.41185
52.300000000000495	5.41185
52.400000000000496	7.96541
52.500000000000497	11.1804
52.600000000000499	4.52817
52.7000000000005	4.52817
52.800000000000502	2.96434
52.900000000000503	2.96434
53.000000000000504	4.76138
53.100000000000506	4.76138
53.200000000000507	12.4054
53.300000000000509	5.77765
53.40000000000051	28.833
53.500000000000512	9.46117
53.600000000000513	9.46117
53.700000000000514	5.78915
53.800000000000516	5.58327
53.900000000000517	9.31829
54.000000000000519	13.5636
54.10000000000052	5.86331
54.200000000000522	5.86331
54.300000000000523	4.94784
54.400000000000524	8.09731
54.500000000000526	17.5766
54.600000000000527	18.449
54.700000000000529	9.30185
54.80000000000053	9.30185
54.900000000000531	4.35822
55.000000000000533	4.35822
55.100000000000534	10.1729
55.200000000000536	7.75348
55.300000000000537	7.75348
55.400000000000539	5.31081
55.50000000000054	3.38509
55.600000000000541	3.38509
55.700000000000543	8.66127
55.800000000000544	5.4255
55.900000000000546	5.4255
56.000000000000547	15.891
56.100000000000549	7.26509
56.20000000000055	7.26509
56.300000000000551	5.35105
56.400000000000553	12.0632
56.500000000000554	13.9502
56.600