10	1
10.1	1
10.199999999999999	1
10.299999999999999	1
10.399999999999999	1
10.499999999999998	1
10.599999999999998	1
10.699999999999998	1
10.799999999999997	1
10.899999999999997	1
10.999999999999996	1
11.099999999999996	1
11.199999999999996	1
11.299999999999995	1
11.399999999999995	1
11.499999999999995	1
11.599999999999994	1
11.699999999999994	1
11.799999999999994	1
11.899999999999993	1
11.999999999999993	1
12.099999999999993	1
12.199999999999992	1
12.299999999999992	1
12.399999999999991	1
12.499999999999991	1
12.599999999999991	1
12.69999999999999	1
12.79999999999999	1
12.89999999999999	1
12.999999999999989	1
13.099999999999989	1
13.199999999999989	1
13.299999999999988	1
13.399999999999988	1
13.499999999999988	1
13.599999999999987	1
13.699999999999987	1
13.799999999999986	1
13.899999999999986	1
13.999999999999986	1
14.099999999999985	4
14.199999999999985	16
14.299999999999985	22.5
14.399999999999984	22.5
14.499999999999984	22.5
14.599999999999984	2
14.699999999999983	7
14.799999999999983	12.2927
14.899999999999983	14.2569
14.999999999999982	16.1674
15.099999999999982	18.5883
15.199999999999982	9.29416
15.299999999999981	9.29416
15.399999999999981	1
15.49999999999998	5.86441
15.59999999999998	7.5262
15.69999999999998	9.31982
15.799999999999979	11.9629
15.899999999999979	13.7568
15.999999999999979	15.9812
16.09999999999998	17.8188
16.199999999999982	19.6878
16.299999999999983	21.5801
16.399999999999984	23.4901
16.499999999999986	25.3745
16.599999999999987	27.3118
16.699999999999989	29.2234
16.79999999999999	31.9389
16.899999999999991	33.8549
16.999999999999993	17.2204
17.099999999999994	17.4515
17.199999999999996	9.11866
17.299999999999997	9.11866
17.399999999999999	9.11866
17.5	2
17.600000000000001	5.12386
17.700000000000003	7.25303
17.800000000000004	9.10138
17.900000000000006	11.1822
18.000000000000007	5.59111
18.100000000000009	7.03515
18.20000000000001	8.81594
18.300000000000011	10.4831
18.400000000000013	12.3312
18.500000000000014	14.2197
18.600000000000016	16.624
18.700000000000017	18.5058
18.800000000000018	10.0816
18.90000000000002	11.3028
19.000000000000021	13.1874
19.100000000000023	15.1011
19.200000000000024	17.0342
19.300000000000026	18.9808
19.400000000000027	20.8414
19.500000000000028	22.7256
19.60000000000003	25.3093
19.700000000000031	27.2513
19.800000000000033	29.44
19.900000000000034	15.6107
20.000000000000036	16.6059
20.100000000000037	18.4895
20.200000000000038	20.2473
20.30000000000004	22.1821
20.400000000000041	11.3144
20.500000000000043	13.1212
20.600000000000044	15.0433
20.700000000000045	17.1591
20.800000000000047	9.22641
20.900000000000048	10.2583
21.00000000000005	12.1409
21.100000000000051	6.55194
21.200000000000053	8.31677
21.300000000000054	10.0678
21.400000000000055	6.20793
21.500000000000057	8.0499
21.600000000000058	9.84906
21.70000000000006	11.6263
21.800000000000061	13.4654
21.900000000000063	15.0808
22.000000000000064	7.54041
22.100000000000065	9.33126
22.200000000000067	5.27246
22.300000000000068	5.27246
22.40000000000007	7.49367
22.500000000000071	8.85001
22.600000000000072	4.42501
22.700000000000074	5.26869
22.800000000000075	7.07517
22.900000000000077	8.96081
23.000000000000078	10.4138
23.10000000000008	5.2069
23.200000000000081	6.73596
23.300000000000082	9.36511
23.400000000000084	11.2199
23.500000000000085	13.1165
23.600000000000087	6.96606
23.700000000000088	8.52819
23.80000000000009	4.66298
23.900000000000091	6.32884
24.000000000000092	8.14302
24.100000000000094	10.0259
24.200000000000095	6.31086
24.300000000000097	8.12912
24.400000000000098	10.0146
24.500000000000099	11.6811
24.600000000000101	13.5127
24.700000000000102	15.3858
24.800000000000104	17.287
24.900000000000105	8.98442
25.000000000000107	4.54786
25.100000000000108	4.97749
25.200000000000109	2.48874
25.300000000000111	3.23651
25.400000000000112	4.9923
25.500000000000114	6.57286
25.600000000000115	8.33318
25.700000000000117	10.1805
25.800000000000118	12.0754
25.900000000000119	13.8547
26.000000000000121	6.92735
26.100000000000122	4.06664
26.200000000000124	5.17539
26.300000000000125	7.00656
26.400000000000126	3.7805
26.500000000000128	4.29224
26.600000000000129	6.06431
26.700000000000131	3.56864
26.800000000000132	4.58184
26.900000000000134	6.26998
27.000000000000135	9.03779
27.100000000000136	4.89289
27.200000000000138	5.29345
27.300000000000139	7.09348
27.400000000000141	8.97522
27.500000000000142	10.7113
27.600000000000144	12.5256
27.700000000000145	14.3885
27.800000000000146	16.2835
27.900000000000148	18.2007
28.000000000000149	10.1412
28.100000000000151	11.1777
28.200000000000152	13.0805
28.300000000000153	15.0079
28.400000000000155	16.833
28.500000000000156	18.3695
28.600000000000158	9.18475
28.700000000000159	9.18475
28.800000000000161	10.1221
28.900000000000162	12.9888
29.000000000000163	7.1555
29.100000000000165	8.20606
29.200000000000166	10.077
29.300000000000168	11.9883
29.400000000000169	13.6327
29.500000000000171	7.38535
29.600000000000172	3.69267
29.700000000000173	5.09579
29.800000000000175	7.50732
29.900000000000176	9.30462
30.000000000000178	5.11545
30.100000000000179	5.68107
30.20000000000018	6.96281
30.300000000000182	4.28188
30.400000000000183	6.0571
30.500000000000185	7.5439
30.600000000000186	4.28477
30.700000000000188	6.05911
30.800000000000189	8.66453
30.90000000000019	10.4529
31.000000000000192	5.64449
31.100000000000193	7.35721
31.200000000000195	9.18434
31.300000000000196	11.0698
31.400000000000198	12.9885
31.500000000000199	14.7929
31.6000000000002	16.6418
31.700000000000202	19.4706
31.800000000000203	21.2413
31.900000000000205	10.9684
32.000000000000206	12.6669
32.100000000000207	6.86534
32.200000000000209	8.08068
32.30000000000021	9.97544
32.400000000000212	11.7334
32.500000000000213	13.3342
32.600000000000215	8.40739
32.700000000000216	10.0431
32.800000000000217	11.6194
32.900000000000219	13.158
33.00000000000022	7.33559
33.100000000000222	7.60574
33.200000000000223	9.38397
33.300000000000225	10.6859
33.400000000000226	12.5039
33.500000000000227	14.3696
33.600000000000229	17.1658
33.70000000000023	9.09502
33.800000000000232	4.86795
33.900000000000233	5.46022
34.000000000000234	7.21781
34.100000000000236	4.13016
34.200000000000237	5.22485
34.300000000000239	7.04286
34.40000000000024	8.82207
34.500000000000242	11.4932
34.600000000000243	13.3508
34.700000000000244	15.0454
34.800000000000246	8.04105
34.900000000000247	9.84184
35.000000000000249	11.6202
35.10000000000025	13.4602
35.200000000000252	15.3397
35.300000000000253	17.246
35.400000000000254	10.2239
35.500000000000256	11.945
35.600000000000257	13.7413
35.700000000000259	15.5869
35.80000000000026	8.32472
35.900000000000261	10.1736
36.000000000000263	12.0696
36.100000000000264	13.9937
36.200000000000266	15.7461
36.300000000000267	8.48888
36.400000000000269	11.0602
36.50000000000027	6.22104
36.600000000000271	8.05996
36.700000000000273	9.9587
36.800000000000274	11.3714
36.900000000000276	5.68571
37.000000000000277	7.38867
37.100000000000279	9.20947
37.20000000000028	4.81819
37.300000000000281	7.04276
37.400000000000283	8.70715
37.500000000000284	4.80145
37.600000000000286	6.43048
37.700000000000287	8.22187
37.800000000000288	10.0899
37.90000000000029	11.9991
38.000000000000291	13.7883
38.100000000000293	15.6283
38.200000000000294	18.3959
38.300000000000296	20.3103
38.400000000000297	22.2395
38.500000000000298	24.1802
38.6000000000003	12.5571
38.700000000000301	14.2761
38.800000000000303	16.1844
38.900000000000304	18.1121
39.000000000000306	20.0536
39.100000000000307	22.0055
39.200000000000308	12.5774
39.30000000000031	14.4336
39.400000000000311	16.3234
39.500000000000313	18.2363
39.600000000000314	9.36203
39.700000000000315	9.36203
39.800000000000317	9.36203
39.900000000000318	2
40.00000000000032	4.70824
40.100000000000321	6.96893
40.200000000000323	4.0366
40.300000000000324	5.71399
40.400000000000325	7.27282
40.500000000000327	3.63641
40.600000000000328	5.05595
40.70000000000033	6.62091
40.800000000000331	3.45981
40.900000000000333	4.26462
41.000000000000334	6.9777
41.100000000000335	8.65479
41.200000000000337	10.4448
41.300000000000338	12.2987
41.40000000000034	6.69597
41.500000000000341	6.9914
41.600000000000342	8.6658
41.700000000000344	10.4539
41.800000000000345	12.3064
41.900000000000347	13.7681
42.000000000000348	16.5452
42.10000000000035	9.10826
42.200000000000351	10.1523
42.300000000000352	12.0516
42.400000000000354	13.7614
42.500000000000355	15.6045
42.600000000000357	17.4818
42.700000000000358	8.91114
42.80000000000036	8.91114
42.900000000000361	11.1189
43.000000000000362	13.0304
43.100000000000364	14.8971
43.200000000000365	8.12421
43.300000000000367	8.12421
43.400000000000368	9.38874
43.500000000000369	11.2396
43.600000000000371	5.75223
43.700000000000372	5.75223
43.800000000000374	3.55301
43.900000000000375	5.19763
44.000000000000377	7.16526
44.100000000000378	9.03185
44.200000000000379	10.8517
44.300000000000381	12.6456
44.400000000000382	6.67019
44.500000000000384	7.38883
44.600000000000385	9.2096
44.700000000000387	11.0907
44.800000000000388	13.5353
44.900000000000389	7.47166
45.000000000000391	7.47166
45.100000000000392	7.73698
45.200000000000394	9.27597
45.300000000000395	11.1458
45.400000000000396	13.0532
45.500000000000398	14.5773
45.600000000000399	7.28864
45.700000000000401	8.20019
45.800000000000402	9.97196
45.900000000000404	5.37935
46.000000000000405	7.15729
46.100000000000406	9.02555
46.200000000000408	5.13787
46.300000000000409	2.76002
46.400000000000411	4.00096
46.500000000000412	5.68928
46.600000000000414	8.29149
46.700000000000415	10.047
46.800000000000416	11.9632
46.900000000000418	13.7571
47.000000000000419	7.16518
47.100000000000421	3.98958
47.200000000000422	5.49959
47.300000000000423	7.1067
47.400000000000425	8.98564
47.500000000000426	10.72
47.600000000000428	13.4591
47.700000000000429	15.3388
47.800000000000431	8.1138
47.900000000000432	9.69603
48.000000000000433	11.4971
48.100000000000435	13.3542
48.200000000000436	6.71454
48.300000000000438	6.71454
48.400000000000439	1
48.500000000000441	1.81667
48.600000000000442	3.48698
48.700000000000443	5.15378
48.800000000000445	6.54246
48.900000000000446	3.27123
49.000000000000448	4.58819
49.100000000000449	6.27456
49.20000000000045	8.10113
49.300000000000452	9.7887
49.400000000000453	5.83733
49.500000000000455	7.50525
49.600000000000456	9.30296
49.700000000000458	11.1682
49.800000000000459	13.0724
49.90000000000046	15.0008
50.000000000000462	7.89185
50.100000000000463	4.07164
50.200000000000465	4.07164
50.300000000000466	5.73839
50.400000000000468	3.5047
50.500000000000469	4.53309
50.60000000000047	6.23487
50.700000000000472	7.28221
50.800000000000473	9.01363
50.900000000000475	4.98364
51.000000000000476	4.98364
51.100000000000477	5.37719
51.200000000000479	7.15568
51.30000000000048	9.9769
51.400000000000482	5.18598
51.500000000000483	5.18598
51.600000000000485	5.91851
51.700000000000486	7.56818
51.800000000000487	9.35365
51.900000000000489	11.2104
52.00000000000049	13.1084
52.100000000000492	15.0322
52.200000000000493	17.8925
52.300000000000495	19.7545
52.400000000000496	9.87725
52.500000000000497	11.3002
52.600000000000499	5.65012
52.7000000000005	5.82711
52.800000000000502	5.82711
52.900000000000503	2
53.000000000000504	3.24483
53.100000000000506	4.99753
53.200000000000507	6.5768
53.300000000000509	8.33628
53.40000000000051	4.79423
53.500000000000512	6.42514
53.600000000000513	8.21771
53.700000000000514	9.88518
53.800000000000516	5.2864
53.900000000000517	6.94426
54.000000000000519	8.62796
54.10000000000052	10.4227
54.200000000000522	12.1979
54.300000000000523	7.47651
54.400000000000524	9.27987
54.500000000000526	4.95434
54.600000000000527	5.15618
54.700000000000529	2.96597
54.80000000000053	4.14072
54.900000000000531	2.55337
55.000000000000533	2.55337
55.100000000000534	1
55.200000000000536	2.9
55.300000000000537	4.09525
55.400000000000539	2.04763
55.50000000000054	2.04763
55.600000000000541	2.9
55.700000000000543	4.33944
55.800000000000544	6.09735
55.900000000000546	7.70809
56.000000000000547	9.03185
56.100000000000549	4.73736
56.20000000000055	5.88762
56.300000000000551	7.40922
56.400000000000553	9.22592
56.500000000000554	10.3554
56.600000000000556	5.17768
56.700000000000557	5.17768
56.800000000000558	2
56.90000000000056	3.83446
57.000000000000561	5.39003
57.100000000000563	7.16526
