10	1
10.1	1
10.199999999999999	1
10.299999999999999	1
10.399999999999999	1
10.499999999999998	1
10.599999999999998	1
10.699999999999998	1
10.799999999999997	1
10.899999999999997	1
10.999999999999996	1
11.099999999999996	1
11.199999999999996	1
11.299999999999995	1
11.399999999999995	1
11.499999999999995	1
11.599999999999994	1
11.699999999999994	1
11.799999999999994	1
11.899999999999993	1
11.999999999999993	1
12.099999999999993	1
12.199999999999992	1
12.299999999999992	1
12.399999999999991	1
12.499999999999991	1
12.599999999999991	1
12.69999999999999	1
12.79999999999999	1
12.89999999999999	1
12.999999999999989	1
13.099999999999989	1
13.199999999999989	1
13.299999999999988	1
13.399999999999988	1
13.499999999999988	1
13.599999999999987	1
13.699999999999987	1
13.799999999999986	1
13.899999999999986	1
13.999999999999986	1
14.099999999999985	1
14.199999999999985	1
14.299999999999985	1
14.399999999999984	1
14.499999999999984	1
14.599999999999984	1
14.699999999999983	1
14.799999999999983	1
14.899999999999983	1
14.999999999999982	1
15.099999999999982	1
15.199999999999982	1
15.299999999999981	1
15.399999999999981	1
15.49999999999998	1
15.59999999999998	1
15.69999999999998	1
15.799999999999979	1
15.899999999999979	1
15.999999999999979	1
16.09999999999998	1
16.199999999999982	1
16.299999999999983	1
16.399999999999984	1
16.499999999999986	1
16.599999999999987	1
16.699999999999989	1
16.79999999999999	1
16.899999999999991	1
16.999999999999993	1
17.099999999999994	1
17.199999999999996	1
17.299999999999997	1
17.399999999999999	1
17.5	1
17.600000000000001	1
17.700000000000003	1
17.800000000000004	1
17.900000000000006	1
18.000000000000007	1
18.100000000000009	1
18.20000000000001	1
18.300000000000011	1
18.400000000000013	1
18.500000000000014	1
18.600000000000016	1
18.700000000000017	1
18.800000000000018	1
18.90000000000002	1
19.000000000000021	1
19.100000000000023	1
19.200000000000024	1
19.300000000000026	1
19.400000000000027	1
19.500000000000028	1
19.60000000000003	1
19.700000000000031	1
19.800000000000033	1
19.900000000000034	1
20.000000000000036	1
20.100000000000037	1
20.200000000000038	1
20.30000000000004	1
20.400000000000041	1
20.500000000000043	1
20.600000000000044	1
20.700000000000045	1
20.800000000000047	1
20.900000000000048	1
21.00000000000005	1
21.100000000000051	1
21.200000000000053	1
21.300000000000054	1
21.400000000000055	1
21.500000000000057	1
21.600000000000058	1
21.70000000000006	1
21.800000000000061	1
21.900000000000063	1
22.000000000000064	1
22.100000000000065	1
22.200000000000067	1
22.300000000000068	1
22.40000000000007	1
22.500000000000071	1
22.600000000000072	1
22.700000000000074	1
22.800000000000075	1
22.900000000000077	1
23.000000000000078	1
23.10000000000008	1
23.200000000000081	1
23.300000000000082	1
23.400000000000084	1
23.500000000000085	1
23.600000000000087	1
23.700000000000088	1
23.80000000000009	1
23.900000000000091	1
24.000000000000092	1
24.100000000000094	1
24.200000000000095	1
24.300000000000097	1
24.400000000000098	1
24.500000000000099	1
24.600000000000101	1
24.700000000000102	14.5
24.800000000000104	7.68617
24.900000000000105	12.6324
25.000000000000107	8.51287
25.100000000000108	8.51287
25.200000000000109	4
25.300000000000111	6.97652
25.400000000000112	5.72649
25.500000000000114	4.56244
25.600000000000115	6.07256
25.700000000000117	13.0248
25.800000000000118	9.57031
25.900000000000119	17.0931
26.000000000000121	11.0954
26.100000000000122	4.79059
26.200000000000124	8.21563
26.300000000000125	15.625
26.400000000000126	23.2495
26.500000000000128	16.4911
26.600000000000129	12.8787
26.700000000000131	20.3548
26.800000000000132	28.0827
26.900000000000134	16.3464
27.000000000000135	10.9258
27.100000000000136	16.4251
27.200000000000138	13.2031
27.300000000000139	19.9182
27.400000000000141	6.9895
27.500000000000142	12.6273
27.600000000000144	8.88525
27.700000000000145	7.11591
27.800000000000146	7.0327
27.900000000000148	6.48362
28.000000000000149	12.7561
28.100000000000151	10.4859
28.200000000000152	5.70174
28.300000000000153	5.90007
28.400000000000155	11.1108
28.500000000000156	18.1643
28.600000000000158	10.9853
28.700000000000159	8.1405
28.800000000000161	13.3704
28.900000000000162	9.58028
29.000000000000163	9.58028
29.100000000000165	6.09577
29.200000000000166	6.01589
29.300000000000168	13.2282
29.400000000000169	11.3663
29.500000000000171	18.0459
29.600000000000172	12.7104
29.700000000000173	20.249
29.800000000000175	11.5785
29.900000000000176	9.38812
30.000000000000178	14.3024
30.100000000000179	9.28468
30.20000000000018	12.7485
30.300000000000182	9.58913
30.400000000000183	17.1036
30.500000000000185	13.1334
30.600000000000186	9.44523
30.700000000000188	7.95027
30.800000000000189	8.20754
30.90000000000019	14.6952
31.000000000000192	10.5715
31.100000000000193	7.14835
31.200000000000195	8.27399
31.300000000000196	8.64874
31.400000000000198	9.12501
31.500000000000199	6.63973
31.6000000000002	7.995
31.700000000000202	7.58717
31.800000000000203	6.36564
31.900000000000205	11.6245
32.000000000000206	5.98241
32.100000000000207	5.98241
32.200000000000209	4.33944
32.30000000000021	5.98252
32.400000000000212	5.96839
32.500000000000213	11.8454
32.600000000000215	6.56536
32.700000000000216	13.9952
32.800000000000217	21.1253
32.900000000000219	13.3343
33.00000000000022	21.03
33.100000000000222	28.3648
33.200000000000223	17.4438
33.300000000000225	24.1788
33.400000000000226	15.2878
33.500000000000227	23.0245
33.600000000000229	9.1908
33.70000000000023	9.18204
33.800000000000232	16.6405
33.900000000000233	24.2752
34.000000000000234	31.0408
34.100000000000236	8.28311
34.200000000000237	5.85144
34.300000000000239	12.7681
34.40000000000024	10.3256
34.500000000000242	17.977
34.600000000000243	12.1694
34.700000000000244	19.1454
34.800000000000246	12.5581
34.900000000000247	15.3593
35.000000000000249	22.9414
35.10000000000025	29.3011
35.200000000000252	17.1112
35.300000000000253	24.7621
35.400000000000254	32.3022
35.500000000000256	18.5713
35.600000000000257	12.1779
35.700000000000259	19.7683
35.80000000000026	12.6849
35.900000000000261	12.1384
36.000000000000263	19.6933
36.100000000000264	27.3524
36.200000000000266	16.7834
36.300000000000267	11.9841
36.400000000000269	7.99858
36.50000000000027	4.308
36.600000000000271	10.5578
36.700000000000273	10.4391
36.800000000000274	5.36732
36.900000000000276	11.7302
37.000000000000277	7.93568
37.100000000000279	15.0205
37.20000000000028	22.5394
37.300000000000281	8.30131
37.400000000000283	6.88149
37.500000000000284	7.01387
37.600000000000286	13.996
37.700000000000287	12.1461
37.800000000000288	9.74681
37.90000000000029	5.07546
38.000000000000291	7.21036
38.100000000000293	14.5842
38.200000000000294	12.3737
38.300000000000296	4.70261
38.400000000000297	4.70261
38.500000000000298	1
38.6000000000003	7.16526
38.700000000000301	6.10528
38.800000000000303	13.344
38.900000000000304	9.98507
39.000000000000306	17.2118
39.100000000000307	13.9271
39.200000000000308	10.5674
39.30000000000031	17.151
39.400000000000311	11.4976
39.500000000000313	9.25571
39.600000000000314	13.343
39.700000000000315	8.97682
39.800000000000317	14.8015
39.900000000000318	11.0078
40.00000000000032	9.08963
40.100000000000321	16.4687
40.200000000000323	24.1578
40.300000000000324	7.08801
40.400000000000325	3.94807
40.500000000000327	10.4198
40.600000000000328	17.9755
40.70000000000033	15.1592
40.800000000000331	9.64553
40.900000000000333	7.73807
41.000000000000334	13.6546
41.100000000000335	4.63248
41.200000000000337	5.58311
41.300000000000338	6.08186
41.40000000000034	5.23298
41.500000000000341	6.11671
41.600000000000342	13.3492
41.700000000000344	9.55748
41.800000000000345	7.56388
41.900000000000347	15.03
42.000000000000348	10.1514
42.10000000000035	17.0755
42.200000000000351	23.7466
42.300000000000352	16.0999
42.400000000000354	11.6848
42.500000000000355	19.2102
42.600000000000357	6.79475
42.700000000000358	14.1033
42.80000000000036	21.7103
42.900000000000361	28.5238
43.000000000000362	17.1187
43.100000000000364	14.0778
43.200000000000365	21.6476
43.300000000000367	14.4684
43.400000000000368	7.07617
43.500000000000369	8.50454
43.600000000000371	16.0301
43.700000000000372	5.80223
43.800000000000374	13.0569
43.900000000000375	20.5167
44.0000000