10	1
10.1	1
10.199999999999999	1
10.299999999999999	1
10.399999999999999	1
10.499999999999998	1
10.599999999999998	1
10.699999999999998	1
10.799999999999997	1
10.899999999999997	1
10.999999999999996	1
11.099999999999996	1
11.199999999999996	1
11.299999999999995	1
11.399999999999995	1
11.499999999999995	1
11.599999999999994	1
11.699999999999994	1
11.799999999999994	1
11.899999999999993	1
11.999999999999993	1
12.099999999999993	1
12.199999999999992	1
12.299999999999992	1
12.399999999999991	1
12.499999999999991	1
12.599999999999991	1
12.69999999999999	1
12.79999999999999	1
12.89999999999999	1
12.999999999999989	1
13.099999999999989	1
13.199999999999989	1
13.299999999999988	1
13.399999999999988	1
13.499999999999988	1
13.599999999999987	1
13.699999999999987	1
13.799999999999986	1
13.899999999999986	1
13.999999999999986	1
14.099999999999985	1
14.199999999999985	1
14.299999999999985	1
14.399999999999984	1
14.499999999999984	1
14.599999999999984	1
14.699999999999983	1
14.799999999999983	1
14.899999999999983	1
14.999999999999982	1
15.099999999999982	1
15.199999999999982	1
15.299999999999981	1
15.399999999999981	1
15.49999999999998	1
15.59999999999998	1
15.69999999999998	1
15.799999999999979	1
15.899999999999979	1
15.999999999999979	1
16.09999999999998	1
16.199999999999982	1
16.299999999999983	1
16.399999999999984	1
16.499999999999986	1
16.599999999999987	1
16.699999999999989	1
16.79999999999999	1
16.899999999999991	1
16.999999999999993	1
17.099999999999994	1
17.199999999999996	1
17.299999999999997	1
17.399999999999999	1
17.5	1
17.600000000000001	1
17.700000000000003	1
17.800000000000004	1
17.900000000000006	1
18.000000000000007	1
18.100000000000009	1
18.20000000000001	1
18.300000000000011	1
18.400000000000013	1
18.500000000000014	1
18.600000000000016	1
18.700000000000017	1
18.800000000000018	1
18.90000000000002	1
19.000000000000021	1
19.100000000000023	1
19.200000000000024	1
19.300000000000026	1
19.400000000000027	1
19.500000000000028	1
19.60000000000003	1
19.700000000000031	1
19.800000000000033	1
19.900000000000034	1
20.000000000000036	1
20.100000000000037	1
20.200000000000038	1
20.30000000000004	1
20.400000000000041	1
20.500000000000043	1
20.600000000000044	1
20.700000000000045	1
20.800000000000047	1
20.900000000000048	1
21.00000000000005	1
21.100000000000051	1
21.200000000000053	2
21.300000000000054	14
21.400000000000055	1
21.500000000000057	6.49581
21.600000000000058	5.54996
21.70000000000006	8.00101
21.800000000000061	8.05866
21.900000000000063	4.21269
22.000000000000064	4.21269
22.100000000000065	7.83782
22.200000000000067	5.4182
22.300000000000068	6.73823
22.40000000000007	6.13145
22.500000000000071	7.99939
22.600000000000072	3.99969
22.700000000000074	3.99969
22.800000000000075	7.02286
22.900000000000077	3.55911
23.000000000000078	6.54382
23.10000000000008	7.26442
23.200000000000081	4.53111
23.300000000000082	5.10217
23.400000000000084	5.93474
23.500000000000085	12.3271
23.600000000000087	10.9788
23.700000000000088	8.41072
23.80000000000009	3.97813
23.900000000000091	7.40754
24.000000000000092	9.21919
24.100000000000094	4.21817
24.200000000000095	5.4264
24.300000000000097	8.48276
24.400000000000098	8.55998
24.500000000000099	8.66221
24.600000000000101	8.52594
24.700000000000102	4.99944
24.800000000000104	5.71297
24.900000000000105	6.31277
25.000000000000107	7.19811
25.100000000000108	5.53061
25.200000000000109	5.53061
25.300000000000111	3.24483
25.400000000000112	5.14693
25.500000000000114	8.00093
25.600000000000115	3.99012
25.700000000000117	4.85599
25.800000000000118	7.09322
25.900000000000119	6.65105
26.000000000000121	5.3339
26.100000000000122	5.77797
26.200000000000124	6.06619
26.300000000000125	8.27452
26.400000000000126	10.3357
26.500000000000128	10.3357
26.600000000000129	1
26.700000000000131	4.28796
26.800000000000132	4.28796
26.900000000000134	2
27.000000000000135	5.19763
27.100000000000136	5.19763
27.200000000000138	5.19763
27.300000000000139	8.13767
27.400000000000141	5.11006
27.500000000000142	3.19974
27.600000000000144	4.2199
27.700000000000145	3.09018
27.800000000000146	5.96327
27.900000000000148	6.45327
28.000000000000149	8.63156
28.100000000000151	6.21129
28.200000000000152	7.52734
28.300000000000153	7.04614
28.400000000000155	4.84689
28.500000000000156	4.64085
28.600000000000158	12.9062
28.700000000000159	6.45311
28.800000000000161	6.45311
28.900000000000162	6.77034
29.000000000000163	6.13261
29.100000000000165	6.13261
29.200000000000166	2
29.300000000000168	4.48546
29.400000000000169	7.17169
29.500000000000171	8.8264
29.600000000000172	3.91667
29.700000000000173	5.30547
29.800000000000175	12.5306
29.900000000000176	7.46979
30.000000000000178	7.46979
30.100000000000179	2.90179
30.20000000000018	4.68028
30.300000000000182	5.27044
30.400000000000183	6.23454
30.500000000000185	3.75982
30.600000000000186	4.674
30.700000000000188	8.74535
30.800000000000189	8.74535
30.90000000000019	6.20063
31.000000000000192	9.83826
31.100000000000193	3.47068
31.200000000000195	11.3689
31.300000000000196	6.13665
31.400000000000198	4.30658
31.500000000000199	4.95031
31.6000000000002	6.94465
31.700000000000202	6.22123
31.800000000000203	13.094
31.900000000000205	6.53258
32.000000000000206	8.05773
32.100000000000207	7.33612
32.200000000000209	5.83708
32.30000000000021	8.51432
32.400000000000212	9.15114
32.500000000000213	2.53629
32.600000000000215	10.6728
32.700000000000216	6.01209
32.800000000000217	5.89116
32.900000000000219	13.9849
33.00000000000022	5.39336
33.100000000000222	5.69744
33.200000000000223	8.30976
33.300000000000225	3.76419
33.400000000000226	4.02985
33.500000000000227	4.02985
33.600000000000229	7.96541
33.70000000000023	10.499
33.800000000000232	5.2495
33.900000000000233	5.2495
34.000000000000234	8.33628
34.100000000000236	6.68314
34.200000000000237	6.3504
34.300000000000239	4.96939
34.40000000000024	13.9907
34.500000000000242	7.61288
34.600000000000243	8.06529
34.700000000000244	7.60822
34.800000000000246	15.7676
34.900000000000247	9.61008
35.000000000000249	7.70618
35.10000000000025	5.11794
35.200000000000252	6.12268
35.300000000000253	5.72677
35.400000000000254	7.78349
35.500000000000256	9.01253
35.600000000000257	9.19059
35.700000000000259	4.33138
35.80000000000026	5.65092
35.900000000000261	6.29962
36.000000000000263	10.9656
36.100000000000264	5.79644
36.200000000000266	5.79644
36.300000000000267	5.57555
36.400000000000269	5.57555
36.50000000000027	1
36.600000000000271	5.19708
36.700000000000273	8.47721
36.800000000000274	5.08732
36.900000000000276	5.62767
37.000000000000277	6.51282
37.100000000000279	10.1832
37.20000000000028	8.3183
37.300000000000281	3.45765
37.400000000000283	11.627
37.500000000000284	6.27024
37.600000000000286	6.27024
37.700000000000287	2.83633
37.800000000000288	3.30609
37.90000000000029	5.68973
38.000000000000291	5.94571
38.100000000000293	6.38426
38.200000000000294	3.89982
38.300000000000296	5.00413
38.400000000000297	11.9968
38.500000000000298	13.4629
38.6000000000003	12.5259
38.700000000000301	6.95805
38.800000000000303	3.99382
38.900000000000304	5.48761
39.000000000000306	5.22766
39.100000000000307	6.78768
39.200000000000308	6.15213
39.30000000000031	3.70143
39.400000000000311	11.5262
39.500000000000313	8.13505
39.600000000000314	5.03401
39.700000000000315	12.8173
39.800000000000317	6.44235
39.900000000000318	7.43685
40.00000000000032	9.97716
40.100000000000321	3.93631
40.200000000000323	5.23001
40.300000000000324	14.0837
40.400000000000325	8.82128
40.500000000000327	6.17711
40.600000000000328	15.1347
40.70000000000033	11.271
40.800000000000331	4.93021
40.900000000000333	4.93021
41.000000000000334	1
41.100000000000335	4.28342
41.200000000000337	6.19318
41.300000000000338	4.45271
41.40000000000034	12.4445
41.500000000000341	6.43132
41.600000000000342	6.53467
41.700000000000344	3.73611
41.800000000000345	12.3763
41.900000000000347	10.5896
42.000000000000348	3.33958
42.10000000000035	4.81432
42.200000000000351	4.2943
42.300000000000352	4.2943
42.400000000000354	3.55301
42.500000000000355	6.95924
42.600000000000357	8.50042
42.700000000000358	3.45463
42.80000000000036	6.0068
42.900000000000361	4.13703
43.000000000000362	10.2976
43.100000000000364	9.99631
43.200000000000365	4.47485
43.300000000000367	5