10	1
10.1	1
10.199999999999999	1
10.299999999999999	1
10.399999999999999	1
10.499999999999998	1
10.599999999999998	1
10.699999999999998	1
10.799999999999997	1
10.899999999999997	1
10.999999999999996	1
11.099999999999996	1
11.199999999999996	1
11.299999999999995	1
11.399999999999995	1
11.499999999999995	1
11.599999999999994	1
11.699999999999994	1
11.799999999999994	1
11.899999999999993	1
11.999999999999993	1
12.099999999999993	1
12.199999999999992	1
12.299999999999992	1
12.399999999999991	1
12.499999999999991	1
12.599999999999991	1
12.69999999999999	1
12.79999999999999	1
12.89999999999999	1
12.999999999999989	1
13.099999999999989	1
13.199999999999989	1
13.299999999999988	1
13.399999999999988	1
13.499999999999988	1
13.599999999999987	1
13.699999999999987	2
13.799999999999986	4
13.899999999999986	8
13.999999999999986	16
14.099999999999985	27
14.199999999999985	13.5
14.299999999999985	13.5
14.399999999999984	1
14.499999999999984	2
14.599999999999984	4
14.699999999999983	6.16667
14.799999999999983	7.63173
14.899999999999983	8.50603
14.999999999999982	9.40498
15.099999999999982	10.3222
15.199999999999982	11.1636
15.299999999999981	5.5818
15.399999999999981	7.02779
15.49999999999998	7.96974
15.59999999999998	8.81009
15.69999999999998	9.68052
15.799999999999979	10.5736
15.899999999999979	11.4841
15.999999999999979	13.343
16.09999999999998	14.2865
16.199999999999982	15.2371
16.299999999999983	16.1935
16.399999999999984	17.1548
16.499999999999986	18.1202
16.599999999999987	20.061
16.699999999999989	21.0355
16.79999999999999	21.9667
16.899999999999991	10.9833
16.999999999999993	11.6917
17.099999999999994	12.6005
17.199999999999996	14.4537
17.299999999999997	15.3939
17.399999999999999	16.3411
17.5	17.2942
17.600000000000001	18.2522
17.700000000000003	19.2144
17.800000000000004	21.1492
17.900000000000006	22.1209
18.000000000000007	23.095
18.100000000000009	24.0711
18.20000000000001	25.0491
18.300000000000011	12.6042
18.400000000000013	14.0348
18.500000000000014	15.0014
18.600000000000016	15.972
18.700000000000017	16.8272
18.800000000000018	8.41362
18.90000000000002	9.1032
19.000000000000021	11.0027
19.100000000000023	11.9642
19.200000000000024	12.8536
19.300000000000026	13.758
19.400000000000027	14.6747
19.500000000000028	15.6016
19.60000000000003	17.4792
19.700000000000031	18.4276
19.800000000000033	19.3811
19.900000000000034	20.339
20.000000000000036	21.3007
20.100000000000037	22.2658
20.200000000000038	24.1215
20.30000000000004	12.0607
20.400000000000041	12.0607
20.500000000000043	12.9434
20.600000000000044	13.8419
20.700000000000045	14.7534
20.800000000000047	16.6067
20.900000000000048	17.5453
21.00000000000005	18.4903
21.100000000000051	9.51207
21.200000000000053	9.6172
21.300000000000054	10.5157
21.400000000000055	12.3589
21.500000000000057	13.2972
21.600000000000058	14.2438
21.70000000000006	15.197
21.800000000000061	16.1558
21.900000000000063	17.1193
22.000000000000064	19.0572
22.100000000000065	20.0306
22.200000000000067	21.0065
22.300000000000068	21.9845
22.40000000000007	22.9208
22.500000000000071	23.8621
22.600000000000072	25.7581
22.700000000000074	26.7117
22.800000000000075	27.6686
22.900000000000077	28.6284
23.000000000000078	29.5908
23.10000000000008	30.5557
23.200000000000081	15.3269
23.300000000000082	7.69606
23.400000000000084	7.826
23.500000000000085	8.68047
23.600000000000087	9.56285
23.700000000000088	10.4661
23.80000000000009	12.3167
23.900000000000091	13.2581
24.000000000000092	14.2072
24.100000000000094	15.1628
24.200000000000095	16.1237
24.300000000000097	17.0889
24.400000000000098	19.0299
24.500000000000099	20.0047
24.600000000000101	20.9818
24.700000000000102	21.9153
24.800000000000104	11.3392
24.900000000000105	11.4274
25.000000000000107	11.4274
25.100000000000108	1
25.200000000000109	3
25.300000000000111	5.2
25.400000000000112	5.57776
25.500000000000114	2.78888
25.600000000000115	3.14745
25.700000000000117	4.02015
25.800000000000118	5.70257
25.900000000000119	6.53122
26.000000000000121	6.68433
26.100000000000122	7.53668
26.200000000000124	8.42101
26.300000000000125	9.32825
26.400000000000126	11.1892
26.500000000000128	12.1359
26.600000000000129	6.3111
26.700000000000131	6.3111
26.800000000000132	6.3111
26.900000000000134	1
27.000000000000135	2
27.100000000000136	3
27.200000000000138	5.05378
27.300000000000139	5.97588
27.400000000000141	6.77034
27.500000000000142	7.61288
27.600000000000144	8.95093
27.700000000000145	9.80873
27.800000000000146	11.2405
27.900000000000148	12.1831
28.000000000000149	13.1341
28.100000000000151	6.79224
28.200000000000152	6.79224
28.300000000000153	6.79224
28.400000000000155	8.14356
28.500000000000156	9.07894
28.600000000000158	10.0263
28.700000000000159	10.9826
28.800000000000161	11.8615
28.900000000000162	12.7581
29.000000000000163	14.5912
29.100000000000165	15.5231
29.200000000000166	16.4628
29.300000000000168	17.3516
29.400000000000169	8.67579
29.500000000000171	9.34581
29.600000000000172	11.2039
29.700000000000173	12.1494
29.800000000000175	13.1028
29.900000000000176	14.0625
30.000000000000178	15.0273
30.100000000000179	15.9964
30.20000000000018	17.8323
30.300000000000182	18.7628
30.400000000000183	19.7001
30.500000000000185	20.6431
30.600000000000186	21.5913
30.700000000000188	22.5439
30.800000000000189	24.4603
30.90000000000019	25.4234
31.000000000000192	26.3891
31.100000000000193	27.3573
31.200000000000195	13.9861
31.300000000000196	13.9861
31.400000000000198	15.0893
31.500000000000199	16.0546
31.6000000000002	17.0237
31.700000000000202	17.8845
31.800000000000203	8.94227
31.900000000000205	8.94227
32.000000000000206	9.0541
32.100000000000207	9.0541
32.200000000000209	2
32.30000000000021	4
32.400000000000212	4.92064
32.500000000000213	5.68862
32.600000000000215	6.51909
32.700000000000216	7.3909
32.800000000000217	9.21125
32.900000000000219	10.1462
33.00000000000022	11.0921
33.100000000000222	12.0464
33.200000000000223	13.0075
33.300000000000225	13.9737
33.400000000000226	15.792
33.500000000000227	16.7166
33.600000000000229	17.6494
33.70000000000023	18.589
33.800000000000232	9.48119
33.900000000000233	9.48119
34.000000000000234	9.58666
34.100000000000236	4.79333
34.200000000000237	4.79333
34.300000000000239	5.20187
34.40000000000024	6.10094
34.500000000000242	3.05047
34.600000000000243	3.6743
34.700000000000244	4.43795
34.800000000000246	5.27948
34.900000000000247	6.16691
35.000000000000249	7.08314
35.10000000000025	8.01848
35.200000000000252	9.82346
35.300000000000253	10.7045
35.400000000000254	11.6046
35.500000000000256	12.5197
35.600000000000257	13.4468
35.700000000000259	14.3834
35.80000000000026	7.88948
35.900000000000261	7.88948
36.000000000000263	7.88948
36.100000000000264	1
36.200000000000266	2
36.300000000000267	3
36.400000000000269	5.25165
36.50000000000027	6.14322
36.600000000000271	7.0626
36.700000000000273	8.00038
36.800000000000274	8.95093
36.900000000000276	9.80873
37.000000000000277	11.5053
37.100000000000279	5.75264
37.20000000000028	6.25927
37.300000000000281	7.16344
37.400000000000283	8.08935
37.500000000000284	9.03041
37.600000000000286	9.98244
37.700000000000287	11.7393
37.800000000000288	12.6446
37.90000000000029	13.5631
38.000000000000291	14.4922
38.100000000000293	15.43
38.200000000000294	16.3752
38.300000000000296	8.57663
38.400000000000297	9.4688
38.500000000000298	10.3803
38.6000000000003	11.3065
38.700000000000301	12.244
38.800000000000303	13.1906
38.900000000000304	15.1039
39.000000000000306	16.0683
39.100000000000307	17.0366
39.200000000000308	18.0084
39.30000000000031	18.983
39.400000000000311	19.9099
39.500000000000313	21.7829
39.600000000000314	10.983
39.700000000000315	11.3427
39.800000000000317	12.2775
39.900000000000318	13.069
40.00000000000032	14.0311
40.100000000000321	15.9059
40.200000000000323	8.01568
40.300000000000324	8.3843
40.400000000000325	9.29518
40.500000000000327	10.2223
40.600000000000328	11.1617
40.70000000000033	13.0668
40.800000000000331	14.029
40.900000000000333	14.996
41.000000000000334	15.9041
41.100000000000335	16.8225
41.200000000000337	17.7496
41.300000000000338	19.6252
41.40000000000034	10.1635
41.500000000000341	10.2619
41.600000000000342	11.1979
41.700000000000344	12.1439
41.800000000000345	13.0977
41.900000000000347	7.20497
42.000000000000348	7.20497
42.10000000000035	1
42.200000000000351	2
42.300000000000352	3
42.400000000000354	3.63333
42.500000000000355	4.63158
42.600000000000357	5.44207
42.700000000000358	6.306
42.80000000000036	7.20419
42.900000000000361	8.12537
43.000000000000362	9.06265
43.100000000000364	10.7845
43.200000000000365	5.39227
43.300000000000367	5.39227
43.400000000000368	5.93071
43.500000000000369	6.73064
43.600000000000371	7.57768
43.700000000000372	9.03317
43.800000000000374	4.51659
43.900000000000375	5.34524
44.000000000000377	6.22302
44.100000000000378	7.13189
44.200000000000379	8.06148
44.300000000000381	9.8585
44.400000000000382	4.92925
44.500000000000384	5.32697
44.600000000000385	6.20741
44.700000000000387	7.11832
44.800000000000388	8.0495
44.900000000000389	4.50723
45.000000000000391	5.3374
45.100000000000392	6.21632
45.200000000000394	7.12607
45.300000000000395	8.05634
45.400000000000396	9.0009
45.500000000000398	10.826
45.600000000000399	11.7167
45.700000000000401	12.6236
45.800000000000402	13.244
45.900000000000404	6.62201
46.000000000000405	6.62201
46.100000000000406	7.34546
46.200000000000408	8.25064
46.300000000000409	4.24564
46.400000000000411	4.24564
46.500000000000412	4.70433
46.600000000000414	5.50371
46.700000000000415	7.25052
46.800000000000416	8.1664
46.900000000000418	9.09939
47.000000000000419	10.0448
47.100000000000421	10.9995
47.200000000000422	11.8771
47.300000000000423	13.6824
47.400000000000425	14.6039
47.500000000000426	7.50502
47.600000000000428	7.63827
47.700000000000429	8.51189
47.800000000000431	9.41027
47.900000000000432	11.2576
48.000000000000433	12.1989
48.100000000000435	13.1487
48.200000000000436	14.1053
48.300000000000438	15.0674
48.400000000000439	16.034
48.500000000000441	17.9778
48.600000000000442	18.9011
48.700000000000443	19.8318
48.800000000000445	20.7689
48.900000000000446	21.7116
49.000000000000448	10.9932
49.100000000000449	12.1223
49.20000000000045	13.0777
49.300000000000452	14.0391
49.400000000000453	15.0054
49.500000000000455	15.9758
49.600000000000456	16.8903
49.700000000000458	18.7453
49.800000000000459	19.6834
49.90000000000046	20.6272
50.000000000000462	21.5761
50.100000000000463	22.5293
50.200000000000465	23.4864
50.300000000000466	25.4104
50.400000000000468	12.978
50.500000000000469	12.978
50.60000000000047	12.978
50.700000000000472	1
50.800000000000473	2
50.900000000000475	6.32883
51.000000000000476	7.22412
51.100000000000477	8.14301
51.200000000000479	9.07844
51.30000000000048	10.0259
51.400000000000482	10.9822
51.500000000000483	12.7577
51.600000000000485	13.6685
51.700000000000486	14.5909
51.800000000000487	15.5228
51.900000000000489	16.4625
52.00000000000049	17.4089
52.100000000000492	19.3178
52.200000000000493	9.96502
52.300000000000495	10.0654
52.400000000000496	11.0183
52.500000000000497	11.9786
52.600000000000499	12.8669
52.7000000000005	14.6864
52.800000000000502	15.6126
52.900000000000503	16.5472
53.000000000000504	8.30383
53.100000000000506	8.30383
53.200000000000507	8.77549
53.300000000000509	4.8323
53.40000000000051	5.42861
53.500000000000512	2.71431
53.600000000000513	3.08272
53.700000000000514	3.97084
53.800000000000516	4.45949
53.900000000000517	2.67823
54.000000000000519	3.37931
54.10000000000052	4.20065
54.200000000000522	5.08339
54.300000000000523	6.0008
54.400000000000524	6.79228
54.500000000000526	3.69059
54.600000000000527	4.45128
54.700000000000529	5.2906
54.80000000000053	6.17638
54.900000000000531	7.09137
55.000000000000533	8.02573
55.100000000000534	9.82936
55.200000000000536	10.7099
55.300000000000537	11.6096
55.400000000000539	12.5244
55.50000000000054	13.4511
55.600000000000541	14.3875
55.700000000000543	16.2826
55.800000000000544	17.2389
55.900000000000546	18.1998
56.000000000000547	19.1647
56.100000000000549	20.1329
56.20000000000055	21.1041
56.300000000000551	23.0537
56.400000000000553	11.7419
56.500000000000554	11.8271
56.600000000000556	12.5674
56.700000000000557	6.28372
56.800000000000558	6.28372
56.90000000000056	7.72619
57.000000000000561	8.59074
57.100000000000563	9.48157
57.200000000000564	10.3919
57.300000000000566	11.3172
5