10	1
10.1	1
10.199999999999999	1
10.299999999999999	1
10.399999999999999	1
10.499999999999998	1
10.599999999999998	1
10.699999999999998	1
10.799999999999997	1
10.899999999999997	1
10.999999999999996	1
11.099999999999996	1
11.199999999999996	1
11.299999999999995	1
11.399999999999995	1
11.499999999999995	1
11.599999999999994	1
11.699999999999994	1
11.799999999999994	1
11.899999999999993	1
11.999999999999993	1
12.099999999999993	1
12.199999999999992	1
12.299999999999992	1
12.399999999999991	1
12.499999999999991	1
12.599999999999991	1
12.69999999999999	1
12.79999999999999	1
12.89999999999999	1
12.999999999999989	1
13.099999999999989	1
13.199999999999989	1
13.299999999999988	1
13.399999999999988	1
13.499999999999988	1
13.599999999999987	1
13.699999999999987	1
13.799999999999986	1
13.899999999999986	1
13.999999999999986	1
14.099999999999985	1
14.199999999999985	1
14.299999999999985	1
14.399999999999984	1
14.499999999999984	1
14.599999999999984	1
14.699999999999983	1
14.799999999999983	1
14.899999999999983	1
14.999999999999982	1
15.099999999999982	1
15.199999999999982	1
15.299999999999981	1
15.399999999999981	1
15.49999999999998	1
15.59999999999998	1
15.69999999999998	1
15.799999999999979	1
15.899999999999979	1
15.999999999999979	1
16.09999999999998	1
16.199999999999982	1
16.299999999999983	1
16.399999999999984	1
16.499999999999986	1
16.599999999999987	1
16.699999999999989	1
16.79999999999999	1
16.899999999999991	1
16.999999999999993	1
17.099999999999994	1
17.199999999999996	1
17.299999999999997	1
17.399999999999999	1
17.5	1
17.600000000000001	1
17.700000000000003	1
17.800000000000004	1
17.900000000000006	1
18.000000000000007	1
18.100000000000009	1
18.20000000000001	1
18.300000000000011	1
18.400000000000013	1
18.500000000000014	1
18.600000000000016	1
18.700000000000017	1
18.800000000000018	1
18.90000000000002	1
19.000000000000021	1
19.100000000000023	1
19.200000000000024	1
19.300000000000026	1
19.400000000000027	1
19.500000000000028	1
19.60000000000003	1
19.700000000000031	1
19.800000000000033	1
19.900000000000034	1
20.000000000000036	1
20.100000000000037	1
20.200000000000038	1
20.30000000000004	1
20.400000000000041	1
20.500000000000043	1
20.600000000000044	1
20.700000000000045	1
20.800000000000047	1
20.900000000000048	1
21.00000000000005	1
21.100000000000051	1
21.200000000000053	1
21.300000000000054	1
21.400000000000055	1
21.500000000000057	1
21.600000000000058	1
21.70000000000006	1
21.800000000000061	1
21.900000000000063	1
22.000000000000064	1
22.100000000000065	1
22.200000000000067	1
22.300000000000068	1
22.40000000000007	1
22.500000000000071	1
22.600000000000072	1
22.700000000000074	1
22.800000000000075	1
22.900000000000077	1
23.000000000000078	1
23.10000000000008	1
23.200000000000081	1
23.300000000000082	1
23.400000000000084	1
23.500000000000085	1
23.600000000000087	1
23.700000000000088	1
23.80000000000009	1
23.900000000000091	1
24.000000000000092	1
24.100000000000094	1
24.200000000000095	4
24.300000000000097	16
24.400000000000098	8.5
24.500000000000099	8.5
24.600000000000101	1
24.700000000000102	4
24.800000000000104	4.70824
24.900000000000105	5.86441
25.000000000000107	7.5262
25.100000000000108	8.41165
25.200000000000109	10.2447
25.300000000000111	12.1295
25.400000000000112	14.0453
25.500000000000114	15.0112
25.600000000000115	16.836
25.700000000000117	18.6965
25.800000000000118	9.6123
25.900000000000119	9.6123
26.000000000000121	9.6123
26.100000000000122	2
26.200000000000124	4.92064
26.300000000000125	6.51909
26.400000000000126	8.29104
26.500000000000128	9.21125
26.600000000000129	11.0921
26.700000000000131	13.0075
26.800000000000132	13.9737
26.900000000000134	7.54279
27.000000000000135	9.33318
27.100000000000136	10.1584
27.200000000000138	12.0568
27.300000000000139	13.9826
27.400000000000141	15.7999
27.500000000000142	16.724
27.600000000000144	9.1074
27.700000000000145	10.1515
27.800000000000146	10.9145
27.900000000000148	12.6203
28.000000000000149	14.2617
28.100000000000151	15.4101
28.200000000000152	17.1341
28.300000000000153	19.0706
28.400000000000155	20.5368
28.500000000000156	10.3896
28.600000000000158	10.3896
28.700000000000159	10.3896
28.800000000000161	2
28.900000000000162	5.57776
29.000000000000163	7.30649
29.100000000000165	8.21603
29.200000000000166	9.14389
29.300000000000168	9.14389
29.400000000000169	2
29.500000000000171	4.70824
29.600000000000172	5.31903
29.700000000000173	5.31903
29.800000000000175	5.31903
29.900000000000176	5.31903
30.000000000000178	2
30.100000000000179	2.9
30.20000000000018	3.24483
30.300000000000182	3.24483
30.400000000000183	2
30.500000000000185	3.55301
30.600000000000186	4.33944
30.700000000000188	5.19763
30.800000000000189	7.02286
30.90000000000019	7.96541
31.000000000000192	9.67696
31.100000000000193	11.4811
31.200000000000195	6.12127
31.300000000000196	6.12127
31.400000000000198	7.59527
31.500000000000199	4.2367
31.6000000000002	4.69631
31.700000000000202	6.35317
31.800000000000203	7.78253
31.900000000000205	3.89127
32.000000000000206	4.38932
32.100000000000207	6.13246
32.200000000000209	7.73575
32.30000000000021	7.86502
32.400000000000212	3.93251
32.500000000000213	3.93251
32.600000000000215	3.93251
32.700000000000216	1
32.800000000000217	1
32.900000000000219	1
33.00000000000022	1
33.100000000000222	2
33.200000000000223	2.5
33.300000000000225	4.33944
33.400000000000226	6.09735
33.500000000000227	7.02286
33.600000000000229	8.80618
33.70000000000023	4.83848
33.800000000000232	4.83848
33.900000000000233	4.83848
34.000000000000234	6.29914
34.100000000000236	8.12008
34.200000000000237	8.60196
34.300000000000239	4.30098
34.40000000000024	4.30098
34.500000000000242	4.96441
34.600000000000243	6.55189
34.700000000000244	8.31673
34.800000000000246	9.12477
34.900000000000247	4.88184
35.000000000000249	4.88184
35.10000000000025	6.33221
35.200000000000252	6.49013
35.300000000000253	6.49013
35.400000000000254	3.24507
35.500000000000256	3.24507
35.600000000000257	1
35.700000000000259	2
35.80000000000026	3.55301
35.900000000000261	5.19763
36.000000000000263	6.09735
36.100000000000264	7.96541
36.200000000000266	9.67696
36.300000000000267	5.14064
36.400000000000269	5.14064
36.50000000000027	6.37533
36.600000000000271	8.17902
36.700000000000273	4.15064
36.800000000000274	4.61928
36.900000000000276	6.13405
37.000000000000277	7.1964
37.100000000000279	3.73584
37.20000000000028	3.73584
37.300000000000281	3.73584
37.400000000000283	2
37.500000000000284	3.55301
37.600000000000286	4.33944
37.700000000000287	4.33944
37.800000000000288	2.16972
37.90000000000029	2.16972
38.000000000000291	3.64203
38.100000000000293	1.82102
38.200000000000294	1.82102
38.300000000000296	1
38.400000000000297	2
38.500000000000298	2
38.6000000000003	2
38.700000000000301	2
38.800000000000303	1
38.900000000000304	2.9
39.000000000000306	4.33944
39.100000000000307	5.57555
39.200000000000308	6.42106
39.30000000000031	8.21454
39.400000000000311	10.0839
39.500000000000313	10.7587
39.600000000000314	5.37936
39.700000000000315	5.37936
39.800000000000317	6.08796
39.900000000000318	7.1573
40.00000000000032	9.02556
40.100000000000321	10.6596
40.200000000000323	11.4762
40.300000000000324	5.95271
40.400000000000325	7.04308
40.500000000000327	3.52154
40.600000000000328	4.54589
40.70000000000033	6.24407
40.800000000000331	6.56037
40.900000000000333	3.28018
41.000000000000334	4.12278
41.100000000000335	5.94741
41.200000000000337	6.74531
41.300000000000338	8.46929
41.40000000000034	10.292
41.500000000000341	11.2255
41.600000000000342	12.6543
41.700000000000344	6.96831
41.800000000000345	6.96831
41.900000000000347	7.52562
42.000000000000348	8.87701
42.10000000000035	4.43851
42.200000000000351	5.27994
42.300000000000352	7.08348
42.400000000000354	3.94604
42.500000000000355	4.19946
42.600000000000357	5.4686
42.700000000000358	7.2241
42.80000000000036	7.36252
42.900000000000361	3.68126
43.000000000000362	3.68126
43.100000000000364	5.28423
43.200000000000365	6.17095
43.300000000000367	3.08548
43.400000000000368	3.08548
43.500000000000369	3.08548
43.600000000000371	4.46134
43.700000000000372	6.18354
43.800000000000374	7.09758
43.900000000000375	8.97845
44.000000000000377	10.714
44.100000000000378	5.63117
44.200000000000379	6.6238
44.300000000000381	8.37324
44.4000000