10	1
10.1	1
10.199999999999999	1
10.299999999999999	1
10.399999999999999	1
10.499999999999998	1
10.599999999999998	1
10.699999999999998	1
10.799999999999997	1
10.899999999999997	1
10.999999999999996	1
11.099999999999996	1
11.199999999999996	1
11.299999999999995	1
11.399999999999995	1
11.499999999999995	1
11.599999999999994	1
11.699999999999994	1
11.799999999999994	1
11.899999999999993	1
11.999999999999993	1
12.099999999999993	1
12.199999999999992	1
12.299999999999992	1
12.399999999999991	1
12.499999999999991	1
12.599999999999991	1
12.69999999999999	1
12.79999999999999	1
12.89999999999999	1
12.999999999999989	1
13.099999999999989	1
13.199999999999989	1
13.299999999999988	1
13.399999999999988	1
13.499999999999988	1
13.599999999999987	1
13.699999999999987	1
13.799999999999986	1
13.899999999999986	1
13.999999999999986	1
14.099999999999985	1
14.199999999999985	1
14.299999999999985	1
14.399999999999984	1
14.499999999999984	1
14.599999999999984	1
14.699999999999983	1
14.799999999999983	1
14.899999999999983	1
14.999999999999982	1
15.099999999999982	1
15.199999999999982	1
15.299999999999981	1
15.399999999999981	1
15.49999999999998	1
15.59999999999998	1
15.69999999999998	1
15.799999999999979	1
15.899999999999979	1
15.999999999999979	1
16.09999999999998	1
16.199999999999982	1
16.299999999999983	1
16.399999999999984	1
16.499999999999986	1
16.599999999999987	1
16.699999999999989	1
16.79999999999999	1
16.899999999999991	1
16.999999999999993	1
17.099999999999994	1
17.199999999999996	1
17.299999999999997	1
17.399999999999999	1
17.5	1
17.600000000000001	1
17.700000000000003	1
17.800000000000004	1
17.900000000000006	1
18.000000000000007	1
18.100000000000009	1
18.20000000000001	1
18.300000000000011	1
18.400000000000013	1
18.500000000000014	1
18.600000000000016	1
18.700000000000017	1
18.800000000000018	1
18.90000000000002	1
19.000000000000021	1
19.100000000000023	1
19.200000000000024	1
19.300000000000026	1
19.400000000000027	1
19.500000000000028	1
19.60000000000003	1
19.700000000000031	1
19.800000000000033	1
19.900000000000034	1
20.000000000000036	1
20.100000000000037	1
20.200000000000038	1
20.30000000000004	1
20.400000000000041	1
20.500000000000043	1
20.600000000000044	1
20.700000000000045	1
20.800000000000047	1
20.900000000000048	1
21.00000000000005	1
21.100000000000051	1
21.200000000000053	1
21.300000000000054	1
21.400000000000055	1
21.500000000000057	1
21.600000000000058	1
21.70000000000006	1
21.800000000000061	1
21.900000000000063	1
22.000000000000064	1
22.100000000000065	1
22.200000000000067	1
22.300000000000068	1
22.40000000000007	1
22.500000000000071	1
22.600000000000072	1
22.700000000000074	1
22.800000000000075	1
22.900000000000077	1
23.000000000000078	1
23.10000000000008	1
23.200000000000081	1
23.300000000000082	1
23.400000000000084	1
23.500000000000085	1
23.600000000000087	1
23.700000000000088	1
23.80000000000009	1
23.900000000000091	1
24.000000000000092	1
24.100000000000094	1
24.200000000000095	1
24.300000000000097	1
24.400000000000098	1
24.500000000000099	1
24.600000000000101	1
24.700000000000102	1
24.800000000000104	1
24.900000000000105	1
25.000000000000107	1
25.100000000000108	1
25.200000000000109	1
25.300000000000111	1
25.400000000000112	1
25.500000000000114	1
25.600000000000115	1
25.700000000000117	1
25.800000000000118	1
25.900000000000119	1
26.000000000000121	1
26.100000000000122	1
26.200000000000124	1
26.300000000000125	1
26.400000000000126	1
26.500000000000128	1
26.600000000000129	2
26.700000000000131	12.5
26.800000000000132	12.5
26.900000000000134	12.5
27.000000000000135	6.93882
27.100000000000136	11.342
27.200000000000138	15.1305
27.300000000000139	19.8293
27.400000000000141	10.4792
27.500000000000142	10.4792
27.600000000000144	2
27.700000000000145	8.09245
27.800000000000146	11.7415
27.900000000000148	16.3767
28.000000000000149	20.1097
28.100000000000151	13.1467
28.200000000000152	17.0027
28.300000000000153	20.7676
28.400000000000155	25.5245
28.500000000000156	29.3537
28.600000000000158	17.3217
28.700000000000159	10.0526
28.800000000000161	8.16776
28.900000000000162	11.7079
29.000000000000163	8.28369
29.100000000000165	12.0414
29.200000000000166	16.713
29.300000000000168	20.4824
29.400000000000169	25.1741
29.500000000000171	6.94583
29.600000000000172	5.01535
29.700000000000173	2.9909
29.800000000000175	7.05893
29.900000000000176	10.5942
30.000000000000178	15.1855
30.100000000000179	7.59273
30.20000000000018	7.59273
30.300000000000182	4.40454
30.400000000000183	3.93668
30.500000000000185	6.78625
30.600000000000186	11.07
30.700000000000188	8.06332
30.800000000000189	7.02196
30.90000000000019	4.99155
31.000000000000192	7.01865
31.100000000000193	10.5676
31.200000000000195	15.2329
31.300000000000196	19.0858
31.400000000000198	23.9268
31.500000000000199	13.3098
31.6000000000002	13.3098
31.700000000000202	8.73817
31.800000000000203	10.7033
31.900000000000205	15.3271
32.000000000000206	19.161
32.100000000000207	9.76169
32.200000000000209	13.0991
32.30000000000021	17.8296
32.400000000000212	10.3207
32.500000000000213	6.61587
32.600000000000215	10.2082
32.700000000000216	14.9864
32.800000000000217	18.6765
32.900000000000219	9.65461
33.00000000000022	9.65461
33.100000000000222	4.25
33.200000000000223	7.5262
33.300000000000225	12.1295
33.400000000000226	7.47216
33.500000000000227	11.8447
33.600000000000229	15.5102
33.70000000000023	20.2691
33.800000000000232	10.6884
33.900000000000233	15.1853
34.000000000000234	10.1954
34.100000000000236	6.93278
34.200000000000237	9.29295
34.300000000000239	6.86934
34.40000000000024	6.86934
34.500000000000242	1
34.600000000000243	3.63333
34.700000000000244	1.81667
34.800000000000246	1.81667
34.900000000000247	4.33944
35.000000000000249	7.96541
35.10000000000025	5.19537
35.200000000000252	9.67577
35.300000000000253	6.60765
35.400000000000254	5.46962
35.500000000000256	9.07904
35.600000000000257	13.6689
35.700000000000259	17.1776
35.80000000000026	8.58878
35.900000000000261	4.5227
36.000000000000263	8.18885
36.100000000000264	4.44805
36.200000000000266	8.62887
36.300000000000267	5.3072
36.400000000000269	5.3072
36.50000000000027	3.82547
36.600000000000271	3.12799
36.700000000000273	6.03836
36.800000000000274	4.38287
36.900000000000276	6.12791
37.000000000000277	10.5879
37.100000000000279	6.29038
37.20000000000028	7.19056
37.300000000000281	10.9603
37.400000000000283	5.79189
37.500000000000284	5.79189
37.600000000000286	4.33944
37.700000000000287	7.96541
37.800000000000288	5.74054
37.90000000000029	5.74054
38.000000000000291	4.04041
38.100000000000293	6.22628
38.200000000000294	3.92103
38.300000000000296	3.46247
38.400000000000297	5.70098
38.500000000000298	4.68339
38.6000000000003	8.15454
38.700000000000301	6.22338
38.800000000000303	9.11678
38.900000000000304	13.767
39.000000000000306	8.11935
39.100000000000307	9.70066
39.200000000000308	5.43639
39.30000000000031	8.94752
39.400000000000311	6.02646
39.500000000000313	4.3788
39.600000000000314	4.3788
39.700000000000315	2
39.800000000000317	5.39003
39.900000000000318	9.98374
40.00000000000032	13.3404
40.100000000000321	8.27923
40.200000000000323	11.263
40.300000000000324	16.0378
40.400000000000325	19.8349
40.500000000000327	24.569
40.600000000000328	13.4697
40.70000000000033	13.4697
40.800000000000331	2
40.900000000000333	9.29742
41.000000000000334	5.75885
41.100000000000335	9.03433
41.200000000000337	5.74152
41.300000000000338	4.13508
41.40000000000034	7.59722
41.500000000000341	5.9782
41.600000000000342	9.39121
41.700000000000344	13.1351
41.800000000000345	7.56097
41.900000000000347	10.8412
42.000000000000348	15.4235
42.10000000000035	19.2381
42.200000000000351	12.876
42.300000000000352	16.4936
42.400000000000354	10.1025
42.500000000000355	13.6515
42.600000000000357	8.55893
42.700000000000358	12.2317
42.80000000000036	17.0278
42.900000000000361	9.54107
43.000000000000362	5.77112
43.100000000000364	8.22582
43.200000000000365	12.9662
43.300000000000367	8.1033
43.400000000000368	12.6535
43.500000000000369	16.382
43.600000000000371	10.3755
43.700000000000372	6.16628
43.800000000000374	5.01281
43.900000000000375	7.97488
44.000000000000377	4.85452
44.100000000000378	3.69378
44.200000000000379	8.02715
44.300000000000381	11.4364
44.400000000000382	8.12044
44.5000000000003