10	1
10.1	1
10.199999999999999	1
10.299999999999999	1
10.399999999999999	1
10.499999999999998	1
10.599999999999998	1
10.699999999999998	1
10.799999999999997	1
10.899999999999997	1
10.999999999999996	1
11.099999999999996	1
11.199999999999996	1
11.299999999999995	1
11.399999999999995	1
11.499999999999995	1
11.599999999999994	1
11.699999999999994	1
11.799999999999994	1
11.899999999999993	1
11.999999999999993	1
12.099999999999993	1
12.199999999999992	1
12.299999999999992	1
12.399999999999991	1
12.499999999999991	1
12.599999999999991	1
12.69999999999999	1
12.79999999999999	1
12.89999999999999	1
12.999999999999989	1
13.099999999999989	1
13.199999999999989	1
13.299999999999988	1
13.399999999999988	1
13.499999999999988	1
13.599999999999987	1
13.699999999999987	1
13.799999999999986	1
13.899999999999986	1
13.999999999999986	1
14.099999999999985	1
14.199999999999985	1
14.299999999999985	1
14.399999999999984	1
14.499999999999984	1
14.599999999999984	1
14.699999999999983	1
14.799999999999983	1
14.899999999999983	1
14.999999999999982	1
15.099999999999982	1
15.199999999999982	1
15.299999999999981	1
15.399999999999981	1
15.49999999999998	1
15.59999999999998	1
15.69999999999998	1
15.799999999999979	1
15.899999999999979	1
15.999999999999979	1
16.09999999999998	1
16.199999999999982	1
16.299999999999983	1
16.399999999999984	1
16.499999999999986	1
16.599999999999987	1
16.699999999999989	1
16.79999999999999	1
16.899999999999991	1
16.999999999999993	1
17.099999999999994	1
17.199999999999996	1
17.299999999999997	1
17.399999999999999	1
17.5	1
17.600000000000001	1
17.700000000000003	1
17.800000000000004	1
17.900000000000006	1
18.000000000000007	1
18.100000000000009	1
18.20000000000001	1
18.300000000000011	1
18.400000000000013	1
18.500000000000014	1
18.600000000000016	1
18.700000000000017	1
18.800000000000018	1
18.90000000000002	1
19.000000000000021	1
19.100000000000023	1
19.200000000000024	1
19.300000000000026	1
19.400000000000027	1
19.500000000000028	1
19.60000000000003	1
19.700000000000031	1
19.800000000000033	1
19.900000000000034	1
20.000000000000036	1
20.100000000000037	1
20.200000000000038	1
20.30000000000004	1
20.400000000000041	1
20.500000000000043	1
20.600000000000044	1
20.700000000000045	1
20.800000000000047	1
20.900000000000048	1
21.00000000000005	1
21.100000000000051	1
21.200000000000053	1
21.300000000000054	4
21.400000000000055	16
21.500000000000057	11.5
21.600000000000058	12.6628
21.70000000000006	14.508
21.800000000000061	16.3892
21.900000000000063	18.2952
22.000000000000064	20.2192
22.100000000000065	22.1564
22.200000000000067	24.1038
22.300000000000068	25.9435
22.40000000000007	13.8684
22.500000000000071	7.6228
22.600000000000072	8.61571
22.700000000000074	10.4125
22.800000000000075	12.2713
22.900000000000077	14.1679
23.000000000000078	16.089
23.10000000000008	18.027
23.200000000000081	9.57904
23.300000000000082	11.4865
23.400000000000084	13.3451
23.500000000000085	15.2389
23.600000000000087	17.1564
23.700000000000088	19.0906
23.80000000000009	9.57147
23.900000000000091	9.57147
24.000000000000092	11.1249
24.100000000000094	13.0355
24.200000000000095	14.9016
24.300000000000097	16.7384
24.400000000000098	18.6086
24.500000000000099	20.5031
24.600000000000101	10.517
24.700000000000102	12.36
24.800000000000104	6.49653
24.900000000000105	6.80083
25.000000000000107	8.51339
25.100000000000108	10.3282
25.200000000000109	13.1497
25.300000000000111	15.0682
25.400000000000112	17.0051
25.500000000000114	8.70626
25.600000000000115	8.70626
25.700000000000117	4.41056
25.800000000000118	5.4469
25.900000000000119	7.20781
26.000000000000121	9.06552
26.100000000000122	10.9716
26.200000000000124	12.7486
26.300000000000125	7.11753
26.400000000000126	7.3958
26.500000000000128	4.09287
26.600000000000129	5.75324
26.700000000000131	7.30351
26.800000000000132	3.9256
26.900000000000134	5.26414
27.000000000000135	6.77997
27.100000000000136	9.39665
27.200000000000138	11.2462
27.300000000000139	13.139
27.400000000000141	15.0589
27.500000000000142	16.9968
27.600000000000144	8.55714
27.700000000000145	9.66161
27.800000000000146	11.4682
27.900000000000148	13.3293
28.000000000000149	6.96021
28.100000000000151	4.0806
28.200000000000152	5.18623
28.300000000000153	7.01451
28.400000000000155	8.79954
28.500000000000156	10.5648
28.600000000000158	12.4007
28.700000000000159	14.28
28.800000000000161	16.1878
28.900000000000162	8.48726
29.000000000000163	11.239
29.100000000000165	13.1329
29.200000000000166	14.9198
29.300000000000168	8.22645
29.400000000000169	9.2625
29.500000000000171	11.1346
29.600000000000172	12.889
29.700000000000173	7.18621
29.800000000000175	4.05473
29.900000000000176	5.35973
30.000000000000178	7.14267
30.100000000000179	9.014
30.20000000000018	10.8369
30.300000000000182	12.6329
30.400000000000183	14.482
30.500000000000185	16.3662
30.600000000000186	18.2746
30.700000000000188	9.69563
30.800000000000189	11.0515
30.90000000000019	6.2918
31.000000000000192	8.11442
31.100000000000193	10.0027
31.200000000000195	5.6608
31.300000000000196	6.00876
31.400000000000198	7.76949
31.500000000000199	9.41053
31.6000000000002	11.2578
31.700000000000202	6.01675
31.800000000000203	7.64483
31.900000000000205	9.41558
32.000000000000206	11.262
32.100000000000207	6.06205
32.200000000000209	7.81055
32.30000000000021	9.55024
32.400000000000212	5.46219
32.500000000000213	6.48145
32.600000000000215	8.26161
32.700000000000216	11.0702
32.800000000000217	12.9888
32.900000000000219	7.22523
33.00000000000022	8.26679
33.100000000000222	10.1264
33.200000000000223	5.53939
33.300000000000225	7.27745
33.400000000000226	9.12079
33.500000000000227	11.0172
33.600000000000229	12.866
33.70000000000023	14.6856
33.800000000000232	16.5465
33.900000000000233	18.1626
34.000000000000234	9.0813
34.100000000000236	9.0813
34.200000000000237	9.82595
34.300000000000239	11.6067
34.40000000000024	13.4486
34.500000000000242	15.3296
34.600000000000243	8.50146
34.700000000000244	8.50146
34.800000000000246	10.2206
34.900000000000247	12.1091
35.000000000000249	14.0278
35.10000000000025	15.9029
35.200000000000252	17.7486
35.300000000000253	19.6243
35.400000000000254	10.4783
35.500000000000256	10.6683
35.600000000000257	12.4888
35.700000000000259	6.96564
35.80000000000026	8.04146
35.900000000000261	9.84218
36.000000000000263	11.6205
36.100000000000264	13.4604
36.200000000000266	15.3399
36.300000000000267	17.2462
36.400000000000269	8.70978
36.50000000000027	10.8666
36.600000000000271	12.5789
36.700000000000273	14.4349
36.800000000000274	16.3245
36.900000000000276	8.61023
37.000000000000277	10.0144
37.100000000000279	11.8515
37.20000000000028	6.25685
37.300000000000281	8.08749
37.400000000000283	9.98094
37.500000000000284	11.7381
37.600000000000286	13.562
37.700000000000287	15.4291
37.800000000000288	17.2676
37.90000000000029	9.30687
38.000000000000291	11.1714
38.100000000000293	13.0751
38.200000000000294	15.0032
38.300000000000296	16.8883
38.400000000000297	19.6817
38.500000000000298	21.5745
38.6000000000003	11.3304
38.700000000000301	12.7474
38.800000000000303	14.5819
38.900000000000304	16.4545
39.000000000000306	18.2991
39.100000000000307	20.2227
39.200000000000308	22.0691
39.30000000000031	24.0235
39.400000000000311	12.6014
39.500000000000313	13.8886
39.600000000000314	15.7167
39.700000000000315	17.582
39.800000000000317	9.47633
39.900000000000318	10.4834
40.00000000000032	12.3315
40.100000000000321	14.22
40.200000000000323	16.1349
40.300000000000324	19.0395
40.400000000000325	9.88102
40.500000000000327	11.0338
40.600000000000328	12.8802
40.70000000000033	6.99972
40.800000000000331	6.99972
40.900000000000333	6.99972
41.000000000000334	4.16441
41.100000000000335	6.14322
41.200000000000337	8.00038
41.300000000000338	9.80873
41.40000000000034	11.5922
41.500000000000341	13.436
41.600000000000342	15.3186
41.700000000000344	17.2272
41.800000000000345	19.1542
41.900000000000347	21.0945
42.000000000000348	23.0449
42.10000000000035	12.1359
42.200000000000351	6.19072
42.300000000000352	3.25484
42.400000000000354	4.57681
42.500000000000355	6.26635
42.600000000000357	8.0948
42.700000000000358	9.98685
42.80000000000036	11.7431
42.900000000000361	13.5663
43.000000000000362	15.4329
43.100000000000364	8.25276
43.200000000000365	10.115
43.30000