10	1
10.1	1
10.199999999999999	1
10.299999999999999	1
10.399999999999999	1
10.499999999999998	1
10.599999999999998	1
10.699999999999998	1
10.799999999999997	1
10.899999999999997	1
10.999999999999996	1
11.099999999999996	1
11.199999999999996	1
11.299999999999995	1
11.399999999999995	1
11.499999999999995	1
11.599999999999994	1
11.699999999999994	1
11.799999999999994	1
11.899999999999993	1
11.999999999999993	1
12.099999999999993	1
12.199999999999992	1
12.299999999999992	1
12.399999999999991	1
12.499999999999991	1
12.599999999999991	1
12.69999999999999	1
12.79999999999999	1
12.89999999999999	1
12.999999999999989	1
13.099999999999989	1
13.199999999999989	1
13.299999999999988	1
13.399999999999988	1
13.499999999999988	1
13.599999999999987	1
13.699999999999987	1
13.799999999999986	1
13.899999999999986	1
13.999999999999986	1
14.099999999999985	1
14.199999999999985	1
14.299999999999985	1
14.399999999999984	1
14.499999999999984	1
14.599999999999984	1
14.699999999999983	1
14.799999999999983	1
14.899999999999983	1
14.999999999999982	1
15.099999999999982	1
15.199999999999982	1
15.299999999999981	1
15.399999999999981	1
15.49999999999998	1
15.59999999999998	1
15.69999999999998	1
15.799999999999979	1
15.899999999999979	1
15.999999999999979	1
16.09999999999998	1
16.199999999999982	1
16.299999999999983	1
16.399999999999984	1
16.499999999999986	1
16.599999999999987	1
16.699999999999989	1
16.79999999999999	1
16.899999999999991	1
16.999999999999993	1
17.099999999999994	1
17.199999999999996	30
17.299999999999997	30
17.399999999999999	15.3462
17.5	20.2431
17.600000000000001	17.1122
17.700000000000003	27.6642
17.800000000000004	22.7556
17.900000000000006	33.3497
18.000000000000007	24.574
18.100000000000009	20.9166
18.20000000000001	16.9316
18.300000000000011	9.32128
18.400000000000013	19.6885
18.500000000000014	30.2666
18.600000000000016	41.0655
18.700000000000017	23.846
18.800000000000018	16.7175
18.90000000000002	13.3099
19.000000000000021	14.3149
19.100000000000023	24.9294
19.200000000000024	9.72495
19.300000000000026	11.1213
19.400000000000027	20.3049
19.500000000000028	31.0276
19.60000000000003	21.6071
19.700000000000031	8.70009
19.800000000000033	8.78061
19.900000000000034	10.9603
20.000000000000036	20.2668
20.100000000000037	15.0926
20.200000000000038	8.97161
20.30000000000004	9.1733
20.400000000000041	19.4655
20.500000000000043	15.525
20.600000000000044	14.3631
20.700000000000045	24.0169
20.800000000000047	34.5713
20.900000000000048	17.897
21.00000000000005	27.5088
21.100000000000051	11.5026
21.200000000000053	11.3829
21.300000000000054	20.9806
21.400000000000055	16.4405
21.500000000000057	13.2399
21.600000000000058	23.6617
21.70000000000006	15.5576
21.800000000000061	14.5776
21.900000000000063	15.1737
22.000000000000064	24.7534
22.100000000000065	20.0028
22.200000000000067	10.585
22.300000000000068	10.3242
22.40000000000007	9.52895
22.500000000000071	10.7236
22.600000000000072	20.1402
22.700000000000074	7.56205
22.800000000000075	10.2938
22.900000000000077	20.7042
23.000000000000078	31.2902
23.10000000000008	42.0877
23.200000000000081	12.6681
23.300000000000082	10.2831
23.400000000000084	16.3158
23.500000000000085	26.9946
23.600000000000087	21.0839
23.700000000000088	15.0281
23.80000000000009	25.4238
23.900000000000091	18.8378
24.000000000000092	29.3139
24.100000000000094	14.0983
24.200000000000095	24.5218
24.300000000000097	21.2216
24.400000000000098	16.1955
24.500000000000099	13.1413
24.600000000000101	8.98729
24.700000000000102	19.1711
24.800000000000104	29.7989
24.900000000000105	23.397
25.000000000000107	20.1829
25.100000000000108	30.8508
25.200000000000109	20.2384
25.300000000000111	18.0388
25.400000000000112	13.5629
25.500000000000114	6.9638
25.600000000000115	10.4405
25.700000000000117	9.26796
25.800000000000118	9.07632
25.900000000000119	19.3168
26.000000000000121	15.9773
26.100000000000122	11.8545
26.200000000000124	22.0261
26.300000000000125	17.3835
26.400000000000126	15.3623
26.500000000000128	25.0297
26.600000000000129	20.3107
26.700000000000131	16.1555
26.800000000000132	26.7115
26.900000000000134	37.3609
27.000000000000135	14.5214
27.100000000000136	24.2773
27.200000000000138	8.14903
27.300000000000139	18.3636
27.400000000000141	14.1037
27.500000000000142	9.01661
27.600000000000144	8.71842
27.700000000000145	19.0472
27.800000000000146	28.5867
27.900000000000148	18.6781
28.000000000000149	29.2459
28.100000000000151	21.5107
28.200000000000152	15.1144
28.300000000000153	25.5141
28.400000000000155	35.232
28.500000000000156	11.0938
28.600000000000158	21.4414
28.700000000000159	14.4398
28.800000000000161	14.8778
28.900000000000162	13.4655
29.000000000000163	12.3198
29.100000000000165	21.6874
29.200000000000166	7.28239
29.300000000000168	17.4904
29.400000000000169	15.601
29.500000000000171	26.1517
29.600000000000172	11.6692
29.700000000000173	12.7605
29.800000000000175	23.1825
29.900000000000176	20.3443
30.000000000000178	13.5907
30.100000000000179	13.2018
30.20000000000018	23.6828
30.300000000000182	15.9779
30.400000000000183	12.3113
30.500000000000185	22.8514
30.600000000000186	16.454
30.700000000000188	8.98944
30.800000000000189	19.1721
30.90000000000019	29.7995
31.000000000000192	8.5226
31.100000000000193	16.8915
31.200000000000195	13.1507
31.300000000000196	23.3991
31.400000000000198	17.9926
31.500000000000199	14.0389
31.6000000000002	12.2086
31.700000000000202	12.0081
31.800000000000203	22.3342
31.900000000000205	16.4878
32.000000000000206	27.0988
32.100000000000207	9.96365
32.200000000000209	9.87371
32.30000000000021	15.9992
32.400000000000212	26.3908
32.500000000000213	18.1438
32.600000000000215	13.3939
32.700000000000216	9.53613
32.800000000000217	17.9882
32.900000000000219	16.1991
33.00000000000022	26.7753
33.100000000000222	18.5556
33.200000000000223	28.2264
33.300000000000225	17.9524
33.400000000000226	18.0907
33.500000000000227	28.631
33.600000000000229	10.715
33.70000000000023	21.1067
33.800000000000232	31.7159
33.900000000000233	23.3416
34.000000000000234	17.9045
34.100000000000236	28.3378
34.200000000000237	19.3111
34.300000000000239	16.3273
34.40000000000024	27.0016
34.500000000000242	37.5954
34.600000000000243	25.3797
34.700000000000244	18.5713
34.800000000000246	29.1435
34.900000000000247	38.9568
35.000000000000249	12.9916
35.10000000000025	20.4263
35.200000000000252	16.3766
35.300000000000253	27.0314
35.400000000000254	21.167
35.500000000000256	17.2301
35.600000000000257	27.8812
35.700000000000259	38.4926
35.80000000000026	10.7001
35.900000000000261	19.7765
36.000000000000263	16.9013
36.100000000000264	27.1317
36.200000000000266	18.0873
36.300000000000267	28.5589
36.400000000000269	10.8668
36.50000000000027	10.6724
36.600000000000271	12.2085
36.700000000000273	22.6642
36.800000000000274	9.33302
36.900000000000276	19.694
37.000000000000277	17.5768
37.100000000000279	28.0965
37.20000000000028	38.8038
37.300000000000281	11.1636
37.400000000000283	19.3695
37.500000000000284	17.1532
37.600000000000286	15.4288
37.700000000000287	12.2322
37.800000000000288	21.0754
37.90000000000029	17.2041
38.000000000000291	14.3108
38.100000000000293	23.9857
38.200000000000294	7.96023
38.300000000000296	18.116
38.400000000000297	16.0606
38.500000000000298	13.652
38.6000000000003	15.4399
38.700000000000301	25.0774
38.800000000000303	8.37268
38.900000000000304	13.6599
39.000000000000306	24.1488
39.100000000000307	17.0991
39.200000000000308	13.8715
39.30000000000031	24.2689
39.400000000000311	16.4566
39.500000000000313	26.063
39.600000000000314	14.3301
39.700000000000315	24.9381
39.800000000000317	16.8128
39.900000000000318	11.4138
40.00000000000032	9.88464
40.100000000000321	18.2296
40.200000000000323	16.0324
40.300000000000324	26.4866
40.400000000000325	37.2006
40.500000000000327	26.4918
40.600000000000328	11.5099
40.70000000000033	8.04384
40.800000000000331	17.1891
40.900000000000333	15.4367
41.000000000000334	12.6569
41.100000000000335	17.9037
41.200000000000337	17.1088
41.300000000000338	26.6675
41.40000000000034	21.2295
41.500000000000341	31.986
41.600000000000342	20.5874
41.700000000000344	16.4079
41.800000000000345	14.8721
41.900000000000347	12.0822
42.000000000000348	22.4633
42.10000000000035	14.4469
42.200000000000351	9.25961
42.300000000000352	17.3312
42.400000000000354	28.0152
42.500000000000355	22.3636
42.600000000000357	18.1501
42.700000000000358	28.7383
42.80000000000036	22.7903
42.900000000000361	33.3733
43.000000000000362	21.7488
43.100000000000364	10.9889
43.200000000000365	11.8673
43.300000000000367	10.6957
43.400000000000368	21.0969
43.500000000000369	19.0341
43.600000000000371	29.5421
43.700000000000372	23.035
43.800000000000374	33.6004
43.900000000000375	19.3076
44.000000000000377	19.3593
44.100000000000378	19.3593
44.200000000000379	10.4475
44.300000000000381	11.0887
44.400000000000382	3.75526
44.500000000000384	6.15576
44.600000000000385	9.06
44.700000000000387	18.3519
44.800000000000388	14.2445
44.900000000000389	14.1847
45.000000000000391	13.2153
45.100000000000392	11.9982
45.200000000000394	22.284
45.300000000000395	17.0151
45.400000000000396	12.4689
45.500000000000398	22.1822
45.600000000000399	16.6961
45.700000000000401	14.0563
45.800000000000402	24.4568
45.900000000000404	35.0499
46.000000000000405	20.9711
46.100000000000406	8.58288
46.200000000000408	9.16273
46.300000000000409	11.7196
46.400000000000411	10.1229
46.500000000000412	8.87011
46.600000000000414	6.74272
46.700000000000415	6.5981
46.800000000000416	8.13441
46.900000000000418	7.42923
47.000000000000419	3.78192
47.100000000000421	3.78192
47.200000000000422	5.19763
47.300000000000423	15.2348
47.400000000000425	25.8191
47.500000000000426	16.5142
47.600000000000428	10.2894
47.700000000000429	11.8543
47.800000000000431	13.0661
47.900000000000432	23.4373
48.000000000000433	18.2409
48.100000000000435	27.9492
48.200000000000436	10.5558
48.300000000000438	19.8509
48.400000000000439	30.3724
48.500000000000441	19.4341
48.600000000000442	19.4341
48.700000000000443	2
48.800000000000445	17.0776
48.900000000000446	13.2513
49.000000000000448	13.4681
49.100000000000449	24.041
49.20000000000045	34.6459
49.300000000000452	11.6103
49.400000000000453	22.0781
49.500000000000455	13.2075
49.600000000000456	11.2841
49.700000000000458	12.3231
49.800000000000459	10.9136
49.90000000000046	10.1438
50.000000000000462	20.4842
50.100000000000463	31.1452
50.200000000000465	17.4799
50.300000000000466	28.1073
50.400000000000468	19.3413
50.500000000000469	29.0946
50.60000000000047	23.0876
50.700000000000472	15.2095
50.800000000000473	15.2095
50.900000000000475	3
51.000000000000476	5.01768
51.100000000000477	7.44126
51.200000000000479	17.7269
51.30000000000048	14.008
51.400000000000482	24.3059
51.500000000000483	15.4193
51.600000000000485	21.9113
51.700000000000486	16.2104
51.800000000000487	12.6414
51.900000000000489	20.4031
52.00000000000049	19.0311
52.100000000000492	29.5063
52.200000000000493	19.6145
52.300000000000495	8.6565
52.400000000000496	18.0464
52.500000000000497	28.533
52.600000000000499	11.564
52.7000000000005	22.0539
52.800000000000502	32.6307
52.900000000000503	10.0076
53.000000000000504	19.3083
53.100000000000506	16.1101
53.200000000000507	26.5713
53.300000000000509	17.1488
53.40000000000051	27.7229
53.500000000000512	13.2787
53.600000000000513	23.1707
53.700000000000514	16.5501
53.800000000000516	27.1367
53.900000000000517	20.1457
54.000000000000519	30.794
54.10000000000052	19.4197
54.200000000000522	17.5025
54.300000000000523	6.57168
54.400000000000524	16.737
54.500000000000526	27.251
54.600000000000527	19.0898
54.700000000000529	14.2901
54.80000000000053	24.8749
54.900000000000531	17.0412
55.000000000000533	15.0825
55.100000000000534	15.0303
55.200000000000536	11.4928
55.300000000000537	19.3547
55.400000000000539	30.0507
55.50000000000054	10.9777
55.600000000000541	20.2762
55.700000000000543	16.0511
55.800000000000544	26.4979
55.900000000000546	17.8216
56.000000000000547	11.6399
56.100000000000549	22.0936
56.20000000000055	14.1681
56.300000000000551	10.3575
56.400000000000553	10.0989
56.500000000000554	19.6126
56.600000000000556	14.8275
56.700000000000557	11.6447
56.800000000000558	21.1234
56.90000000000056	17.3333
57.000000000000561	13.7598
57.100000000000563	24.2053
57.200000000000564	18.2689
57.300000000000566	28.9865
57.400000000000567	23.3883
57.500000000000568	16.2907
57.60000000000057	5