10	16.5478
10.1	11.9898
10.199999999999999	16.5553
10.299999999999999	22.2795
10.399999999999999	13.1391
10.499999999999998	6.97667
10.599999999999998	6.97667
10.699999999999998	12.2981
10.799999999999997	17.0755
10.899999999999997	11.1136
10.999999999999996	15.8071
11.099999999999996	9.11054
11.199999999999996	5.90046
11.299999999999995	9.23405
11.399999999999995	13.9887
11.499999999999995	19.5453
11.599999999999994	24.336
11.699999999999994	12.9064
11.799999999999994	9.92841
11.899999999999993	5.72615
11.999999999999993	2.20546
12.099999999999993	5.46062
12.199999999999992	4.85799
12.299999999999992	9.17846
12.399999999999991	14.5845
12.499999999999991	9.9746
12.599999999999991	7.52234
12.69999999999999	6.09315
12.79999999999999	11.4789
12.89999999999999	7.97016
12.999999999999989	12.6486
13.099999999999989	17.3293
13.199999999999989	10.5222
13.299999999999988	15.2015
13.399999999999988	21.0098
13.499999999999988	25.7607
13.599999999999987	14.033
13.699999999999987	14.033
13.799999999999986	1
13.899999999999986	1
13.999999999999986	1
14.099999999999985	1
14.199999999999985	2.5
14.299999999999985	6.5768
14.399999999999984	11.1258
14.499999999999984	16.7987
14.599999999999984	10.1806
14.699999999999983	3.4969
14.799999999999983	3.27379
14.899999999999983	6.74232
14.999999999999982	4.63085
15.099999999999982	4.99836
15.199999999999982	9.25239
15.299999999999981	14.9696
15.399999999999981	9.16965
15.49999999999998	14.5101
15.59999999999998	9.14844
15.69999999999998	9.78579
15.799999999999979	14.3578
15.899999999999979	9.1715
15.999999999999979	13.8756
16.09999999999998	10.4149
16.199999999999982	15.1276
16.299999999999983	9.60904
16.399999999999984	15.1919
16.499999999999986	9.52655
16.599999999999987	7.81502
16.699999999999989	5.81969
16.79999999999999	4.37199
16.899999999999991	8.82193
16.999999999999993	14.2937
17.099999999999994	9.33513
17.199999999999996	12.3866
17.299999999999997	17.1393
17.399999999999999	22.7605
17.5	6.81341
17.600000000000001	11.6172
17.700000000000003	7.40275
17.800000000000004	12.1366
17.900000000000006	9.3413
18.000000000000007	6.92197
18.100000000000009	10.3109
18.20000000000001	5.88319
18.300000000000011	10.8271
18.400000000000013	8.1065
18.500000000000014	6.24801
18.600000000000016	10.5625
18.700000000000017	6.96139
18.800000000000018	10.8122
18.90000000000002	16.3499
19.000000000000021	9.18471
19.100000000000023	14.311
19.200000000000024	19.0549
19.300000000000026	12.4274
19.400000000000027	17.0516
19.500000000000028	9.36551
19.60000000000003	9.36551
19.700000000000031	2
19.800000000000033	2
19.900000000000034	2
20.000000000000036	2
20.100000000000037	2
20.200000000000038	6.09735
20.30000000000004	5.56291
20.400000000000041	9.13494
20.500000000000043	6.63124
20.600000000000044	11.0675
20.700000000000045	8.66462
20.800000000000047	14.0557
20.900000000000048	18.5429
21.00000000000005	9.82213
21.100000000000051	13.2202
21.200000000000053	18.7916
21.300000000000054	10.384
21.400000000000055	7.41933
21.500000000000057	11.1109
21.600000000000058	7.34392
21.70000000000006	4.96279
21.800000000000061	10.1663
21.900000000000063	14.7556
22.000000000000064	20.299
22.100000000000065	5.59262
22.200000000000067	10.1923
22.300000000000068	14.9756
22.40000000000007	11.4658
22.500000000000071	16.1805
22.600000000000072	21.0255
22.700000000000074	7.04106
22.800000000000075	10.8634
22.900000000000077	6.86016
23.000000000000078	6.86016
23.10000000000008	3
23.200000000000081	7.20419
23.300000000000082	12.7465
23.400000000000084	8.2876
23.500000000000085	12.3728
23.600000000000087	17.0707
23.700000000000088	12.1316
23.80000000000009	8.18196
23.900000000000091	3.51021
24.000000000000092	7.14481
24.100000000000094	6.14386
24.200000000000095	10.6914
24.300000000000097	16.2704
24.400000000000098	10.696
24.500000000000099	7.3661
24.600000000000101	6.39512
24.700000000000102	11.0202
24.800000000000104	7.4456
24.900000000000105	11.0378
25.000000000000107	9.53998
25.100000000000108	6.23394
25.200000000000109	11.2006
25.300000000000111	5.60028
25.400000000000112	5.60028
25.500000000000114	4.09525
25.600000000000115	4.98506
25.700000000000117	3.6687
25.800000000000118	8.96487
25.900000000000119	5.76482
26.000000000000121	11.0403
26.100000000000122	7.18898
26.200000000000124	5.65991
26.300000000000125	4.1078
26.400000000000126	4.11033
26.500000000000128	7.97299
26.600000000000129	5.99957
26.700000000000131	5.99957
26.800000000000132	1
26.900000000000134	1.62241
27.000000000000135	5.44405
27.100000000000136	10.1125
27.200000000000138	6.53208
27.300000000000139	5.7403
27.400000000000141	5.32067
27.500000000000142	5.94407
27.600000000000144	10.2901
27.700000000000145	9.16592
27.800000000000146	13.6534
27.900000000000148	7.91973
28.000000000000149	5.99532
28.100000000000151	5.50808
28.200000000000152	4.52628
28.300000000000153	9.96425
28.400000000000155	7.49264
28.500000000000156	4.90948
28.600000000000158	3.7595
28.700000000000159	3.7595
28.800000000000161	1
28.900000000000162	5.19763
29.000000000000163	4.41366
29.100000000000165	8.95533
29.200000000000166	5.3941
29.300000000000168	4.48442
29.400000000000169	3.43727
29.500000000000171	7.78784
29.600000000000172	7.22433
29.700000000000173	11.8613
29.800000000000175	8.44162
29.900000000000176	11.294
30.000000000000178	9.07567
30.100000000000179	7.1403
30.20000000000018	6.24739
30.300000000000182	5.10636
30.400000000000183	4.31876
30.500000000000185	7.4299
30.600000000000186	6.77302
30.700000000000188	5.4544
30.800000000000189	4.2306
30.90000000000019	9.52476
31.000000000000192	14.1817
31.100000000000193	9.48594
31.200000000000195	5.38774
31.300000000000196	9.98252
31.400000000000198	8.02182
31.500000000000199	6.18198
31.6000000000002	10.7131
31.700000000000202	16.2847
31.800000000000203	9.26445
31.900000000000205	4.6862
32.000000000000206	4.6862
32.100000000000207	4.03034
32.200000000000209	1.75855
32.30000000000021	6.03492
32.400000000000212	5.75683
32.500000000000213	5.46842
32.600000000000215	4.4373
32.700000000000216	3.9457
32.800000000000217	7.36235
32.900000000000219	4.64864
33.00000000000022	7.21501
33.100000000000222	11.8556
33.200000000000223	17.4052
33.300000000000225	4.72399
33.400000000000226	4.65761
33.500000000000227	4.02225
33.600000000000229	3.56234
33.70000000000023	3.84306
33.800000000000232	3.84306
33.900000000000233	3.55301
34.000000000000234	7.96541
34.100000000000236	3.9827
34.200000000000237	3.25436
34.300000000000239	6.73327
34.40000000000024	4.30766
34.500000000000242	9.66307
34.600000000000243	14.2747
34.700000000000244	20.0526
34.800000000000246	24.7046
34.900000000000247	6.40682
35.000000000000249	4.28195
35.10000000000025	2.94364
35.200000000000252	6.74679
35.300000000000253	5.45481
35.400000000000254	9.81572
35.500000000000256	6.96001
35.600000000000257	5.07318
35.700000000000259	10.121
35.80000000000026	14.6563
35.900000000000261	8.93035
36.000000000000263	5.66657
36.100000000000264	4.60801
36.200000000000266	10.0009
36.300000000000267	7.04205
36.400000000000269	11.0473
36.50000000000027	7.56176
36.600000000000271	6.56846
36.700000000000273	4.96601
36.800000000000274	9.96824
36.900000000000276	6.74051
37.000000000000277	12.1667
37.100000000000279	8.01265
37.20000000000028	13.2933
37.300000000000281	7.79215
37.400000000000283	7.79215
37.500000000000284	3.33333
37.600000000000286	3.5313
37.700000000000287	7.29462
37.800000000000288	5.80728
37.90000000000029	6.09899
38.000000000000291	10.5713
38.100000000000293	3.57792
38.200000000000294	6.74163
38.300000000000296	3.92438
38.400000000000297	5.63663
38.500000000000298	3.15781
38.6000000000003	3.15781
38.700000000000301	4.33944
38.800000000000303	2.28494
38.900000000000304	2.28494
39.000000000000306	3.55301
39.100000000000307	4.79873
39.200000000000308	4.0384
39.30000000000031	8.66513
39.400000000000311	4.61378
39.500000000000313	4.61378
39.600000000000314	8.11541
39.700000000000315	6.84669
39.800000000000317	5.04651
39.900000000000318	2.52326
40.00000000000032	2.52326
40.100000000000321	4.33944
40.200000000000323	9.67696
40.300000000000324	14.2137
40.400000000000325	9.09325
40.500000000000327	13.5309
40.600000000000328	5.37459
40.70000000000033	4.67563
40.800000000000331	4.30987
40.900000000000333	8.79195
41.000000000000334	13.6286
41.100000000000335	7.51891
41.200000000000337	5.506
41.300000000000338	10.0461
41.40000000000034	6.69349
41.500000000000341	5.24345
41.600000000000342	10.5926
41.700000000000344	6.84133
41.800000000000345	6.02345
41.900000000000347	11.2656
42.000000000000348	7.50427
42.10000000000035	5.63323
42.200000000000351	10.0157
42.300000000000352	7.6044
42.400000000000354	4.06521
42.500000000000355	4.06521
42.600000000000357	2.9
42.700000000000358	8.33628
42.80000000000036	6.53454
42.900000000000361	12.0547
43.000000000000362	16.7226
43.100000000000364	9.69398
43.200000000000365	14.1546
43.300000000000367	10.4347
43.400000000000368	7.31684
43.500000000000369	6.12484
43.600000000000371	3.37685
43.700000000000372	7.08248
43.800000000000374	3.61184
43.900000000000375	2.89524
44.000000000000377	7.96377
44.100000000000378	12.4043
44.200000000000379	9.29302
44.300000000000381	5.49719
44.400000000000382	10.9963
44.500000000000384	7.09289
44.600000000000385	12.364
44.700000000000387	7.95489
44.800000000000388	5.51382
44.900000000000389	7.25814
45.000000000000391	5.8128
45.100000000000392	9.28773
45.200000000000394	14.5847
45.300000000000395	4.22234
45.400000000000396	4.64796
45.500000000000398	3.85577
45.600000000000399	5.21254
45.700000000000401	5.74734
45.800000000000402	9.46231
45.900000000000404	6.36556
46.000000000000405	5.53429
46.100000000000406	4.95748
46.200000000000408	9.23069
46.300000000000409	5.96047
46.400000000000411	5.24086
46.500000000000412	10.3029
46.600000000000414	14.9842
46.700000000000415	4.53343
46.800000000000416	8.19467
46.900000000000418	5.95435
47.000000000000419	9.99886
47.100000000000421	8.83533
47.200000000000422	7.24631
47.300000000000423	4.54803
47.400000000000425	6.40572
47.500000000000426	4.39753
47.600000000000428	4.62493
47.700000000000429	4.62493
47.800000000000431	3.55301
47.900000000000432	7.57609
48.000000000000433	12.7247
48.100000000000435	6.47952
48.200000000000436	6.47952
48.300000000000438	4.63158
48.400000000000439	9.17299
48.500000000000441	5.97277
48.600000000000442	5.05482
48.700000000000443	9.28257
48.800000000000445	7.0212
48.900000000000446	5.57975
49.000000000000448	10.6671
49.100000000000449	6.51899
49.20000000000045	5.50055
49.300000000000452	9.52949
49.400000000000453	4.81722
49.500000000000455	4.81722
49.600000000000456	4.09525
49.700000000000458	5.94283
49.800000000000459	4.57584
49.90000000000046	8.4594
50.000000000000462	13.115
50.100000000000463	8.40866
50.200000000000465	5.98038
50.300000000000466	3.96408
50.400000000000468	3.58546
50.500000000000469	8.81887
50.60000000000047	13.3487
50.700000000000472	10.0681
50.800000000000473	14.6883
50.900000000000475	11.329
51.000000000000476	7.69176
51.100000000000477	9.12884
51.200000000000479	7.43841
51.30000000000048	5.35659
51.400000000000482	10.4579
51.500000000000483	2.71011
51.600000000000485	2.71011
51.700000000000486	2.9
51.800000000000487	3.51143
51.900000000000489	2.79957
52.00000000000049	2.66965
52.100000000000492	6.32619
52.200000000000493	7.40795
52.300000000000495	6.05882
52.400000000000496	4.44682
52.500000000000497	8.62824
52.600000000000499	6.07629
52.7000000000005	4.19116
52.800000000000502	4.37928
52.900000000000503	8.82547
53.000000000000504	3.62469
53.100000000000506	7.19997
53.200000000000507	11.8465
53.300000000000509	6.09033
53.40000000000051	4.63796
53.500000000000512	4.06448
53.600000000000513	7.28798
53.700000000000514	5.44384
53.800000000000516	9.8097
53.900000000000517	7.39328
54.000000000000519	7.39328
54.10000000000052	1
54.200000000000522	6.306
54.300000000000523	11.8491
54.400000000000524	6.93829
54.500000000000526	5.41815
54.600000000000527	4.26551
54.700000000000529	9.53996
54.80000000000053	6.81439
54.900000000000531	11.0872
55.000000000000533	6.98989
55.100000000000534	5.48933
55.200000000000536	4.16099
55.300000000000537	8.36802
55.400000000000539	7.41555
55.50000000000054	12.0615
55.600000000000541	8.57474
55.700000000000543	6.08024
55.800000000000544	11.2065
55.900000000000546	7.10433
56.000000000000547	2.64302
56.100000000000549	6.31573
56.20000000000055	4.60447
56.300000000000551