10	7.3555
10.1	15.9021
10.199999999999999	13.1327
10.299999999999999	22.6056
10.399999999999999	16.447
10.499999999999998	13.6357
10.599999999999998	23.1616
10.699999999999998	32.9061
10.799999999999997	42.5802
10.899999999999997	24.027
10.999999999999996	12.22
11.099999999999996	12.22
11.199999999999996	8.98182
11.299999999999995	8.59311
11.399999999999995	18.0162
11.499999999999995	13.6657
11.599999999999994	8.96077
11.699999999999994	18.1936
11.799999999999994	14.7853
11.899999999999993	11.6149
11.999999999999993	21.0119
12.099999999999993	30.3952
12.199999999999992	23.7363
12.299999999999992	33.373
12.399999999999991	22.4191
12.499999999999991	32.14
12.599999999999991	8.84294
12.69999999999999	10.6009
12.79999999999999	5.46952
12.89999999999999	14.3837
12.999999999999989	24.0292
13.099999999999989	16.3141
13.199999999999989	25.9348
13.299999999999988	18.5979
13.399999999999988	12.9055
13.499999999999988	6.83025
13.599999999999987	6.34973
13.699999999999987	13.4564
13.799999999999986	11.1383
13.899999999999986	8.73342
13.999999999999986	11.0395
14.099999999999985	13.242
14.199999999999985	10.6045
14.299999999999985	8.32027
14.399999999999984	7.97949
14.499999999999984	8.29362
14.599999999999984	17.3645
14.699999999999983	14.2536
14.799999999999983	23.868
14.899999999999983	14.9659
14.999999999999982	5.43772
15.099999999999982	11.3274
15.199999999999982	12.4447
15.299999999999981	6.47022
15.399999999999981	6.37954
15.49999999999998	14.6812
15.59999999999998	24.2082
15.69999999999998	19.9751
15.799999999999979	6.04034
15.899999999999979	14.1896
15.999999999999979	10.8273
16.09999999999998	12.2482
16.199999999999982	6.94639
16.299999999999983	16.0965
16.399999999999984	9.71192
16.499999999999986	9.71192
16.599999999999987	4
16.699999999999989	4
16.79999999999999	4
16.899999999999991	4
16.999999999999993	4.33944
17.099999999999994	13.1892
17.199999999999996	6.18133
17.299999999999997	8.08511
17.399999999999999	9.05663
17.5	7.66118
17.600000000000001	16.9556
17.700000000000003	16.448
17.800000000000004	16.0864
17.900000000000006	14.7029
18.000000000000007	24.2214
18.100000000000009	15.5373
18.20000000000001	24.9375
18.300000000000011	17.1519
18.400000000000013	14.5053
18.500000000000014	23.4282
18.600000000000016	11.7141
18.700000000000017	17.2513
18.800000000000018	6.38727
18.90000000000002	5.4621
19.000000000000021	6.27476
19.100000000000023	15.4363
19.200000000000024	14.5804
19.300000000000026	13.6792
19.400000000000027	11.0898
19.500000000000028	19.5333
19.60000000000003	6.07436
19.700000000000031	8.7904
19.800000000000033	9.3768
19.900000000000034	6.05935
20.000000000000036	5.74011
20.100000000000037	14.8966
20.200000000000038	24.3393
20.30000000000004	17.1879
20.400000000000041	12.5509
20.500000000000043	10.8867
20.600000000000044	10.022
20.700000000000045	9.69545
20.800000000000047	4.57753
20.900000000000048	12.4081
21.00000000000005	22.0122
21.100000000000051	31.5737
21.200000000000053	17.9515
21.300000000000054	9.22339
21.400000000000055	13.016
21.500000000000057	11.0448
21.600000000000058	8.52215
21.70000000000006	8.67959
21.800000000000061	8.41713
21.900000000000063	17.7651
22.000000000000064	11.7886
22.100000000000065	6.50132
22.200000000000067	13.4536
22.300000000000068	9.45411
22.40000000000007	10.2197
22.500000000000071	7.86043
22.600000000000072	9.2252
22.700000000000074	18.5959
22.800000000000075	5.96051
22.900000000000077	5.11089
23.000000000000078	6.22874
23.10000000000008	15.4178
23.200000000000081	6.71013
23.300000000000082	15.9968
23.400000000000084	12.6453
23.500000000000085	6.5892
23.600000000000087	6.9392
23.700000000000088	7.43166
23.80000000000009	7.01211
23.900000000000091	15.811
24.000000000000092	12.4543
24.100000000000094	8.09436
24.200000000000095	6.48871
24.300000000000097	7.56563
24.400000000000098	4.98791
24.500000000000099	4.98791
24.600000000000101	5.19763
24.700000000000102	6.35126
24.800000000000104	15.5318
24.900000000000105	9.10216
25.000000000000107	12.0077
25.100000000000108	11.3146
25.200000000000109	10.2507
25.300000000000111	12.1249
25.400000000000112	10.8229
25.500000000000114	11.7501
25.600000000000115	21.1815
25.700000000000117	7.88445
25.800000000000118	17.1156
25.900000000000119	13.147
26.000000000000121	9.79183
26.100000000000122	9.74817
26.200000000000124	10.9808
26.300000000000125	10.0857
26.400000000000126	7.35017
26.500000000000128	12.9845
26.600000000000129	13.7599
26.700000000000131	6.37219
26.800000000000132	8.81315
26.900000000000134	18.1217
27.000000000000135	14.6782
27.100000000000136	11.751
27.200000000000138	5.85899
27.300000000000139	8.13283
27.400000000000141	6.57375
27.500000000000142	6.91643
27.600000000000144	10.729
27.700000000000145	20.143
27.800000000000146	11.29
27.900000000000148	4.92971
28.000000000000149	5.93825
28.100000000000151	15.0399
28.200000000000152	24.5089
28.300000000000153	14.5859
28.400000000000155	10.8437
28.500000000000156	9.35593
28.600000000000158	7.96976
28.700000000000159	7.55963
28.800000000000161	7.25505
28.900000000000162	4.55149
29.000000000000163	5.18531
29.100000000000165	13.7794
29.200000000000166	11.9894
29.300000000000168	8.94632
29.400000000000169	8.94632
29.500000000000171	4
29.600000000000172	5.31487
29.700000000000173	13.4605
29.800000000000175	10.4125
29.900000000000176	12.647
30.000000000000178	21.177
30.100000000000179	6.16681
30.20000000000018	6.49576
30.300000000000182	6.49576
30.400000000000183	2
30.500000000000185	2
30.600000000000186	2
30.700000000000188	2
30.800000000000189	2
30.90000000000019	10.5704
31.000000000000192	8.52111
31.100000000000193	9.28341
31.200000000000195	4.81016
31.300000000000196	7.77848
31.400000000000198	10.8889
31.500000000000199	6.4622
31.6000000000002	8.83526
31.700000000000202	4.37021
31.800000000000203	11.2274
31.900000000000205	5.20618
32.000000000000206	10.5745
32.100000000000207	9.8545
32.200000000000209	9.8545
32.30000000000021	1
32.400000000000212	10.1462
32.500000000000213	10.3744
32.600000000000215	19.8565
32.700000000000216	7.53959
32.800000000000217	5.36658
32.900000000000219	5.36658
33.00000000000022	5.39003
33.100000000000222	6.89716
33.200000000000223	7.78443
33.300000000000225	4.43647
33.400000000000226	4.43647
33.500000000000227	5.92867
33.600000000000229	10.2986
33.70000000000023	19.7665
33.800000000000232	15.4137
33.900000000000233	8.36158
34.000000000000234	7.85094
34.100000000000236	17.0416
34.200000000000237	12.9502
34.300000000000239	19.9032
34.40000000000024	13.6973
34.500000000000242	21.2616
34.600000000000243	31.0231
34.700000000000244	40.7026
34.800000000000246	22.9828
34.900000000000247	11.6643
35.000000000000249	7.79757
35.10000000000025	6.84412
35.200000000000252	14.127
35.300000000000253	12.1131
35.400000000000254	5.81678
35.500000000000256	4.0291
35.600000000000257	6.15901
35.700000000000259	8.2289
35.80000000000026	10.8518
35.900000000000261	5.1848
36.000000000000263	5.06405
36.100000000000264	7.97637
36.200000000000266	10.0298
36.300000000000267	12.9656
36.400000000000269	22.3305
36.50000000000027	5.90937
36.600000000000271	14.2762
36.700000000000273	10.7056
36.800000000000274	19.9809
36.900000000000276	11.2121
37.000000000000277	12.0887
37.100000000000279	4.88508
37.20000000000028	6.18064
37.300000000000281	9.54188
37.400000000000283	11.1587
37.500000000000284	12.1343
37.600000000000286	11.4138
37.700000000000287	20.9496
37.800000000000288	8.81185
37.90000000000029	8.15885
38.000000000000291	9.96428
38.100000000000293	11.6194
38.200000000000294	6.56369
38.300000000000296	7.99455
38.400000000000297	16.9903
38.500000000000298	15.7094
38.6000000000003	7.49895
38.700000000000301	16.824
38.800000000000303	12.0769
38.900000000000304	10.0627
39.000000000000306	9.02558
39.100000000000307	17.5536
39.200000000000308	5.77295
39.30000000000031	10.1932
39.400000000000311	10.0897
39.500000000000313	7.17692
39.600000000000314	6.55963
39.700000000000315	9.09099
39.800000000000317	18.2578
39.900000000000318	7.48248
40.00000000000032	16.5767
40.100000000000321	10.6188
40.200000000000323	10.6188
40.300000000000324	5.93074
40.400000000000325	15.037
40.500000000000327	10.3493
40.600000000000328	6.46783
40.70000000000033	7.35969
40.800000000000331	7.22783
40.900000000000333	9.82386
41.000000000000334	9.56629
41.100000000000335	9.16742
41.200000000000337	7.41001
41.300000000000338	8.82837
41.40000000000034	6.86264
41.500000000000341	6.96073
41.600000000000342	4.74788
41.700000000000344	9.22158
41.800000000000345	10.0497
41.900000000000347	3.52553
42.000000000000348	12.2349
42.10000000000035	5.57559
42.200000000000351	14.6308
42.300000000000352	9.52566
42.400000000000354	8.11284
42.500000000000355	4.25456
42.600000000000357	6.24272
42.700000000000358	8.03241
42.80000000000036	11.4539
42.900000000000361	7.77025
43.000000000000362	7.26621
43.100000000000364	8.85311
43.200000000000365	11.8571
43.300000000000367	13.0536
43.400000000000368	10.0111
43.500000000000369	5.48371
43.600000000000371	5.80577
43.700000000000372	12.1015
43.800000000000374	12.6416
43.900000000000375	10.0374
44.000000000000377	19.3237
44.100000000000378	6.77374
44.200000000000379	15.8978
44.300000000000381	12.7722
44.400000000000382	6.02222
44.500000000000384	7.7782
44.600000000000385	17.0672
44.700000000000387	6.46548
44.800000000000388	6.00888
44.900000000000389	14.0343
45.000000000000391	12.1142
45.100000000000392	12.5804
45.200000000000394	12.7513
45.300000000000395	5.30523
45.400000000000396	8.98209
45.500000000000398	7.47069
45.600000000000399	8.99147
45.700000000000401	7.96559
45.800000000000402	9.2924
45.900000000000404	5.2977
46.000000000000405	5.06757
46.100000000000406	8.3101
46.200000000000408	10.0188
46.300000000000409	19.3141
46.400000000000411	7.05092
46.500000000000412	10.1738
46.600000000000414	7.5276
46.700000000000415	7.14283
46.800000000000416	7.13645
46.900000000000418	15.1554
47.000000000000419	12.8791
47.100000000000421	10.6942
47.200000000000422	8.25834
47.300000000000423	8.25834
47.400000000000425	4
47.500000000000426	12.8523
47.600000000000428	10.1691
47.700000000000429	18.3303
47.800000000000431	7.74537
47.900000000000432	6.37361
48.000000000000433	6.24755
48.100000000000435	6.74178
48.200000000000436	5.487
48.300000000000438	14.5977
48.400000000000439	6.10748
48.500000000000441	15.2388
48.600000000000442	4.62825
48.700000000000443	8.6052
48.800000000000445	17.2263
48.900000000000446	9.12174
49.000000000000448	11.1599
49.100000000000449	8.78917
49.20000000000045	11.3659
49.300000000000452	9.40332
49.400000000000453	4.99547
49.500000000000455	11.9933
49.600000000000456	21.27
49.700000000000458	7.34617
49.800000000000459	7.06079
49.90000000000046	9.25151
50.000000000000462	10.7731
50.100000000000463	10.1403
50.200000000000465	13.0637
50.300000000000466	6.29952
50.400000000000468	14.1598
50.500000000000469	4.78271
50.60000000000047	4.78271
50.700000000000472	2
50.800000000000473	4.17408
50.900000000000475	13.1371
51.000000000000476	13.2944
51.100000000000477	22.9191
51.200000000000479	32.4906
51.30000000000048	4.48044
51.400000000000482	5.69709
51.500000000000483	3.59712
51.600000000000485	7.11633
51.700000000000486	7.07327
51.800000000000487	7.33281
51.900000000000489	16.6311
52.00000000000049	9.46999
52.100000000000492	9.46999
52.200000000000493	7.25303
52.300000000000495	7.16399
52.400000000000496	7.16399
52.500000000000497	2
52.600000000000499	4.95534
52.7000000000005	13.5488
52.800000000000502	23.1107
52.900000000000503	15.7207
53.000000000000504	10.7925
53.100000000000506	4.6649
53.200000000000507	11.8619
53.300000000000509	12.3598
53.40000000000051	11.5558
53.500000000000512	5.35888
53.600000000000513	14.4817
53.700000000000514	13.0339
53.800000000000516	10.9591
53.900000000000517	18.6718
54.000000000000519	17.0948
54.10000000000052	10.2066
54.200000000000522	19.6171
54.300000000000523	15.7983
54.400000000000524	6.52438
54.500000000000526	7.31459
54.600000000000527	7.71774
54.700000000000529	8.82854
54.80000000000053	10.5896
54.900000000000531	9.09953
55.000000000000533	8.76965
55.100000000000534	8.68321
55.200000000000536	6.88952
55.300000000000537	5.38319
55.400000000000539	5.23571
55.50000000000054	2.71335
55.600000000000541	2.71335
55.700000000000543	7.02286
55.800000000000544	6.94333
55.900000000000546	16.0952
56.000000000000547	25.6422
56.100000000000549	8.21281
56.20000000000055	8.63952
56.300000000000