10	1
10.1	1
10.199999999999999	1
10.299999999999999	1
10.399999999999999	1
10.499999999999998	1
10.599999999999998	1
10.699999999999998	1
10.799999999999997	1
10.899999999999997	1
10.999999999999996	1
11.099999999999996	1
11.199999999999996	1
11.299999999999995	1
11.399999999999995	1
11.499999999999995	1
11.599999999999994	1
11.699999999999994	1
11.799999999999994	1
11.899999999999993	1
11.999999999999993	1
12.099999999999993	1
12.199999999999992	1
12.299999999999992	1
12.399999999999991	1
12.499999999999991	1
12.599999999999991	1
12.69999999999999	1
12.79999999999999	1
12.89999999999999	1
12.999999999999989	1
13.099999999999989	1
13.199999999999989	1
13.299999999999988	1
13.399999999999988	1
13.499999999999988	1
13.599999999999987	1
13.699999999999987	1
13.799999999999986	1
13.899999999999986	1
13.999999999999986	1
14.099999999999985	1
14.199999999999985	1
14.299999999999985	1
14.399999999999984	1
14.499999999999984	1
14.599999999999984	1
14.699999999999983	1
14.799999999999983	1
14.899999999999983	1
14.999999999999982	1
15.099999999999982	1
15.199999999999982	1
15.299999999999981	1
15.399999999999981	1
15.49999999999998	1
15.59999999999998	1
15.69999999999998	1
15.799999999999979	1
15.899999999999979	1
15.999999999999979	1
16.09999999999998	1
16.199999999999982	1
16.299999999999983	1
16.399999999999984	1
16.499999999999986	1
16.599999999999987	1
16.699999999999989	1
16.79999999999999	1
16.899999999999991	1
16.999999999999993	1
17.099999999999994	1
17.199999999999996	1
17.299999999999997	1
17.399999999999999	1
17.5	1
17.600000000000001	1
17.700000000000003	1
17.800000000000004	1
17.900000000000006	1
18.000000000000007	1
18.100000000000009	1
18.20000000000001	1
18.300000000000011	1
18.400000000000013	1
18.500000000000014	1
18.600000000000016	1
18.700000000000017	1
18.800000000000018	1
18.90000000000002	1
19.000000000000021	1
19.100000000000023	1
19.200000000000024	1
19.300000000000026	1
19.400000000000027	1
19.500000000000028	1
19.60000000000003	1
19.700000000000031	1
19.800000000000033	1
19.900000000000034	1
20.000000000000036	1
20.100000000000037	1
20.200000000000038	1
20.30000000000004	1
20.400000000000041	1
20.500000000000043	1
20.600000000000044	1
20.700000000000045	1
20.800000000000047	1
20.900000000000048	1
21.00000000000005	1
21.100000000000051	1
21.200000000000053	1
21.300000000000054	1
21.400000000000055	1
21.500000000000057	1
21.600000000000058	1
21.70000000000006	1
21.800000000000061	1
21.900000000000063	1
22.000000000000064	1
22.100000000000065	1
22.200000000000067	1
22.300000000000068	1
22.40000000000007	1
22.500000000000071	1
22.600000000000072	1
22.700000000000074	1
22.800000000000075	2
22.900000000000077	4
23.000000000000078	8
23.10000000000008	16
23.200000000000081	64
23.300000000000082	32
23.400000000000084	32
23.500000000000085	32
23.600000000000087	1
23.700000000000088	2
23.80000000000009	4
23.900000000000091	6
24.000000000000092	10
24.100000000000094	13
24.200000000000095	16.7345
24.300000000000097	17.6663
24.400000000000098	18.6051
24.500000000000099	20.4511
24.600000000000101	21.4077
24.700000000000102	11.0942
24.800000000000104	11.1844
24.900000000000105	12.1314
25.000000000000107	13.0862
25.100000000000108	14.047
25.200000000000109	15.0128
25.300000000000111	15.9827
25.400000000000112	16.8969
25.500000000000114	8.62445
25.600000000000115	8.7404
25.700000000000117	9.61721
25.800000000000118	10.5157
25.900000000000119	12.3589
26.000000000000121	13.2972
26.100000000000122	14.2438
26.200000000000124	15.197
26.300000000000125	16.1558
26.400000000000126	17.1193
26.500000000000128	18.0866
26.600000000000129	19.0572
26.700000000000131	9.68495
26.800000000000132	9.7882
26.900000000000134	10.6722
27.000000000000135	11.5749
27.100000000000136	12.4922
27.200000000000138	14.3594
27.300000000000139	15.3055
27.400000000000141	16.2579
27.500000000000142	17.2156
27.600000000000144	18.1777
27.700000000000145	19.1437
27.800000000000146	20.113
27.900000000000148	21.085
28.000000000000149	22.0595
28.100000000000151	23.0362
28.200000000000152	24.0148
28.300000000000153	24.995
28.400000000000155	25.9381
28.500000000000156	26.8853
28.600000000000158	28.7905
28.700000000000159	29.7477
28.800000000000161	30.7076
28.900000000000162	31.6699
29.000000000000163	32.6346
29.100000000000165	16.5154
29.200000000000166	16.5759
29.300000000000168	17.5162
29.400000000000169	18.4626
29.500000000000171	19.4144
29.600000000000172	20.3707
29.700000000000173	21.331
29.800000000000175	22.2948
29.900000000000176	24.231
30.000000000000178	25.2028
30.100000000000179	26.1767
30.20000000000018	27.1524
30.300000000000182	28.1299
30.400000000000183	29.1088
30.500000000000185	30.0892
30.600000000000186	31.0707
30.700000000000188	32.0534
30.800000000000189	33.0371
30.90000000000019	34.0218
31.000000000000192	35.0073
31.100000000000193	35.9936
31.200000000000195	36.9535
31.300000000000196	38.8795
31.400000000000198	39.8452
31.500000000000199	40.8125
31.6000000000002	20.5284
31.700000000000202	20.867
31.800000000000203	21.8054
31.900000000000205	22.7491
32.000000000000206	23.6973
32.100000000000207	24.6495
32.200000000000209	25.6054
32.30000000000021	26.5645
32.400000000000212	27.5265
32.500000000000213	28.4911
32.600000000000215	30.4271
32.700000000000216	31.3981
32.800000000000217	32.3709
32.900000000000219	33.3452
33.00000000000022	34.321
33.100000000000222	35.2982
33.200000000000223	36.2765
33.300000000000225	37.2561
33.400000000000226	38.2366
33.500000000000227	39.2182
33.600000000000229	20.0005
33.70000000000023	20.0005
33.800000000000232	20.1004
33.900000000000233	21.0731
34.000000000000234	11.3374
34.100000000000236	11.4256
34.200000000000237	12.3541
34.300000000000239	13.2927
34.40000000000024	14.2396
34.500000000000242	15.1931
34.600000000000243	16.1521
34.700000000000244	17.1158
34.800000000000246	18.0833
34.900000000000247	19.0541
35.000000000000249	20.0277
35.10000000000025	21.0037
35.200000000000252	21.9818
35.300000000000253	23.8596
35.400000000000254	24.8057
35.500000000000256	25.7558
35.600000000000257	26.7095
35.700000000000259	27.6664
35.80000000000026	28.6263
35.900000000000261	29.5888
36.000000000000263	30.5537
36.100000000000264	31.5208
36.200000000000266	32.4899
36.300000000000267	33.4607
36.400000000000269	34.4333
36.50000000000027	35.4073
36.600000000000271	17.8444
36.700000000000273	17.8444
36.800000000000274	17.8444
36.900000000000276	2
37.000000000000277	4
37.100000000000279	8.125
37.20000000000028	9.06232
37.300000000000281	10.0113
37.400000000000283	10.9689
37.500000000000284	11.8488
37.600000000000286	12.5879
37.700000000000287	6.29396
37.800000000000288	7.05187
37.90000000000029	7.99094
38.000000000000291	8.82924
38.100000000000293	10.5895
38.200000000000294	11.4987
38.300000000000296	12.4217
38.400000000000297	13.3556
38.500000000000298	14.2982
38.6000000000003	15.2481
38.700000000000301	16.2039
38.800000000000303	17.1646
38.900000000000304	18.1295
39.000000000000306	19.0979
39.100000000000307	20.0694
39.200000000000308	21.0434
39.30000000000031	22.0198
39.400000000000311	23.9365
39.500000000000313	24.8796
39.600000000000314	25.827
39.700000000000315	26.7781
39.800000000000317	27.7327
39.900000000000318	28.6904
40.00000000000032	29.6508
40.100000000000321	30.6138
40.200000000000323	31.579
40.300000000000324	32.5156
40.400000000000325	33.4857
40.500000000000327	16.9064
40.600000000000328	16.9064
40.70000000000033	16.9064
40.800000000000331	3
40.900000000000333	6
41.000000000000334	8.72279
41.100000000000335	9.60123
41.200000000000337	10.5011
41.300000000000338	11.4174
41.40000000000034	12.3465
41.500000000000341	13.2857
41.600000000000342	14.233
41.700000000000344	15.187
41.800000000000345	16.1464
41.900000000000347	17.1103
42.000000000000348	18.0781
42.10000000000035	19.7714
42.200000000000351	20.7112
42.300000000000352	21.8863
42.400000000000354	22.8266
42.500000000000355	23.7717
42.600000000000357	11.8858
42.700000000000358	12.6227
42.80000000000036	6.54542
42.900000000000361	6.54542
43.000000000000362	6.84749
43.100000000000364	7.68142
43.200000000000365	8.55057
43.300000000000367	9.44523
43.400000000000368	10.3588
43.500000000000369	11.723
43.600000000000371	12.6295
43.700000000000372	14.1286
43.800000000000374	15.0892
43.90000