10	1
10.1	1
10.199999999999999	1
10.299999999999999	1
10.399999999999999	1
10.499999999999998	1
10.599999999999998	1
10.699999999999998	1
10.799999999999997	1
10.899999999999997	1
10.999999999999996	1
11.099999999999996	1
11.199999999999996	1
11.299999999999995	1
11.399999999999995	1
11.499999999999995	1
11.599999999999994	1
11.699999999999994	1
11.799999999999994	1
11.899999999999993	1
11.999999999999993	1
12.099999999999993	1
12.199999999999992	1
12.299999999999992	1
12.399999999999991	1
12.499999999999991	1
12.599999999999991	1
12.69999999999999	1
12.79999999999999	1
12.89999999999999	1
12.999999999999989	1
13.099999999999989	1
13.199999999999989	1
13.299999999999988	1
13.399999999999988	1
13.499999999999988	1
13.599999999999987	1
13.699999999999987	1
13.799999999999986	1
13.899999999999986	1
13.999999999999986	1
14.099999999999985	1
14.199999999999985	1
14.299999999999985	1
14.399999999999984	1
14.499999999999984	1
14.599999999999984	1
14.699999999999983	1
14.799999999999983	1
14.899999999999983	1
14.999999999999982	1
15.099999999999982	1
15.199999999999982	1
15.299999999999981	1
15.399999999999981	1
15.49999999999998	1
15.59999999999998	1
15.69999999999998	1
15.799999999999979	1
15.899999999999979	1
15.999999999999979	1
16.09999999999998	1
16.199999999999982	1
16.299999999999983	1
16.399999999999984	1
16.499999999999986	1
16.599999999999987	1
16.699999999999989	1
16.79999999999999	1
16.899999999999991	1
16.999999999999993	1
17.099999999999994	1
17.199999999999996	1
17.299999999999997	1
17.399999999999999	1
17.5	1
17.600000000000001	1
17.700000000000003	1
17.800000000000004	1
17.900000000000006	1
18.000000000000007	1
18.100000000000009	1
18.20000000000001	1
18.300000000000011	1
18.400000000000013	1
18.500000000000014	1
18.600000000000016	1
18.700000000000017	1
18.800000000000018	1
18.90000000000002	1
19.000000000000021	1
19.100000000000023	1
19.200000000000024	1
19.300000000000026	1
19.400000000000027	1
19.500000000000028	1
19.60000000000003	1
19.700000000000031	1
19.800000000000033	1
19.900000000000034	1
20.000000000000036	1
20.100000000000037	1
20.200000000000038	1
20.30000000000004	1
20.400000000000041	1
20.500000000000043	1
20.600000000000044	1
20.700000000000045	3
20.800000000000047	2.5
20.900000000000048	6.5768
21.00000000000005	10.8517
21.100000000000051	7.17704
21.200000000000053	7.17704
21.300000000000054	1
21.400000000000055	3
21.500000000000057	3
21.600000000000058	3
21.70000000000006	3
21.800000000000061	3.55301
21.900000000000063	7.70809
22.000000000000064	5.82732
22.100000000000065	3.24292
22.200000000000067	6.2604
22.300000000000068	5.20242
22.40000000000007	4.98625
22.500000000000071	9.24594
22.600000000000072	12.6413
22.700000000000074	8.03184
22.800000000000075	5.46891
22.900000000000077	10.026
23.000000000000078	5.58187
23.10000000000008	9.03571
23.200000000000081	13.5666
23.300000000000082	18.2853
23.400000000000084	10.374
23.500000000000085	6.2411
23.600000000000087	7.55943
23.700000000000088	12.0671
23.80000000000009	8.41067
23.900000000000091	13.0837
24.000000000000092	8.39653
24.100000000000094	5.40267
24.200000000000095	5.40267
24.300000000000097	5.40267
24.400000000000098	4.33944
24.500000000000099	8.57449
24.600000000000101	6.20268
24.700000000000102	6.20268
24.800000000000104	8.53201
24.900000000000105	6.78997
25.000000000000107	11.2522
25.100000000000108	15.7146
25.200000000000109	8.5591
25.300000000000111	5.27895
25.400000000000112	6.79138
25.500000000000114	11.2531
25.600000000000115	8.12303
25.700000000000117	5.96595
25.800000000000118	7.73662
25.900000000000119	6.74773
26.000000000000121	6.20412
26.100000000000122	10.7258
26.200000000000124	7.81468
26.300000000000125	4.44972
26.400000000000126	4.44972
26.500000000000128	2
26.600000000000129	3.33666
26.700000000000131	7.48061
26.800000000000132	4.49208
26.900000000000134	4.67111
27.000000000000135	3.4831
27.100000000000136	7.6772
27.200000000000138	4.5583
27.300000000000139	7.95888
27.400000000000141	4.16502
27.500000000000142	4.16502
27.600000000000144	1
27.700000000000145	1
27.800000000000146	1
27.900000000000148	1
28.000000000000149	4.33944
28.100000000000151	3.72954
28.200000000000152	7.65788
28.300000000000153	2.53404
28.400000000000155	5.94206
28.500000000000156	3.05518
28.600000000000158	1.69124
28.700000000000159	6.00626
28.800000000000161	10.0296
28.900000000000162	6.47074
29.000000000000163	4.95734
29.100000000000165	7.54995
29.200000000000166	4.03988
29.300000000000168	4.03988
29.400000000000169	2.9
29.500000000000171	7.02286
29.600000000000172	10.4749
29.700000000000173	7.19393
29.800000000000175	5.15684
29.900000000000176	3.90556
30.000000000000178	3.90556
30.100000000000179	3.90556
30.20000000000018	3.83446
30.300000000000182	3.56677
30.400000000000183	7.97135
30.500000000000185	12.1642
30.600000000000186	9.35018
30.700000000000188	7.5058
30.800000000000189	5.30768
30.90000000000019	8.16131
31.000000000000192	12.7694
31.100000000000193	8.29999
31.200000000000195	5.7778
31.300000000000196	4.30026
31.400000000000198	3.77707
31.500000000000199	7.27565
31.6000000000002	4.83528
31.700000000000202	8.4823
31.800000000000203	5.96431
31.900000000000205	9.69864
32.000000000000206	6.86988
32.100000000000207	11.3003
32.200000000000209	7.49579
32.30000000000021	5.59809
32.400000000000212	3.15631
32.500000000000213	3.15631
32.600000000000215	2.9
32.700000000000216	5.75491
32.800000000000217	4.98506
32.900000000000219	7.29639
33.00000000000022	5.18632
33.100000000000222	5.18632
33.200000000000223	2
33.300000000000225	5.75491
33.400000000000226	5.3173
33.500000000000227	9.63715
33.600000000000229	13.3116
33.70000000000023	3.40302
33.800000000000232	5.66612
33.900000000000233	4.04978
34.000000000000234	4.79788
34.100000000000236	4.2858
34.200000000000237	8.66502
34.300000000000239	12.8639
34.40000000000024	9.03954
34.500000000000242	13.2702
34.600000000000243	17.0983
34.700000000000244	9.43997
34.800000000000246	12.1394
34.900000000000247	7.23989
35.000000000000249	11.7859
35.10000000000025	6.22757
35.200000000000252	6.03132
35.300000000000253	4.97195
35.400000000000254	8.79189
35.500000000000256	6.05233
35.600000000000257	4.38765
35.700000000000259	6.75954
35.80000000000026	3.93205
35.900000000000261	4.19238
36.000000000000263	4.22142
36.100000000000264	6.95186
36.200000000000266	3.47593
36.300000000000267	3.47593
36.400000000000269	2.9
36.50000000000027	3.33666
36.600000000000271	3.93379
36.700000000000273	8.01241
36.800000000000274	6.07979
36.900000000000276	4.83668
37.000000000000277	4.22387
37.100000000000279	2.83469
37.20000000000028	6.06816
37.300000000000281	9.44825
37.400000000000283	4.50963
37.500000000000284	5.50963
37.600000000000286	5.50963
37.700000000000287	4.33944
37.800000000000288	8.80618
37.90000000000029	13.1892
38.000000000000291	16.5585
38.100000000000293	8.27923
38.200000000000294	8.40001
38.300000000000296	8.40001
38.400000000000297	5.50703
38.500000000000298	4.26527
38.6000000000003	4.26527
38.700000000000301	2
38.800000000000303	2.5
38.900000000000304	2.5
39.000000000000306	2.5
39.100000000000307	2.5
39.200000000000308	4.33944
39.30000000000031	7.96541
39.400000000000311	6.26908
39.500000000000313	10.2859
39.600000000000314	5.74263
39.700000000000315	8.44796
39.800000000000317	4.22398
39.900000000000318	7.77576
40.00000000000032	4.76095
40.100000000000321	3.42919
40.200000000000323	5.85742
40.300000000000324	4.11496
40.400000000000325	7.58653
40.500000000000327	3.79326
40.600000000000328	3.79326
40.70000000000033	3.83446
40.800000000000331	8.21454
40.900000000000333	11.9941
41.000000000000334	8.22874
41.100000000000335	7.0688
41.200000000000337	4.76341
41.300000000000338	3.29271
41.40000000000034	3.29271
41.500000000000341	2
41.600000000000342	5.19763
41.700000000000344	9.67696
41.800000000000345	5.37936
41.900000000000347	5.37936
42.000000000000348	3.55301
42.10000000000035	7.96541
42.200000000000351	5.53549
42.300000000000352	3.56717
42.400000000000354	6.73611
42.500000000000355	3.44228
42.600000000000357	3.73279
42.700000000000358	3.73279
42.80000000000036	4.33944
42.900000000000361	3.70648
43.000000000000362	3.00976
43.100000000000364	6.14778
43.200000000000365	4.24622
43.300000000000367	8.64594
43.400000000000368	4.65907
43