10	1
10.1	1
10.199999999999999	1
10.299999999999999	1
10.399999999999999	1
10.499999999999998	1
10.599999999999998	1
10.699999999999998	1
10.799999999999997	1
10.899999999999997	1
10.999999999999996	1
11.099999999999996	1
11.199999999999996	1
11.299999999999995	1
11.399999999999995	1
11.499999999999995	1
11.599999999999994	1
11.699999999999994	1
11.799999999999994	1
11.899999999999993	1
11.999999999999993	1
12.099999999999993	1
12.199999999999992	1
12.299999999999992	1
12.399999999999991	1
12.499999999999991	1
12.599999999999991	1
12.69999999999999	1
12.79999999999999	1
12.89999999999999	1
12.999999999999989	1
13.099999999999989	1
13.199999999999989	1
13.299999999999988	1
13.399999999999988	1
13.499999999999988	1
13.599999999999987	1
13.699999999999987	1
13.799999999999986	1
13.899999999999986	1
13.999999999999986	1
14.099999999999985	1
14.199999999999985	1
14.299999999999985	1
14.399999999999984	1
14.499999999999984	1
14.599999999999984	1
14.699999999999983	1
14.799999999999983	1
14.899999999999983	1
14.999999999999982	1
15.099999999999982	1
15.199999999999982	1
15.299999999999981	1
15.399999999999981	1
15.49999999999998	1
15.59999999999998	1
15.69999999999998	1
15.799999999999979	1
15.899999999999979	1
15.999999999999979	1
16.09999999999998	1
16.199999999999982	1
16.299999999999983	1
16.399999999999984	1
16.499999999999986	1
16.599999999999987	1
16.699999999999989	1
16.79999999999999	1
16.899999999999991	1
16.999999999999993	1
17.099999999999994	1
17.199999999999996	1
17.299999999999997	1
17.399999999999999	1
17.5	1
17.600000000000001	1
17.700000000000003	1
17.800000000000004	1
17.900000000000006	1
18.000000000000007	1
18.100000000000009	1
18.20000000000001	1
18.300000000000011	1
18.400000000000013	1
18.500000000000014	1
18.600000000000016	1
18.700000000000017	1
18.800000000000018	1
18.90000000000002	1
19.000000000000021	1
19.100000000000023	1
19.200000000000024	1
19.300000000000026	1
19.400000000000027	1
19.500000000000028	1
19.60000000000003	1
19.700000000000031	1
19.800000000000033	1
19.900000000000034	1
20.000000000000036	1
20.100000000000037	1
20.200000000000038	1
20.30000000000004	1
20.400000000000041	1
20.500000000000043	1
20.600000000000044	1
20.700000000000045	1
20.800000000000047	1
20.900000000000048	1
21.00000000000005	1
21.100000000000051	1
21.200000000000053	1
21.300000000000054	1
21.400000000000055	1
21.500000000000057	1
21.600000000000058	1
21.70000000000006	1
21.800000000000061	1
21.900000000000063	1
22.000000000000064	1
22.100000000000065	1
22.200000000000067	1
22.300000000000068	1
22.40000000000007	1
22.500000000000071	1
22.600000000000072	1
22.700000000000074	1
22.800000000000075	1
22.900000000000077	1
23.000000000000078	1
23.10000000000008	1
23.200000000000081	1
23.300000000000082	1
23.400000000000084	1
23.500000000000085	1
23.600000000000087	1
23.700000000000088	1
23.80000000000009	1
23.900000000000091	1
24.000000000000092	1
24.100000000000094	1
24.200000000000095	1
24.300000000000097	1
24.400000000000098	1
24.500000000000099	1
24.600000000000101	1
24.700000000000102	1
24.800000000000104	1
24.900000000000105	1
25.000000000000107	1
25.100000000000108	1
25.200000000000109	1
25.300000000000111	1
25.400000000000112	1
25.500000000000114	1
25.600000000000115	1
25.700000000000117	1
25.800000000000118	1
25.900000000000119	1
26.000000000000121	1
26.100000000000122	1
26.200000000000124	1
26.300000000000125	1
26.400000000000126	1
26.500000000000128	1
26.600000000000129	1
26.700000000000131	1
26.800000000000132	1
26.900000000000134	1
27.000000000000135	1
27.100000000000136	1
27.200000000000138	8
27.300000000000139	29.5
27.400000000000141	30.9887
27.500000000000142	16.8552
27.600000000000144	21.5487
27.700000000000145	26.3542
27.800000000000146	31.2204
27.900000000000148	35.1402
28.000000000000149	19.806
28.100000000000151	24.5457
28.200000000000152	13.1205
28.300000000000153	8.69527
28.400000000000155	12.4083
28.500000000000156	17.1549
28.600000000000158	21.0355
28.700000000000159	25.8205
28.800000000000161	30.6083
28.900000000000162	35.4544
29.000000000000163	39.3589
29.100000000000165	44.1954
29.200000000000166	49.1258
29.300000000000168	26.0073
29.400000000000169	14.3743
29.500000000000171	19.1548
29.600000000000172	24.0236
29.700000000000173	13.372
29.800000000000175	17.2936
29.900000000000176	9.83867
30.000000000000178	12.1247
30.100000000000179	16.8921
30.20000000000018	21.5775
30.300000000000182	26.3778
30.400000000000183	30.2643
30.500000000000185	17.3209
30.600000000000186	21.2183
30.700000000000188	25.1075
30.800000000000189	15.8052
30.90000000000019	20.4955
31.000000000000192	11.8976
31.100000000000193	13.6268
31.200000000000195	9.06025
31.300000000000196	13.6565
31.400000000000198	8.19578
31.500000000000199	12.4737
31.6000000000002	17.2022
31.700000000000202	22.0491
31.800000000000203	11.5131
31.900000000000205	16.09
32.000000000000206	20.9081
32.100000000000207	24.6843
32.200000000000209	29.4872
32.30000000000021	17.4498
32.400000000000212	11.0128
32.500000000000213	6.9555
32.600000000000215	10.7151
32.700000000000216	15.0717
32.800000000000217	11.1887
32.900000000000219	14.882
33.00000000000022	19.5383
33.100000000000222	24.3303
33.200000000000223	28.2155
33.300000000000225	33.11
33.400000000000226	37.9527
33.500000000000227	20.4123
33.600000000000229	11.3443
33.70000000000023	11.8633
33.800000000000232	16.4641
33.900000000000233	10.487
34.000000000000234	15.1772
34.100000000000236	20.0156
34.200000000000237	24.5526
34.300000000000239	13.8842
34.40000000000024	9.09728
34.500000000000242	12.1264
34.600000000000243	15.9789
34.700000000000244	20.6296
34.800000000000246	25.4124
34.900000000000247	30.2649
35.000000000000249	17.0006
35.10000000000025	9.23449
35.200000000000252	13.177
35.300000000000253	17.0261
35.400000000000254	10.0754
35.500000000000256	14.0659
35.600000000000257	18.7653
35.700000000000259	22.546
35.80000000000026	27.359
35.900000000000261	32.2286
36.000000000000263	36.1496
36.100000000000264	19.1509
36.200000000000266	11.7425
36.300000000000267	16.3774
36.400000000000269	20.2097
36.50000000000027	25.0728
36.600000000000271	29.7459
36.700000000000273	33.5997
36.800000000000274	38.4587
36.900000000000276	43.3497
37.000000000000277	48.2628
37.100000000000279	26.2086
37.20000000000028	31.0976
37.300000000000281	36.0168
37.400000000000283	40.8575
37.500000000000284	20.7687
37.600000000000286	11.829
37.700000000000287	16.4394
37.800000000000288	9.51843
37.90000000000029	13.3769
38.000000000000291	7.76615
38.100000000000293	12.279
38.200000000000294	16.0325
38.300000000000296	20.7678
38.400000000000297	13.419
38.500000000000298	17.2139
38.6000000000003	11.0364
38.700000000000301	15.6253
38.800000000000303	20.3572
38.900000000000304	24.2196
39.000000000000306	14.1487
39.100000000000307	18.397
39.200000000000308	22.1954
39.30000000000031	27.0709
39.400000000000311	16.3509
39.500000000000313	11.1629
39.600000000000314	14.9969
39.700000000000315	9.20751
39.800000000000317	10.998
39.900000000000318	14.6028
40.00000000000032	19.3267
40.100000000000321	24.1608
40.200000000000323	6.69875
40.300000000000324	9.55149
40.400000000000325	14.1996
40.500000000000327	19.0242
40.600000000000328	22.8058
40.70000000000033	27.5734
40.800000000000331	32.4107
40.900000000000333	37.2907
41.000000000000334	41.2152
41.100000000000335	46.1173
41.200000000000337	51.0579
41.300000000000338	26.7346
41.40000000000034	13.7365
41.500000000000341	13.7365
41.600000000000342	16.6398
41.700000000000344	20.3737
41.800000000000345	25.2051
41.900000000000347	14.7463
42.000000000000348	19.4353
42.10000000000035	23.279
42.200000000000351	14.515
42.300000000000352	19.2606
42.400000000000354	23.1334
42.500000000000355	11.9497
42.600000000000357	16.4657
42.700000000000358	10.2876
42.80000000000036	12.3295
42.900000000000361	17.0981
43.000000000000362	21.9224
43.100000000000364	25.6271
43.200000000000365	30.4454
43.300000000000367	17.4311
43.400000000000368	9.38167
43.500000000000369	13.1283
43.600000000000371	17.9071
43.700000000000372	22.603
43.800000000000374	13.0333
43.900000000000375	17.6684
44.000000000000377	22.4145
44.100000000000378	27.2508
44.200000000000379	31.1567
44.300000000000381	36.0678
44.400000000000382	41.0002
44.500000000000384	4