10	1
10.1	1
10.199999999999999	1
10.299999999999999	1
10.399999999999999	1
10.499999999999998	1
10.599999999999998	1
10.699999999999998	1
10.799999999999997	1
10.899999999999997	1
10.999999999999996	1
11.099999999999996	1
11.199999999999996	1
11.299999999999995	1
11.399999999999995	1
11.499999999999995	1
11.599999999999994	1
11.699999999999994	1
11.799999999999994	1
11.899999999999993	1
11.999999999999993	1
12.099999999999993	1
12.199999999999992	1
12.299999999999992	1
12.399999999999991	1
12.499999999999991	1
12.599999999999991	1
12.69999999999999	1
12.79999999999999	1
12.89999999999999	1
12.999999999999989	1
13.099999999999989	1
13.199999999999989	1
13.299999999999988	1
13.399999999999988	1
13.499999999999988	1
13.599999999999987	1
13.699999999999987	1
13.799999999999986	1
13.899999999999986	1
13.999999999999986	1
14.099999999999985	1
14.199999999999985	1
14.299999999999985	1
14.399999999999984	1
14.499999999999984	1
14.599999999999984	1
14.699999999999983	1
14.799999999999983	1
14.899999999999983	1
14.999999999999982	1
15.099999999999982	1
15.199999999999982	1
15.299999999999981	1
15.399999999999981	1
15.49999999999998	1
15.59999999999998	1
15.69999999999998	1
15.799999999999979	1
15.899999999999979	1
15.999999999999979	1
16.09999999999998	1
16.199999999999982	1
16.299999999999983	1
16.399999999999984	1
16.499999999999986	1
16.599999999999987	1
16.699999999999989	1
16.79999999999999	1
16.899999999999991	1
16.999999999999993	1
17.099999999999994	1
17.199999999999996	1
17.299999999999997	1
17.399999999999999	1
17.5	1
17.600000000000001	1
17.700000000000003	1
17.800000000000004	1
17.900000000000006	8
18.000000000000007	13
18.100000000000009	13.7498
18.20000000000001	8.29525
18.300000000000011	9.10521
18.400000000000013	13.6863
18.500000000000014	4.33071
18.600000000000016	8.91558
18.700000000000017	6.50046
18.800000000000018	5.43218
18.90000000000002	10.0063
19.000000000000021	6.33667
19.100000000000023	10.9867
19.200000000000024	8.31201
19.300000000000026	13.9861
19.400000000000027	18.5983
19.500000000000028	23.3693
19.60000000000003	13.9329
19.700000000000031	8.72283
19.800000000000033	5.30093
19.900000000000034	5.30093
20.000000000000036	2
20.100000000000037	5.75491
20.200000000000038	11.1258
20.30000000000004	3.29551
20.400000000000041	7.59705
20.500000000000043	12.1733
20.600000000000044	8.61629
20.700000000000045	13.2163
20.800000000000047	7.95072
20.900000000000048	7.19664
21.00000000000005	4.90161
21.100000000000051	8.15732
21.200000000000053	12.7668
21.300000000000054	8.83088
21.400000000000055	13.3566
21.500000000000057	18.1303
21.600000000000058	11.2352
21.70000000000006	15.0507
21.800000000000061	8.95511
21.900000000000063	13.364
22.000000000000064	8.70145
22.100000000000065	10.29
22.200000000000067	15.0421
22.300000000000068	11.0412
22.40000000000007	9.10951
22.500000000000071	6.54498
22.600000000000072	6.54498
22.700000000000074	6.54498
22.800000000000075	5.25165
22.900000000000077	10.3083
23.000000000000078	15.3186
23.10000000000008	9.73678
23.200000000000081	15.2727
23.300000000000082	8.38675
23.400000000000084	12.4392
23.500000000000085	17.1772
23.600000000000087	10.8352
23.700000000000088	7.02963
23.80000000000009	10.4794
23.900000000000091	4.9468
24.000000000000092	4.47824
24.100000000000094	8.9867
24.200000000000095	13.4598
24.300000000000097	4.04233
24.400000000000098	8.06492
24.500000000000099	12.6291
24.600000000000101	4.23613
24.700000000000102	4.11396
24.800000000000104	8.4651
24.900000000000105	12.8872
25.000000000000107	8.92546
25.100000000000108	13.3442
25.200000000000109	10.0464
25.300000000000111	15.6004
25.400000000000112	9.35117
25.500000000000114	4.8342
25.600000000000115	4.8342
25.700000000000117	2.9
25.800000000000118	7.16526
25.900000000000119	6.77619
26.000000000000121	11.5087
26.100000000000122	8.51201
26.200000000000124	6.11752
26.300000000000125	4.80057
26.400000000000126	5.02781
26.500000000000128	9.37599
26.600000000000129	5.33948
26.700000000000131	9.43853
26.800000000000132	5.82238
26.900000000000134	11.1605
27.000000000000135	7.53476
27.100000000000136	2.91987
27.200000000000138	5.00859
27.300000000000139	2.90361
27.400000000000141	2.90361
27.500000000000142	2
27.600000000000144	6.09735
27.700000000000145	4.1292
27.800000000000146	5.02056
27.900000000000148	3.84081
28.000000000000149	3.48495
28.100000000000151	7.80825
28.200000000000152	5.81743
28.300000000000153	6.63138
28.400000000000155	11.1579
28.500000000000156	6.60812
28.600000000000158	4.43902
28.700000000000159	3.1649
28.800000000000161	6.2219
28.900000000000162	5.65811
29.000000000000163	5.14396
29.100000000000165	9.54386
29.200000000000166	7.06185
29.300000000000168	11.329
29.400000000000169	7.8263
29.500000000000171	6.95607
29.600000000000172	12.2866
29.700000000000173	6.76491
29.800000000000175	4.49651
29.900000000000176	9.84951
30.000000000000178	14.4012
30.100000000000179	10.009
30.20000000000018	3.3213
30.300000000000182	7.99557
30.400000000000183	6.19923
30.500000000000185	4.87048
30.600000000000186	9.81992
30.700000000000188	14.381
30.800000000000189	19.1076
30.90000000000019	10.1153
31.000000000000192	7.99106
31.100000000000193	12.4218
31.200000000000195	6.97166
31.300000000000196	4.27188
31.400000000000198	2.76187
31.500000000000199	6.03635
31.6000000000002	10.147
31.700000000000202	8.38145
31.800000000000203	13.065
31.900000000000205	8.82903
32.000000000000206	4.79675
32.100000000000207	4.79675
32.200000000000209	4.33944
32.30000000000021	4.07986
32.400000000000212	8.44897
32.500000000000213	6.33138
32.600000000000215	4.59517
32.700000000000216	3.6277
32.800000000000217	7.99791
32.900000000000219	12.1815
33.00000000000022	8.91527
33.100000000000222	8.74954
33.200000000000223	4.6534
33.300000000000225	4.2786
33.400000000000226	9.54568
33.500000000000227	5.73153
33.600000000000229	5.73153
33.70000000000023	2
33.800000000000232	6.09735
33.900000000000233	10.5704
34.000000000000234	6.44071
34.100000000000236	8.47109
34.200000000000237	5.71185
34.300000000000239	5.33719
34.40000000000024	4.66503
34.500000000000242	8.14418
34.600000000000243	2.80164
34.700000000000244	6.98507
34.800000000000246	4.4053
34.900000000000247	4.33048
35.000000000000249	3.93236
35.10000000000025	2.90966
35.200000000000252	5.20278
35.300000000000253	9.6797
35.400000000000254	6.12997
35.500000000000256	4.23982
35.600000000000257	7.7842
35.700000000000259	6.28552
35.80000000000026	5.48676
35.900000000000261	4.02982
36.000000000000263	8.3051
36.100000000000264	6.11838
36.200000000000266	10.487
36.300000000000267	3.95981
36.400000000000269	8.14951
36.50000000000027	6.38577
36.600000000000271	11.0149
36.700000000000273	8.35107
36.800000000000274	14.0093
36.900000000000276	10.1453
37.000000000000277	7.44987
37.100000000000279	12.0825
37.20000000000028	17.6172
37.300000000000281	5.14167
37.400000000000283	8.30192
37.500000000000284	5.27167
37.600000000000286	5.27167
37.700000000000287	2.9
37.800000000000288	3.34289
37.90000000000029	6.92249
38.000000000000291	5.13683
38.100000000000293	4.49872
38.200000000000294	5.13555
38.300000000000296	9.53939
38.400000000000297	15.0152
38.500000000000298	8.29994
38.6000000000003	8.29994
38.700000000000301	4
38.800000000000303	3.41118
38.900000000000304	6.50367
39.000000000000306	4.1007
39.100000000000307	8.45881
39.200000000000308	6.24386
39.30000000000031	7.95173
39.400000000000311	12.0685
39.500000000000313	9.4267
39.600000000000314	7.24986
39.700000000000315	12.5344
39.800000000000317	6.80429
39.900000000000318	9.41412
40.00000000000032	4.81269
40.100000000000321	9.15495
40.200000000000323	6.59887
40.300000000000324	6.59887
40.400000000000325	6.59887
40.500000000000327	5.05378
40.600000000000328	5.09498
40.70000000000033	2.91965
40.800000000000331	2.91965
40.900000000000333	4.33944
41.000000000000334	3.93475
41.100000000000335	8.96208
41.200000000000337	6.99674
41.300000000000338	11.5525
41.40000000000034	9.37303
41.500000000000341	14.0092
41.600000000000342	5.29579
41.700000000000344	3.47567
41.800000000000345	3.47567
41.900000000000347	2.5
42.000000000000348	7.02286
42.10000000000035	11.3049
42.200000000000351	8.26646
42.300000000000352	3.42415
42.400000000000354	2.71208
42.500000000000355	7.77434
42.600000000000357	4.76037
42.700000000000358	4.76037
42.80000000000036	2
42.900000000000361	6.26135
43.000000000000362	5.04195
43.100000000000364	6.45541
43.200000000000365	11.0551
43.300000000000367	9.1655
43.400000000000368	6.94889
43.500000000000369	4.81184
43.600000000000371	3.0749
43.700000000000372	3.511
43.800000000000374	7.9474
43.900000000000375	5.57392
44.000000000000377	11.0344
44.100000000000378	7.42119
44.200000000000379	4.09799
44.300000000000381	4.34201
44.400000000000382	4.34201
44.500000000000384	5.19763
44.600000000000385	4.17408
44.700000000000387	4.09882
44.800000000000388	3.57816
44.900000000000389	3.73532
45.000000000000391	8.04577
45.100000000000392	4.08503
45.200000000000394	8.33138
45.300000000000395	5.61078
45.400000000000396	10.1032
45.500000000000398	7.1838
45.600000000000399	5.14707
45.700000000000401	5.14707
45.800000000000402	5.14707
45.900000000000404	4.33944
46.000000000000405	2.16972
46.100000000000406	6.92249
46.200000000000408	6.52921
46.300000000000409	4.84581
46.400000000000411	4.29834
46.500000000000412	5.16881
46.600000000000414	9.66172
46.700000000000415	7.39957
46.800000000000416	3.08502
46.900000000000418	6.95358
47.000000000000419	11.2622
47.100000000000421	8.95422
47.200000000000422	4.64259
47.300000000000423	4.64259
47.400000000000425	3.83446
47.500000000000426	8.80618
47.600000000000428	6.98336
47.700000000000429	6.21492
47.800000000000431	10.732
47.900000000000432	6.99494
48.000000000000433	5.46302
48.100000000000435	4.08351
48.200000000000436	9.02666
48.300000000000438	13.5606
48.400000000000439	9.4498
48.500000000000441	7.08598
48.600000000000442	11.6064
48.700000000000443	6.53504
48.800000000000445	11.7173
48.900000000000446	16.3594
49.000000000000448	10.7297
49.100000000000449	7.27991
49.20000000000045	6.30972
49.300000000000452	4.74935
49.400000000000453	6.39206
49.500000000000455	3.63971
49.600000000000456	7.06578
49.700000000000458	11.5072
49.800000000000459	6.33624
49.90000000000046	6.33624
50.000000000000462	4.16441
50.100000000000463	8.48916
50.200000000000465	5.34551
50.300000000000466	4.97363
50.400000000000468	10.1715
50.500000000000469	6.62809
50.60000000000047	4.14095
50.700000000000472	9.16262
50.800000000000473	13.8697
50.900000000000475	8.46418
51.000000000000476	7.46418
51.100000000000477	12.0831
51.200000000000479	7.07387
51.30000000000048	7.07387
51.400000000000482	6.29162
51.500000000000483	4.14046
51.600000000000485	3.92739
51.700000000000486	8.13421
51.800000000000487	6.29692
51.900000000000489	3.93306
52.00000000000049	7.62518
52.100000000000492	11.5134
52.200000000000493	5.75669
52.300000000000495	9.25304
52.400000000000496	6.97759
52.500000000000497	12.2987
52.600000000000499	7.50762
52.7000000000005	3.82041
52.800000000000502	7.15794
52.900000000000503	5.66651
53.000000000000504	10.1339
53.100000000000506	14.7334
53.200000000000507	10.536
53.300000000000509	8.07119
53.40000000000051	5.82049
53.500000000000512	3.07959
53.600000000000513	7.09514
53.700000000000514	4.48827
53.800000000000516	8.64927
53.900000000000517	5.6364
54.000000000000519	2.90691
54.10000000000052	2.90691
54.200000000000522	2.5
54.300000000000523	5.39003
54.400000000000524	5.09176
54.500000000000526	10.4235
54.600000000000527	6.57425
54.700000000000529	10.7572
54.80000000000053	7.10627
54.900000000000531	11.4446
55.000000000000533	6.14512
55.100000000000534	3.47099
55.200000000000536	6.98306
55.300000000000537	3.49153
55.400000000000539	7.81109
55.50000000000054	12.3073
55.600000000000541	8.27295
55.700000000000543	4.43518
55.800000000000544	8.73835
55.900000000000546	5.94114
56.000000000000547	4.68799
56.100000000000549	4.36817
56.20000000000055	3.29775
56.300000000000551	8.11143
56.400000000000553	4.8986
56.500000000000554	4.8986
56.600000000000556	2
56.700000000000557	6.42106
56.800000000000558	4.34556
56.90000000000056	8.80913
57.000000000000561	6.55745
57.100000000000563	4.04425
57.200000000000564	8.31194
57.300000000000566	13.7694
57.400000000000567	8.74407
57.500000000000568	11.2567
57.60000000000057	16.0333
57.700000000000571	5.3496
57.800000000000573	4.00643
57.900000000000574	3.26148
58