10	17.296
10.1	17.9217
10.199999999999999	18.8477
10.299999999999999	19.7809
10.399999999999999	20.7203
10.499999999999998	22.6146
10.599999999999998	23.5682
10.699999999999998	24.5255
10.799999999999997	25.4861
10.899999999999997	26.4495
10.999999999999996	28.3839
11.099999999999996	14.3845
11.199999999999996	14.3845
11.299999999999995	14.3845
11.399999999999995	1
11.499999999999995	4
11.599999999999994	7.28286
11.699999999999994	8.19506
11.799999999999994	9.12509
11.899999999999993	10.0681
11.999999999999993	11.9809
12.099999999999993	12.8691
12.199999999999992	13.7725
12.299999999999992	14.6883
12.399999999999991	15.6143
12.499999999999991	17.4906
12.599999999999991	18.4384
12.69999999999999	19.3913
12.79999999999999	20.3488
12.89999999999999	21.31
12.999999999999989	23.2423
13.099999999999989	24.2125
13.199999999999989	12.4727
13.299999999999988	12.5529
13.399999999999988	13.4776
13.499999999999988	14.4123
13.599999999999987	16.3045
13.699999999999987	17.2596
13.799999999999986	18.2195
13.899999999999986	19.1833
13.999999999999986	20.1507
14.099999999999985	22.0939
14.199999999999985	23.0691
14.299999999999985	24.0463
14.399999999999984	25.0253
14.499999999999984	26.0059
14.599999999999984	27.9352
14.699999999999983	28.8862
14.799999999999983	29.8403
14.899999999999983	30.7973
14.999999999999982	31.757
15.099999999999982	33.6833
15.199999999999982	34.6496
15.299999999999981	35.6177
15.399999999999981	18.0599
15.49999999999998	18.1152
15.59999999999998	20.0565
15.69999999999998	21.0312
15.799999999999979	22.0081
15.899999999999979	22.987
15.999999999999979	23.9257
16.09999999999998	25.817
16.199999999999982	26.7685
16.299999999999983	27.7234
16.399999999999984	28.6814
16.499999999999986	29.6421
16.599999999999987	30.6053
16.699999999999989	32.5076
16.79999999999999	33.478
16.899999999999991	34.45
16.999999999999993	35.4236
17.099999999999994	36.3986
17.199999999999996	18.8208
17.299999999999997	18.8208
17.399999999999999	18.8208
17.5	19.0325
17.600000000000001	19.7553
17.700000000000003	9.87765
17.800000000000004	9.87765
17.900000000000006	10.7542
18.000000000000007	11.6505
18.100000000000009	12.5622
18.20000000000001	14.4204
18.300000000000011	15.3627
18.400000000000013	16.3117
18.500000000000014	8.42769
18.600000000000016	8.42769
18.700000000000017	9.54733
18.800000000000018	10.4519
18.90000000000002	11.3722
19.000000000000021	12.3047
19.100000000000023	13.2469
19.200000000000024	14.1968
19.300000000000026	16.1145
19.400000000000027	17.0803
19.500000000000028	18.0497
19.60000000000003	19.0222
19.700000000000031	19.9973
19.800000000000033	21.8628
19.900000000000034	22.804
20.000000000000036	23.7501
20.100000000000037	24.7003
20.200000000000038	25.6543
20.30000000000004	27.572
20.400000000000041	28.535
20.500000000000043	29.5005
20.600000000000044	14.8685
20.700000000000045	14.8685
20.800000000000047	15.2018
20.900000000000048	16.1603
21.00000000000005	17.1235
21.100000000000051	18.0906
21.200000000000053	19.061
21.300000000000054	21.01
21.400000000000055	21.9878
21.500000000000057	22.9239
21.600000000000058	23.8652
21.70000000000006	24.811
21.800000000000061	26.7144
21.900000000000063	27.6712
22.000000000000064	28.6309
22.100000000000065	29.5933
22.200000000000067	30.558
22.300000000000068	31.525
22.40000000000007	33.4647
22.500000000000071	34.4371
22.600000000000072	35.411
22.700000000000074	36.3864
22.800000000000075	37.3094
22.900000000000077	19.2355
23.000000000000078	19.2355
23.10000000000008	19.2355
23.200000000000081	19.3911
23.300000000000082	9.95038
23.400000000000084	9.95038
23.500000000000085	9.95038
23.600000000000087	1
23.700000000000088	2
23.80000000000009	3
23.900000000000091	5.68862
24.000000000000092	6.51909
24.100000000000094	7.3909
24.200000000000095	8.29104
24.300000000000097	9.21125
24.400000000000098	11.0921
24.500000000000099	12.0464
24.600000000000101	13.0075
24.700000000000102	13.9737
24.800000000000104	14.8771
24.900000000000105	16.7166
25.000000000000107	17.6494
25.100000000000108	18.589
25.200000000000109	19.5346
25.300000000000111	20.4853
25.400000000000112	21.4405
25.500000000000114	23.3619
25.600000000000115	24.3274
25.700000000000117	25.2955
25.800000000000118	26.2659
25.900000000000119	27.2385
26.000000000000121	29.1891
26.100000000000122	30.1668
26.200000000000124	31.1459
26.300000000000125	32.1263
26.400000000000126	33.1078
26.500000000000128	35.074
26.600000000000129	36.0585
26.700000000000131	37.0438
26.800000000000132	38.0298
26.900000000000134	39.0166
27.000000000000135	20.4349
27.100000000000136	20.4349
27.200000000000138	20.5327
27.300000000000139	21.3923
27.400000000000141	10.6962
27.500000000000142	12.4322
27.600000000000144	13.3653
27.700000000000145	14.3073
27.800000000000146	15.2566
27.900000000000148	16.2119
28.000000000000149	17.1721
28.100000000000151	19.1047
28.200000000000152	20.0758
28.300000000000153	21.0496
28.400000000000155	22.0257
28.500000000000156	23.0038
28.600000000000158	24.925
28.700000000000159	25.8707
28.800000000000161	26.8203
28.900000000000162	27.7734
29.000000000000163	13.9407
29.100000000000165	14.5045
29.200000000000166	15.4416
29.300000000000168	16.3861
29.400000000000169	17.3367
29.500000000000171	18.2925
29.600000000000172	20.2167
29.700000000000173	21.184
29.800000000000175	22.1541
29.900000000000176	23.1268
30.000000000000178	24.1017
30.100000000000179	26.057
30.20000000000018	27.0371
30.300000000000182	28.0186
30.400000000000183	29.0013
30.500000000000185	29.9851
30.600000000000186	31.8931
30.700000000000188	32.8512
30.800000000000189	33.8117
30.90000000000019	34.7744
31.000000000000192	35.7391
31.100000000000193	36.7057
31.200000000000195	38.6441
31.300000000000196	39.6155
31.400000000000198	40.5883
31.500000000000199	41.5624
31.6000000000002	42.5377
31.700000000000202	44.4916
31.800000000000203	45.47
31.900000000000205	46.4494
32.000000000000206	47.4296
32.100000000000207	23.9874
32.200000000000209	23.9874
32.30000000000021	24.1122
32.400000000000212	24.727
32.500000000000213	12.3635
32.600000000000215	12.3635
32.700000000000216	12.3635
32.800000000000217	2
32.900000000000219	5
33.00000000000022	6.64099
33.100000000000222	7.49836
33.200000000000223	9.29742
33.300000000000225	10.2244
33.400000000000226	11.1636
33.500000000000227	12.1123
33.600000000000229	13.0684
33.70000000000023	14.9974
33.800000000000232	15.9054
33.900000000000233	16.8237
34.000000000000234	17.7508
34.100000000000236	18.6853
34.200000000000237	19.6263
34.300000000000239	21.524
34.40000000000024	22.4795
34.500000000000242	23.4386
34.600000000000243	24.401
34.700000000000244	25.3663
34.800000000000246	27.3042
34.900000000000247	28.2764
35.000000000000249	29.2505
35.10000000000025	30.2262
35.200000000000252	31.2035
35.300000000000253	33.162
35.400000000000254	34.143
35.500000000000256	35.1251
35.600000000000257	36.1082
35.700000000000259	37.0922
35.80000000000026	18.8537
35.900000000000261	18.8537
36.000000000000263	1
36.100000000000264	2
36.200000000000266	3
36.300000000000267	9.75093
36.400000000000269	10.638
36.50000000000027	11.5434
36.600000000000271	12.463
36.700000000000273	13.394
36.800000000000274	13.8359
36.900000000000276	6.91794
37.000000000000277	6.91794
37.100000000000279	1
37.20000000000028	2
37.300000000000281	3
37.400000000000283	5.25165
37.500000000000284	6.14322
37.600000000000286	7.0626
37.700000000000287	8.00038
37.800000000000288	8.95093
37.90000000000029	10.691
38.000000000000291	11.5922
38.100000000000293	12.5082
38.200000000000294	13.436
38.300000000000296	14.3734
38.400000000000297	16.2702
38.500000000000298	17.2272
38.6000000000003	18.1887
38.700000000000301	19.1542
38.800000000000303	20.1229
38.900000000000304	22.0686
39.000000000000306	23.0449
39.100000000000307	23.9396
39.200000000000308	11.9698
39.30000000000031	12.7805
39.400000000000311	14.6108
39.500000000000313	15.5415
39.600000000000314	16.4802
39.700000000000315	17.4256
39.800000000000317	18.3768
39.900000000000318	19.3328
40.00000000000032	21.2568
40.100000000000321	22.2238
40.200000000000323	23.1935
40.300000000000324	24.1657
40.400000000000325	25.14
40.500000000000327	27.0942
40.600000000000328	28.0737
40.70000000000033	29.0545
40.800000000000331	30.0366
40.900000000000333	31.0198
41.000000000000334	32.9893
41.100000000000335	33.9458
41.200000000000337	34.9048
41.300000000000338	17.8492
41.40000000000034	17.9052
41.500000000000341	19.766
41.600000000000342	20.7061
41.700000000000344	21.6515
41.800000000000345	22.6015
41.900000000000347	23.5557
42.000000000000348	25.4745
42.10000000000035	26.4383
42.200000000000351	27.4048
42.300000000000352	28.3735
42.400000000000354	14.2571
42.500000000000355	14.2571
42.600000000000357	14.2571
42.700000000000358	2
42.80000000000036	6
42.900000000000361	7.55493
43.000000000000362	7.81738
43.100000000000364	9.76398
43.200000000000365	10.65
43.300000000000367	11.5544
43.400000000000368	12.4732
43.500000000000369	13.4035
43.600000000000371	15.29
43.700000000000372	16.2433
43.800000000000374	17.2018
43.900000000000375	18.1647
44.000000000000377	19.1314
44.100000000000378	21.0738
44.200000000000379	22.0489
44.300000000000381	23.026
44.400000000000382	24.0049
44.500000000000384	24.9855
44.600000000000385	26.8766
44.700000000000387	27.8278
44.800000000000388	28.7823
44.900000000000389	29.7397
45.000000000000391	30.6999
45.100000000000392	32.6274
45.200000000000394	33.5942
45.300000000000395	34.563
45.400000000000396	35.5335
45.500000000000398	36.5056
45.600000000000399	37.4791
45.700000000000401	39.4301
45.800000000000402	40.4074
45.900000000000404	41.3858
46.000000000000405	21.0879
46.100000000000406	21.0879
46.200000000000408	10.8942
46.300000000000409	10.8942
46.400000000000411	10.8942
46.500000000000412	1
46.600000000000414	5
46.700000000000415	6.73066
46.800000000000416	7.5777
46.900000000000418	8.80756
47.000000000000419	9.67822
47.100000000000421	10.5715
47.200000000000422	12.1613
47.300000000000423	13.1138
47.400000000000425	14.2849
47.500000000000426	15.2356
47.600000000000428	16.1921
47.700000000000429	8.60589
47.800000000000431	8.60589
47.900000000000432	9.17199
48.000000000000433	10.1106
48.100000000000435	11.0595
48.200000000000436	12.427
48.300000000000438	13.3605
48.400000000000439	14.7853
48.500000000000441	15.7056
48.600000000000442	16.635
48.700000000000443	17.5721
48.800000000000445	19.1013
48.900000000000446	20.0726
49.000000000000448	21.377
49.100000000000449	22.3387
49.20000000000045	23.3037
49.300000000000452	24.9224
49.400000000000453	25.8682
49.500000000000455	27.1885
49.600000000000456	28.1647
49.700000000000458	29.1425
49.800000000000459	14.8938
49.90000000000046	14.8938
50.000000000000462	14.8938
50.100000000000463	1
50.200000000000465	4
50.300000000000466	7
50.400000000000468	7.55493
50.500000000000469	9.34296
50.60000000000047	10.2658
50.700000000000472	11.2015
50.800000000000473	12.1472
50.900000000000475	13.1008
51.000000000000476	15.0256
51.100000000000477	15.9947
51.200000000000479	16.9082
51.30000000000048	17.8309
51.400000000000482	18.7614
51.500000000000483	20.6418
51.600000000000485	21.5901
51.700000000000486	22.5427
51.800000000000487	23.4993
51.900000000000489	11.7922
52.00000000000049	11.7922
52.100000000000492	12.3735
52.200000000000493	13.3108
52.300000000000495	14.2564
52.400000000000496	15.2089
52.500000000000497	16.0426
52.600000000000499	17.9855
52.7000000000005	18.9084
52.800000000000502	19.8388
52.900000000000503	20.7755
53.000000000000504	21.7179
53.100000000000506	11.1545
53.200000000000507	11.3331
53.300000000000509	12.2686
53.40000000000051	13.2134
53.500000000000512	14.1656
53.600000000000513	16.087
53.700000000000514	17.0543
53.800000000000516	18.0251
53.900000000000517	18.9989
54.000000000000519	19.925
54.10000000000052	21.7967
54.200000000000522	22.7407
54.300000000000523	23.6892
54.400000000000524	24.6418
54.500000000000526	25.598
54.600000000000527	26.5573
54.700000000000529	28.4844
54.80000000000053	29.4516
54.900000000000531	30.4209
55.000000000000533	31.392
55.100000000000534	32.365
55.200000000000536	34.3154
55.300000000000537	35.2927
55.400000000000539	36.2713
55.50000000000054	37.2509
55.600000000000541	38.2316
55.700000000000543	40.1959
55.800000000000544	41.1793
55.900000000000546	42.1634
56.000000000000547	43.1483
56.100000000000549	44.1339
56.20000000000055	46.1069
56.300000000000551	47.0942
56.400000000000553	48.0821
56.