10	1
10.1	1
10.199999999999999	1
10.299999999999999	1
10.399999999999999	1
10.499999999999998	1
10.599999999999998	1
10.699999999999998	1
10.799999999999997	1
10.899999999999997	1
10.999999999999996	1
11.099999999999996	1
11.199999999999996	1
11.299999999999995	1
11.399999999999995	1
11.499999999999995	1
11.599999999999994	1
11.699999999999994	1
11.799999999999994	1
11.899999999999993	1
11.999999999999993	1
12.099999999999993	1
12.199999999999992	1
12.299999999999992	1
12.399999999999991	1
12.499999999999991	1
12.599999999999991	1
12.69999999999999	1
12.79999999999999	1
12.89999999999999	1
12.999999999999989	1
13.099999999999989	1
13.199999999999989	1
13.299999999999988	1
13.399999999999988	1
13.499999999999988	1
13.599999999999987	1
13.699999999999987	1
13.799999999999986	1
13.899999999999986	1
13.999999999999986	1
14.099999999999985	1
14.199999999999985	1
14.299999999999985	1
14.399999999999984	1
14.499999999999984	1
14.599999999999984	1
14.699999999999983	1
14.799999999999983	1
14.899999999999983	1
14.999999999999982	1
15.099999999999982	1
15.199999999999982	1
15.299999999999981	1
15.399999999999981	1
15.49999999999998	1
15.59999999999998	1
15.69999999999998	1
15.799999999999979	1
15.899999999999979	1
15.999999999999979	1
16.09999999999998	1
16.199999999999982	1
16.299999999999983	1
16.399999999999984	1
16.499999999999986	1
16.599999999999987	1
16.699999999999989	1
16.79999999999999	1
16.899999999999991	1
16.999999999999993	1
17.099999999999994	1
17.199999999999996	1
17.299999999999997	1
17.399999999999999	1
17.5	1
17.600000000000001	1
17.700000000000003	1
17.800000000000004	1
17.900000000000006	1
18.000000000000007	1
18.100000000000009	1
18.20000000000001	1
18.300000000000011	1
18.400000000000013	1
18.500000000000014	1
18.600000000000016	1
18.700000000000017	1
18.800000000000018	1
18.90000000000002	1
19.000000000000021	1
19.100000000000023	1
19.200000000000024	1
19.300000000000026	1
19.400000000000027	1
19.500000000000028	7.5
19.60000000000003	13.6694
19.700000000000031	20.1306
19.800000000000033	26.9357
19.900000000000034	16.971
20.000000000000036	13.0551
20.100000000000037	8.55435
20.200000000000038	13.5513
20.30000000000004	20.2
20.400000000000041	7.16929
20.500000000000043	13.5661
20.600000000000044	20.2099
20.700000000000045	26.7716
20.800000000000047	16.7437
20.900000000000048	14.2513
21.00000000000005	21.0116
21.100000000000051	13.5822
21.200000000000053	9.57626
21.300000000000054	16.0069
21.400000000000055	10.8458
21.500000000000057	12.4002
21.600000000000058	19.084
21.70000000000006	25.8167
21.800000000000061	7.59586
21.900000000000063	6.04673
22.000000000000064	12.0523
22.100000000000065	8.88323
22.200000000000067	1
22.300000000000068	1
22.40000000000007	2
22.500000000000071	7.96541
22.600000000000072	6.24299
22.700000000000074	11.7307
22.800000000000075	8.83205
22.900000000000077	12.0963
23.000000000000078	9.29568
23.10000000000008	6.45639
23.200000000000081	12.7424
23.300000000000082	19.3077
23.400000000000084	26.0977
23.500000000000085	15.2267
23.600000000000087	10.819
23.700000000000088	7.60669
23.80000000000009	14.0883
23.900000000000091	12.0047
24.000000000000092	18.508
24.100000000000094	6.47712
24.200000000000095	10.413
24.300000000000097	7.75938
24.400000000000098	4.19184
24.500000000000099	10.1225
24.600000000000101	9.14067
24.700000000000102	15.6234
24.800000000000104	22.0098
24.900000000000105	28.5779
25.000000000000107	17.8147
25.100000000000108	24.4475
25.200000000000109	13.7283
25.300000000000111	11.6235
25.400000000000112	8.21042
25.500000000000114	14.5598
25.600000000000115	10.9818
25.700000000000117	12.4388
25.800000000000118	7.92097
25.900000000000119	5.95126
26.000000000000121	12.1712
26.100000000000122	4.69474
26.200000000000124	10.9955
26.300000000000125	17.4173
26.400000000000126	9.21166
26.500000000000128	6.34777
26.600000000000129	4.86634
26.700000000000131	10.0206
26.800000000000132	7.56348
26.900000000000134	13.2578
27.000000000000135	9.83888
27.100000000000136	17.2443
27.200000000000138	24.0354
27.300000000000139	30.7562
27.400000000000141	17.6643
27.500000000000142	10.98
27.600000000000144	10.98
27.700000000000145	2
27.800000000000146	9.98495
27.900000000000148	7.6178
28.000000000000149	7.74907
28.100000000000151	7.74907
28.200000000000152	5.97588
28.300000000000153	7.05186
28.400000000000155	6.51277
28.500000000000156	8.03063
28.600000000000158	6.62759
28.700000000000159	5.58267
28.800000000000161	11.9974
28.900000000000162	5.28866
29.000000000000163	7.23388
29.100000000000165	7.1436
29.200000000000166	13.5527
29.300000000000168	20.1512
29.400000000000169	10.6081
29.500000000000171	6.94264
29.600000000000172	5.71626
29.700000000000173	9.22818
29.800000000000175	15.7383
29.900000000000176	9.35238
30.000000000000178	12.0716
30.100000000000179	9.96393
30.20000000000018	16.3639
30.300000000000182	10.2492
30.400000000000183	7.92914
30.500000000000185	14.1227
30.600000000000186	20.7807
30.700000000000188	6.19493
30.800000000000189	6.17339
30.90000000000019	5.2115
31.000000000000192	11.222
31.100000000000193	7.72037
31.200000000000195	14.1497
31.300000000000196	11.3108
31.400000000000198	18.0111
31.500000000000199	11.7757
31.6000000000002	9.04292
31.700000000000202	14.7739
31.800000000000203	9.38759
31.900000000000205	6.65145
32.000000000000206	13.8918
32.100000000000207	20.4296
32.200000000000209	27.1966
32.30000000000021	34.0276
32.400000000000212	5.62611
32.500000000000213	11.0605
32.600000000000215	10.4251
32.700000000000216	17.0639
32.800000000000217	11.6624
32.900000000000219	7.79291
33.00000000000022	6.75667
33.100000000000222	12.0929
33.200000000000223	8.89699
33.300000000000225	14.1287
33.400000000000226	20.7848
33.500000000000227	28.431
33.600000000000229	17.1064
33.70000000000023	11.5471
33.800000000000232	9.44844
33.900000000000233	16.0563
34.000000000000234	5.57124
34.100000000000236	3.78647
34.200000000000237	4.27688
34.300000000000239	10.0577
34.40000000000024	9.39737
34.500000000000242	8.05431
34.600000000000243	14.4033
34.700000000000244	10.961
34.800000000000246	17.3956
34.900000000000247	13.769
35.000000000000249	8.48227
35.10000000000025	5.48194
35.200000000000252	9.08639
35.300000000000253	15.3326
35.400000000000254	21.9875
35.500000000000256	13.5246
35.600000000000257	15.7819
35.700000000000259	22.3924
35.80000000000026	29.1836
35.900000000000261	18.9106
36.000000000000263	10.9973
36.100000000000264	8.06163
36.200000000000266	14.4768
36.300000000000267	4.97644
36.400000000000269	10.5606
36.50000000000027	9.36973
36.600000000000271	16.6243
36.700000000000273	5.79392
36.800000000000274	11.1458
36.900000000000276	10.569
37.000000000000277	8.24848
37.100000000000279	6.41251
37.20000000000028	5.9547
37.300000000000281	12.1729
37.400000000000283	18.8313
37.500000000000284	12.2779
37.600000000000286	9.08511
37.700000000000287	7.2631
37.800000000000288	13.3177
37.90000000000029	9.70081
38.000000000000291	16.2056
38.100000000000293	11.4628
38.200000000000294	9.22609
38.300000000000296	6.88583
38.400000000000297	13.1935
38.500000000000298	10.236
38.6000000000003	16.8902
38.700000000000301	11.3531
38.800000000000303	15.4662
38.900000000000304	10.0689
39.000000000000306	8.06672
39.100000000000307	8.20946
39.200000000000308	14.6963
39.30000000000031	8.94675
39.400000000000311	15.0521
39.500000000000313	11.5739
39.600000000000314	18.8798
39.700000000000315	6.32378
39.800000000000317	12.3558
39.900000000000318	19.0552
40.00000000000032	12.6034
40.100000000000321	17.4117
40.200000000000323	12.7503
40.300000000000324	9.09619
40.400000000000325	3.82351
40.500000000000327	4.48957
40.600000000000328	10.148
40.70000000000033	10.0217
40.800000000000331	9.96398
40.900000000000333	16.241
41.000000000000334	23.0243
41.100000000000335	13.6975
41.200000000000337	9.7977
41.300000000000338	13.8688
41.40000000000034	19.9175
41.500000000000341	10.5447
41.600000000000342	15.9878
41.700000000000344	22.5378
41.800000000000345	29.2269
41.900000000000347	17.7667
42.000000000000348	13.4082
42.10000000000035	9.49356
42.200000000000351	7.22061
42.300000000000352	13.0665
42.400000000000354	19.625
42.500000000000355	11.329
42.600000000000357	8.10798
42.700000000000358	6.71279
42.80000000000036	11.9852
42.90000000000036