10	1
10.1	1
10.199999999999999	1
10.299999999999999	1
10.399999999999999	1
10.499999999999998	1
10.599999999999998	6
10.699999999999998	48
10.799999999999997	32
10.899999999999997	32
10.999999999999996	2
11.099999999999996	6
11.199999999999996	6
11.299999999999995	1
11.399999999999995	5.05378
11.499999999999995	7.61288
11.599999999999994	10.3083
11.699999999999994	13.1341
11.799999999999994	16.022
11.899999999999993	8.75775
11.999999999999993	10.0417
12.099999999999993	12.6121
12.199999999999992	15.4034
12.299999999999992	18.424
12.399999999999991	22.0823
12.499999999999991	12.2242
12.599999999999991	12.468
12.69999999999999	7.1342
12.79999999999999	9.54937
12.89999999999999	5.41565
12.999999999999989	7.46014
13.099999999999989	10.1965
13.199999999999989	13.0467
13.299999999999988	7.72651
13.399999999999988	11.048
13.499999999999988	14.153
13.599999999999987	17.0439
13.699999999999987	19.7647
13.799999999999986	22.556
13.899999999999986	25.4341
13.999999999999986	28.2312
14.099999999999985	14.3615
14.199999999999985	15.5671
14.299999999999985	18.4528
14.399999999999984	22.1062
14.499999999999984	12.5206
14.599999999999984	15.3287
14.699999999999983	18.1973
14.799999999999983	21.0068
14.899999999999983	11.2423
14.999999999999982	14.0931
15.099999999999982	7.9803
15.199999999999982	10.3899
15.299999999999981	13.5727
15.399999999999981	16.3831
15.49999999999998	19.5085
15.59999999999998	10.6615
15.69999999999998	12.4024
15.799999999999979	15.2324
15.899999999999979	18.0609
15.999999999999979	9.16804
16.09999999999998	9.16804
16.199999999999982	4.85414
16.299999999999983	7.34733
16.399999999999984	10.1146
16.499999999999986	12.9829
16.599999999999987	15.7082
16.699999999999989	19.1558
16.79999999999999	22.2057
16.899999999999991	12.3836
16.999999999999993	15.0848
17.099999999999994	8.59771
17.199999999999996	8.59771
17.299999999999997	8.59771
17.399999999999999	11.2334
17.5	5.74919
17.600000000000001	8.08692
17.700000000000003	5.08994
17.800000000000004	7.08826
17.900000000000006	4.31398
18.000000000000007	6.56029
18.100000000000009	9.24029
18.20000000000001	12.0686
18.300000000000011	14.895
18.400000000000013	7.84246
18.500000000000014	10.2848
18.600000000000016	13.039
18.700000000000017	8.04463
18.800000000000018	10.63
18.90000000000002	13.9739
19.000000000000021	8.17662
19.100000000000023	9.43404
19.200000000000024	12.2172
19.300000000000026	15.0156
19.400000000000027	7.80234
19.500000000000028	7.80234
19.60000000000003	4.82417
19.700000000000031	6.12499
19.800000000000033	8.82521
19.900000000000034	11.408
20.000000000000036	7.53775
20.100000000000037	10.7319
20.200000000000038	13.1673
20.30000000000004	6.58366
20.400000000000041	9.03682
20.500000000000043	11.7442
20.600000000000044	14.4962
20.700000000000045	17.2137
20.800000000000047	19.9614
20.900000000000048	9.98072
21.00000000000005	9.98072
21.100000000000051	4.70824
21.200000000000053	7.25303
21.300000000000054	10.0466
21.400000000000055	12.8523
21.500000000000057	7.26817
21.600000000000058	7.26817
21.70000000000006	9.95707
21.800000000000061	6.06923
21.900000000000063	6.06923
22.000000000000064	1
22.100000000000065	4.16441
22.200000000000067	6.61927
22.300000000000068	9.28201
22.40000000000007	12.1005
22.500000000000071	6.56704
22.600000000000072	9.02479
22.700000000000074	12.2373
22.800000000000075	15.0319
22.900000000000077	9.20292
23.000000000000078	11.9564
23.10000000000008	6.30496
23.200000000000081	8.83704
23.300000000000082	11.3289
23.400000000000084	6.792
23.500000000000085	8.62393
23.600000000000087	5.3052
23.700000000000088	8.15971
23.80000000000009	4.61079
23.900000000000091	7.19103
24.000000000000092	4.47492
24.100000000000094	7.10599
24.200000000000095	9.73717
24.300000000000097	12.2901
24.400000000000098	15.1412
24.500000000000099	8.50741
24.600000000000101	5.02036
24.700000000000102	7.59099
24.800000000000104	4.23478
24.900000000000105	6.35191
25.000000000000107	9.31305
25.100000000000108	6.07485
25.200000000000109	8.67546
25.300000000000111	11.3814
25.400000000000112	6.39636
25.500000000000114	3.27635
25.600000000000115	4.59175
25.700000000000117	7.17901
25.800000000000118	9.99357
25.900000000000119	12.5739
26.000000000000121	7.45441
26.100000000000122	8.58549
26.200000000000124	4.89496
26.300000000000125	6.34224
26.400000000000126	3.8214
26.500000000000128	5.92042
26.600000000000129	4.13672
26.700000000000131	6.75367
26.800000000000132	9.26992
26.900000000000134	4.74221
27.000000000000135	6.38682
27.100000000000136	8.31007
27.200000000000138	4.15503
27.300000000000139	2.19785
27.400000000000141	4.65025
27.500000000000142	7.07469
27.600000000000144	9.71446
27.700000000000145	12.3536
27.800000000000146	14.6555
27.900000000000148	7.32774
28.000000000000149	7.32774
28.100000000000151	3
28.200000000000152	5.62582
28.300000000000153	4.09648
28.400000000000155	4.99852
28.500000000000156	2.49926
28.600000000000158	4.99719
28.700000000000159	7.44149
28.800000000000161	5.06159
28.900000000000162	7.34832
29.000000000000163	4.6431
29.100000000000165	6.47274
29.200000000000166	8.95679
29.300000000000168	6.02986
29.400000000000169	8.52697
29.500000000000171	11.5331
29.600000000000172	14.8751
29.700000000000173	7.92831
29.800000000000175	10.5425
29.900000000000176	13.1669
30.000000000000178	8.09635
30.100000000000179	10.8557
30.20000000000018	5.65435
30.300000000000182	6.94114
30.400000000000183	9.513
30.500000000000185	12.2782
30.600000000000186	14.9985
30.700000000000188	8.62357
30.800000000000189	11.342
30.90000000000019	14.522
31.000000000000192	7.32971
31.100000000000193	7.32971
31.200000000000195	4.00095
31.300000000000196	2.5623
31.400000000000198	5.02691
31.500000000000199	7.04359
31.6000000000002	4.97587
31.700000000000202	7.42735
31.800000000000203	9.76942
31.900000000000205	6.07579
32.000000000000206	8.07481
32.100000000000207	10.8397
32.200000000000209	5.69095
32.30000000000021	8.17023
32.400000000000212	6.13117
32.500000000000213	8.82947
32.600000000000215	5.10159
32.700000000000216	7.51122
32.800000000000217	10.0354
32.900000000000219	6.27735
33.00000000000022	3.74653
33.100000000000222	4.2626
33.200000000000223	2.1313
33.300000000000225	2.1313
33.400000000000226	2
33.500000000000227	4.33944
33.600000000000229	7.02286
33.70000000000023	9.67696
33.800000000000232	4.83848
33.900000000000233	7.995
34.000000000000234	10.9653
34.100000000000236	6.04848
34.200000000000237	6.68471
34.300000000000239	9.32853
34.40000000000024	11.8007
34.500000000000242	5.94274
34.600000000000243	7.45287
34.700000000000244	4.69807
34.800000000000246	7.24652
34.900000000000247	10.0419
35.000000000000249	12.7704
35.10000000000025	15.4036
35.200000000000252	8.38682
35.300000000000253	8.38682
35.400000000000254	2
35.500000000000256	5.31903
35.600000000000257	3.41118
35.700000000000259	5.48868
35.80000000000026	8.15637
35.900000000000261	10.9921
36.000000000000263	13.603
36.100000000000264	16.4082
36.200000000000266	19.1673
36.300000000000267	10.8109
36.400000000000269	11.0861
36.50000000000027	13.969
36.600000000000271	8.24182
36.700000000000273	11.0554
36.800000000000274	5.79375
36.900000000000276	6.29698
37.000000000000277	9.16684
37.100000000000279	12.1785
37.20000000000028	7.2981
37.300000000000281	10.0791
37.400000000000283	5.95304
37.500000000000284	8.23202
37.600000000000286	10.5839
37.700000000000287	13.3511
37.800000000000288	7.58915
37.90000000000029	9.99361
38.000000000000291	6.13755
38.100000000000293	8.24425
38.200000000000294	4.12212
38.300000000000296	6.74491
38.400000000000297	9.26357
38.500000000000298	13.0444
38.6000000000003	7.49116
38.700000000000301	9.81783
38.800000000000303	4.90892
38.900000000000304	6.66393
39.000000000000306	4.08083
39.100000000000307	6.41204
39.200000000000308	4.10377
39.30000000000031	5.39641
39.400000000000311	8.09516
39.500000000000313	10.8548
39.600000000000314	6.20572
39.700000000000315	3.97624
39.800000000000317	6.50484
39.900000000000318	9.52352
40.00000000000032	12.2863
40.100000000000321	6.91143
40.200000000000323	7.47307
40.300000000000324	10.2059
40.400000000000325	12.977
40.500000000000327	7.07971
40.600000000000328	7.07971
40.70000000000033	8.73695
40.800000000000331	4.64749
40.900000000000333	6.1551
41.000000000000334	8.25724
41.100000000000335	11.0669
41.200000000000337	6.56979
41.300000000000338	8.45082
41.40000000000034	5.48446
41.500000000000341	9.08789
41.600000000000342	5.1682
41.700000000000344	7.28411
41.800000000000345	9.96866
41.900000000000347	4.98433
42.000000000000348	5.18496
42.10000000000035	3.31398
42.200000000000351	5.96547
42.300000000000352	8.48189
42.400000000000354	5.38942
42.500000000000355	6.5763
42.600000000000357	9.03149
42.700000000000358	11.7402
42.80000000000036	14.4235
42.900000000000361	8.45869
43.000000000000362	4.40427
43.100000000000364	7.20402
43.200000000000365	8.9508
43.300000000000367	8.9508
43.400000000000368	2
43.500000000000369	2
43.600000000000371	2
43.700000000000372	2
43.800000000000374	1
43.900000000000375	3.55301
44.000000000000377	6.09735
44.100000000000378	7.16526
44.200000000000379	3.58263
44.300000000000381	3.58263
44.400000000000382	5.21747
44.500000000000384	2.70456
44.600000000000385	3.07431
44.700000000000387	5.48169
44.800000000000388	8.15171
44.900000000000389	4.59815
45.000000000000391	4.81563
45.100000000000392	7.32227
45.200000000000394	5.19538
45.300000000000395	7.02121
45.400000000000396	4.10657
45.500000000000398	6.26862
45.600000000000399	9.03686
45.700000000000401	11.485
45.800000000000402	5.74251
45.900000000000404	5.74251
46.000000000000405	8.20593
46.100000000000406	11.0288
46.200000000000408	5.5144
46.300000000000409	7.39635
46.400000000000411	4.66206
46.500000000000412	5.99931
46.600000000000414	8.01778
46.700000000000415	4.00889
46.800000000000416	4.00889
46.900000000000418	2
47.000000000000419	4.33944
47.100000000000421	7.44171
47.200000000000422	10.1831
47.300000000000423	6.16957
47.400000000000425	8.96891
47.500000000000426	11.606
47.600000000000428	14.3846
47.700000000000429	16.8248
47.800000000000431	8.67617
47.900000000000432	9.34616
48.000000000000433	4.83178
48.100000000000435	7.19376
48.200000000000436	4.24017
48.300000000000438	4.24017
48.400000000000439	7.10666
48.500000000000441	10.4351
48.600000000000442	13.2337
48.700000000000443	7.83634
48.800000000000445	10.1819
48.900000000000446	5.18871
49.000000000000448	6.72201
49.100000000000449	9.35514
49.20000000000045	5.56321
49.300000000000452	8.20625
49.400000000000453	5.03858
49.500000000000455	5.03858
49.600000000000456	1
49.700000000000458	3.55301
49.800000000000459	1.91723
49.90000000000046	3.56677
50.000000000000462	2.5405
50.100000000000463	5.94462
50.200000000000465	8.10256
50.300000000000466	4.29272
50.400000000000468	4.29272
50.500000000000469	1
50.60000000000047	2.9
50.700000000000472	5.39003
50.800000000000473	8.09095
50.900000000000475	10.8517
51.000000000000476	6.16382
51.100000000000477	8.73756
51.200000000000479	11.4287
51.30000000000048	6.64768
51.400000000000482	6.64768
51.500000000000483	1
51.600000000000485	3.63333
51.700000000000486	2.08221
51.800000000000487	5.22592
51.900000000000489	7.98369
52.00000000000049	10.3925
52.100000000000492	13.0473
52.200000000000493	8.048
52.300000000000495	10.7266
52.400000000000496	5.4099
52.500000000000497	5.4099
52.600000000000499	2
52.7000000000005	4.09525
52.800000000000502	3.27158
52.900000000000503	5.59064
53.000000000000504	8.2247
53.100000000000506	10.8593
53.200000000000507	13.4215
53.300000000000509	8.25144
53.40000000000051	8.25144
53.500000000000512	10.3107
53.600000000000513	13.136
53.700000000000514	15.8979
53.800000000000516	18.679
53.900000000000517	10.0372
54.000000000000519	10.0372
54.10000000000052	2
54.200000000000522	6.09935
54.300000000000523	8.57591
54.400000000000524	11.0363
54.500000000000526	7.26141
54.600000000000527	10.0526
54.700000000000529	12.6208
54.80000000000053	6.77303
54.900000000000531	9.17496
55.000000000000533	12.4292
55.100000000000534	6.7929
55.200000000000536	9.07943
55.300000000000537	11.8619
55.400000000000539	6.53598
55.50000000000054	3.90926
55.600000000000541	6.30642
55.700000000000543	3.38537
55.800000000000544	4.88251
55.900000000000546	7.22751
56.000000000000547	10.0283
56.100000000000549	12.6808
56.20000000000055	6.98031
56.300000000000551	6.98031
56.400000000000553	7.12357
56.500000000000554	7.12357
56.600000000000556	2
56.