10	9.27892
10.1	9.27892
10.199999999999999	5.68862
10.299999999999999	12.0464
10.399999999999999	7.80026
10.499999999999998	12.1362
10.599999999999998	18.7543
10.699999999999998	11.4228
10.799999999999997	11.4228
10.899999999999997	1
10.999999999999996	1
11.099999999999996	1
11.199999999999996	1
11.299999999999995	2.5
11.399999999999995	7.57609
11.499999999999995	15.0362
11.599999999999994	11.2867
11.699999999999994	17.996
11.799999999999994	11.3147
11.899999999999993	7.62915
11.999999999999993	3.28275
12.099999999999993	7.18182
12.199999999999992	6.33246
12.299999999999992	6.51871
12.399999999999991	4.32374
12.499999999999991	4.32374
12.599999999999991	4.99753
12.69999999999999	2.83642
12.79999999999999	8.67134
12.89999999999999	9.13865
12.999999999999989	6.44402
13.099999999999989	5.66113
13.199999999999989	5.66113
13.299999999999988	1
13.399999999999988	7.96541
13.499999999999988	6.20998
13.599999999999987	5.91339
13.699999999999987	4.39799
13.799999999999986	4.18315
13.899999999999986	10.119
13.999999999999986	7.36573
14.099999999999985	13.4484
14.199999999999985	8.20445
14.299999999999985	15.3604
14.399999999999984	9.12694
14.499999999999984	6.30722
14.599999999999984	5.98343
14.699999999999983	11.5092
14.799999999999983	7.42827
14.899999999999983	10.6556
14.999999999999982	3.49862
15.099999999999982	3.85901
15.199999999999982	6.0908
15.299999999999981	12.4022
15.399999999999981	8.81007
15.49999999999998	9.09005
15.59999999999998	8.98648
15.69999999999998	15.2738
15.799999999999979	5.69607
15.899999999999979	5.36649
15.999999999999979	5.13456
16.09999999999998	7.10558
16.199999999999982	13.2331
16.299999999999983	19.5833
16.399999999999984	12.4702
16.499999999999986	9.41857
16.599999999999987	3.57792
16.699999999999989	5.20097
16.79999999999999	6.25213
16.899999999999991	12.6411
16.999999999999993	7.28009
17.099999999999994	7.28009
17.199999999999996	1
17.299999999999997	1
17.399999999999999	1
17.5	1
17.600000000000001	1
17.700000000000003	1
17.800000000000004	1
17.900000000000006	1
18.000000000000007	1
18.100000000000009	1
18.20000000000001	1
18.300000000000011	1
18.400000000000013	2.9
18.500000000000014	10.1831
18.600000000000016	6.00766
18.700000000000017	7.12707
18.800000000000018	5.60319
18.90000000000002	6.56078
19.000000000000021	4.67443
19.100000000000023	4.67443
19.200000000000024	3.24483
19.300000000000026	9.67696
19.400000000000027	16.1914
19.500000000000028	12.2248
19.60000000000003	5.66064
19.700000000000031	11.8655
19.800000000000033	4.44314
19.900000000000034	7.76586
20.000000000000036	4.37115
20.100000000000037	10.5831
20.200000000000038	3.22711
20.30000000000004	3.08561
20.400000000000041	3.95238
20.500000000000043	3.04601
20.600000000000044	4.59368
20.700000000000045	3.8248
20.800000000000047	7.02772
20.900000000000048	7.97249
21.00000000000005	7.80234
21.100000000000051	8.17936
21.200000000000053	6.33003
21.300000000000054	12.6001
21.400000000000055	4.52927
21.500000000000057	4.67032
21.600000000000058	10.2277
21.70000000000006	3.26729
21.800000000000061	9.3675
21.900000000000063	8.8314
22.000000000000064	7.50808
22.100000000000065	2.58717
22.200000000000067	7.33283
22.300000000000068	3.93916
22.40000000000007	3.93916
22.500000000000071	4.33944
22.600000000000072	10.5704
22.700000000000074	5.99707
22.800000000000075	5.99707
22.900000000000077	2
23.000000000000078	2
23.10000000000008	2
23.200000000000081	2
23.300000000000082	2.9
23.400000000000084	3.8337
23.500000000000085	6.10498
23.600000000000087	6.47246
23.700000000000088	1
23.80000000000009	4.16703
23.900000000000091	6.06929
24.000000000000092	4.1887
24.100000000000094	5.3806
24.200000000000095	5.56066
24.300000000000097	4.41548
24.400000000000098	7.07744
24.500000000000099	3.54072
24.600000000000101	2.38989
24.700000000000102	7.40848
24.800000000000104	5.61775
24.900000000000105	12.0136
25.000000000000107	6.90045
25.100000000000108	6.90045
25.200000000000109	4.16441
25.300000000000111	5.75577
25.400000000000112	5.51782
25.500000000000114	5.1006
25.600000000000115	5.60688
25.700000000000117	2.41316
25.800000000000118	3.71646
25.900000000000119	9.83879
26.000000000000121	6.65404
26.100000000000122	3.40216
26.200000000000124	3.0898
26.300000000000125	8.97987
26.400000000000126	7.13593
26.500000000000128	3.70675
26.600000000000129	3.70675
26.700000000000131	2
26.800000000000132	2
26.900000000000134	2
27.000000000000135	2
27.100000000000136	4.33944
27.200000000000138	4.65348
27.300000000000139	4.70711
27.400000000000141	10.7233
27.500000000000142	5.36166
27.600000000000144	5.36166
27.700000000000145	5.19763
27.800000000000146	6.04758
27.900000000000148	12.2181
28.000000000000149	7.13883
28.100000000000151	5.59947
28.200000000000152	4.8969
28.300000000000153	4.32854
28.400000000000155	3.93184
28.500000000000156	4.34555
28.600000000000158	5.42703
28.700000000000159	3.76581
28.800000000000161	7.0162
28.900000000000162	6.14384
29.000000000000163	6.4814
29.100000000000165	1.39299
29.200000000000166	2.76601
29.300000000000168	2.76601
29.400000000000169	1
29.500000000000171	6.5768
29.600000000000172	3.2884
29.700000000000173	3.2884
29.800000000000175	6.09735
29.900000000000176	4.45987
30.000000000000178	4.45987
30.100000000000179	2
30.20000000000018	3.08989
30.300000000000182	4.41098
30.400000000000183	5.07661
30.500000000000185	6.21455
30.600000000000186	6.34005
30.700000000000188	4.03747
30.800000000000189	4.03747
30.90000000000019	2
31.000000000000192	2.96434
31.100000000000193	7.59962
31.200000000000195	13.6507
31.300000000000196	8.29351
31.400000000000198	6.11237
31.500000000000199	3.44537
31.6000000000002	3.44537
31.700000000000202	6.09735
31.800000000000203	2.17831
31.900000000000205	2.08799
32.000000000000206	2.08799
32.100000000000207	1
32.200000000000209	2.78778
32.30000000000021	3.62275
32.400000000000212	2.31171
32.500000000000213	2.31171
32.600000000000215	2.9
32.700000000000216	3.65241
32.800000000000217	7.07214
32.900000000000219	6.4664
33.00000000000022	3.9446
33.100000000000222	5.78995
33.200000000000223	4.59697
33.300000000000225	5.40927
33.400000000000226	5.05023
33.500000000000227	2.90025
33.600000000000229	2.90025
33.70000000000023	2.04763
33.800000000000232	1.78862
33.900000000000233	7.79967
34.000000000000234	4.38615
34.100000000000236	4.38615
34.200000000000237	3.55301
34.300000000000239	6.34732
34.40000000000024	2.20078
34.500000000000242	2.20078
34.600000000000243	2.20078
34.700000000000244	5.75491
34.800000000000246	3.72086
34.900000000000247	3.72086
35.000000000000249	3.24483
35.10000000000025	8.80618
35.200000000000252	4.06247
35.300000000000253	1.70221
35.400000000000254	1
35.500000000000256	1
35.600000000000257	5.92867
35.700000000000259	3.91891
35.80000000000026	3.91891
35.900000000000261	2.9
36.000000000000263	2.9
36.100000000000264	2.9
36.200000000000266	2.9
36.300000000000267	1
36.400000000000269	2
36.50000000000027	2
36.600000000000271	2
36.700000000000273	2
36.800000000000274	2
36.900000000000276	2
37.000000000000277	2
37.100000000000279	2
37.20000000000028	6.09735
37.300000000000281	6.28321
37.400000000000283	4.94815
37.500000000000284	4.94815
37.600000000000286	2
37.700000000000287	3.24483
37.800000000000288	3.24483
37.90000000000029	3.24483
38.000000000000291	3.24483
38.100000000000293	5.19763
38.200000000000294	4.24781
38.300000000000296	4.39149
38.400000000000297	4.79785
38.500000000000298	3.44188
38.6000000000003	3.44188
38.700000000000301	3.24483
38.800000000000303	5.44405
38.900000000000304	4.69544
39.000000000000306	9.42084
39.100000000000307	8.25066
39.200000000000308	3.48892
39.30000000000031	3.27173
39.400000000000311	3.37068
39.500000000000313	8.96434
39.600000000000314	6.97861
39.700000000000315	6.97861
39.800000000000317	2
39.900000000000318	4.16441
40.00000000000032	4.16441
40.100000000000321	4.16441
40.200000000000323	4.16441
40.300000000000324	2.5
40.400000000000325	6.33603
40.500000000000327	4.75803
40.600000000000328	8.7898
40.70000000000033	8.05237
40.800000000000331	4.13439
40.900000000000333	3.58737
41.000000000000334	4.29415
41.100000000000335	4.58227
41.200000000000337	4.23141
41.300000000000338	9.31155
41.40000000000034	8.04501
41.500000000000341	14.3284
41.600000000000342	4.73
41.700000000000344	4.73
41.800000000000345	4.73
41.900000000000347	2.536
42.000000000000348	2.17951
42.10000000000035	2.17951
42.200000000000351	4.33944
42.300000000000352	10.2813
42.400000000000354	9.07537
42.500000000000355	8.3782
42.600000000000357	4.36565
42.700000000000358	4.36565
42.80000000000036	4.56988
42.900000000000361	4.56988
43.000000000000362	2
43.100000000000364	2.77651
43.200000000000365	8.65313
43.300000000000367	5.3667
43.400000000000368	5.08594
43.500000000000369	2.80891
43.600000000000371	8.54591
43.700000000000372	6.72379
43.800000000000374	7.62495
43.900000000000375	6.65563
44.000000000000377	3.76406
44.100000000000378	3.76406
44.200000000000379	2
44.300000000000381	2
44.400000000000382	2
44.500000000000384	2
44.600000000000385	2.5
44.700000000000387	8.21454
44.800000000000388	4.10727
44.900000000000389	4.10727
45.000000000000391	2.04763
45.100000000000392	3.2314
45.200000000000394	3.91625
45.300000000000395	8.7265
45.400000000000396	9.15365
45.500000000000398	7.42082
45.600000000000399	7.42082
45.700000000000401	7.42082
45.800000000000402	1
45.900000000000404	1
46.000000000000405	1
46.100000000000406	1
46.200000000000408	6.09735
46.300000000000409	5.19537
46.400000000000411	4.97545
46.500000000000412	4.40754
46.600000000000414	4.16981
46.700000000000415	4.16981
46.800000000000416	2.9
46.900000000000418	2.49877
47.000000000000419	6.57637
47.100000000000421	13.036
47.200000000000422	7.55124
47.300000000000423	4.576
47.400000000000425	4.576
47.500000000000426	1
47.600000000000428	1
47.700000000000429	1
47.800000000000431	1
47.900000000000432	3.55301
48.000000000000433	1.74166
48.100000000000435	1.99441
48.200000000000436	1.99441
48.300000000000438	2
48.400000000000439	2.39435
48.500000000000441	3.50525
48.600000000000442	9.44969
48.700000000000443	9.18617
48.800000000000445	6.99329
48.900000000000446	5.16017
49.000000000000448	5.45946
49.100000000000449	6.25307
49.20000000000045	6.25307
49.300000000000452	1
49.400000000000453	3.91354
49.500000000000455	5.22812
49.600000000000456	5.14825
49.700000000000458	10.8285
49.800000000000459	7.65255
49.90000000000046	6.69185
50.000000000000462	9.22522
50.100000000000463	6.62321
50.200000000000465	6.71042
50.300000000000466	6.78075
50.400000000000468	6.17621
50.500000000000469	3.16906
50.60000000000047	4.04543
50.700000000000472	2.14631
50.800000000000473	2.14631
50.900000000000475	3.55301
51.000000000000476	3.78805
51.100000000000477	3.78805
51.200000000000479	2
51.30000000000048	5.39003
51.400000000000482	2.69501
51.500000000000483	2.69501
51.600000000000485	6.09735
51.700000000000486	4.23379
51.800000000000487	4.23379
51.900000000000489	2.9
52.00000000000049	3.9827
52.100000000000492	4.01797
52.200000000000493	7.12232
52.300000000000495	3.48524
52.400000000000496	4.5802
52.500000000000497	5.45147
52.600000000000499	7.10054
52.7000000000005	2.62465
52.800000000000502	4.99885
52.900000000000503	3.36491
53.000000000000504	3.36491
53.100000000000506	3.36491
53.200000000000507	6.09735
53.300000000000509	2.9827
53.40000000000051	5.96418
53.500000000000512	5.13942
53.600000000000513	5.12619
53.700000000000514	4.02289
53.800000000000516	5.71244
53.900000000000517	5.3062
54.000000000000519	2.94048
54.10000000000052	2.06154
54.200000000000522	7.97901
54.300000000000523	6.04695
54.400000000000524	6.62944
54.500000000000526	4.8563
54.600000000000527	3.67437
54.700000000000529	3.67437
54.80000000000053	2.5
54.900000000000531	4.11607
55.000000000000533	5.56802
55.100000000000534	2.73068
55.200000000000536	2.73068
55.300000000000537	1
55.400000000000539	3.55301
55.50000000000054	3.55301
55.600000000000541	4.33944
55.700000000000543	5.75441
55.800000000000544	2.45931
55.900000000000546	7.00963
56.000000000000547	3.72908
56.100000000000549	4.60505
56.20000000000055	9.26904
56.300000000000551	3.13287
56.400000000000553	3.45207
56.500000000000554	3.45207
56.600000000000556	4.99753
56.700000000000557	4.99696
56.800000000000558	2.49848
56.90000000000056	2.49848
57.000000000000561	5.19763
57.100000000000563	3.04867
57.200000000000564	2.33107
57.300000000000566	4.25093
57.400000000000567	4.25093
57.500000000000