10	1
10.1	1
10.199999999999999	1
10.299999999999999	1
10.399999999999999	1
10.499999999999998	1
10.599999999999998	1
10.699999999999998	1
10.799999999999997	1
10.899999999999997	1
10.999999999999996	1
11.099999999999996	1
11.199999999999996	1
11.299999999999995	1
11.399999999999995	1
11.499999999999995	1
11.599999999999994	1
11.699999999999994	1
11.799999999999994	1
11.899999999999993	1
11.999999999999993	1
12.099999999999993	1
12.199999999999992	1
12.299999999999992	1
12.399999999999991	1
12.499999999999991	1
12.599999999999991	1
12.69999999999999	1
12.79999999999999	1
12.89999999999999	1
12.999999999999989	1
13.099999999999989	1
13.199999999999989	1
13.299999999999988	1
13.399999999999988	1
13.499999999999988	1
13.599999999999987	1
13.699999999999987	1
13.799999999999986	1
13.899999999999986	1
13.999999999999986	1
14.099999999999985	1
14.199999999999985	1
14.299999999999985	1
14.399999999999984	1
14.499999999999984	1
14.599999999999984	1
14.699999999999983	1
14.799999999999983	1
14.899999999999983	1
14.999999999999982	1
15.099999999999982	1
15.199999999999982	1
15.299999999999981	1
15.399999999999981	1
15.49999999999998	1
15.59999999999998	1
15.69999999999998	1
15.799999999999979	1
15.899999999999979	1
15.999999999999979	1
16.09999999999998	1
16.199999999999982	1
16.299999999999983	1
16.399999999999984	1
16.499999999999986	1
16.599999999999987	1
16.699999999999989	1
16.79999999999999	1
16.899999999999991	1
16.999999999999993	1
17.099999999999994	1
17.199999999999996	1
17.299999999999997	1
17.399999999999999	1
17.5	1
17.600000000000001	1
17.700000000000003	1
17.800000000000004	1
17.900000000000006	1
18.000000000000007	1
18.100000000000009	1
18.20000000000001	1
18.300000000000011	1
18.400000000000013	1
18.500000000000014	1
18.600000000000016	1
18.700000000000017	1
18.800000000000018	1
18.90000000000002	1
19.000000000000021	1
19.100000000000023	1
19.200000000000024	1
19.300000000000026	1
19.400000000000027	1
19.500000000000028	1
19.60000000000003	1
19.700000000000031	1
19.800000000000033	4
19.900000000000034	6.5
20.000000000000036	8.02891
20.100000000000037	5.27839
20.200000000000038	8.01777
20.30000000000004	11.6042
20.400000000000041	14.383
20.500000000000043	17.2352
20.600000000000044	10.2646
20.700000000000045	12.9458
20.800000000000047	8.13197
20.900000000000048	11.8536
21.00000000000005	14.5848
21.100000000000051	18.3561
21.200000000000053	21.2389
21.300000000000054	24.15
21.400000000000055	28.0601
21.500000000000057	31.0076
21.600000000000058	33.9052
21.70000000000006	18.8137
21.800000000000061	21.6355
21.900000000000063	24.4994
22.000000000000064	28.1844
22.100000000000065	14.8864
22.200000000000067	17.8265
22.300000000000068	20.6381
22.40000000000007	23.496
22.500000000000071	13.3809
22.600000000000072	13.4556
22.700000000000074	7.02187
22.800000000000075	10.5697
22.900000000000077	13.3399
23.000000000000078	15.7518
23.10000000000008	9.41657
23.200000000000081	12.1213
23.300000000000082	15.0046
23.400000000000084	18.7447
23.500000000000085	9.45213
23.600000000000087	12.555
23.700000000000088	15.3567
23.80000000000009	18.2209
23.900000000000091	10.2997
24.000000000000092	5.96305
24.100000000000094	8.4802
24.200000000000095	11.5857
24.300000000000097	6.33081
24.400000000000098	6.94062
24.500000000000099	10.4202
24.600000000000101	13.222
24.700000000000102	7.76179
24.800000000000104	4.13245
24.900000000000105	6.12196
25.000000000000107	9.69237
25.100000000000108	12.4174
25.200000000000109	7.11208
25.300000000000111	4.21805
25.400000000000112	6.94985
25.500000000000114	9.51932
25.600000000000115	13.2268
25.700000000000117	16.0356
25.800000000000118	18.9025
25.900000000000119	10.1165
26.000000000000121	12.2694
26.100000000000122	15.058
26.200000000000124	9.15065
26.300000000000125	9.15065
26.400000000000126	12.3302
26.500000000000128	15.1737
26.600000000000129	18.0115
26.700000000000131	21.7854
26.800000000000132	11.518
26.900000000000134	11.518
27.000000000000135	1
27.100000000000136	5.39231
27.200000000000138	3.91969
27.300000000000139	6.15016
27.400000000000141	8.95566
27.500000000000142	12.5116
27.600000000000144	15.3213
27.700000000000145	9.01257
27.800000000000146	11.7256
27.900000000000148	14.4811
28.000000000000149	18.2739
28.100000000000151	9.82355
28.200000000000152	9.82355
28.300000000000153	4.96267
28.400000000000155	5.8995
28.500000000000156	3.59283
28.600000000000158	7.04247
28.700000000000159	9.69113
28.800000000000161	12.3353
28.900000000000162	16.0132
29.000000000000163	9.0905
29.100000000000165	10.3328
29.200000000000166	13.1533
29.300000000000168	16.0377
29.400000000000169	9.26636
29.500000000000171	12.0885
29.600000000000172	14.9782
29.700000000000173	4.45088
29.800000000000175	5.09395
29.900000000000176	7.77021
30.000000000000178	11.3471
30.100000000000179	14.1768
30.20000000000018	7.39972
30.300000000000182	10.1526
30.400000000000183	13.0124
30.500000000000185	16.7205
30.600000000000186	8.91121
30.700000000000188	4.78228
30.800000000000189	7.16102
30.90000000000019	9.98071
31.000000000000192	12.6433
31.100000000000193	16.3741
31.200000000000195	8.27832
31.300000000000196	8.86564
31.400000000000198	12.0377
31.500000000000199	6.01886
31.6000000000002	8.63663
31.700000000000202	12.286
31.800000000000203	15.1379
31.900000000000205	7.63485
32.000000000000206	8.38963
32.100000000000207	11.1657
32.200000000000209	7.27002
32.30000000000021	10.0588
32.400000000000212	12.8618
32.500000000000213	7.34299
32.600000000000215	10.1115
32.700000000000216	12.9805
32.800000000000217	6.71802
32.900000000000219	6.71802
33.00000000000022	4.16441
33.100000000000222	6.46458
33.200000000000223	9.17299
33.300000000000225	12.9805
33.400000000000226	15.5136
33.500000000000227	19.3104
33.600000000000229	22.1592
33.70000000000023	25.0829
33.800000000000232	14.6946
33.900000000000233	17.4959
34.000000000000234	9.69981
34.100000000000236	13.3569
34.200000000000237	7.98383
34.300000000000239	4.5793
34.40000000000024	2.8157
34.500000000000242	4.95132
34.600000000000243	4.32634
34.700000000000244	7.01492
34.800000000000246	4.69659
34.900000000000247	8.16201
35.000000000000249	10.9963
35.10000000000025	13.6798
35.200000000000252	8.11339
35.300000000000253	10.0019
35.400000000000254	12.7389
35.500000000000256	7.81802
35.600000000000257	8.19567
35.700000000000259	11.0212
35.80000000000026	14.6886
35.900000000000261	17.4909
36.000000000000263	21.2632
36.100000000000264	11.688
36.200000000000266	6.94229
36.300000000000267	6.94229
36.400000000000269	9.40753
36.50000000000027	12.1968
36.600000000000271	16.0324
36.700000000000273	18.8998
36.800000000000274	21.7104
36.900000000000276	11.1733
37.000000000000277	5.63139
37.100000000000279	6.77495
37.20000000000028	10.3113
37.300000000000281	13.1364
37.400000000000283	16.9948
37.500000000000284	9.73757
37.600000000000286	12.4526
37.700000000000287	16.2275
37.800000000000288	8.44649
37.90000000000029	8.44649
38.000000000000291	11.7334
38.100000000000293	6.7419
38.200000000000294	9.15213
38.300000000000296	6.04237
38.400000000000297	8.29641
38.500000000000298	4.97527
38.6000000000003	7.14992
38.700000000000301	9.97279
38.800000000000303	5.73579
38.900000000000304	8.20127
39.000000000000306	11.0254
39.100000000000307	14.6917
39.200000000000308	7.71365
39.30000000000031	10.0881
39.400000000000311	7.60652
39.500000000000313	10.3036
39.600000000000314	13.1304
39.700000000000315	16.8124
39.800000000000317	19.6166
39.900000000000318	22.471
40.00000000000032	26.2507
40.100000000000321	29.1755
40.200000000000323	33.0656
40.300000000000324	16.8772
40.400000000000325	8.4682
40.500000000000327	4.68541
40.600000000000328	6.95373
40.70000000000033	9.52214
40.800000000000331	13.2288
40.900000000000333	16.0996
41.000000000000334	19.0096
41.100000000000335	22.7056
41.200000000000337	12.2048
41.300000000000338	15.9759
41.40000000000034	8.93505
41.500000000000341	9.48129
41.600000000000342	13.1995
41.700000000000344	16.0756
41.800000000000345	9.22717
41.900000000000347	11.2846
42.000000000000348	14.1269
42.10000000000035	16.9632
42.200000000000351	4.90462
42.300000000000352	7.38037
42.400000000000354	10.1385
42.500000000000355	13.9682
42.600000000000357	7.43596
42.700000000000358	9.02712
42.80000000000036	11.3011
42.90000000000