10	1
10.1	1
10.199999999999999	1
10.299999999999999	1
10.399999999999999	1
10.499999999999998	1
10.599999999999998	1
10.699999999999998	1
10.799999999999997	1
10.899999999999997	1
10.999999999999996	1
11.099999999999996	1
11.199999999999996	1
11.299999999999995	1
11.399999999999995	1
11.499999999999995	1
11.599999999999994	1
11.699999999999994	1
11.799999999999994	27.5
11.899999999999993	27.5
11.999999999999993	31.7636
12.099999999999993	17.3602
12.199999999999992	20.5792
12.299999999999992	30.9468
12.399999999999991	15.1026
12.499999999999991	12.6435
12.599999999999991	41.4198
12.69999999999999	17.7353
12.79999999999999	22.4453
12.89999999999999	14.3684
12.999999999999989	20.5015
13.099999999999989	18.2616
13.199999999999989	27.5122
13.299999999999988	40.7048
13.399999999999988	15.1549
13.499999999999988	20.0037
13.599999999999987	24.1135
13.699999999999987	14.4914
13.799999999999986	12.2262
13.899999999999986	15.7073
13.999999999999986	24.0628
14.099999999999985	12.3302
14.199999999999985	35.7011
14.299999999999985	19.778
14.399999999999984	19.778
14.499999999999984	35.373
14.599999999999984	18.4562
14.699999999999983	17.0781
14.799999999999983	25.9003
14.899999999999983	32.5453
14.999999999999982	30.2165
15.099999999999982	23.4872
15.199999999999982	7.18241
15.299999999999981	19.4826
15.399999999999981	10.8575
15.49999999999998	34.9092
15.59999999999998	14.5135
15.69999999999998	16.9932
15.799999999999979	10.4806
15.899999999999979	20.5588
15.999999999999979	7.98478
16.09999999999998	20.2756
16.199999999999982	4.26174
16.299999999999983	5.07694
16.399999999999984	33.4237
16.499999999999986	10.5869
16.599999999999987	18.1186
16.699999999999989	13.0644
16.79999999999999	13.3461
16.899999999999991	29.275
16.999999999999993	26.2689
17.099999999999994	8.74025
17.199999999999996	9.71854
17.299999999999997	11.7674
17.399999999999999	8.48401
17.5	29.0991
17.600000000000001	22.5303
17.700000000000003	22.5588
17.800000000000004	28.3914
17.900000000000006	36.4949
18.000000000000007	19.0527
18.100000000000009	11.3739
18.20000000000001	24.1341
18.300000000000011	15.2275
18.400000000000013	12.8537
18.500000000000014	17.2517
18.600000000000016	19.1538
18.700000000000017	31.165
18.800000000000018	12.9314
18.90000000000002	13.4162
19.000000000000021	22.4337
19.100000000000023	5.69848
19.200000000000024	5.69848
19.300000000000026	6.09735
19.400000000000027	24.1761
19.500000000000028	11.6571
19.60000000000003	11.2621
19.700000000000031	11.0821
19.800000000000033	12.3514
19.900000000000034	17.7416
20.000000000000036	5.75209
20.100000000000037	7.96072
20.200000000000038	17.9171
20.30000000000004	10.1411
20.400000000000041	21.8554
20.500000000000043	8.59285
20.600000000000044	8.59285
20.700000000000045	10.0137
20.800000000000047	7.72399
20.900000000000048	8.91835
21.00000000000005	21.9227
21.100000000000051	9.38811
21.200000000000053	7.71022
21.300000000000054	14.8896
21.400000000000055	20.0963
21.500000000000057	16.1211
21.600000000000058	8.15507
21.70000000000006	9.41359
21.800000000000061	12.1199
21.900000000000063	20.3598
22.000000000000064	18.3523
22.100000000000065	17.4889
22.200000000000067	17.4889
22.300000000000068	12.7397
22.40000000000007	4.90273
22.500000000000071	14.4302
22.600000000000072	5.85388
22.700000000000074	13.111
22.800000000000075	9.83886
22.900000000000077	12.0789
23.000000000000078	9.73191
23.10000000000008	8.44609
23.200000000000081	15.6138
23.300000000000082	9.72983
23.400000000000084	17.1512
23.500000000000085	13.5335
23.600000000000087	13.5335
23.700000000000088	5
23.80000000000009	5
23.900000000000091	5
24.000000000000092	5
24.100000000000094	10.2123
24.200000000000095	6.95215
24.300000000000097	6.95215
24.400000000000098	3.69418
24.500000000000099	13.2992
24.600000000000101	7.06424
24.700000000000102	5.5591
24.800000000000104	5.5591
24.900000000000105	14.4831
25.000000000000107	20.5719
25.100000000000108	24.5653
25.200000000000109	12.4544
25.300000000000111	12.4544
25.400000000000112	12.5196
25.500000000000114	15.3007
25.600000000000115	8.27937
25.700000000000117	8.27937
25.800000000000118	6.84303
25.900000000000119	5.2151
26.000000000000121	25.0031
26.100000000000122	18.3156
26.200000000000124	14.3485
26.300000000000125	10.848
26.400000000000126	10.1163
26.500000000000128	8.08508
26.600000000000129	8.08508
26.700000000000131	4.1196
26.800000000000132	16.1541
26.900000000000134	10.7166
27.000000000000135	5.29285
27.100000000000136	14.2167
27.200000000000138	9.60037
27.300000000000139	10.4617
27.400000000000141	21.6467
27.500000000000142	20.9908
27.600000000000144	11.553
27.700000000000145	11.553
27.800000000000146	3.91026
27.900000000000148	12.8578
28.000000000000149	10.3393
28.100000000000151	11.0204
28.200000000000152	4.23882
28.300000000000153	4.23882
28.400000000000155	10.0963
28.500000000000156	14.1962
28.600000000000158	9.20453
28.700000000000159	4.81699
28.800000000000161	12.1957
28.900000000000162	5.07918
29.000000000000163	21.3112
29.100000000000165	10.0241
29.200000000000166	9.25112
29.300000000000168	7.28417
29.400000000000169	7.28417
29.500000000000171	5.92455
29.600000000000172	12.9779
29.700000000000173	10.6779
29.800000000000175	10.6779
29.900000000000176	6.26331
30.000000000000178	15.7958
30.100000000000179	9.14707
30.20000000000018	18.3533
30.300000000000182	12.2892
30.400000000000183	13.4627
30.500000000000185	14.2248
30.600000000000186	24.2832
30.700000000000188	9.56536
30.800000000000189	17.1572
30.90000000000019	4.12577
31.000000000000192	11.4961
31.100000000000193	8.88127
31.200000000000195	25.9514
31.300000000000196	13.1276
31.400000000000198	19.2594
31.500000000000199	2.93638
31.6000000000002	16.0158
31.700000000000202	6.49785
31.800000000000203	19.6809
31.900000000000205	5.13413
32.000000000000206	6.39567
32.100000000000207	7.45323
32.200000000000209	8.08818
32.30000000000021	18.0403
32.400000000000212	12.0577
32.500000000000213	8.3811
32.600000000000215	10.1308
32.700000000000216	10.1308
32.800000000000217	9.03319
32.900000000000219	18.4307
33.00000000000022	5.71868
33.100000000000222	10.6654
33.200000000000223	19.2976
33.300000000000225	8.86995
33.400000000000226	15.4168
33.500000000000227	10.7281
33.600000000000229	17.9178
33.70000000000023	7.1137
33.800000000000232	17.0898
33.900000000000233	7.69926
34.000000000000234	10.2086
34.100000000000236	13.5412
34.200000000000237	23.9779
34.300000000000239	18.3474
34.40000000000024	22.8608
34.500000000000242	12.8731
34.600000000000243	12.6088
34.700000000000244	11.5961
34.800000000000246	11.6117
34.900000000000247	10.9732
35.000000000000249	10.3898
35.10000000000025	10.3691
35.200000000000252	10.2854
35.300000000000253	12.0665
35.400000000000254	12.0497
35.500000000000256	21.6586
35.600000000000257	11.3645
35.700000000000259	12.0027
35.80000000000026	14.0837
35.900000000000261	9.36587
36.000000000000263	18.8271
36.100000000000264	15.0674
36.200000000000266	13.5469
36.300000000000267	5.16125
36.400000000000269	2.17318
36.50000000000027	2.17318
36.600000000000271	3.29814
36.700000000000273	4.24525
36.800000000000274	13.3529
36.900000000000276	12.1915
37.000000000000277	20.9113
37.100000000000279	17.6584
37.20000000000028	11.8621
37.300000000000281	3.2407
37.400000000000283	13.1013
37.500000000000284	7.97819
37.600000000000286	14.2143
37.700000000000287	10.5886
37.800000000000288	23.0014
37.90000000000029	9.8037
38.000000000000291	12.0641
38.100000000000293	7.27064
38.200000000000294	7.09076
38.300000000000296	19.9891
38.400000000000297	9.68824
38.500000000000298	16.7181
38.6000000000003	5.93248
38.700000000000301	7.19416
38.800000000000303	10.2887
38.900000000000304	5.92053
39.000000000000306	13.0043
39.100000000000307	6.09719
39.200000000000308	13.094
39.30000000000031	9.09036
39.400000000000311	12.9947
39.500000000000313	11.5999
39.600000000000314	32.5045
39.700000000000315	8.60727
39.800000000000317	8.60727
39.900000000000318	3.52658
40.00000000000032	6.91718
40.100000000000321	5.39692
40.200000000000323	14.1166
40.300000000000324	23.1201
40.400000000000325	13.3584
40.500000000000327	15.0636
40.600000000000328	19.6197
40.70000000000033	19.6244
40.800000000000331	6.74352
40.900000000000333	10.1604
41.000000000000334	7.35288
41.100000000000335	7.35288
41.200000000000337	17.0647
41.300000000000338	12.3072
41.40000000000034	10.0951
41.500000000000341	8.56568
41.600000000000342	16.0844
41.700000000000344	6.5039
41.800000000000345	27.0865
41.900000000000347	12.3965
42.000000000000348	12.3965
42.10000000000035	6.32883
42.200000000000351	6.32883
42.300000000000352	6.32883
42.400000000000354	6.32883
42.500000000000355	6.47664
42.600000000000357	11.6179
42.700000000000358	9.43148
42.80000000000036	20.007
42.900000000000361	18.7696
43.000000000000362	7.74324
43.100000000000364	6.3745
43.200000000000365	6.3745
43.300000000000367	11.6947
43.400000000000368	16.6415
43.500000000000369	19.1029
43.600000000000371	11.6729
43.700000000000372	8.15902
43.800000000000374	6.14562
43.900000000000375	9.53111
44.000000000000377	9.53111
44.100000000000378	3.37948
44.200000000000379	22.7913
44.300000000000381	7.24658
44.400000000000382	7.5301
44.500000000000384	8.40334
44.600000000000385	8.40334
44.700000000000387	12.6824
44.800000000000388	6.62235
44.900000000000389	6.62235
45.000000000000391	2.70864
45.100000000000392	14.3141
45.200000000000394	11.7948
45.300000000000395	7.12239
45.400000000000396	11.8935
45.500000000000398	7.61118
45.600000000000399	11.7789
45.700000000000401	10.2421
45.800000000000402	9.16581
45.900000000000404	7.29098
46.000000000000405	7.29098
46.100000000000406	14.7966
46.200000000000408	14.4065
46.300000000000409	12.7448
46.400000000000411	23.073
46.500000000000412	23.3673
46.600000000000414	10.4694
46.700000000000415	10.4694
46.800000000000416	18.4263
46.900000000000418	7.7656
47.000000000000419	7.43231
47.100000000000421	7.43231
47.200000000000422	7.58564
47.300000000000423	7.4858
47.400000000000425	12.6497
47.500000000000426	27.113
47.600000000000428	7.11742
47.700000000000429	21.5608
47.800000000000431	11.4682
47.900000000000432	11.4682
48.000000000000433	5.04255
48.100000000000435	5.26737
48.200000000000436	8.99202
48.300000000000438	3.68709
48.400000000000439	7.63539
48.500000000000441	16.7243
48.600000000000442	8.11561
48.700000000000443	8.11561
48.800000000000445	9.00207
48.900000000000446	5.93423
49.000000000000448	11.7761
49.100000000000449	15.2465
49.20000000000045	14.0603
49.300000000000452	18.4298
49.400000000000453	10.5687
49.500000000000455	25.1859
49.600000000000456	8.02486
49.700000000000458	8.02486
49.800000000000459	5.67372
49.90000000000046	2.69679
50.000000000000462	8.02336
50.100000000000463	12.3399
50.200000000000465	8.13165
50.300000000000466	19.0218
50.400000000000468	5.54425
50.500000000000469	10.3032
50.60000000000047	9.64906
50.700000000000472	11.3401
50.800000000000473	19.6054
50.900000000000475	16.0697
51.000000000000476	8.34813
51.100000000000477	8.34813
51.200000000000479	4
51.30000000000048	10.2391
51.400000000000482	3.95337
51.500000000000483	12.8291
51.600000000000485	7.58073
51.700000000000486	7.58073
51.800000000000487	3.33333
51.900000000000489	3.33333
52.00000000000049	3.33333
52.100000000000492	3.33333
52.200000000000493	11.3933
52.300000000000495	18.0062
52.400000000000496	12.5376
52.500000000000497	16.4913
52.600000000000499	11.0953
52.7000000000005	7.16862
52.800000000000502	7.16862
52.900000000000503	7.24695
53.000000000000504	5.12492
53.100000000000506	22.0129
53.200000000000507	19.4447
53.300000000000509	15.2648
53.40000000000051	10.5795
53.500000000000512	8.66224
53.600000000000513	6.22578
53.700000000000514	6.22578
53.800000000000516	4.32641
53.900000000000517	10.1118
54.000000000000519	12.4698
54.10000000000052	6.33871
54.200000000000522	6.03747
54.300000000000523	11.383
54.400000000000524	8.72663
54.500000000000526	8.72663
54.600000000000527	6.46506
54.700000000000529	20.4183
54.80000000000053	14.6805
54.900000000000531	11.5703
55.000000000000533	21.5817
55.100000000000534	12.6289
55.200000000000536	12.0072
55.300000000000537	9.81381
55.400000000000539	18.0521
55.50000000000054	8.98173
55.600000000000541	5.55667
55.700000000000543	5.55667
55.800000000000544	14.0579
55.900000000000546	7.85615
56.000000000000547	2
56.100000000000549	8.92401
56.20000000000055	8.92401
56.300000000000551	8.92401
56.400000000000553	3
56.50000000