10	1
10.1	1
10.199999999999999	1
10.299999999999999	1
10.399999999999999	1
10.499999999999998	1
10.599999999999998	1
10.699999999999998	1
10.799999999999997	1
10.899999999999997	1
10.999999999999996	1
11.099999999999996	1
11.199999999999996	1
11.299999999999995	1
11.399999999999995	1
11.499999999999995	1
11.599999999999994	1
11.699999999999994	1
11.799999999999994	1
11.899999999999993	1
11.999999999999993	1
12.099999999999993	1
12.199999999999992	1
12.299999999999992	1
12.399999999999991	1
12.499999999999991	1
12.599999999999991	1
12.69999999999999	1
12.79999999999999	1
12.89999999999999	1
12.999999999999989	1
13.099999999999989	1
13.199999999999989	1
13.299999999999988	1
13.399999999999988	1
13.499999999999988	1
13.599999999999987	1
13.699999999999987	1
13.799999999999986	1
13.899999999999986	1
13.999999999999986	1
14.099999999999985	1
14.199999999999985	1
14.299999999999985	1
14.399999999999984	1
14.499999999999984	1
14.599999999999984	1
14.699999999999983	1
14.799999999999983	1
14.899999999999983	1
14.999999999999982	1
15.099999999999982	1
15.199999999999982	1
15.299999999999981	1
15.399999999999981	1
15.49999999999998	1
15.59999999999998	1
15.69999999999998	1
15.799999999999979	1
15.899999999999979	1
15.999999999999979	1
16.09999999999998	1
16.199999999999982	1
16.299999999999983	1
16.399999999999984	1
16.499999999999986	1
16.599999999999987	1
16.699999999999989	1
16.79999999999999	2
16.899999999999991	2
16.999999999999993	4
17.099999999999994	8
17.199999999999996	8
17.299999999999997	16
17.399999999999999	10.5
17.5	10.5
17.600000000000001	10.5
17.700000000000003	10.5
17.800000000000004	2
17.900000000000006	2
18.000000000000007	5.2
18.100000000000009	5.39231
18.20000000000001	5.39231
18.300000000000011	6.57866
18.400000000000013	6.57866
18.500000000000014	1
18.600000000000016	1
18.700000000000017	2
18.800000000000018	3.33333
18.90000000000002	3.33333
19.000000000000021	4.16441
19.100000000000023	5.05378
19.200000000000024	5.05378
19.300000000000026	5.97588
19.400000000000027	6.77034
19.500000000000028	6.77034
19.60000000000003	7.61288
19.700000000000031	8.48916
19.800000000000033	8.48916
19.900000000000034	9.38974
20.000000000000036	10.3083
20.100000000000037	11.2405
20.200000000000038	11.2405
20.30000000000004	12.1831
20.400000000000041	12.9805
20.500000000000043	12.9805
20.600000000000044	6.49023
20.700000000000045	6.49023
20.800000000000047	1
20.900000000000048	2
21.00000000000005	2
21.100000000000051	3
21.200000000000053	3.33333
21.300000000000054	3.63333
21.400000000000055	3.63333
21.500000000000057	4.84749
21.600000000000058	5.62582
21.70000000000006	5.62582
21.800000000000061	6.46458
21.900000000000063	7.343
22.000000000000064	7.343
22.100000000000065	8.24844
22.200000000000067	9.17299
22.300000000000068	9.17299
22.40000000000007	4.641
22.500000000000071	4.85647
22.600000000000072	4.85647
22.700000000000074	5.63352
22.800000000000075	6.47126
22.900000000000077	7.34886
23.000000000000078	7.34886
23.10000000000008	8.25365
23.200000000000081	9.17767
23.300000000000082	9.17767
23.400000000000084	10.1157
23.500000000000085	11.0642
23.600000000000087	11.0642
23.700000000000088	12.0208
23.80000000000009	12.9838
23.900000000000091	12.9838
24.000000000000092	13.8797
24.100000000000094	7.11812
24.200000000000095	7.11812
24.300000000000097	7.11812
24.400000000000098	7.11812
24.500000000000099	1
24.600000000000101	2
24.700000000000102	3
24.800000000000104	3
24.900000000000105	3.33333
25.000000000000107	4.16441
25.100000000000108	4.16441
25.200000000000109	5.05378
25.300000000000111	5.97588
25.400000000000112	5.97588
25.500000000000114	6.77034
25.600000000000115	7.61288
25.700000000000117	7.61288
25.800000000000118	8.48916
25.900000000000119	9.38974
26.000000000000121	10.3083
26.100000000000122	10.3083
26.200000000000124	11.2405
26.300000000000125	11.8491
26.400000000000126	11.8491
26.500000000000128	5.92455
26.600000000000129	5.92455
26.700000000000131	5.92455
26.800000000000132	6.57309
26.900000000000134	7.43844
27.000000000000135	7.43844
27.100000000000136	8.33337
27.200000000000138	9.24932
27.300000000000139	9.24932
27.400000000000141	9.67446
27.500000000000142	4.83723
27.600000000000144	4.83723
27.700000000000145	4.83723
27.800000000000146	4.83723
27.900000000000148	1
28.000000000000149	2
28.100000000000151	2.5
28.200000000000152	2.5
28.300000000000153	3.83446
28.400000000000155	4.56988
28.500000000000156	4.56988
28.600000000000158	5.39003
28.700000000000159	6.26135
28.800000000000161	7.16526
28.900000000000162	7.16526
29.000000000000163	8.09095
29.100000000000165	4.10727
29.200000000000166	4.10727
29.300000000000168	4.35074
29.400000000000169	5.20699
29.500000000000171	5.20699
29.600000000000172	6.10528
29.700000000000173	7.02973
29.800000000000175	7.02973
29.900000000000176	7.97145
30.000000000000178	8.81164
30.100000000000179	8.81164
30.20000000000018	9.68193
30.300000000000182	10.5749
30.400000000000183	10.5749
30.500000000000185	11.1301
30.600000000000186	5.56506
30.700000000000188	5.56506
30.800000000000189	5.56506
30.90000000000019	5.56506
31.000000000000192	1
31.100000000000193	2
31.200000000000195	2.5
31.300000000000196	2.5
31.400000000000198	3.83446
31.500000000000199	4.56988
31.6000000000002	4.56988
31.700000000000202	4.99753
31.800000000000203	5.75491
31.900000000000205	6.5768
32.000000000000206	6.5768
32.100000000000207	7.44171
32.200000000000209	8.33628
32.30000000000021	8.33628
32.400000000000212	9.25194
32.500000000000213	10.1831
32.600000000000215	10.1831
32.700000000000216	11.1258
32.800000000000217	12.0775
32.900000000000219	12.0775
33.00000000000022	13.0362
33.100000000000222	14.0005
33.200000000000223	14.0005
33.300000000000225	7.31537
33.400000000000226	7.31537
33.500000000000227	7.31537
33.600000000000229	7.45207
33.70000000000023	3.72603
33.800000000000232	3.72603
33.900000000000233	3.72603
34.000000000000234	3.72603
34.100000000000236	1
34.200000000000237	2.9
34.300000000000239	3.55301
34.40000000000024	3.83446
34.500000000000242	4.56988
34.600000000000243	5.19763
34.700000000000244	6.09735
34.800000000000246	6.26135
34.900000000000247	7.16526
35.000000000000249	7.96541
35.10000000000025	7.96541
35.200000000000252	3.9827
35.300000000000253	4.23379
35.400000000000254	4.23379
35.500000000000256	5.11055
35.600000000000257	6.02369
35.700000000000259	6.02369
35.80000000000026	6.95924
35.900000000000261	7.78098
36.000000000000263	7.78098
36.100000000000264	8.63998
36.200000000000266	9.52614
36.300000000000267	9.52614
36.400000000000269	10.4326
36.50000000000027	11.3545
36.600000000000271	11.3545
36.700000000000273	12.2064
36.800000000000274	6.1032
36.900000000000276	6.1032
37.000000000000277	6.73414
37.100000000000279	7.58079
37.20000000000028	7.58079
37.300000000000281	8.46044
37.400000000000283	9.03577
37.500000000000284	9.03577
37.600000000000286	4.51789
37.700000000000287	4.51789
37.800000000000288	4.51789
37.90000000000029	1
38.000000000000291	2
38.100000000000293	2.5
38.200000000000294	2.5
38.300000000000296	3.83446
38.400000000000297	4.56988
38.500000000000298	4.56988
38.6000000000003	5.39003
38.700000000000301	5.75491
38.800000000000303	5.75491
38.900000000000304	6.42106
39.000000000000306	7.16526
39.100000000000307	7.16526
39.200000000000308	8.09095
39.30000000000031	9.03185
39.400000000000311	9.03185
39.500000000000313	9.98374
39.600000000000314	10.8517
39.700000000000315	10.8517
39.800000000000317	11.7404
39.900000000000318	6.08015
40.00000000000032	6.08015
40.100000000000321	6.08015
40.200000000000323	6.40476
40.300000000000324	6.40476
40.400000000000325	7.29054
40.500000000000327	8.20187
40.600000000000328	8.90808
40.70000000000033	8.90808
40.800000000000331	4.45404
40.900000000000333	4.45404
41.000000000000334	4.45404
41.100000000000335	4.8923
41.200000000000337	5.66426
41.300000000000338	5.66426
41.40000000000034	6.49793
41.500000000000341	7.37229
41.600000000000342	7.37229
41.700000000000344	8.27448
41.800000000000345	9.19638
41.900000000000347	9.19638
42.000000000000348	10.1327
42.10000000000035	11.0797
42.200000000000351	11.0797
42.300000000000352	12.0351
42.400000000000354	12.997
42.500000000000355	12.997
42.600000000000357	13.892
42.700000000000358	14.8004
42.80000000000036	14.8004
42.9000000000