10	1
10.1	1
10.199999999999999	1
10.299999999999999	1
10.399999999999999	1
10.499999999999998	1
10.599999999999998	1
10.699999999999998	1
10.799999999999997	1
10.899999999999997	1
10.999999999999996	1
11.099999999999996	1
11.199999999999996	1
11.299999999999995	1
11.399999999999995	1
11.499999999999995	1
11.599999999999994	1
11.699999999999994	1
11.799999999999994	1
11.899999999999993	1
11.999999999999993	1
12.099999999999993	1
12.199999999999992	1
12.299999999999992	1
12.399999999999991	1
12.499999999999991	1
12.599999999999991	1
12.69999999999999	1
12.79999999999999	1
12.89999999999999	1
12.999999999999989	1
13.099999999999989	1
13.199999999999989	1
13.299999999999988	1
13.399999999999988	1
13.499999999999988	1
13.599999999999987	1
13.699999999999987	1
13.799999999999986	1
13.899999999999986	1
13.999999999999986	1
14.099999999999985	1
14.199999999999985	1
14.299999999999985	1
14.399999999999984	1
14.499999999999984	1
14.599999999999984	1
14.699999999999983	1
14.799999999999983	1
14.899999999999983	1
14.999999999999982	1
15.099999999999982	1
15.199999999999982	1
15.299999999999981	1
15.399999999999981	1
15.49999999999998	1
15.59999999999998	1
15.69999999999998	1
15.799999999999979	1
15.899999999999979	1
15.999999999999979	1
16.09999999999998	1
16.199999999999982	1
16.299999999999983	1
16.399999999999984	1
16.499999999999986	1
16.599999999999987	1
16.699999999999989	1
16.79999999999999	1
16.899999999999991	1
16.999999999999993	1
17.099999999999994	1
17.199999999999996	1
17.299999999999997	1
17.399999999999999	1
17.5	1
17.600000000000001	1
17.700000000000003	1
17.800000000000004	1
17.900000000000006	1
18.000000000000007	1
18.100000000000009	1
18.20000000000001	1
18.300000000000011	1
18.400000000000013	1
18.500000000000014	1
18.600000000000016	1
18.700000000000017	1
18.800000000000018	1
18.90000000000002	1
19.000000000000021	1
19.100000000000023	1
19.200000000000024	1
19.300000000000026	1
19.400000000000027	1
19.500000000000028	1
19.60000000000003	1
19.700000000000031	1
19.800000000000033	1
19.900000000000034	1
20.000000000000036	1
20.100000000000037	1
20.200000000000038	1
20.30000000000004	1
20.400000000000041	1
20.500000000000043	1
20.600000000000044	1
20.700000000000045	1
20.800000000000047	1
20.900000000000048	1
21.00000000000005	1
21.100000000000051	1
21.200000000000053	1
21.300000000000054	1
21.400000000000055	1
21.500000000000057	1
21.600000000000058	1
21.70000000000006	1
21.800000000000061	1
21.900000000000063	1
22.000000000000064	1
22.100000000000065	1
22.200000000000067	1
22.300000000000068	1
22.40000000000007	1
22.500000000000071	1
22.600000000000072	1
22.700000000000074	1
22.800000000000075	1
22.900000000000077	1
23.000000000000078	1
23.10000000000008	1
23.200000000000081	1
23.300000000000082	1
23.400000000000084	1
23.500000000000085	1
23.600000000000087	1
23.700000000000088	1
23.80000000000009	1
23.900000000000091	1
24.000000000000092	1
24.100000000000094	1
24.200000000000095	1
24.300000000000097	1
24.400000000000098	1
24.500000000000099	1
24.600000000000101	1
24.700000000000102	1
24.800000000000104	1
24.900000000000105	1
25.000000000000107	1
25.100000000000108	1
25.200000000000109	1
25.300000000000111	1
25.400000000000112	1
25.500000000000114	1
25.600000000000115	1
25.700000000000117	1
25.800000000000118	1
25.900000000000119	1
26.000000000000121	1
26.100000000000122	1
26.200000000000124	1
26.300000000000125	1
26.400000000000126	1
26.500000000000128	1
26.600000000000129	1
26.700000000000131	1
26.800000000000132	1
26.900000000000134	1
27.000000000000135	1
27.100000000000136	1
27.200000000000138	1
27.300000000000139	1
27.400000000000141	1
27.500000000000142	1
27.600000000000144	1
27.700000000000145	1
27.800000000000146	1
27.900000000000148	1
28.000000000000149	1
28.100000000000151	1
28.200000000000152	1
28.300000000000153	1
28.400000000000155	1
28.500000000000156	1
28.600000000000158	1
28.700000000000159	1
28.800000000000161	1
28.900000000000162	1
29.000000000000163	1
29.100000000000165	1
29.200000000000166	1
29.300000000000168	1
29.400000000000169	1
29.500000000000171	1
29.600000000000172	1
29.700000000000173	1
29.800000000000175	1
29.900000000000176	1
30.000000000000178	1
30.100000000000179	1
30.20000000000018	1
30.300000000000182	1
30.400000000000183	1
30.500000000000185	1
30.600000000000186	2
30.700000000000188	7.02286
30.800000000000189	13.265
30.90000000000019	8.72864
31.000000000000192	15.1242
31.100000000000193	5.74172
31.200000000000195	12.0713
31.300000000000196	9.17265
31.400000000000198	8.06331
31.500000000000199	14.4777
31.6000000000002	20.9756
31.700000000000202	13.8663
31.800000000000203	9.98298
31.900000000000205	15.624
32.000000000000206	22.2815
32.100000000000207	11.3851
32.200000000000209	17.437
32.30000000000021	10.4191
32.400000000000212	15.3279
32.500000000000213	13.0872
32.600000000000215	9.32774
32.700000000000216	7.31448
32.800000000000217	7.94595
32.900000000000219	14.2733
33.00000000000022	12.0169
33.100000000000222	7.22135
33.200000000000223	4.07028
33.300000000000225	4.07028
33.400000000000226	5.19763
33.500000000000227	11.4811
33.600000000000229	17.2692
33.70000000000023	11.3853
33.800000000000232	13.106
33.900000000000233	19.7022
34.000000000000234	26.2386
34.100000000000236	15.0737
34.200000000000237	10.7733
34.300000000000239	7.91359
34.40000000000024	7.95125
34.500000000000242	8.242
34.600000000000243	14.7823
34.700000000000244	21.3749
34.800000000000246	12.7776
34.900000000000247	13.1642
35.000000000000249	19.8421
35.10000000000025	5.86404
35.200000000000252	10.7236
35.300000000000253	17.2474
35.400000000000254	23.8704
35.500000000000256	17.0673
35.600000000000257	22.7063
35.700000000000259	29.4251
35.80000000000026	18.0573
35.900000000000261	24.7463
36.000000000000263	7.61202
36.100000000000264	6.60487
36.200000000000266	5.27939
36.300000000000267	10.7045
36.400000000000269	9.00552
36.50000000000027	15.3504
36.600000000000271	21.9999
36.700000000000273	6.66448
36.800000000000274	7.29704
36.900000000000276	12.877
37.000000000000277	11.0415
37.100000000000279	17.5036
37.20000000000028	11.9864
37.300000000000281	8.24611
37.400000000000283	14.5798
37.500000000000284	12.3966
37.600000000000286	18.1123
37.700000000000287	12.2334
37.800000000000288	9.30756
37.90000000000029	6.58045
38.000000000000291	13.038
38.100000000000293	8.98479
38.200000000000294	6.73192
38.300000000000296	5.8282
38.400000000000297	10.7043
38.500000000000298	8.20802
38.6000000000003	8.17928
38.700000000000301	14.6795
38.800000000000303	10.7981
38.900000000000304	16.3406
39.000000000000306	22.7892
39.100000000000307	15.1356
39.200000000000308	5.87607
39.30000000000031	12.135
39.400000000000311	18.7535
39.500000000000313	6.24737
39.600000000000314	11.7331
39.700000000000315	18.2786
39.800000000000317	10.8199
39.900000000000318	10.8199
40.00000000000032	5.39231
40.100000000000321	11.7415
40.200000000000323	6.40213
40.300000000000324	6.40213
40.400000000000325	4.84749
40.500000000000327	10.691
40.600000000000328	16.8747
40.70000000000033	10.6441
40.800000000000331	17.1982
40.900000000000333	13.2215
41.000000000000334	19.7284
41.100000000000335	12.7228
41.200000000000337	18.3368
41.300000000000338	24.9909
41.40000000000034	15.1897
41.500000000000341	21.9795
41.600000000000342	28.5895
41.700000000000344	9.71613
41.800000000000345	15.7126
41.900000000000347	11.2674
42.000000000000348	17.984
42.10000000000035	11.7227
42.200000000000351	4.59704
42.300000000000352	10.8629
42.400000000000354	10.0013
42.500000000000355	15.5069
42.600000000000357	8.98071
42.700000000000358	8.98071
42.80000000000036	4.25
42.900000000000361	11.0012
43.000000000000362	7.19888
43.100000000000364	12.3437
43.200000000000365	17.9092
43.300000000000367	13.3242
43.400000000000368	7.34222
43.500000000000369	12.0168
43.600000000000371	9.12745
43.700000000000372	15.6157
43.800000000000374	12.3632
43.900000000000375	17.9226
44.000000000000377	4.69982
44.100000000000378	4.69982
44.200000000000379	3.83446
44.300000000000381	5.03355
44.400000000000382	10.2986
44.500000000000384	5.14928
44.600000000000385	8.66265
44.700000000000387	3.8946
44.800000000000388	8.48292
44.900000000000389	15.0511
45.000000000000391	21.6541
45.100000000000392	14.6971
45.200000000000394	21.3161
4