10	1
10.1	1
10.199999999999999	1
10.299999999999999	1
10.399999999999999	1
10.499999999999998	1
10.599999999999998	2
10.699999999999998	8
10.799999999999997	16
10.899999999999997	15.5
10.999999999999996	15.5
11.099999999999996	15.5
11.199999999999996	2
11.299999999999995	4
11.399999999999995	7.9453
11.499999999999995	8.78802
11.599999999999994	10.5553
11.699999999999994	11.4672
11.799999999999994	12.3925
11.899999999999993	14.2729
11.999999999999993	15.2244
12.099999999999993	17.1435
12.199999999999992	18.1095
12.299999999999992	19.079
12.399999999999991	21.0263
12.499999999999991	22.0034
12.599999999999991	23.9214
12.69999999999999	24.8651
12.79999999999999	25.813
12.89999999999999	13.0989
12.999999999999989	13.0989
13.099999999999989	2
13.199999999999989	4
13.299999999999988	7.08293
13.399999999999988	8.0183
13.499999999999988	8.96692
13.599999999999987	10.7044
13.699999999999987	11.6045
13.799999999999986	13.4467
13.899999999999986	14.3833
13.999999999999986	15.3279
14.099999999999985	17.2355
14.199999999999985	18.1966
14.299999999999985	20.13
14.399999999999984	10.3107
14.499999999999984	10.3107
14.599999999999984	11.4198
14.699999999999983	12.3487
14.799999999999983	14.0934
14.899999999999983	15.0562
14.999999999999982	16.0235
15.099999999999982	8.43808
15.199999999999982	8.43808
15.299999999999981	10.0687
15.399999999999981	10.9298
15.49999999999998	5.99663
15.59999999999998	6.78861
15.69999999999998	7.6291
15.799999999999979	9.40285
15.899999999999979	10.3202
15.999999999999979	12.1932
16.09999999999998	13.1434
16.199999999999982	14.1004
16.299999999999983	16.0296
16.399999999999984	17.0002
16.499999999999986	8.78979
16.599999999999987	8.78979
16.699999999999989	9.12679
16.79999999999999	11.0222
16.899999999999991	11.9821
16.999999999999993	13.7736
17.099999999999994	14.6893
17.199999999999996	7.80764
17.299999999999997	7.80764
17.399999999999999	7.80764
17.5	2
17.600000000000001	3
17.700000000000003	5.25165
17.800000000000004	6.14322
17.900000000000006	7.0626
18.000000000000007	8.95093
18.100000000000009	9.80873
18.20000000000001	11.4177
18.300000000000011	12.1831
18.400000000000013	13.1341
18.500000000000014	15.0546
18.600000000000016	16.022
18.700000000000017	8.2876
18.800000000000018	8.2876
18.90000000000002	9.53021
19.000000000000021	10.3396
19.100000000000023	5.16979
19.200000000000024	5.16979
19.300000000000026	5.72987
19.400000000000027	7.42249
19.500000000000028	8.31915
19.60000000000003	8.90375
19.700000000000031	10.6516
19.800000000000033	11.5559
19.900000000000034	13.4048
20.000000000000036	14.3442
20.100000000000037	15.2912
20.200000000000038	17.2028
20.30000000000004	18.1105
20.400000000000041	20.0522
20.500000000000043	21.0271
20.600000000000044	22.9832
20.700000000000045	23.9221
20.800000000000047	24.8658
20.900000000000048	26.7653
21.00000000000005	13.7514
21.100000000000051	13.8965
21.200000000000053	14.8046
21.300000000000054	15.7237
21.400000000000055	17.5883
21.500000000000057	18.5311
21.600000000000058	20.4328
21.70000000000006	21.3903
21.800000000000061	22.3515
21.900000000000063	24.2832
22.000000000000064	25.2529
22.100000000000065	27.199
22.200000000000067	13.6912
22.300000000000068	13.6912
22.40000000000007	13.6912
22.500000000000071	2
22.600000000000072	6
22.700000000000074	7.22412
22.800000000000075	9.07844
22.900000000000077	10.0259
23.000000000000078	10.9822
23.10000000000008	12.7577
23.200000000000081	13.6685
23.300000000000082	15.5228
23.400000000000084	16.4625
23.500000000000085	17.4089
23.600000000000087	19.3178
23.700000000000088	20.2787
23.80000000000009	22.2107
23.900000000000091	23.181
24.000000000000092	25.1284
24.100000000000094	26.1051
24.200000000000095	13.3182
24.300000000000097	13.3182
24.400000000000098	13.3182
24.500000000000099	5
24.600000000000101	6.16667
24.700000000000102	7.36254
24.800000000000104	3.81586
24.900000000000105	3.81586
25.000000000000107	3.81586
25.100000000000108	2.9
25.200000000000109	3.83446
25.300000000000111	5.19763
25.400000000000112	6.09735
25.500000000000114	7.96541
25.600000000000115	8.80618
25.700000000000117	10.5704
25.800000000000118	11.4811
25.900000000000119	12.6456
26.000000000000121	14.2841
26.100000000000122	15.2348
26.200000000000124	8.03356
26.300000000000125	8.86778
26.400000000000126	10.038
26.500000000000128	11.5283
26.600000000000129	12.449
26.700000000000131	14.322
26.800000000000132	15.2703
26.900000000000134	16.4699
27.000000000000135	18.1482
27.100000000000136	19.1157
27.200000000000138	20.9643
27.300000000000139	10.4821
27.400000000000141	10.4821
27.500000000000142	10.4821
27.600000000000144	5.75704
27.700000000000145	5.75704
27.800000000000146	5.75704
27.900000000000148	5.75704
28.000000000000149	1
28.100000000000151	2.9
28.200000000000152	3.55301
28.300000000000153	5.19763
28.400000000000155	5.57555
28.500000000000156	5.57555
28.600000000000158	2.78778
28.700000000000159	2.78778
28.800000000000161	4.26821
28.900000000000162	5.13884
29.000000000000163	6.04758
29.100000000000165	7.79938
29.200000000000166	8.65652
29.300000000000168	10.4463
29.400000000000169	11.367
29.500000000000171	12.2999
29.600000000000172	6.3506
29.700000000000173	6.66172
29.800000000000175	8.40315
29.900000000000176	9.31216
30.000000000000178	11.1758
30.100000000000179	12.1236
30.20000000000018	13.0789
30.300000000000182	15.0065
30.400000000000183	15.9768
30.500000000000185	8.26578
30.600000000000186	8.50599
30.700000000000188	9.40495
30.800000000000189	11.2531
30.90000000000019	12.1948
31.000000000000192	14.1018
31.100000000000193	15.0641
31.200000000000195	16.0309
31.300000000000196	17.8633
31.400000000000198	18.5778
31.500000000000199	9.28892
31.6000000000002	9.28892
31.700000000000202	5.12386
31.800000000000203	6.03493
31.900000000000205	7.11243
32.000000000000206	8.64776
32.100000000000207	9.53319
32.200000000000209	11.3604
32.30000000000021	12.2938
32.400000000000212	13.4621
32.500000000000213	15.1442
32.600000000000215	15.8554
32.700000000000216	7.92768
32.800000000000217	7.92768
32.900000000000219	9.21955
33.00000000000022	10.4463
33.100000000000222	11.3671
33.200000000000223	13.2425
33.300000000000225	14.1927
33.400000000000226	16.1109
33.500000000000227	16.9591
33.600000000000229	8.7138
33.70000000000023	10.2024
33.800000000000232	11.1435
33.900000000000233	6.00526
34.000000000000234	6.00526
34.100000000000236	7.22847
34.200000000000237	8.39054
34.300000000000239	9.30079
34.40000000000024	11.1664
34.500000000000242	12.1149
34.600000000000243	13.6708
34.700000000000244	14.9995
34.800000000000246	15.9073
34.900000000000247	17.7526
35.000000000000249	18.687
35.10000000000025	20.5743
35.200000000000252	21.5255
35.300000000000253	23.1823
35.400000000000254	11.6127
35.500000000000256	11.6988
35.600000000000257	5.84942
35.700000000000259	6.18648
35.80000000000026	8.03346
35.900000000000261	8.98046
36.000000000000263	9.83566
36.100000000000264	11.615
36.200000000000266	12.5293
36.300000000000267	7.05518
36.400000000000269	7.19692
36.50000000000027	8.11895
36.600000000000271	4.74538
36.700000000000273	4.74538
36.800000000000274	5.71916
36.900000000000276	2.85958
37.000000000000277	4.06772
37.100000000000279	4.97523
37.20000000000028	5.73566
37.300000000000281	3.0396
37.400000000000283	3.93827
37.500000000000284	5.46309
37.600000000000286	6.32407
37.700000000000287	7.21996
37.800000000000288	9.07515
37.90000000000029	10.0229
38.000000000000291	11.8586
38.100000000000293	12.7554
38.200000000000294	13.6664
38.300000000000296	15.5209
38.400000000000297	16.4607
38.500000000000298	8.47031
38.6000000000003	8.70481
38.700000000000301	10.4862
38.800000000000303	11.4037
38.900000000000304	12.3338
39.000000000000306	14.1514
39.100000000000307	15.1105
39.200000000000308	17.0425
39.30000000000031	18.014
39.400000000000311	9.14493
39.500000000000313	10.2834
39.600000000000314	11.2176
39.700000000000315	13.1146
39.800000000000317	14.0735
39.900000000000318	15.0376
40.00000000000032	16.9779
40.100000000000321	17.897
40.200000000000323	19.7586
40.300000000000324	20.699
40.400000000000325	10.6833
40.500000000000327	11.5851
40.600000000000328	12.5017
40.70000000000033	14.1568
40.800000000000331	15.1156
40.900000000000333	17.0471
41.000000000000334	18.0183
41.100000000000335	18.9924
41.200000000000337	9.85835
41.300000000000338	9.85835
41.40000000000034	10.6426
41.500000000000341	11.5475
41.600000000000342	12.4669
41.700000000000344	14.3375
41.800000000000345	15.2849
41.900000000000347	17.1972
42.000000000000348	18.1604
42.10000000000035	19.1273
42.200000000000351	21.0701
42.300000000000352	22.0453
42.400000000000354	24.0016
42.500000000000355	24.9021
42.600000000000357	12.6306
42.700000000000358	12.6306
42.80000000000036	1
42.900000000000361	5
43.000000000000362	6
43.100000000000364	8.14301
43.200000000000365	9.07844
43.300000000000367	10.0259
43.400000000000368	11.6907
43.500000000000369	12.5995
43.600000000000371	14.4529
43.700000000000372	15.3931
43.800000000000374	16.3404
43.900000000000375	18.2515
44.000000000000377	19.2138
44.100000000000378	21.1487
44.200000000000379	22.1204
44.300000000000381	11.7832
44.400000000000382	11.7832
44.500000000000384	11.7832
44.600000000000385	12.9204
44.700000000000387	6.46019
44.800000000000388	7.05858
44.900000000000389	7.99684
45.000000000000391	8.83458
45.100000000000392	10.594
45.200000000000394	5.39097
45.300000000000395	5.75579
45.400000000000396	6.57757
45.500000000000398	7.44239
45.600000000000399	9.25249
45.700000000000401	10.1836
45.800000000000402	12.0779
45.900000000000404	13.0366
46.000000000000405	14.9697
46.100000000000406	15.8792
46.200000000000408	8.21866
46.300000000000409	9.25559
46.400000000000411	10.1864
46.500000000000412	12.0803
46.600000000000414	13.0388
46.700000000000415	14.0029
46.800000000000416	15.881
46.900000000000418	16.8007
47.000000000000419	18.6647
47.100000000000421	19.6066
47.200000000000422	20.554
47.300000000000423	22.4623
47.400000000000425	23.4221
47.500000000000426	25.3511
47.600000000000428	26.3195
47.700000000000429	28.2628
47.800000000000431	29.2373
47.900000000000432	14.9904
48.000000000000433	14.9904
48.100000000000435	14.9904
48.200000000000436	5
48.300000000000438	6
48.400000000000439	7
48.500000000000441	9.12509
48.600000000000442	10.0681
48.700000000000443	11.8968
48.800000000000445	5.9484
48.900000000000446	6.43924
49.000000000000448	8.22869
49.100000000000449	9.15526
49.20000000000045	4.94714
49.300000000000452	5.53062
49.400000000000453	7.27083
49.500000000000455	8.18439
49.600000000000456	9.11552
49.700000000000458	11.0128
49.800000000000459	11.9736
49.90000000000046	13.7661
50.000000000000462	14.6823
50.100000000000463	15.4798
50.200000000000465	7.7399
50.300000000000466	8.36567
50.400000000000468	4.2426
50.500000000000469	4.2426
50.60000000000047	4.9143
50.700000000000472	6.51435
50.800000000000473	7.38673
50.900000000000475	9.20792
51.000000000000476	10.1431
51.100000000000477	12.0439
51.200000000000479	13.0051
51.30000000000048	13.9716
51.400000000000482	15.7901
51.500000000000483	16.7148
51.600000000000485	18.5874
51.700000000000486	19.5331
51.800000000000487	20.4838
51.900000000000489	22.3982
52.00000000000049	23.3606
52.100000000000492	25.2942
52.200000000000493	12.9017
52.300000000000495	12.9017
52.400000000000496	12.9017
52.500000000000497	2
52.600000000000499	6.32883
52.7000000000005	7.22412
52.800000000000502	9.07844
52.900000000000503	10.0259
53.000000000000504	10.9822
53.100000000000506	12.7577
53.200000000000507	13.6685
53.300000000000509	7.22643
53.40000000000051	8.02037
53.500000000000512	8.96878
53.600000000000513	10.7059
53.700000000000514	11.6059
53.800000000000516	13.4479
53.900000000000517	14.3845
54.000000000000519	15.329
54.10000000000052	17.1782
54.200000000000522	8.58911
54.300000000000523	9.26548
54.400000000000524	10.1954
54.500000000000526	11.1371
54.600000000000527	13.0458
54.700000000000529	14.0094
54.80000000000053	15.8868
54.900000000000531	16.8061
55.000000000000533	18.6695
55.100000000000534	19.6113
55.200000000000536	20.5584
55.300000000000537	10.4243
55.400000000000539	10.4243
55.50000000000054	11.6092
55.600000000000541	12.524
55.700000000000543	13.4507
55.800000000000544	15.3314
55.900000000000546	16.2823
56.000000000000547	18.1996
56.100000000000549	19.1645
56.20000000000055	20.1327
56.300000000000551	10.6228
56.400000000000553	10.6228
56.500000000000554	12.0404
56.6000