10	1
10.1	1
10.199999999999999	1
10.299999999999999	1
10.399999999999999	1
10.499999999999998	1
10.599999999999998	1
10.699999999999998	1
10.799999999999997	1
10.899999999999997	1
10.999999999999996	1
11.099999999999996	1
11.199999999999996	1
11.299999999999995	1
11.399999999999995	1
11.499999999999995	1
11.599999999999994	1
11.699999999999994	1
11.799999999999994	1
11.899999999999993	1
11.999999999999993	1
12.099999999999993	1
12.199999999999992	1
12.299999999999992	1
12.399999999999991	1
12.499999999999991	1
12.599999999999991	1
12.69999999999999	1
12.79999999999999	1
12.89999999999999	1
12.999999999999989	1
13.099999999999989	1
13.199999999999989	1
13.299999999999988	1
13.399999999999988	1
13.499999999999988	1
13.599999999999987	1
13.699999999999987	1
13.799999999999986	1
13.899999999999986	1
13.999999999999986	1
14.099999999999985	1
14.199999999999985	1
14.299999999999985	1
14.399999999999984	1
14.499999999999984	1
14.599999999999984	1
14.699999999999983	1
14.799999999999983	1
14.899999999999983	1
14.999999999999982	1
15.099999999999982	1
15.199999999999982	1
15.299999999999981	1
15.399999999999981	1
15.49999999999998	1
15.59999999999998	1
15.69999999999998	1
15.799999999999979	1
15.899999999999979	1
15.999999999999979	1
16.09999999999998	1
16.199999999999982	1
16.299999999999983	1
16.399999999999984	1
16.499999999999986	1
16.599999999999987	1
16.699999999999989	1
16.79999999999999	1
16.899999999999991	1
16.999999999999993	1
17.099999999999994	1
17.199999999999996	1
17.299999999999997	1
17.399999999999999	1
17.5	1
17.600000000000001	1
17.700000000000003	1
17.800000000000004	1
17.900000000000006	1
18.000000000000007	1
18.100000000000009	1
18.20000000000001	1
18.300000000000011	1
18.400000000000013	1
18.500000000000014	1
18.600000000000016	1
18.700000000000017	1
18.800000000000018	1
18.90000000000002	1
19.000000000000021	1
19.100000000000023	1
19.200000000000024	1
19.300000000000026	1
19.400000000000027	1
19.500000000000028	1
19.60000000000003	1
19.700000000000031	1
19.800000000000033	1
19.900000000000034	1
20.000000000000036	1
20.100000000000037	1
20.200000000000038	1
20.30000000000004	1
20.400000000000041	1
20.500000000000043	1
20.600000000000044	1
20.700000000000045	1
20.800000000000047	1
20.900000000000048	8.43732
21.00000000000005	9.70383
21.100000000000051	5.13574
21.200000000000053	7.27482
21.300000000000054	9.17311
21.400000000000055	9.60322
21.500000000000057	13.1353
21.600000000000058	9.6556
21.70000000000006	9.6556
21.800000000000061	4.25
21.900000000000063	4.17554
22.000000000000064	6.01052
22.100000000000065	5.30067
22.200000000000067	15.3352
22.300000000000068	6.76277
22.40000000000007	6.37127
22.500000000000071	8.79602
22.600000000000072	4.5176
22.700000000000074	4.503
22.800000000000075	4.503
22.900000000000077	5.19763
23.000000000000078	4.5205
23.10000000000008	4.5205
23.200000000000081	3.55301
23.300000000000082	5.62124
23.400000000000084	3.83234
23.500000000000085	6.56032
23.600000000000087	8.12799
23.700000000000088	10.2299
23.80000000000009	8.90515
23.900000000000091	8.54264
24.000000000000092	3.27579
24.100000000000094	7.96788
24.200000000000095	3.90726
24.300000000000097	4.1632
24.400000000000098	4.1632
24.500000000000099	3.55218
24.600000000000101	3.80511
24.700000000000102	6.47534
24.800000000000104	6.47534
24.900000000000105	1
25.000000000000107	4.49852
25.100000000000108	5.74974
25.200000000000109	6.75497
25.300000000000111	5.12702
25.400000000000112	9.41694
25.500000000000114	5.50088
25.600000000000115	4.08047
25.700000000000117	5.37924
25.800000000000118	5.38412
25.900000000000119	8.21947
26.000000000000121	3.66559
26.100000000000122	12.4369
26.200000000000124	6.08601
26.300000000000125	7.51581
26.400000000000126	7.51581
26.500000000000128	7.51581
26.600000000000129	3.23229
26.700000000000131	11.3014
26.800000000000132	4.05209
26.900000000000134	5.64486
27.000000000000135	14.3808
27.100000000000136	8.64036
27.200000000000138	3.6791
27.300000000000139	5.11309
27.400000000000141	5.97524
27.500000000000142	4.21974
27.600000000000144	6.38212
27.700000000000145	4.1441
27.800000000000146	5.30696
27.900000000000148	8.1928
28.000000000000149	5.05172
28.100000000000151	14.1619
28.200000000000152	5.6897
28.300000000000153	1.89709
28.400000000000155	1.89709
28.500000000000156	5.19763
28.600000000000158	6.81887
28.700000000000159	7.27203
28.800000000000161	6.53414
28.900000000000162	10.3293
29.000000000000163	6.60644
29.100000000000165	3.96807
29.200000000000166	6.52422
29.300000000000168	8.4626
29.400000000000169	7.78351
29.500000000000171	4.58195
29.600000000000172	3.60995
29.700000000000173	6.35189
29.800000000000175	7.91703
29.900000000000176	12.2807
30.000000000000178	5.51505
30.100000000000179	4.3684
30.20000000000018	6.04385
30.300000000000182	4.92496
30.400000000000183	6.11279
30.500000000000185	10.0887
30.600000000000186	5.63117
30.700000000000188	8.90602
30.800000000000189	12.9966
30.90000000000019	3.93229
31.000000000000192	8.48767
31.100000000000193	7.25567
31.200000000000195	7.25567
31.300000000000196	3.33333
31.400000000000198	7.97322
31.500000000000199	9.07821
31.6000000000002	4.2978
31.700000000000202	4.2978
31.800000000000203	1
31.900000000000205	4.89758
32.000000000000206	2.90833
32.100000000000207	3.54536
32.200000000000209	5.65127
32.30000000000021	4.20583
32.400000000000212	7.00156
32.500000000000213	16.0579
32.600000000000215	4.52198
32.700000000000216	4.58874
32.800000000000217	4.58874
32.900000000000219	4.33944
33.00000000000022	2.49848
33.100000000000222	3.98248
33.200000000000223	7.77963
33.300000000000225	5.72804
33.400000000000226	9.20626
33.500000000000227	5.64323
33.600000000000229	2.99612
33.70000000000023	2.99612
33.800000000000232	3.56677
33.900000000000233	3.55539
34.000000000000234	3.55539
34.100000000000236	2.91723
34.200000000000237	4.47871
34.300000000000239	6.54106
34.40000000000024	6.66889
34.500000000000242	8.16359
34.600000000000243	7.4708
34.700000000000244	3.99807
34.800000000000246	4.24819
34.900000000000247	4.24819
35.000000000000249	4.10727
35.10000000000025	4.10727
35.200000000000252	1
35.300000000000253	3.57724
35.400000000000254	5.14468
35.500000000000256	8.03109
35.600000000000257	3.74535
35.700000000000259	4.88606
35.80000000000026	9.238
35.900000000000261	10.6939
36.000000000000263	9.73344
36.100000000000264	10.277
36.200000000000266	5.4865
36.300000000000267	9.1031
36.400000000000269	5.37555
36.50000000000027	5.37555
36.600000000000271	5.37555
36.700000000000273	2.5
36.800000000000274	2.5
36.900000000000276	2.5
37.000000000000277	2.5
37.100000000000279	3.2884
37.20000000000028	4.53889
37.300000000000281	7.67794
37.400000000000283	5.20445
37.500000000000284	9.48653
37.600000000000286	5.69313
37.700000000000287	4.24549
37.800000000000288	3.93585
37.90000000000029	4.00813
38.000000000000291	4.39362
38.100000000000293	4.39362
38.200000000000294	2
38.300000000000296	5.34122
38.400000000000297	6.99104
38.500000000000298	7.13408
38.6000000000003	7.13408
38.700000000000301	6.99076
38.800000000000303	4.16078
38.900000000000304	6.94175
39.000000000000306	7.22713
39.100000000000307	3.79566
39.200000000000308	3.79566
39.30000000000031	1
39.400000000000311	1
39.500000000000313	1
39.600000000000314	1
39.700000000000315	2
39.800000000000317	4.9447
39.900000000000318	4.9447
40.00000000000032	1
40.100000000000321	4.04547
40.200000000000323	8.4875
40.300000000000324	12.0178
40.400000000000325	11.729
40.500000000000327	5.58121
40.600000000000328	5.02744
40.70000000000033	6.30495
40.800000000000331	10.2903
40.900000000000333	6.99801
41.000000000000334	7.11277
41.100000000000335	5.31498
41.200000000000337	6.07173
41.300000000000338	5.9595
41.40000000000034	4.42362
41.500000000000341	8.49367
41.600000000000342	8.19713
41.700000000000344	7.04873
41.800000000000345	4.4183
41.900000000000347	4.4183
42.000000000000348	3.24483
42.10000000000035	4.3041
42.200000000000351	7.77337
42.300000000000352	5.00097
42.400000000000354	8.48459
42.500000000000355	17.965
42.600000000000357	7.3946
42.700000000000358	3.85273
42.80000000000036	7.95973
42.900000000000361	8.63329
43.000000000000362	4.2767
43.100000000000364	2.62931
43.200000000000365	2.62931
43.300000000000367	2.9
43.400000000000368	6.31088
43.