10	33.1773
10.1	34.1579
10.199999999999999	35.1111
10.299999999999999	37.0789
10.399999999999999	38.064
10.499999999999998	39.0499
10.599999999999998	40.0365
10.699999999999998	42.0115
10.799999999999997	42.9999
10.899999999999997	43.966
10.999999999999996	45.9027
11.099999999999996	46.873
11.199999999999996	47.8445
11.299999999999995	49.7909
11.399999999999995	50.7657
11.499999999999995	51.7414
11.599999999999994	52.7181
11.699999999999994	54.6738
11.799999999999994	55.6529
11.899999999999993	56.6327
11.999999999999993	58.5944
12.099999999999993	59.5761
12.199999999999992	60.5585
12.299999999999992	61.5414
12.399999999999991	63.5089
12.499999999999991	64.4934
12.599999999999991	65.4783
12.69999999999999	67.405
12.79999999999999	68.348
12.89999999999999	32
12.999999999999989	32
13.099999999999989	32
13.199999999999989	2
13.299999999999988	6
13.399999999999988	16.1868
13.499999999999988	17.1485
13.599999999999987	18.1694
13.699999999999987	20.0556
13.799999999999986	21.0303
13.899999999999986	22.0527
13.999999999999986	23.9249
14.099999999999985	24.8685
14.199999999999985	25.9323
14.299999999999985	26.8797
14.399999999999984	28.6807
14.499999999999984	29.6415
14.599999999999984	30.7026
14.699999999999983	32.5378
14.799999999999983	33.5073
14.899999999999983	34.5655
14.999999999999982	36.4256
15.099999999999982	37.4012
15.199999999999982	38.4562
15.299999999999981	39.4323
15.399999999999981	41.3152
15.49999999999998	42.2963
15.59999999999998	43.3474
15.69999999999998	45.2442
15.799999999999979	46.2284
15.899999999999979	47.2767
15.999999999999979	48.2608
16.09999999999998	50.1711
16.199999999999982	51.1387
16.299999999999983	52.165
16.399999999999984	54.0853
16.499999999999986	55.0748
16.599999999999987	56.1182
16.699999999999989	58.0456
16.79999999999999	59.0365
16.899999999999991	60.0776
16.999999999999993	61.0683
17.099999999999994	63.0029
17.199999999999996	63.9952
17.299999999999997	65.0339
17.399999999999999	66.9136
17.5	67.8634
17.600000000000001	68.8583
17.700000000000003	70.6363
17.800000000000004	71.5367
17.900000000000006	72.4811
18.000000000000007	73.3452
18.100000000000009	75.017
18.20000000000001	75.8654
18.300000000000011	76.7566
18.400000000000013	78.3555
18.500000000000014	79.1682
18.600000000000016	80.0226
18.700000000000017	81.5575
18.800000000000018	82.3386
18.90000000000002	83.1604
19.000000000000021	83.9265
19.100000000000023	85.3913
19.200000000000024	86.1376
19.300000000000026	86.9235
19.400000000000027	88.3386
19.500000000000028	32
19.60000000000003	32.0312
19.700000000000031	32.5886
19.800000000000033	16.2943
19.900000000000034	16.2943
20.000000000000036	1
20.100000000000037	6
20.200000000000038	8.4888
20.30000000000004	9.38942
20.400000000000041	11.2402
20.500000000000043	12.1829
20.600000000000044	13.1339
20.700000000000045	14.0914
20.800000000000047	16.0218
20.900000000000048	16.9928
21.00000000000005	17.9111
21.100000000000051	19.7714
21.200000000000053	20.7112
21.300000000000054	21.6564
21.400000000000055	23.5602
21.500000000000057	24.5178
21.600000000000058	25.4787
21.70000000000006	26.4424
21.800000000000061	28.3773
21.900000000000063	29.348
22.000000000000064	30.3206
22.100000000000065	32.2707
22.200000000000067	33.248
22.300000000000068	33.7853
22.40000000000007	16.8926
22.500000000000071	16.8926
22.600000000000072	1
22.700000000000074	2
22.800000000000075	8.4888
22.900000000000077	8.6066
23.000000000000078	9.70539
23.10000000000008	11.505
23.200000000000081	12.4275
23.300000000000082	13.361
23.400000000000084	14.3033
23.500000000000085	16.2083
23.600000000000087	17.1688
23.700000000000088	18.1334
23.80000000000009	20.0729
23.900000000000091	21.0469
24.000000000000092	22.0231
24.100000000000094	23.9813
24.200000000000095	24.9227
24.300000000000097	25.8685
24.400000000000098	26.8182
24.500000000000099	28.7277
24.600000000000101	29.6869
24.700000000000102	30.6488
24.800000000000104	32.5793
24.900000000000105	33.5475
25.000000000000107	17.04
25.100000000000108	18.0671
25.200000000000109	19.0388
25.300000000000111	20.0131
25.400000000000112	20.9898
25.500000000000114	22.8617
25.600000000000115	23.8054
25.700000000000117	24.7535
25.800000000000118	26.661
25.900000000000119	27.6197
26.000000000000121	28.5811
26.100000000000122	30.5114
26.200000000000124	31.4798
26.300000000000125	32.4501
26.400000000000126	33.4221
26.500000000000128	35.3708
26.600000000000129	36.3472
26.700000000000131	37.3249
26.800000000000132	39.2836
26.900000000000134	40.2644
27.000000000000135	41.2462
27.100000000000136	42.2288
27.200000000000138	21.6985
27.300000000000139	22.2002
27.400000000000141	11.2568
27.500000000000142	11.4338
27.600000000000144	12.3616
27.700000000000145	13.2997
27.800000000000146	15.1992
27.900000000000148	16.1579
28.000000000000149	17.1212
28.100000000000151	18.0884
28.200000000000152	20.0323
28.300000000000153	21.0081
28.400000000000155	21.986
28.500000000000156	23.8635
28.600000000000158	24.8094
28.700000000000159	25.7594
28.800000000000161	27.6698
28.900000000000162	28.6295
29.000000000000163	29.592
29.100000000000165	30.5568
29.200000000000166	32.4927
29.300000000000168	33.4635
29.400000000000169	34.436
29.500000000000171	36.3853
29.600000000000172	37.362
29.700000000000173	38.3398
29.800000000000175	19.5062
29.900000000000176	20.4582
30.000000000000178	21.4146
30.100000000000179	22.3747
30.20000000000018	24.3046
30.300000000000182	25.2735
30.400000000000183	26.2448
30.500000000000185	28.1933
30.600000000000186	29.1701
30.700000000000188	30.1484
30.800000000000189	31.1281
30.90000000000019	33.0911
31.000000000000192	34.0742
31.100000000000193	35.0582
31.200000000000195	37.0288
31.300000000000196	38.0153
31.400000000000198	39.0024
31.500000000000199	40.9541
31.6000000000002	41.9197
31.700000000000202	42.8868
31.800000000000203	43.8555
31.900000000000205	22.6348
32.000000000000206	22.6348
32.100000000000207	22.6348
32.200000000000209	3
32.30000000000021	6
32.400000000000212	11.2705
32.500000000000213	13.0065
32.600000000000215	13.9728
32.700000000000216	15.077
32.800000000000217	16.043
32.900000000000219	17.6486
33.00000000000022	18.5883
33.100000000000222	19.8391
33.200000000000223	21.4399
33.300000000000225	22.3989
33.400000000000226	23.6171
33.500000000000227	25.2949
33.600000000000229	26.2654
33.70000000000023	27.4575
33.800000000000232	28.4245
33.900000000000233	30.1664
34.000000000000234	31.1455
34.100000000000236	32.3122
34.200000000000237	16.3562
34.300000000000239	17.2505
34.40000000000024	8.74118
34.500000000000242	9.61792
34.600000000000243	11.1649
34.700000000000244	12.1135
34.800000000000246	13.2977
34.900000000000247	14.9983
35.000000000000249	15.9063
35.10000000000025	17.1197
35.200000000000252	18.6861
35.300000000000253	19.627
35.400000000000254	21.0068
35.500000000000256	21.9848
35.600000000000257	23.4392
35.700000000000259	24.4016
35.80000000000026	25.7583
35.900000000000261	27.3048
36.000000000000263	28.2769
36.100000000000264	29.5911
36.200000000000266	31.2039
36.300000000000267	32.1825
36.400000000000269	16.3228
36.50000000000027	16.3228
36.600000000000271	16.5059
36.700000000000273	17.4499
36.800000000000274	18.6162
36.900000000000276	20.3138
37.000000000000277	21.2767
37.100000000000279	22.4221
37.20000000000028	24.1832
37.300000000000281	25.1568
37.400000000000283	26.2471
37.500000000000284	27.2203
37.600000000000286	29.0346
37.700000000000287	30.0174
37.800000000000288	31.13
37.90000000000029	32.9414
38.000000000000291	33.8993
38.100000000000293	35.0599
38.200000000000294	36.0448
38.300000000000296	37.7528
38.400000000000297	38.7208
38.500000000000298	39.9916
38.6000000000003	41.6338
38.700000000000301	42.6074
38.800000000000303	21.5488
38.900000000000304	22.5476
39.000000000000306	23.504
39.100000000000307	24.7889
39.200000000000308	25.7396
39.30000000000031	27.3604
39.400000000000311	28.3306
39.500000000000313	29.5748
39.600000000000314	31.2526
39.700000000000315	32.2297
39.800000000000317	33.4483
39.900000000000318	35.1688
40.00000000000032	36.1506
40.100000000000321	37.3484
40.200000000000323	38.3266
40.300000000000324	40.0871
40.400000000000325	20.4144
40.500000000000327	20.4634
40.600000000000328	22.3794
40.70000000000033	23.3427
40.800000000000331	24.3089
40.900000000000333	26.2488
41.000000000000334	27.222
41.100000000000335	28.197
41.200000000000337	29.1737
41.300000000000338	31.1315
41.40000000000034	32.1123
41.500000000000341	33.0943
41.600000000000342	35.0612
41.700000000000344	36.046
41.800000000000345	37.0317
41.900000000000347	38.018
42.000000000000348	39.9928
42.10000000000035	40.9566
42.200000000000351	41.9222
42.300000000000352	43.8579
42.400000000000354	44.8278
42.500000000000355	45.7991
42.600000000000357	47.7451
42.700000000000358	48.7198
42.80000000000036	49.6955
42.900000000000361	50.6721
43.000000000000362	52.6279
43.100000000000364	53.607
43.200000000000365	54.5869
43.300000000000367	56.5488
43.400000000000368	57.5307
43.500000000000369	58.5133
43.600000000000371	60.48
43.700000000000372	61.4642
43.800000000000374	62.4489
43.900000000000375	63.4341
44.000000000000377	31.9683
44.100000000000378	31.9683
44.200000000000379	1
44.300000000000381	4
44.400000000000382	9
44.500000000000384	15.1991
44.600000000000385	17.1211
44.700000000000387	18.0883
44.800000000000388	19.0589
44.900000000000389	20.0322
45.000000000000391	21.986
45.100000000000392	22.9221
45.200000000000394	23.8635
45.300000000000395	25.7593
45.400000000000396	26.7129
45.500000000000398	27.6697
45.600000000000399	28.6295
45.700000000000401	30.5567
45.800000000000402	31.5237
45.900000000000404	32.4927
46.000000000000405	34.4359
46.100000000000406	35.4099
46.200000000000408	36.3853
46.300000000000409	19.0521
46.400000000000411	19.0521
46.500000000000412	19.0521
46.600000000000414	1
46.700000000000415	3
46.800000000000416	8
46.900000000000418	9.75093
47.000000000000419	11.5434
47.100000000000421	12.463
47.200000000000422	13.394
47.300000000000423	15.2817
47.400000000000425	16.2355
47.500000000000426	17.1945
47.600000000000428	18.1578
47.700000000000429	9.92211
47.800000000000431	9.92211
47.900000000000432	10.1227
48.000000000000433	12.0267
48.100000000000435	12.9892
48.200000000000436	13.8847
48.300000000000438	15.7134
48.400000000000439	16.6423
48.500000000000441	17.579
48.600000000000442	18.5223
48.700000000000443	20.4248
48.800000000000445	21.3827
48.900000000000446	22.3442
49.000000000000448	24.2764
49.100000000000449	25.2465
49.20000000000045	12.8977
49.300000000000452	12.9753
49.400000000000453	14.7813
49.500000000000455	15.7019
49.600000000000456	16.6315
49.700000000000458	18.5125
49.800000000000459	19.4619
49.90000000000046	20.416
50.000000000000462	22.3361
50.100000000000463	23.3012
50.200000000000465	24.269
50.300000000000466	25.2393
50.400000000000468	27.1864
50.500000000000469	28.1626
50.60000000000047	29.1405
50.700000000000472	31.1004
50.800000000000473	32.0821
50.900000000000475	33.065
51.000000000000476	35.0336
51.100000000000477	36.0192
51.200000000000479	37.0055
51.30000000000048	37.9925
51.400000000000482	39.9184
51.500000000000483	40.8841
51.600000000000485	41.8513
51.700000000000486	43.7901
51.800000000000487	44.7616
51.900000000000489	45.7342
52.00000000000049	47.6829
52.100000000000492	48.6588
52.200000000000493	49.6357
52.300000000000495	50.6134
52.400000000000496	52.5715
52.500000000000497	53.5516
52.600000000000499	54.5325
52.7000000000005	56.4963
52.800000000000502	57.4791
52.900000000000503	58.4625
53.000000000000504	59.4465
53.100000000000506	61.4159
53.200000000000507	62.4014
53.300000000000509	63.3873
53.40000000000051	65.3604
53.500000000000512	66.3324
53.600000000000513	67.2905
53.700000000000514	32
53.800000000000516	32
53.900000000000517	32
54.000000000000519	1
54.10000000000052	4
54.200000000000522	7
54.300000000000523	9
54.400000000000524	17.0899
54.500000000000526	18.0588
54.600000000000527	19.0309
54.700000000000529	20.9826
54.80000000000053	21.9161
54.900000000000531	22.8551
55.000000000000533	23.7991
55.100000000000534	25.6997
55.200000000000536	26.6554
55.300000000000537	27.6142
55.400000000000539	29.54
55.50000000000054	30.5065
55.600000000000541	31.475
55.700000000000543	16.4827
55.800000000000544	16.4827
55.900000000000546	16.6039
56.000000000000547	17.5426
56.100000000000549	19.4383
56.20000000000055	20.3935
56.300000000000551	21.3528
56.400000000000553	23.2815
56.50000000000