10	1
10.1	1
10.199999999999999	1
10.299999999999999	1
10.399999999999999	1
10.499999999999998	1
10.599999999999998	1
10.699999999999998	1
10.799999999999997	1
10.899999999999997	1
10.999999999999996	1
11.099999999999996	1
11.199999999999996	1
11.299999999999995	1
11.399999999999995	1
11.499999999999995	1
11.599999999999994	1
11.699999999999994	1
11.799999999999994	1
11.899999999999993	1
11.999999999999993	1
12.099999999999993	1
12.199999999999992	1
12.299999999999992	1
12.399999999999991	1
12.499999999999991	1
12.599999999999991	1
12.69999999999999	1
12.79999999999999	1
12.89999999999999	4
12.999999999999989	32
13.099999999999989	28
13.199999999999989	28
13.299999999999988	2
13.399999999999988	12
13.499999999999988	7.51784
13.599999999999987	7.51784
13.699999999999987	9.20444
13.799999999999986	12.0412
13.899999999999986	15.7881
13.999999999999986	18.5857
14.099999999999985	21.4376
14.199999999999985	24.3248
14.299999999999985	28.2107
14.399999999999984	31.1439
14.499999999999984	15.6201
14.599999999999984	15.6201
14.699999999999983	3
14.799999999999983	9.01415
14.899999999999983	11.2015
14.999999999999982	15.0256
15.099999999999982	17.8309
15.199999999999982	20.6418
15.299999999999981	23.4993
15.399999999999981	27.3563
15.49999999999998	14.5639
15.59999999999998	16.5601
15.69999999999998	20.3579
15.799999999999979	11.4322
15.899999999999979	14.2449
15.999999999999979	17.1202
16.09999999999998	9.86462
16.199999999999982	11.9794
16.299999999999983	14.6871
16.399999999999984	8.45772
16.499999999999986	11.2168
16.599999999999987	14.0728
16.699999999999989	16.9774
16.79999999999999	20.6986
16.899999999999991	23.5491
16.999999999999993	26.4325
17.099999999999994	29.3391
17.199999999999996	16.1003
17.299999999999997	8.93538
17.399999999999999	11.5802
17.5	15.3095
17.600000000000001	18.1811
17.700000000000003	21.088
17.800000000000004	11.4103
17.900000000000006	13.2796
18.000000000000007	16.1414
18.100000000000009	9.20472
18.20000000000001	13.0028
18.300000000000011	15.7882
18.400000000000013	18.5858
18.500000000000014	21.4377
18.600000000000016	25.2931
18.700000000000017	28.2108
18.800000000000018	31.1119
18.90000000000002	34.0593
19.000000000000021	38.0019
19.100000000000023	19.8255
19.200000000000024	22.6535
19.300000000000026	12.9549
19.400000000000027	14.8986
19.500000000000028	17.6675
19.60000000000003	10.0532
19.700000000000031	11.2775
19.800000000000033	13.9785
19.900000000000034	16.7206
20.000000000000036	20.4886
20.100000000000037	23.3648
20.200000000000038	26.2684
20.30000000000004	29.1914
20.400000000000041	14.8674
20.500000000000043	14.8674
20.600000000000044	7.95466
20.700000000000045	10.3703
20.800000000000047	14.137
20.900000000000048	17.0306
21.00000000000005	19.9047
21.100000000000051	10.727
21.200000000000053	10.727
21.300000000000054	3
21.400000000000055	6.73066
21.500000000000057	9.98495
21.600000000000058	12.6466
21.70000000000006	15.8797
21.800000000000061	8.89211
21.900000000000063	11.0129
22.000000000000064	13.983
22.100000000000065	16.7243
22.200000000000067	20.2953
22.300000000000068	23.1955
22.40000000000007	26.2708
22.500000000000071	14.3199
22.600000000000072	14.5973
22.700000000000074	17.4143
22.800000000000075	9.21122
22.900000000000077	4.65989
23.000000000000078	7.22216
23.10000000000008	10.0245
23.200000000000081	12.7566
23.300000000000082	16.4007
23.400000000000084	9.76842
23.500000000000085	12.4767
23.600000000000087	16.246
23.700000000000088	19.0812
23.80000000000009	22.0054
23.900000000000091	11.6436
24.000000000000092	12.0669
24.100000000000094	7.07172
24.200000000000095	9.503
24.300000000000097	6.39364
24.400000000000098	10.0666
24.500000000000099	12.8679
24.600000000000101	15.6133
24.700000000000102	19.3906
24.800000000000104	10.584
24.900000000000105	13.3512
25.000000000000107	16.2002
25.100000000000108	9.44706
25.200000000000109	12.2273
25.300000000000111	7.13549
25.400000000000112	7.13549
25.500000000000114	8.78206
25.600000000000115	11.4626
25.700000000000117	6.31446
25.800000000000118	3.74314
25.900000000000119	5.69574
26.000000000000121	8.29588
26.100000000000122	5.07505
26.200000000000124	5.07505
26.300000000000125	6.16062
26.400000000000126	3.96901
26.500000000000128	7.23638
26.600000000000129	4.54408
26.700000000000131	4.54408
26.800000000000132	7.14907
26.900000000000134	4.50953
27.000000000000135	6.05275
27.100000000000136	8.66012
27.200000000000138	12.3025
27.300000000000139	7.30621
27.400000000000141	7.30621
27.500000000000142	8.80733
27.600000000000144	5.75645
27.700000000000145	8.33733
27.800000000000146	11.1266
27.900000000000148	14.0011
28.000000000000149	17.7276
28.100000000000151	9.7771
28.200000000000152	9.7771
28.300000000000153	11.3021
28.400000000000155	14.1408
28.500000000000156	17.0337
28.600000000000158	19.9074
28.700000000000159	23.6744
28.800000000000161	12.3544
28.900000000000162	12.3544
29.000000000000163	6.83779
29.100000000000165	4.66553
29.200000000000166	6.48866
29.300000000000168	9.18988
29.400000000000169	5.88861
29.500000000000171	7.41001
29.600000000000172	10.16
29.700000000000173	13.0183
29.800000000000175	7.57673
29.900000000000176	9.14309
30.000000000000178	5.09177
30.100000000000179	6.64808
30.20000000000018	9.30245
30.300000000000182	12.1162
30.400000000000183	14.7987
30.500000000000185	18.5264
30.600000000000186	9.50332
30.700000000000188	11.598
30.800000000000189	14.3781
30.90000000000019	4.18423
31.000000000000192	6.78233
31.100000000000193	9.39834
31.200000000000195	13.1402
31.300000000000196	16.027
31.400000000000198	9.01363
31.500000000000199	11.2011
31.6000000000002	15.0253
31.700000000000202	7.83902
31.800000000000203	8.6922
31.900000000000205	12.325
32.000000000000206	15.1695
32.100000000000207	18.0635
32.200000000000209	20.9866
32.30000000000021	11.186
32.400000000000212	12.3785
32.500000000000213	15.1469
32.600000000000215	18.0445
32.700000000000216	10.3167
32.800000000000217	12.3538
32.900000000000219	7.22449
33.00000000000022	7.22449
33.100000000000222	9.61672
33.200000000000223	5.30519
33.300000000000225	5.30519
33.400000000000226	2
33.500000000000227	2
33.600000000000229	2
33.70000000000023	2
33.800000000000232	1
33.900000000000233	3.55301
34.000000000000234	7.02286
34.100000000000236	9.67696
34.200000000000237	12.4054
34.300000000000239	16.1914
34.40000000000024	19.0873
34.500000000000242	9.9796
34.600000000000243	5.42393
34.700000000000244	8.35802
34.800000000000246	11.1421
34.900000000000247	14.0134
35.000000000000249	7.14835
35.10000000000025	9.45413
35.200000000000252	6.0467
35.300000000000253	8.65592
35.400000000000254	4.66369
35.500000000000256	5.46924
35.600000000000257	8.14342
35.700000000000259	10.9825
35.80000000000026	7.05101
35.900000000000261	9.05366
36.000000000000263	11.8422
36.100000000000264	15.5084
36.200000000000266	8.98536
36.300000000000267	11.6187
36.400000000000269	7.02113
36.50000000000027	9.14124
36.600000000000271	11.9931
36.700000000000273	14.6983
36.800000000000274	8.45843
36.900000000000276	11.3065
37.000000000000277	14.1443
37.100000000000279	7.8767
37.20000000000028	10.9716
37.300000000000281	13.66
37.400000000000283	16.4555
37.500000000000284	19.3117
37.600000000000286	11.0578
37.700000000000287	13.8746
37.800000000000288	7.2896
37.90000000000029	9.45517
38.000000000000291	6.08823
38.100000000000293	8.79991
38.200000000000294	11.3
38.300000000000296	7.95196
38.400000000000297	5.15387
38.500000000000298	7.80918
38.6000000000003	10.357
38.700000000000301	6.5618
38.800000000000303	9.24135
38.900000000000304	12.0694
39.000000000000306	6.92475
39.100000000000307	4.12703
39.200000000000308	6.28181
39.30000000000031	9.04594
39.400000000000311	4.63285
39.500000000000313	4.63285
39.600000000000314	2.9
39.700000000000315	2.91723
39.800000000000317	5.20683
39.900000000000318	7.97135
40.00000000000032	10.5748
40.100000000000321	14.2874
40.200000000000323	17.1555
40.300000000000324	9.41282
40.400000000000325	4.91541
40.500000000000327	7.78637
40.600000000000328	10.4366
40.70000000000033	13.2348
40.800000000000331	8.1218
40.900000000000333	10.9666
41.000000000000334	13.656
41.100000000000335	7.36
41.200000000000337	11.0716
41.300000000000338	13.8855
41.40000000000034	16.643
41.500000000000341	19.2649
41.600000000000342	11.1049
41.700000000000344	13.6207
41.800000000000345	16.4229
41.900000000000347	9.95204
42.000000000000348	12.6207
42.10000000000035	7.37288
42.200000000000351	9.30559
42.300000000000352	13.0742
42.400000000000354	7.1265
42.500000000000355	9.95609
42.600000000000357	5.41313
42.700000000000358	7.5924
42.80000000000036	10.2932
42.900000000000361	13.1223
43.000000000000362	16.9839
43.100000000000364	9.54686
43.200000000000365	11.4598
43.300000000000367	6.15218
43.400000000000368	9.39556
43.500000000000369	4.80362
43.600000000000371	7.17511
43.700000000000372	10.8581
43.800000000000374	13.2703
43.900000000000375	16.1337
44.000000000000377	9.36009
44.100000000000378	9.36009
44.200000000000379	11.6547
44.300000000000381	6.709
44.400000000000382	10.2684
44.500000000000384	12.8711
44.600000000000385	7.17823
44.700000000000387	4.57635
44.800000000000388	6.73318
44.900000000000389	9.36313
45.000000000000391	12.1627
45.100000000000392	15.0381
45.200000000000394	18.8247
45.300000000000395	10.6859
45.400000000000396	13.432
45.500000000000398	7.75504
45.600000000000399	8.84723
45.700000000000401	4.42361
45.800000000000402	5.26753
45.900000000000404	4.16084
46.000000000000405	6.76819
46.100000000000406	9.3882
46.200000000000408	13.133
46.300000000000409	7.25561
46.400000000000411	7.79204
46.500000000000412	10.2465
46.600000000000414	7.39049
46.700000000000415	4.60976
46.800000000000416	7.19038
46.900000000000418	10.0017
47.000000000000419	13.5032
47.100000000000421	16.3256
47.200000000000422	9.46935
47.300000000000423	5.65809
47.400000000000425	8.2703
47.500000000000426	4.13515
47.600000000000428	5.95585
47.700000000000429	9.37712
47.800000000000431	5.47921
47.900000000000432	7.09105
48.000000000000433	9.82914
48.100000000000435	13.4509
48.200000000000436	7.70203
48.300000000000438	10.2767
48.400000000000439	14.0686
48.500000000000441	8.00087
48.600000000000442	8.00087
48.700000000000443	1
48.800000000000445	4.92064
48.900000000000446	7.3909
49.000000000000448	11.0012
49.100000000000449	13.9737
49.20000000000045	8.23758
49.300000000000452	8.23758
49.400000000000453	10.6827
49.500000000000455	6.97897
49.600000000000456	4.09491
49.700000000000458	7.16507
49.800000000000459	9.9836
49.90000000000046	5.60779
50.000000000000462	7.1902
50.100000000000463	5.02692
50.200000000000465	7.59528
50.300000000000466	3.99182
50.400000000000468	6.35687
50.500000000000469	9.09789
50.60000000000047	4.54894
50.700000000000472	5.37241
50.800000000000473	9.02147
50.900000000000475	11.7325
51.000000000000476	14.3476
51.100000000000477	18.1131
51.200000000000479	20.8381
51.30000000000048	23.6718
51.400000000000482	12.1904
51.500000000000483	16.0275
51.600000000000485	18.8426
51.700000000000486	9.78705
51.800000000000487	12.4913
51.900000000000489	16.1954
52.00000000000049	19.0907
52.100000000000492	22.0136
52.200000000000493	25.744
52.300000000000495	13.9179
52.400000000000496	13.9179
52.500000000000497	13.9179
52.600000000000499	4
52.7000000000005	8.14301
52.800000000000502	5.35219
52.900000000000503	6.99408
53.000000000000504	9.5515
53.100000000000506	6.40438
53.200000000000507	4.33944
53.300000000000509	6.26135
53.40000000000051	3.72086
53.500000000000512	6.96311
53.600000000000513	9.52896
53.700000000000514	12.2905
53.800000000000516	15.1415
53.900000000000517	18.8543
54.000000000000519	9.96922
54.10000000000052	12.2307
54.200000000000522	16.0581
54.300000000000523	18.8155
54.400000000000524	11.1659
54.500000000000526	14.0324
54.600000000000527	7.56609
54.700000000000529	4.10893
54.80000000000053	6.73701
54.900000000000531	10.2866
55.000000000000533	13.1171
55.100000000000534	16.008
55.200000000000536	18.826
55.300000000000537	22.4186
55.400000000000539	12.0716
55.50000000000054	14.8974
55.600000000000541	17.6665
55.700000000000543	10.1032
55.800000000000544	12.9741
55.900000000000546	15.7009
56.000000000000547	10.143
56.100000000000549	13.005
56.20000000000055	15.79
56.300000000000551	9.08076
56.400000000000553	12.7594
56.500000000000554	6.908
56.600000000000556	8.24004
56.700000000000557	12.0115
56.800000000000558	14.7812
56.90000000000056	8.6116
57.00000000000