10	1
10.1	1
10.199999999999999	1
10.299999999999999	1
10.399999999999999	1
10.499999999999998	1
10.599999999999998	1
10.699999999999998	1
10.799999999999997	1
10.899999999999997	1
10.999999999999996	1
11.099999999999996	1
11.199999999999996	1
11.299999999999995	1
11.399999999999995	1
11.499999999999995	1
11.599999999999994	1
11.699999999999994	1
11.799999999999994	1
11.899999999999993	1
11.999999999999993	1
12.099999999999993	1
12.199999999999992	1
12.299999999999992	1
12.399999999999991	1
12.499999999999991	1
12.599999999999991	1
12.69999999999999	1
12.79999999999999	1
12.89999999999999	1
12.999999999999989	1
13.099999999999989	1
13.199999999999989	1
13.299999999999988	1
13.399999999999988	1
13.499999999999988	1
13.599999999999987	1
13.699999999999987	1
13.799999999999986	1
13.899999999999986	1
13.999999999999986	1
14.099999999999985	1
14.199999999999985	1
14.299999999999985	1
14.399999999999984	1
14.499999999999984	1
14.599999999999984	1
14.699999999999983	1
14.799999999999983	1
14.899999999999983	1
14.999999999999982	1
15.099999999999982	1
15.199999999999982	1
15.299999999999981	1
15.399999999999981	1
15.49999999999998	1
15.59999999999998	1
15.69999999999998	1
15.799999999999979	1
15.899999999999979	1
15.999999999999979	1
16.09999999999998	1
16.199999999999982	1
16.299999999999983	1
16.399999999999984	1
16.499999999999986	1
16.599999999999987	1
16.699999999999989	1
16.79999999999999	1
16.899999999999991	1
16.999999999999993	1
17.099999999999994	1
17.199999999999996	1
17.299999999999997	1
17.399999999999999	1
17.5	1
17.600000000000001	1
17.700000000000003	1
17.800000000000004	1
17.900000000000006	1
18.000000000000007	1
18.100000000000009	1
18.20000000000001	1
18.300000000000011	1
18.400000000000013	1
18.500000000000014	1
18.600000000000016	1
18.700000000000017	1
18.800000000000018	1
18.90000000000002	1
19.000000000000021	1
19.100000000000023	1
19.200000000000024	1
19.300000000000026	1
19.400000000000027	1
19.500000000000028	1
19.60000000000003	1
19.700000000000031	1
19.800000000000033	1
19.900000000000034	1
20.000000000000036	1
20.100000000000037	1
20.200000000000038	1
20.30000000000004	1
20.400000000000041	1
20.500000000000043	1
20.600000000000044	1
20.700000000000045	1
20.800000000000047	1
20.900000000000048	1
21.00000000000005	1
21.100000000000051	1
21.200000000000053	1
21.300000000000054	1
21.400000000000055	1
21.500000000000057	1
21.600000000000058	1
21.70000000000006	1
21.800000000000061	1
21.900000000000063	1
22.000000000000064	1
22.100000000000065	1
22.200000000000067	1
22.300000000000068	1
22.40000000000007	1
22.500000000000071	1
22.600000000000072	1
22.700000000000074	1
22.800000000000075	1
22.900000000000077	1
23.000000000000078	1
23.10000000000008	1
23.200000000000081	1
23.300000000000082	1
23.400000000000084	1
23.500000000000085	1
23.600000000000087	1
23.700000000000088	1
23.80000000000009	1
23.900000000000091	1
24.000000000000092	1
24.100000000000094	1
24.200000000000095	1
24.300000000000097	1
24.400000000000098	1
24.500000000000099	1
24.600000000000101	1
24.700000000000102	1
24.800000000000104	1
24.900000000000105	1
25.000000000000107	1
25.100000000000108	1
25.200000000000109	1
25.300000000000111	1
25.400000000000112	1
25.500000000000114	1
25.600000000000115	1
25.700000000000117	1
25.800000000000118	1
25.900000000000119	1
26.000000000000121	1
26.100000000000122	1
26.200000000000124	1
26.300000000000125	1
26.400000000000126	1
26.500000000000128	1
26.600000000000129	1
26.700000000000131	1
26.800000000000132	1
26.900000000000134	1
27.000000000000135	1
27.100000000000136	1
27.200000000000138	1
27.300000000000139	1
27.400000000000141	1
27.500000000000142	1
27.600000000000144	1
27.700000000000145	1
27.800000000000146	1
27.900000000000148	1
28.000000000000149	1
28.100000000000151	1
28.200000000000152	1
28.300000000000153	1
28.400000000000155	1
28.500000000000156	1
28.600000000000158	1
28.700000000000159	21.111
28.800000000000161	15.8053
28.900000000000162	18.3082
29.000000000000163	13.76
29.100000000000165	26.7144
29.200000000000166	6.40168
29.300000000000168	21.2722
29.400000000000169	10.7042
29.500000000000171	9.96599
29.600000000000172	10.9685
29.700000000000173	25.1171
29.800000000000175	19.3086
29.900000000000176	9.98569
30.000000000000178	9.98569
30.100000000000179	9.9912
30.20000000000018	15.2897
30.300000000000182	7.85264
30.400000000000183	7.15862
30.500000000000185	18.2058
30.600000000000186	9.70341
30.700000000000188	12.5207
30.800000000000189	9.62851
30.90000000000019	22.9311
31.000000000000192	7.75015
31.100000000000193	7.3581
31.200000000000195	13.7368
31.300000000000196	12.3871
31.400000000000198	7.62593
31.500000000000199	21.036
31.6000000000002	7.69851
31.700000000000202	14.9707
31.800000000000203	30.4123
31.900000000000205	11.0807
32.000000000000206	13.521
32.100000000000207	11.4104
32.200000000000209	31.334
32.30000000000021	5.79917
32.400000000000212	21.581
32.500000000000213	9.79905
32.600000000000215	9.79905
32.700000000000216	8.64776
32.800000000000217	15.5976
32.900000000000219	15.5976
33.00000000000022	5
33.100000000000222	7.29118
33.200000000000223	16.361
33.300000000000225	13.6316
33.400000000000226	15.3294
33.500000000000227	13.2621
33.600000000000229	13.2621
33.70000000000023	10.0189
33.800000000000232	14.3247
33.900000000000233	25.2972
34.000000000000234	18.9673
34.100000000000236	18.9673
34.200000000000237	5
34.300000000000239	26.7241
34.40000000000024	9.29793
34.500000000000242	18.7624
34.600000000000243	24.579
34.700000000000244	8.96923
34.800000000000246	8.96923
34.900000000000247	14.8771
35.000000000000249	10.0306
35.10000000000025	5.60475
35.200000000000252	8.30747
35.300000000000253	12.8707
35.400000000000254	10.5359
35.500000000000256	10.4967
35.600000000000257	15.8767
35.700000000000259	15.5224
35.80000000000026	28.0959
35.900000000000261	29.9672
36.000000000000263	8.76018
36.100000000000264	9.58754
36.200000000000266	10.6991
36.300000000000267	9.39961
36.400000000000269	11.3545
36.50000000000027	43.1076
36.600000000000271	11.052
36.700000000000273	11.052
36.800000000000274	10.3174
36.900000000000276	6.85961
37.000000000000277	13.5585
37.100000000000279	22.4776
37.20000000000028	15.4915
37.300000000000281	15.1896
37.400000000000283	17.5464
37.500000000000284	34.5637
37.600000000000286	26.163
37.700000000000287	12.1635
37.800000000000288	12.2457
37.90000000000029	12.2457
38.000000000000291	5.09674
38.100000000000293	23.0762
38.200000000000294	17.5138
38.300000000000296	17.5138
38.400000000000297	22.473
38.500000000000298	33.0815
38.6000000000003	7.9262
38.700000000000301	23.3663
38.800000000000303	9.73694
38.900000000000304	17.1021
39.000000000000306	7.83886
39.100000000000307	19.1691
39.200000000000308	16.1992
39.30000000000031	4.93957
39.400000000000311	10.4775
39.500000000000313	20.3201
39.600000000000314	15.9884
39.700000000000315	20.1293
39.800000000000317	9.97956
39.900000000000318	24.7518
40.00000000000032	13.4593
40.100000000000321	10.3989
40.200000000000323	15.9875
40.300000000000324	19.168
40.400000000000325	20.0069
40.500000000000327	11.5951
40.600000000000328	43.3793
40.70000000000033	26.0951
40.800000000000331	34.1358
40.900000000000333	19.6945
41.000000000000334	6.22188
41.100000000000335	13.2672
41.200000000000337	24.8209
41.300000000000338	25.2941
41.40000000000034	6.27265
41.500000000000341	5.0189
41.600000000000342	6.55177
41.700000000000344	4.4507
41.800000000000345	4.4507
41.900000000000347	23.928
42.000000000000348	24.0946
42.10000000000035	27.0236
42.200000000000351	24.9834
42.300000000000352	16.2076
42.400000000000354	13.0509
42.500000000000355	30.3164
42.600000000000357	12.9878
42.700000000000358	8.78835
42.80000000000036	17.1498
42.900000000000361	15.4556
43.000000000000362	27.0359
43.100000000000364	13.3737
43.200000000000365	17.0223
43.300000000000367	28.5841
43.400000000000368	27.879
43.500000000000369	15.4043
43.600000000000371	32.9916
43.700000000000372	14.3843
43.800000000000374	15.1713
43.900000000000375	7.35728
44.000000000000377	20.063
44.100000000000378	8.43781
44.200000000000379	8.5756
44.300000000000381	5.54463
44.400000000000382	9.12938
44.500000000000384	40.778
44.600000000000385	6.1445
44.700000000000387	18.9847
44.800000000000388	31.0932
44.90000000