10	1
10.1	1
10.199999999999999	1
10.299999999999999	1
10.399999999999999	1
10.499999999999998	1
10.599999999999998	1
10.699999999999998	1
10.799999999999997	1
10.899999999999997	1
10.999999999999996	1
11.099999999999996	1
11.199999999999996	1
11.299999999999995	1
11.399999999999995	1
11.499999999999995	1
11.599999999999994	1
11.699999999999994	1
11.799999999999994	1
11.899999999999993	1
11.999999999999993	1
12.099999999999993	1
12.199999999999992	1
12.299999999999992	1
12.399999999999991	1
12.499999999999991	1
12.599999999999991	1
12.69999999999999	1
12.79999999999999	1
12.89999999999999	1
12.999999999999989	1
13.099999999999989	1
13.199999999999989	1
13.299999999999988	1
13.399999999999988	1
13.499999999999988	1
13.599999999999987	1
13.699999999999987	1
13.799999999999986	1
13.899999999999986	1
13.999999999999986	1
14.099999999999985	1
14.199999999999985	1
14.299999999999985	1
14.399999999999984	1
14.499999999999984	1
14.599999999999984	1
14.699999999999983	1
14.799999999999983	1
14.899999999999983	1
14.999999999999982	1
15.099999999999982	1
15.199999999999982	1
15.299999999999981	1
15.399999999999981	1
15.49999999999998	1
15.59999999999998	1
15.69999999999998	1
15.799999999999979	1
15.899999999999979	1
15.999999999999979	1
16.09999999999998	1
16.199999999999982	1
16.299999999999983	1
16.399999999999984	1
16.499999999999986	1
16.599999999999987	1
16.699999999999989	1
16.79999999999999	1
16.899999999999991	1
16.999999999999993	1
17.099999999999994	1
17.199999999999996	1
17.299999999999997	1
17.399999999999999	1
17.5	1
17.600000000000001	1
17.700000000000003	1
17.800000000000004	1
17.900000000000006	1
18.000000000000007	1
18.100000000000009	1
18.20000000000001	1
18.300000000000011	1
18.400000000000013	1
18.500000000000014	1
18.600000000000016	1
18.700000000000017	1
18.800000000000018	1
18.90000000000002	1
19.000000000000021	1
19.100000000000023	1
19.200000000000024	1
19.300000000000026	1
19.400000000000027	1
19.500000000000028	1
19.60000000000003	1
19.700000000000031	1
19.800000000000033	1
19.900000000000034	1
20.000000000000036	1
20.100000000000037	1
20.200000000000038	1
20.30000000000004	1
20.400000000000041	1
20.500000000000043	1
20.600000000000044	1
20.700000000000045	2
20.800000000000047	8
20.900000000000048	26
21.00000000000005	64.4361
21.100000000000051	32
21.200000000000053	32
21.300000000000054	32.6193
21.400000000000055	16.3097
21.500000000000057	16.3097
21.600000000000058	2
21.70000000000006	9.38942
21.800000000000061	10.7843
21.900000000000063	12.5879
22.000000000000064	7.60051
22.100000000000065	9.37975
22.200000000000067	11.2321
22.300000000000068	14.085
22.40000000000007	16.0161
22.500000000000071	17.9061
22.600000000000072	9.73026
22.700000000000074	9.73026
22.800000000000075	9.73026
22.900000000000077	2
23.000000000000078	5.12386
23.10000000000008	7.11243
23.200000000000081	8.99015
23.300000000000082	11.3604
23.400000000000084	13.2367
23.500000000000085	15.3414
23.600000000000087	18.0422
23.700000000000088	19.9405
23.80000000000009	11.023
23.900000000000091	13.4053
24.000000000000092	15.2917
24.100000000000094	17.492
24.200000000000095	20.1025
24.300000000000097	22.05
24.400000000000098	24.2135
24.500000000000099	26.8775
24.600000000000101	28.7831
24.700000000000102	31.0571
24.800000000000104	33.595
24.900000000000105	35.506
25.000000000000107	18.7532
25.100000000000108	18.7532
25.200000000000109	18.7532
25.300000000000111	2
25.400000000000112	5
25.500000000000114	11.0092
25.600000000000115	12.8592
25.700000000000117	14.6796
25.800000000000118	17.4833
25.900000000000119	19.3848
26.000000000000121	10.4144
26.100000000000122	10.4144
26.200000000000124	11.426
26.300000000000125	5.84329
26.400000000000126	5.84329
26.500000000000128	8.02903
26.600000000000129	9.83205
26.700000000000131	11.6119
26.800000000000132	14.3893
26.900000000000134	16.2842
27.000000000000135	18.2013
27.100000000000136	21.1053
27.200000000000138	23.0548
27.300000000000139	25.0121
27.400000000000141	27.8875
27.500000000000142	29.7956
27.600000000000144	31.715
27.700000000000145	34.6111
27.800000000000146	17.4208
27.900000000000148	17.4208
28.000000000000149	17.4782
28.100000000000151	17.4782
28.200000000000152	4
28.300000000000153	8.95059
28.400000000000155	10.6907
28.500000000000156	12.508
28.600000000000158	15.3184
28.700000000000159	17.227
28.800000000000161	9.31193
28.900000000000162	11.2651
29.000000000000163	13.1552
29.100000000000165	14.9394
29.200000000000166	17.7019
29.300000000000168	19.5821
29.400000000000169	21.4837
29.500000000000171	12.0796
29.600000000000172	12.2446
29.700000000000173	14.1448
29.800000000000175	17.0371
29.900000000000176	9.25127
30.000000000000178	10.2807
30.100000000000179	13.1125
30.20000000000018	14.7667
30.300000000000182	7.38335
30.400000000000183	9.09527
30.500000000000185	10.9961
30.600000000000186	12.7697
30.700000000000188	14.6013
30.800000000000189	17.4177
30.90000000000019	19.3256
31.000000000000192	10.5067
31.100000000000193	12.4322
31.200000000000195	14.3074
31.300000000000196	16.2119
31.400000000000198	19.1047
31.500000000000199	21.0496
31.6000000000002	23.0038
31.700000000000202	25.8707
31.800000000000203	13.7964
31.900000000000205	13.9409
32.000000000000206	7.42614
32.100000000000207	9.23946
32.200000000000209	11.1155
32.30000000000021	13.9923
32.400000000000212	15.8084
32.500000000000213	17.664
32.600000000000215	20.498
32.700000000000216	22.4111
32.800000000000217	24.338
32.900000000000219	27.248
33.00000000000022	13.9864
33.100000000000222	7.02895
33.200000000000223	7.97076
33.300000000000225	5.11261
33.400000000000226	6.96074
33.500000000000227	8.64118
33.600000000000229	11.2666
33.70000000000023	13.1565
33.800000000000232	15.0741
33.900000000000233	8.68526
34.000000000000234	4.9387
34.100000000000236	6.04956
34.200000000000237	3.71023
34.300000000000239	5.30405
34.40000000000024	6.95759
34.500000000000242	9.52495
34.600000000000243	11.3535
34.700000000000244	13.2308
34.800000000000246	16.1013
34.900000000000247	18.0379
35.000000000000249	19.9867
35.10000000000025	22.7947
35.200000000000252	24.6917
35.300000000000253	12.5869
35.400000000000254	14.4419
35.500000000000256	17.2843
35.600000000000257	19.2055
35.700000000000259	21.1412
35.80000000000026	24.0641
35.900000000000261	26.0222
36.000000000000263	27.9862
36.100000000000264	30.8436
36.200000000000266	32.7626
36.300000000000267	34.6907
36.400000000000269	37.5969
36.50000000000027	39.5421
36.600000000000271	20.3568
36.700000000000273	21.6902
36.800000000000274	23.5913
36.900000000000276	25.5074
37.000000000000277	28.4031
37.100000000000279	30.3447
37.20000000000028	32.2934
37.300000000000281	17.0947
37.400000000000283	16.0947
37.500000000000284	16.0947
37.600000000000286	8.6066
37.700000000000287	10.9689
37.800000000000288	12.7463
37.90000000000029	14.7857
38.000000000000291	17.4006
38.100000000000293	19.3102
38.200000000000294	21.3772
38.300000000000296	10.8513
38.400000000000297	10.8513
38.500000000000298	2
38.6000000000003	6.73066
38.700000000000301	8.45768
38.800000000000303	10.2825
38.900000000000304	13.1138
39.000000000000306	15.037
39.100000000000307	16.9774
39.200000000000308	19.5544
39.30000000000031	21.4585
39.400000000000311	23.3785
39.500000000000313	11.8803
39.600000000000314	11.8803
39.700000000000315	3
39.800000000000317	7.0246
39.900000000000318	8.80756
40.00000000000032	10.8528
40.100000000000321	5.42639
40.200000000000323	7.46788
40.300000000000324	9.27293
40.400000000000325	11.233
40.500000000000327	14.0143
40.600000000000328	15.8911
40.70000000000033	17.9066
40.800000000000331	20.5618
40.900000000000333	22.4694
41.000000000000334	12.0929
41.100000000000335	14.0137
41.200000000000337	15.8906
41.300000000000338	17.681
41.40000000000034	20.5126
41.500000000000341	22.4244
41.600000000000342	23.9775
41.700000000000344	26.8148
41.800000000000345	14.0453
41.900000000000347	15.1442
42.000000000000348	18.0422
42.10000000000035	19.8902
42.200000000000351	21.7649
42.300000000000352	23.5752
42.400000000000354	13.0373
42.500000000000355	14.073
42.600000000000357	15.7532
42.700000000000358	8.72604
42.80000000000036	10.5038
42.900000000000361	12.3488
43.000000000000362	15.1888
43.100000000000364	17.112
43.200000000000365	19.0506
43.30000000000036