10	23.1164
10.1	24.0917
10.199999999999999	25.0689
10.299999999999999	25.0689
10.399999999999999	26.0478
10.499999999999998	26.0478
10.599999999999998	27.0282
10.699999999999998	28.01
10.799999999999997	28.01
10.899999999999997	28.993
10.999999999999996	28.993
11.099999999999996	29.9437
11.199999999999996	30.8976
11.299999999999995	30.8976
11.399999999999995	31.8542
11.499999999999995	32.8134
11.599999999999994	32.8134
11.699999999999994	33.775
11.799999999999994	33.775
11.899999999999993	34.7387
11.999999999999993	35.7044
12.099999999999993	35.7044
12.199999999999992	36.6446
12.299999999999992	36.6446
12.399999999999991	37.6146
12.499999999999991	38.586
12.599999999999991	38.586
12.69999999999999	39.5589
12.79999999999999	39.5589
12.89999999999999	40.5331
12.999999999999989	41.5085
13.099999999999989	41.5085
13.199999999999989	42.485
13.299999999999988	43.4626
13.399999999999988	43.4626
13.499999999999988	44.4412
13.599999999999987	44.4412
13.699999999999987	45.3987
13.799999999999986	46.3796
13.899999999999986	46.3796
13.999999999999986	23.2544
14.099999999999985	23.2544
14.199999999999985	23.8913
14.299999999999985	24.8361
14.399999999999984	24.8361
14.499999999999984	25.7851
14.599999999999984	12.9506
14.699999999999983	12.9506
14.799999999999983	12.9506
14.899999999999983	12.9506
14.999999999999982	1
15.099999999999982	2
15.199999999999982	2
15.299999999999981	5
15.399999999999981	5
15.49999999999998	6
15.59999999999998	7.22412
15.69999999999998	7.22412
15.799999999999979	8.14301
15.899999999999979	9.07844
15.999999999999979	9.07844
16.09999999999998	10.0259
16.199999999999982	10.0259
16.299999999999983	10.9822
16.399999999999984	11.8611
16.499999999999986	11.8611
16.599999999999987	12.7577
16.699999999999989	12.7577
16.79999999999999	13.6685
16.899999999999991	14.5909
16.999999999999993	14.5909
17.099999999999994	15.5228
17.199999999999996	16.4625
17.299999999999997	16.4625
17.399999999999999	17.4089
17.5	17.4089
17.600000000000001	18.361
17.700000000000003	19.3178
17.800000000000004	19.3178
17.900000000000006	20.2787
18.000000000000007	20.2787
18.100000000000009	21.2431
18.20000000000001	22.2107
18.300000000000011	22.2107
18.400000000000013	23.181
18.500000000000014	23.181
18.600000000000016	24.1537
18.700000000000017	25.1284
18.800000000000018	25.1284
18.90000000000002	26.1051
19.000000000000021	27.0835
19.100000000000023	27.0835
19.200000000000024	28.0633
19.300000000000026	28.0633
19.400000000000027	29.0445
19.500000000000028	30.0269
19.60000000000003	30.0269
19.700000000000031	31.0105
19.800000000000033	31.0105
19.900000000000034	31.995
20.000000000000036	32.9501
20.100000000000037	32.9501
20.200000000000038	16.7908
20.30000000000004	16.7908
20.400000000000041	16.7908
20.500000000000043	1
20.600000000000044	1
20.700000000000045	2
20.800000000000047	4
20.900000000000048	4
21.00000000000005	5
21.100000000000051	5
21.200000000000053	8.4888
21.300000000000054	9.38942
21.400000000000055	9.38942
21.500000000000057	10.308
21.600000000000058	11.2402
21.70000000000006	11.2402
21.800000000000061	12.1829
21.900000000000063	12.1829
22.000000000000064	13.1339
22.100000000000065	14.0914
22.200000000000067	14.0914
22.300000000000068	15.0544
22.40000000000007	15.0544
22.500000000000071	16.0218
22.600000000000072	16.9928
22.700000000000074	16.9928
22.800000000000075	17.9111
22.900000000000077	18.8377
23.000000000000078	18.8377
23.10000000000008	19.7714
23.200000000000081	19.7714
23.300000000000082	20.7112
23.400000000000084	21.6564
23.500000000000085	21.6564
23.600000000000087	22.6062
23.700000000000088	22.6062
23.80000000000009	11.5657
23.900000000000091	11.5657
24.000000000000092	11.5657
24.100000000000094	1
24.200000000000095	1
24.300000000000097	4
24.400000000000098	5.57776
24.500000000000099	5.75704
24.600000000000101	6.57866
24.700000000000102	7.30649
24.800000000000104	7.44335
24.900000000000105	8.33774
25.000000000000107	8.33774
25.100000000000108	9.25326
25.200000000000109	10.0851
25.300000000000111	10.1843
25.400000000000112	11.1269
25.500000000000114	11.1269
25.600000000000115	12.0785
25.700000000000117	12.8824
25.800000000000118	13.0371
25.900000000000119	14.0014
26.000000000000121	14.6999
26.100000000000122	14.9702
26.200000000000124	15.8797
26.300000000000125	15.8797
26.400000000000126	16.7994
26.500000000000128	17.5003
26.600000000000129	17.7278
26.700000000000131	18.6635
26.800000000000132	18.6635
26.900000000000134	19.6055
27.000000000000135	20.3572
27.100000000000136	20.5529
27.200000000000138	10.5884
27.300000000000139	10.5884
27.400000000000141	10.6828
27.500000000000142	11.5846
27.600000000000144	11.5846
27.700000000000145	12.5012
27.800000000000146	13.3546
27.900000000000148	13.4295
28.000000000000149	14.3673
28.100000000000151	14.3673
28.200000000000152	15.2473
28.300000000000153	16.1411
28.400000000000155	16.2031
28.500000000000156	17.1638
28.600000000000158	17.9623
28.700000000000159	17.9623
28.800000000000161	8.98114
28.900000000000162	8.98114
29.000000000000163	8.98114
29.100000000000165	9.62969
29.200000000000166	9.73354
29.300000000000168	10.6221
29.400000000000169	10.6221
29.500000000000171	11.5287
29.600000000000172	12.3686
29.700000000000173	12.4495
29.800000000000175	13.3814
29.900000000000176	13.3814
30.000000000000178	13.968
30.100000000000179	6.98399
30.20000000000018	6.98399
30.300000000000182	6.98399
30.400000000000183	6.98399
30.500000000000185	6.98399
30.600000000000186	3.90856
30.700000000000188	3.90856
30.800000000000189	4.63158
30.90000000000019	5.25165
31.000000000000192	5.62582
31.100000000000193	6.306
31.200000000000195	6.46458
31.300000000000196	7.20419
31.400000000000198	8.00038
31.500000000000199	8.24844
31.6000000000002	9.06265
31.700000000000202	9.80873
31.800000000000203	10.0116
31.900000000000205	10.9692
32.000000000000206	11.0604
32.100000000000207	11.8491
32.200000000000209	12.5082
32.30000000000021	12.9805
32.400000000000212	13.6581
32.500000000000213	13.8766
32.600000000000215	14.5811
32.700000000000216	15.3186
32.800000000000217	15.7062
32.900000000000219	8.01098
33.00000000000022	8.13581
33.100000000000222	8.13581
33.200000000000223	9.072
33.300000000000225	9.072
33.400000000000226	10.02
33.500000000000227	10.9769
33.600000000000229	10.9769
33.70000000000023	11.8562
33.800000000000232	11.8562
33.900000000000233	12.7532
34.000000000000234	13.6643
34.100000000000236	13.6643
34.200000000000237	14.5869
34.300000000000239	15.519
34.40000000000024	15.519
34.500000000000242	16.459
34.600000000000243	16.459
34.700000000000244	17.4056
34.800000000000246	18.3578
34.900000000000247	18.3578
35.000000000000249	19.3147
35.10000000000025	19.3147
35.200000000000252	20.2758
35.300000000000253	21.2404
35.400000000000254	21.2404
35.500000000000256	22.2081
35.600000000000257	23.0486
35.700000000000259	23.1785
35.80000000000026	24.1513
35.900000000000261	24.1513
36.000000000000263	12.1993
36.100000000000264	12.524
36.200000000000266	12.524
36.300000000000267	13.4507
36.400000000000269	13.4507
36.50000000000027	14.2471
36.600000000000271	15.2001
36.700000000000273	15.2001
36.800000000000274	16.1587
36.900000000000276	16.1587
37.000000000000277	17.122
37.100000000000279	18.0892
37.20000000000028	18.0892
37.300000000000281	19.0597
37.400000000000283	20.033
37.500000000000284	20.033
37.600000000000286	21.0088
37.700000000000287	21.0088
37.800000000000288	21.9867
37.90000000000029	22.9228
38.000000000000291	22.9228
38.100000000000293	23.8641
38.200000000000294	23.8641
38.300000000000296	24.81
38.400000000000297	25.7599
38.500000000000298	25.7599
38.6000000000003	26.7134
38.700000000000301	27.6703
38.800000000000303	27.6703
38.900000000000304	28.63
39.000000000000306	28.63
39.100000000000307	29.5924
39.200000000000308	30.5244
39.30000000000031	30.5244
39.400000000000311	31.4924
39.500000000000313	31.4924
39.600000000000314	32.4623
39.700000000000315	33.434
39.800000000000317	33.434
39.900000000000318	34.4073
40.00000000000032	35.3821
40.100000000000321	35.3821
40.200000000000323	36.3582
40.300000000000324	36.3582
40.400000000000325	37.3356
40.500000000000327	38.3141
40.600000000000328	38.3141
40.70000000000033	39.2937
40.800000000000331	39.2937
40.900000000000333	40.2743
41.000000000000334	41.2558
41.100000000000335	41.2558
41.200000000000337	42.2382
41.300000000000338	43.1519
41.40000000000034	43.1519
41.500000000000341	44.1374
41.600000000000342	44.1374
41.700000000000344	22.1817
41.800000000000345	22.1817
41.900000000000347	22.1817
42.000000000000348	1
42.10000000000035	1
42.200000000000351	2
42.300000000000352	3
42.400000000000354	3
42.500000000000355	8
42.600000000000357	8
42.700000000000358	11.4473
42.80000000000036	12.3741
42.900000000000361	12.3741
43.000000000000362	13.3113
43.100000000000364	14.2569
43.200000000000365	14.2569
43.300000000000367	15.2094
43.400000000000368	15.2094
43.500000000000369	7.60469
43.600000000000371	8.24089
43.700000000000372	8.24089
43.800000000000374	9.16621
43.900000000000375	9.16621
44.000000000000377	10.1053
44.100000000000378	11.0548
44.200000000000379	11.0548
44.300000000000381	12.0121
44.400000000000382	12.9757
44.500000000000384	12.9757
44.600000000000385	13.8721
44.700000000000387	13.8721
44.800000000000388	14.7817
44.900000000000389	15.7022
45.000000000000391	15.7022
45.100000000000392	16.6318
45.200000000000394	16.6318
45.300000000000395	17.5691
45.400000000000396	18.5128
45.500000000000398	18.5128
45.600000000000399	19.4621
45.700000000000401	9.78238
45.800000000000402	9.78238
45.900000000000404	10.2832
46.000000000000405	10.2832
46.100000000000406	11.2175
46.200000000000408	12.162
46.300000000000409	12.162
46.400000000000411	13.1145
46.500000000000412	13.1145
46.600000000000414	14.0734
46.700000000000415	15.0375
46.800000000000416	15.0375
46.900000000000418	16.0059
47.000000000000419	16.9779
47.100000000000421	16.9779
47.200000000000422	17.897
47.300000000000423	17.897
47.400000000000425	18.8242
47.500000000000426	9.72605
47.600000000000428	9.72605
47.700000000000429	9.82887
47.800000000000431	9.82887
47.900000000000432	10.7095
48.000000000000433	11.6092
48.100000000000435	11.6092
48.200000000000436	12.524
48.300000000000438	12.524
48.400000000000439	13.4507
48.500000000000441	14.3871
48.600000000000442	14.3871
48.700000000000443	15.3314
48.800000000000445	16.2823
48.900000000000446	16.2823
49.000000000000448	17.2386
49.100000000000449	17.2386
49.20000000000045	18.1996
49.300000000000452	19.1645
49.400000000000453	19.1645
49.500000000000455	20.1327
49.600000000000456	20.1327
49.700000000000458	21.1039
49.800000000000459	22.0775
49.90000000000046	22.0775
50.000000000000462	23.0534
50.100000000000463	24.0313
50.200000000000465	24.0313
50.300000000000466	25.0109
50.400000000000468	25.0109
50.500000000000469	25.9919
50.60000000000047	26.9373
50.700000000000472	26.9373
50.800000000000473	27.8864
50.900000000000475	27.8864
51.000000000000476	28.839
51.100000000000477	14.4887
51.200000000000479	14.4887
51.30000000000048	14.4887
51.400000000000482	14.4887
51.500000000000483	1
51.600000000000485	2
51.700000000000486	2
51.800000000000487	4
51.900000000000489	5
52.00000000000049	5
52.100000000000492	7.28286
52.200000000000493	7.28286
52.300000000000495	7.42017
52.400000000000496	8.55584
52.500000000000497	8.55584
52.600000000000499	9.45
52.7000000000005	10.3632
52.800000000000502	10.3632
52.900000000000503	11.2908
53.000000000000504	11.2908
53.100000000000506	12.2295
53.200000000000507	13.1771
53.300000000000509	13.1771
53.40000000000051	14.1318
53.500000000000512	14.1318
53.600000000000513	15.0921
53.700000000000514	15.9947
53.800000000000516	15.9947
53.900000000000517	16.9082
54.000000000000519	16.9082
54.10000000000052	17.8309
54.200000000000522	18.7614
54.300000000000523	18.7614
54.400000000000524	19.6478
54.500000000000526	20.5933
54.600000000000527	20.5933
54.700000000000529	21.5436
54.80000000000053	21.5436
54.900000000000531	22.4983
55.000000000000533	23.4566
55.100000000000534	23.4566
55.200000000000536	24.3362
55.300000000000537	24.3362
55.400000000000539	25.3039
55.50000000000054	12.8677
55.600000000000541	12.8677
55.700000000000543	12.8677
55.800000000000544	13.0226
55.900000000000546	13.0226
56.000000000000547	13.9879
56.100000000000549	13.9879
56.20000000000055	14.8904
56.300000000000551	15.741
56.400000000000553	15.741
56.500000000000554	7.87049
56.600000000000556	7.87049
56