10	1
10.1	1
10.199999999999999	1
10.299999999999999	1
10.399999999999999	1
10.499999999999998	1
10.599999999999998	1
10.699999999999998	1
10.799999999999997	1
10.899999999999997	1
10.999999999999996	1
11.099999999999996	1
11.199999999999996	1
11.299999999999995	1
11.399999999999995	1
11.499999999999995	1
11.599999999999994	1
11.699999999999994	1
11.799999999999994	1
11.899999999999993	1
11.999999999999993	1
12.099999999999993	1
12.199999999999992	1
12.299999999999992	1
12.399999999999991	1
12.499999999999991	1
12.599999999999991	1
12.69999999999999	1
12.79999999999999	1
12.89999999999999	1
12.999999999999989	1
13.099999999999989	1
13.199999999999989	1
13.299999999999988	1
13.399999999999988	1
13.499999999999988	1
13.599999999999987	1
13.699999999999987	1
13.799999999999986	1
13.899999999999986	1
13.999999999999986	1
14.099999999999985	1
14.199999999999985	1
14.299999999999985	1
14.399999999999984	1
14.499999999999984	1
14.599999999999984	1
14.699999999999983	1
14.799999999999983	1
14.899999999999983	1
14.999999999999982	1
15.099999999999982	1
15.199999999999982	1
15.299999999999981	1
15.399999999999981	1
15.49999999999998	1
15.59999999999998	1
15.69999999999998	1
15.799999999999979	1
15.899999999999979	1
15.999999999999979	1
16.09999999999998	1
16.199999999999982	1
16.299999999999983	1
16.399999999999984	1
16.499999999999986	1
16.599999999999987	1
16.699999999999989	1
16.79999999999999	1
16.899999999999991	1
16.999999999999993	1
17.099999999999994	1
17.199999999999996	1
17.299999999999997	1
17.399999999999999	1
17.5	1
17.600000000000001	1
17.700000000000003	1
17.800000000000004	1
17.900000000000006	1
18.000000000000007	1
18.100000000000009	1
18.20000000000001	1
18.300000000000011	1
18.400000000000013	1
18.500000000000014	1
18.600000000000016	1
18.700000000000017	1
18.800000000000018	1
18.90000000000002	1
19.000000000000021	1
19.100000000000023	1
19.200000000000024	1
19.300000000000026	1
19.400000000000027	1
19.500000000000028	1
19.60000000000003	1
19.700000000000031	1
19.800000000000033	1
19.900000000000034	1
20.000000000000036	1
20.100000000000037	1
20.200000000000038	1
20.30000000000004	1
20.400000000000041	1
20.500000000000043	1
20.600000000000044	1
20.700000000000045	1
20.800000000000047	1
20.900000000000048	1
21.00000000000005	1
21.100000000000051	1
21.200000000000053	1
21.300000000000054	1
21.400000000000055	1
21.500000000000057	8
21.600000000000058	32
21.70000000000006	32
21.800000000000061	16.2943
21.900000000000063	16.2943
22.000000000000064	8.95059
22.100000000000065	16.27
22.200000000000067	10.9888
22.300000000000068	18.2555
22.40000000000007	13.641
22.500000000000071	21.2254
22.600000000000072	16.1864
22.700000000000074	11.5629
22.800000000000075	7.03998
22.900000000000077	14.2924
23.000000000000078	22.016
23.10000000000008	29.648
23.200000000000081	18.0512
23.300000000000082	14.2597
23.400000000000084	21.9949
23.500000000000085	29.5985
23.600000000000087	15.4119
23.700000000000088	7.73841
23.80000000000009	14.2301
23.900000000000091	9.88464
24.000000000000092	13.3419
24.100000000000094	8.83585
24.200000000000095	7.24647
24.300000000000097	14.6019
24.400000000000098	12.7395
24.500000000000099	20.2672
24.600000000000101	12.9522
24.700000000000102	20.4014
24.800000000000104	12.3135
24.900000000000105	20.0027
25.000000000000107	27.6121
25.100000000000108	34.3897
25.200000000000109	42.2239
25.300000000000111	24.0051
25.400000000000112	12.2909
25.500000000000114	16.2279
25.600000000000115	23.9945
25.700000000000117	15.3314
25.800000000000118	8.47277
25.900000000000119	8.47277
26.000000000000121	6.51909
26.100000000000122	13.9737
26.200000000000124	21.4405
26.300000000000125	12.688
26.400000000000126	20.2349
26.500000000000128	10.6478
26.600000000000129	16.9659
26.700000000000131	24.4992
26.800000000000132	32.2566
26.900000000000134	21.6307
27.000000000000135	15.3856
27.100000000000136	11.1595
27.200000000000138	18.6829
27.300000000000139	26.3324
27.400000000000141	15.8554
27.500000000000142	11.292
27.600000000000144	17.9993
27.700000000000145	25.5407
27.800000000000146	18.2191
27.900000000000148	11.2711
28.000000000000149	9.09238
28.100000000000151	16.4702
28.200000000000152	24.0759
28.300000000000153	16.5902
28.400000000000155	8.76483
28.500000000000156	15.0787
28.600000000000158	8.0845
28.700000000000159	6.10319
28.800000000000161	12.4082
28.900000000000162	19.6577
29.000000000000163	7.04172
29.100000000000165	6.0442
29.200000000000166	13.0117
29.300000000000168	20.488
29.400000000000169	13.21
29.500000000000171	14.3732
29.600000000000172	22.0685
29.700000000000173	17.0487
29.800000000000175	11.4341
29.900000000000176	17.4689
30.000000000000178	25.17
30.100000000000179	33.0121
30.20000000000018	40.7187
30.300000000000182	22.6501
30.400000000000183	13.3377
30.500000000000185	8.83426
30.600000000000186	5.43721
30.700000000000188	9.05976
30.800000000000189	16.4523
30.90000000000019	24.1467
31.000000000000192	15.885
31.100000000000193	8.92259
31.200000000000195	15.3674
31.300000000000196	10.991
31.400000000000198	17.9804
31.500000000000199	25.5274
31.6000000000002	17.0332
31.700000000000202	13.0503
31.800000000000203	20.5125
31.900000000000205	28.1617
32.000000000000206	19.61
32.100000000000207	27.2559
32.200000000000209	34.0456
32.30000000000021	41.8487
32.400000000000212	10.9469
32.500000000000213	18.0648
32.600000000000215	9.25151
32.700000000000216	8.27517
32.800000000000217	8.04335
32.900000000000219	5.98111
33.00000000000022	10.3113
33.100000000000222	11.1066
33.200000000000223	18.5976
33.300000000000225	11.8158
33.400000000000226	18.3318
33.500000000000227	11.2945
33.600000000000229	18.2221
33.70000000000023	11.8776
33.800000000000232	8.62339
33.900000000000233	4.36968
34.000000000000234	10.8635
34.100000000000236	18.2904
34.200000000000237	26.0556
34.300000000000239	33.7809
34.40000000000024	19.8325
34.500000000000242	19.8829
34.600000000000243	19.8829
34.700000000000244	7
34.800000000000246	15.15
34.900000000000247	22.802
35.000000000000249	15.5614
35.10000000000025	23.1636
35.200000000000252	15.2236
35.300000000000253	22.982
35.400000000000254	30.4705
35.500000000000256	10.0915
35.600000000000257	10.8588
35.700000000000259	18.2327
35.80000000000026	26.0152
35.900000000000261	17.1874
36.000000000000263	13.1387
36.100000000000264	20.7143
36.200000000000266	28.3795
36.300000000000267	18.844
36.400000000000269	12.7023
36.50000000000027	20.1944
36.600000000000271	14.3251
36.700000000000273	21.9918
36.800000000000274	29.5962
36.900000000000276	37.1236
37.000000000000277	25.1962
37.100000000000279	16.3073
37.20000000000028	13.6539
37.300000000000281	10.4745
37.400000000000283	16.2529
37.500000000000284	12.3812
37.600000000000286	20.0444
37.700000000000287	15.4862
37.800000000000288	13.565
37.90000000000029	21.1768
38.000000000000291	15.2926
38.100000000000293	23.0277
38.200000000000294	29.741
38.300000000000296	18.146
38.400000000000297	25.8773
38.500000000000298	33.5543
38.6000000000003	41.3292
38.700000000000301	11.0405
38.800000000000303	17.4457
38.900000000000304	25.1539
39.000000000000306	32.9998
39.100000000000307	20.2465
39.200000000000308	28.0401
39.30000000000031	20.2214
39.400000000000311	27.0036
39.500000000000313	17.5913
39.600000000000314	25.255
39.700000000000315	33.0769
39.800000000000317	40.9182
39.900000000000318	48.6669
40.00000000000032	12.8661
40.100000000000321	12.8661
40.200000000000323	16.7272
40.300000000000324	24.3346
40.400000000000325	16.7263
40.500000000000327	23.326
40.600000000000328	15.9946
40.70000000000033	23.4992
40.800000000000331	15.1201
40.900000000000333	15.3829
41.000000000000334	11.7428
41.100000000000335	11.7533
41.200000000000337	9.32521
41.300000000000338	10.322
41.40000000000034	9.67924
41.500000000000341	17.1541
41.600000000000342	24.7513
41.700000000000344	18.098
41.800000000000345	25.3747
41.900000000000347	16.8559
42.000000000000348	24.3822
42.10000000000035	16.2878
42.200000000000351	23.6573
42.300000000000352	17.371
42.400000000000354	10.3674
42.500000000000355	16.43
42.600000000000357	24.0484
42.700000000000358	15.6589
42.80000000000036	23.2722
42.900000000000361	14.5243
43.000000000000362	18.5796
43.100000000000364	26.2211
43.200000000000365	8.61165
43.300000000000367	16.0245
4