10	1
10.1	1
10.199999999999999	1
10.299999999999999	1
10.399999999999999	1
10.499999999999998	1
10.599999999999998	1
10.699999999999998	1
10.799999999999997	1
10.899999999999997	1
10.999999999999996	1
11.099999999999996	1
11.199999999999996	1
11.299999999999995	1
11.399999999999995	1
11.499999999999995	1
11.599999999999994	1
11.699999999999994	1
11.799999999999994	1
11.899999999999993	1
11.999999999999993	1
12.099999999999993	1
12.199999999999992	1
12.299999999999992	1
12.399999999999991	1
12.499999999999991	1
12.599999999999991	1
12.69999999999999	1
12.79999999999999	1
12.89999999999999	1
12.999999999999989	1
13.099999999999989	1
13.199999999999989	1
13.299999999999988	1
13.399999999999988	1
13.499999999999988	1
13.599999999999987	1
13.699999999999987	1
13.799999999999986	1
13.899999999999986	1
13.999999999999986	1
14.099999999999985	1
14.199999999999985	1
14.299999999999985	1
14.399999999999984	1
14.499999999999984	1
14.599999999999984	1
14.699999999999983	1
14.799999999999983	1
14.899999999999983	1
14.999999999999982	1
15.099999999999982	1
15.199999999999982	1
15.299999999999981	1
15.399999999999981	1
15.49999999999998	1
15.59999999999998	1
15.69999999999998	1
15.799999999999979	1
15.899999999999979	1
15.999999999999979	1
16.09999999999998	1
16.199999999999982	1
16.299999999999983	1
16.399999999999984	1
16.499999999999986	1
16.599999999999987	1
16.699999999999989	1
16.79999999999999	1
16.899999999999991	1
16.999999999999993	1
17.099999999999994	1
17.199999999999996	1
17.299999999999997	1
17.399999999999999	1
17.5	1
17.600000000000001	1
17.700000000000003	1
17.800000000000004	1
17.900000000000006	1
18.000000000000007	1
18.100000000000009	1
18.20000000000001	1
18.300000000000011	1
18.400000000000013	1
18.500000000000014	1
18.600000000000016	1
18.700000000000017	1
18.800000000000018	1
18.90000000000002	1
19.000000000000021	1
19.100000000000023	1
19.200000000000024	1
19.300000000000026	1
19.400000000000027	1
19.500000000000028	1
19.60000000000003	1
19.700000000000031	32
19.800000000000033	32
19.900000000000034	3
20.000000000000036	22.9861
20.100000000000037	17.4765
20.200000000000038	26.1501
20.30000000000004	35.8629
20.400000000000041	44.5911
20.500000000000043	24.3642
20.600000000000044	12.5862
20.700000000000045	19.2051
20.800000000000047	28.5523
20.900000000000048	14.2761
21.00000000000005	14.2761
21.100000000000051	4.09753
21.200000000000053	5.71296
21.300000000000054	13.9835
21.400000000000055	10.3915
21.500000000000057	8.17685
21.600000000000058	7.9799
21.70000000000006	10.4498
21.800000000000061	19.021
21.900000000000063	13.1561
22.000000000000064	22.6633
22.100000000000065	13.7824
22.200000000000067	8.00853
22.300000000000068	10.7254
22.40000000000007	10.3278
22.500000000000071	9.81329
22.600000000000072	8.53361
22.700000000000074	17.8764
22.800000000000075	12.7074
22.900000000000077	9.27479
23.000000000000078	11.6105
23.10000000000008	9.48319
23.200000000000081	18.016
23.300000000000082	9.23784
23.400000000000084	17.6064
23.500000000000085	11.8795
23.600000000000087	11.3245
23.700000000000088	12.2799
23.80000000000009	6.06612
23.900000000000091	13.5502
24.000000000000092	11.4278
24.100000000000094	12.3036
24.200000000000095	20.9263
24.300000000000097	16.2105
24.400000000000098	11.9076
24.500000000000099	20.3058
24.600000000000101	16.1877
24.700000000000102	24.8691
24.800000000000104	18.6011
24.900000000000105	27.1731
25.000000000000107	19.5423
25.100000000000108	12.0842
25.200000000000109	20.5075
25.300000000000111	30.1819
25.400000000000112	19.3866
25.500000000000114	12.8269
25.600000000000115	9.21357
25.700000000000117	9.16863
25.800000000000118	18.514
25.900000000000119	12.4405
26.000000000000121	19.3186
26.100000000000122	12.9813
26.200000000000124	6.31023
26.300000000000125	12.5103
26.400000000000126	9.9872
26.500000000000128	7.35072
26.600000000000129	6.94032
26.700000000000131	13.0692
26.800000000000132	5.35152
26.900000000000134	5.7037
27.000000000000135	13.9798
27.100000000000136	23.2797
27.200000000000138	8.96389
27.300000000000139	18.1951
27.400000000000141	13.0555
27.500000000000142	21.3293
27.600000000000144	31.0695
27.700000000000145	39.8442
27.800000000000146	12.2529
27.900000000000148	6.60221
28.000000000000149	14.9804
28.100000000000151	11.4547
28.200000000000152	18.2668
28.300000000000153	13.0199
28.400000000000155	4.91836
28.500000000000156	12.2929
28.600000000000158	8.73882
28.700000000000159	13.2962
28.800000000000161	13.3514
28.900000000000162	10.4571
29.000000000000163	19.025
29.100000000000165	14.255
29.200000000000166	11.7078
29.300000000000168	20.1399
29.400000000000169	14.6628
29.500000000000171	7.53368
29.600000000000172	7.53368
29.700000000000173	6.306
29.800000000000175	15.5136
29.900000000000176	11.4571
30.000000000000178	9.98608
30.100000000000179	9.52356
30.20000000000018	7.33368
30.300000000000182	6.41462
30.400000000000183	14.6963
30.500000000000185	11.4502
30.600000000000186	7.47284
30.700000000000188	6.86394
30.800000000000189	8.07063
30.90000000000019	10.1312
31.000000000000192	8.61998
31.100000000000193	7.12054
31.200000000000195	7.12054
31.300000000000196	3
31.400000000000198	11.2405
31.500000000000199	5.77184
31.6000000000002	13.3476
31.700000000000202	13.1974
31.800000000000203	10.9189
31.900000000000205	7.99704
32.000000000000206	17.1674
32.100000000000207	11.2148
32.200000000000209	10.9727
32.30000000000021	20.2735
32.400000000000212	13.3538
32.500000000000213	8.10118
32.600000000000215	16.7439
32.700000000000216	13.059
32.800000000000217	13.0685
32.900000000000219	21.5241
33.00000000000022	14.2317
33.100000000000222	14.0995
33.200000000000223	22.5226
33.300000000000225	17.5842
33.400000000000226	12.763
33.500000000000227	19.4761
33.600000000000229	15.5167
33.70000000000023	13.6621
33.800000000000232	9.9879
33.900000000000233	8.20313
34.000000000000234	16.5528
34.100000000000236	11.5802
34.200000000000237	20.116
34.300000000000239	29.7497
34.40000000000024	19.1039
34.500000000000242	13.7961
34.600000000000243	22.1993
34.700000000000244	14.1691
34.800000000000246	11.6804
34.900000000000247	12.2596
35.000000000000249	20.7081
35.10000000000025	12.56
35.200000000000252	12.0245
35.300000000000253	12.5193
35.400000000000254	21.1011
35.500000000000256	17.0233
35.600000000000257	16.1577
35.700000000000259	14.9957
35.80000000000026	23.4376
35.900000000000261	8.69072
36.000000000000263	17.0941
36.100000000000264	5.14198
36.200000000000266	13.2436
36.300000000000267	21.8608
36.400000000000269	16.4875
36.50000000000027	6.00193
36.600000000000271	6.17962
36.700000000000273	14.1074
36.800000000000274	9.37154
36.900000000000276	11.105
37.000000000000277	19.5419
37.100000000000279	8.05251
37.20000000000028	3.46259
37.300000000000281	11.0984
37.400000000000283	5.62114
37.500000000000284	13.3592
37.600000000000286	23.0003
37.700000000000287	14.9823
37.800000000000288	11.5052
37.90000000000029	21.047
38.000000000000291	7.44867
38.100000000000293	16.8018
38.200000000000294	10.9868
38.300000000000296	10.1621
38.400000000000297	19.5429
38.500000000000298	14.7901
38.6000000000003	12.1678
38.700000000000301	8.02992
38.800000000000303	16.2846
38.900000000000304	6.31223
39.000000000000306	7.15202
39.100000000000307	6.2062
39.200000000000308	8.19427
39.30000000000031	16.5485
39.400000000000311	13.3518
39.500000000000313	22.0175
39.600000000000314	8.09276
39.700000000000315	16.5593
39.800000000000317	13.2096
39.900000000000318	10.3646
40.00000000000032	7.10777
40.100000000000321	8.00347
40.200000000000323	10.694
40.300000000000324	10.9671
40.400000000000325	10.6739
40.500000000000327	8.60954
40.600000000000328	10.1102
40.70000000000033	4.02958
40.800000000000331	11.9725
40.900000000000333	5.28237
41.000000000000334	13.4479
41.100000000000335	4.88056
41.200000000000337	13.6696
41.300000000000338	22.2114
41.40000000000034	14.7319
41.500000000000341	24.239
41.600000000000342	16.7062
41.700000000000344	13.4936
41.800000000000345	12.0655
41.900000000000347	10.2859
42.000000000000348	6.24491
42.10000000000035	14.486
42.200000000000351	13.5466
42.300000000000352	9.7721
42.400000000000354	7.71285
42.500000000000355	6.12276
42.600000000000357	14.0828
42.700000000000358	6.12329
42.80000000000036	6.78779
42.900000000000361