10	1
10.1	1
10.199999999999999	1
10.299999999999999	1
10.399999999999999	1
10.499999999999998	1
10.599999999999998	1
10.699999999999998	1
10.799999999999997	1
10.899999999999997	1
10.999999999999996	1
11.099999999999996	1
11.199999999999996	1
11.299999999999995	1
11.399999999999995	1
11.499999999999995	1
11.599999999999994	1
11.699999999999994	1
11.799999999999994	1
11.899999999999993	1
11.999999999999993	1
12.099999999999993	1
12.199999999999992	1
12.299999999999992	1
12.399999999999991	1
12.499999999999991	1
12.599999999999991	1
12.69999999999999	1
12.79999999999999	1
12.89999999999999	1
12.999999999999989	1
13.099999999999989	1
13.199999999999989	1
13.299999999999988	1
13.399999999999988	1
13.499999999999988	1
13.599999999999987	1
13.699999999999987	1
13.799999999999986	1
13.899999999999986	1
13.999999999999986	1
14.099999999999985	1
14.199999999999985	1
14.299999999999985	1
14.399999999999984	1
14.499999999999984	1
14.599999999999984	1
14.699999999999983	1
14.799999999999983	1
14.899999999999983	1
14.999999999999982	1
15.099999999999982	1
15.199999999999982	1
15.299999999999981	1
15.399999999999981	1
15.49999999999998	1
15.59999999999998	1
15.69999999999998	1
15.799999999999979	1
15.899999999999979	1
15.999999999999979	1
16.09999999999998	1
16.199999999999982	1
16.299999999999983	1
16.399999999999984	1
16.499999999999986	1
16.599999999999987	1
16.699999999999989	1
16.79999999999999	1
16.899999999999991	1
16.999999999999993	1
17.099999999999994	1
17.199999999999996	1
17.299999999999997	1
17.399999999999999	1
17.5	1
17.600000000000001	1
17.700000000000003	1
17.800000000000004	1
17.900000000000006	1
18.000000000000007	1
18.100000000000009	1
18.20000000000001	1
18.300000000000011	1
18.400000000000013	1
18.500000000000014	1
18.600000000000016	1
18.700000000000017	1
18.800000000000018	1
18.90000000000002	1
19.000000000000021	1
19.100000000000023	1
19.200000000000024	1
19.300000000000026	1
19.400000000000027	1
19.500000000000028	1
19.60000000000003	1
19.700000000000031	1
19.800000000000033	1
19.900000000000034	1
20.000000000000036	1
20.100000000000037	1
20.200000000000038	1
20.30000000000004	1
20.400000000000041	1
20.500000000000043	1
20.600000000000044	1
20.700000000000045	1
20.800000000000047	1
20.900000000000048	1
21.00000000000005	1
21.100000000000051	1
21.200000000000053	1
21.300000000000054	1
21.400000000000055	1
21.500000000000057	1
21.600000000000058	1
21.70000000000006	1
21.800000000000061	1
21.900000000000063	1
22.000000000000064	1
22.100000000000065	1
22.200000000000067	1
22.300000000000068	1
22.40000000000007	1
22.500000000000071	1
22.600000000000072	1
22.700000000000074	1
22.800000000000075	1
22.900000000000077	1
23.000000000000078	1
23.10000000000008	1
23.200000000000081	1
23.300000000000082	1
23.400000000000084	1
23.500000000000085	1
23.600000000000087	1
23.700000000000088	1
23.80000000000009	1
23.900000000000091	1
24.000000000000092	1
24.100000000000094	1
24.200000000000095	1
24.300000000000097	1
24.400000000000098	1
24.500000000000099	1
24.600000000000101	1
24.700000000000102	1
24.800000000000104	1
24.900000000000105	1
25.000000000000107	1
25.100000000000108	1
25.200000000000109	1
25.300000000000111	1
25.400000000000112	1
25.500000000000114	1
25.600000000000115	1
25.700000000000117	1
25.800000000000118	1
25.900000000000119	1
26.000000000000121	1
26.100000000000122	1
26.200000000000124	1
26.300000000000125	1
26.400000000000126	1
26.500000000000128	1
26.600000000000129	1
26.700000000000131	1
26.800000000000132	1
26.900000000000134	1
27.000000000000135	1
27.100000000000136	1
27.200000000000138	1
27.300000000000139	1
27.400000000000141	1
27.500000000000142	1
27.600000000000144	1
27.700000000000145	1
27.800000000000146	1
27.900000000000148	2
28.000000000000149	8
28.100000000000151	10
28.200000000000152	10.199
28.300000000000153	5.2956
28.400000000000155	5.2956
28.500000000000156	1
28.600000000000158	2.9
28.700000000000159	5.19763
28.800000000000161	7.02286
28.900000000000162	4.22812
29.000000000000163	6.01977
29.100000000000165	7.77796
29.200000000000166	5.03887
29.300000000000168	6.75932
29.400000000000169	8.48041
29.500000000000171	10.9625
29.600000000000172	6.01146
29.700000000000173	3.00573
29.800000000000175	4.16842
29.900000000000176	5.97863
30.000000000000178	3.38638
30.100000000000179	3.38638
30.20000000000018	2
30.300000000000182	4.33944
30.400000000000183	6.09735
30.500000000000185	8.80618
30.600000000000186	10.5704
30.700000000000188	12.4054
30.800000000000189	6.96552
30.90000000000019	3.82799
31.000000000000192	5.75068
31.100000000000193	7.43847
31.200000000000195	4.22669
31.300000000000196	5.10473
31.400000000000198	2.55236
31.500000000000199	2.55236
31.6000000000002	1.79417
31.700000000000202	3.46931
31.800000000000203	5.14213
31.900000000000205	6.98225
32.000000000000206	3.49113
32.100000000000207	3.49113
32.200000000000209	2
32.30000000000021	4.33944
32.400000000000212	5.75491
32.500000000000213	7.44171
32.600000000000215	9.98374
32.700000000000216	4.99187
32.800000000000217	4.99187
32.900000000000219	2
33.00000000000022	3.83446
33.100000000000222	2.69501
33.200000000000223	2.69501
33.300000000000225	2.69501
33.400000000000226	2
33.500000000000227	3.55301
33.600000000000229	5.75491
33.70000000000023	7.44171
33.800000000000232	9.25194
33.900000000000233	5.37936
34.000000000000234	5.91901
34.100000000000236	4.13623
34.200000000000237	5.95659
34.300000000000239	7.59784
34.40000000000024	10.2972
34.500000000000242	12.0911
34.600000000000243	14.0122
34.700000000000244	7.42592
34.800000000000246	3.71296
34.900000000000247	6.02342
35.000000000000249	7.65006
35.10000000000025	3.95465
35.200000000000252	6.17205
35.300000000000253	8.02241
35.400000000000254	9.61987
35.500000000000256	5.49261
35.600000000000257	6.66066
35.700000000000259	9.3114
35.80000000000026	4.97246
35.900000000000261	6.55793
36.000000000000263	4.33846
36.100000000000264	3.33846
36.200000000000266	5.5748
36.300000000000267	3.72058
36.400000000000269	4.69929
36.50000000000027	7.24729
36.600000000000271	9.09683
36.700000000000273	10.9057
36.800000000000274	13.6072
36.900000000000276	15.4039
37.000000000000277	7.89471
37.100000000000279	4.01069
37.20000000000028	4.92923
37.300000000000281	2.46462
37.400000000000283	2.46462
37.500000000000284	2
37.600000000000286	3.55301
37.700000000000287	5.19763
37.800000000000288	7.96541
37.90000000000029	9.5725
38.000000000000291	4.99518
38.100000000000293	3.04772
38.200000000000294	4.66154
38.300000000000296	7.22321
38.400000000000297	9.07773
38.500000000000298	10.7972
38.6000000000003	5.88784
38.700000000000301	7.13167
38.800000000000303	4.21394
38.900000000000304	5.29057
39.000000000000306	7.09134
39.100000000000307	9.82935
39.200000000000308	5.21237
39.30000000000031	5.76818
39.400000000000311	8.34537
39.500000000000313	10.1905
39.600000000000314	12.0838
39.700000000000315	6.04188
39.800000000000317	6.20739
39.900000000000318	3.84012
40.00000000000032	5.39398
40.100000000000321	7.16821
40.200000000000323	9.98584
40.300000000000324	11.7422
40.400000000000325	6.51891
40.500000000000327	8.41151
40.600000000000328	10.2446
40.70000000000033	5.76782
40.800000000000331	6.10951
40.900000000000333	7.58584
41.000000000000334	3.79292
41.100000000000335	3.79292
41.200000000000337	2
41.300000000000338	3.83446
41.40000000000034	5.39003
41.500000000000341	3.37668
41.600000000000342	5.0817
41.700000000000344	7.63124
41.800000000000345	9.40459
41.900000000000347	11.2528
42.000000000000348	6.49559
42.10000000000035	7.23196
42.200000000000351	9.08466
42.300000000000352	5.49613
42.400000000000354	6.96037
42.500000000000355	3.48019
42.600000000000357	3.48019
42.700000000000358	2
42.80000000000036	4.33944
42.900000000000361	5.92867
43.000000000000362	3.30168
43.100000000000364	5.42334
43.200000000000365	7.19016
43.300000000000367	10.0015
43.400000000000368	11.8406
43.500000000000369	13.6507
43.600000000000371	16.3868
43.700000000000372	18.1832
43.800000000000374	20.1179
43.900000000000375	10.6863
44.000000000000377	10.6863
44.100000000000378	12.4237
44.200000000000379	14.7825
44.300000000000381	16.5722
44.400000000000382	9.49703
44.500000000000384	9.49703
44.600000000000385	10.6917
44.700000000000387	6.45177
44.800000000000388	7.46815
4