10	1
10.1	1
10.199999999999999	1
10.299999999999999	2
10.399999999999999	4
10.499999999999998	16
10.599999999999998	32
10.699999999999998	23.5
10.799999999999997	23.5
10.899999999999997	23.5
10.999999999999996	2
11.099999999999996	2
11.199999999999996	2
11.299999999999995	2
11.399999999999995	1
11.499999999999995	2
11.599999999999994	2.5
11.699999999999994	3.24483
11.799999999999994	4.56988
11.899999999999993	5.39003
11.999999999999993	7.16526
12.099999999999993	8.09095
12.199999999999992	4.22812
12.299999999999992	4.22812
12.399999999999991	5.49037
12.499999999999991	6.34755
12.599999999999991	7.24047
12.69999999999999	8.15749
12.79999999999999	10.0376
12.89999999999999	10.9929
12.999999999999989	11.8711
13.099999999999989	12.7669
13.199999999999989	14.5989
13.299999999999988	15.5303
13.399999999999988	16.4087
13.499999999999988	8.20437
13.599999999999987	9.77177
13.699999999999987	10.4669
13.799999999999986	5.23346
13.899999999999986	2.89359
13.999999999999986	3.23918
14.099999999999985	4.09087
14.199999999999985	4.99398
14.299999999999985	6.57412
14.399999999999984	7.43936
14.499999999999984	8.33418
14.599999999999984	9.25005
14.699999999999983	11.1242
14.799999999999983	12.0761
14.899999999999983	13.0349
14.999999999999982	13.9993
15.099999999999982	15.8146
15.199999999999982	16.7379
15.299999999999981	17.6695
15.399999999999981	19.5529
15.49999999999998	20.5027
15.59999999999998	21.4571
15.69999999999998	22.4154
15.799999999999979	24.342
15.899999999999979	12.2734
15.999999999999979	12.6755
16.09999999999998	13.5918
16.199999999999982	15.4553
16.299999999999983	16.399
16.399999999999984	17.3488
16.499999999999986	18.304
16.599999999999987	9.26078
16.699999999999989	9.58103
16.79999999999999	10.4827
16.899999999999991	11.4005
16.999999999999993	6.16712
17.099999999999994	7.08333
17.199999999999996	3.61225
17.299999999999997	4.14622
17.399999999999999	5.03895
17.5	5.96342
17.600000000000001	6.75938
17.700000000000003	8.48045
17.800000000000004	9.38188
17.900000000000006	10.3012
18.000000000000007	11.2339
18.100000000000009	13.1285
18.20000000000001	14.0864
18.300000000000011	14.983
18.400000000000013	7.49149
18.500000000000014	9.07278
18.600000000000016	10.0207
18.700000000000017	10.9776
18.800000000000018	12.7537
18.90000000000002	13.6648
19.000000000000021	14.5874
19.100000000000023	15.5195
19.200000000000024	7.85599
19.300000000000026	7.85599
19.400000000000027	1
19.500000000000028	2
19.60000000000003	3.63333
19.700000000000031	4.40454
19.800000000000033	5.97588
19.900000000000034	6.77034
20.000000000000036	8.00038
20.100000000000037	8.95093
20.200000000000038	4.69487
20.30000000000004	4.69487
20.400000000000041	4.69487
20.500000000000043	5.49568
20.600000000000044	7.1037
20.700000000000045	8.16104
20.800000000000047	9.09459
20.900000000000048	4.60227
21.00000000000005	5.02704
21.100000000000051	5.95342
21.200000000000053	6.75059
21.300000000000054	8.47348
21.400000000000055	9.37559
21.500000000000057	10.1974
21.600000000000058	5.09868
21.70000000000006	6.49947
21.800000000000061	7.23543
21.900000000000063	8.15303
22.000000000000064	9.08742
22.100000000000065	4.86441
22.200000000000067	5.64032
22.300000000000068	6.47715
22.40000000000007	8.25825
22.500000000000071	9.1818
22.600000000000072	10.1194
22.700000000000074	11.0677
22.800000000000075	5.88547
22.900000000000077	6.69094
23.000000000000078	7.54253
23.10000000000008	8.42623
23.200000000000081	10.2567
23.300000000000082	5.17708
23.400000000000084	5.55645
23.500000000000085	6.24441
23.600000000000087	8.07791
23.700000000000088	9.02019
23.80000000000009	9.9732
23.900000000000091	10.842
24.000000000000092	12.4776
24.100000000000094	6.23878
24.200000000000095	7.00281
24.300000000000097	8.79025
24.400000000000098	9.45207
24.500000000000099	10.365
24.600000000000101	11.2925
24.700000000000102	13.1023
24.800000000000104	6.55113
24.900000000000105	7.14175
25.000000000000107	8.07019
25.100000000000108	9.76318
25.200000000000109	4.88159
25.300000000000111	5.28304
25.400000000000112	6.16994
25.500000000000114	3.32201
25.600000000000115	4.15552
25.700000000000117	5.04653
25.800000000000118	2.89865
25.900000000000119	3.24364
26.000000000000121	4.09433
26.100000000000122	4.99678
26.200000000000124	6.57623
26.300000000000125	7.44122
26.400000000000126	8.33584
26.500000000000128	9.25154
26.600000000000129	10.8513
26.700000000000131	11.7401
26.800000000000132	5.91265
26.900000000000134	6.2462
27.000000000000135	8.0793
27.100000000000136	9.02142
27.200000000000138	9.97432
27.300000000000139	10.843
27.400000000000141	12.6382
27.500000000000142	13.5571
27.600000000000144	6.96099
27.700000000000145	6.96099
27.800000000000146	6.96099
27.900000000000148	2
28.000000000000149	3
28.100000000000151	5.25165
28.200000000000152	6.14322
28.300000000000153	7.0626
28.400000000000155	8.00038
28.500000000000156	9.80873
28.600000000000158	10.691
28.700000000000159	11.5922
28.800000000000161	12.5082
28.900000000000162	6.82905
29.000000000000163	6.82905
29.100000000000165	6.82905
29.200000000000166	3.63333
29.300000000000168	4.40454
29.400000000000169	5.44207
29.500000000000171	6.306
29.600000000000172	8.00038
29.700000000000173	8.95093
29.800000000000175	10.0116
29.900000000000176	5.15415
30.000000000000178	5.15415
30.100000000000179	6.06052
30.20000000000018	7.27424
30.300000000000182	8.18742
30.400000000000183	4.27426
30.500000000000185	4.73004
30.600000000000186	6.21703
30.700000000000188	7.12668
30.800000000000189	8.181
30.90000000000019	9.11248
31.000000000000192	10.8264
31.100000000000193	11.9713
31.200000000000195	12.8601
31.300000000000196	14.4742
31.400000000000198	15.4131
31.500000000000199	16.5419
31.6000000000002	17.484
31.700000000000202	8.85585
31.800000000000203	8.85585
31.900000000000205	8.96877
32.000000000000206	4.48438
32.100000000000207	4.48438
32.200000000000209	4.70738
32.30000000000021	5.5063
32.400000000000212	6.36127
32.500000000000213	8.16812
32.600000000000215	9.10094
32.700000000000216	10.0462
32.800000000000217	11.9625
32.900000000000219	12.6157
33.00000000000022	6.30784
33.100000000000222	7.20579
33.200000000000223	9.06392
33.300000000000225	10.0127
33.400000000000226	10.9703
33.500000000000227	11.8501
33.600000000000229	6.09204
33.70000000000023	6.09204
33.800000000000232	6.25619
33.900000000000233	3.12809
34.000000000000234	4.25502
34.100000000000236	4.92494
34.200000000000237	2.46247
34.300000000000239	2.86857
34.40000000000024	4.31929
34.500000000000242	5.18097
34.600000000000243	6.08322
34.700000000000244	7.95466
34.800000000000246	8.79648
34.900000000000247	9.56358
35.000000000000249	10.4667
35.10000000000025	12.3173
35.200000000000252	13.2586
35.300000000000253	6.81575
35.400000000000254	6.81575
35.500000000000256	6.81575
35.600000000000257	3.63333
35.700000000000259	4.63158
35.80000000000026	5.44207
35.900000000000261	7.0626
36.000000000000263	8.00038
36.100000000000264	9.06265
36.200000000000266	10.1115
36.300000000000267	5.34817
36.400000000000269	6.22553
36.50000000000027	7.13407
36.600000000000271	8.4299
36.700000000000273	4.21495
36.800000000000274	4.21495
36.900000000000276	4.21495
37.000000000000277	5.48036
37.100000000000279	6.33893
37.20000000000028	7.23294
37.300000000000281	8.15082
37.400000000000283	10.0322
37.500000000000284	10.988
37.600000000000286	11.61
37.700000000000287	5.80499
37.800000000000288	6.46585
37.90000000000029	6.91923
38.000000000000291	3.45961
38.100000000000293	4.01543
38.200000000000294	4.93304
38.300000000000296	5.6993
38.400000000000297	6.52837
38.500000000000298	8.2983
38.6000000000003	9.21779
38.700000000000301	10.1521
38.800000000000303	5.12529
38.900000000000304	5.50836
39.000000000000306	6.36305
39.100000000000307	7.25402
39.200000000000308	8.0452
39.30000000000031	4.50532
39.400000000000311	5.3358
39.500000000000313	6.21495
39.600000000000314	7.12488
39.700000000000315	8.99996
39.800000000000317	9.85345
39.900000000000318	10.732
40.00000000000032	5.85799
40.100000000000321	5.85799
40.200000000000323	5.85799
40.300000000000324	1
40.400000000000325	2.5
40.500000000000327	2.5
40.600000000000328	2.5
40.70000000000033	2.5
40.800000000000331	1
40.900000000000333	2
41.000000000000334	2.9
41.100000000000335	3.24483
41.200000000000337	4.56988
41.300000000000338	5.39003
41.40000000000034	6.26135
41.500000000000341	7.16526
41.600000000000342	9.03185
41.700000000000344	9.98374
41.800000000000345	10.8517
41.900000000000347	12.6456
42.000000000000348	13.564
42.10000000000035	14.4931
42.200000000000351	15.4309
42.300000000000352	7.71544
42.400000000000354	7.71544
42.500000000000355	1
42.600000000000357	2
42.700000000000358	4.40454
42.80000000000036	5.25165
42.900000000000361	6.14322
43.000000000000362	7.0626
43.100000000000364	3.93668
43.200000000000365	4.19071
43.300000000000367	5.07526
43.400000000000368	5.99395
43.500000000000369	7.627
43.600000000000371	8.5018
43.700000000000372	9.29355
43.800000000000374	11.1604
43.900000000000375	12.1093
44.000000000000377	13.0657
44.100000000000378	13.8843
44.200000000000379	7.19147
44.300000000000381	8.11413
44.400000000000382	9.05258
44.500000000000384	10.0025
44.600000000000385	11.8414
44.700000000000387	12.7394
44.800000000000388	13.6514
44.900000000000389	6.97106
45.000000000000391	6.97106
45.100000000000392	6.97106
45.200000000000394	2
45.300000000000395	4.40454
45.400000000000396	5.25165
45.500000000000398	6.14322
45.600000000000399	7.0626
45.700000000000401	8.95093
45.800000000000402	9.7057
45.900000000000404	4.85285
46.000000000000405	5.25658
46.100000000000406	7.06623
46.200000000000408	8.00358
46.300000000000409	8.95379
46.400000000000411	9.81134
46.500000000000412	11.5075
46.600000000000414	5.75375
46.700000000000415	6.26029
46.800000000000416	7.16433
46.900000000000418	8.91899
47.000000000000419	4.4595
47.100000000000421	4.89724
47.200000000000422	5.66851
47.300000000000423	2.83425
47.400000000000425	2.83425
47.500000000000426	3.50085
47.600000000000428	5.16295
47.700000000000429	6.06796
47.800000000000431	6.99746
47.900000000000432	7.55258
48.000000000000433	4.28856
48.100000000000435	5.1556
48.200000000000436	6.06175
48.300000000000438	6.99209
48.400000000000439	8.66636
48.500000000000441	9.55005
48.600000000000442	10.4544
48.700000000000443	5.27503
48.800000000000445	5.27503
48.900000000000446	5.82466
49.000000000000448	6.6377
49.100000000000449	3.67979
49.20000000000045	3.95154
49.300000000000452	4.66754
49.400000000000453	5.47251
49.500000000000455	7.22704
49.600000000000456	8.1456
49.700000000000458	9.08076
49.800000000000459	10.028
49.90000000000046	11.6925
50.000000000000462	12.4409
50.100000000000463	6.37969
50.200000000000465	6.37969
50.300000000000466	6.37969
50.400000000000468	2
50.500000000000469	3
50.60000000000047	5.25165
50.700000000000472	6.14322
50.800000000000473	7.0626
50.900000000000475	8.00038
51.000000000000476	4.30348
51.100000000000477	4.30348
51.200000000000479	4.30348
51.30000000000048	4.96656
51.400000000000482	6.55351
51.500000000000483	7.42119
51.600000000000485	8.318
51.700000000000486	9.2355
51.800000000000487	4.93358
51.900000000000489	4.93358
52.00000000000049	5.33097
52.100000000000492	3.04065
52.200000000000493	3.93906
52.300000000000495	4.65708
52.400000000000496	5.46365
52.500000000000497	7.22038
52.600000000000499	8.1397
52.7000000000005	9.07548
52.800000000000502	10.0232
52.900000000000503	11.8589
53.000000000000504	5.9716
53.100000000000506	6.13906
53.200000000000507	6.13906
53.300000000000509	1
53.40000000000051	2
53.500000000000512	4.16441
53.600000000000513	5.05378
53.700000000000514	2.62583
53.800000000000516	3.00666
53.900000000000517	4.63574
54.000000000000519	5.44559
54.10000000000052	6.30902
54.200000000000522	8.12771
54.300000000000523	8.72531
54.400000000000524	9.28405
54.500000000000526	10.2122
54.600000000000527	5.48547
54.700000000000529	5.66777
54.80000000000053	5.66777
54.900000000000531	1
55.000000000000533	2
55.100000000000534	2.5
55.200000000000536	4.33944
55.300000000000537	5.19763
55.400000000000539	6.09735
55.50000000000054	7.02286
55.600000000000541	3.65241
55.700000000000543	3.65241
55.800000000000544	3.65241
55.900000000000546	2.9
56.000000000000547	3.55301
56.100000000000549	4.56988
56.20000000000055	5.39003
56.300000000000551	2.69501
56.400000000000553	2.69501
56.500000000000554	3.68701
56.600000000000556	1.84351
56.700000000000557	2.84351
56.8000