10	1
10.1	1
10.199999999999999	1
10.299999999999999	1
10.399999999999999	1
10.499999999999998	1
10.599999999999998	1
10.699999999999998	1
10.799999999999997	1
10.899999999999997	1
10.999999999999996	1
11.099999999999996	1
11.199999999999996	1
11.299999999999995	1
11.399999999999995	1
11.499999999999995	1
11.599999999999994	1
11.699999999999994	1
11.799999999999994	1
11.899999999999993	1
11.999999999999993	1
12.099999999999993	1
12.199999999999992	1
12.299999999999992	1
12.399999999999991	1
12.499999999999991	1
12.599999999999991	1
12.69999999999999	1
12.79999999999999	1
12.89999999999999	1
12.999999999999989	1
13.099999999999989	1
13.199999999999989	1
13.299999999999988	1
13.399999999999988	1
13.499999999999988	1
13.599999999999987	1
13.699999999999987	1
13.799999999999986	1
13.899999999999986	1
13.999999999999986	1
14.099999999999985	1
14.199999999999985	1
14.299999999999985	1
14.399999999999984	1
14.499999999999984	1
14.599999999999984	1
14.699999999999983	1
14.799999999999983	1
14.899999999999983	1
14.999999999999982	1
15.099999999999982	1
15.199999999999982	1
15.299999999999981	1
15.399999999999981	1
15.49999999999998	1
15.59999999999998	1
15.69999999999998	1
15.799999999999979	1
15.899999999999979	1
15.999999999999979	1
16.09999999999998	1
16.199999999999982	1
16.299999999999983	1
16.399999999999984	1
16.499999999999986	1
16.599999999999987	1
16.699999999999989	1
16.79999999999999	1
16.899999999999991	1
16.999999999999993	1
17.099999999999994	1
17.199999999999996	1
17.299999999999997	1
17.399999999999999	1
17.5	1
17.600000000000001	1
17.700000000000003	1
17.800000000000004	1
17.900000000000006	1
18.000000000000007	1
18.100000000000009	1
18.20000000000001	1
18.300000000000011	1
18.400000000000013	1
18.500000000000014	1
18.600000000000016	1
18.700000000000017	1
18.800000000000018	1
18.90000000000002	1
19.000000000000021	1
19.100000000000023	1
19.200000000000024	1
19.300000000000026	1
19.400000000000027	1
19.500000000000028	1
19.60000000000003	4
19.700000000000031	27
19.800000000000033	27
19.900000000000034	3
20.000000000000036	15.2696
20.100000000000037	21.059
20.200000000000038	26.8277
20.30000000000004	15.9836
20.400000000000041	19.9925
20.500000000000043	25.6505
20.600000000000044	14.6638
20.700000000000045	20.3311
20.800000000000047	26.1459
20.900000000000048	31.997
21.00000000000005	17.7196
21.100000000000051	23.415
21.200000000000053	14.2734
21.300000000000054	20.0517
21.400000000000055	25.8133
21.500000000000057	31.5678
21.600000000000058	18.0336
21.70000000000006	12.2485
21.800000000000061	18.0114
21.900000000000063	23.6788
22.000000000000064	29.3411
22.100000000000065	17.516
22.200000000000067	11.5009
22.300000000000068	14.5088
22.40000000000007	20.2197
22.500000000000071	26.0594
22.600000000000072	13.4455
22.700000000000074	7.5647
22.800000000000075	5.69289
22.900000000000077	10.2471
23.000000000000078	15.9827
23.10000000000008	21.5812
23.200000000000081	27.1289
23.300000000000082	15.4444
23.400000000000084	3.98953
23.500000000000085	4.69944
23.600000000000087	10.0426
23.700000000000088	15.5335
23.80000000000009	11.2075
23.900000000000091	16.309
24.000000000000092	22.0972
24.100000000000094	12.1489
24.200000000000095	15.4219
24.300000000000097	21.1696
24.400000000000098	13.0236
24.500000000000099	18.6003
24.600000000000101	11.792
24.700000000000102	11.792
24.800000000000104	15.0764
24.900000000000105	20.7755
25.000000000000107	26.4927
25.100000000000108	7.46098
25.200000000000109	6.31784
25.300000000000111	6.15983
25.400000000000112	11.5141
25.500000000000114	17.1164
25.600000000000115	22.8749
25.700000000000117	6.73527
25.800000000000118	12.1638
25.900000000000119	17.8982
26.000000000000121	10.2284
26.100000000000122	15.9708
26.200000000000124	10.1896
26.300000000000125	14.0052
26.400000000000126	19.6083
26.500000000000128	24.7531
26.600000000000129	30.1814
26.700000000000131	36.0707
26.800000000000132	41.991
26.900000000000134	47.8056
27.000000000000135	25.6489
27.100000000000136	13.0565
27.200000000000138	13.0565
27.300000000000139	8.96069
27.400000000000141	14.3795
27.500000000000142	20.1272
27.600000000000144	25.9877
27.700000000000145	31.7106
27.800000000000146	16.7305
27.900000000000148	10.9818
28.000000000000149	7.15762
28.100000000000151	12.6414
28.200000000000152	18.2804
28.300000000000153	10.226
28.400000000000155	15.2635
28.500000000000156	9.4554
28.600000000000158	15.0955
28.700000000000159	20.8374
28.800000000000161	26.5413
28.900000000000162	7.73263
29.000000000000163	10.7762
29.100000000000165	8.45504
29.200000000000166	7.96588
29.300000000000168	13.2653
29.400000000000169	7.0361
29.500000000000171	12.2501
29.600000000000172	18.0125
29.700000000000173	11.2325
29.800000000000175	15.2471
29.900000000000176	21.0427
30.000000000000178	13.1246
30.100000000000179	17.1032
30.20000000000018	10.8945
30.300000000000182	16.4043
30.400000000000183	21.2452
30.500000000000185	26.7879
30.600000000000186	13.561
30.700000000000188	8.5752
30.800000000000189	11.5687
30.90000000000019	17.1531
31.000000000000192	10.6652
31.100000000000193	16.2533
31.200000000000195	10.9633
31.300000000000196	16.3889
31.400000000000198	22.1562
31.500000000000199	13.8684
31.6000000000002	19.4595
31.700000000000202	11.5633
31.800000000000203	15.099
31.900000000000205	20.452
32.000000000000206	14.0317
32.100000000000207	19.6271
32.200000000000209	25.3274
32.30000000000021	14.6429
32.400000000000212	10.0181
32.500000000000213	15.5178
32.600000000000215	21.145
32.700000000000216	15.1704
32.800000000000217	20.9873
32.900000000000219	13.1279
33.00000000000022	18.8336
33.100000000000222	24.5146
33.200000000000223	15.4097
33.300000000000225	11.2321
33.400000000000226	16.9875
33.500000000000227	22.6023
33.600000000000229	12.8937
33.70000000000023	16.1392
33.800000000000232	21.9267
33.900000000000233	13.684
34.000000000000234	8.57105
34.100000000000236	14.1409
34.200000000000237	19.9075
34.300000000000239	12.1324
34.40000000000024	7.67186
34.500000000000242	12.383
34.600000000000243	18.103
34.700000000000244	23.8746
34.800000000000246	15.4824
34.900000000000247	21.2136
35.000000000000249	27.0604
35.10000000000025	14.2681
35.200000000000252	15.351
35.300000000000253	8.74705
35.400000000000254	14.2478
35.500000000000256	19.9835
35.600000000000257	11.9984
35.700000000000259	17.5026
35.80000000000026	23.1218
35.900000000000261	14.7417
36.000000000000263	20.3873
36.100000000000264	13.004
36.200000000000266	18.5866
36.300000000000267	10.2903
36.400000000000269	14.4995
36.50000000000027	10.8573
36.600000000000271	16.3184
36.700000000000273	9.70133
36.800000000000274	13.0543
36.900000000000276	8.31787
37.000000000000277	13.9896
37.100000000000279	19.546
37.20000000000028	25.3042
37.300000000000281	16.0073
37.400000000000283	21.6457
37.500000000000284	13.4606
37.600000000000286	13.4606
37.700000000000287	13.4606
37.800000000000288	7.49836
37.90000000000029	13.0684
38.000000000000291	18.361
38.100000000000293	24.1537
38.200000000000294	14.609
38.300000000000296	19.3314
38.400000000000297	25.0991
38.500000000000298	14.9845
38.6000000000003	8.40611
38.700000000000301	10.6254
38.800000000000303	16.2272
38.900000000000304	22.037
39.000000000000306	27.7824
39.100000000000307	14.8996
39.200000000000308	20.5016
39.30000000000031	26.2405
39.400000000000311	15.2237
39.500000000000313	21.0258
39.600000000000314	26.7643
39.700000000000315	32.5349
39.800000000000317	18.0615
39.900000000000318	23.8011
40.00000000000032	14.4801
40.100000000000321	9.2995
40.200000000000323	5.39979
40.300000000000324	8.81209
40.400000000000325	7.34388
40.500000000000327	12.981
40.600000000000328	18.5165
40.70000000000033	24.148
40.800000000000331	14.6962
40.900000000000333	20.3052
41.000000000000334	11.9217
41.100000000000335	9.82294
41.200000000000337	15.3276
41.300000000000338	21.1011
41.40000000000034	26.9351
41.500000000000341	32.645
41.600000000000342	18.8807
41.700000000000344	12.1758
41.800000000000345	17.9064
41.900000000000347	11.6286
42.000000000000348	16.3575
42.10000000000035	22.133
42.200000000000351	13.9872
42.300000000000352	8.83115
42.400000000000354	14.2291
42.500000000000355	20.0202
42.600000000000357	12.6421
42.700000000000358	18.2809
42.80000000000036	11.0538
42.900000000000361	8