10	1
10.1	1
10.199999999999999	1
10.299999999999999	1
10.399999999999999	1
10.499999999999998	1
10.599999999999998	1
10.699999999999998	1
10.799999999999997	1
10.899999999999997	1
10.999999999999996	1
11.099999999999996	1
11.199999999999996	1
11.299999999999995	1
11.399999999999995	1
11.499999999999995	1
11.599999999999994	1
11.699999999999994	1
11.799999999999994	1
11.899999999999993	1
11.999999999999993	1
12.099999999999993	1
12.199999999999992	1
12.299999999999992	1
12.399999999999991	1
12.499999999999991	1
12.599999999999991	1
12.69999999999999	1
12.79999999999999	1
12.89999999999999	1
12.999999999999989	1
13.099999999999989	1
13.199999999999989	1
13.299999999999988	1
13.399999999999988	1
13.499999999999988	1
13.599999999999987	1
13.699999999999987	1
13.799999999999986	1
13.899999999999986	1
13.999999999999986	1
14.099999999999985	1
14.199999999999985	1
14.299999999999985	1
14.399999999999984	1
14.499999999999984	1
14.599999999999984	1
14.699999999999983	1
14.799999999999983	1
14.899999999999983	1
14.999999999999982	1
15.099999999999982	1
15.199999999999982	1
15.299999999999981	1
15.399999999999981	1
15.49999999999998	1
15.59999999999998	1
15.69999999999998	1
15.799999999999979	1
15.899999999999979	1
15.999999999999979	1
16.09999999999998	1
16.199999999999982	1
16.299999999999983	1
16.399999999999984	1
16.499999999999986	1
16.599999999999987	1
16.699999999999989	1
16.79999999999999	1
16.899999999999991	1
16.999999999999993	1
17.099999999999994	1
17.199999999999996	1
17.299999999999997	1
17.399999999999999	1
17.5	1
17.600000000000001	1
17.700000000000003	1
17.800000000000004	1
17.900000000000006	1
18.000000000000007	1
18.100000000000009	1
18.20000000000001	1
18.300000000000011	1
18.400000000000013	1
18.500000000000014	1
18.600000000000016	1
18.700000000000017	1
18.800000000000018	1
18.90000000000002	1
19.000000000000021	1
19.100000000000023	1
19.200000000000024	1
19.300000000000026	1
19.400000000000027	1
19.500000000000028	1
19.60000000000003	1
19.700000000000031	1
19.800000000000033	1
19.900000000000034	1
20.000000000000036	1
20.100000000000037	1
20.200000000000038	1
20.30000000000004	1
20.400000000000041	1
20.500000000000043	1
20.600000000000044	1
20.700000000000045	1
20.800000000000047	1
20.900000000000048	1
21.00000000000005	1
21.100000000000051	1
21.200000000000053	1
21.300000000000054	1
21.400000000000055	1
21.500000000000057	1
21.600000000000058	1
21.70000000000006	1
21.800000000000061	1
21.900000000000063	1
22.000000000000064	1
22.100000000000065	1
22.200000000000067	1
22.300000000000068	1
22.40000000000007	1
22.500000000000071	1
22.600000000000072	1
22.700000000000074	1
22.800000000000075	1
22.900000000000077	1
23.000000000000078	1
23.10000000000008	1
23.200000000000081	1
23.300000000000082	1
23.400000000000084	1
23.500000000000085	1
23.600000000000087	1
23.700000000000088	1
23.80000000000009	1
23.900000000000091	1
24.000000000000092	1
24.100000000000094	1
24.200000000000095	1
24.300000000000097	1
24.400000000000098	1
24.500000000000099	1
24.600000000000101	1
24.700000000000102	1
24.800000000000104	1
24.900000000000105	1
25.000000000000107	1
25.100000000000108	1
25.200000000000109	1
25.300000000000111	1
25.400000000000112	1
25.500000000000114	1
25.600000000000115	1
25.700000000000117	1
25.800000000000118	1
25.900000000000119	1
26.000000000000121	1
26.100000000000122	1
26.200000000000124	1
26.300000000000125	1
26.400000000000126	1
26.500000000000128	1
26.600000000000129	1
26.700000000000131	1
26.800000000000132	1
26.900000000000134	1
27.000000000000135	1
27.100000000000136	1
27.200000000000138	7
27.300000000000139	6.0451
27.400000000000141	10.4448
27.500000000000142	6.14936
27.600000000000144	7.06792
27.700000000000145	12.5112
27.800000000000146	18.1908
27.900000000000148	24.0246
28.000000000000149	14.0865
28.100000000000151	11.4935
28.200000000000152	9.35163
28.300000000000153	15.0309
28.400000000000155	20.6458
28.500000000000156	12.6171
28.600000000000158	17.3063
28.700000000000159	5.25704
28.800000000000161	8.00388
28.900000000000162	5.7973
29.000000000000163	8.36537
29.100000000000165	6.13114
29.200000000000166	9.27408
29.300000000000168	6.78954
29.400000000000169	8.38516
29.500000000000171	13.4456
29.600000000000172	18.8447
29.700000000000173	9.42236
29.800000000000175	14.8741
29.900000000000176	20.4832
30.000000000000178	13.5498
30.100000000000179	19.234
30.20000000000018	25.0642
30.300000000000182	13.3443
30.400000000000183	8.9026
30.500000000000185	8.63051
30.600000000000186	14.1769
30.700000000000188	9.63446
30.800000000000189	5.76636
30.90000000000019	9.03908
31.000000000000192	14.4976
31.100000000000193	20.1621
31.200000000000195	13.2814
31.300000000000196	19.0462
31.400000000000198	11.2129
31.500000000000199	6.63411
31.6000000000002	11.8573
31.700000000000202	9.25194
31.800000000000203	14.9693
31.900000000000205	10.0546
32.000000000000206	14.4033
32.100000000000207	19.4359
32.200000000000209	5.67952
32.30000000000021	8.16234
32.400000000000212	13.68
32.500000000000213	10.3984
32.600000000000215	7.50149
32.700000000000216	4.86142
32.800000000000217	5.94187
32.900000000000219	11.0422
33.00000000000022	16.6235
33.100000000000222	22.3302
33.200000000000223	27.1815
33.300000000000225	15.5342
33.400000000000226	9.50674
33.500000000000227	12.7543
33.600000000000229	18.3586
33.70000000000023	11.2864
33.800000000000232	7.51116
33.900000000000233	12.7652
34.000000000000234	18.2568
34.100000000000236	13.3681
34.200000000000237	19.1066
34.300000000000239	12.2424
34.40000000000024	17.0355
34.500000000000242	22.6825
34.600000000000243	28.438
34.700000000000244	15.8653
34.800000000000246	10.6848
34.900000000000247	8.42062
35.000000000000249	13.393
35.10000000000025	9.29653
35.200000000000252	13.0678
35.300000000000253	18.6849
35.400000000000254	24.4007
35.500000000000256	13.5625
35.600000000000257	19.243
35.700000000000259	25.071
35.80000000000026	30.8345
35.900000000000261	8.27967
36.000000000000263	8.51949
36.100000000000264	13.1536
36.200000000000266	18.7449
36.300000000000267	11.2423
36.400000000000269	15.5149
36.50000000000027	21.2374
36.600000000000271	14.5622
36.700000000000273	19.2961
36.800000000000274	12.3783
36.900000000000276	18.0444
37.000000000000277	11.2925
37.100000000000279	7.44838
37.20000000000028	13.04
37.300000000000281	17.7299
37.400000000000283	10.7307
37.500000000000284	16.2962
37.600000000000286	22.0878
37.700000000000287	27.9304
37.800000000000288	15.1673
37.90000000000029	15.1673
38.000000000000291	15.2332
38.100000000000293	15.2332
38.200000000000294	8.07116
38.300000000000296	13.5523
38.400000000000297	8.80536
38.500000000000298	14.2836
38.6000000000003	10.1897
38.700000000000301	15.6288
38.800000000000303	9.43993
38.900000000000304	6.20673
39.000000000000306	11.6257
39.100000000000307	7.37215
39.200000000000308	9.08621
39.30000000000031	14.5957
39.400000000000311	20.2821
39.500000000000313	26.1078
39.600000000000314	15.873
39.700000000000315	18.8713
39.800000000000317	23.502
39.900000000000318	12.3531
40.00000000000032	17.4053
40.100000000000321	9.86406
40.200000000000323	7.24465
40.300000000000324	12.7693
40.400000000000325	8.97457
40.500000000000327	14.3881
40.600000000000328	20.1334
40.70000000000033	11.9742
40.800000000000331	7.64242
40.900000000000333	10.034
41.000000000000334	15.528
41.100000000000335	10.465
41.200000000000337	16.123
41.300000000000338	10.2279
41.40000000000034	8.12049
41.500000000000341	5.63521
41.600000000000342	11.0651
41.700000000000344	16.6387
41.800000000000345	10.4292
41.900000000000347	12.6872
42.000000000000348	10.2325
42.10000000000035	7.51274
42.200000000000351	13.0766
42.300000000000352	9.66992
42.400000000000354	15.2303
42.500000000000355	21.0306
42.600000000000357	11.8786
42.700000000000358	7.27772
42.80000000000036	7.20689
42.900000000000361	12.7481
43.000000000000362	18.3542
43.100000000000364	24.1486
43.200000000000365	13.1086
43.300000000000367	17.8927
43.400000000000368	11.1848
43.500000000000369	16.5376
43.600000000000371	10.5642
43.700000000000372	16.1874
43.800000000000374	21.3145
43.900000000000375	26.7682
44.000000000000377	14.8233
44.100000000000378	20.4463
44.200000000000379	12.0445
44.300000000000381	17.648
44.400000000000382	22.3537
44.5000000000003