10	1
10.1	1
10.199999999999999	1
10.299999999999999	1
10.399999999999999	1
10.499999999999998	1
10.599999999999998	1
10.699999999999998	1
10.799999999999997	1
10.899999999999997	1
10.999999999999996	1
11.099999999999996	1
11.199999999999996	1
11.299999999999995	1
11.399999999999995	1
11.499999999999995	1
11.599999999999994	1
11.699999999999994	1
11.799999999999994	1
11.899999999999993	1
11.999999999999993	1
12.099999999999993	1
12.199999999999992	1
12.299999999999992	1
12.399999999999991	1
12.499999999999991	1
12.599999999999991	1
12.69999999999999	1
12.79999999999999	1
12.89999999999999	1
12.999999999999989	1
13.099999999999989	1
13.199999999999989	1
13.299999999999988	1
13.399999999999988	1
13.499999999999988	1
13.599999999999987	1
13.699999999999987	1
13.799999999999986	1
13.899999999999986	1
13.999999999999986	1
14.099999999999985	1
14.199999999999985	1
14.299999999999985	1
14.399999999999984	1
14.499999999999984	1
14.599999999999984	1
14.699999999999983	1
14.799999999999983	1
14.899999999999983	1
14.999999999999982	1
15.099999999999982	1
15.199999999999982	1
15.299999999999981	1
15.399999999999981	1
15.49999999999998	1
15.59999999999998	1
15.69999999999998	1
15.799999999999979	1
15.899999999999979	1
15.999999999999979	1
16.09999999999998	1
16.199999999999982	1
16.299999999999983	1
16.399999999999984	1
16.499999999999986	1
16.599999999999987	1
16.699999999999989	1
16.79999999999999	1
16.899999999999991	1
16.999999999999993	1
17.099999999999994	1
17.199999999999996	1
17.299999999999997	1
17.399999999999999	1
17.5	1
17.600000000000001	1
17.700000000000003	1
17.800000000000004	1
17.900000000000006	1
18.000000000000007	1
18.100000000000009	4
18.20000000000001	15
18.300000000000011	7.5
18.400000000000013	7.5
18.500000000000014	2
18.600000000000016	2
18.700000000000017	2
18.800000000000018	2
18.90000000000002	1
19.000000000000021	2
19.100000000000023	3.55301
19.200000000000024	1.91723
19.300000000000026	3.56677
19.400000000000027	5.20683
19.500000000000028	6.10515
19.60000000000003	3.05257
19.700000000000031	3.05257
19.800000000000033	4.66461
19.900000000000034	2.54198
20.000000000000036	2.54198
20.100000000000037	3.27604
20.200000000000038	3.27604
20.30000000000004	2
20.400000000000041	3.55301
20.500000000000043	5.19763
20.600000000000044	7.02286
20.700000000000045	8.80618
20.800000000000047	10.5704
20.900000000000048	5.47191
21.00000000000005	5.65466
21.100000000000051	2.82733
21.200000000000053	4.29309
21.300000000000054	5.15933
21.400000000000055	6.99482
21.500000000000057	3.84129
21.600000000000058	4.34543
21.70000000000006	6.10155
21.800000000000061	7.7114
21.900000000000063	3.8557
22.000000000000064	4.80551
22.100000000000065	2.81894
22.200000000000067	4.28779
22.300000000000068	5.15497
22.40000000000007	6.69621
22.500000000000071	8.4304
22.600000000000072	10.2601
22.700000000000074	5.77469
22.800000000000075	6.7457
22.900000000000077	8.4696
23.000000000000078	4.52217
23.10000000000008	4.52217
23.200000000000081	4.52217
23.300000000000082	3.24483
23.400000000000084	3.24483
23.500000000000085	3.24483
23.600000000000087	3.24483
23.700000000000088	2
23.80000000000009	2.5
23.900000000000091	4.33944
24.000000000000092	2.16972
24.100000000000094	2.16972
24.200000000000095	1
24.300000000000097	2.5
24.400000000000098	4.33944
24.500000000000099	6.09735
24.600000000000101	7.96541
24.700000000000102	9.67696
24.800000000000104	5.19219
24.900000000000105	7.01888
25.000000000000107	7.9619
25.100000000000108	4.40151
25.200000000000109	4.40151
25.300000000000111	5.24913
25.400000000000112	5.43964
25.500000000000114	2.71982
25.600000000000115	2.71982
25.700000000000117	3.41138
25.800000000000118	4.90014
25.900000000000119	6.3462
26.000000000000121	7.23929
26.100000000000122	9.09048
26.200000000000124	4.86943
26.300000000000125	6.32273
26.400000000000126	3.16137
26.500000000000128	3.16137
26.600000000000129	4.03082
26.700000000000131	5.70997
26.800000000000132	3.26883
26.900000000000134	3.26883
27.000000000000135	4.11393
27.100000000000136	4.357
27.200000000000138	2.1785
27.300000000000139	2.1785
27.400000000000141	3.92105
27.500000000000142	5.45089
27.600000000000144	2.81717
27.700000000000145	4.28667
27.800000000000146	5.89068
27.900000000000148	2.94534
28.000000000000149	2.94534
28.100000000000151	1.94534
28.200000000000152	4.12643
28.300000000000153	5.9499
28.400000000000155	7.04072
28.500000000000156	3.52036
28.600000000000158	3.52036
28.700000000000159	4.97487
28.800000000000161	2.88946
28.900000000000162	3.54461
29.000000000000163	3.54461
29.100000000000165	1.7723
29.200000000000166	3.4522
29.300000000000168	1.87093
29.400000000000169	3.52988
29.500000000000171	2.03771
29.600000000000172	3.26596
29.700000000000173	5.01087
29.800000000000175	6.73867
29.900000000000176	3.36933
30.000000000000178	3.36933
30.100000000000179	5.07695
30.20000000000018	6.32445
30.300000000000182	3.47846
30.400000000000183	5.14816
30.500000000000185	6.53806
30.600000000000186	3.26903
30.700000000000188	4.58666
30.800000000000189	2.70208
30.90000000000019	2.70208
31.000000000000192	3.39767
31.100000000000193	3.39767
31.200000000000195	2
31.300000000000196	2
31.400000000000198	2
31.500000000000199	2
31.6000000000002	1
31.700000000000202	2.9
31.800000000000203	4.33944
31.900000000000205	5.19763
32.000000000000206	2.59882
32.100000000000207	3.31877
32.200000000000209	3.89632
32.30000000000021	1.94816
32.400000000000212	2.94816
32.500000000000213	3.59155
32.600000000000215	5.22346
32.700000000000216	2.88908
32.800000000000217	4.08779
32.900000000000219	5.74968
33.00000000000022	3.12828
33.100000000000222	4.25515
33.200000000000223	6.03851
33.300000000000225	7.79239
33.400000000000226	3.96036
33.500000000000227	4.21286
33.600000000000229	4.21286
33.70000000000023	2
33.800000000000232	2.9
33.900000000000233	2.9
34.000000000000234	1
34.100000000000236	2
34.200000000000237	2
34.300000000000239	2
34.40000000000024	2
34.500000000000242	2
34.600000000000243	3.55301
34.700000000000244	5.19763
34.800000000000246	6.42106
34.900000000000247	3.21053
35.000000000000249	4.97601
35.10000000000025	6.56061
35.200000000000252	8.07785
35.300000000000253	4.16178
35.400000000000254	5.44009
35.500000000000256	7.2027
35.600000000000257	3.73887
35.700000000000259	3.73887
35.80000000000026	2.00317
35.900000000000261	3.24659
36.000000000000263	4.99864
36.100000000000264	6.57763
36.200000000000266	8.33694
36.300000000000267	4.16847
36.400000000000269	4.16847
36.50000000000027	5.44513
36.600000000000271	3.08987
36.700000000000273	4.68828
36.800000000000274	2.45079
36.900000000000276	3.80435
37.000000000000277	5.17583
37.100000000000279	7.00689
37.20000000000028	7.95136
37.300000000000281	4.10046
37.400000000000283	5.39393
37.500000000000284	7.16817
37.600000000000286	8.33878
37.700000000000287	5.05784
37.800000000000288	6.62235
37.90000000000029	8.2509
38.000000000000291	4.5876
38.100000000000293	5.21313
38.200000000000294	6.74073
38.300000000000296	8.22424
38.400000000000297	4.11212
38.500000000000298	5.40268
38.6000000000003	5.76674
38.700000000000301	2.88337
38.800000000000303	2.88337
38.900000000000304	1
39.000000000000306	2.5
39.100000000000307	4.33944
39.200000000000308	5.92867
39.30000000000031	7.02286
39.400000000000311	3.51143
39.500000000000313	4.05964
39.600000000000314	4.5382
39.700000000000315	2.2691
39.800000000000317	3.96789
39.900000000000318	5.48413
40.00000000000032	2.83324
40.100000000000321	3.50004
40.200000000000323	2.02495
40.300000000000324	2.91581
40.400000000000325	2.91581
40.500000000000327	1.4579
40.600000000000328	3.21382
40.70000000000033	4.97807
40.800000000000331	6.56216
40.900000000000333	8.32478
41.000000000000334	4.72838
41.100000000000335	4.72838
41.200000000000337	5.52415
41.300000000000338	7.26594
41.40000000000034	8.18006
41.500000000000341	4.21138
41.600000000000342	4.88757
41.700000000000344	6.49441
41.800000000000345	3.32419
41.900000000000347	3.32419
42.000000000000348	4.15723
42.10000000000035	5.97096
42.200000000000351	7.60904
42.300000000000352	7.86966
42.400000000000354	3.93483
42.500000000000355	4.42769
42.600000000000357	6.15962
42.700000000000358	8.01291
42.80000000000036	4.53685
42.900000000000361	4.96747
43.000000000000362	2.95176
43.100000000000364