10	1
10.1	1
10.199999999999999	1
10.299999999999999	1
10.399999999999999	1
10.499999999999998	1
10.599999999999998	1
10.699999999999998	1
10.799999999999997	1
10.899999999999997	1
10.999999999999996	1
11.099999999999996	1
11.199999999999996	1
11.299999999999995	1
11.399999999999995	1
11.499999999999995	1
11.599999999999994	1
11.699999999999994	1
11.799999999999994	1
11.899999999999993	1
11.999999999999993	1
12.099999999999993	1
12.199999999999992	1
12.299999999999992	1
12.399999999999991	1
12.499999999999991	1
12.599999999999991	1
12.69999999999999	1
12.79999999999999	1
12.89999999999999	1
12.999999999999989	1
13.099999999999989	1
13.199999999999989	1
13.299999999999988	1
13.399999999999988	1
13.499999999999988	1
13.599999999999987	1
13.699999999999987	1
13.799999999999986	1
13.899999999999986	1
13.999999999999986	1
14.099999999999985	1
14.199999999999985	1
14.299999999999985	1
14.399999999999984	1
14.499999999999984	1
14.599999999999984	1
14.699999999999983	1
14.799999999999983	1
14.899999999999983	1
14.999999999999982	1
15.099999999999982	1
15.199999999999982	1
15.299999999999981	1
15.399999999999981	1
15.49999999999998	1
15.59999999999998	1
15.69999999999998	1
15.799999999999979	1
15.899999999999979	1
15.999999999999979	1
16.09999999999998	1
16.199999999999982	1
16.299999999999983	1
16.399999999999984	1
16.499999999999986	1
16.599999999999987	1
16.699999999999989	1
16.79999999999999	1
16.899999999999991	1
16.999999999999993	1
17.099999999999994	1
17.199999999999996	1
17.299999999999997	1
17.399999999999999	1
17.5	1
17.600000000000001	1
17.700000000000003	1
17.800000000000004	1
17.900000000000006	1
18.000000000000007	1
18.100000000000009	1
18.20000000000001	1
18.300000000000011	1
18.400000000000013	1
18.500000000000014	1
18.600000000000016	1
18.700000000000017	1
18.800000000000018	1
18.90000000000002	1
19.000000000000021	1
19.100000000000023	1
19.200000000000024	1
19.300000000000026	1
19.400000000000027	1
19.500000000000028	1
19.60000000000003	1
19.700000000000031	1
19.800000000000033	1
19.900000000000034	1
20.000000000000036	1
20.100000000000037	1
20.200000000000038	1
20.30000000000004	1
20.400000000000041	1
20.500000000000043	1
20.600000000000044	1
20.700000000000045	1
20.800000000000047	1
20.900000000000048	1
21.00000000000005	1
21.100000000000051	1
21.200000000000053	1
21.300000000000054	1
21.400000000000055	1
21.500000000000057	1
21.600000000000058	1
21.70000000000006	1
21.800000000000061	1
21.900000000000063	1
22.000000000000064	1
22.100000000000065	1
22.200000000000067	1
22.300000000000068	1
22.40000000000007	1
22.500000000000071	1
22.600000000000072	1
22.700000000000074	1
22.800000000000075	1
22.900000000000077	1
23.000000000000078	1
23.10000000000008	1
23.200000000000081	1
23.300000000000082	1
23.400000000000084	1
23.500000000000085	1
23.600000000000087	1
23.700000000000088	1
23.80000000000009	1
23.900000000000091	1
24.000000000000092	1
24.100000000000094	1
24.200000000000095	1
24.300000000000097	1
24.400000000000098	1
24.500000000000099	1
24.600000000000101	1
24.700000000000102	1
24.800000000000104	1
24.900000000000105	1
25.000000000000107	1
25.100000000000108	1
25.200000000000109	1
25.300000000000111	1
25.400000000000112	1
25.500000000000114	1
25.600000000000115	1
25.700000000000117	1
25.800000000000118	1
25.900000000000119	1
26.000000000000121	1
26.100000000000122	1
26.200000000000124	1
26.300000000000125	1
26.400000000000126	1
26.500000000000128	1
26.600000000000129	1
26.700000000000131	1
26.800000000000132	1
26.900000000000134	1
27.000000000000135	1
27.100000000000136	1
27.200000000000138	1
27.300000000000139	1
27.400000000000141	1
27.500000000000142	1
27.600000000000144	1
27.700000000000145	1
27.800000000000146	1
27.900000000000148	1
28.000000000000149	1
28.100000000000151	1
28.200000000000152	1
28.300000000000153	1
28.400000000000155	1
28.500000000000156	1
28.600000000000158	1
28.700000000000159	1
28.800000000000161	1
28.900000000000162	1
29.000000000000163	1
29.100000000000165	2
29.200000000000166	4.5
29.300000000000168	4.5
29.400000000000169	7.79796
29.500000000000171	12.1348
29.600000000000172	16.8993
29.700000000000173	4.66308
29.800000000000175	2.63965
29.900000000000176	6.77816
30.000000000000178	4.90705
30.100000000000179	5.67693
30.20000000000018	2.83847
30.300000000000182	1.75209
30.400000000000183	6.03214
30.500000000000185	4.9722
30.600000000000186	4.13224
30.700000000000188	3.58681
30.800000000000189	3.31045
30.90000000000019	7.60328
31.000000000000192	11.234
31.100000000000193	15.9548
31.200000000000195	8.13286
31.300000000000196	6.11895
31.400000000000198	3.52078
31.500000000000199	6.07916
31.6000000000002	4.22161
31.700000000000202	3.98951
31.800000000000203	8.16361
31.900000000000205	12.7708
32.000000000000206	6.69219
32.100000000000207	4.44612
32.200000000000209	2.91742
32.30000000000021	2.91742
32.400000000000212	1
32.500000000000213	5.19763
32.600000000000215	9.67696
32.700000000000216	6.63386
32.800000000000217	11.069
32.900000000000219	8.66511
33.00000000000022	13.248
33.100000000000222	18.0505
33.200000000000223	21.8635
33.300000000000225	12.3707
33.400000000000226	7.60331
33.500000000000227	11.4113
33.600000000000229	8.38726
33.70000000000023	13.0687
33.800000000000232	17.5239
33.900000000000233	22.3008
34.000000000000234	6.46002
34.100000000000236	10.4986
34.200000000000237	14.3014
34.300000000000239	7.78808
34.40000000000024	11.1811
34.500000000000242	15.9177
34.600000000000243	11.2111
34.700000000000244	7.48387
34.800000000000246	12.1034
34.900000000000247	7.85419
35.000000000000249	11.3162
35.10000000000025	15.1111
35.200000000000252	9.46799
35.300000000000253	6.24341
35.400000000000254	7.14964
35.500000000000256	11.731
35.600000000000257	16.3692
35.700000000000259	10.3983
35.80000000000026	7.2536
35.900000000000261	11.0924
36.000000000000263	7.26831
36.100000000000264	10.2555
36.200000000000266	15.0186
36.300000000000267	19.6934
36.400000000000269	12.0419
36.50000000000027	15.9778
36.600000000000271	20.6288
36.700000000000273	11.6403
36.800000000000274	16.3045
36.900000000000276	10.345
37.000000000000277	6.14801
37.100000000000279	9.39285
37.20000000000028	14.0937
37.300000000000281	8.31932
37.400000000000283	7.05985
37.500000000000284	11.5036
37.600000000000286	6.97363
37.700000000000287	10.4421
37.800000000000288	15.1463
37.90000000000029	19.9421
38.000000000000291	13.4059
38.100000000000293	8.9562
38.200000000000294	13.4395
38.300000000000296	8.92897
38.400000000000297	12.6521
38.500000000000298	17.3318
38.6000000000003	22.1503
38.700000000000301	12.9884
38.800000000000303	17.5214
38.900000000000304	9.88838
39.000000000000306	9.88838
39.100000000000307	2
39.200000000000308	7.11243
39.30000000000031	3.69545
39.400000000000311	3.55713
39.500000000000313	7.96718
39.600000000000314	12.4065
39.700000000000315	17.1536
39.800000000000317	4.80331
39.900000000000318	9.1501
40.00000000000032	7.44244
40.100000000000321	6.39024
40.200000000000323	11.0174
40.300000000000324	6.99327
40.400000000000325	10.8327
40.500000000000327	15.3524
40.600000000000328	5.12874
40.70000000000033	3.83115
40.800000000000331	5.38771
40.900000000000333	9.9825
41.000000000000334	7.49867
41.100000000000335	4.96267
41.200000000000337	8.19366
41.300000000000338	6.21905
41.40000000000034	5.49373
41.500000000000341	10.0394
41.600000000000342	14.6002
41.700000000000344	9.18978
41.800000000000345	13.8876
41.900000000000347	8.76213
42.000000000000348	13.1599
42.10000000000035	17.986
42.200000000000351	11.0227
42.300000000000352	15.0936
42.400000000000354	19.8517
42.500000000000355	11.7538
42.600000000000357	7.97585
42.700000000000358	11.0427
42.80000000000036	15.6938
42.900000000000361	8.9222
43.000000000000362	13.0379
43.100000000000364	7.31612
43.200000000000365	4.95259
43.300000000000367	9.2281
43.400000000000368	13.9848
43.500000000000369	8.91373
43.600000000000371	8.91373
43.700000000000372	8.91373
43.800000000000374	6.03493
43.900000000000375	10.439
44.000000000000377	7.47959
44.100000000000378	12.1007
44.200000000000379	15.8966
44.300000000000381	9.17668
44.400000000000382	9.17668
44.500000000000384	12.9831
44.600000000000385	8.58545
44.700000000000387	12.3318
44.800000000000388	9.21309
44.900000000000389	13.975
45.00000000