10	1
10.1	1
10.199999999999999	1
10.299999999999999	1
10.399999999999999	1
10.499999999999998	1
10.599999999999998	1
10.699999999999998	1
10.799999999999997	1
10.899999999999997	1
10.999999999999996	1
11.099999999999996	1
11.199999999999996	1
11.299999999999995	1
11.399999999999995	1
11.499999999999995	1
11.599999999999994	1
11.699999999999994	1
11.799999999999994	1
11.899999999999993	1
11.999999999999993	1
12.099999999999993	1
12.199999999999992	1
12.299999999999992	1
12.399999999999991	1
12.499999999999991	1
12.599999999999991	1
12.69999999999999	1
12.79999999999999	1
12.89999999999999	1
12.999999999999989	1
13.099999999999989	1
13.199999999999989	1
13.299999999999988	1
13.399999999999988	1
13.499999999999988	1
13.599999999999987	1
13.699999999999987	1
13.799999999999986	1
13.899999999999986	1
13.999999999999986	1
14.099999999999985	1
14.199999999999985	1
14.299999999999985	1
14.399999999999984	1
14.499999999999984	1
14.599999999999984	1
14.699999999999983	1
14.799999999999983	1
14.899999999999983	1
14.999999999999982	1
15.099999999999982	1
15.199999999999982	1
15.299999999999981	1
15.399999999999981	1
15.49999999999998	1
15.59999999999998	1
15.69999999999998	1
15.799999999999979	1
15.899999999999979	1
15.999999999999979	1
16.09999999999998	1
16.199999999999982	1
16.299999999999983	1
16.399999999999984	1
16.499999999999986	1
16.599999999999987	1
16.699999999999989	1
16.79999999999999	1
16.899999999999991	1
16.999999999999993	1
17.099999999999994	1
17.199999999999996	1
17.299999999999997	1
17.399999999999999	1
17.5	1
17.600000000000001	1
17.700000000000003	1
17.800000000000004	1
17.900000000000006	1
18.000000000000007	1
18.100000000000009	1
18.20000000000001	1
18.300000000000011	1
18.400000000000013	1
18.500000000000014	1
18.600000000000016	1
18.700000000000017	1
18.800000000000018	1
18.90000000000002	1
19.000000000000021	1
19.100000000000023	1
19.200000000000024	1
19.300000000000026	1
19.400000000000027	1
19.500000000000028	1
19.60000000000003	1
19.700000000000031	1
19.800000000000033	1
19.900000000000034	1
20.000000000000036	1
20.100000000000037	1
20.200000000000038	1
20.30000000000004	1
20.400000000000041	1
20.500000000000043	1
20.600000000000044	1
20.700000000000045	1
20.800000000000047	1
20.900000000000048	1
21.00000000000005	1
21.100000000000051	2
21.200000000000053	8
21.300000000000054	16
21.400000000000055	12
21.500000000000057	12
21.600000000000058	3
21.70000000000006	6.93882
21.800000000000061	3.81586
21.900000000000063	4.32315
22.000000000000064	6.08592
22.100000000000065	7.95672
22.200000000000067	8.79833
22.300000000000068	10.5638
22.40000000000007	12.3998
22.500000000000071	14.2089
22.600000000000072	16.0003
22.700000000000074	8.00017
22.800000000000075	9.49607
22.900000000000077	5.20548
23.000000000000078	3.21369
23.10000000000008	3.21369
23.200000000000081	4.54841
23.300000000000082	6.24588
23.400000000000084	8.07905
23.500000000000085	9.87283
23.600000000000087	5.46753
23.700000000000088	5.8274
23.80000000000009	7.49757
23.900000000000091	3.74879
24.000000000000092	3.74879
24.100000000000094	2
24.200000000000095	3.55301
24.300000000000097	5.19763
24.400000000000098	7.02286
24.500000000000099	3.91891
24.600000000000101	5.06168
24.700000000000102	2.99126
24.800000000000104	4.15831
24.900000000000105	5.04881
25.000000000000107	6.76666
25.100000000000108	8.48624
25.200000000000109	4.69355
25.300000000000111	4.69355
25.400000000000112	5.49456
25.500000000000114	7.24363
25.600000000000115	9.09392
25.700000000000117	5.16788
25.800000000000118	5.16788
25.900000000000119	5.72815
26.000000000000121	7.42117
26.100000000000122	9.12591
26.200000000000124	10.3639
26.300000000000125	5.18194
26.400000000000126	5.18194
26.500000000000128	1
26.600000000000129	2.5
26.700000000000131	4.09525
26.800000000000132	5.75491
26.900000000000134	2.87745
27.000000000000135	3.53506
27.100000000000136	5.18566
27.200000000000138	6.71968
27.300000000000139	7.70011
27.400000000000141	3.85005
27.500000000000142	3.85005
27.600000000000144	5.40093
27.700000000000145	7.1734
27.800000000000146	8.58128
27.900000000000148	9.473
28.000000000000149	11.31
28.100000000000151	13.1173
28.200000000000152	7.03803
28.300000000000153	7.03803
28.400000000000155	7.03803
28.500000000000156	3.63333
28.600000000000158	5.05378
28.700000000000159	6.77034
28.800000000000161	7.61288
28.900000000000162	4.25018
29.000000000000163	5.68875
29.100000000000165	6.82246
29.200000000000166	8.29112
29.300000000000168	9.53327
29.400000000000169	4.76664
29.500000000000171	4.76664
29.600000000000172	6.40478
29.700000000000173	7.15071
29.800000000000175	3.85505
29.900000000000176	5.21259
30.000000000000178	6.58854
30.100000000000179	7.84764
30.20000000000018	3.92382
30.300000000000182	5.06542
30.400000000000183	6.77896
30.500000000000185	8.37663
30.600000000000186	8.95742
30.700000000000188	4.47871
30.800000000000189	5.11814
30.90000000000019	6.96476
31.000000000000192	2.55417
31.100000000000193	4.57077
31.200000000000195	4.57077
31.300000000000196	2.28539
31.400000000000198	2.28539
31.500000000000199	3.97651
31.6000000000002	2.23225
31.700000000000202	3.38084
31.800000000000203	5.08439
31.900000000000205	6.94023
32.000000000000206	8.62473
32.100000000000207	10.42
32.200000000000209	12.2777
32.30000000000021	6.13883
32.400000000000212	6.13883
32.500000000000213	6.13883
32.600000000000215	3
32.700000000000216	5.25165
32.800000000000217	6.91805
32.900000000000219	8.60696
33.00000000000022	10.3083
33.100000000000222	12.1005
33.200000000000223	6.09157
33.300000000000225	6.09157
33.400000000000226	1
33.500000000000227	3
33.600000000000229	4.63158
33.70000000000023	2.31579
33.800000000000232	3.43294
33.900000000000233	4.47887
34.000000000000234	2.55914
34.100000000000236	3.59295
34.200000000000237	4.37174
34.300000000000239	6.12006
34.40000000000024	7.32371
34.500000000000242	4.35348
34.600000000000243	4.80137
34.700000000000244	6.43041
34.800000000000246	8.22182
34.900000000000247	10.0898
35.000000000000249	11.0406
35.10000000000025	12.4907
35.200000000000252	6.74715
35.300000000000253	6.74715
35.400000000000254	6.89536
35.500000000000256	3.73773
35.600000000000257	5.32294
35.700000000000259	7.11533
35.80000000000026	3.76447
35.900000000000261	4.03011
36.000000000000263	5.1471
36.100000000000264	6.98588
36.200000000000266	8.66137
36.300000000000267	10.3537
36.400000000000269	5.72932
36.50000000000027	6.39821
36.600000000000271	8.19678
36.700000000000273	4.27875
36.800000000000274	4.27875
36.900000000000276	4.27875
37.000000000000277	6.05491
37.100000000000279	7.26959
37.20000000000028	3.63479
37.300000000000281	3.63479
37.400000000000283	3.63479
37.500000000000284	3.24483
37.600000000000286	4.99753
37.700000000000287	6.09735
37.800000000000288	7.83782
37.90000000000029	9.5725
38.000000000000291	10.8517
38.100000000000293	12.6456
38.200000000000294	6.67152
38.300000000000296	8.29026
38.400000000000297	10.1455
38.500000000000298	11.8781
38.6000000000003	6.42591
38.700000000000301	6.42591
38.800000000000303	6.42591
38.900000000000304	3.29076
39.000000000000306	3.87284
39.100000000000307	5.41691
39.200000000000308	6.89841
39.30000000000031	3.80564
39.400000000000311	5.36993
39.500000000000313	7.15027
39.600000000000314	7.82415
39.700000000000315	4.40763
39.800000000000317	6.14541
39.900000000000318	8.00205
40.00000000000032	9.81009
40.100000000000321	5.43925
40.200000000000323	6.46222
40.300000000000324	8.2466
40.400000000000325	10.11
40.500000000000327	11.059
40.600000000000328	5.70818
40.70000000000033	6.98483
40.800000000000331	8.66052
40.900000000000333	10.2555
41.000000000000334	11.7179
41.100000000000335	5.85894
41.200000000000337	5.85894
41.300000000000338	1
41.40000000000034	1
41.500000000000341	1
41.600000000000342	1
41.700000000000344	1
41.800000000000345	2.9
41.900000000000347	2.9
42.000000000000348	2.9
42.10000000000035	2.9
42.200000000000351	2.9
42.300000000000352	2.9
42.400000000000354	2.9
42.500000000000355	2.9
42.600000000000357	1
42.700000000000358	2.5
42.80000000000036	2.9
42.900000000000361	2.9
43.000000000000362	1
43.100000000000364	2.9
43.200000000000365	4.33944
43.300000000000367	5.75491
43.400000000000368	7.44171
43.500000000000369	3.91891
43.600000000000371	4.41366
43.700000000