10	15.2178
10.1	18.2143
10.199999999999999	26.0023
10.299999999999999	19.0758
10.399999999999999	25.8107
10.499999999999998	33.503
10.599999999999998	41.3117
10.699999999999998	22.32
10.799999999999997	11.5998
10.899999999999997	19.054
10.999999999999996	25.7557
11.099999999999996	33.4607
11.199999999999996	20.1616
11.299999999999995	26.996
11.399999999999995	34.6559
11.499999999999995	42.441
11.599999999999994	49.3091
11.699999999999994	12.8051
11.799999999999994	17.7284
11.899999999999993	24.3847
11.999999999999993	16.0241
12.099999999999993	23.5618
12.199999999999992	14.7984
12.299999999999992	22.3474
12.399999999999991	30.1281
12.499999999999991	37.0123
12.599999999999991	21.6452
12.69999999999999	21.6452
12.79999999999999	21.7375
12.89999999999999	14.8801
12.999999999999989	22.4015
13.099999999999989	29.1906
13.199999999999989	19.9064
13.299999999999988	27.1768
13.399999999999988	13.5884
13.499999999999988	18.4106
13.599999999999987	26.14
13.699999999999987	13.8687
13.799999999999986	16.8087
13.899999999999986	24.3907
13.999999999999986	31.1954
14.099999999999985	39.0561
14.199999999999985	22.9431
14.299999999999985	11.8998
14.399999999999984	18.2766
14.499999999999984	26.0459
14.599999999999984	32.8119
14.699999999999983	40.5565
14.799999999999983	48.384
14.899999999999983	55.2733
14.999999999999982	28.3865
15.099999999999982	28.3865
15.199999999999982	14.5415
15.299999999999981	16.5404
15.399999999999981	24.2067
15.49999999999998	31.0518
15.59999999999998	38.8386
15.69999999999998	46.6114
15.799999999999979	53.4673
15.899999999999979	29.406
15.999999999999979	15.0892
16.09999999999998	19.0767
16.199999999999982	26.763
16.299999999999983	34.4748
16.399999999999984	41.3121
16.499999999999986	25.4129
16.599999999999987	33.1977
16.699999999999989	40.0783
16.79999999999999	26.1116
16.899999999999991	33.9422
16.999999999999993	19.3533
17.099999999999994	26.4739
17.199999999999996	34.2509
17.299999999999997	41.4887
17.399999999999999	49.0253
17.5	12.9751
17.600000000000001	15.0499
17.700000000000003	22.6033
17.800000000000004	30.3183
17.900000000000006	20.3489
18.000000000000007	28.114
18.100000000000009	35.9534
18.20000000000001	43.2068
18.300000000000011	24.7435
18.400000000000013	12.7698
18.500000000000014	17.6463
18.600000000000016	24.3252
18.700000000000017	17.2393
18.800000000000018	9.71228
18.90000000000002	13.366
19.000000000000021	21.05
19.100000000000023	28.73
19.200000000000024	15.4878
19.300000000000026	21.4522
19.400000000000027	28.9914
19.500000000000028	36.0655
19.60000000000003	43.8966
19.700000000000031	51.5468
19.800000000000033	31.2001
19.900000000000034	39.0598
20.000000000000036	46.2368
20.100000000000037	53.7214
20.200000000000038	29.9587
20.30000000000004	15.2933
20.400000000000041	15.2933
20.500000000000043	22.1869
20.600000000000044	30.0094
20.700000000000045	17.4265
20.800000000000047	25.1406
20.900000000000048	32.9594
21.00000000000005	39.7304
21.100000000000051	47.5256
21.200000000000053	26.9945
21.300000000000054	13.863
21.400000000000055	14.0069
21.500000000000057	21.2747
21.600000000000058	28.2647
21.70000000000006	17.3284
21.800000000000061	22.4172
21.900000000000063	30.0471
22.000000000000064	37.8029
22.100000000000065	19.6156
22.200000000000067	13.0362
22.300000000000068	20.5524
22.40000000000007	27.3621
22.500000000000071	16.8738
22.600000000000072	18.9959
22.700000000000074	25.5957
22.800000000000075	33.3377
22.900000000000077	41.1779
23.000000000000078	11.2189
23.10000000000008	17.7292
23.200000000000081	25.3512
23.300000000000082	17.0261
23.400000000000084	11.7711
23.500000000000085	19.2627
23.600000000000087	26.0644
23.700000000000088	33.8174
23.80000000000009	41.5671
23.900000000000091	48.4146
24.000000000000092	28.5147
24.100000000000094	36.295
24.200000000000095	21.5029
24.300000000000097	28.2958
24.400000000000098	36.1233
24.500000000000099	9.98484
24.600000000000101	17.2698
24.700000000000102	25.0323
24.800000000000104	31.7625
24.900000000000105	39.5104
25.000000000000107	47.3419
25.100000000000108	54.2346
25.200000000000109	30.6659
25.300000000000111	15.3329
25.400000000000112	21.1996
25.500000000000114	29.0127
25.600000000000115	36.7148
25.700000000000117	23.3929
25.800000000000118	31.1691
25.900000000000119	39.0351
26.000000000000121	45.8683
26.100000000000122	53.6662
26.200000000000124	61.5158
26.300000000000125	68.3689
26.400000000000126	75.448
26.500000000000128	81.9541
26.600000000000129	87.3644
26.700000000000131	92.9333
26.800000000000132	98.2887
26.900000000000134	102.921
27.000000000000135	107.614
27.100000000000136	112.271
27.200000000000138	16.2943
27.300000000000139	16.2943
27.400000000000141	20.2416
27.500000000000142	14.6881
27.600000000000144	22.2746
27.700000000000145	30.0742
27.800000000000146	36.9143
27.900000000000148	44.6638
28.000000000000149	52.4882
28.100000000000151	29.4245
28.200000000000152	16.6906
28.300000000000153	24.3095
28.400000000000155	31.2283
28.500000000000156	19.2316
28.600000000000158	19.2316
28.700000000000159	13.5931
28.800000000000161	21.1947
28.900000000000162	29.0092
29.000000000000163	35.913
29.100000000000165	21.2598
29.200000000000166	29.0567
29.300000000000168	17.8781
29.400000000000169	23.4925
29.500000000000171	31.2439
29.600000000000172	38.1888
29.700000000000173	46.0062
29.800000000000175	53.8027
29.900000000000176	60.9332
30.000000000000178	32.5886
30.100000000000179	16.2943
30.20000000000018	16.4168
30.300000000000182	24.1225
30.400000000000183	31.9402
30.500000000000185	38.6829
30.600000000000186	46.4818
30.700000000000188	54.3388
30.800000000000189	61.3093
30.90000000000019	32
31.000000000000192	16.3403
31.100000000000193	16.3403
31.200000000000195	19.4211
31.300000000000196	27.1572
31.400000000000198	34.0256
31.500000000000199	41.7845
31.6000000000002	24.4652
31.700000000000202	31.477
31.800000000000203	39.1026
31.900000000000205	23.3201
32.000000000000206	30.2669
32.100000000000207	38.0041
32.200000000000209	45.7657
32.30000000000021	52.8265
32.400000000000212	60.4548
32.500000000000213	68.2561
32.600000000000215	74.813
32.700000000000216	81.1115
32.800000000000217	16.2943
32.900000000000219	16.2943
33.00000000000022	21.2077
33.100000000000222	29.0187
33.200000000000223	16.8243
33.300000000000225	20.6704
33.400000000000226	28.3475
33.500000000000227	18.1969
33.600000000000229	25.2082
33.70000000000023	33.0412
33.800000000000232	40.3723
33.900000000000233	47.6245
34.000000000000234	55.4639
34.100000000000236	14.3099
34.200000000000237	14.3099
34.300000000000239	20.1771
34.40000000000024	12.9167
34.500000000000242	16.3425
34.600000000000243	9.8649
34.700000000000244	17.0254
34.800000000000246	23.6261
34.900000000000247	31.3445
35.000000000000249	39.1497
35.10000000000025	46.0745
35.200000000000252	28.5464
35.300000000000253	16.8007
35.400000000000254	20.6512
35.500000000000256	28.3335
35.600000000000257	36.1529
35.700000000000259	43.0489
35.80000000000026	50.9055
35.900000000000261	58.5621
36.000000000000263	31.1675
36.100000000000264	15.5837
36.200000000000266	18.4125
36.300000000000267	25.1661
36.400000000000269	33.0091
36.50000000000027	40.7408
36.600000000000271	23.1514
36.700000000000273	12.0419
36.800000000000274	18.5861
36.900000000000276	25.2933
37.000000000000277	33.1062
37.100000000000279	40.8195
37.20000000000028	24.6821
37.300000000000281	32.3956
37.400000000000283	20.433
37.500000000000284	27.1992
37.600000000000286	35.0435
37.700000000000287	42.8515
37.800000000000288	49.6628
37.90000000000029	29.525
38.000000000000291	18.5505
38.100000000000293	25.2672
38.200000000000294	33.0862
38.300000000000296	40.9257
38.400000000000297	47.7186
38.500000000000298	27.2086
38.6000000000003	35.0509
38.700000000000301	41.8896
38.800000000000303	49.668
38.900000000000304	57.507
39.000000000000306	31.9889
39.100000000000307	16.3349
39.200000000000308	16.3349
39.30000000000031	22.2067
39.400000000000311	30.0239
39.500000000000313	16.5193
39.600000000000314	23.2213
39.700000000000315	31.0406
39.800000000000317	38.8039
39.900000000000318	45.606
40.00000000000032	26.2014
40.100000000000321	13.4957
40.200000000000323	17.3893
40.300000000000324	25.1149
40.400000000000325	32.9094
40.500000000000327	39.6638
40.600000000000328	47.4699
40.70000000000033	25.9207
40.800000000000331	16.2997
40.900000000000333	14.3173
41.000000000000334	22.0322
41.100000000000335	11.7418
41.200000000000337	18.0638
41.300000000000338	25.7032
41.40000000000034	32.4482
41.500000000000341	40.2629
41.600000000000342	48.1382
41.700000000000344	55.0583
41.800000000000345	31.3111
41.900000000000347	15.9562
42.000000000000348	15.9562
42.10000000000035	22.7367
42.200000000000351	30.4179
42.300000000000352	18.093
42.400000000000354	24.4879
42.500000000000355	32.248
42.600000000000357	39.1168
42.700000000000358	47.0139
42.80000000000036	54.8312
42.900000000000361	61.6813
43.000000000000362	69.4025
43.100000000000364	76.4251
43.200000000000365	32.5886
43.300000000000367	16.2943
43.400000000000368	17.3657
43.500000000000369	24.1225
43.600000000000371	31.9402
43.700000000000372	39.6534
43.800000000000374	46.4818
43.900000000000375	54.3388
44.000000000000377	14.1484
44.100000000000378	14.1484
44.200000000000379	21.0374
44.300000000000381	28.686
44.400000000000382	35.4556
44.500000000000384	20.0086
44.600000000000385	16.3272
44.700000000000387	23.0852
44.800000000000388	30.8418
44.900000000000389	38.5673
45.000000000000391	45.4049
45.100000000000392	53.2706
45.200000000000394	30.2075
45.300000000000395	15.1037
45.400000000000396	10.3009
45.500000000000398	15.3136
45.600000000000399	22.0652
45.700000000000401	29.7518
45.800000000000402	37.4887
45.900000000000404	44.3348
46.000000000000405	52.2086
46.100000000000406	60.1155
46.200000000000408	67.0073
46.300000000000409	74.2569
46.400000000000411	80.859
46.500000000000412	86.222
46.600000000000414	91.969
46.700000000000415	97.3774
46.800000000000416	32.0625
46.900000000000418	16.3097
47.000000000000419	16.4321
47.100000000000421	23.1594
47.200000000000422	30.9943
47.300000000000423	38.6894
47.400000000000425	45.5086
47.500000000000426	53.3591
47.600000000000428	28.5712
47.700000000000429	14.6316
47.800000000000431	17.5575
47.900000000000432	25.2315
48.000000000000433	32.076
48.100000000000435	39.9135
48.200000000000436	47.6788
48.300000000000438	26.522
48.400000000000439	34.2881
48.500000000000441	42.1412
48.600000000000442	49.0513
48.700000000000443	27.849
48.800000000000445	17.3814
48.900000000000446	24.1338
49.000000000000448	31.9488
49.100000000000449	39.6603
49.20000000000045	46.4876
49.300000000000452	54.3439
49.400000000000453	62.2366
49.500000000000455	32
49.600000000000456	16.3097
49.700000000000458	16.3097
49.800000000000459	19.2918
49.90000000000046	27.065
50.000000000000462	18.2161
50.100000000000463	25.0228
50.200000000000465	32.7171
50.300000000000466	40.4799
50.400000000000468	47.3369
50.500000000000469	55.2172
50.60000000000047	15.1309
50.700000000000472	16.2177
50.800000000000473	23.9876
50.900000000000475	31.6177
51.000000000000476	19.5076
51.100000000000477	12.2961
51.200000000000479	13.3895
51.30000000000048	20.0919
51.400000000000482	27.7851
51.500000000000483	35.5001
51.600000000000485	22.4781
51.700000000000486	30.2252
51.800000000000487	38.0761
51.900000000000489	21.9314
52.00000000000049	29.5514
52.100000000000492	37.2762
52.200000000000493	24.3238
52.300000000000495	32.1236
52.400000000000496	40.0018
52.500000000000497	46.8006
52.600000000000499	54.6119
52.7000000000005	62.4707
52.800000000000502	16.1142
52.900000000000503	16.1142
53.000000000000504	22.045
53.100000000000506	28.7793
53.200000000000507	36.5032
53.300000000000509	44.3247
53.40000000000051	51.2135
53.500000000000512	59.1183
53.600000000000513	15.5505
53.700000000000514	15.5505
53.800000000000516	21.3573
53.900000000000517	29.1281
54.000000000000519	36.0091
54.10000000000052	43.759
54.200000000000522	51.5657
54.300000000000523	14.2285
54.400000000000524	21.6534
54.500000000000526	29.3458
54.600000000000527	36.1854
54.700000000000529	44.0634
54.80000000000053	51.8242
54.900000000000531	29.1885
55.000000000000533	29.3253
55.100000000000534	14.9498
55.200000000000536	14.9498
55.300000000000537	9.96775
55.400000000000539	17.3179
55.50000000000054	24.0882
55.600000000000541	31.8515
55.700000000000543	39.582
55.800000000000544	21.1353
55.900000000000546	12.7212
56.0000000000