10	1
10.1	1
10.199999999999999	1
10.299999999999999	1
10.399999999999999	1
10.499999999999998	1
10.599999999999998	1
10.699999999999998	1
10.799999999999997	1
10.899999999999997	1
10.999999999999996	1
11.099999999999996	1
11.199999999999996	1
11.299999999999995	1
11.399999999999995	1
11.499999999999995	1
11.599999999999994	1
11.699999999999994	1
11.799999999999994	1
11.899999999999993	1
11.999999999999993	1
12.099999999999993	1
12.199999999999992	1
12.299999999999992	1
12.399999999999991	1
12.499999999999991	1
12.599999999999991	1
12.69999999999999	1
12.79999999999999	1
12.89999999999999	1
12.999999999999989	1
13.099999999999989	1
13.199999999999989	1
13.299999999999988	1
13.399999999999988	1
13.499999999999988	1
13.599999999999987	1
13.699999999999987	1
13.799999999999986	1
13.899999999999986	1
13.999999999999986	1
14.099999999999985	1
14.199999999999985	1
14.299999999999985	1
14.399999999999984	9
14.499999999999984	8.67272
14.599999999999984	14.0606
14.699999999999983	11.2203
14.799999999999983	7.8459
14.899999999999983	7.8459
14.999999999999982	1
15.099999999999982	6.306
15.199999999999982	4.5865
15.299999999999981	9.04011
15.399999999999981	14.4982
15.49999999999998	10.0156
15.59999999999998	8.18241
15.69999999999998	13.765
15.799999999999979	19.386
15.899999999999979	25.1809
15.999999999999979	7.11747
16.09999999999998	7.11747
16.199999999999982	3
16.299999999999983	8.12537
16.399999999999984	5.7961
16.499999999999986	10.0073
16.599999999999987	7.36669
16.699999999999989	12.9938
16.79999999999999	9.15903
16.899999999999991	14.5724
16.999999999999993	4.22009
17.099999999999994	4.37463
17.199999999999996	8.23282
17.299999999999997	13.8673
17.399999999999999	19.3555
17.5	14.1436
17.600000000000001	19.6053
17.700000000000003	7.16434
17.800000000000004	7.17931
17.900000000000006	12.6536
18.000000000000007	18.1238
18.100000000000009	11.7551
18.20000000000001	7.1841
18.300000000000011	7.13897
18.400000000000013	12.6309
18.500000000000014	8.8066
18.600000000000016	6.81901
18.700000000000017	10.7217
18.800000000000018	8.03769
18.90000000000002	13.4582
19.000000000000021	7.43678
19.100000000000023	5.51594
19.200000000000024	9.53828
19.300000000000026	7.05997
19.400000000000027	5.34464
19.500000000000028	9.33428
19.60000000000003	8.62383
19.700000000000031	7.78627
19.800000000000033	6.52474
19.900000000000034	12.0495
20.000000000000036	8.3594
20.100000000000037	10.003
20.200000000000038	15.5081
20.30000000000004	10.4019
20.400000000000041	11.761
20.500000000000043	17.341
20.600000000000044	9.12088
20.700000000000045	8.10283
20.800000000000047	7.34536
20.900000000000048	7.63117
21.00000000000005	6.46704
21.100000000000051	12.0186
21.200000000000053	7.22203
21.300000000000054	11.6032
21.400000000000055	17.2346
21.500000000000057	10.5976
21.600000000000058	7.70527
21.70000000000006	7.17475
21.800000000000061	6.50444
21.900000000000063	12.0386
22.000000000000064	8.44987
22.100000000000065	7.77627
22.200000000000067	3.90877
22.300000000000068	4.12427
22.40000000000007	8.46999
22.500000000000071	3.38288
22.600000000000072	4.01017
22.700000000000074	4.1916
22.800000000000075	3.53917
22.900000000000077	8.8008
23.000000000000078	14.0686
23.10000000000008	3.92402
23.200000000000081	3.92402
23.300000000000082	1
23.400000000000084	6.09735
23.500000000000085	5.16407
23.600000000000087	10.4585
23.700000000000088	7.51331
23.80000000000009	13.077
23.900000000000091	18.7448
24.000000000000092	12.9652
24.100000000000094	9.01838
24.200000000000095	8.08193
24.300000000000097	5.78095
24.400000000000098	10.8654
24.500000000000099	7.04124
24.600000000000101	12.0881
24.700000000000102	8.46911
24.800000000000104	6.89713
24.900000000000105	12.0886
25.000000000000107	9.99963
25.100000000000108	7.98989
25.200000000000109	6.99026
25.300000000000111	5.43909
25.400000000000112	10.9677
25.500000000000114	7.91612
25.600000000000115	5.81057
25.700000000000117	10.9729
25.800000000000118	8.97377
25.900000000000119	6.46085
26.000000000000121	12.0153
26.100000000000122	8.5308
26.200000000000124	5.26751
26.300000000000125	8.01069
26.400000000000126	7.46006
26.500000000000128	5.31764
26.600000000000129	10.5341
26.700000000000131	6.3541
26.800000000000132	5.93918
26.900000000000134	5.93918
27.000000000000135	1
27.100000000000136	6.09735
27.200000000000138	4.1292
27.300000000000139	9.37456
27.400000000000141	8.66322
27.500000000000142	14.0548
27.600000000000144	9.62699
27.700000000000145	4.2054
27.800000000000146	9.51386
27.900000000000148	6.87173
28.000000000000149	6.87173
28.100000000000151	2
28.200000000000152	7.343
28.300000000000153	12.9805
28.400000000000155	3.62316
28.500000000000156	3.93104
28.600000000000158	6.12724
28.700000000000159	5.43417
28.800000000000161	5.43417
28.900000000000162	1
29.000000000000163	2.536
29.100000000000165	7.58712
29.200000000000166	6.57567
29.300000000000168	11.825
29.400000000000169	9.87294
29.500000000000171	6.51447
29.600000000000172	2.42396
29.700000000000173	6.85239
29.800000000000175	2.55694
29.900000000000176	7.04178
30.000000000000178	5.27077
30.100000000000179	10.606
30.20000000000018	9.20212
30.300000000000182	8.00633
30.400000000000183	7.35305
30.500000000000185	6.14317
30.600000000000186	11.5922
30.700000000000188	7.85739
30.800000000000189	6.41809
30.90000000000019	3.73243
31.000000000000192	9.43901
31.100000000000193	8.65379
31.200000000000195	6.50572
31.300000000000196	5.45079
31.400000000000198	4.47809
31.500000000000199	5.01396
31.6000000000002	10.578
31.700000000000202	8.61942
31.800000000000203	6.25838
31.900000000000205	3.5207
32.000000000000206	3.97577
32.100000000000207	8.63686
32.200000000000209	14.1099
32.30000000000021	11.0548
32.400000000000212	9.3292
32.500000000000213	6.77141
32.600000000000215	6.77141
32.700000000000216	1
32.800000000000217	6.306
32.900000000000219	11.8491
33.00000000000022	9.59591
33.100000000000222	3.6554
33.200000000000223	8.49832
33.300000000000225	7.32036
33.400000000000226	5.93447
33.500000000000227	5.0689
33.600000000000229	3.60735
33.70000000000023	2.30577
33.800000000000232	2.65484
33.900000000000233	5.64197
34.000000000000234	4.28908
34.100000000000236	9.55028
34.200000000000237	8.04341
34.300000000000239	5.32337
34.40000000000024	4.82023
34.500000000000242	4.24256
34.600000000000243	5.01399
34.700000000000244	3.58831
34.800000000000246	7.04024
34.900000000000247	12.4151
35.000000000000249	7.45519
35.10000000000025	5.70104
35.200000000000252	7.79864
35.300000000000253	8.12105
35.400000000000254	13.6555
35.500000000000256	9.12874
35.600000000000257	7.46158
35.700000000000259	5.7128
35.80000000000026	11.1043
35.900000000000261	8.10289
36.000000000000263	8.21819
36.100000000000264	6.51925
36.200000000000266	11.1823
36.300000000000267	16.7765
36.400000000000269	9.69014
36.50000000000027	14.7757
36.600000000000271	10.0914
36.700000000000273	9.02917
36.800000000000274	6.89113
36.900000000000276	10.0932
37.000000000000277	15.6944
37.100000000000279	8.92249
37.20000000000028	8.92249
37.300000000000281	4.70824
37.400000000000283	10.0466
37.500000000000284	15.6005
37.600000000000286	10.095
37.700000000000287	13.6459
37.800000000000288	10.9774
37.90000000000029	9.11511
38.000000000000291	6.4745
38.100000000000293	12.0226
38.200000000000294	7.46256
38.300000000000296	10.0992
38.400000000000297	8.35284
38.500000000000298	14.0103
38.6000000000003	10.5073
38.700000000000301	6.17588
38.800000000000303	5.71399
38.900000000000304	2.857
39.000000000000306	2.857
39.100000000000307	5.19763
39.200000000000308	4.65348
39.30000000000031	10.0215
39.400000000000311	7.15522
39.500000000000313	4.56737
39.600000000000314	9.25072
39.700000000000315	14.7664
39.800000000000317	4.26193
39.900000000000318	8.05048
40.00000000000032	13.4658
40.100000000000321	8.27154
40.200000000000323	6.96677
40.300000000000324	6.76206
40.400000000000325	5.87968
40.500000000000327	4.38677
40.600000000000328	8.48013
40.70000000000033	6.01136
40.800000000000331	5.07275
40.900000000000333	9.81837
41.000000000000334	6.64651
41.100000000000335	10.9855
41.200000000000337	7.34167
41.300000000000338	12.9797
41.40000000000034	9.31905
41.500000000000341	3.82281
41.600000000000342	8.68613
41.700000000000344	14.2107
41.800000000000345	20.0071
41.900000000000347	11.3854
42.000000000000348	9.64048
42.10000000000035	3.92843
42.200000000000351	4.13573
42.300000000000352	9.26949
42.400000000000354	6.5655
42.500000000000355	5.69343
42.600000000000357	4.02384
42.700000000000358	2.9402
42.80000000000036	7.97932
42.900000000000361	2.98984
43.000000000000362	3.45693
43.100000000000364	8.29722
43.200000000000365	6.36513
43.300000000000367	4.10792
43.400000000000368	4.54897
43.500000000000369	3.35743
43.600000000000371	8.01005
43.700000000000372	7.11519
43.800000000000374	5.64677
43.900000000000375	4.29059
44.000000000000377	9.44507
44.100000000000378	4.18051
44.200000000000379	4.3907
44.300000000000381	4.18715
44.400000000000382	9.39961
44.500000000000384	7.60878
44.600000000000385	13.0551
44.700000000000387	4.30867
44.800000000000388	9.12831
44.900000000000389	14.6903
45.000000000000391	20.3502
45.100000000000392	12.6173
45.200000000000394	9.95677
45.300000000000395	7.81469
45.400000000000396	6.48268
45.500000000000398	6.15805
45.600000000000399	11.6
45.700000000000401	8.32048
45.800000000000402	6.18065
45.900000000000404	11.6119
46.000000000000405	7.26716
46.100000000000406	7.05218
46.200000000000408	12.3408
46.300000000000409	18.0188
46.400000000000411	5.98863
46.500000000000412	4.49567
46.600000000000414	5.18209
46.700000000000415	4.29422
46.800000000000416	5.23405
46.900000000000418	3.80043
47.000000000000419	3.57379
47.100000000000421	5.21154
47.200000000000422	5.25382
47.300000000000423	5.33061
47.400000000000425	10.7295
47.500000000000426	8.12545
47.600000000000428	3.17755
47.700000000000429	7.27643
47.800000000000431	7.09582
47.900000000000432	12.5269
48.000000000000433	9.95566
48.100000000000435	7.97626
48.200000000000436	5.87388
48.300000000000438	4.38484
48.400000000000439	4.99443
48.500000000000441	10.1816
48.600000000000442	3.02306
48.700000000000443	3.02306
48.800000000000445	2.9
48.900000000000446	7.96541
49.000000000000448	13.3404
49.100000000000449	9.65506
49.20000000000045	6.03802
49.300000000000452	4.93045
49.400000000000453	5.74101
49.500000000000455	4.84211
49.600000000000456	4.65975
49.700000000000458	5.71911
49.800000000000459	11.1076
49.90000000000046	2.8887
50.000000000000462	7.96153
50.100000000000463	7.12784
50.200000000000465	12.6246
50.300000000000466	9.28429
50.400000000000468	2.0307
50.500000000000469	3.54783
50.60000000000047	8.80416
50.700000000000472	6.99963
50.800000000000473	5.0901
50.900000000000475	4.12134
51.000000000000476	9.37119
51.100000000000477	7.0408
51.200000000000479	5.70215
51.30000000000048	8.65659
51.400000000000482	7.15863
51.500000000000483	7.58806
51.600000000000485	3.35796
51.700000000000486	3.61723
51.800000000000487	8.83139
51.900000000000489	14.2996
52.00000000000049	5.42755
52.100000000000492	10.9621
52.200000000000493	5.10499
52.300000000000495	10.4299
52.400000000000496	7.73269
52.500000000000497	5.00134
52.600000000000499	5.04534
52.7000000000005	4.69667
52.800000000000502	4.03331
52.900000000000503	9.22539
53.000000000000504	6.77299
53.100000000000506	5.32
53.200000000000507	6.32239
53.300000000000509	11.8577
53.40000000000051	7.99678
53.500000000000512	6.25296
53.600000000000513	4.67723
53.700000000000514	9.82997
53.800000000000516	6.8799
53.900000000000517	12.2439
54.000000000000519	6.96496
54.10000000000052	12.0442
54.200000000000522	17.6478
54.300000000000523	23.3608
54.400000000000524	12.5678
54.500000000000526	12.5678
54.600000000000527	3
54.700000000000529	5.08223
54.80000000000053	4.62251
54.900000000000531	10.0075
55.000000000000533	7.22111
55.100000000000534	7.08203
55.200000000000536	6.55864
55.300000000000537	5.64719
55.400000000000539	8.96425
55.50000000000054	8.03622
55.600000000000541	13.3826
55.700000000000543	9.05294
55.800000000000544	14.5751
55.900000000000546	11.8539
56.000000000000547	4.29762
56.100000000000549	9.44819
56.20000000000055	7.12279
56.300000000000551	5.59439
56.400000000000553	8.22723
56.500000000000554	13.7915
56.600000000000556	3.91732
56.700000000000557	4.01698
56.800000000000558	4.4662
56.90000000000056	9.83599
57.000000000000561	6.46182
57.100000000000563	11.3279
57.20000000000056