10	18.0616
10.1	19.0335
10.199999999999999	20.0081
10.299999999999999	10.3967
10.399999999999999	11.4098
10.499999999999998	12.3395
10.599999999999998	13.2792
10.699999999999998	14.2269
10.799999999999997	16.141
10.899999999999997	17.1053
10.999999999999996	18.0733
11.099999999999996	19.0446
11.199999999999996	20.9951
11.299999999999995	21.928
11.399999999999995	22.8666
11.499999999999995	23.8101
11.599999999999994	25.7099
11.699999999999994	26.6652
11.799999999999994	27.5148
11.899999999999993	13.7574
11.999999999999993	14.6057
12.099999999999993	15.2108
12.199999999999992	16.1687
12.299999999999992	17.1314
12.399999999999991	18.0981
12.499999999999991	20.041
12.599999999999991	21.0164
12.69999999999999	21.994
12.79999999999999	22.7546
12.89999999999999	11.3773
12.999999999999989	11.3773
13.099999999999989	1
13.199999999999989	2
13.299999999999988	5.2
13.399999999999988	6.09935
13.499999999999988	7.30649
13.599999999999987	7.83937
13.699999999999987	4.17481
13.799999999999986	5.06227
13.899999999999986	6.31276
13.999999999999986	7.21008
14.099999999999985	3.60504
14.199999999999985	3.60504
14.299999999999985	4.38155
14.399999999999984	5.23254
14.499999999999984	6.12698
14.599999999999984	7.04852
14.699999999999983	7.98798
14.799999999999983	9.69551
14.899999999999983	10.5873
14.999999999999982	11.4967
15.099999999999982	12.4198
15.199999999999982	14.2966
15.299999999999981	7.38962
15.399999999999981	7.38962
15.49999999999998	7.38962
15.59999999999998	3.63333
15.69999999999998	4.40454
15.799999999999979	5.44207
15.899999999999979	6.306
15.999999999999979	8.00038
16.09999999999998	8.95093
16.199999999999982	10.0116
16.299999999999983	10.9692
16.399999999999984	12.5082
16.499999999999986	13.436
16.599999999999987	14.5811
16.699999999999989	15.5136
16.79999999999999	17.1689
16.899999999999991	18.1336
16.999999999999993	19.2584
17.099999999999994	20.2222
17.199999999999996	21.1892
17.299999999999997	23.0014
17.399999999999999	11.5658
17.5	11.5658
17.600000000000001	11.5658
17.700000000000003	2
17.800000000000004	3
17.900000000000006	4
18.000000000000007	5.93074
18.100000000000009	7.5777
18.20000000000001	8.45768
18.300000000000011	9.36133
18.400000000000013	10.2825
18.500000000000014	5.42639
18.600000000000016	5.42639
18.700000000000017	5.42639
18.800000000000018	1
18.90000000000002	4.09525
19.000000000000021	4.99753
19.100000000000023	6.09735
19.200000000000024	7.02286
19.300000000000026	7.96541
19.400000000000027	3.9827
19.500000000000028	4.6937
19.60000000000003	5.11055
19.700000000000031	5.11055
19.800000000000033	1
19.900000000000034	2
20.000000000000036	3.55301
20.100000000000037	4.33944
20.200000000000038	5.19763
20.30000000000004	6.09735
20.400000000000041	7.96541
20.500000000000043	8.80618
20.600000000000044	9.5725
20.700000000000045	4.78625
20.800000000000047	6.09543
20.900000000000048	7.02121
21.00000000000005	3.65161
21.100000000000051	3.92547
21.200000000000053	5.45402
21.300000000000054	6.31627
21.400000000000055	7.21315
21.500000000000057	8.1333
21.600000000000058	9.06975
21.70000000000006	10.9751
21.800000000000061	11.8545
21.900000000000063	12.7516
22.000000000000064	13.6628
22.100000000000065	15.5177
22.200000000000067	16.4578
22.300000000000068	17.1727
22.40000000000007	8.58634
22.500000000000071	8.58634
22.600000000000072	9.26291
22.700000000000074	10.193
22.800000000000075	11.1349
22.900000000000077	13.044
23.000000000000078	13.936
23.10000000000008	14.8417
23.200000000000081	15.7586
23.300000000000082	8.19106
23.400000000000084	8.19106
23.500000000000085	8.19106
23.600000000000087	9.1215
23.700000000000088	10.0648
23.80000000000009	11.9781
23.900000000000091	12.8665
24.000000000000092	13.7701
24.100000000000094	14.686
24.200000000000095	16.5469
24.300000000000097	17.4887
24.400000000000098	8.74435
24.500000000000099	8.74435
24.600000000000101	8.74435
24.700000000000102	2
24.800000000000104	4.25
24.900000000000105	4.70824
25.000000000000107	6.67249
25.100000000000108	6.67249
25.200000000000109	1
25.300000000000111	2
25.400000000000112	3.33333
25.500000000000114	3.90856
25.600000000000115	5.62582
25.700000000000117	6.46458
25.800000000000118	7.343
25.900000000000119	8.00038
26.000000000000121	8.95093
26.100000000000122	10.691
26.200000000000124	11.5922
26.300000000000125	12.5082
26.400000000000126	13.436
26.500000000000128	7.11662
26.600000000000129	7.11662
26.700000000000131	7.92177
26.800000000000132	8.76678
26.900000000000134	10.5376
27.000000000000135	11.451
27.100000000000136	12.3775
27.200000000000138	6.38817
27.300000000000139	6.54471
27.400000000000141	3.27235
27.500000000000142	3.57794
27.600000000000144	4.35959
27.700000000000145	4.35959
27.800000000000146	1
27.900000000000148	2.9
28.000000000000149	3.55301
28.100000000000151	4.33944
28.200000000000152	4.99753
28.300000000000153	5.75491
28.400000000000155	6.87746
28.500000000000156	7.70809
28.600000000000158	3.91891
28.700000000000159	4.17408
28.800000000000161	4.17408
28.900000000000162	1
29.000000000000163	2.5
29.100000000000165	3.55301
29.200000000000166	3.83446
29.300000000000168	1.91723
29.400000000000169	3.56677
29.500000000000171	4.35055
29.600000000000172	5.20683
29.700000000000173	6.10515
29.800000000000175	3.13447
29.900000000000176	3.13447
30.000000000000178	3.13447
30.100000000000179	4.01023
30.20000000000018	5.69569
30.300000000000182	6.52524
30.400000000000183	7.39631
30.500000000000185	3.89738
30.600000000000186	4.15396
30.700000000000188	5.43418
30.800000000000189	6.29923
30.90000000000019	3.14961
31.000000000000192	3.14961
31.100000000000193	4.50462
31.200000000000195	5.33521
31.300000000000196	5.87904
31.400000000000198	2.93952
31.500000000000199	3.27971
31.6000000000002	3.27971
31.700000000000202	1
31.800000000000203	1
31.900000000000205	1
32.000000000000206	1
32.100000000000207	1
32.200000000000209	2
32.30000000000021	2.9
32.400000000000212	3.55301
32.500000000000213	5.19763
32.600000000000215	6.09735
32.700000000000216	7.02286
32.800000000000217	7.96541
32.900000000000219	9.67696
33.00000000000022	10.5704
33.100000000000222	11.3049
33.200000000000223	5.65243
33.300000000000225	4.65243
33.400000000000226	6.6418
33.500000000000227	3.3209
33.600000000000229	3.3209
33.70000000000023	3.3209
33.800000000000232	4.39534
33.900000000000233	5.244
34.000000000000234	5.6187
34.100000000000236	5.6187
34.200000000000237	2.80935
34.300000000000239	2.80935
34.40000000000024	3.48123
34.500000000000242	4.28175
34.600000000000243	6.057
34.700000000000244	6.98799
34.800000000000246	3.49399
34.900000000000247	3.49399
35.000000000000249	4.95667
35.10000000000025	5.35227
35.200000000000252	5.53911
35.300000000000253	2.76955
35.400000000000254	3.13062
35.500000000000256	4.9265
35.600000000000257	5.69366
35.700000000000259	6.52347
35.80000000000026	7.25695
35.900000000000261	8.99331
36.000000000000263	4.49665
36.100000000000264	4.49665
36.200000000000266	4.93095
36.300000000000267	5.69749
36.400000000000269	2.84875
36.50000000000027	2.84875
36.600000000000271	2.84875
36.700000000000273	4.30666
36.800000000000274	4.9693
36.900000000000276	5.55037
37.000000000000277	6.39929
37.100000000000279	8.19762
37.20000000000028	8.79041
37.300000000000281	4.39521
37.400000000000283	4.39521
37.500000000000284	4.39521
37.600000000000286	2
37.700000000000287	2.5
37.800000000000288	3.55301
37.90000000000029	4.33944
38.000000000000291	5.92867
38.100000000000293	6.72885
38.200000000000294	7.57609
38.300000000000296	8.45624
38.400000000000297	9.98374
38.500000000000298	4.99187
38.6000000000003	4.99187
38.700000000000301	5.38479
38.800000000000303	6.87339
38.900000000000304	7.30099
39.000000000000306	7.83425
39.100000000000307	3.98095
39.200000000000308	3.98095
39.30000000000031	4.69222
39.400000000000311	5.49343
39.500000000000313	6.35019
39.600000000000314	7.24278
39.700000000000315	9.09325
39.800000000000317	10.0393
39.900000000000318	10.9945
40.00000000000032	11.8725
40.100000000000321	6.02016
40.200000000000323	6.02016
40.300000000000324	6.50545
40.400000000000325	7.3789
40.500000000000327	9.20166
40.600000000000328	10.1375
40.70000000000033	10.9014
40.800000000000331	5.45071
40.900000000000333	7.06921
41.000000000000334	7.75026
41.100000000000335	3.87513
41.200000000000337	3.87513
41.300000000000338	5.22721
41.40000000000034	6.12245
41.500000000000341	3.14289
41.600000000000342	3.46107
41.700000000000344	4.26563
41.800000000000345	5.51896
41.900000000000347	2.75948
42.000000000000348	3.44219
42.10000000000035	4.25057
42.200000000000351	6.03532
42.300000000000352	6.96927
42.400000000000354	7.65938
42.500000000000355	3.82969
42.600000000000357	4.99393
42.700000000000358	5.75179
42.80000000000036	6.57408
42.900000000000361	7.43932
43.000000000000362	4.04438
43.100000000000364	4.74566
43.200000000000365	5.53885
43.300000000000367	6.06389
43.400000000000368	3.03195
43.500000000000369	3.65923
43.600000000000371	4.42565
43.700000000000372	5.26922
43.800000000000374	5.99126
43.900000000000375	7.49141
44.000000000000377	8.38059
44.100000000000378	9.29184
44.200000000000379	9.71509
44.300000000000381	4.85755
44.400000000000382	4.85755
44.500000000000384	1
44.600000000000385	3.24483
44.700000000000387	4.56988
44.800000000000388	5.39003
44.900000000000389	6.5768
45.000000000000391	7.44171
45.100000000000392	8.80618
45.200000000000394	9.67696
45.300000000000395	4.94127
45.400000000000396	5.33807
45.500000000000398	6.53454
45.600000000000399	3.26727
45.700000000000401	3.26727
45.800000000000402	3.26727
45.900000000000404	4.11271
46.000000000000405	5.94055
46.100000000000406	6.73928
46.200000000000408	7.58533
46.300000000000409	8.0996
46.400000000000411	3.0498
46.500000000000412	4.75024
46.600000000000414	5.54275
46.700000000000415	6.39272
46.800000000000416	8.19252
46.900000000000418	8.67032
47.000000000000419	4.33516
47.100000000000421	4.33516
47.200000000000422	5.75172
47.300000000000423	6.09434
47.400000000000425	3.04717
47.500000000000426	3.04717
47.600000000000428	4.43576
47.700000000000429	5.27765
47.800000000000431	5.99864
47.900000000000432	6.63977
48.000000000000433	7.49729
48.100000000000435	4.25254
48.200000000000436	4.25254
48.300000000000438	4.25254
48.400000000000439	1
48.500000000000441	3.55301
48.600000000000442	4.33944
48.700000000000443	5.39003
48.800000000000445	6.26135
48.900000000000446	3.36442
49.000000000000448	3.36442
49.100000000000449	3.93475
49.20000000000045	4.65348
49.300000000000452	2.63544
49.400000000000453	3.01488
49.500000000000455	3.9197
49.600000000000456	4.17482
49.700000000000458	2.08741
49.800000000000459	2.08741
49.90000000000046	2.95611
50.000000000000462	3.2944
50.100000000000463	3.2944
50.200000000000465	2.6472
50.300000000000466	3.02496
50.400000000000468	3.02496
50.500000000000469	1.51248
50.60000000000047	3.25408
50.700000000000472	4.10244
50.800000000000473	5.00336
50.900000000000475	5.93356
51.000000000000476	7.57989
51.100000000000477	8.45964
51.200000000000479	9.3631
51.30000000000048	10.2841
51.400000000000482	12.0799
51.500000000000483	12.727
51.600000000000485	6.36349
51.700000000000486	6.36349
51.800000000000487	6.52063
51.900000000000489	3.26032
52.00000000000049	3.26032
52.100000000000492	3.26032
52.200000000000493	3.56704
52.300000000000495	5.20701
52.400000000000496	6.1053
52.500000000000497	7.02975
52.600000000000499	7.97146
52.7000000000005	4.57392
52.800000000000502	4.79255
52.900000000000503	5.57883
53.000000000000504	6.4239
53.100000000000506	8.21675
53.200000000000507	9.14454
53.300000000000509	10.0857
53.40000000000051	10.8533
53.500000000000512	5.42667
53.600000000000513	5.78917
53.700000000000514	2.89458
53.800000000000516	3.24006
53.900000000000517	4.99453
54.000000000000519	5.57287
54.10000000000052	6.41874
54.200000000000522	7.30279
54.300000000000523	7.83593
54.400000000000524	3.91796
54.500000000000526	4.41282
54.600000000000527	5.25854
54.700000000000529	5.44871
54.80000000000053	2.72436
54.900000000000531	3.41489
55.000000000000533	3.41489
55.100000000000534	1
55.200000000000536	2
55.300000000000537	2.9
55.400000000000539	4.33944
55.50000000000054	4.78871
55.600000000000541	2.39435
55.700000000000543	2.812
55.800000000000544	4.28342
55.900000000000546	5.15136
56.000000000000547	6.05816
56.100000000000549	6.98899
56.20000000000055	8.66387
56.300000000000551	9.5478
56.400000000000553	10.3558
56.500000000000554	11.284
56.600000000000556	5.