10	1
10.1	1
10.199999999999999	1
10.299999999999999	1
10.399999999999999	1
10.499999999999998	1
10.599999999999998	1
10.699999999999998	1
10.799999999999997	1
10.899999999999997	1
10.999999999999996	1
11.099999999999996	1
11.199999999999996	1
11.299999999999995	1
11.399999999999995	1
11.499999999999995	1
11.599999999999994	1
11.699999999999994	1
11.799999999999994	1
11.899999999999993	1
11.999999999999993	1
12.099999999999993	1
12.199999999999992	1
12.299999999999992	1
12.399999999999991	1
12.499999999999991	1
12.599999999999991	1
12.69999999999999	1
12.79999999999999	1
12.89999999999999	1
12.999999999999989	1
13.099999999999989	1
13.199999999999989	1
13.299999999999988	1
13.399999999999988	1
13.499999999999988	1
13.599999999999987	1
13.699999999999987	1
13.799999999999986	1
13.899999999999986	1
13.999999999999986	1
14.099999999999985	1
14.199999999999985	1
14.299999999999985	1
14.399999999999984	1
14.499999999999984	1
14.599999999999984	1
14.699999999999983	1
14.799999999999983	1
14.899999999999983	1
14.999999999999982	1
15.099999999999982	1
15.199999999999982	1
15.299999999999981	1
15.399999999999981	1
15.49999999999998	1
15.59999999999998	1
15.69999999999998	1
15.799999999999979	1
15.899999999999979	1
15.999999999999979	1
16.09999999999998	1
16.199999999999982	1
16.299999999999983	1
16.399999999999984	1
16.499999999999986	1
16.599999999999987	1
16.699999999999989	1
16.79999999999999	1
16.899999999999991	1
16.999999999999993	1
17.099999999999994	1
17.199999999999996	1
17.299999999999997	1
17.399999999999999	1
17.5	1
17.600000000000001	1
17.700000000000003	1
17.800000000000004	1
17.900000000000006	1
18.000000000000007	1
18.100000000000009	1
18.20000000000001	1
18.300000000000011	1
18.400000000000013	1
18.500000000000014	1
18.600000000000016	1
18.700000000000017	1
18.800000000000018	1
18.90000000000002	1
19.000000000000021	1
19.100000000000023	1
19.200000000000024	1
19.300000000000026	1
19.400000000000027	1
19.500000000000028	1
19.60000000000003	1
19.700000000000031	1
19.800000000000033	1
19.900000000000034	1
20.000000000000036	1
20.100000000000037	1
20.200000000000038	1
20.30000000000004	1
20.400000000000041	1
20.500000000000043	1
20.600000000000044	1
20.700000000000045	1
20.800000000000047	1
20.900000000000048	1
21.00000000000005	1
21.100000000000051	1
21.200000000000053	1
21.300000000000054	1
21.400000000000055	1
21.500000000000057	1
21.600000000000058	1
21.70000000000006	1
21.800000000000061	1
21.900000000000063	1
22.000000000000064	1
22.100000000000065	1
22.200000000000067	1
22.300000000000068	1
22.40000000000007	1
22.500000000000071	1
22.600000000000072	1
22.700000000000074	1
22.800000000000075	1
22.900000000000077	1
23.000000000000078	1
23.10000000000008	1
23.200000000000081	1
23.300000000000082	1
23.400000000000084	1
23.500000000000085	1
23.600000000000087	1
23.700000000000088	1
23.80000000000009	1
23.900000000000091	1
24.000000000000092	1
24.100000000000094	1
24.200000000000095	1
24.300000000000097	1
24.400000000000098	1
24.500000000000099	1
24.600000000000101	1
24.700000000000102	1
24.800000000000104	1
24.900000000000105	1
25.000000000000107	1
25.100000000000108	1
25.200000000000109	1
25.300000000000111	1
25.400000000000112	1
25.500000000000114	1
25.600000000000115	1
25.700000000000117	1
25.800000000000118	1
25.900000000000119	1
26.000000000000121	1
26.100000000000122	1
26.200000000000124	1
26.300000000000125	1
26.400000000000126	1
26.500000000000128	1
26.600000000000129	1
26.700000000000131	1
26.800000000000132	16.325
26.900000000000134	37.7537
27.000000000000135	15.8152
27.100000000000136	42.0369
27.200000000000138	73.8083
27.300000000000139	98.9947
27.400000000000141	27.0742
27.500000000000142	15.5503
27.600000000000144	32.1703
27.700000000000145	14.6108
27.800000000000146	36.992
27.900000000000148	69.145
28.000000000000149	16.3097
28.100000000000151	46.5516
28.200000000000152	21.368
28.300000000000153	54.5301
28.400000000000155	20.2786
28.500000000000156	25.535
28.600000000000158	38.4589
28.700000000000159	70.7227
28.800000000000161	18.3609
28.900000000000162	51.4213
29.000000000000163	81.7717
29.100000000000165	27.0742
29.200000000000166	60.2811
29.300000000000168	88.5336
29.400000000000169	109.829
29.500000000000171	18.3609
29.600000000000172	50.4394
29.700000000000173	16.508
29.800000000000175	49.3113
29.900000000000176	80.2253
30.000000000000178	16.3097
30.100000000000179	36.7535
30.20000000000018	69.939
30.300000000000182	32.1559
30.400000000000183	36.8282
30.500000000000185	42.2036
30.600000000000186	49.1787
30.700000000000188	80.0189
30.800000000000189	103.708
30.90000000000019	19.2918
31.000000000000192	25.5888
31.100000000000193	18.5456
31.200000000000195	50.6453
31.300000000000196	81.1136
31.400000000000198	104.555
31.500000000000199	123.109
31.6000000000002	139.212
31.700000000000202	16.2943
31.800000000000203	34.8176
31.900000000000205	30.8418
32.000000000000206	64.1245
32.100000000000207	91.3034
32.200000000000209	16.325
32.30000000000021	42.6786
32.400000000000212	16.4011
32.500000000000213	48.4157
32.600000000000215	79.7031
32.700000000000216	32.6193
32.800000000000217	33.8635
32.900000000000219	13.8999
33.00000000000022	22.3324
33.100000000000222	54.531
33.200000000000223	21.2548
33.300000000000225	54.394
33.400000000000226	84.102
33.500000000000227	106.289
33.600000000000229	125.098
33.70000000000023	140.974
33.800000000000232	16.3097
33.900000000000233	29.1682
34.000000000000234	30.3792
34.100000000000236	18.2866
34.200000000000237	51.1608
34.300000000000239	20.2902
34.40000000000024	11.9449
34.500000000000242	44.6318
34.600000000000243	28.369
34.700000000000244	60.7253
34.800000000000246	89.5542
34.900000000000247	19.4339
35.000000000000249	51.5621
35.10000000000025	16.2943
35.200000000000252	45.5031
35.300000000000253	16.0953
35.400000000000254	47.2455
35.500000000000256	19.5544
35.600000000000257	51.7044
35.700000000000259	28.0571
35.80000000000026	61.2698
35.900000000000261	17.5091
36.000000000000263	49.5743
36.100000000000264	16.279
36.200000000000266	30.3155
36.300000000000267	19.8709
36.400000000000269	25.3564
36.50000000000027	32.3984
36.600000000000271	64.8564
36.700000000000273	17.7401
36.800000000000274	49.8171
36.900000000000276	80.4128
37.000000000000277	16.3403
37.100000000000279	45.5415
37.20000000000028	15.6293
37.300000000000281	30.6147
37.400000000000283	40.0828
37.500000000000284	15.9161
37.600000000000286	27.7266
37.700000000000287	33.3108
37.800000000000288	65.7441
37.90000000000029	92.8258
38.000000000000291	113.573
38.100000000000293	130.855
38.200000000000294	22.1881
38.300000000000296	27.556
38.400000000000297	15.3141
38.500000000000298	47.2615
38.6000000000003	17.201
38.700000000000301	49.2435
38.800000000000303	80.0588
38.900000000000304	24.1329
39.000000000000306	56.3138
39.100000000000307	17.6091
39.200000000000308	50.6472
39.30000000000031	81.1148
39.400000000000311	21.2548
39.500000000000313	54.394
39.600000000000314	32
39.700000000000315	31.9402
39.800000000000317	43.6519
39.900000000000318	17.1073
40.00000000000032	49.1296
40.100000000000321	80.7354
40.200000000000323	21.2313
40.300000000000324	53.3825
40.400000000000325	16.3403
40.500000000000327	39.6975
40.600000000000328	71.7669
40.70000000000033	28.0365
40.800000000000331	38.1796
40.900000000000333	32.5886
41.000000000000334	33.8561
41.100000000000335	67.1336
41.200000000000337	32
41.300000000000338	31.9402
41.40000000000034	21.2277
41.500000000000341	11.7726
41.600000000000342	42.4721
41.700000000000344	16.2943
41.800000000000345	34.8176
41.900000000000347	67.1336
42.000000000000348	94.1236
42.10000000000035	23.2132
42.200000000000351	55.4051
42.300000000000352	28.2039
42.400000000000354	60.4832
42.500000000000355	88.6713
42.600000000000357	110.521
42.700000000000358	128.215
42.80000000000036	22.1656
42.900000000000361	55.3012
43.000000000000362	32
43.100000000000364	22.1656
43.200000000000365	38.0959
43.300000000000367	19.1383
43.400000000000368	11.263
43.500000000000369	29.5372
43.600000000000371	62.9699
43.700000000000372	27.1019
43.800000000000374	37.1796
43.900000000000375	21.5072
44.000000000000377	38.2609
44.100000000000378	70.5302
44.200000000000379	22.3005
44.300000000000381	54.4812
44.400000000000382	84.1584