10	1
10.1	1
10.199999999999999	1
10.299999999999999	1
10.399999999999999	1
10.499999999999998	1
10.599999999999998	1
10.699999999999998	1
10.799999999999997	1
10.899999999999997	1
10.999999999999996	1
11.099999999999996	1
11.199999999999996	1
11.299999999999995	1
11.399999999999995	1
11.499999999999995	1
11.599999999999994	1
11.699999999999994	1
11.799999999999994	1
11.899999999999993	1
11.999999999999993	1
12.099999999999993	1
12.199999999999992	1
12.299999999999992	1
12.399999999999991	1
12.499999999999991	1
12.599999999999991	1
12.69999999999999	1
12.79999999999999	1
12.89999999999999	1
12.999999999999989	1
13.099999999999989	1
13.199999999999989	1
13.299999999999988	1
13.399999999999988	1
13.499999999999988	1
13.599999999999987	1
13.699999999999987	1
13.799999999999986	1
13.899999999999986	1
13.999999999999986	1
14.099999999999985	1
14.199999999999985	1
14.299999999999985	1
14.399999999999984	1
14.499999999999984	1
14.599999999999984	1
14.699999999999983	1
14.799999999999983	1
14.899999999999983	1
14.999999999999982	1
15.099999999999982	1
15.199999999999982	1
15.299999999999981	1
15.399999999999981	1
15.49999999999998	1
15.59999999999998	1
15.69999999999998	1
15.799999999999979	2
15.899999999999979	8
15.999999999999979	16
16.09999999999998	32
16.199999999999982	61
16.299999999999983	30.5
16.399999999999984	30.5
16.499999999999986	30.5
16.599999999999987	2
16.699999999999989	4
16.79999999999999	7
16.899999999999991	10
16.999999999999993	15.3304
17.099999999999994	17.2377
17.199999999999996	18.1987
17.299999999999997	19.1636
17.399999999999999	20.1319
17.5	21.1031
17.600000000000001	22.0768
17.700000000000003	24.0306
17.800000000000004	25.0102
17.900000000000006	25.9914
18.000000000000007	13.2247
18.100000000000009	13.2247
18.20000000000001	13.2247
18.300000000000011	2
18.400000000000013	3
18.500000000000014	4
18.600000000000016	6.64099
18.700000000000017	7.49836
18.800000000000018	8.3868
18.90000000000002	10.2244
19.000000000000021	11.1636
19.100000000000023	12.1123
19.200000000000024	13.0684
19.300000000000026	14.0305
19.400000000000027	14.9974
19.500000000000028	16.8237
19.60000000000003	17.7508
19.700000000000031	18.6853
19.800000000000033	19.6263
19.900000000000034	20.5728
20.000000000000036	21.524
20.100000000000037	23.4386
20.200000000000038	24.3188
20.30000000000004	25.2873
20.400000000000041	26.258
20.500000000000043	27.2309
20.600000000000044	28.2056
20.700000000000045	30.1599
20.800000000000047	15.3756
20.900000000000048	15.3756
21.00000000000005	15.3756
21.100000000000051	15.4407
21.200000000000053	7.72034
21.300000000000054	8.70197
21.400000000000055	9.58234
21.500000000000057	10.4839
21.600000000000058	11.4016
21.70000000000006	12.3318
21.800000000000061	13.2721
21.900000000000063	15.1751
22.000000000000064	16.1352
22.100000000000065	16.9231
22.200000000000067	8.46156
22.300000000000068	9.36483
22.40000000000007	10.2856
22.500000000000071	12.164
22.600000000000072	13.1163
22.700000000000074	14.0751
22.800000000000075	15.0391
22.900000000000077	15.8185
23.000000000000078	16.6215
23.10000000000008	8.31077
23.200000000000081	9.00833
23.300000000000082	9.65504
23.400000000000084	4.82752
23.500000000000085	4.82752
23.600000000000087	4.82752
23.700000000000088	6.29081
23.80000000000009	7.19093
23.900000000000091	8.11365
24.000000000000092	9.05215
24.100000000000094	10.0021
24.200000000000095	10.9606
24.300000000000097	12.7391
24.400000000000098	13.6512
24.500000000000099	14.5746
24.600000000000101	15.5075
24.700000000000102	16.4481
24.800000000000104	17.3953
24.900000000000105	19.3055
25.000000000000107	20.267
25.100000000000108	21.09
25.200000000000109	22.0643
25.300000000000111	23.0408
25.400000000000112	11.5204
25.500000000000114	12.2794
25.600000000000115	13.2234
25.700000000000117	14.1749
25.800000000000118	15.1325
25.900000000000119	16.0952
26.000000000000121	17.062
26.100000000000122	19.0058
26.200000000000124	19.9818
26.300000000000125	20.9121
26.400000000000126	21.8027
26.500000000000128	22.7465
26.600000000000129	23.6948
26.700000000000131	25.6031
26.800000000000132	26.4112
26.900000000000134	13.2056
27.000000000000135	13.2056
27.100000000000136	13.2056
27.200000000000138	1
27.300000000000139	7.63173
27.400000000000141	8.50603
27.500000000000142	9.51131
27.600000000000144	10.419
27.700000000000145	11.342
27.800000000000146	12.2769
27.900000000000148	14.1018
28.000000000000149	15.0641
28.100000000000151	16.0933
28.200000000000152	17.0602
28.300000000000153	18.0307
28.400000000000155	19.0042
28.500000000000156	20.7665
28.600000000000158	21.7093
28.700000000000159	22.7891
28.800000000000161	23.7357
28.900000000000162	24.6865
29.000000000000163	25.641
29.100000000000165	27.4505
29.200000000000166	28.4176
29.300000000000168	29.455
29.400000000000169	30.4242
29.500000000000171	31.3952
29.600000000000172	32.3681
29.700000000000173	34.2016
29.800000000000175	35.182
29.900000000000176	36.2465
30.000000000000178	37.2268
30.100000000000179	38.2081
30.20000000000018	39.1904
30.300000000000182	41.0601
30.400000000000183	42.047
30.500000000000185	43.1275
30.600000000000186	44.1135
30.700000000000188	45.1002
30.800000000000189	22.8694
30.90000000000019	22.8694
31.000000000000192	22.8694
31.100000000000193	2
31.200000000000195	3
31.300000000000196	8
31.400000000000198	11.4473
31.500000000000199	13.3113
31.6000000000002	14.2569
31.700000000000202	15.2094
31.800000000000203	16.1674
31.900000000000205	17.1302
32.000000000000206	18.0969
32.100000000000207	19.99
32.200000000000209	9.99498
32.30000000000021	10.6755
32.400000000000212	11.5779
32.500000000000213	12.495
32.600000000000215	13.4237
32.700000000000216	15.3078
32.800000000000217	16.26
32.900000000000219	17.2176
33.00000000000022	18.1796
33.100000000000222	19.1455
33.200000000000223	20.1147
33.300000000000225	22.0611
33.400000000000226	11.0306
33.500000000000227	11.0306
33.600000000000229	11.8213
33.70000000000023	12.7207
33.800000000000232	13.634
33.900000000000233	15.4924
34.000000000000234	16.4339
34.100000000000236	8.36797
34.200000000000237	8.36797
34.300000000000239	8.36797
34.40000000000024	8.7215
34.500000000000242	10.5001
34.600000000000243	11.4164
34.700000000000244	5.75202
34.800000000000246	5.75202
34.900000000000247	6.09462
35.000000000000249	7.02051
35.10000000000025	8.80431
35.200000000000252	9.46513
35.300000000000253	4.73256
35.400000000000254	4.73256
35.500000000000256	5.14614
35.600000000000257	6.05375
35.700000000000259	7.80414
35.80000000000026	8.6608
35.900000000000261	9.54502
36.000000000000263	9.9574
36.100000000000264	4.9787
36.200000000000266	4.9787
36.300000000000267	5.73865
36.400000000000269	6.56263
36.50000000000027	7.42923
36.600000000000271	8.32515
36.700000000000273	9.24193
36.800000000000274	10.174
36.900000000000276	12.0699
37.000000000000277	12.7961
37.100000000000279	6.39805
37.20000000000028	7.28466
37.300000000000281	8.19666
37.400000000000283	9.12652
37.500000000000284	11.0219
37.600000000000286	11.9819
37.700000000000287	12.8701
37.800000000000288	13.7734
37.90000000000029	14.6892
38.000000000000291	15.6151
38.100000000000293	17.4913
38.200000000000294	18.4391
38.300000000000296	19.392
38.400000000000297	20.2012
38.500000000000298	21.1693
38.6000000000003	22.0948
38.700000000000301	24.0471
38.800000000000303	25.0261
38.900000000000304	26.0066
39.000000000000306	26.9885
39.100000000000307	27.9359
39.200000000000308	28.8868
39.30000000000031	30.0414
39.400000000000311	31.7576
39.500000000000313	32.7196
39.600000000000314	33.6839
39.700000000000315	17.1364
39.800000000000317	17.1364
39.900000000000318	1
40.00000000000032	2
40.100000000000321	6
40.200000000000323	8.95059
40.300000000000324	9.80842
40.400000000000325	10.6907
40.500000000000327	11.5919
40.600000000000328	13.1339
40.70000000000033	14.0914
40.800000000000331	15.3184
40.900000000000333	16.27
41.000000000000334	17.227
41.100000000000335	18.1886
41.200000000000337	19.7714
41.300000000000338	20.7112
41.40000000000034	21.932
41.500000000000341	10.966
41.600000000000342	10.966
41.700000000000344	11.7611
41.800000000000345	13.0548
41.900000000000347	14.0178
42.000000000000348	15.4466
42.10000000000035	16.3907
42.200000000000351	17.3411
42.300000000000352	18.2966
42.400000000000354	19.6172
42.500000000000355	20.5641
42.600000000000357	22.1576
42.700000000000358	23.1301
42.80000000000036	24.1048
42.900000000000361	25.0815
43.000000000000362	26.3274
43.100000000000364	27.2977
43.200000000000365	29.0039
43.300000000000367	29.9877
43.400000000000368	30.9401
43.500000000000369	31.8955
43.600000000000371	33.1566
43.700000000000372	34.1378
43.800000000000374	17.7724
43.900000000000375	17.7724
44.000000000000377	17.8847
44.100000000000378	18.8126
44.200000000000379	19.7475
44.300000000000381	20.6884
44.400000000000382	22.5853
44.500000000000384	23.5402
44.600000000000385	24.4986
44.700000000000387	12.532
44.800000000000388	12.532
44.900000000000389	12.6911
45.000000000000391	14.5327
45.100000000000392	15.4681
45.200000000000394	16.411
45.300000000000395	17.3602
45.400000000000396	18.3148
45.500000000000398	19.2739
45.600000000000399	21.2032
45.700000000000401	22.1726
45.800000000000402	23.1444
45.900000000000404	24.1186
46.000000000000405	25.0548
46.100000000000406	25.9958
46.200000000000408	27.8181
46.300000000000409	28.773
46.400000000000411	29.7307
46.500000000000412	30.6912
46.600000000000414	31.654
46.700000000000415	32.6191
46.800000000000416	34.4973
46.900000000000418	35.4696
47.000000000000419	36.4434
47.100000000000421	37.4185
47.200000000000422	38.3949
47.300000000000423	39.3725
47.400000000000425	20.349
47.500000000000426	21.3102
47.600000000000428	22.2749
47.700000000000429	11.5131
47.800000000000431	11.5999
47.900000000000432	12.5154
48.000000000000433	14.3796
48.100000000000435	15.3244
48.200000000000436	16.2757
48.300000000000438	17.2324
48.400000000000439	18.1937
48.500000000000441	19.1588
48.600000000000442	21.0988
48.700000000000443	22.0727
48.800000000000445	23.0488
48.900000000000446	24.0268
49.000000000000448	24.9665
49.100000000000449	25.872
49.20000000000045	27.7747
49.300000000000452	28.7309
49.400000000000453	29.6901
49.500000000000455	30.6518
49.600000000000456	31.5842
49.700000000000458	32.5514
49.800000000000459	34.4913
49.90000000000046	35.4638
50.000000000000462	36.4377
50.100000000000463	37.413
50.200000000000465	18.972
50.300000000000466	18.972
50.400000000000468	19.0773
50.500000000000469	19.9496
50.60000000000047	9.9748
50.700000000000472	10.7504
50.800000000000473	11.647
50.900000000000475	12.559
51.000000000000476	6.96117
51.100000000000477	6.96117
51.200000000000479	7.24557
51.30000000000048	8.16201
51.400000000000482	9.09546
51.500000000000483	10.0413
51.600000000000485	11.8741
51.700000000000486	12.7698
51.800000000000487	13.6798
51.900000000000489	14.6015
52.00000000000049	15.5327
52.100000000000492	16.4719
52.200000000000493	18.3693
52.300000000000495	19.3257
52.400000000000496	20.2368
52.500000000000497	21.2032
52.600000000000499	22.1725
52.7000000000005	23.1444
52.800000000000502	25.0947
52.900000000000503	26.0342
53.000000000000504	27.0152
53.100000000000506	27.9974
53.200000000000507	28.9463
53.300000000000509	29.8985
53.40000000000051	31.8117
53.500000000000512	32.7721
53.600000000000513	33.616
53.700000000000514	16.808
53.800000000000516	16.808
53.900000000000517	17.7359
54.000000000000519	19.6129
54.10000000000052	10.0086
54.200000000000522	10.1085
54.300000000000523	11.0576
54.400000000000524	12.0148
54.500000000000526	12.9781
54.600000000000527	14.7839
54.700000000000529	15.7042
54.80000000000053	16.6337
54.900000000000531	17.5709
55.000000000000533	18.5145
55.100000000000534	19.4638
55.200000000000536	10.2822
55.300000000000537	10.2822
55.400000000000539	10.2822
55.50000000000054	10.7596
55.600000000000541	11.6554
55.700000000000543	12.5668
55.800000000000544	14.4244
55.900000000000546	15.3664
56.000000000000547	16.3152
56.100000000000549	17.2697
56.20000000000055	18.229
56.300000000000551	19.1924
56.400000000000553	21.1293
56.500000000000554	22.0565
56.600000000000556	23.0333
56.700000000000557	24.0119
56.800000000000558	24.9923
56.90000000000056	25.9355
57.000000000000561	27.8338
57.100000000000563	28.7881
57.200000000000564	29.7454
57.300000000000566	30.7054
57.400000000000567	31.6678
57.500000000000568	32.6325
57.60000000000057	34.5679
57.700000000000571	17.