10	1
10.1	1
10.199999999999999	1
10.299999999999999	1
10.399999999999999	1
10.499999999999998	1
10.599999999999998	1
10.699999999999998	1
10.799999999999997	1
10.899999999999997	1
10.999999999999996	1
11.099999999999996	1
11.199999999999996	1
11.299999999999995	1
11.399999999999995	1
11.499999999999995	1
11.599999999999994	1
11.699999999999994	1
11.799999999999994	1
11.899999999999993	1
11.999999999999993	1
12.099999999999993	1
12.199999999999992	1
12.299999999999992	1
12.399999999999991	1
12.499999999999991	1
12.599999999999991	1
12.69999999999999	1
12.79999999999999	1
12.89999999999999	1
12.999999999999989	1
13.099999999999989	1
13.199999999999989	1
13.299999999999988	1
13.399999999999988	1
13.499999999999988	1
13.599999999999987	1
13.699999999999987	1
13.799999999999986	1
13.899999999999986	1
13.999999999999986	1
14.099999999999985	1
14.199999999999985	1
14.299999999999985	1
14.399999999999984	1
14.499999999999984	1
14.599999999999984	1
14.699999999999983	1
14.799999999999983	1
14.899999999999983	1
14.999999999999982	1
15.099999999999982	1
15.199999999999982	1
15.299999999999981	1
15.399999999999981	1
15.49999999999998	1
15.59999999999998	1
15.69999999999998	1
15.799999999999979	1
15.899999999999979	1
15.999999999999979	1
16.09999999999998	1
16.199999999999982	1
16.299999999999983	1
16.399999999999984	1
16.499999999999986	1
16.599999999999987	1
16.699999999999989	1
16.79999999999999	1
16.899999999999991	1
16.999999999999993	1
17.099999999999994	1
17.199999999999996	1
17.299999999999997	1
17.399999999999999	1
17.5	1
17.600000000000001	1
17.700000000000003	1
17.800000000000004	1
17.900000000000006	1
18.000000000000007	1
18.100000000000009	1
18.20000000000001	1
18.300000000000011	1
18.400000000000013	1
18.500000000000014	1
18.600000000000016	1
18.700000000000017	1
18.800000000000018	1
18.90000000000002	1
19.000000000000021	1
19.100000000000023	1
19.200000000000024	1
19.300000000000026	1
19.400000000000027	1
19.500000000000028	1
19.60000000000003	1
19.700000000000031	1
19.800000000000033	1
19.900000000000034	1
20.000000000000036	1
20.100000000000037	1
20.200000000000038	1
20.30000000000004	1
20.400000000000041	1
20.500000000000043	1
20.600000000000044	1
20.700000000000045	1
20.800000000000047	1
20.900000000000048	1
21.00000000000005	1
21.100000000000051	1
21.200000000000053	1
21.300000000000054	1
21.400000000000055	1
21.500000000000057	1
21.600000000000058	1
21.70000000000006	1
21.800000000000061	1
21.900000000000063	1
22.000000000000064	5
22.100000000000065	12
22.200000000000067	12
22.300000000000068	6.04167
22.40000000000007	6.04167
22.500000000000071	2
22.600000000000072	3.36253
22.700000000000074	2.90993
22.800000000000075	6.73291
22.900000000000077	5.31855
23.000000000000078	5.99289
23.10000000000008	3.53847
23.200000000000081	3.53847
23.300000000000082	2
23.400000000000084	5.75491
23.500000000000085	3.58263
23.600000000000087	3.58263
23.700000000000088	1
23.80000000000009	1
23.900000000000091	1
24.000000000000092	1
24.100000000000094	2.5
24.200000000000095	2.16972
24.300000000000097	2.16972
24.400000000000098	1
24.500000000000099	2.28494
24.600000000000101	6.01952
24.700000000000102	3.09283
24.800000000000104	3.09283
24.900000000000105	2.9
25.000000000000107	2.9
25.100000000000108	2.9
25.200000000000109	2.9
25.300000000000111	1
25.400000000000112	2.04763
25.500000000000114	1.46516
25.600000000000115	3.44641
25.700000000000117	7.79174
25.800000000000118	5.32447
25.900000000000119	3.91282
26.000000000000121	2.62739
26.100000000000122	2.085
26.200000000000124	2.085
26.300000000000125	2.085
26.400000000000126	3.55301
26.500000000000128	7.30482
26.600000000000129	2.09045
26.700000000000131	2.09045
26.800000000000132	2
26.900000000000134	2.536
27.000000000000135	6.58953
27.100000000000136	4.63047
27.200000000000138	5.8027
27.300000000000139	1.98752
27.400000000000141	7.05757
27.500000000000142	5.15244
27.600000000000144	6.05907
27.700000000000145	4.42405
27.800000000000146	4.65634
27.900000000000148	9.82023
28.000000000000149	5.11377
28.100000000000151	5.11377
28.200000000000152	2.9
28.300000000000153	3.37668
28.400000000000155	2.91389
28.500000000000156	2.96757
28.600000000000158	2.19163
28.700000000000159	2.19163
28.800000000000161	1
28.900000000000162	2.5
29.000000000000163	2.5
29.100000000000165	2.5
29.200000000000166	2.5
29.300000000000168	3.24483
29.400000000000169	3.04867
29.500000000000171	3.12237
29.600000000000172	6.82292
29.700000000000173	4.66012
29.800000000000175	4.66012
29.900000000000176	1
30.000000000000178	6.09735
30.100000000000179	4.40309
30.20000000000018	4.40309
30.300000000000182	2.5
30.400000000000183	2.78778
30.500000000000185	6.6839
30.600000000000186	5.05931
30.700000000000188	4.80221
30.800000000000189	6.58653
30.90000000000019	4.41724
31.000000000000192	9.17897
31.100000000000193	4.58949
31.200000000000195	4.58949
31.300000000000196	3.55301
31.400000000000198	2.04763
31.500000000000199	2.04763
31.6000000000002	2.5
31.700000000000202	2.5
31.800000000000203	2.5
31.900000000000205	2.5
32.000000000000206	2.9
32.100000000000207	3.13068
32.200000000000209	5.12951
32.30000000000021	4.13288
32.400000000000212	3.14279
32.500000000000213	3.14279
32.600000000000215	1
32.700000000000216	4.99753
32.800000000000217	3.2884
32.900000000000219	5.2241
33.00000000000022	4.57872
33.100000000000222	4.57872
33.200000000000223	1
33.300000000000225	5.39003
33.400000000000226	2.69501
33.500000000000227	2.69501
33.600000000000229	2
33.70000000000023	2
33.800000000000232	2
33.900000000000233	2
34.000000000000234	2.9
34.100000000000236	6.42106
34.200000000000237	4.1889
34.300000000000239	4.13707
34.40000000000024	2.89214
34.500000000000242	2.16719
34.600000000000243	5.80805
34.700000000000244	2.90402
34.800000000000246	2.90402
34.900000000000247	3.55301
35.000000000000249	3.34289
35.10000000000025	5.15605
35.200000000000252	9.55029
35.300000000000253	6.86354
35.400000000000254	5.26014
35.500000000000256	2.63007
35.600000000000257	2.63007
35.700000000000259	2.9
35.80000000000026	1.69501
35.900000000000261	1.69501
36.000000000000263	1
36.100000000000264	5.75491
36.200000000000266	4.10727
36.300000000000267	5.39904
36.400000000000269	5.50176
36.50000000000027	5.0141
36.600000000000271	3.29464
36.700000000000273	3.59817
36.800000000000274	3.59817
36.900000000000276	3.55301
37.000000000000277	7.44171
37.100000000000279	4.29882
37.20000000000028	3.15446
37.300000000000281	2.98881
37.400000000000283	2.49441
37.500000000000284	2.49441
37.600000000000286	2.9
37.700000000000287	1.77651
37.800000000000288	1.77651
37.90000000000029	2.9
38.000000000000291	3.24483
38.100000000000293	3.24483
38.200000000000294	2.9
38.300000000000296	4.97446
38.400000000000297	5.0281
38.500000000000298	3.32989
38.6000000000003	2.90083
38.700000000000301	2.90083
38.800000000000303	2
38.900000000000304	1.62241
39.000000000000306	3.33666
39.100000000000307	3.33666
39.200000000000308	4.33944
39.30000000000031	4.6383
39.400000000000311	4.70366
39.500000000000313	3.33465
39.600000000000314	3.03314
39.700000000000315	2.43365
39.800000000000317	2.43365
39.900000000000318	2
40.00000000000032	2.62241
40.100000000000321	2.62241
40.200000000000323	1
40.300000000000324	2.9
40.400000000000325	2.9
40.500000000000327	3.55301
40.600000000000328	3.04867
40.70000000000033	2.21838
40.800000000000331	2.21838
40.900000000000333	2.9
41.000000000000334	6.42106
41.100000000000335	3.2884
41.200000000000337	4.60014
41.300000000000338	2.30007
41.40000000000034	2.30007
41.500000000000341	3.55301
41.600000000000342	7.16526
41.700000000000344	5.01819
41.800000000000345	3.72772
41.900000000000347	3.01616
42.000000000000348	3.01616
42.10000000000035	3.01616
42.200000000000351	4.33944
42.300000000000352	3.91891
42.400000000000354	3.91891
42.500000000000355	1
42.600000000000357	5.75491
42.700000000000358	4.89015
42.80000000000036	2.08833
42.900000000000361	2.55235
43.000000000000362	5.41282
43.100000000000364	4.4984
43.200000000000365	3.65138
43.300000000000367	5.26389
43.400000000000368	5.26389
43.500000000000369	2.9
43.600000000000371	2.89896
43.700000000000372	2.9641
43.800000000000374	2.9983
43.900000000000375	6.46383
44.000000000000377	2.39011
44.100000000000378	2.39011
44.200000000000379	1
44.3000