10	1
10.1	1
10.199999999999999	1
10.299999999999999	1
10.399999999999999	1
10.499999999999998	1
10.599999999999998	1
10.699999999999998	1
10.799999999999997	1
10.899999999999997	1
10.999999999999996	1
11.099999999999996	1
11.199999999999996	1
11.299999999999995	1
11.399999999999995	1
11.499999999999995	1
11.599999999999994	1
11.699999999999994	1
11.799999999999994	1
11.899999999999993	1
11.999999999999993	1
12.099999999999993	1
12.199999999999992	1
12.299999999999992	1
12.399999999999991	1
12.499999999999991	1
12.599999999999991	1
12.69999999999999	1
12.79999999999999	1
12.89999999999999	1
12.999999999999989	1
13.099999999999989	1
13.199999999999989	1
13.299999999999988	1
13.399999999999988	1
13.499999999999988	1
13.599999999999987	1
13.699999999999987	1
13.799999999999986	1
13.899999999999986	1
13.999999999999986	1
14.099999999999985	1
14.199999999999985	1
14.299999999999985	1
14.399999999999984	1
14.499999999999984	1
14.599999999999984	2
14.699999999999983	4
14.799999999999983	16
14.899999999999983	32
14.999999999999982	25
15.099999999999982	25
15.199999999999982	25
15.299999999999981	2
15.399999999999981	6
15.49999999999998	9
15.59999999999998	12.1661
15.69999999999998	6.5208
15.799999999999979	6.5208
15.899999999999979	6.5208
15.999999999999979	3.63333
16.09999999999998	4.40454
16.199999999999982	6.14322
16.299999999999983	7.0626
16.399999999999984	8.12537
16.499999999999986	4.30348
16.599999999999987	4.30348
16.699999999999989	4.30348
16.79999999999999	5.72818
16.899999999999991	6.55351
16.999999999999993	7.42119
17.099999999999994	9.2355
17.199999999999996	10.1681
17.299999999999997	11.1122
17.399999999999999	13.0246
17.5	13.9897
17.600000000000001	7.24131
17.700000000000003	8.28081
17.800000000000004	9.20206
17.900000000000006	11.0844
18.000000000000007	12.0394
18.100000000000009	13.001
18.20000000000001	14.8714
18.300000000000011	7.70057
18.400000000000013	7.83043
18.500000000000014	9.2457
18.600000000000016	4.62285
18.700000000000017	5.43469
18.800000000000018	7.19866
18.90000000000002	8.12048
19.000000000000021	9.05827
19.100000000000023	10.9656
19.200000000000024	5.57362
19.300000000000026	5.57362
19.400000000000027	5.57362
19.500000000000028	2
19.60000000000003	2.5
19.700000000000031	4.56988
19.800000000000033	5.39003
19.900000000000034	7.16526
20.000000000000036	8.09095
20.100000000000037	9.03185
20.200000000000038	10.8517
20.30000000000004	11.7404
20.400000000000041	12.6456
20.500000000000043	14.4931
20.600000000000044	15.4309
20.700000000000045	7.87611
20.800000000000047	7.87611
20.900000000000048	7.87611
21.00000000000005	3.63333
21.100000000000051	5.25165
21.200000000000053	6.14322
21.300000000000054	7.20419
21.400000000000055	8.60696
21.500000000000057	9.49624
21.600000000000058	10.691
21.70000000000006	12.2652
21.800000000000061	13.2102
21.900000000000063	15.121
22.000000000000064	7.69192
22.100000000000065	7.69192
22.200000000000067	7.69192
22.300000000000068	2
22.40000000000007	3
22.500000000000071	3
22.600000000000072	3
22.700000000000074	3
22.800000000000075	1
22.900000000000077	2.9
23.000000000000078	3.55301
23.10000000000008	4.33944
23.200000000000081	6.09735
23.300000000000082	7.02286
23.400000000000084	7.96541
23.500000000000085	9.67696
23.600000000000087	10.5704
23.700000000000088	11.4811
23.80000000000009	13.3404
23.900000000000091	14.2841
24.000000000000092	7.55133
24.100000000000094	8.31382
24.200000000000095	9.23174
24.300000000000097	11.1091
24.400000000000098	12.0621
24.500000000000099	13.0219
24.600000000000101	14.7545
24.700000000000102	7.37726
24.800000000000104	8.1563
24.900000000000105	4.13945
25.000000000000107	4.60928
25.100000000000108	5.42324
25.200000000000109	7.19008
25.300000000000111	8.1129
25.400000000000112	8.59519
25.500000000000114	4.29759
25.600000000000115	4.29759
25.700000000000117	4.9615
25.800000000000118	6.54971
25.900000000000119	7.41784
26.000000000000121	9.01225
26.100000000000122	9.86466
26.200000000000124	4.93233
26.300000000000125	6.20984
26.400000000000126	6.83071
26.500000000000128	3.41535
26.600000000000129	3.97782
26.700000000000131	4.6896
26.800000000000132	5.4912
26.900000000000134	7.2411
27.000000000000135	8.15805
27.100000000000136	9.09192
27.200000000000138	10.9934
27.300000000000139	11.8714
27.400000000000141	12.7673
27.500000000000142	14.5993
27.600000000000144	15.5306
27.700000000000145	16.4699
27.800000000000146	8.70856
27.900000000000148	9.58832
28.000000000000149	5.151
28.100000000000151	6.05786
28.200000000000152	6.98873
28.300000000000153	3.9677
28.400000000000155	4.21973
28.500000000000156	5.09902
28.600000000000158	6.95086
28.700000000000159	7.7735
28.800000000000161	8.63325
28.900000000000162	10.427
29.000000000000163	11.3494
29.100000000000165	12.2836
29.200000000000166	6.72641
29.300000000000168	6.87508
29.400000000000169	7.70597
29.500000000000171	4.23283
29.600000000000172	5.10976
29.700000000000173	6.02303
29.800000000000175	7.78047
29.900000000000176	8.52217
30.000000000000178	4.96946
30.100000000000179	5.17069
30.20000000000018	6.07452
30.300000000000182	7.94805
30.400000000000183	8.7905
30.500000000000185	9.66272
30.600000000000186	11.4691
30.700000000000188	12.3943
30.800000000000189	13.3301
30.90000000000019	15.2258
31.000000000000192	16.1829
31.100000000000193	17.1448
31.200000000000195	19.0801
31.300000000000196	9.8499
31.400000000000198	9.95143
31.500000000000199	11.713
31.6000000000002	12.6202
31.700000000000202	13.4661
31.800000000000203	15.0814
31.900000000000205	7.54069
32.000000000000206	7.54069
32.100000000000207	7.54069
32.200000000000209	2
32.30000000000021	4.40454
32.400000000000212	5.25165
32.500000000000213	6.14322
32.600000000000215	8.00038
32.700000000000216	8.95093
32.800000000000217	9.80873
32.900000000000219	5.34551
33.00000000000022	5.34551
33.100000000000222	5.88836
33.200000000000223	7.54477
33.300000000000225	8.42823
33.400000000000226	9.33477
33.500000000000227	11.1046
33.600000000000229	5.55231
33.70000000000023	7.00454
33.800000000000232	7.94929
33.900000000000233	8.79162
34.000000000000234	10.5583
34.100000000000236	11.47
34.200000000000237	12.3951
34.300000000000239	14.0629
34.40000000000024	7.03144
34.500000000000242	7.03144
34.600000000000243	3.58683
34.700000000000244	3.86563
34.800000000000246	4.59578
34.900000000000247	6.28006
35.000000000000249	7.18156
35.10000000000025	8.10536
35.200000000000252	9.99539
35.300000000000253	10.8624
35.400000000000254	11.7503
35.500000000000256	5.91772
35.600000000000257	5.91772
35.700000000000259	7.29597
35.80000000000026	8.08298
35.900000000000261	4.04149
36.000000000000263	5.34985
36.100000000000264	6.22697
36.200000000000266	7.13532
36.300000000000267	9.00821
36.400000000000269	9.96238
36.50000000000027	10.832
36.600000000000271	12.6288
36.700000000000273	13.5483
36.800000000000274	14.4784
36.900000000000276	16.363
37.000000000000277	17.3148
37.100000000000279	18.2718
37.20000000000028	9.35255
37.300000000000281	9.35255
37.400000000000283	9.66973
37.500000000000284	11.475
37.600000000000286	12.3997
37.700000000000287	14.1381
37.800000000000288	7.06904
37.90000000000029	7.06904
38.000000000000291	8.61222
38.100000000000293	9.39457
38.200000000000294	10.3127
38.300000000000296	12.1868
38.400000000000297	13.1375
38.500000000000298	6.7569
38.6000000000003	7.04972
38.700000000000301	7.98904
38.800000000000303	8.82753
38.900000000000304	10.5881
39.000000000000306	11.4974
39.100000000000307	12.2579
39.200000000000308	6.9054
39.30000000000031	7.60141
39.400000000000311	3.80071
39.500000000000313	4.97208
39.600000000000314	5.73293
39.700000000000315	7.42484
39.800000000000317	8.32125
39.900000000000318	9.12888
40.00000000000032	4.99258
40.100000000000321	5.75063
40.200000000000323	6.57307
40.300000000000324	8.33335
40.400000000000325	9.24931
40.500000000000327	10.1807
40.600000000000328	11.5661
40.70000000000033	5.78304
40.800000000000331	5.78304
40.900000000000333	5.78304
41.000000000000334	2
41.100000000000335	2.5
41.200000000000337	4.56988
41.300000000000338	5.39003
41.40000000000034	7.16526
41.500000000000341	8.09095
41.600000000000342	9.03185
41.700000000000344	10.665
41.800000000000345	11.5682
41.900000000000347	12.486
42.000000000000348	6.70767
42.10000000000035	6.70767
42.200000000000351	6.70767
42.300000000000352	2
42.400000000000354	3
42.500000000000355	4.40454
42.600000000000357	6.14322
42.700000000000358	6.306
42.80000000000036	3.153
42.900000000000361	3.153
43.000000000000362	4.02441
43.100000000000364	4.94027
43.200000000000365	2.87497
43.300000000000367	3.53309
43.400000000000368	5.18435
43.500000000000369	2.59217
43.600000000000371	2.97795
43.700000000000372	4.39006
43.800000000000374	5.23961
43.900000000000375	6.13298
44.000000000000377	7.99257
44.100000000000378	8.83072
44.200000000000379	9.69927
44.300000000000381	11.4999
44.400000000000382	12.4227
44.500000000000384	13.3565
44.600000000000385	15.2489
44.700000000000387	16.2047
44.800000000000388	17.1653
44.900000000000389	8.81299
45.000000000000391	8.81299
45.100000000000392	2
45.200000000000394	3
45.300000000000395	4.92064
45.400000000000396	6.20063
45.500000000000398	3.10032
45.600000000000399	4.23519
45.700000000000401	5.30733
45.800000000000402	6.19065
45.900000000000404	7.78173
46.000000000000405	8.98331
46.100000000000406	9.83826
46.200000000000408	11.1767
46.300000000000409	12.2888
46.400000000000411	13.1561
46.500000000000412	14.873
46.600000000000414	16.04
46.700000000000415	17.01
46.800000000000416	18.3143
46.900000000000418	9.15716
47.000000000000419	9.15716
47.100000000000421	9.99709
47.200000000000422	4.99855
47.300000000000423	4.99855
47.400000000000425	4.99855
47.500000000000426	1
47.600000000000428	2.5
47.700000000000429	3.24483
47.800000000000431	4.09525
47.900000000000432	5.75491
48.000000000000433	6.5768
48.100000000000435	7.44171
48.200000000000436	9.25194
48.300000000000438	10.1831
48.400000000000439	12.0775
48.500000000000441	13.0362
48.600000000000442	14.0005
48.700000000000443	7.45112
48.800000000000445	8.09959
48.900000000000446	9.03958
49.000000000000448	10.8581
49.100000000000449	11.7464
49.20000000000045	12.6511
49.300000000000452	14.4979
49.400000000000453	15.4354
49.500000000000455	16.3802
49.600000000000456	8.54917
49.700000000000458	8.54917
49.800000000000459	8.54917
49.90000000000046	2
50.000000000000462	3
50.100000000000463	4.92064
50.200000000000465	6.51909
50.300000000000466	7.3909
50.400000000000468	4.02215
50.500000000000469	4.7269
50.60000000000047	5.52289
50.700000000000472	7.12463
50.800000000000473	3.56231
50.900000000000475	3.56231
51.000000000000476	1
51.100000000000477	2
51.200000000000479	3.55301
51.30000000000048	4.33944
51.400000000000482	5.19763
51.500000000000483	7.02286
51.600000000000485	7.96541
51.700000000000486	8.57449
51.800000000000487	4.28725
51.900000000000489	4.28725
52.00000000000049	4.95261
52.100000000000492	6.54303
52.200000000000493	7.41197
52.300000000000495	8.30979
52.400000000000496	10.0621
52.500000000000497	11.0153
52.600000000000499	6.02965
52.7000000000005	6.02965
52.800000000000502	6.02965
52.900000000000503	2
53.000000000000504	3.33333
53.100000000000506	4.16441
53.200000000000507	5.97588
53.300000000000509	6.77034
53.40000000000051	7.343
53.500000000000512	4.19742
53.600000000000513	5.08075
53.700000000000514	5.99858
53.800000000000516	7.63061
53.900000000000517	8.50503
54.000000000000519	9.40408
54.10000000000052	11.2524
54.200000000000522	12.1942
54.300000000000523	6.68562
54.400000000000524	6.68562
54.500000000000526	6.68562
54.600000000000527	3.63333
54.700000000000529	3.63333
54.80000000000053	3.63333
54.900000000000531	3.63333
55.000000000000533	1
55.100000000000534	2
55.200000000000536	2.9
55.300000000000537	3.83446
55.400000000000539	1.91723
55.50000000000054	2.91723
55.600000000000541	4.10707
55.700000000000543	2.05353
55.800000000000544	2.5405
55.900000000000546	2.93412
56.000000000000547	2.93412
56.100000000000549	2
56.20000000000055	2.5
56.300000000000551	2.5
56.400000000000553	1.25
56.500000000000554	3.06558
56.600000000000556	3.95786
56.700000000000557	5.477
56.800000000000558	6.33603
56.90000000000056	7.23041
57.000000000000561	9.08343
57.100000000000563	10.0304
57.200000000000564	10.9864
57.300000000000566	5.76081
57.400000000000567	5.76081
57.500000000000568	6.58194
57.60000000000057	8.34032
57.700000000000571	9.25558
57.800000000000573	10.1