10	1
10.1	1
10.199999999999999	1
10.299999999999999	1
10.399999999999999	1
10.499999999999998	1
10.599999999999998	1
10.699999999999998	1
10.799999999999997	1
10.899999999999997	1
10.999999999999996	1
11.099999999999996	1
11.199999999999996	1
11.299999999999995	1
11.399999999999995	1
11.499999999999995	1
11.599999999999994	1
11.699999999999994	1
11.799999999999994	1
11.899999999999993	1
11.999999999999993	1
12.099999999999993	1
12.199999999999992	1
12.299999999999992	1
12.399999999999991	1
12.499999999999991	1
12.599999999999991	1
12.69999999999999	1
12.79999999999999	1
12.89999999999999	1
12.999999999999989	1
13.099999999999989	1
13.199999999999989	1
13.299999999999988	1
13.399999999999988	1
13.499999999999988	1
13.599999999999987	1
13.699999999999987	1
13.799999999999986	1
13.899999999999986	1
13.999999999999986	1
14.099999999999985	1
14.199999999999985	1
14.299999999999985	1
14.399999999999984	1
14.499999999999984	1
14.599999999999984	1
14.699999999999983	1
14.799999999999983	1
14.899999999999983	1
14.999999999999982	1
15.099999999999982	1
15.199999999999982	1
15.299999999999981	1
15.399999999999981	1
15.49999999999998	1
15.59999999999998	1
15.69999999999998	1
15.799999999999979	1
15.899999999999979	1
15.999999999999979	1
16.09999999999998	1
16.199999999999982	1
16.299999999999983	1
16.399999999999984	1
16.499999999999986	1
16.599999999999987	1
16.699999999999989	1
16.79999999999999	1
16.899999999999991	1
16.999999999999993	1
17.099999999999994	1
17.199999999999996	1
17.299999999999997	1
17.399999999999999	1
17.5	1
17.600000000000001	1
17.700000000000003	1
17.800000000000004	1
17.900000000000006	1
18.000000000000007	1
18.100000000000009	1
18.20000000000001	1
18.300000000000011	1
18.400000000000013	1
18.500000000000014	1
18.600000000000016	1
18.700000000000017	1
18.800000000000018	1
18.90000000000002	1
19.000000000000021	1
19.100000000000023	1
19.200000000000024	1
19.300000000000026	1
19.400000000000027	1
19.500000000000028	1
19.60000000000003	1
19.700000000000031	1
19.800000000000033	1
19.900000000000034	1
20.000000000000036	1
20.100000000000037	1
20.200000000000038	1
20.30000000000004	1
20.400000000000041	1
20.500000000000043	1
20.600000000000044	1
20.700000000000045	1
20.800000000000047	1
20.900000000000048	1
21.00000000000005	1
21.100000000000051	1
21.200000000000053	1
21.300000000000054	1
21.400000000000055	1
21.500000000000057	1
21.600000000000058	1
21.70000000000006	1
21.800000000000061	1
21.900000000000063	1
22.000000000000064	1
22.100000000000065	1
22.200000000000067	1
22.300000000000068	1
22.40000000000007	1
22.500000000000071	1
22.600000000000072	1
22.700000000000074	1
22.800000000000075	1
22.900000000000077	1
23.000000000000078	1
23.10000000000008	1
23.200000000000081	1
23.300000000000082	1
23.400000000000084	1
23.500000000000085	1
23.600000000000087	1
23.700000000000088	1
23.80000000000009	1
23.900000000000091	1
24.000000000000092	1
24.100000000000094	1
24.200000000000095	1
24.300000000000097	1
24.400000000000098	1
24.500000000000099	1
24.600000000000101	1
24.700000000000102	1
24.800000000000104	1
24.900000000000105	1
25.000000000000107	1
25.100000000000108	1
25.200000000000109	1
25.300000000000111	1
25.400000000000112	1
25.500000000000114	1
25.600000000000115	1
25.700000000000117	1
25.800000000000118	1
25.900000000000119	1
26.000000000000121	1
26.100000000000122	1
26.200000000000124	1
26.300000000000125	1
26.400000000000126	1
26.500000000000128	1
26.600000000000129	1
26.700000000000131	1
26.800000000000132	1
26.900000000000134	1
27.000000000000135	1
27.100000000000136	1
27.200000000000138	1
27.300000000000139	1
27.400000000000141	1
27.500000000000142	1
27.600000000000144	1
27.700000000000145	1
27.800000000000146	1
27.900000000000148	1
28.000000000000149	1
28.100000000000151	1
28.200000000000152	1
28.300000000000153	1
28.400000000000155	1
28.500000000000156	1
28.600000000000158	10
28.700000000000159	19.5
28.800000000000161	19.5
28.900000000000162	1
29.000000000000163	8
29.100000000000165	8
29.200000000000166	8
29.300000000000168	8
29.400000000000169	1
29.500000000000171	4
29.600000000000172	3.29099
29.700000000000173	6.75037
29.800000000000175	9.04781
29.900000000000176	6.22827
30.000000000000178	4.48061
30.100000000000179	8.04174
30.20000000000018	4.49393
30.300000000000182	5.32626
30.400000000000183	3.33911
30.500000000000185	3.33911
30.600000000000186	1
30.700000000000188	4.33944
30.800000000000189	3.13068
30.90000000000019	5.69369
31.000000000000192	3.41328
31.100000000000193	6.01939
31.200000000000195	9.41726
31.300000000000196	12.2043
31.400000000000198	7.23606
31.500000000000199	4.3747
31.6000000000002	2.89061
31.700000000000202	5.75042
31.800000000000203	8.3332
31.900000000000205	3.45843
32.000000000000206	3.47597
32.100000000000207	5.34082
32.200000000000209	9.00291
32.30000000000021	11.7182
32.400000000000212	6.84605
32.500000000000213	6.84605
32.600000000000215	9.44419
32.700000000000216	6.3933
32.800000000000217	8.78607
32.900000000000219	4.39304
33.00000000000022	7.60635
33.100000000000222	4.64253
33.200000000000223	8.13152
33.300000000000225	11.8533
33.400000000000226	14.5156
33.500000000000227	7.4956
33.600000000000229	7.4956
33.70000000000023	3.63333
33.800000000000232	6.46458
33.900000000000233	4.24458
34.000000000000234	5.11941
34.100000000000236	2.84231
34.200000000000237	4.30257
34.300000000000239	3.28991
34.40000000000024	5.95259
34.500000000000242	3.31229
34.600000000000243	3.31229
34.700000000000244	2.9
34.800000000000246	1.91723
34.900000000000247	5.20683
35.000000000000249	8.81154
35.10000000000025	11.1301
35.200000000000252	6.97103
35.300000000000253	10.3437
35.400000000000254	13.1619
35.500000000000256	7.30306
35.600000000000257	8.68965
35.700000000000259	4.94063
35.80000000000026	7.93029
35.900000000000261	2.22723
36.000000000000263	5.0824
36.100000000000264	7.6317
36.200000000000266	5.2744
36.300000000000267	4.64183
36.400000000000269	2.92658
36.50000000000027	2.78712
36.600000000000271	6.04729
36.700000000000273	8.42046
36.800000000000274	5.65936
36.900000000000276	3.48359
37.000000000000277	6.69359
37.100000000000279	9.96016
37.20000000000028	6.24754
37.300000000000281	4.35851
37.400000000000283	2.63813
37.500000000000284	2.63813
37.600000000000286	2
37.700000000000287	3.55301
37.800000000000288	3.55301
37.90000000000029	2.9
38.000000000000291	6.09735
38.100000000000293	8.80618
38.200000000000294	4.89015
38.300000000000296	3.40031
38.400000000000297	5.29321
38.500000000000298	8.97508
38.6000000000003	11.524
38.700000000000301	7.61142
38.800000000000303	5.27177
38.900000000000304	8.01346
39.000000000000306	5.63812
39.100000000000307	4.26797
39.200000000000308	2.76037
39.30000000000031	5.12479
39.400000000000311	7.65968
39.500000000000313	11.1826
39.600000000000314	7.33696
39.700000000000315	7.33696
39.800000000000317	1
39.900000000000318	3.33333
40.00000000000032	2.90179
40.100000000000321	5.19858
40.200000000000323	3.72119
40.300000000000324	3.72119
40.400000000000325	3.72119
40.500000000000327	3.24483
40.600000000000328	5.75491
40.70000000000033	9.25194
40.800000000000331	5.56291
40.900000000000333	6.25013
41.000000000000334	9.97676
41.100000000000335	12.6401
41.200000000000337	8.4974
41.300000000000338	12.1889
41.40000000000034	6.64558
41.500000000000341	8.9703
41.600000000000342	5.49757
41.700000000000344	7.3839
41.800000000000345	4.86828
41.900000000000347	6.32185
42.000000000000348	10.0215
42.10000000000035	13.5178
42.200000000000351	7.69514
42.300000000000352	4.28144
42.400000000000354	5.71184
42.500000000000355	9.11578
42.600000000000357	12.7843
42.700000000000358	6.73719
42.80000000000036	5.27346
42.900000000000361	3.39357
43.000000000000362	4.44936
43.100000000000364	3.67239
43.200000000000365	2.8362
43.300000000000367	6.06882
43.400000000000368	9.55451
43.500000000000369	12.3103
43.600000000000371	3.6904
43.700000000000372	6.00988
43.800000000000374	8.63042
43.900000000000375	12.2816
44.000000000000377	15.0013
44.100000000000378	8.73605
44.200000000000379	12.2744
44.300000000000381	15.1284
44.400000000000382	7.9525
44.500000000000384	7.9525
44.600000000000385	3
44.700000000000387	5.05378
44.800000000000388	3.38517
44.900000000000389	4.20529
45.000000000000391	6.94226
45.10000000000