10	2
10.1	19.2402
10.199999999999999	24.0917
10.299999999999999	29.9437
10.399999999999999	35.5359
10.499999999999998	40.5577
10.599999999999998	46.4227
10.699999999999998	51.3339
10.799999999999997	13.6044
10.899999999999997	13.6044
10.999999999999996	7.16122
11.099999999999996	8.68781
11.199999999999996	13.2628
11.299999999999995	19.0333
11.399999999999995	24.7493
11.499999999999995	29.5416
11.599999999999994	35.3679
11.699999999999994	20.5508
11.799999999999994	26.3169
11.899999999999993	31.317
11.999999999999993	17.1234
12.099999999999993	17.1234
12.199999999999992	8.24808
12.299999999999992	14.0201
12.399999999999991	18.57
12.499999999999991	12.3859
12.599999999999991	18.105
12.69999999999999	22.9353
12.79999999999999	28.6051
12.89999999999999	33.4426
12.999999999999989	39.301
13.099999999999989	22.4661
13.199999999999989	11.2331
13.299999999999988	11.2331
13.399999999999988	6.64909
13.499999999999988	12.1167
13.599999999999987	17.8101
13.699999999999987	22.5263
13.799999999999986	13.9811
13.899999999999986	18.5945
13.999999999999986	11.8549
14.099999999999985	17.4047
14.199999999999985	22.2074
14.299999999999985	14.6803
14.399999999999984	9.98125
14.499999999999984	15.4293
14.599999999999984	9.46443
14.699999999999983	15.1011
14.799999999999983	20.8415
14.899999999999983	12.518
14.999999999999982	18.1955
15.099999999999982	10.9231
15.199999999999982	8.29123
15.299999999999981	13.9739
15.399999999999981	18.3178
15.49999999999998	11.0487
15.59999999999998	15.698
15.69999999999998	21.3714
15.799999999999979	27.1841
15.899999999999979	32.0802
15.999999999999979	19.0109
16.09999999999998	23.741
16.199999999999982	14.2483
16.299999999999983	10.0509
16.399999999999984	14.6765
16.499999999999986	10.5162
16.599999999999987	15.1973
16.699999999999989	21.0067
16.79999999999999	25.7583
16.899999999999991	14.3143
16.999999999999993	14.3143
17.099999999999994	7.4656
17.199999999999996	10.1015
17.299999999999997	14.7791
17.399999999999999	20.4143
17.5	26.2106
17.600000000000001	13.5374
17.700000000000003	13.5374
17.800000000000004	3
17.900000000000006	10.7044
18.000000000000007	15.3279
18.100000000000009	21.1013
18.20000000000001	26.8981
18.300000000000011	17.1207
18.400000000000013	22.9218
18.500000000000014	27.6695
18.600000000000016	16.5225
18.700000000000017	9.97051
18.800000000000018	6.70407
18.90000000000002	12.1467
19.000000000000021	16.9078
19.100000000000023	22.5425
19.200000000000024	6.88897
19.300000000000026	5.4755
19.400000000000027	4.60546
19.500000000000028	9.04957
19.60000000000003	14.5041
19.700000000000031	19.2523
19.800000000000033	25.0782
19.900000000000034	30.9375
20.000000000000036	35.7389
20.100000000000037	20.5755
20.200000000000038	20.5755
20.30000000000004	10.4806
20.400000000000041	10.4806
20.500000000000043	2
20.600000000000044	9.14389
20.700000000000045	13.7849
20.800000000000047	9.1151
20.900000000000048	14.6821
21.00000000000005	19.3866
21.100000000000051	25.1018
21.200000000000053	30.0047
21.300000000000054	17.6679
21.400000000000055	10.8905
21.500000000000057	7.72909
21.600000000000058	10.8665
21.70000000000006	15.4413
21.800000000000061	9.85747
21.900000000000063	10.4512
22.000000000000064	16.1141
22.100000000000065	8.33211
22.200000000000067	13.0336
22.300000000000068	10.3159
22.40000000000007	15.0598
22.500000000000071	10.4835
22.600000000000072	16.1349
22.700000000000074	20.9905
22.800000000000075	26.6616
22.900000000000077	31.4802
23.000000000000078	18.0357
23.10000000000008	23.7395
23.200000000000081	12.4669
23.300000000000082	6.7374
23.400000000000084	6.7872
23.500000000000085	12.1924
23.600000000000087	16.9997
23.700000000000088	22.6114
23.80000000000009	28.3814
23.900000000000091	16.4624
24.000000000000092	11.3605
24.100000000000094	16.1062
24.200000000000095	10.3161
24.300000000000097	16.027
24.400000000000098	20.7152
24.500000000000099	14.0547
24.600000000000101	8.91363
24.700000000000102	6.11905
24.800000000000104	10.294
24.900000000000105	15.0449
25.000000000000107	10.4299
25.100000000000108	15.1379
25.200000000000109	20.916
25.300000000000111	26.603
25.400000000000112	15.5265
25.500000000000114	21.2459
25.600000000000115	26.1073
25.700000000000117	17.4409
25.800000000000118	22.2357
25.900000000000119	14.0265
26.000000000000121	8.19906
26.100000000000122	6.14062
26.200000000000124	5.49839
26.300000000000125	10.0419
26.400000000000126	15.5331
26.500000000000128	10.9843
26.600000000000129	15.5243
26.700000000000131	21.2442
26.800000000000132	5.50783
26.900000000000134	9.21172
27.000000000000135	6.18774
27.100000000000136	4.26061
27.200000000000138	7.39689
27.300000000000139	5.63778
27.400000000000141	4.30735
27.500000000000142	7.82045
27.600000000000144	8.12615
27.700000000000145	6.76783
27.800000000000146	11.239
27.900000000000148	16.933
28.000000000000149	21.6095
28.100000000000151	27.3716
28.200000000000152	7.02339
28.300000000000153	10.852
28.400000000000155	16.3762
28.500000000000156	21.1763
28.600000000000158	27.0311
28.700000000000159	15.8338
28.800000000000161	19.6705
28.900000000000162	10.8746
29.000000000000163	13.2837
29.100000000000165	19.0478
29.200000000000166	11.3688
29.300000000000168	17.078
29.400000000000169	10.8154
29.500000000000171	14.6039
29.600000000000172	20.288
29.700000000000173	25.136
29.800000000000175	31.0166
29.900000000000176	19.4218
30.000000000000178	11.9521
30.100000000000179	15.0694
30.20000000000018	10.5396
30.300000000000182	6.47337
30.400000000000183	11.6833
30.500000000000185	16.6389
30.600000000000186	12.2511
30.700000000000188	17.0417
30.800000000000189	9.22889
30.90000000000019	13.9853
31.000000000000192	19.5429
31.100000000000193	25.3018
31.200000000000195	15.2543
31.300000000000196	10.6725
31.400000000000198	7.15498
31.500000000000199	12.6399
31.6000000000002	7.96867
31.700000000000202	12.0796
31.800000000000203	17.7286
31.900000000000205	22.462
32.000000000000206	11.6251
32.100000000000207	16.8973
32.200000000000209	21.9951
32.30000000000021	14.1466
32.400000000000212	8.97728
32.500000000000213	10.5238
32.600000000000215	15.2026
32.700000000000216	21.0106
32.800000000000217	26.7149
32.900000000000219	15.015
33.00000000000022	15.0816
33.100000000000222	15.0816
33.200000000000223	2
33.300000000000225	9.96775
33.400000000000226	8.99522
33.500000000000227	14.4009
33.600000000000229	19.1748
33.70000000000023	9.92103
33.800000000000232	13.3689
33.900000000000233	10.0545
34.000000000000234	7.5747
34.100000000000236	5.21136
34.200000000000237	10.577
34.300000000000239	15.2394
34.40000000000024	21.0372
34.500000000000242	5.95291
34.600000000000243	10.098
34.700000000000244	15.6975
34.800000000000246	11.0644
34.900000000000247	9.33325
35.000000000000249	14.0542
35.10000000000025	9.24385
35.200000000000252	6.16656
35.300000000000253	10.7043
35.400000000000254	16.2789
35.500000000000256	8.61772
35.600000000000257	13.0646
35.700000000000259	7.66229
35.80000000000026	11.8807
35.900000000000261	10.0907
36.000000000000263	6.48515
36.100000000000264	5.73035
36.200000000000266	4.62741
36.300000000000267	10.0097
36.400000000000269	9.14651
36.50000000000027	13.7866
36.600000000000271	9.19777
36.700000000000273	13.8929
36.800000000000274	9.39835
36.900000000000276	4.75238
37.000000000000277	9.01295
37.100000000000279	14.4813
37.20000000000028	8.65985
37.300000000000281	14.1947
37.400000000000283	9.43145
37.500000000000284	14.1194
37.600000000000286	5.48319
37.700000000000287	4.15901
37.800000000000288	9.38741
37.90000000000029	6.56761
38.000000000000291	11.9891
38.100000000000293	6.82354
38.200000000000294	11.2724
38.300000000000296	4.10775
38.400000000000297	8.46215
38.500000000000298	6.68117
38.6000000000003	12.1342
38.700000000000301	9.06456
38.800000000000303	14.5823
38.900000000000304	9.31247
39.000000000000306	11.5298
39.100000000000307	7.57815
39.200000000000308	13.1141
39.30000000000031	9.28285
39.400000000000311	6.61134
39.500000000000313	12.0962
39.600000000000314	7.0132
39.700000000000315	12.3999
39.800000000000317	7.20954
39.900000000000318	11.3328
40.00000000000032	6.25564
40.100000000000321	4.79238
40.200000000000323	10.0856
40.300000000000324	15.6256
40.400000000000325	9.98003
40.500000000000327	13.9979
40.600000000000328	18.6071
40.70000000000033	6.05688
40.800000000000331	4.38921
40.900000000000333	8.24042
41.000000000000334	7.13178
41.100000000000335	11.7202
41.200000000000337	17.3134
41.300000000000338	11.0752
41.40000000000034	5.53758
41.500000000000341	9.55067
41.600000000000342	6.4112
41.700000000000344	11.9889
41.800000000000345	16.5547
41.900000000000347	10.2503
42.000000000000348	12.4605
42.10000000000035	9.28386
42.200000000000351	14.989
42.300000000000352	10.0938
42.400000000000354	9.16927
42.500000000000355	14.7836
42.600000000000357	9.47105
42.700000000000358	10.8553
42.80000000000036	15.4334
42.900000000000361	21.178
43.000000000000362	13.4091
43.100000000000364	9.40934
43.200000000000365	6.53869
43.300000000000367	11.1035
43.400000000000368	7.86825
43.500000000000369	12.0972
43.600000000000371	9.66935
43.700000000000372	15.23
43.800000000000374	20.0556
43.900000000000375	6.3308
44.000000000000377	10.9834
44.100000000000378	16.4633
44.200000000000379	22.2113
44.300000000000381	12.9566
44.400000000000382	16.6169
44.500000000000384	11.3936
44.600000000000385	7.97182
44.700000000000387	12.4095
44.800000000000388	18.1211
44.900000000000389	11.6707
45.000000000000391	16.3261
45.100000000000392	11.3113
45.200000000000394	7.56212
45.300000000000395	12.8733
45.400000000000396	18.4413
45.500000000000398	23.2446
45.600000000000399	15.0271
45.700000000000401	10.452
45.800000000000402	15.8639
45.900000000000404	11.2814
46.000000000000405	16.113
46.100000000000406	21.8158
46.200000000000408	13.662
46.300000000000409	19.3132
46.400000000000411	10.2613
46.500000000000412	7.44521
46.600000000000414	6.12233
46.700000000000415	3.92858
46.800000000000416	8.13477
46.900000000000418	12.7525
47.000000000000419	8.07637
47.100000000000421	13.5554
47.200000000000422	3.94551
47.300000000000423	3.82369
47.400000000000425	3.50857
47.500000000000426	8.0722
47.600000000000428	13.2536
47.700000000000429	8.27468
47.800000000000431	13.2265
47.900000000000432	8.6294
48.000000000000433	14.1762
48.100000000000435	8.96103
48.200000000000436	5.7128
48.300000000000438	5.44377
48.400000000000439	10.0125
48.500000000000441	15.5142
48.600000000000442	8.10453
48.700000000000443	8.22791
48.800000000000445	8.22791
48.900000000000446	5.68862
49.000000000000448	11.0012
49.100000000000449	15.5361
49.20000000000045	21.0636
49.300000000000452	13.3099
49.400000000000453	10.5938
49.500000000000455	16.2066
49.600000000000456	20.8064
49.700000000000458	12.1813
49.800000000000459	9.16426
49.90000000000046	6.71505
50.000000000000462	4.40845
50.100000000000463	9.81045
50.200000000000465	7.19059
50.300000000000466	11.4968
50.400000000000468	7.29973
50.500000000000469	5.13884
50.60000000000047	9.21948
50.700000000000472	6.43382
50.800000000000473	5.25841
50.900000000000475	10.6943
51.000000000000476	15.3208
51.100000000000477	10.4803
51.200000000000479	15.3695
51.30000000000048	9.22816
51.400000000000482	3.55838
51.500000000000483	3.21197
51.600000000000485	7.95265
51.700000000000486	6.50489
51.800000000000487	5.9327
51.900000000000489	11.2178
52.00000000000049	8.26315
52.100000000000492	13.8853
52.200000000000493	8.04594
52.300000000000495	8.04594
52.400000000000496	2
52.500000000000497	8.16862
52.600000000000499	5.74333
52.7000000000005	10.1766
52.800000000000502	7.74572
52.900000000000503	11.4187
53.000000000000504	17.1112
53.100000000000506	22.7393
53.200000000000507	11.97
53.300000000000509	7.33973
53.40000000000051	11.2383
53.500000000000512	16.9916
53.600000000000513	11.399
53.700000000000514	17.098
53.800000000000516	9.73081
53.900000000000517	7.97808
54.000000000000519	13.3479
54.10000000000052	8.81618
54.200000000000522	8.95264
54.300000000000523	6.23127
54.400000000000524	10.7414
54.500000000000526	16.3033
54.600000000000527	11.3247
54.700000000000529	17.0487
54.80000000000053	11.3964
54.900000000000531	16.8008
55.000000000000533	4.25972
55.100000000000534	8.17357
55.200000000000536	6.54982
55.300000000000537	11.11
55.400000000000539	8.95679
55.50000000000054	14.377
55.600000000000541	8.40917
55.700000000000543	9.94398
55.800000000000544	3.95055
55.900000000000546	4.39601
56.000000000000547	5.14095
56.1000000000