10	1
10.1	1
10.199999999999999	1
10.299999999999999	1
10.399999999999999	1
10.499999999999998	1
10.599999999999998	1
10.699999999999998	1
10.799999999999997	1
10.899999999999997	1
10.999999999999996	1
11.099999999999996	1
11.199999999999996	1
11.299999999999995	1
11.399999999999995	1
11.499999999999995	1
11.599999999999994	1
11.699999999999994	1
11.799999999999994	1
11.899999999999993	1
11.999999999999993	1
12.099999999999993	1
12.199999999999992	1
12.299999999999992	1
12.399999999999991	1
12.499999999999991	1
12.599999999999991	1
12.69999999999999	1
12.79999999999999	1
12.89999999999999	1
12.999999999999989	1
13.099999999999989	1
13.199999999999989	1
13.299999999999988	1
13.399999999999988	1
13.499999999999988	1
13.599999999999987	1
13.699999999999987	1
13.799999999999986	1
13.899999999999986	1
13.999999999999986	1
14.099999999999985	1
14.199999999999985	1
14.299999999999985	1
14.399999999999984	1
14.499999999999984	1
14.599999999999984	1
14.699999999999983	1
14.799999999999983	1
14.899999999999983	1
14.999999999999982	1
15.099999999999982	1
15.199999999999982	1
15.299999999999981	1
15.399999999999981	1
15.49999999999998	1
15.59999999999998	1
15.69999999999998	1
15.799999999999979	1
15.899999999999979	1
15.999999999999979	1
16.09999999999998	1
16.199999999999982	1
16.299999999999983	1
16.399999999999984	1
16.499999999999986	1
16.599999999999987	1
16.699999999999989	1
16.79999999999999	1
16.899999999999991	1
16.999999999999993	1
17.099999999999994	1
17.199999999999996	1
17.299999999999997	1
17.399999999999999	1
17.5	1
17.600000000000001	1
17.700000000000003	1
17.800000000000004	1
17.900000000000006	1
18.000000000000007	1
18.100000000000009	1
18.20000000000001	1
18.300000000000011	1
18.400000000000013	1
18.500000000000014	1
18.600000000000016	1
18.700000000000017	1
18.800000000000018	1
18.90000000000002	1
19.000000000000021	1
19.100000000000023	1
19.200000000000024	1
19.300000000000026	1
19.400000000000027	1
19.500000000000028	1
19.60000000000003	1
19.700000000000031	1
19.800000000000033	1
19.900000000000034	1
20.000000000000036	1
20.100000000000037	1
20.200000000000038	1
20.30000000000004	1
20.400000000000041	1
20.500000000000043	1
20.600000000000044	1
20.700000000000045	1
20.800000000000047	1
20.900000000000048	1
21.00000000000005	1
21.100000000000051	1
21.200000000000053	1
21.300000000000054	1
21.400000000000055	1
21.500000000000057	1
21.600000000000058	1
21.70000000000006	1
21.800000000000061	1
21.900000000000063	1
22.000000000000064	1
22.100000000000065	1
22.200000000000067	1
22.300000000000068	1
22.40000000000007	1
22.500000000000071	1
22.600000000000072	1
22.700000000000074	1
22.800000000000075	1
22.900000000000077	1
23.000000000000078	1
23.10000000000008	1
23.200000000000081	1
23.300000000000082	1
23.400000000000084	1
23.500000000000085	1
23.600000000000087	1
23.700000000000088	1
23.80000000000009	1
23.900000000000091	1
24.000000000000092	1
24.100000000000094	1
24.200000000000095	1
24.300000000000097	1
24.400000000000098	1
24.500000000000099	1
24.600000000000101	1
24.700000000000102	1
24.800000000000104	1
24.900000000000105	1
25.000000000000107	1
25.100000000000108	1
25.200000000000109	1
25.300000000000111	1
25.400000000000112	1
25.500000000000114	1
25.600000000000115	1
25.700000000000117	1
25.800000000000118	1
25.900000000000119	1
26.000000000000121	1
26.100000000000122	1
26.200000000000124	1
26.300000000000125	1
26.400000000000126	1
26.500000000000128	4
26.600000000000129	23
26.700000000000131	23
26.800000000000132	23
26.900000000000134	7
27.000000000000135	13.3113
27.100000000000136	6.95284
27.200000000000138	4.94457
27.300000000000139	4.0794
27.400000000000141	3.28356
27.500000000000142	2.06271
27.600000000000144	5.21909
27.700000000000145	8.34952
27.800000000000146	5.49533
27.900000000000148	3.43299
28.000000000000149	2.71649
28.100000000000151	6.01693
28.200000000000152	4.0841
28.300000000000153	2.8081
28.400000000000155	3.42713
28.500000000000156	6.9621
28.600000000000158	10.0419
28.700000000000159	6.7461
28.800000000000161	5.11614
28.900000000000162	4.37115
29.000000000000163	7.98239
29.100000000000165	4.29513
29.200000000000166	4.29513
29.300000000000168	3.55301
29.400000000000169	7.02286
29.500000000000171	4.23379
29.600000000000172	4.14733
29.700000000000173	7.60375
29.800000000000175	3.80188
29.900000000000176	5.36732
30.000000000000178	4.20395
30.100000000000179	2.44062
30.20000000000018	2.44062
30.300000000000182	2
30.400000000000183	5.19763
30.500000000000185	3.65241
30.600000000000186	5.26459
30.700000000000188	9.81557
30.800000000000189	6.13534
30.90000000000019	3.80328
31.000000000000192	6.07822
31.100000000000193	4.4304
31.200000000000195	4.19362
31.300000000000196	8.5032
31.400000000000198	12.0272
31.500000000000199	8.27562
31.6000000000002	6.12552
31.700000000000202	5.08984
31.800000000000203	2.73774
31.900000000000205	4.69667
32.000000000000206	8.03764
32.100000000000207	11.6178
32.200000000000209	7.77758
32.30000000000021	5.07162
32.400000000000212	8.49965
32.500000000000213	5.62418
32.600000000000215	8.36859
32.700000000000216	5.16352
32.800000000000217	2.49894
32.900000000000219	2.26436
33.00000000000022	4.67916
33.100000000000222	3.32612
33.200000000000223	6.76693
33.300000000000225	5.32904
33.400000000000226	3.70788
33.500000000000227	3.17406
33.600000000000229	3.17406
33.70000000000023	1
33.800000000000232	3.83446
33.900000000000233	4.35055
34.000000000000234	7.97135
34.100000000000236	4.51854
34.200000000000237	4.73985
34.300000000000239	4.93846
34.40000000000024	4.47603
34.500000000000242	3.55334
34.600000000000243	3.55334
34.700000000000244	3.55334
34.800000000000246	3.55301
34.900000000000247	3.27158
35.000000000000249	6.74129
35.10000000000025	5.36719
35.200000000000252	5.08606
35.300000000000253	4.04595
35.400000000000254	7.4153
35.500000000000256	10.926
35.600000000000257	3.25503
35.700000000000259	6.73358
35.80000000000026	5.50103
35.900000000000261	4.96529
36.000000000000263	3.90878
36.100000000000264	5.44222
36.200000000000266	7.06271
36.300000000000267	3.53136
36.400000000000269	3.53136
36.50000000000027	2.9
36.600000000000271	6.26135
36.700000000000273	4.49178
36.800000000000274	3.52853
36.900000000000276	2.87011
37.000000000000277	5.18178
37.100000000000279	4.13479
37.20000000000028	8.35532
37.300000000000281	5.71329
37.400000000000283	3.96781
37.500000000000284	5.48407
37.600000000000286	3.97648
37.700000000000287	2.45088
37.800000000000288	5.73533
37.90000000000029	3.86372
38.000000000000291	7.18056
38.100000000000293	4.11393
38.200000000000294	3.34817
38.300000000000296	6.77739
38.400000000000297	5.69551
38.500000000000298	3.83993
38.6000000000003	7.16811
38.700000000000301	10.4768
38.800000000000303	6.2438
38.900000000000304	6.40396
39.000000000000306	4.97067
39.100000000000307	8.32042
39.200000000000308	5.41976
39.30000000000031	3.59374
39.400000000000311	4.37238
39.500000000000313	3.06026
39.600000000000314	1.97692
39.700000000000315	2.41689
39.800000000000317	5.16106
39.900000000000318	8.66957
40.00000000000032	12.3091
40.100000000000321	6.39437
40.200000000000323	6.39437
40.300000000000324	4.5065
40.400000000000325	2.3642
40.500000000000327	2.3642
40.600000000000328	2.3642
40.70000000000033	2.9
40.800000000000331	2.91723
40.900000000000333	6.10515
41.000000000000334	4.34828
41.100000000000335	7.30998
41.200000000000337	10.7622
41.300000000000338	2.89389
41.40000000000034	2.04554
41.500000000000341	4.35815
41.600000000000342	2.60657
41.700000000000344	5.9712
41.800000000000345	4.37759
41.900000000000347	3.56323
42.000000000000348	6.73409
42.10000000000035	3.66404
42.200000000000351	3.66404
42.300000000000352	2
42.400000000000354	2
42.500000000000355	2
42.600000000000357	2
42.700000000000358	1
42.80000000000036	4.33944
42.900000000000361	4.13958
43.000000000000362	7.46568
43.100000000000364	5.00077
43.200000000000365	7.30701
43.300000000000367	3.98371
43.400000000000368	2.55566
43.500000000000369	2.29933
43.600000000000371	4.23494
43.700000000000372	5.49556
43.800000000000374	2.74778
43.900000000000375	6.03029
44.000000000000377	3.2574
44.100000000000378	3.45993
44.200000000000379	3.20065
44.300000000000381	6.55597
44.400000000000382	10.1697
44.500000000000384	6.5129
44.6000000000003