10	1
10.1	1
10.199999999999999	1
10.299999999999999	1
10.399999999999999	1
10.499999999999998	1
10.599999999999998	1
10.699999999999998	1
10.799999999999997	1
10.899999999999997	1
10.999999999999996	1
11.099999999999996	1
11.199999999999996	1
11.299999999999995	1
11.399999999999995	1
11.499999999999995	1
11.599999999999994	1
11.699999999999994	1
11.799999999999994	1
11.899999999999993	1
11.999999999999993	1
12.099999999999993	1
12.199999999999992	1
12.299999999999992	1
12.399999999999991	1
12.499999999999991	1
12.599999999999991	1
12.69999999999999	1
12.79999999999999	1
12.89999999999999	1
12.999999999999989	1
13.099999999999989	1
13.199999999999989	1
13.299999999999988	1
13.399999999999988	1
13.499999999999988	1
13.599999999999987	1
13.699999999999987	1
13.799999999999986	1
13.899999999999986	1
13.999999999999986	1
14.099999999999985	1
14.199999999999985	1
14.299999999999985	1
14.399999999999984	1
14.499999999999984	1
14.599999999999984	1
14.699999999999983	1
14.799999999999983	1
14.899999999999983	1
14.999999999999982	1
15.099999999999982	1
15.199999999999982	1
15.299999999999981	1
15.399999999999981	1
15.49999999999998	1
15.59999999999998	1
15.69999999999998	1
15.799999999999979	1
15.899999999999979	1
15.999999999999979	1
16.09999999999998	1
16.199999999999982	1
16.299999999999983	1
16.399999999999984	1
16.499999999999986	1
16.599999999999987	1
16.699999999999989	1
16.79999999999999	1
16.899999999999991	1
16.999999999999993	1
17.099999999999994	1
17.199999999999996	1
17.299999999999997	1
17.399999999999999	1
17.5	1
17.600000000000001	1
17.700000000000003	1
17.800000000000004	1
17.900000000000006	1
18.000000000000007	1
18.100000000000009	1
18.20000000000001	2
18.300000000000011	8
18.400000000000013	9.5
18.500000000000014	9.5
18.600000000000016	1
18.700000000000017	3
18.800000000000018	5.12386
18.90000000000002	5.68862
19.000000000000021	5.68862
19.100000000000023	5.68862
19.200000000000024	5.68862
19.300000000000026	2
19.400000000000027	3.55301
19.500000000000028	5.19763
19.60000000000003	6.5768
19.700000000000031	8.33628
19.800000000000033	10.3785
19.900000000000034	6.12127
20.000000000000036	6.89862
20.100000000000037	8.47339
20.200000000000038	4.2367
20.30000000000004	4.90924
20.400000000000041	6.51057
20.500000000000043	8.28437
20.600000000000044	10.0411
20.700000000000045	11.874
20.800000000000047	13.6797
20.900000000000048	16.4109
21.00000000000005	8.29651
21.100000000000051	8.29651
21.200000000000053	1
21.300000000000054	3
21.400000000000055	4.70824
21.500000000000057	6.67249
21.600000000000058	8.41165
21.70000000000006	10.2447
21.800000000000061	12.1295
21.900000000000063	6.54217
22.000000000000064	6.54217
22.100000000000065	6.54217
22.200000000000067	4.16441
22.300000000000068	2.56247
22.40000000000007	4.13153
22.500000000000071	5.95338
22.600000000000072	7.59533
22.700000000000074	9.26766
22.800000000000075	4.94863
22.900000000000077	4.94863
23.000000000000078	6.22269
23.10000000000008	9.00527
23.200000000000081	10.8296
23.300000000000082	5.4148
23.400000000000084	5.95114
23.500000000000085	7.59358
23.600000000000087	9.15703
23.700000000000088	4.57851
23.80000000000009	4.57851
23.900000000000091	2
24.000000000000092	3.55301
24.100000000000094	5.39003
24.200000000000095	3.95823
24.300000000000097	5.09176
24.400000000000098	3.00393
24.500000000000099	3.00393
24.600000000000101	4.40713
24.700000000000102	6.14505
24.800000000000104	8.00178
24.900000000000105	4.30413
25.000000000000107	6.07262
25.100000000000108	7.8187
25.200000000000109	9.66153
25.300000000000111	11.8977
25.400000000000112	13.4789
25.500000000000114	6.73943
25.600000000000115	7.31455
25.700000000000117	9.15031
25.800000000000118	10.9503
25.900000000000119	5.611
26.000000000000121	5.611
26.100000000000122	2
26.200000000000124	3.55301
26.300000000000125	5.39003
26.400000000000126	3.43873
26.500000000000128	4.48323
26.600000000000129	5.50537
26.700000000000131	2.75268
26.800000000000132	3.43689
26.900000000000134	5.12086
27.000000000000135	6.96675
27.100000000000136	8.52875
27.200000000000138	9.94455
27.300000000000139	5.67952
27.400000000000141	6.35379
27.500000000000142	8.75754
27.600000000000144	4.91965
27.700000000000145	5.12291
27.800000000000146	2.95186
27.900000000000148	4.37302
28.000000000000149	2.18651
28.100000000000151	3.02209
28.200000000000152	4.17988
28.300000000000153	2.08994
28.400000000000155	2.95777
28.500000000000156	2.95777
28.600000000000158	1
28.700000000000159	2.5
28.800000000000161	3.83446
28.900000000000162	5.75491
29.000000000000163	3.04867
29.100000000000165	4.66215
29.200000000000166	6.32824
29.300000000000168	3.74893
29.400000000000169	4.01568
29.500000000000171	5.51825
29.600000000000172	2.75913
29.700000000000173	4.00037
29.800000000000175	5.68887
29.900000000000176	7.25322
30.000000000000178	4.20591
30.100000000000179	4.8829
30.20000000000018	2.85104
30.300000000000182	4.30812
30.400000000000183	5.3651
30.500000000000185	2.68255
30.600000000000186	3.38263
30.700000000000188	5.08554
30.800000000000189	6.94107
30.90000000000019	8.6254
31.000000000000192	10.4205
31.100000000000193	5.58249
31.200000000000195	6.42706
31.300000000000196	7.84272
31.400000000000198	9.47091
31.500000000000199	5.04385
31.6000000000002	6.763
31.700000000000202	8.36376
31.800000000000203	9.5964
31.900000000000205	11.3251
32.000000000000206	13.0537
32.100000000000207	7.00841
32.200000000000209	7.42809
32.30000000000021	3.71405
32.400000000000212	3.71405
32.500000000000213	3.71405
32.600000000000215	4.23434
32.700000000000216	2.11717
32.800000000000217	2.11717
32.900000000000219	3.61369
33.00000000000022	5.23837
33.100000000000222	3.22693
33.200000000000223	3.53683
33.300000000000225	3.53683
33.400000000000226	2
33.500000000000227	4.33944
33.600000000000229	6.09735
33.70000000000023	7.96541
33.800000000000232	4.51592
33.900000000000233	4.51592
34.000000000000234	5.88762
34.100000000000236	7.13148
34.200000000000237	3.56574
34.300000000000239	4.10619
34.40000000000024	5.9361
34.500000000000242	7.58188
34.600000000000243	4.04818
34.700000000000244	4.04818
34.800000000000246	1
34.900000000000247	2.5
35.000000000000249	2.5
35.10000000000025	2.5
35.200000000000252	2.5
35.300000000000253	1
35.400000000000254	2.9
35.500000000000256	4.33944
35.600000000000257	2.16972
35.700000000000259	3.01075
35.80000000000026	4.6383
35.900000000000261	5.05992
36.000000000000263	2.52996
36.100000000000264	2.52996
36.200000000000266	2
36.300000000000267	4.09525
36.400000000000269	5.57555
36.50000000000027	7.30482
36.600000000000271	9.14257
36.700000000000273	4.89015
36.800000000000274	5.66242
36.900000000000276	2.83121
37.000000000000277	3.49844
37.100000000000279	5.16136
37.20000000000028	2.94852
37.300000000000281	3.59184
37.400000000000283	5.02464
37.500000000000284	7.45974
37.600000000000286	8.5901
37.700000000000287	4.29505
37.800000000000288	4.52788
37.90000000000029	2.70565
38.000000000000291	2.70565
38.100000000000293	1
38.200000000000294	2.9
38.300000000000296	4.09525
38.400000000000297	4.09525
38.500000000000298	1
38.6000000000003	2.9
38.700000000000301	4.09525
38.800000000000303	5.75491
38.900000000000304	7.30482
39.000000000000306	9.67696
39.100000000000307	11.1258
39.200000000000308	5.56291
39.30000000000031	2.87134
39.400000000000311	4.32106
39.500000000000313	6.08446
39.600000000000314	7.9556
39.700000000000315	9.66892
39.800000000000317	11.4743
39.900000000000318	13.1833
40.00000000000032	15.2954
40.100000000000321	7.96852
40.200000000000323	7.96852
40.300000000000324	9.36267
40.400000000000325	11.0374
40.500000000000327	5.51872
40.600000000000328	5.69992
40.70000000000033	5.69992
40.800000000000331	1
40.900000000000333	1
41.000000000000334	1
41.100000000000335	1
41.200000000000337	2
41.300000000000338	2.9
41.40000000000034	2.9
41.500000000000341	1
41.600000000000342	1
41.700000000000344	1
41.800000000000345	1
41.900000000000347	1
42.000000000000348	2.9
42.10000000000035	4.33944
42.200000000000351	6.09735
42.300000000000352	8.80618
42.400000000000354	10.1831
42.500000000000355	5.09153
42.600000000000357	5.09153
42.700000000000358	6.49391
42.80000000000036	3.39916
42.900000000000361	4.21637
43.000000000000362	6.01165
43.100000000000364	7.77171
43.200000000000365	9.41235
43