10	1
10.1	1
10.199999999999999	1
10.299999999999999	1
10.399999999999999	1
10.499999999999998	1
10.599999999999998	1
10.699999999999998	1
10.799999999999997	1
10.899999999999997	1
10.999999999999996	1
11.099999999999996	1
11.199999999999996	1
11.299999999999995	1
11.399999999999995	1
11.499999999999995	1
11.599999999999994	1
11.699999999999994	1
11.799999999999994	1
11.899999999999993	1
11.999999999999993	1
12.099999999999993	1
12.199999999999992	1
12.299999999999992	1
12.399999999999991	1
12.499999999999991	1
12.599999999999991	1
12.69999999999999	1
12.79999999999999	1
12.89999999999999	32
12.999999999999989	31.5
13.099999999999989	31.5
13.199999999999989	8
13.299999999999988	20.0322
13.399999999999988	12.2238
13.499999999999988	7.62058
13.599999999999987	13.1385
13.699999999999987	8.34957
13.799999999999986	10.1939
13.899999999999986	15.5673
13.999999999999986	10.3032
14.099999999999985	10.3032
14.199999999999985	8.09253
14.299999999999985	14.355
14.399999999999984	20.1098
14.499999999999984	25.7031
14.599999999999984	32.3555
14.699999999999983	38.1974
14.799999999999983	22.0538
14.899999999999983	14.2047
14.999999999999982	19.5984
15.099999999999982	25.226
15.199999999999982	32.0716
15.299999999999981	37.9573
15.399999999999981	43.7367
15.49999999999998	23.8903
15.59999999999998	24.714
15.69999999999998	13.0672
15.799999999999979	9.12978
15.899999999999979	8.08394
15.999999999999979	13.5599
16.09999999999998	20.1561
16.199999999999982	12.7917
16.299999999999983	12.7917
16.399999999999984	18.9214
16.499999999999986	11.338
16.599999999999987	11.338
16.699999999999989	2
16.79999999999999	9.67822
16.899999999999991	15.037
16.999999999999993	20.6501
17.099999999999994	11.987
17.199999999999996	17.4375
17.299999999999997	9.72335
17.399999999999999	12.3606
17.5	18.0323
17.600000000000001	23.61
17.700000000000003	13.6897
17.800000000000004	19.3327
17.900000000000006	25.1001
18.000000000000007	7.14219
18.100000000000009	5.7334
18.20000000000001	9.66431
18.300000000000011	16.1838
18.400000000000013	21.7304
18.500000000000014	10.8652
18.600000000000016	10.1309
18.700000000000017	15.7187
18.800000000000018	10.4112
18.90000000000002	8.97686
19.000000000000021	7.4827
19.100000000000023	13.0595
19.200000000000024	10.4209
19.300000000000026	16.0945
19.400000000000027	9.39663
19.500000000000028	15.7739
19.60000000000003	21.4272
19.700000000000031	27.228
19.800000000000033	17.147
19.900000000000034	22.985
20.000000000000036	13.9688
20.100000000000037	17.1853
20.200000000000038	11.3976
20.30000000000004	15.3036
20.400000000000041	21.876
20.500000000000043	13.5593
20.600000000000044	7.44898
20.700000000000045	7.44898
20.800000000000047	4.16441
20.900000000000048	10.3083
21.00000000000005	7.1867
21.100000000000051	7.32585
21.200000000000053	7.32585
21.300000000000054	1
21.400000000000055	1
21.500000000000057	1
21.600000000000058	1
21.70000000000006	4.99753
21.800000000000061	4.83848
21.900000000000063	7.33713
22.000000000000064	5.88022
22.100000000000065	10.0558
22.200000000000067	8.49989
22.300000000000068	14.0981
22.40000000000007	9.57945
22.500000000000071	7.36551
22.600000000000072	6.09832
22.700000000000074	11.0357
22.800000000000075	16.5588
22.900000000000077	9.08961
23.000000000000078	9.01559
23.10000000000008	6.52049
23.200000000000081	6.16784
23.300000000000082	12.3589
23.400000000000084	7.92135
23.500000000000085	12.8544
23.600000000000087	9.80028
23.700000000000088	6.41404
23.80000000000009	5.13846
23.900000000000091	8.29995
24.000000000000092	6.32676
24.100000000000094	11.8601
24.200000000000095	18.3603
24.300000000000097	12.3482
24.400000000000098	17.6305
24.500000000000099	11.8441
24.600000000000101	11.8441
24.700000000000102	7.07922
24.800000000000104	12.3562
24.900000000000105	19.0554
25.000000000000107	6.31583
25.100000000000108	10.4112
25.200000000000109	7.85584
25.300000000000111	13.2756
25.400000000000112	9.2814
25.500000000000114	6.17854
25.600000000000115	11.6108
25.700000000000117	16.8874
25.800000000000118	11.0256
25.900000000000119	8.19868
26.000000000000121	6.58968
26.100000000000122	3.988
26.200000000000124	8.03849
26.300000000000125	13.4586
26.400000000000126	10.3727
26.500000000000128	9.13471
26.600000000000129	6.70769
26.700000000000131	6.08003
26.800000000000132	11.472
26.900000000000134	17.1467
27.000000000000135	11.2281
27.100000000000136	12.6566
27.200000000000138	18.291
27.300000000000139	12.6646
27.400000000000141	9.9739
27.500000000000142	15.3594
27.600000000000144	4.16105
27.700000000000145	9.38829
27.800000000000146	7.18623
27.900000000000148	4.74134
28.000000000000149	9.5493
28.100000000000151	7.20992
28.200000000000152	6.33542
28.300000000000153	4.3142
28.400000000000155	9.13087
28.500000000000156	8.2664
28.600000000000158	5.58202
28.700000000000159	10.5737
28.800000000000161	3.86163
28.900000000000162	7.17946
29.000000000000163	5.2957
29.100000000000165	6.00793
29.200000000000166	4.68658
29.300000000000168	10.0367
29.400000000000169	5.71984
29.500000000000171	5.71984
29.600000000000172	5.19763
29.700000000000173	4.68409
29.800000000000175	5.48372
29.900000000000176	4.96667
30.000000000000178	4.45136
30.100000000000179	4.19697
30.20000000000018	9.07731
30.300000000000182	6.57209
30.400000000000183	11.4784
30.500000000000185	17.0925
30.600000000000186	10.959
30.700000000000188	5.70613
30.800000000000189	11.101
30.90000000000019	6.99155
31.000000000000192	12.9422
31.100000000000193	8.98243
31.200000000000195	8.01227
31.300000000000196	14.38
31.400000000000198	4.38314
31.500000000000199	9.69621
31.6000000000002	16.2028
31.700000000000202	5.16994
31.800000000000203	3.7113
31.900000000000205	4.0091
32.000000000000206	8.76744
32.100000000000207	6.42753
32.200000000000209	10.088
32.30000000000021	15.5629
32.400000000000212	10.6215
32.500000000000213	7.33383
32.600000000000215	12.2598
32.700000000000216	7.75464
32.800000000000217	5.79956
32.900000000000219	8.36692
33.00000000000022	7.81505
33.100000000000222	6.47268
33.200000000000223	11.7685
33.300000000000225	10.0581
33.400000000000226	16.2988
33.500000000000227	21.9077
33.600000000000229	11.1576
33.70000000000023	11.1576
33.800000000000232	7.16696
33.900000000000233	5.47247
34.000000000000234	11.1655
34.100000000000236	8.23816
34.200000000000237	6.38287
34.300000000000239	5.9449
34.40000000000024	11.0438
34.500000000000242	16.6246
34.600000000000243	9.30712
34.700000000000244	9.30712
34.800000000000246	4
34.900000000000247	9.84449
35.000000000000249	15.3414
35.10000000000025	4.29827
35.200000000000252	9.12352
35.300000000000253	14.6873
35.400000000000254	5.62971
35.500000000000256	4.18614
35.600000000000257	5.99081
35.700000000000259	6.20855
35.80000000000026	6.96176
35.900000000000261	12.2898
36.000000000000263	5.34891
36.100000000000264	3.63739
36.200000000000266	5.97829
36.300000000000267	11.5934
36.400000000000269	6.61328
36.50000000000027	4.18248
36.600000000000271	3.39063
36.700000000000273	3.39063
36.800000000000274	1
36.900000000000276	5.75491
37.000000000000277	11.1258
37.100000000000279	8.45878
37.20000000000028	11.483
37.300000000000281	9.3197
37.400000000000283	15.9812
37.500000000000284	21.5336
37.600000000000286	11.3551
37.700000000000287	14.041
37.800000000000288	8.96375
37.90000000000029	12.1925
38.000000000000291	18.8439
38.100000000000293	24.5226
38.200000000000294	30.2253
38.300000000000296	15.618
38.400000000000297	10.7964
38.500000000000298	13.0673
38.6000000000003	6.60993
38.700000000000301	12.1781
38.800000000000303	17.9079
38.900000000000304	23.0856
39.000000000000306	14.6445
39.100000000000307	7.81869
39.200000000000308	12.0652
39.30000000000031	7.37852
39.400000000000311	7.37852
39.500000000000313	3.33333
39.600000000000314	7.61288
39.700000000000315	5.46196
39.800000000000317	11.8581
39.900000000000318	6.86955
40.00000000000032	4.05632
40.100000000000321	4.61761
40.200000000000323	2.71513
40.300000000000324	6.34431
40.400000000000325	12.7654
40.500000000000327	18.3662
40.600000000000328	12.0651
40.70000000000033	18.5471
40.800000000000331	11.1381
40.900000000000333	16.5061
41.000000000000334	23.0822
41.100000000000335	15.6038
41.200000000000337	21.2081
41.300000000000338	6.43475
41.40000000000034	9.99248
41.500000000000341	7.58731
41.600000000000342	13.1956
41.700000000000344	4.38109
41.800000000000345	7.59958
41.900000000000347	8.4989
42.000000000000348	5.50661
42.10000000000035	3.11651
42.200000000000351	3.11651
42.300000000000352	3.55301
42.400000000000354	4.51592
42.500000000000355	9.11622
42.600000000000357	14.6828
42.700000000000358	10.1049
42.80000000000036	8.20369
42.900000000000361	6.37186
43.000000000000362	7.03157
43.100000000000364	6.37546
43.200000000000365	11.97
43.300000000000367	7.51134
43.400000000000368	6.49946
43.500000000000369	4.9158
43.600000000000371	8.2882
43.700000000000372	14.8755
43.800000000000374	10.5383
43.900000000000375	7.70451
44.000000000000377	6.99033
44.100000000000378	6.54668
44.200000000000379	11.9778
44.300000000000381	3.60306
44.400000000000382	2.30413
44.500000000000384	1.71279
44.600000000000385	3.69954
44.700000000000387	3.69954
44.800000000000388	3.24483
44.900000000000389	5.05591
45.000000000000391	5.38322
45.100000000000392	2.59392
45.200000000000394	3.49849
45.300000000000395	6.23148
45.400000000000396	4.70482
45.500000000000398	10.045
45.600000000000399	15.4056
45.700000000000401	13.1098
45.800000000000402	10.0673
45.900000000000404	8.47106
46.000000000000405	2.92525
46.100000000000406	7.03277
46.200000000000408	12.4109
46.300000000000409	9.1016
46.400000000000411	7.62194
46.500000000000412	6.28665
46.600000000000414	5.4791
46.700000000000415	5.11495
46.800000000000416	10.1417
46.900000000000418	15.7892
47.000000000000419	5.8674
47.100000000000421	4.38269
47.200000000000422	7.9886
47.300000000000423	14.156
47.400000000000425	19.7668
47.500000000000426	25.4358
47.600000000000428	13.866
47.700000000000429	17.7345
47.800000000000431	4.62731
47.900000000000432	10.2085
48.000000000000433	15.8952
48.100000000000435	9.12133
48.200000000000436	9.12133
48.300000000000438	4
48.400000000000439	4.49507
48.500000000000441	3.41435
48.600000000000442	8.15765
48.700000000000443	6.87517
48.800000000000445	10.8502
48.900000000000446	7.65773
49.000000000000448	14.1158
49.100000000000449	7.80434
49.20000000000045	6.3214
49.300000000000452	4.44307
49.400000000000453	10.0121
49.500000000000455	9.25648
49.600000000000456	4.42059
49.700000000000458	3.87661
49.800000000000459	8.4749
49.90000000000046	5.19685
50.000000000000462	4.48301
50.100000000000463	3.90162
50.200000000000465	4.96127
50.300000000000466	10.0663
50.400000000000468	8.25971
50.500000000000469	13.5173
50.60000000000047	20.1772
50.700000000000472	10.0886
50.800000000000473	6.96606
50.900000000000475	11.0903
51.000000000000476	7.40412
51.100000000000477	9.11209
51.200000000000479	3.69094
51.30000000000048	8.9737
51.400000000000482	14.3177
51.500000000000483	10.5853
51.600000000000485	7.79164
51.700000000000486	6.18819
51.800000000000487	8.03477
51.900000000000489	13.4564
52.00000000000049	8.41576
52.100000000000492	5.41269
52.200000000000493	10.7699
52.300000000000495	7.91166
52.400000000000496	5.45246
52.500000000000497	10.3137
52.600000000000499	7.4623
52.7000000000005	6.11555
52.800000000000502	11.2255
52.900000000000503	9.05462
53.000000000000504	15.5089
53.100000000000506	9.65331
53.200000000000507	6.92005
53.300000000000509	11.8503
53.40000000000051	8.56116
53.500000000000512	6.47513
53.600000000000513	4.8043
53.700000000000514	7.31492
53.800000000000516	12.7305
53.900000000000517	9.49744
54.000000000000519	8.24996
54.10000000000052	7.32117
54.200000000000522	6.98335
54.300000000000523	11.9712
54.400000000000524	17.4266
54.500000000000526	11.7521
54.600000000000527	4.6532
54.700000000000529	10.0214
54.80000000000053	8.15368
54.900000000000531	6.98253
55.000000000000533	11.4566
55.100000000000534	17.1364
55.200000000000536	8.91203
55.300000000000537	8.91203
55.400000000000539	4.48529
55.50000000000054	4.3817
55.600000000000541	8.47756
55.700000000000543	3.00978
55.800000000000544	8.72633
55.900000000000546	5.34681
56.000000000000547	4.89027
56.100000000000549	11.0789
56.20000000000055	9.17039
56.300000000000551	14.7843
56.400000000000553	8.01024
56.500000000000554	8.01024
56.600000000000556	6.03493
56.700000000000557	11.0921
56.800000000000558	6.9996
56.9000000000005