10	1
10.1	1
10.199999999999999	1
10.299999999999999	1
10.399999999999999	1
10.499999999999998	1
10.599999999999998	1
10.699999999999998	1
10.799999999999997	1
10.899999999999997	1
10.999999999999996	1
11.099999999999996	1
11.199999999999996	1
11.299999999999995	1
11.399999999999995	1
11.499999999999995	1
11.599999999999994	1
11.699999999999994	1
11.799999999999994	1
11.899999999999993	1
11.999999999999993	1
12.099999999999993	1
12.199999999999992	1
12.299999999999992	1
12.399999999999991	1
12.499999999999991	1
12.599999999999991	1
12.69999999999999	1
12.79999999999999	1
12.89999999999999	1
12.999999999999989	1
13.099999999999989	1
13.199999999999989	1
13.299999999999988	1
13.399999999999988	1
13.499999999999988	1
13.599999999999987	1
13.699999999999987	1
13.799999999999986	1
13.899999999999986	1
13.999999999999986	1
14.099999999999985	1
14.199999999999985	1
14.299999999999985	1
14.399999999999984	1
14.499999999999984	1
14.599999999999984	1
14.699999999999983	1
14.799999999999983	1
14.899999999999983	1
14.999999999999982	1
15.099999999999982	1
15.199999999999982	1
15.299999999999981	1
15.399999999999981	1
15.49999999999998	1
15.59999999999998	1
15.69999999999998	1
15.799999999999979	1
15.899999999999979	1
15.999999999999979	1
16.09999999999998	1
16.199999999999982	1
16.299999999999983	1
16.399999999999984	1
16.499999999999986	1
16.599999999999987	1
16.699999999999989	1
16.79999999999999	1
16.899999999999991	1
16.999999999999993	1
17.099999999999994	1
17.199999999999996	1
17.299999999999997	1
17.399999999999999	1
17.5	1
17.600000000000001	1
17.700000000000003	1
17.800000000000004	1
17.900000000000006	1
18.000000000000007	1
18.100000000000009	1
18.20000000000001	1
18.300000000000011	1
18.400000000000013	1
18.500000000000014	1
18.600000000000016	1
18.700000000000017	1
18.800000000000018	1
18.90000000000002	1
19.000000000000021	1
19.100000000000023	1
19.200000000000024	1
19.300000000000026	1
19.400000000000027	1
19.500000000000028	1
19.60000000000003	1
19.700000000000031	1
19.800000000000033	1
19.900000000000034	1
20.000000000000036	1
20.100000000000037	1
20.200000000000038	1
20.30000000000004	1
20.400000000000041	1
20.500000000000043	1
20.600000000000044	1
20.700000000000045	1
20.800000000000047	1
20.900000000000048	1
21.00000000000005	1
21.100000000000051	1
21.200000000000053	1
21.300000000000054	1
21.400000000000055	1
21.500000000000057	1
21.600000000000058	1
21.70000000000006	1
21.800000000000061	1
21.900000000000063	1
22.000000000000064	1
22.100000000000065	1
22.200000000000067	1
22.300000000000068	1
22.40000000000007	1
22.500000000000071	1
22.600000000000072	1
22.700000000000074	1
22.800000000000075	1
22.900000000000077	1
23.000000000000078	1
23.10000000000008	1
23.200000000000081	1
23.300000000000082	1
23.400000000000084	1
23.500000000000085	1
23.600000000000087	3
23.700000000000088	2.5
23.80000000000009	4.99753
23.900000000000091	7.44171
24.000000000000092	5.06168
24.100000000000094	7.61807
24.200000000000095	4.36383
24.300000000000097	6.43732
24.400000000000098	4.37721
24.500000000000099	7.04587
24.600000000000101	3.86451
24.700000000000102	6.11588
24.800000000000104	8.81893
24.900000000000105	4.84428
25.000000000000107	7.06042
25.100000000000108	3.80543
25.200000000000109	6.07954
25.300000000000111	3.35638
25.400000000000112	5.45579
25.500000000000114	2.72789
25.600000000000115	4.23103
25.700000000000117	2.92543
25.800000000000118	5.01169
25.900000000000119	7.17504
26.000000000000121	4.17233
26.100000000000122	5.06025
26.200000000000124	7.61713
26.300000000000125	10.3114
26.400000000000126	13.1365
26.500000000000128	7.59464
26.600000000000129	7.59464
26.700000000000131	7.59464
26.800000000000132	2.31579
26.900000000000134	3.99275
27.000000000000135	5.50185
27.100000000000136	5.50185
27.200000000000138	2
27.300000000000139	4.33944
27.400000000000141	7.02286
27.500000000000142	9.46687
27.600000000000144	12.1603
27.700000000000145	6.96436
27.800000000000146	4.02018
27.900000000000148	4.02018
28.000000000000149	2.56971
28.100000000000151	4.37758
28.200000000000152	2.18879
28.300000000000153	3.35437
28.400000000000155	5.98725
28.500000000000156	8.49711
28.600000000000158	5.05906
28.700000000000159	6.14754
28.800000000000161	7.61635
28.900000000000162	10.2129
29.000000000000163	5.34674
29.100000000000165	5.34674
29.200000000000166	1
29.300000000000168	3.24483
29.400000000000169	2.69501
29.500000000000171	4.67315
29.600000000000172	7.23061
29.700000000000173	10.0305
29.800000000000175	12.7614
29.900000000000176	6.83598
30.000000000000178	8.30221
30.100000000000179	4.32923
30.20000000000018	4.32923
30.300000000000182	2
30.400000000000183	4.33944
30.500000000000185	4.33944
30.600000000000186	1
30.700000000000188	3.55301
30.800000000000189	6.09735
30.90000000000019	3.72086
31.000000000000192	4.4761
31.100000000000193	7.10672
31.200000000000195	4.94183
31.300000000000196	6.53495
31.400000000000198	9.22242
31.500000000000199	4.66543
31.6000000000002	6.33063
31.700000000000202	3.16531
31.800000000000203	4.5153
31.900000000000205	7.13109
32.000000000000206	4.27303
32.100000000000207	4.27303
32.200000000000209	4.27303
32.30000000000021	2.9
32.400000000000212	5.19763
32.500000000000213	2.78778
32.600000000000215	3.4643
32.700000000000216	6.04758
32.800000000000217	8.53942
32.900000000000219	4.50392
33.00000000000022	2.69602
33.100000000000222	5.09226
33.200000000000223	7.76912
33.300000000000225	10.0308
33.400000000000226	5.98078
33.500000000000227	3.60412
33.600000000000229	5.95862
33.70000000000023	8.47711
33.800000000000232	10.8679
33.900000000000233	5.43395
34.000000000000234	3.53859
34.100000000000236	6.08919
34.200000000000237	8.80058
34.300000000000239	5.1869
34.40000000000024	6.56838
34.500000000000242	9.246
34.600000000000243	12.073
34.700000000000244	6.81686
34.800000000000246	3.95664
34.900000000000247	6.00682
35.000000000000249	8.14801
35.10000000000025	4.074
35.200000000000252	6.24773
35.300000000000253	8.56461
35.400000000000254	11.1182
35.500000000000256	5.55911
35.600000000000257	6.08235
35.700000000000259	8.79588
35.80000000000026	5.08709
35.900000000000261	5.47293
36.000000000000263	3.9854
36.100000000000264	5.85464
36.200000000000266	2.92732
36.300000000000267	4.80461
36.400000000000269	2.40231
36.50000000000027	4.95287
36.600000000000271	7.41214
36.700000000000273	4.27445
36.800000000000274	5.70667
36.900000000000276	8.30333
37.000000000000277	5.43245
37.100000000000279	3.66796
37.20000000000028	5.07825
37.300000000000281	2.73237
37.400000000000283	3.4211
37.500000000000284	5.85283
37.600000000000286	4.11338
37.700000000000287	6.43242
37.800000000000288	3.81065
37.90000000000029	5.91363
38.000000000000291	3.59851
38.100000000000293	2.41096
38.200000000000294	3.78032
38.300000000000296	1.89016
38.400000000000297	3.54517
38.500000000000298	5.38499
38.6000000000003	3.0639
38.700000000000301	5.47609
38.800000000000303	2.91771
38.900000000000304	5.20709
39.000000000000306	7.97151
39.100000000000307	10.0887
39.200000000000308	5.61739
39.30000000000031	8.24275
39.400000000000311	4.79833
39.500000000000313	5.58377
39.600000000000314	3.67588
39.700000000000315	6.16783
39.800000000000317	8.50687
39.900000000000318	4.48854
40.00000000000032	4.48854
40.100000000000321	1
40.200000000000323	3.55301
40.300000000000324	6.09735
40.400000000000325	4.16814
40.500000000000327	4.40806
40.600000000000328	4.40806
40.70000000000033	2.5
40.800000000000331	5.19763
40.900000000000333	5.39003
41.000000000000334	2.69501
41.100000000000335	2.69501
41.200000000000337	1
41.300000000000338	3.55301
41.40000000000034	2.49877
41.500000000000341	2.89896
41.600000000000342	2.89896
41.700000000000344	2.9
41.800000000000345	5.19763
41.900000000000347	3.2884
42.000000000000348	5.95179
42.10000000000035	3.44866
42.200000000000351	3.44866
42.300000000000352	3.44866
42.400000000000354	2.5
42.500000000000355	5.19763
42.600000000000357	7.96541
42.700000000000358	9.88255
42.80000000000036	4.94127
42.900000000000361	4.94127
43.000000000000362	2.9
43.100000000000364	5.39003
43.200000000000365	2.87745
43.300000000000367	5.18566
43.400000000000368	7.95769
43.500000000000369	4.56793
43.600000000000371	4.56793
43.700000000000372	1
43.800000000000374	3.55301
43.900000000000375	6.0