10	1
10.1	1
10.199999999999999	1
10.299999999999999	1
10.399999999999999	1
10.499999999999998	1
10.599999999999998	1
10.699999999999998	1
10.799999999999997	1
10.899999999999997	1
10.999999999999996	1
11.099999999999996	1
11.199999999999996	1
11.299999999999995	1
11.399999999999995	1
11.499999999999995	1
11.599999999999994	1
11.699999999999994	1
11.799999999999994	1
11.899999999999993	1
11.999999999999993	1
12.099999999999993	1
12.199999999999992	1
12.299999999999992	1
12.399999999999991	1
12.499999999999991	1
12.599999999999991	1
12.69999999999999	1
12.79999999999999	1
12.89999999999999	1
12.999999999999989	1
13.099999999999989	1
13.199999999999989	1
13.299999999999988	1
13.399999999999988	1
13.499999999999988	1
13.599999999999987	1
13.699999999999987	1
13.799999999999986	1
13.899999999999986	1
13.999999999999986	1
14.099999999999985	1
14.199999999999985	1
14.299999999999985	1
14.399999999999984	1
14.499999999999984	1
14.599999999999984	1
14.699999999999983	1
14.799999999999983	1
14.899999999999983	1
14.999999999999982	1
15.099999999999982	1
15.199999999999982	1
15.299999999999981	1
15.399999999999981	1
15.49999999999998	1
15.59999999999998	1
15.69999999999998	1
15.799999999999979	1
15.899999999999979	1
15.999999999999979	1
16.09999999999998	1
16.199999999999982	1
16.299999999999983	1
16.399999999999984	1
16.499999999999986	1
16.599999999999987	1
16.699999999999989	1
16.79999999999999	1
16.899999999999991	1
16.999999999999993	1
17.099999999999994	1
17.199999999999996	1
17.299999999999997	1
17.399999999999999	1
17.5	1
17.600000000000001	1
17.700000000000003	1
17.800000000000004	1
17.900000000000006	1
18.000000000000007	1
18.100000000000009	1
18.20000000000001	1
18.300000000000011	1
18.400000000000013	1
18.500000000000014	1
18.600000000000016	1
18.700000000000017	1
18.800000000000018	1
18.90000000000002	1
19.000000000000021	1
19.100000000000023	1
19.200000000000024	1
19.300000000000026	1
19.400000000000027	1
19.500000000000028	1
19.60000000000003	1
19.700000000000031	1
19.800000000000033	1
19.900000000000034	1
20.000000000000036	1
20.100000000000037	1
20.200000000000038	1
20.30000000000004	1
20.400000000000041	1
20.500000000000043	1
20.600000000000044	1
20.700000000000045	1
20.800000000000047	1
20.900000000000048	1
21.00000000000005	1
21.100000000000051	1
21.200000000000053	1
21.300000000000054	1
21.400000000000055	1
21.500000000000057	1
21.600000000000058	1
21.70000000000006	1
21.800000000000061	1
21.900000000000063	1
22.000000000000064	1
22.100000000000065	1
22.200000000000067	1
22.300000000000068	1
22.40000000000007	1
22.500000000000071	1
22.600000000000072	1
22.700000000000074	1
22.800000000000075	1
22.900000000000077	1
23.000000000000078	1
23.10000000000008	1
23.200000000000081	1
23.300000000000082	1
23.400000000000084	1
23.500000000000085	1
23.600000000000087	1
23.700000000000088	1
23.80000000000009	1
23.900000000000091	1
24.000000000000092	1
24.100000000000094	1
24.200000000000095	1
24.300000000000097	1
24.400000000000098	1
24.500000000000099	1
24.600000000000101	1
24.700000000000102	1
24.800000000000104	1
24.900000000000105	1
25.000000000000107	1
25.100000000000108	1
25.200000000000109	1
25.300000000000111	1
25.400000000000112	1
25.500000000000114	1
25.600000000000115	1
25.700000000000117	1
25.800000000000118	1
25.900000000000119	1
26.000000000000121	1
26.100000000000122	1
26.200000000000124	1
26.300000000000125	1
26.400000000000126	1
26.500000000000128	1
26.600000000000129	1
26.700000000000131	1
26.800000000000132	1
26.900000000000134	1
27.000000000000135	1
27.100000000000136	1
27.200000000000138	1
27.300000000000139	1
27.400000000000141	1
27.500000000000142	1
27.600000000000144	1
27.700000000000145	1
27.800000000000146	1
27.900000000000148	1
28.000000000000149	1
28.100000000000151	1
28.200000000000152	1
28.300000000000153	4
28.400000000000155	15.5
28.500000000000156	15.5
28.600000000000158	2
28.700000000000159	10.3632
28.800000000000161	5.64538
28.900000000000162	10.1222
29.000000000000163	7.29429
29.100000000000165	10.5631
29.200000000000166	15.2298
29.300000000000168	21.0302
29.400000000000169	26.7677
29.500000000000171	31.5702
29.600000000000172	19.8717
29.700000000000173	11.6137
29.800000000000175	8.47433
29.900000000000176	6.1452
30.000000000000178	11.5932
30.100000000000179	17.2279
30.20000000000018	10.5006
30.300000000000182	8.27767
30.400000000000183	13.8939
30.500000000000185	19.4776
30.600000000000186	12.5088
30.700000000000188	17.2276
30.800000000000189	10.9205
30.90000000000019	15.7996
31.000000000000192	10.5137
31.100000000000193	15.1956
31.200000000000195	21.0055
31.300000000000196	12.5041
31.400000000000198	16.5115
31.500000000000199	10.9946
31.6000000000002	16.4708
31.700000000000202	9.79667
31.800000000000203	15.3109
31.900000000000205	10.8594
32.000000000000206	6.82194
32.100000000000207	11.0918
32.200000000000209	6.84705
32.30000000000021	3.90561
32.400000000000212	8.12399
32.500000000000213	6.25366
32.600000000000215	11.7364
32.700000000000216	16.373
32.800000000000217	11.8669
32.900000000000219	17.4128
33.00000000000022	22.2138
33.100000000000222	28.0657
33.200000000000223	14.1748
33.300000000000225	7.53301
33.400000000000226	7.53301
33.500000000000227	3.90856
33.600000000000229	8.95093
33.70000000000023	6.60511
33.800000000000232	11.2322
33.900000000000233	16.9876
34.000000000000234	10.1088
34.100000000000236	6.09047
34.200000000000237	8.56964
34.300000000000239	5.69484
34.40000000000024	4.87272
34.500000000000242	3.81438
34.600000000000243	7.15481
34.700000000000244	12.6398
34.800000000000246	18.2793
34.900000000000247	10.6851
35.000000000000249	15.3144
35.10000000000025	5.14427
35.200000000000252	9.85498
35.300000000000253	9.21486
35.400000000000254	13.9761
35.500000000000256	10.425
35.600000000000257	8.54726
35.700000000000259	13.1716
35.80000000000026	9.30311
35.900000000000261	5.59457
36.000000000000263	5.45413
36.100000000000264	10.0181
36.200000000000266	15.5178
36.300000000000267	10.4295
36.400000000000269	6.98332
36.50000000000027	10.8263
36.600000000000271	16.3592
36.700000000000273	22.1343
36.800000000000274	12.7874
36.900000000000276	16.7268
37.000000000000277	22.4071
37.100000000000279	12.925
37.20000000000028	7.51074
37.300000000000281	12.1199
37.400000000000283	8.05262
37.500000000000284	13.2418
37.600000000000286	11.1517
37.700000000000287	15.8971
37.800000000000288	9.47362
37.90000000000029	5.42878
38.000000000000291	10.5899
38.100000000000293	5.57219
38.200000000000294	4.67902
38.300000000000296	6.34054
38.400000000000297	10.9889
38.500000000000298	16.467
38.6000000000003	5.15659
38.700000000000301	8.31105
38.800000000000303	13.0202
38.900000000000304	8.30314
39.000000000000306	13.5438
39.100000000000307	9.49067
39.200000000000308	5.53858
39.30000000000031	11.0168
39.400000000000311	16.5462
39.500000000000313	11.4089
39.600000000000314	15.9531
39.700000000000315	7.97653
39.800000000000317	7.97653
39.900000000000318	5.62582
40.00000000000032	10.0116
40.100000000000321	9.14702
40.200000000000323	14.7018
40.300000000000324	20.3585
40.400000000000325	6.41923
40.500000000000327	10.2801
40.600000000000328	16.0039
40.70000000000033	21.6432
40.800000000000331	26.4316
40.900000000000333	14.4111
41.000000000000334	14.5495
41.100000000000335	7.512
41.200000000000337	4.96769
41.300000000000338	10.0694
41.40000000000034	15.6151
41.500000000000341	20.3494
41.600000000000342	26.1601
41.700000000000344	32.0398
41.800000000000345	18.1154
41.900000000000347	9.43676
42.000000000000348	11.9704
42.10000000000035	17.4835
42.200000000000351	12.337
42.300000000000352	6.89772
42.400000000000354	11.3171
42.500000000000355	8.3488
42.600000000000357	14.0079
42.700000000000358	18.6684
42.80000000000036	24.3881
42.900000000000361	15.0452
43.000000000000362	9.70692
43.100000000000364	14.3043
43.200000000000365	9.91136
43.300000000000367	6.41276
43.400000000000368	10.5654
43.500000000000369	15.2313
43.600000000000371	8.63557
43.700000000000372	5.49581
43.800000000000374	10.7181
43.900000000000375	7.12678
44.000000000000377	7.12678
44.100000000000378	9.95629
44.200000000000379	8.44151
44.300000000000381	6.48916
44.400000000000382	5.07396
44.500000000000384	10.3181
44.600000000000385	14.7248
44.700000000000387	10.1255
44.