10	1
10.1	1
10.199999999999999	1
10.299999999999999	1
10.399999999999999	1
10.499999999999998	1
10.599999999999998	1
10.699999999999998	1
10.799999999999997	1
10.899999999999997	1
10.999999999999996	1
11.099999999999996	1
11.199999999999996	1
11.299999999999995	1
11.399999999999995	1
11.499999999999995	1
11.599999999999994	1
11.699999999999994	1
11.799999999999994	1
11.899999999999993	1
11.999999999999993	1
12.099999999999993	1
12.199999999999992	1
12.299999999999992	1
12.399999999999991	1
12.499999999999991	1
12.599999999999991	1
12.69999999999999	1
12.79999999999999	1
12.89999999999999	1
12.999999999999989	1
13.099999999999989	1
13.199999999999989	1
13.299999999999988	1
13.399999999999988	8
13.499999999999988	7
13.599999999999987	7
13.699999999999987	4.63158
13.799999999999986	10.9692
13.899999999999986	17.3431
13.999999999999986	11.569
14.099999999999985	17.9522
14.199999999999985	11.3877
14.299999999999985	17.9482
14.399999999999984	14.1772
14.499999999999984	11.4742
14.599999999999984	5.78069
14.699999999999983	5.78069
14.799999999999983	6.09735
14.899999999999983	12.4054
14.999999999999982	18.0074
15.099999999999982	6.47396
15.199999999999982	6.09404
15.299999999999981	5.28699
15.399999999999981	11.608
15.49999999999998	17.1796
15.59999999999998	12.3322
15.69999999999998	18.9344
15.799999999999979	14.0722
15.899999999999979	9.30465
15.999999999999979	14.5955
16.09999999999998	8.32407
16.199999999999982	8.32407
16.299999999999983	4.48529
16.399999999999984	4.02215
16.499999999999986	4.26745
16.599999999999987	4.22247
16.699999999999989	4.40977
16.79999999999999	10.6931
16.899999999999991	8.35447
16.999999999999993	14.9794
17.099999999999994	21.5115
17.199999999999996	13.0907
17.299999999999997	19.692
17.399999999999999	26.3831
17.5	7.40941
17.600000000000001	7.40941
17.700000000000003	2
17.800000000000004	8.48916
17.900000000000006	14.3734
18.000000000000007	9.44548
18.100000000000009	6.35934
18.20000000000001	11.8773
18.300000000000011	7.30201
18.400000000000013	7.24675
18.500000000000014	6.56195
18.600000000000016	6.03475
18.700000000000017	8.41152
18.800000000000018	8.23647
18.90000000000002	14.5054
19.000000000000021	4.17278
19.100000000000023	6.96893
19.200000000000024	7.13262
19.300000000000026	6.5858
19.400000000000027	5.38209
19.500000000000028	4.36098
19.60000000000003	10.579
19.700000000000031	7.03922
19.800000000000033	7.03922
19.900000000000034	1
20.000000000000036	8.48916
20.100000000000037	6.19361
20.200000000000038	11.2678
20.30000000000004	5.01451
20.400000000000041	7.02525
20.500000000000043	5.8797
20.600000000000044	12.1368
20.700000000000045	8.39086
20.800000000000047	7.21886
20.900000000000048	13.6658
21.00000000000005	11.1406
21.100000000000051	10.3014
21.200000000000053	8.6316
21.300000000000054	8.49647
21.400000000000055	7.23339
21.500000000000057	13.5999
21.600000000000058	9.68648
21.70000000000006	9.78971
21.800000000000061	9.78971
21.900000000000063	4
22.000000000000064	10.1462
22.100000000000065	6.50562
22.200000000000067	13.2251
22.300000000000068	9.16388
22.40000000000007	4.6365
22.500000000000071	10.6931
22.600000000000072	7.0832
22.700000000000074	3.5416
22.800000000000075	3.5416
22.900000000000077	2.9
23.000000000000078	2.9
23.10000000000008	2.9
23.200000000000081	8.80618
23.300000000000082	7.9619
23.400000000000084	14.2821
23.500000000000085	9.05838
23.600000000000087	5.88914
23.700000000000088	5.71017
23.80000000000009	5.07906
23.900000000000091	3.64714
24.000000000000092	6.99339
24.100000000000094	6.3753
24.200000000000095	5.95951
24.300000000000097	11.2319
24.400000000000098	6.0876
24.500000000000099	3.12594
24.600000000000101	3.12594
24.700000000000102	5.19763
24.800000000000104	1.72505
24.900000000000105	7.77858
25.000000000000107	6.0612
25.100000000000108	4.98095
25.200000000000109	3.98451
25.300000000000111	4.14188
25.400000000000112	4.4804
25.500000000000114	4.51657
25.600000000000115	4.61311
25.700000000000117	9.69706
25.800000000000118	15.828
25.900000000000119	6.28525
26.000000000000121	5.52433
26.100000000000122	4.87576
26.200000000000124	8.73865
26.300000000000125	8.23006
26.400000000000126	6.05197
26.500000000000128	2.56948
26.600000000000129	4.29236
26.700000000000131	10.2619
26.800000000000132	10.2482
26.900000000000134	16.4773
27.000000000000135	10.1453
27.100000000000136	7.59069
27.200000000000138	6.12577
27.300000000000139	6.07587
27.400000000000141	2.64785
27.500000000000142	7.21432
27.600000000000144	4.95901
27.700000000000145	4.95901
27.800000000000146	2
27.900000000000148	7.96541
28.000000000000149	14.2841
28.100000000000151	11.419
28.200000000000152	7.60626
28.300000000000153	5.39254
28.400000000000155	3.06715
28.500000000000156	3.06715
28.600000000000158	4.33944
28.700000000000159	4.45987
28.800000000000161	4.43247
28.900000000000162	8.26311
29.000000000000163	2.58489
29.100000000000165	7.60237
29.200000000000166	5.88498
29.300000000000168	3.77107
29.400000000000169	8.06195
29.500000000000171	5.94529
29.600000000000172	2.97559
29.700000000000173	8.59893
29.800000000000175	8.31597
29.900000000000176	6.41017
30.000000000000178	6.25411
30.100000000000179	6.42031
30.20000000000018	7.78832
30.300000000000182	5.51822
30.400000000000183	5.68887
30.500000000000185	12.0466
30.600000000000186	6.26817
30.700000000000188	6.26817
30.800000000000189	5.44207
30.90000000000019	11.5922
31.000000000000192	3.9975
31.100000000000193	4.20524
31.200000000000195	9.08104
31.300000000000196	6.7242
31.400000000000198	5.10025
31.500000000000199	11.3499
31.6000000000002	7.16568
31.700000000000202	7.64729
31.800000000000203	13.0006
31.900000000000205	7.60216
32.000000000000206	7.7337
32.100000000000207	7.7337
32.200000000000209	5.05378
32.30000000000021	5.97908
32.400000000000212	5.35506
32.500000000000213	6.00051
32.600000000000215	6.05054
32.700000000000216	5.68429
32.800000000000217	7.24965
32.900000000000219	13.682
33.00000000000022	8.88056
33.100000000000222	13.0095
33.200000000000223	3.79708
33.300000000000225	9.23698
33.400000000000226	4.61849
33.500000000000227	4.61849
33.600000000000229	5.19763
33.70000000000023	5.40913
33.800000000000232	10.7682
33.900000000000233	8.99671
34.000000000000234	4.13766
34.100000000000236	4.46941
34.200000000000237	4.51394
34.300000000000239	6.94741
34.40000000000024	5.58445
34.500000000000242	5.73841
34.600000000000243	11.1174
34.700000000000244	17.6084
34.800000000000246	12.857
34.900000000000247	3.91794
35.000000000000249	3.19161
35.10000000000025	4.3363
35.200000000000252	10.0826
35.300000000000253	3.61935
35.400000000000254	4.64971
35.500000000000256	4.93675
35.600000000000257	10.1538
35.700000000000259	7.51552
35.80000000000026	6.38388
35.900000000000261	6.54167
36.000000000000263	7.12644
36.100000000000264	12.1376
36.200000000000266	4.26492
36.300000000000267	10.3483
36.400000000000269	7.57596
36.50000000000027	14.0719
36.600000000000271	11.0421
36.700000000000273	10.1513
36.800000000000274	8.95489
36.900000000000276	7.18793
37.000000000000277	5.1485
37.100000000000279	5.1485
37.20000000000028	2.5
37.300000000000281	1.77651
37.400000000000283	2.84843
37.500000000000284	3.65214
37.600000000000286	4.13521
37.700000000000287	10.2968
37.800000000000288	8.33266
37.90000000000029	6.20147
38.000000000000291	6.06508
38.100000000000293	2.92737
38.200000000000294	3.29414
38.300000000000296	2.80172
38.400000000000297	3.47523
38.500000000000298	3.47523
38.6000000000003	2.9
38.700000000000301	2.9
38.800000000000303	2.9
38.900000000000304	2.9
39.000000000000306	2.5
39.100000000000307	3.06558
39.200000000000308	3.06558
39.30000000000031	4.33944
39.400000000000311	10.4749
39.500000000000313	7.58444
39.600000000000314	10.7646
39.700000000000315	10.2773
39.800000000000317	7.90656
39.900000000000318	12.2045
40.00000000000032	9.3284
40.100000000000321	8.98844
40.200000000000323	15.0768
40.300000000000324	10.6383
40.400000000000325	7.78973
40.500000000000327	6.9725
40.600000000000328	13.2386
40.70000000000033	8.65346
40.800000000000331	6.18955
40.900000000000333	5.32794
41.000000000000334	10.4435
41.100000000000335	7.76958
41.200000000000337	4.58416
41.300000000000338	11.2199
41.40000000000034	17.3875
41.500000000000341	5.45071
41.600000000000342	6.19883
41.700000000000344	5.93887
41.800000000000345	10.8572
41.900000000000347	8.53496
42.000000000000348	8.17753
42.10000000000035	7.16651
42.200000000000351	12.4061
42.300000000000352	4.92803
42.400000000000354	10.8204
42.500000000000355	8.43051
42.600000000000357	7.52674
42.700000000000358	14.0456
42.80000000000036	4.16722
42.900000000000361	5.14323
43.000000000000362	10.4484
43.100000000000364	3.55298
43.200000000000365	4.35054
43.300000000000367	10.5748
43.400000000000368	7.72054
43.500000000000369	5.9591
43.600000000000371	10.2006
43.700000000000372	3.35467
43.800000000000374	8.95857
43.900000000000375	5.39544
44.000000000000377	8.45965
44.100000000000378	3.70646
44.200000000000379	3.70646
44.300000000000381	3.70646
44.400000000000382	6.09735
44.500000000000384	4.40309
44.600000000000385	4.40309
44.700000000000387	2.9
44.800000000000388	7.96541
44.900000000000389	8.02807
45.000000000000391	14.3887
45.100000000000392	5.19827
45.200000000000394	4.94144
45.300000000000395	4.50531
45.400000000000396	10.3508
45.500000000000398	9.34499
45.600000000000399	15.8068
45.700000000000401	5.70726
45.800000000000402	11.1015
45.900000000000404	8.21573
46.000000000000405	8.95289
46.100000000000406	6.60859
46.200000000000408	6.8919
46.300000000000409	7.39291
46.400000000000411	8.33451
46.500000000000412	3.59885
46.600000000000414	4.63451
46.700000000000415	5.76634
46.800000000000416	6.56979
46.900000000000418	7.58811
47.000000000000419	13.7906
47.100000000000421	3.64258
47.200000000000422	3.64258
47.300000000000423	1
47.400000000000425	7.02286
47.500000000000426	12.3242
47.600000000000428	19.0348
47.700000000000429	12.2941
47.800000000000431	10.2342
47.900000000000432	7.12516
48.000000000000433	4.82372
48.100000000000435	3.30103
48.200000000000436	3.30103
48.300000000000438	3.55301
48.400000000000439	3.91891
48.500000000000441	8.72766
48.600000000000442	2.67644
48.700000000000443	3.67397
48.800000000000445	5.725
48.900000000000446	5.725
49.000000000000448	1
49.100000000000449	2.9
49.20000000000045	2.9
49.300000000000452	2.9
49.400000000000453	2.9
49.500000000000455	4.33944
49.600000000000456	10.4749
49.700000000000458	8.44393
49.800000000000459	6.63138
49.90000000000046	5.9279
50.000000000000462	4.59232
50.100000000000463	10.8609
50.200000000000465	7.81711
50.300000000000466	6.77607
50.400000000000468	10.9727
50.500000000000469	8.17639
50.60000000000047	6.19012
50.700000000000472	4.81569
50.800000000000473	4.36388
50.900000000000475	6.00355
51.000000000000476	4.42818
51.100000000000477	10.3182
51.200000000000479	8.3364
51.30000000000048	7.99963
51.400000000000482	14.0912
51.500000000000483	11.0946
51.600000000000485	8.30788
51.700000000000486	6.66878
51.800000000000487	12.5343
51.900000000000489	8.09422
52.00000000000049	7.27853
52.100000000000492	13.7702
52.200000000000493	4.93632
52.300000000000495	2.95816
52.400000000000496	6.60134
52.500000000000497	5.87704
52.600000000000499	11.0078
52.7000000000005	8.57935
52.800000000000502	6.45701
52.900000000000503	5.60406
53.000000000000504	6.97311
53.100000000000506	5.68601
53.200000000000507	4.60483
53.300000000000509	4.89818
53.40000000000051	8.97806
53.500000000000512	7.10029
53.600000000000513	5.93572
53.700000000000514	4.94337
53.800000000000516	11.0112
53.900000000000517	6.27411
54.000000000000519	6.27411
54.10000000000052	3
54.200000000000522	9.06265
54.300000000000523	7.08131
54.400000000000524	6.33257
54.500000000000526	12.5215
54.600000000000527	18.1979
54.700000000000529	12.4129
54.80000000000053	10.0698
54.900000000000531	9.01643
55.000000000000533	15.0269
55.100000000000534	9.90097
55.200000000000536	6.29026
55.300000000000537	4.13995
55.400000000000539	10.2987
55.50000000000054	16.0158
55.600000000000541	11.3767
55.700000000000543	4.87085
55.800000000000544	6.06297
55.900000000000546	5.65973
56.000000000000547	11.0775
56.100000000000549	3.36695
56.20000000000055	3.36695
56.300000000000551	4.09525
56.400000000000553	10.1831
56.500000000000554	8.96891
56.600000000000556	4.91256
56.700000000000557	4.91256
56.800000000000558	3.24483
56.90000000000056	9.14257
57.000000000000561	15.5602
57.100000000000563	10.1