10	1
10.1	1
10.199999999999999	12.5
10.299999999999999	12.5
10.399999999999999	15.6357
10.499999999999998	9.20105
10.599999999999998	6.28067
10.699999999999998	9.99577
10.799999999999997	13.5729
10.899999999999997	7.35669
10.999999999999996	12.0256
11.099999999999996	6.2581
11.199999999999996	7.96287
11.299999999999995	11.4793
11.399999999999995	7.04597
11.499999999999995	11.4951
11.599999999999994	7.0772
11.699999999999994	10.5112
11.799999999999994	14.0276
11.899999999999993	10.5644
11.999999999999993	14.2797
12.099999999999993	18.1148
12.199999999999992	9.43647
12.299999999999992	13.98
12.399999999999991	17.6543
12.499999999999991	21.4446
12.599999999999991	11.4448
12.69999999999999	15.404
12.79999999999999	19.2225
12.89999999999999	11.2454
12.999999999999989	15.0583
13.099999999999989	18.8408
13.199999999999989	10.3339
13.299999999999988	14.1103
13.399999999999988	17.8139
13.499999999999988	9.3459
13.599999999999987	13.7744
13.699999999999987	17.4348
13.799999999999986	11.236
13.899999999999986	7.22543
13.999999999999986	11.777
14.099999999999985	8.18581
14.199999999999985	11.9746
14.299999999999985	6.99188
14.399999999999984	4.72201
14.499999999999984	7.79784
14.599999999999984	11.366
14.699999999999983	6.42863
14.799999999999983	8.09693
14.899999999999983	12.6495
14.999999999999982	16.3789
15.099999999999982	9.82917
15.199999999999982	11.0785
15.299999999999981	15.655
15.399999999999981	10.2734
15.49999999999998	6.51502
15.59999999999998	9.73914
15.69999999999998	2.73083
15.799999999999979	5.10977
15.899999999999979	8.63952
15.999999999999979	5.60501
16.09999999999998	9.16037
16.199999999999982	7.05591
16.299999999999983	10.5922
16.399999999999984	5.61815
16.499999999999986	8.24326
16.599999999999987	12.9772
16.699999999999989	6.679
16.79999999999999	8.4168
16.899999999999991	5.45673
16.999999999999993	8.7322
17.099999999999994	12.3531
17.199999999999996	16.0893
17.299999999999997	8.55755
17.399999999999999	10.1688
17.5	6.39601
17.600000000000001	9.01416
17.700000000000003	5.74914
17.800000000000004	9.24839
17.900000000000006	6.48287
18.000000000000007	10.1231
18.100000000000009	13.885
18.20000000000001	17.5222
18.300000000000011	9.60624
18.400000000000013	9.60624
18.500000000000014	5.98207
18.600000000000016	9.28596
18.700000000000017	7.61972
18.800000000000018	5.15965
18.90000000000002	8.66874
19.000000000000021	5.87079
19.100000000000023	10.2483
19.200000000000024	7.21498
19.300000000000026	4.91565
19.400000000000027	8.16565
19.500000000000028	6.08915
19.60000000000003	10.5657
19.700000000000031	14.2806
19.800000000000033	8.5457
19.900000000000034	12.0572
20.000000000000036	7.87169
20.100000000000037	6.16026
20.200000000000038	9.18433
20.30000000000004	12.9885
20.400000000000041	3.69289
20.500000000000043	7.09253
20.600000000000044	5.27759
20.700000000000045	8.50504
20.800000000000047	5.98578
20.900000000000048	10.314
21.00000000000005	14.0958
21.100000000000051	7.25812
21.200000000000053	9.64191
21.300000000000054	6.51932
21.400000000000055	10.1463
21.500000000000057	5.72426
21.600000000000058	8.19327
21.70000000000006	6.24996
21.800000000000061	9.97665
21.900000000000063	13.4847
22.000000000000064	6.10437
22.100000000000065	11.4434
22.200000000000067	15.2065
22.300000000000068	19.0647
22.40000000000007	22.927
22.500000000000071	12.7283
22.600000000000072	8.3144
22.700000000000074	12.0625
22.800000000000075	7.27481
22.900000000000077	10.8316
23.000000000000078	2.80022
23.10000000000008	5.70783
23.200000000000081	9.22301
23.300000000000082	5.81586
23.400000000000084	8.37814
23.500000000000085	5.00932
23.600000000000087	3.51559
23.700000000000088	6.55727
23.80000000000009	11.1144
23.900000000000091	14.8937
24.000000000000092	8.78057
24.100000000000094	5.55517
24.200000000000095	3.87488
24.300000000000097	5.21768
24.400000000000098	3.73642
24.500000000000099	7.11466
24.600000000000101	10.5363
24.700000000000102	6.69429
24.800000000000104	4.33226
24.900000000000105	4.33226
25.000000000000107	6.87301
25.100000000000108	4.91724
25.200000000000109	8.28905
25.300000000000111	4.97221
25.400000000000112	8.07554
25.500000000000114	11.7299
25.600000000000115	6.81968
25.700000000000117	5.09688
25.800000000000118	8.39544
25.900000000000119	5.213
26.000000000000121	7.58654
26.100000000000122	10.951
26.200000000000124	8.1476
26.300000000000125	5.21131
26.400000000000126	4.2149
26.500000000000128	7.77093
26.600000000000129	5.44811
26.700000000000131	5.44811
26.800000000000132	5.44811
26.900000000000134	3.83446
27.000000000000135	6.87746
27.100000000000136	2.43873
27.200000000000138	2.75268
27.300000000000139	2.75268
27.400000000000141	1
27.500000000000142	2.5
27.600000000000144	2.5
27.700000000000145	2.5
27.800000000000146	2.5
27.900000000000148	3.55301
28.000000000000149	6.5768
28.100000000000151	10.1831
28.200000000000152	5.95509
28.300000000000153	5.95509
28.400000000000155	2
28.500000000000156	6.09735
28.600000000000158	9.67696
28.700000000000159	7.77066
28.800000000000161	11.3474
28.900000000000162	7.01743
29.000000000000163	7.01743
29.100000000000165	3.7183
29.200000000000166	7.65257
29.300000000000168	5.38432
29.400000000000169	8.91633
29.500000000000171	4.68247
29.600000000000172	4.68247
29.700000000000173	2.9
29.800000000000175	7.02286
29.900000000000176	10.2813
30.000000000000178	5.70367
30.100000000000179	4.29789
30.20000000000018	1.58165
30.300000000000182	1.58165
30.400000000000183	2
30.500000000000185	2
30.600000000000186	2
30.700000000000188	2
30.800000000000189	2
30.90000000000019	5.19763
31.000000000000192	4.04547
31.100000000000193	4.04547
31.200000000000195	4.04547
31.300000000000196	2.9
31.400000000000198	6.5768
31.500000000000199	4.94127
31.6000000000002	7.12656
31.700000000000202	4.39811
31.800000000000203	7.99691
31.900000000000205	6.10294
32.000000000000206	9.68046
32.100000000000207	5.74885
32.200000000000209	3.43621
32.30000000000021	7.78739
32.400000000000212	5.17032
32.500000000000213	3.50143
32.600000000000215	6.99774
32.700000000000216	5.15569
32.800000000000217	8.43084
32.900000000000219	5.29174
33.00000000000022	3.40063
33.100000000000222	6.01245
33.200000000000223	10.3293
33.300000000000225	14.107
33.400000000000226	4.10223
33.500000000000227	2.69763
33.600000000000229	6.00895
33.70000000000023	3.90116
33.800000000000232	7.20027
33.900000000000233	4.4173
34.000000000000234	5.98518
34.100000000000236	8.95709
34.200000000000237	2.35092
34.300000000000239	5.13293
34.40000000000024	4.37578
34.500000000000242	3.37598
34.600000000000243	6.32787
34.700000000000244	3.68086
34.800000000000246	4.44332
34.900000000000247	8.14607
35.000000000000249	5.71619
35.10000000000025	2.94556
35.200000000000252	2.94556
35.300000000000253	2
35.400000000000254	2.39435
35.500000000000256	5.15136
35.600000000000257	8.66387
35.700000000000259	11.9745
35.80000000000026	7.48821
35.900000000000261	4.90779
36.000000000000263	3.82546
36.100000000000264	6.25597
36.200000000000266	6.20397
36.300000000000267	4.33033
36.400000000000269	3.43591
36.50000000000027	2.45842
36.600000000000271	6.08171
36.700000000000273	5.12503
36.800000000000274	4.3736
36.900000000000276	7.98371
37.000000000000277	6.43072
37.100000000000279	9.57894
37.20000000000028	4.78947
37.300000000000281	7.70855
37.400000000000283	5.21202
37.500000000000284	9.6846
37.600000000000286	4.94501
37.700000000000287	4.13808
37.800000000000288	7.59882
37.90000000000029	4.89893
38.000000000000291	7.23849
38.100000000000293	10.9916
38.200000000000294	3.07309
38.300000000000296	6.01128
38.400000000000297	9.30465
38.500000000000298	5.21274
38.6000000000003	2.70229
38.700000000000301	3.69214
38.800000000000303	3.69214
38.900000000000304	2.9
39.000000000000306	2.59882
39.100000000000307	2.59882
39.200000000000308	2.59882
39.30000000000031	3.55301
39.400000000000311	7.02286
39.500000000000313	4.94127
39.600000000000314	6.05165
39.700000000000315	9.54369
39.800000000000317	6.24595
39.900000000000318	3.28108
40.00000000000032	5.94788
40.100000000000321	9.3721
40.200000000000323	5.43104
40.300000000000324	8.60006
40.400000000000325	6.39173
40.500000000000327	4.67869
40.600000000000328	7.37237
40.70000000000033	4.02039
40.800000000000331	2.98721
40.900000000000333	2.80966
41.000000000000334	5.34431
41.100000000000335	4.03044
41.200000000000337	5.34163
41.300000000000338	3.91855
41.40000000000034	7.20948
41.500000000000341	10.409
41.600000000000342	6.94921
41.700000000000344	10.4259
41.800000000000345	8.28272
41.900000000000347	5.7212
42.000000000000348	6.99541
42.10000000000035	5.35463
42.200000000000351	4.2227
42.300000000000352	7.77508
42.400000000000354	4.91651
42.500000000000355	7.25026
42.600000000000357	11.877
42.700000000000358	6.50751
42.80000000000036	10.1388
42.900000000000361	5.89377
43.000000000000362	10.163
43.100000000000364	13.6962
43.200000000000365	6.92092
43.300000000000367	7.7468
43.400000000000368	5.29925
43.500000000000369	7.51236
43.600000000000371	4.81366
43.700000000000372	5.59687
43.800000000000374	4.378
43.900000000000375	8.59367
44.000000000000377	5.29294
44.100000000000378	5.29294
44.200000000000379	5.29294
44.300000000000381	2
44.400000000000382	2
44.500000000000384	2
44.600000000000385	2
44.700000000000387	2.5
44.800000000000388	4.99753
44.900000000000389	3.67283
45.000000000000391	7.0824
45.100000000000392	5.06262
45.200000000000394	8.0059
45.300000000000395	11.596
45.400000000000396	3.20948
45.500000000000398	6.2438
45.600000000000399	9.97283
45.700000000000401	6.16122
45.800000000000402	5.03719
45.900000000000404	8.47942
46.000000000000405	12.1764
46.100000000000406	8.04956
46.200000000000408	12.5396
46.300000000000409	7.30401
46.400000000000411	7.30401
46.500000000000412	10.8511
46.600000000000414	5.78384
46.700000000000415	10.0003
46.800000000000416	6.25671
46.900000000000418	5.32315
47.000000000000419	3.83095
47.100000000000421	3.04759
47.200000000000422	5.99885
47.300000000000423	9.40425
47.400000000000425	5.93028
47.500000000000426	6.73026
47.600000000000428	4.04606
47.700000000000429	6.065
47.800000000000431	4.21655
47.900000000000432	7.23385
48.000000000000433	10.8043
48.100000000000435	7.58464
48.200000000000436	11.1316
48.300000000000438	14.7715
48.400000000000439	7.74992
48.500000000000441	10.3126
48.600000000000442	6.68223
48.700000000000443	8.05236
48.800000000000445	12.4611
48.900000000000446	6.23056
49.000000000000448	8.4336
49.100000000000449	11.8095
49.20000000000045	7.90184
49.300000000000452	7.90184
49.400000000000453	10.2323
49.500000000000455	6.99507
49.600000000000456	10.4564
49.700000000000458	6.4332
49.800000000000459	3.59787
49.90000000000046	1.93791
50.000000000000462	4.36394
50.100000000000463	8.46858
50.200000000000465	12.1689
50.300000000000466	7.15154
50.400000000000468	3.57577
50.500000000000469	3.57577
50.60000000000047	3.24483
50.700000000000472	3.30168
50.800000000000473	6.75539
50.900000000000475	5.02111
51.000000000000476	4.08681
51.100000000000477	3.48099
51.200000000000479	3.42086
51.30000000000048	6.18957
51.400000000000482	9.83759
51.500000000000483	13.4571
51.600000000000485	6.98445
51.700000000000486	9.43854
51.800000000000487	5.55088
51.900000000000489	8.07412
52.00000000000049	5.42488
52.100000000000492	9.05246
52.200000000000493	5.66065
52.300000000000495	8.62955
52.400000000000496	6.40153
52.500000000000497	10.9325
52.600000000000499	7.63003
52.7000000000005	5.32521
52.800000000000502	4.02418
52.900000000000503	6.37683
53.000000000000504	4.77155
53.100000000000506	6.56445
53.200000000000507	3.28222
53.300000000000509	5.9485
53.40000000000051	5.08726
53.500000000000512	8.50888
53.600000000000513	4.48949
53.700000000000514	4.48949
53.800000000000516	2.9
53.900000000000517	6.72885
54.000000000000519	10.2813
54.10000000000052	14.0005
54.200000000000522	7.34954
54.300000000000523	7.34954
54.400000000000524	3
54.500000000000526	2.83633
54.600000000000527	5.89937
54.700000000000529	8.19357
54.80000000000053	4.09679
54.900000000000531	6.57773
55.000000000000533	9.98435
55.100000000000534	13.5645
55.200000000000536	8.63537
55.300000000000537	4.96766
55.400000000000539	7.42192
55.50000000000054	4.15932
55.600000000000541	6.76728
55.700000000000543	4.58537
55.800000000000544	7.5853
55.900000000000546	11.2219
56.000000000000547	7.24893
56.100000000000549	11.0894
56.20000000000055	6.34646
56.300000000000551	4.10084
56.400000000000553	3.13247
56.500000